[2023-11-23T05:17:37.349+0000] {processor.py:156} INFO - Started process (PID=356755) to work on /home/mani-dev/airflow/dags/dag_sf_crimes_raw.py
[2023-11-23T05:17:37.351+0000] {processor.py:799} INFO - Processing file /home/mani-dev/airflow/dags/dag_sf_crimes_raw.py for tasks to queue
[2023-11-23T05:17:37.353+0000] {logging_mixin.py:149} INFO - [2023-11-23T05:17:37.352+0000] {dagbag.py:541} INFO - Filling up the DagBag from /home/mani-dev/airflow/dags/dag_sf_crimes_raw.py
[2023-11-23T05:17:37.431+0000] {logging_mixin.py:149} INFO - [2023-11-23T05:17:37.426+0000] {dagbag.py:350} ERROR - Failed to import: /home/mani-dev/airflow/dags/dag_sf_crimes_raw.py
Traceback (most recent call last):
  File "/usr/local/lib/python3.10/dist-packages/airflow/models/dagbag.py", line 346, in parse
    loader.exec_module(new_module)
  File "<frozen importlib._bootstrap_external>", line 883, in exec_module
  File "<frozen importlib._bootstrap>", line 241, in _call_with_frames_removed
  File "/home/mani-dev/airflow/dags/dag_sf_crimes_raw.py", line 39, in <module>
    op_args=[Variable.get("successor_dag_url")],  # Pass URL as a parameter
  File "/usr/local/lib/python3.10/dist-packages/airflow/models/variable.py", line 142, in get
    raise KeyError(f"Variable {key} does not exist")
KeyError: 'Variable successor_dag_url does not exist'
[2023-11-23T05:17:37.432+0000] {processor.py:811} WARNING - No viable dags retrieved from /home/mani-dev/airflow/dags/dag_sf_crimes_raw.py
[2023-11-23T05:17:37.461+0000] {processor.py:178} INFO - Processing /home/mani-dev/airflow/dags/dag_sf_crimes_raw.py took 0.118 seconds
[2023-11-23T05:18:07.751+0000] {processor.py:156} INFO - Started process (PID=356810) to work on /home/mani-dev/airflow/dags/dag_sf_crimes_raw.py
[2023-11-23T05:18:07.754+0000] {processor.py:799} INFO - Processing file /home/mani-dev/airflow/dags/dag_sf_crimes_raw.py for tasks to queue
[2023-11-23T05:18:07.756+0000] {logging_mixin.py:149} INFO - [2023-11-23T05:18:07.755+0000] {dagbag.py:541} INFO - Filling up the DagBag from /home/mani-dev/airflow/dags/dag_sf_crimes_raw.py
[2023-11-23T05:18:07.827+0000] {logging_mixin.py:149} INFO - [2023-11-23T05:18:07.825+0000] {dagbag.py:350} ERROR - Failed to import: /home/mani-dev/airflow/dags/dag_sf_crimes_raw.py
Traceback (most recent call last):
  File "/usr/local/lib/python3.10/dist-packages/airflow/models/dagbag.py", line 346, in parse
    loader.exec_module(new_module)
  File "<frozen importlib._bootstrap_external>", line 883, in exec_module
  File "<frozen importlib._bootstrap>", line 241, in _call_with_frames_removed
  File "/home/mani-dev/airflow/dags/dag_sf_crimes_raw.py", line 39, in <module>
    op_args=[Variable.get("successor_dag_url")],  # Pass URL as a parameter
  File "/usr/local/lib/python3.10/dist-packages/airflow/models/variable.py", line 142, in get
    raise KeyError(f"Variable {key} does not exist")
KeyError: 'Variable successor_dag_url does not exist'
[2023-11-23T05:18:07.829+0000] {processor.py:811} WARNING - No viable dags retrieved from /home/mani-dev/airflow/dags/dag_sf_crimes_raw.py
[2023-11-23T05:18:07.894+0000] {processor.py:178} INFO - Processing /home/mani-dev/airflow/dags/dag_sf_crimes_raw.py took 0.150 seconds
[2023-11-23T05:18:38.143+0000] {processor.py:156} INFO - Started process (PID=356837) to work on /home/mani-dev/airflow/dags/dag_sf_crimes_raw.py
[2023-11-23T05:18:38.172+0000] {processor.py:799} INFO - Processing file /home/mani-dev/airflow/dags/dag_sf_crimes_raw.py for tasks to queue
[2023-11-23T05:18:38.174+0000] {logging_mixin.py:149} INFO - [2023-11-23T05:18:38.173+0000] {dagbag.py:541} INFO - Filling up the DagBag from /home/mani-dev/airflow/dags/dag_sf_crimes_raw.py
[2023-11-23T05:18:38.251+0000] {logging_mixin.py:149} INFO - [2023-11-23T05:18:38.249+0000] {dagbag.py:350} ERROR - Failed to import: /home/mani-dev/airflow/dags/dag_sf_crimes_raw.py
Traceback (most recent call last):
  File "/usr/local/lib/python3.10/dist-packages/airflow/models/dagbag.py", line 346, in parse
    loader.exec_module(new_module)
  File "<frozen importlib._bootstrap_external>", line 883, in exec_module
  File "<frozen importlib._bootstrap>", line 241, in _call_with_frames_removed
  File "/home/mani-dev/airflow/dags/dag_sf_crimes_raw.py", line 39, in <module>
    op_args=[Variable.get("successor_dag_url")],  # Pass URL as a parameter
  File "/usr/local/lib/python3.10/dist-packages/airflow/models/variable.py", line 142, in get
    raise KeyError(f"Variable {key} does not exist")
KeyError: 'Variable successor_dag_url does not exist'
[2023-11-23T05:18:38.252+0000] {processor.py:811} WARNING - No viable dags retrieved from /home/mani-dev/airflow/dags/dag_sf_crimes_raw.py
[2023-11-23T05:18:38.320+0000] {processor.py:178} INFO - Processing /home/mani-dev/airflow/dags/dag_sf_crimes_raw.py took 0.183 seconds
[2023-11-23T05:19:08.547+0000] {processor.py:156} INFO - Started process (PID=356896) to work on /home/mani-dev/airflow/dags/dag_sf_crimes_raw.py
[2023-11-23T05:19:08.548+0000] {processor.py:799} INFO - Processing file /home/mani-dev/airflow/dags/dag_sf_crimes_raw.py for tasks to queue
[2023-11-23T05:19:08.550+0000] {logging_mixin.py:149} INFO - [2023-11-23T05:19:08.549+0000] {dagbag.py:541} INFO - Filling up the DagBag from /home/mani-dev/airflow/dags/dag_sf_crimes_raw.py
[2023-11-23T05:19:08.621+0000] {logging_mixin.py:149} INFO - [2023-11-23T05:19:08.619+0000] {dagbag.py:350} ERROR - Failed to import: /home/mani-dev/airflow/dags/dag_sf_crimes_raw.py
Traceback (most recent call last):
  File "/usr/local/lib/python3.10/dist-packages/airflow/models/dagbag.py", line 346, in parse
    loader.exec_module(new_module)
  File "<frozen importlib._bootstrap_external>", line 883, in exec_module
  File "<frozen importlib._bootstrap>", line 241, in _call_with_frames_removed
  File "/home/mani-dev/airflow/dags/dag_sf_crimes_raw.py", line 39, in <module>
    op_args=[Variable.get("successor_dag_url")],  # Pass URL as a parameter
  File "/usr/local/lib/python3.10/dist-packages/airflow/models/variable.py", line 142, in get
    raise KeyError(f"Variable {key} does not exist")
KeyError: 'Variable successor_dag_url does not exist'
[2023-11-23T05:19:08.622+0000] {processor.py:811} WARNING - No viable dags retrieved from /home/mani-dev/airflow/dags/dag_sf_crimes_raw.py
[2023-11-23T05:19:08.662+0000] {processor.py:178} INFO - Processing /home/mani-dev/airflow/dags/dag_sf_crimes_raw.py took 0.121 seconds
[2023-11-23T05:19:39.019+0000] {processor.py:156} INFO - Started process (PID=356937) to work on /home/mani-dev/airflow/dags/dag_sf_crimes_raw.py
[2023-11-23T05:19:39.054+0000] {processor.py:799} INFO - Processing file /home/mani-dev/airflow/dags/dag_sf_crimes_raw.py for tasks to queue
[2023-11-23T05:19:39.056+0000] {logging_mixin.py:149} INFO - [2023-11-23T05:19:39.055+0000] {dagbag.py:541} INFO - Filling up the DagBag from /home/mani-dev/airflow/dags/dag_sf_crimes_raw.py
[2023-11-23T05:19:39.129+0000] {logging_mixin.py:149} INFO - [2023-11-23T05:19:39.126+0000] {dagbag.py:350} ERROR - Failed to import: /home/mani-dev/airflow/dags/dag_sf_crimes_raw.py
Traceback (most recent call last):
  File "/usr/local/lib/python3.10/dist-packages/airflow/models/dagbag.py", line 346, in parse
    loader.exec_module(new_module)
  File "<frozen importlib._bootstrap_external>", line 883, in exec_module
  File "<frozen importlib._bootstrap>", line 241, in _call_with_frames_removed
  File "/home/mani-dev/airflow/dags/dag_sf_crimes_raw.py", line 39, in <module>
    op_args=[Variable.get("successor_dag_url")],  # Pass URL as a parameter
  File "/usr/local/lib/python3.10/dist-packages/airflow/models/variable.py", line 142, in get
    raise KeyError(f"Variable {key} does not exist")
KeyError: 'Variable successor_dag_url does not exist'
[2023-11-23T05:19:39.130+0000] {processor.py:811} WARNING - No viable dags retrieved from /home/mani-dev/airflow/dags/dag_sf_crimes_raw.py
[2023-11-23T05:19:39.211+0000] {processor.py:178} INFO - Processing /home/mani-dev/airflow/dags/dag_sf_crimes_raw.py took 0.197 seconds
[2023-11-23T05:21:59.979+0000] {processor.py:156} INFO - Started process (PID=357308) to work on /home/mani-dev/airflow/dags/dag_sf_crimes_raw.py
[2023-11-23T05:22:00.013+0000] {processor.py:799} INFO - Processing file /home/mani-dev/airflow/dags/dag_sf_crimes_raw.py for tasks to queue
[2023-11-23T05:22:00.015+0000] {logging_mixin.py:149} INFO - [2023-11-23T05:22:00.014+0000] {dagbag.py:541} INFO - Filling up the DagBag from /home/mani-dev/airflow/dags/dag_sf_crimes_raw.py
[2023-11-23T05:22:00.078+0000] {logging_mixin.py:149} INFO - [2023-11-23T05:22:00.076+0000] {dagbag.py:350} ERROR - Failed to import: /home/mani-dev/airflow/dags/dag_sf_crimes_raw.py
Traceback (most recent call last):
  File "/usr/local/lib/python3.10/dist-packages/airflow/models/dagbag.py", line 346, in parse
    loader.exec_module(new_module)
  File "<frozen importlib._bootstrap_external>", line 883, in exec_module
  File "<frozen importlib._bootstrap>", line 241, in _call_with_frames_removed
  File "/home/mani-dev/airflow/dags/dag_sf_crimes_raw.py", line 39, in <module>
    op_args=[Variable.get("successor_dag_url")],  # Pass URL as a parameter
  File "/usr/local/lib/python3.10/dist-packages/airflow/models/variable.py", line 142, in get
    raise KeyError(f"Variable {key} does not exist")
KeyError: 'Variable successor_dag_url does not exist'
[2023-11-23T05:22:00.079+0000] {processor.py:811} WARNING - No viable dags retrieved from /home/mani-dev/airflow/dags/dag_sf_crimes_raw.py
[2023-11-23T05:22:00.145+0000] {processor.py:178} INFO - Processing /home/mani-dev/airflow/dags/dag_sf_crimes_raw.py took 0.173 seconds
[2023-11-23T05:22:30.399+0000] {processor.py:156} INFO - Started process (PID=357381) to work on /home/mani-dev/airflow/dags/dag_sf_crimes_raw.py
[2023-11-23T05:22:30.401+0000] {processor.py:799} INFO - Processing file /home/mani-dev/airflow/dags/dag_sf_crimes_raw.py for tasks to queue
[2023-11-23T05:22:30.403+0000] {logging_mixin.py:149} INFO - [2023-11-23T05:22:30.403+0000] {dagbag.py:541} INFO - Filling up the DagBag from /home/mani-dev/airflow/dags/dag_sf_crimes_raw.py
[2023-11-23T05:22:30.477+0000] {logging_mixin.py:149} INFO - [2023-11-23T05:22:30.475+0000] {dagbag.py:350} ERROR - Failed to import: /home/mani-dev/airflow/dags/dag_sf_crimes_raw.py
Traceback (most recent call last):
  File "/usr/local/lib/python3.10/dist-packages/airflow/models/dagbag.py", line 346, in parse
    loader.exec_module(new_module)
  File "<frozen importlib._bootstrap_external>", line 883, in exec_module
  File "<frozen importlib._bootstrap>", line 241, in _call_with_frames_removed
  File "/home/mani-dev/airflow/dags/dag_sf_crimes_raw.py", line 39, in <module>
    op_args=[Variable.get("successor_dag_url")],  # Pass URL as a parameter
  File "/usr/local/lib/python3.10/dist-packages/airflow/models/variable.py", line 142, in get
    raise KeyError(f"Variable {key} does not exist")
KeyError: 'Variable successor_dag_url does not exist'
[2023-11-23T05:22:30.478+0000] {processor.py:811} WARNING - No viable dags retrieved from /home/mani-dev/airflow/dags/dag_sf_crimes_raw.py
[2023-11-23T05:22:30.519+0000] {processor.py:178} INFO - Processing /home/mani-dev/airflow/dags/dag_sf_crimes_raw.py took 0.127 seconds
[2023-11-23T05:23:00.846+0000] {processor.py:156} INFO - Started process (PID=357423) to work on /home/mani-dev/airflow/dags/dag_sf_crimes_raw.py
[2023-11-23T05:23:00.848+0000] {processor.py:799} INFO - Processing file /home/mani-dev/airflow/dags/dag_sf_crimes_raw.py for tasks to queue
[2023-11-23T05:23:00.852+0000] {logging_mixin.py:149} INFO - [2023-11-23T05:23:00.851+0000] {dagbag.py:541} INFO - Filling up the DagBag from /home/mani-dev/airflow/dags/dag_sf_crimes_raw.py
[2023-11-23T05:23:00.933+0000] {logging_mixin.py:149} INFO - [2023-11-23T05:23:00.931+0000] {dagbag.py:350} ERROR - Failed to import: /home/mani-dev/airflow/dags/dag_sf_crimes_raw.py
Traceback (most recent call last):
  File "/usr/local/lib/python3.10/dist-packages/airflow/models/dagbag.py", line 346, in parse
    loader.exec_module(new_module)
  File "<frozen importlib._bootstrap_external>", line 883, in exec_module
  File "<frozen importlib._bootstrap>", line 241, in _call_with_frames_removed
  File "/home/mani-dev/airflow/dags/dag_sf_crimes_raw.py", line 39, in <module>
    op_args=[Variable.get("successor_dag_url")],  # Pass URL as a parameter
  File "/usr/local/lib/python3.10/dist-packages/airflow/models/variable.py", line 142, in get
    raise KeyError(f"Variable {key} does not exist")
KeyError: 'Variable successor_dag_url does not exist'
[2023-11-23T05:23:00.935+0000] {processor.py:811} WARNING - No viable dags retrieved from /home/mani-dev/airflow/dags/dag_sf_crimes_raw.py
[2023-11-23T05:23:01.003+0000] {processor.py:178} INFO - Processing /home/mani-dev/airflow/dags/dag_sf_crimes_raw.py took 0.162 seconds
[2023-11-23T05:23:31.224+0000] {processor.py:156} INFO - Started process (PID=357475) to work on /home/mani-dev/airflow/dags/dag_sf_crimes_raw.py
[2023-11-23T05:23:31.234+0000] {processor.py:799} INFO - Processing file /home/mani-dev/airflow/dags/dag_sf_crimes_raw.py for tasks to queue
[2023-11-23T05:23:31.236+0000] {logging_mixin.py:149} INFO - [2023-11-23T05:23:31.236+0000] {dagbag.py:541} INFO - Filling up the DagBag from /home/mani-dev/airflow/dags/dag_sf_crimes_raw.py
[2023-11-23T05:23:31.317+0000] {logging_mixin.py:149} INFO - [2023-11-23T05:23:31.315+0000] {dagbag.py:350} ERROR - Failed to import: /home/mani-dev/airflow/dags/dag_sf_crimes_raw.py
Traceback (most recent call last):
  File "/usr/local/lib/python3.10/dist-packages/airflow/models/dagbag.py", line 346, in parse
    loader.exec_module(new_module)
  File "<frozen importlib._bootstrap_external>", line 883, in exec_module
  File "<frozen importlib._bootstrap>", line 241, in _call_with_frames_removed
  File "/home/mani-dev/airflow/dags/dag_sf_crimes_raw.py", line 39, in <module>
    op_args=[Variable.get("successor_dag_url")],  # Pass URL as a parameter
  File "/usr/local/lib/python3.10/dist-packages/airflow/models/variable.py", line 142, in get
    raise KeyError(f"Variable {key} does not exist")
KeyError: 'Variable successor_dag_url does not exist'
[2023-11-23T05:23:31.319+0000] {processor.py:811} WARNING - No viable dags retrieved from /home/mani-dev/airflow/dags/dag_sf_crimes_raw.py
[2023-11-23T05:23:31.350+0000] {processor.py:178} INFO - Processing /home/mani-dev/airflow/dags/dag_sf_crimes_raw.py took 0.133 seconds
[2023-11-23T05:24:01.718+0000] {processor.py:156} INFO - Started process (PID=357510) to work on /home/mani-dev/airflow/dags/dag_sf_crimes_raw.py
[2023-11-23T05:24:01.753+0000] {processor.py:799} INFO - Processing file /home/mani-dev/airflow/dags/dag_sf_crimes_raw.py for tasks to queue
[2023-11-23T05:24:01.755+0000] {logging_mixin.py:149} INFO - [2023-11-23T05:24:01.755+0000] {dagbag.py:541} INFO - Filling up the DagBag from /home/mani-dev/airflow/dags/dag_sf_crimes_raw.py
[2023-11-23T05:24:01.842+0000] {processor.py:809} INFO - DAG(s) dict_keys(['dag_sf_crimes']) retrieved from /home/mani-dev/airflow/dags/dag_sf_crimes_raw.py
[2023-11-23T05:24:02.409+0000] {logging_mixin.py:149} INFO - [2023-11-23T05:24:02.409+0000] {manager.py:504} INFO - Created Permission View: can edit on DAG:dag_sf_crimes
[2023-11-23T05:24:02.441+0000] {logging_mixin.py:149} INFO - [2023-11-23T05:24:02.440+0000] {manager.py:504} INFO - Created Permission View: can delete on DAG:dag_sf_crimes
[2023-11-23T05:24:02.467+0000] {logging_mixin.py:149} INFO - [2023-11-23T05:24:02.467+0000] {manager.py:504} INFO - Created Permission View: can read on DAG:dag_sf_crimes
[2023-11-23T05:24:02.468+0000] {logging_mixin.py:149} INFO - [2023-11-23T05:24:02.467+0000] {dag.py:2726} INFO - Sync 1 DAGs
[2023-11-23T05:24:02.503+0000] {logging_mixin.py:149} INFO - [2023-11-23T05:24:02.503+0000] {dag.py:2747} INFO - Creating ORM DAG for dag_sf_crimes
[2023-11-23T05:24:02.543+0000] {logging_mixin.py:149} INFO - [2023-11-23T05:24:02.543+0000] {dag.py:3486} INFO - Setting next_dagrun for dag_sf_crimes to 2023-01-01T05:00:00+00:00, run_after=2023-01-01T17:00:00+00:00
[2023-11-23T05:24:02.641+0000] {processor.py:178} INFO - Processing /home/mani-dev/airflow/dags/dag_sf_crimes_raw.py took 0.930 seconds
[2023-11-23T05:24:33.099+0000] {processor.py:156} INFO - Started process (PID=357804) to work on /home/mani-dev/airflow/dags/dag_sf_crimes_raw.py
[2023-11-23T05:24:33.110+0000] {processor.py:799} INFO - Processing file /home/mani-dev/airflow/dags/dag_sf_crimes_raw.py for tasks to queue
[2023-11-23T05:24:33.117+0000] {logging_mixin.py:149} INFO - [2023-11-23T05:24:33.116+0000] {dagbag.py:541} INFO - Filling up the DagBag from /home/mani-dev/airflow/dags/dag_sf_crimes_raw.py
[2023-11-23T05:24:33.348+0000] {processor.py:809} INFO - DAG(s) dict_keys(['dag_sf_crimes']) retrieved from /home/mani-dev/airflow/dags/dag_sf_crimes_raw.py
[2023-11-23T05:24:34.536+0000] {logging_mixin.py:149} INFO - [2023-11-23T05:24:34.535+0000] {dag.py:2726} INFO - Sync 1 DAGs
[2023-11-23T05:24:34.829+0000] {logging_mixin.py:149} INFO - [2023-11-23T05:24:34.828+0000] {dag.py:3486} INFO - Setting next_dagrun for dag_sf_crimes to 2023-01-07T17:00:00+00:00, run_after=2023-01-08T05:00:00+00:00
[2023-11-23T05:24:35.099+0000] {processor.py:178} INFO - Processing /home/mani-dev/airflow/dags/dag_sf_crimes_raw.py took 2.013 seconds
[2023-11-23T05:25:05.513+0000] {processor.py:156} INFO - Started process (PID=358157) to work on /home/mani-dev/airflow/dags/dag_sf_crimes_raw.py
[2023-11-23T05:25:05.515+0000] {processor.py:799} INFO - Processing file /home/mani-dev/airflow/dags/dag_sf_crimes_raw.py for tasks to queue
[2023-11-23T05:25:05.517+0000] {logging_mixin.py:149} INFO - [2023-11-23T05:25:05.517+0000] {dagbag.py:541} INFO - Filling up the DagBag from /home/mani-dev/airflow/dags/dag_sf_crimes_raw.py
[2023-11-23T05:25:05.610+0000] {processor.py:809} INFO - DAG(s) dict_keys(['dag_sf_crimes']) retrieved from /home/mani-dev/airflow/dags/dag_sf_crimes_raw.py
[2023-11-23T05:25:05.664+0000] {logging_mixin.py:149} INFO - [2023-11-23T05:25:05.663+0000] {dag.py:2726} INFO - Sync 1 DAGs
[2023-11-23T05:25:06.045+0000] {processor.py:178} INFO - Processing /home/mani-dev/airflow/dags/dag_sf_crimes_raw.py took 0.539 seconds
[2023-11-23T05:25:36.392+0000] {processor.py:156} INFO - Started process (PID=358184) to work on /home/mani-dev/airflow/dags/dag_sf_crimes_raw.py
[2023-11-23T05:25:36.394+0000] {processor.py:799} INFO - Processing file /home/mani-dev/airflow/dags/dag_sf_crimes_raw.py for tasks to queue
[2023-11-23T05:25:36.396+0000] {logging_mixin.py:149} INFO - [2023-11-23T05:25:36.395+0000] {dagbag.py:541} INFO - Filling up the DagBag from /home/mani-dev/airflow/dags/dag_sf_crimes_raw.py
[2023-11-23T05:25:36.490+0000] {processor.py:809} INFO - DAG(s) dict_keys(['dag_sf_crimes']) retrieved from /home/mani-dev/airflow/dags/dag_sf_crimes_raw.py
[2023-11-23T05:25:36.839+0000] {logging_mixin.py:149} INFO - [2023-11-23T05:25:36.839+0000] {dag.py:2726} INFO - Sync 1 DAGs
[2023-11-23T05:25:37.004+0000] {processor.py:178} INFO - Processing /home/mani-dev/airflow/dags/dag_sf_crimes_raw.py took 0.619 seconds
[2023-11-23T05:26:07.206+0000] {processor.py:156} INFO - Started process (PID=358258) to work on /home/mani-dev/airflow/dags/dag_sf_crimes_raw.py
[2023-11-23T05:26:07.250+0000] {processor.py:799} INFO - Processing file /home/mani-dev/airflow/dags/dag_sf_crimes_raw.py for tasks to queue
[2023-11-23T05:26:07.253+0000] {logging_mixin.py:149} INFO - [2023-11-23T05:26:07.253+0000] {dagbag.py:541} INFO - Filling up the DagBag from /home/mani-dev/airflow/dags/dag_sf_crimes_raw.py
[2023-11-23T05:26:07.349+0000] {processor.py:809} INFO - DAG(s) dict_keys(['dag_sf_crimes']) retrieved from /home/mani-dev/airflow/dags/dag_sf_crimes_raw.py
[2023-11-23T05:26:07.609+0000] {logging_mixin.py:149} INFO - [2023-11-23T05:26:07.608+0000] {dag.py:2726} INFO - Sync 1 DAGs
[2023-11-23T05:26:07.680+0000] {logging_mixin.py:149} INFO - [2023-11-23T05:26:07.680+0000] {dag.py:3486} INFO - Setting next_dagrun for dag_sf_crimes to 2023-01-08T17:00:00+00:00, run_after=2023-01-09T05:00:00+00:00
[2023-11-23T05:26:07.784+0000] {processor.py:178} INFO - Processing /home/mani-dev/airflow/dags/dag_sf_crimes_raw.py took 0.585 seconds
[2023-11-23T05:26:38.129+0000] {processor.py:156} INFO - Started process (PID=358423) to work on /home/mani-dev/airflow/dags/dag_sf_crimes_raw.py
[2023-11-23T05:26:38.154+0000] {processor.py:799} INFO - Processing file /home/mani-dev/airflow/dags/dag_sf_crimes_raw.py for tasks to queue
[2023-11-23T05:26:38.156+0000] {logging_mixin.py:149} INFO - [2023-11-23T05:26:38.156+0000] {dagbag.py:541} INFO - Filling up the DagBag from /home/mani-dev/airflow/dags/dag_sf_crimes_raw.py
[2023-11-23T05:26:38.451+0000] {processor.py:809} INFO - DAG(s) dict_keys(['dag_sf_crimes']) retrieved from /home/mani-dev/airflow/dags/dag_sf_crimes_raw.py
[2023-11-23T05:26:38.498+0000] {logging_mixin.py:149} INFO - [2023-11-23T05:26:38.498+0000] {dag.py:2726} INFO - Sync 1 DAGs
[2023-11-23T05:26:38.666+0000] {processor.py:178} INFO - Processing /home/mani-dev/airflow/dags/dag_sf_crimes_raw.py took 0.544 seconds
[2023-11-23T05:27:08.952+0000] {processor.py:156} INFO - Started process (PID=358612) to work on /home/mani-dev/airflow/dags/dag_sf_crimes_raw.py
[2023-11-23T05:27:08.955+0000] {processor.py:799} INFO - Processing file /home/mani-dev/airflow/dags/dag_sf_crimes_raw.py for tasks to queue
[2023-11-23T05:27:08.959+0000] {logging_mixin.py:149} INFO - [2023-11-23T05:27:08.958+0000] {dagbag.py:541} INFO - Filling up the DagBag from /home/mani-dev/airflow/dags/dag_sf_crimes_raw.py
[2023-11-23T05:27:09.047+0000] {processor.py:809} INFO - DAG(s) dict_keys(['dag_sf_crimes']) retrieved from /home/mani-dev/airflow/dags/dag_sf_crimes_raw.py
[2023-11-23T05:27:09.105+0000] {logging_mixin.py:149} INFO - [2023-11-23T05:27:09.105+0000] {dag.py:2726} INFO - Sync 1 DAGs
[2023-11-23T05:27:09.281+0000] {processor.py:178} INFO - Processing /home/mani-dev/airflow/dags/dag_sf_crimes_raw.py took 0.336 seconds
[2023-11-23T05:27:39.550+0000] {processor.py:156} INFO - Started process (PID=358817) to work on /home/mani-dev/airflow/dags/dag_sf_crimes_raw.py
[2023-11-23T05:27:39.585+0000] {processor.py:799} INFO - Processing file /home/mani-dev/airflow/dags/dag_sf_crimes_raw.py for tasks to queue
[2023-11-23T05:27:39.587+0000] {logging_mixin.py:149} INFO - [2023-11-23T05:27:39.587+0000] {dagbag.py:541} INFO - Filling up the DagBag from /home/mani-dev/airflow/dags/dag_sf_crimes_raw.py
[2023-11-23T05:27:39.671+0000] {processor.py:809} INFO - DAG(s) dict_keys(['dag_sf_crimes']) retrieved from /home/mani-dev/airflow/dags/dag_sf_crimes_raw.py
[2023-11-23T05:27:39.727+0000] {logging_mixin.py:149} INFO - [2023-11-23T05:27:39.726+0000] {dag.py:2726} INFO - Sync 1 DAGs
[2023-11-23T05:27:39.906+0000] {processor.py:178} INFO - Processing /home/mani-dev/airflow/dags/dag_sf_crimes_raw.py took 0.365 seconds
[2023-11-23T05:28:10.252+0000] {processor.py:156} INFO - Started process (PID=359010) to work on /home/mani-dev/airflow/dags/dag_sf_crimes_raw.py
[2023-11-23T05:28:10.290+0000] {processor.py:799} INFO - Processing file /home/mani-dev/airflow/dags/dag_sf_crimes_raw.py for tasks to queue
[2023-11-23T05:28:10.292+0000] {logging_mixin.py:149} INFO - [2023-11-23T05:28:10.292+0000] {dagbag.py:541} INFO - Filling up the DagBag from /home/mani-dev/airflow/dags/dag_sf_crimes_raw.py
[2023-11-23T05:28:10.384+0000] {processor.py:809} INFO - DAG(s) dict_keys(['dag_sf_crimes']) retrieved from /home/mani-dev/airflow/dags/dag_sf_crimes_raw.py
[2023-11-23T05:28:10.441+0000] {logging_mixin.py:149} INFO - [2023-11-23T05:28:10.441+0000] {dag.py:2726} INFO - Sync 1 DAGs
[2023-11-23T05:28:10.612+0000] {processor.py:178} INFO - Processing /home/mani-dev/airflow/dags/dag_sf_crimes_raw.py took 0.367 seconds
[2023-11-23T05:28:40.953+0000] {processor.py:156} INFO - Started process (PID=359169) to work on /home/mani-dev/airflow/dags/dag_sf_crimes_raw.py
[2023-11-23T05:28:40.954+0000] {processor.py:799} INFO - Processing file /home/mani-dev/airflow/dags/dag_sf_crimes_raw.py for tasks to queue
[2023-11-23T05:28:40.957+0000] {logging_mixin.py:149} INFO - [2023-11-23T05:28:40.956+0000] {dagbag.py:541} INFO - Filling up the DagBag from /home/mani-dev/airflow/dags/dag_sf_crimes_raw.py
[2023-11-23T05:28:41.050+0000] {processor.py:809} INFO - DAG(s) dict_keys(['dag_sf_crimes']) retrieved from /home/mani-dev/airflow/dags/dag_sf_crimes_raw.py
[2023-11-23T05:28:41.102+0000] {logging_mixin.py:149} INFO - [2023-11-23T05:28:41.102+0000] {dag.py:2726} INFO - Sync 1 DAGs
[2023-11-23T05:28:41.276+0000] {processor.py:178} INFO - Processing /home/mani-dev/airflow/dags/dag_sf_crimes_raw.py took 0.330 seconds
[2023-11-23T05:29:11.606+0000] {processor.py:156} INFO - Started process (PID=359361) to work on /home/mani-dev/airflow/dags/dag_sf_crimes_raw.py
[2023-11-23T05:29:11.643+0000] {processor.py:799} INFO - Processing file /home/mani-dev/airflow/dags/dag_sf_crimes_raw.py for tasks to queue
[2023-11-23T05:29:11.645+0000] {logging_mixin.py:149} INFO - [2023-11-23T05:29:11.644+0000] {dagbag.py:541} INFO - Filling up the DagBag from /home/mani-dev/airflow/dags/dag_sf_crimes_raw.py
[2023-11-23T05:29:11.735+0000] {processor.py:809} INFO - DAG(s) dict_keys(['dag_sf_crimes']) retrieved from /home/mani-dev/airflow/dags/dag_sf_crimes_raw.py
[2023-11-23T05:29:11.784+0000] {logging_mixin.py:149} INFO - [2023-11-23T05:29:11.783+0000] {dag.py:2726} INFO - Sync 1 DAGs
[2023-11-23T05:29:11.954+0000] {processor.py:178} INFO - Processing /home/mani-dev/airflow/dags/dag_sf_crimes_raw.py took 0.355 seconds
[2023-11-23T05:29:42.296+0000] {processor.py:156} INFO - Started process (PID=359701) to work on /home/mani-dev/airflow/dags/dag_sf_crimes_raw.py
[2023-11-23T05:29:42.297+0000] {processor.py:799} INFO - Processing file /home/mani-dev/airflow/dags/dag_sf_crimes_raw.py for tasks to queue
[2023-11-23T05:29:42.299+0000] {logging_mixin.py:149} INFO - [2023-11-23T05:29:42.299+0000] {dagbag.py:541} INFO - Filling up the DagBag from /home/mani-dev/airflow/dags/dag_sf_crimes_raw.py
[2023-11-23T05:29:42.407+0000] {processor.py:809} INFO - DAG(s) dict_keys(['dag_sf_crimes']) retrieved from /home/mani-dev/airflow/dags/dag_sf_crimes_raw.py
[2023-11-23T05:29:42.464+0000] {logging_mixin.py:149} INFO - [2023-11-23T05:29:42.463+0000] {dag.py:2726} INFO - Sync 1 DAGs
[2023-11-23T05:29:42.547+0000] {logging_mixin.py:149} INFO - [2023-11-23T05:29:42.547+0000] {dag.py:3486} INFO - Setting next_dagrun for dag_sf_crimes to 2023-01-22T17:00:00+00:00, run_after=2023-01-23T05:00:00+00:00
[2023-11-23T05:29:42.625+0000] {processor.py:178} INFO - Processing /home/mani-dev/airflow/dags/dag_sf_crimes_raw.py took 0.337 seconds
[2023-11-23T05:30:12.810+0000] {processor.py:156} INFO - Started process (PID=360549) to work on /home/mani-dev/airflow/dags/dag_sf_crimes_raw.py
[2023-11-23T05:30:12.822+0000] {processor.py:799} INFO - Processing file /home/mani-dev/airflow/dags/dag_sf_crimes_raw.py for tasks to queue
[2023-11-23T05:30:12.824+0000] {logging_mixin.py:149} INFO - [2023-11-23T05:30:12.824+0000] {dagbag.py:541} INFO - Filling up the DagBag from /home/mani-dev/airflow/dags/dag_sf_crimes_raw.py
[2023-11-23T05:30:13.032+0000] {processor.py:809} INFO - DAG(s) dict_keys(['dag_sf_crimes']) retrieved from /home/mani-dev/airflow/dags/dag_sf_crimes_raw.py
[2023-11-23T05:30:13.116+0000] {logging_mixin.py:149} INFO - [2023-11-23T05:30:13.115+0000] {dag.py:2726} INFO - Sync 1 DAGs
[2023-11-23T05:30:13.275+0000] {logging_mixin.py:149} INFO - [2023-11-23T05:30:13.275+0000] {dag.py:3486} INFO - Setting next_dagrun for dag_sf_crimes to 2023-02-03T05:00:00+00:00, run_after=2023-02-03T17:00:00+00:00
[2023-11-23T05:30:13.339+0000] {processor.py:178} INFO - Processing /home/mani-dev/airflow/dags/dag_sf_crimes_raw.py took 0.556 seconds
[2023-11-23T05:30:43.468+0000] {processor.py:156} INFO - Started process (PID=361327) to work on /home/mani-dev/airflow/dags/dag_sf_crimes_raw.py
[2023-11-23T05:30:43.490+0000] {processor.py:799} INFO - Processing file /home/mani-dev/airflow/dags/dag_sf_crimes_raw.py for tasks to queue
[2023-11-23T05:30:43.493+0000] {logging_mixin.py:149} INFO - [2023-11-23T05:30:43.492+0000] {dagbag.py:541} INFO - Filling up the DagBag from /home/mani-dev/airflow/dags/dag_sf_crimes_raw.py
[2023-11-23T05:30:43.799+0000] {processor.py:809} INFO - DAG(s) dict_keys(['dag_sf_crimes']) retrieved from /home/mani-dev/airflow/dags/dag_sf_crimes_raw.py
[2023-11-23T05:30:43.871+0000] {logging_mixin.py:149} INFO - [2023-11-23T05:30:43.871+0000] {dag.py:2726} INFO - Sync 1 DAGs
[2023-11-23T05:30:44.143+0000] {logging_mixin.py:149} INFO - [2023-11-23T05:30:44.142+0000] {dag.py:3486} INFO - Setting next_dagrun for dag_sf_crimes to 2023-02-13T17:00:00+00:00, run_after=2023-02-14T05:00:00+00:00
[2023-11-23T05:30:44.321+0000] {processor.py:178} INFO - Processing /home/mani-dev/airflow/dags/dag_sf_crimes_raw.py took 0.877 seconds
[2023-11-23T05:31:14.885+0000] {processor.py:156} INFO - Started process (PID=362150) to work on /home/mani-dev/airflow/dags/dag_sf_crimes_raw.py
[2023-11-23T05:31:14.890+0000] {processor.py:799} INFO - Processing file /home/mani-dev/airflow/dags/dag_sf_crimes_raw.py for tasks to queue
[2023-11-23T05:31:14.907+0000] {logging_mixin.py:149} INFO - [2023-11-23T05:31:14.906+0000] {dagbag.py:541} INFO - Filling up the DagBag from /home/mani-dev/airflow/dags/dag_sf_crimes_raw.py
[2023-11-23T05:31:15.190+0000] {processor.py:809} INFO - DAG(s) dict_keys(['dag_sf_crimes']) retrieved from /home/mani-dev/airflow/dags/dag_sf_crimes_raw.py
[2023-11-23T05:31:15.351+0000] {logging_mixin.py:149} INFO - [2023-11-23T05:31:15.350+0000] {dag.py:2726} INFO - Sync 1 DAGs
[2023-11-23T05:31:15.491+0000] {logging_mixin.py:149} INFO - [2023-11-23T05:31:15.491+0000] {dag.py:3486} INFO - Setting next_dagrun for dag_sf_crimes to 2023-02-24T17:00:00+00:00, run_after=2023-02-25T05:00:00+00:00
[2023-11-23T05:31:15.698+0000] {processor.py:178} INFO - Processing /home/mani-dev/airflow/dags/dag_sf_crimes_raw.py took 0.829 seconds
[2023-11-23T05:31:46.325+0000] {processor.py:156} INFO - Started process (PID=362967) to work on /home/mani-dev/airflow/dags/dag_sf_crimes_raw.py
[2023-11-23T05:31:46.327+0000] {processor.py:799} INFO - Processing file /home/mani-dev/airflow/dags/dag_sf_crimes_raw.py for tasks to queue
[2023-11-23T05:31:46.329+0000] {logging_mixin.py:149} INFO - [2023-11-23T05:31:46.328+0000] {dagbag.py:541} INFO - Filling up the DagBag from /home/mani-dev/airflow/dags/dag_sf_crimes_raw.py
[2023-11-23T05:31:46.549+0000] {processor.py:809} INFO - DAG(s) dict_keys(['dag_sf_crimes']) retrieved from /home/mani-dev/airflow/dags/dag_sf_crimes_raw.py
[2023-11-23T05:31:46.759+0000] {logging_mixin.py:149} INFO - [2023-11-23T05:31:46.755+0000] {dag.py:2726} INFO - Sync 1 DAGs
[2023-11-23T05:31:47.005+0000] {logging_mixin.py:149} INFO - [2023-11-23T05:31:47.004+0000] {dag.py:3486} INFO - Setting next_dagrun for dag_sf_crimes to 2023-03-09T05:00:00+00:00, run_after=2023-03-09T17:00:00+00:00
[2023-11-23T05:31:47.237+0000] {processor.py:178} INFO - Processing /home/mani-dev/airflow/dags/dag_sf_crimes_raw.py took 0.921 seconds
