[2023-10-28T07:57:21.652+0000] {processor.py:156} INFO - Started process (PID=1491506) to work on /usr/local/lib/python3.10/dist-packages/airflow/example_dags/example_time_delta_sensor_async.py
[2023-10-28T07:57:21.654+0000] {processor.py:799} INFO - Processing file /usr/local/lib/python3.10/dist-packages/airflow/example_dags/example_time_delta_sensor_async.py for tasks to queue
[2023-10-28T07:57:21.656+0000] {logging_mixin.py:149} INFO - [2023-10-28T07:57:21.655+0000] {dagbag.py:541} INFO - Filling up the DagBag from /usr/local/lib/python3.10/dist-packages/airflow/example_dags/example_time_delta_sensor_async.py
[2023-10-28T07:57:21.673+0000] {processor.py:809} INFO - DAG(s) dict_keys(['example_time_delta_sensor_async']) retrieved from /usr/local/lib/python3.10/dist-packages/airflow/example_dags/example_time_delta_sensor_async.py
[2023-10-28T07:57:22.191+0000] {logging_mixin.py:149} INFO - [2023-10-28T07:57:22.191+0000] {manager.py:504} INFO - Created Permission View: can read on DAG:example_time_delta_sensor_async
[2023-10-28T07:57:22.220+0000] {logging_mixin.py:149} INFO - [2023-10-28T07:57:22.220+0000] {manager.py:504} INFO - Created Permission View: can edit on DAG:example_time_delta_sensor_async
[2023-10-28T07:57:22.244+0000] {logging_mixin.py:149} INFO - [2023-10-28T07:57:22.243+0000] {manager.py:504} INFO - Created Permission View: can delete on DAG:example_time_delta_sensor_async
[2023-10-28T07:57:22.245+0000] {logging_mixin.py:149} INFO - [2023-10-28T07:57:22.244+0000] {dag.py:2726} INFO - Sync 1 DAGs
[2023-10-28T07:57:22.272+0000] {logging_mixin.py:149} INFO - [2023-10-28T07:57:22.272+0000] {dag.py:2747} INFO - Creating ORM DAG for example_time_delta_sensor_async
[2023-10-28T07:57:22.296+0000] {logging_mixin.py:149} INFO - [2023-10-28T07:57:22.295+0000] {dag.py:3486} INFO - Setting next_dagrun for example_time_delta_sensor_async to None, run_after=None
[2023-10-28T07:57:22.398+0000] {processor.py:178} INFO - Processing /usr/local/lib/python3.10/dist-packages/airflow/example_dags/example_time_delta_sensor_async.py took 0.753 seconds
[2023-10-28T07:58:34.351+0000] {processor.py:156} INFO - Started process (PID=1491969) to work on /usr/local/lib/python3.10/dist-packages/airflow/example_dags/example_time_delta_sensor_async.py
[2023-10-28T07:58:34.397+0000] {processor.py:799} INFO - Processing file /usr/local/lib/python3.10/dist-packages/airflow/example_dags/example_time_delta_sensor_async.py for tasks to queue
[2023-10-28T07:58:34.399+0000] {logging_mixin.py:149} INFO - [2023-10-28T07:58:34.398+0000] {dagbag.py:541} INFO - Filling up the DagBag from /usr/local/lib/python3.10/dist-packages/airflow/example_dags/example_time_delta_sensor_async.py
[2023-10-28T07:58:34.409+0000] {processor.py:809} INFO - DAG(s) dict_keys(['example_time_delta_sensor_async']) retrieved from /usr/local/lib/python3.10/dist-packages/airflow/example_dags/example_time_delta_sensor_async.py
[2023-10-28T07:58:34.667+0000] {logging_mixin.py:149} INFO - [2023-10-28T07:58:34.666+0000] {dag.py:2726} INFO - Sync 1 DAGs
[2023-10-28T07:58:34.717+0000] {logging_mixin.py:149} INFO - [2023-10-28T07:58:34.717+0000] {dag.py:3486} INFO - Setting next_dagrun for example_time_delta_sensor_async to None, run_after=None
[2023-10-28T07:58:34.823+0000] {processor.py:178} INFO - Processing /usr/local/lib/python3.10/dist-packages/airflow/example_dags/example_time_delta_sensor_async.py took 0.478 seconds
[2023-10-28T07:59:36.035+0000] {processor.py:156} INFO - Started process (PID=1492429) to work on /usr/local/lib/python3.10/dist-packages/airflow/example_dags/example_time_delta_sensor_async.py
[2023-10-28T07:59:36.077+0000] {processor.py:799} INFO - Processing file /usr/local/lib/python3.10/dist-packages/airflow/example_dags/example_time_delta_sensor_async.py for tasks to queue
[2023-10-28T07:59:36.079+0000] {logging_mixin.py:149} INFO - [2023-10-28T07:59:36.078+0000] {dagbag.py:541} INFO - Filling up the DagBag from /usr/local/lib/python3.10/dist-packages/airflow/example_dags/example_time_delta_sensor_async.py
[2023-10-28T07:59:36.090+0000] {processor.py:809} INFO - DAG(s) dict_keys(['example_time_delta_sensor_async']) retrieved from /usr/local/lib/python3.10/dist-packages/airflow/example_dags/example_time_delta_sensor_async.py
[2023-10-28T07:59:36.143+0000] {logging_mixin.py:149} INFO - [2023-10-28T07:59:36.143+0000] {dag.py:2726} INFO - Sync 1 DAGs
[2023-10-28T07:59:36.202+0000] {logging_mixin.py:149} INFO - [2023-10-28T07:59:36.201+0000] {dag.py:3486} INFO - Setting next_dagrun for example_time_delta_sensor_async to None, run_after=None
[2023-10-28T07:59:36.296+0000] {processor.py:178} INFO - Processing /usr/local/lib/python3.10/dist-packages/airflow/example_dags/example_time_delta_sensor_async.py took 0.269 seconds
[2023-10-28T08:15:21.952+0000] {processor.py:156} INFO - Started process (PID=1497727) to work on /usr/local/lib/python3.10/dist-packages/airflow/example_dags/example_time_delta_sensor_async.py
[2023-10-28T08:15:22.008+0000] {processor.py:799} INFO - Processing file /usr/local/lib/python3.10/dist-packages/airflow/example_dags/example_time_delta_sensor_async.py for tasks to queue
[2023-10-28T08:15:22.010+0000] {logging_mixin.py:149} INFO - [2023-10-28T08:15:22.010+0000] {dagbag.py:541} INFO - Filling up the DagBag from /usr/local/lib/python3.10/dist-packages/airflow/example_dags/example_time_delta_sensor_async.py
[2023-10-28T08:15:22.029+0000] {processor.py:809} INFO - DAG(s) dict_keys(['example_time_delta_sensor_async']) retrieved from /usr/local/lib/python3.10/dist-packages/airflow/example_dags/example_time_delta_sensor_async.py
[2023-10-28T08:15:22.631+0000] {logging_mixin.py:149} INFO - [2023-10-28T08:15:22.631+0000] {manager.py:504} INFO - Created Permission View: can read on DAG:example_time_delta_sensor_async
[2023-10-28T08:15:22.661+0000] {logging_mixin.py:149} INFO - [2023-10-28T08:15:22.660+0000] {manager.py:504} INFO - Created Permission View: can delete on DAG:example_time_delta_sensor_async
[2023-10-28T08:15:22.688+0000] {logging_mixin.py:149} INFO - [2023-10-28T08:15:22.687+0000] {manager.py:504} INFO - Created Permission View: can edit on DAG:example_time_delta_sensor_async
[2023-10-28T08:15:22.689+0000] {logging_mixin.py:149} INFO - [2023-10-28T08:15:22.688+0000] {dag.py:2726} INFO - Sync 1 DAGs
[2023-10-28T08:15:22.731+0000] {logging_mixin.py:149} INFO - [2023-10-28T08:15:22.730+0000] {dag.py:2747} INFO - Creating ORM DAG for example_time_delta_sensor_async
[2023-10-28T08:15:22.770+0000] {logging_mixin.py:149} INFO - [2023-10-28T08:15:22.769+0000] {dag.py:3486} INFO - Setting next_dagrun for example_time_delta_sensor_async to None, run_after=None
[2023-10-28T08:15:22.836+0000] {processor.py:178} INFO - Processing /usr/local/lib/python3.10/dist-packages/airflow/example_dags/example_time_delta_sensor_async.py took 0.892 seconds
[2023-10-28T08:15:53.220+0000] {processor.py:156} INFO - Started process (PID=1498610) to work on /usr/local/lib/python3.10/dist-packages/airflow/example_dags/example_time_delta_sensor_async.py
[2023-10-28T08:15:53.257+0000] {processor.py:799} INFO - Processing file /usr/local/lib/python3.10/dist-packages/airflow/example_dags/example_time_delta_sensor_async.py for tasks to queue
[2023-10-28T08:15:53.259+0000] {logging_mixin.py:149} INFO - [2023-10-28T08:15:53.258+0000] {dagbag.py:541} INFO - Filling up the DagBag from /usr/local/lib/python3.10/dist-packages/airflow/example_dags/example_time_delta_sensor_async.py
[2023-10-28T08:15:53.268+0000] {processor.py:809} INFO - DAG(s) dict_keys(['example_time_delta_sensor_async']) retrieved from /usr/local/lib/python3.10/dist-packages/airflow/example_dags/example_time_delta_sensor_async.py
[2023-10-28T08:15:53.345+0000] {logging_mixin.py:149} INFO - [2023-10-28T08:15:53.344+0000] {dag.py:2726} INFO - Sync 1 DAGs
[2023-10-28T08:15:53.417+0000] {logging_mixin.py:149} INFO - [2023-10-28T08:15:53.417+0000] {dag.py:3486} INFO - Setting next_dagrun for example_time_delta_sensor_async to None, run_after=None
[2023-10-28T08:15:53.519+0000] {processor.py:178} INFO - Processing /usr/local/lib/python3.10/dist-packages/airflow/example_dags/example_time_delta_sensor_async.py took 0.306 seconds
[2023-10-28T08:16:24.056+0000] {processor.py:156} INFO - Started process (PID=1499946) to work on /usr/local/lib/python3.10/dist-packages/airflow/example_dags/example_time_delta_sensor_async.py
[2023-10-28T08:16:24.081+0000] {processor.py:799} INFO - Processing file /usr/local/lib/python3.10/dist-packages/airflow/example_dags/example_time_delta_sensor_async.py for tasks to queue
[2023-10-28T08:16:24.083+0000] {logging_mixin.py:149} INFO - [2023-10-28T08:16:24.082+0000] {dagbag.py:541} INFO - Filling up the DagBag from /usr/local/lib/python3.10/dist-packages/airflow/example_dags/example_time_delta_sensor_async.py
[2023-10-28T08:16:24.093+0000] {processor.py:809} INFO - DAG(s) dict_keys(['example_time_delta_sensor_async']) retrieved from /usr/local/lib/python3.10/dist-packages/airflow/example_dags/example_time_delta_sensor_async.py
[2023-10-28T08:16:24.170+0000] {logging_mixin.py:149} INFO - [2023-10-28T08:16:24.169+0000] {dag.py:2726} INFO - Sync 1 DAGs
[2023-10-28T08:16:24.244+0000] {logging_mixin.py:149} INFO - [2023-10-28T08:16:24.243+0000] {dag.py:3486} INFO - Setting next_dagrun for example_time_delta_sensor_async to None, run_after=None
[2023-10-28T08:16:24.339+0000] {processor.py:178} INFO - Processing /usr/local/lib/python3.10/dist-packages/airflow/example_dags/example_time_delta_sensor_async.py took 0.291 seconds
[2023-10-28T08:16:55.098+0000] {processor.py:156} INFO - Started process (PID=1500579) to work on /usr/local/lib/python3.10/dist-packages/airflow/example_dags/example_time_delta_sensor_async.py
[2023-10-28T08:16:55.129+0000] {processor.py:799} INFO - Processing file /usr/local/lib/python3.10/dist-packages/airflow/example_dags/example_time_delta_sensor_async.py for tasks to queue
[2023-10-28T08:16:55.131+0000] {logging_mixin.py:149} INFO - [2023-10-28T08:16:55.131+0000] {dagbag.py:541} INFO - Filling up the DagBag from /usr/local/lib/python3.10/dist-packages/airflow/example_dags/example_time_delta_sensor_async.py
[2023-10-28T08:16:55.142+0000] {processor.py:809} INFO - DAG(s) dict_keys(['example_time_delta_sensor_async']) retrieved from /usr/local/lib/python3.10/dist-packages/airflow/example_dags/example_time_delta_sensor_async.py
[2023-10-28T08:16:55.225+0000] {logging_mixin.py:149} INFO - [2023-10-28T08:16:55.225+0000] {dag.py:2726} INFO - Sync 1 DAGs
[2023-10-28T08:16:55.299+0000] {logging_mixin.py:149} INFO - [2023-10-28T08:16:55.298+0000] {dag.py:3486} INFO - Setting next_dagrun for example_time_delta_sensor_async to None, run_after=None
[2023-10-28T08:16:55.405+0000] {processor.py:178} INFO - Processing /usr/local/lib/python3.10/dist-packages/airflow/example_dags/example_time_delta_sensor_async.py took 0.315 seconds
[2023-10-28T08:17:26.091+0000] {processor.py:156} INFO - Started process (PID=1501079) to work on /usr/local/lib/python3.10/dist-packages/airflow/example_dags/example_time_delta_sensor_async.py
[2023-10-28T08:17:26.128+0000] {processor.py:799} INFO - Processing file /usr/local/lib/python3.10/dist-packages/airflow/example_dags/example_time_delta_sensor_async.py for tasks to queue
[2023-10-28T08:17:26.130+0000] {logging_mixin.py:149} INFO - [2023-10-28T08:17:26.130+0000] {dagbag.py:541} INFO - Filling up the DagBag from /usr/local/lib/python3.10/dist-packages/airflow/example_dags/example_time_delta_sensor_async.py
[2023-10-28T08:17:26.141+0000] {processor.py:809} INFO - DAG(s) dict_keys(['example_time_delta_sensor_async']) retrieved from /usr/local/lib/python3.10/dist-packages/airflow/example_dags/example_time_delta_sensor_async.py
[2023-10-28T08:17:26.216+0000] {logging_mixin.py:149} INFO - [2023-10-28T08:17:26.215+0000] {dag.py:2726} INFO - Sync 1 DAGs
[2023-10-28T08:17:26.290+0000] {logging_mixin.py:149} INFO - [2023-10-28T08:17:26.289+0000] {dag.py:3486} INFO - Setting next_dagrun for example_time_delta_sensor_async to None, run_after=None
[2023-10-28T08:17:26.387+0000] {processor.py:178} INFO - Processing /usr/local/lib/python3.10/dist-packages/airflow/example_dags/example_time_delta_sensor_async.py took 0.303 seconds
[2023-10-28T08:17:56.467+0000] {processor.py:156} INFO - Started process (PID=1501436) to work on /usr/local/lib/python3.10/dist-packages/airflow/example_dags/example_time_delta_sensor_async.py
[2023-10-28T08:17:56.489+0000] {processor.py:799} INFO - Processing file /usr/local/lib/python3.10/dist-packages/airflow/example_dags/example_time_delta_sensor_async.py for tasks to queue
[2023-10-28T08:17:56.491+0000] {logging_mixin.py:149} INFO - [2023-10-28T08:17:56.491+0000] {dagbag.py:541} INFO - Filling up the DagBag from /usr/local/lib/python3.10/dist-packages/airflow/example_dags/example_time_delta_sensor_async.py
[2023-10-28T08:17:56.503+0000] {processor.py:809} INFO - DAG(s) dict_keys(['example_time_delta_sensor_async']) retrieved from /usr/local/lib/python3.10/dist-packages/airflow/example_dags/example_time_delta_sensor_async.py
[2023-10-28T08:17:56.580+0000] {logging_mixin.py:149} INFO - [2023-10-28T08:17:56.580+0000] {dag.py:2726} INFO - Sync 1 DAGs
[2023-10-28T08:17:56.652+0000] {logging_mixin.py:149} INFO - [2023-10-28T08:17:56.652+0000] {dag.py:3486} INFO - Setting next_dagrun for example_time_delta_sensor_async to None, run_after=None
[2023-10-28T08:17:56.768+0000] {processor.py:178} INFO - Processing /usr/local/lib/python3.10/dist-packages/airflow/example_dags/example_time_delta_sensor_async.py took 0.308 seconds
[2023-10-28T08:18:27.129+0000] {processor.py:156} INFO - Started process (PID=1501813) to work on /usr/local/lib/python3.10/dist-packages/airflow/example_dags/example_time_delta_sensor_async.py
[2023-10-28T08:18:27.148+0000] {processor.py:799} INFO - Processing file /usr/local/lib/python3.10/dist-packages/airflow/example_dags/example_time_delta_sensor_async.py for tasks to queue
[2023-10-28T08:18:27.150+0000] {logging_mixin.py:149} INFO - [2023-10-28T08:18:27.150+0000] {dagbag.py:541} INFO - Filling up the DagBag from /usr/local/lib/python3.10/dist-packages/airflow/example_dags/example_time_delta_sensor_async.py
[2023-10-28T08:18:27.161+0000] {processor.py:809} INFO - DAG(s) dict_keys(['example_time_delta_sensor_async']) retrieved from /usr/local/lib/python3.10/dist-packages/airflow/example_dags/example_time_delta_sensor_async.py
[2023-10-28T08:18:27.239+0000] {logging_mixin.py:149} INFO - [2023-10-28T08:18:27.238+0000] {dag.py:2726} INFO - Sync 1 DAGs
[2023-10-28T08:18:27.314+0000] {logging_mixin.py:149} INFO - [2023-10-28T08:18:27.313+0000] {dag.py:3486} INFO - Setting next_dagrun for example_time_delta_sensor_async to None, run_after=None
[2023-10-28T08:18:27.420+0000] {processor.py:178} INFO - Processing /usr/local/lib/python3.10/dist-packages/airflow/example_dags/example_time_delta_sensor_async.py took 0.299 seconds
[2023-10-28T08:18:57.577+0000] {processor.py:156} INFO - Started process (PID=1502168) to work on /usr/local/lib/python3.10/dist-packages/airflow/example_dags/example_time_delta_sensor_async.py
[2023-10-28T08:18:57.602+0000] {processor.py:799} INFO - Processing file /usr/local/lib/python3.10/dist-packages/airflow/example_dags/example_time_delta_sensor_async.py for tasks to queue
[2023-10-28T08:18:57.605+0000] {logging_mixin.py:149} INFO - [2023-10-28T08:18:57.604+0000] {dagbag.py:541} INFO - Filling up the DagBag from /usr/local/lib/python3.10/dist-packages/airflow/example_dags/example_time_delta_sensor_async.py
[2023-10-28T08:18:57.618+0000] {processor.py:809} INFO - DAG(s) dict_keys(['example_time_delta_sensor_async']) retrieved from /usr/local/lib/python3.10/dist-packages/airflow/example_dags/example_time_delta_sensor_async.py
[2023-10-28T08:18:57.696+0000] {logging_mixin.py:149} INFO - [2023-10-28T08:18:57.695+0000] {dag.py:2726} INFO - Sync 1 DAGs
[2023-10-28T08:18:57.768+0000] {logging_mixin.py:149} INFO - [2023-10-28T08:18:57.768+0000] {dag.py:3486} INFO - Setting next_dagrun for example_time_delta_sensor_async to None, run_after=None
[2023-10-28T08:18:57.872+0000] {processor.py:178} INFO - Processing /usr/local/lib/python3.10/dist-packages/airflow/example_dags/example_time_delta_sensor_async.py took 0.301 seconds
[2023-10-28T08:19:28.329+0000] {processor.py:156} INFO - Started process (PID=1502565) to work on /usr/local/lib/python3.10/dist-packages/airflow/example_dags/example_time_delta_sensor_async.py
[2023-10-28T08:19:28.364+0000] {processor.py:799} INFO - Processing file /usr/local/lib/python3.10/dist-packages/airflow/example_dags/example_time_delta_sensor_async.py for tasks to queue
[2023-10-28T08:19:28.367+0000] {logging_mixin.py:149} INFO - [2023-10-28T08:19:28.366+0000] {dagbag.py:541} INFO - Filling up the DagBag from /usr/local/lib/python3.10/dist-packages/airflow/example_dags/example_time_delta_sensor_async.py
[2023-10-28T08:19:28.378+0000] {processor.py:809} INFO - DAG(s) dict_keys(['example_time_delta_sensor_async']) retrieved from /usr/local/lib/python3.10/dist-packages/airflow/example_dags/example_time_delta_sensor_async.py
[2023-10-28T08:19:28.469+0000] {logging_mixin.py:149} INFO - [2023-10-28T08:19:28.468+0000] {dag.py:2726} INFO - Sync 1 DAGs
[2023-10-28T08:19:28.547+0000] {logging_mixin.py:149} INFO - [2023-10-28T08:19:28.546+0000] {dag.py:3486} INFO - Setting next_dagrun for example_time_delta_sensor_async to None, run_after=None
[2023-10-28T08:19:28.681+0000] {processor.py:178} INFO - Processing /usr/local/lib/python3.10/dist-packages/airflow/example_dags/example_time_delta_sensor_async.py took 0.360 seconds
[2023-10-28T08:19:59.434+0000] {processor.py:156} INFO - Started process (PID=1502921) to work on /usr/local/lib/python3.10/dist-packages/airflow/example_dags/example_time_delta_sensor_async.py
[2023-10-28T08:19:59.473+0000] {processor.py:799} INFO - Processing file /usr/local/lib/python3.10/dist-packages/airflow/example_dags/example_time_delta_sensor_async.py for tasks to queue
[2023-10-28T08:19:59.476+0000] {logging_mixin.py:149} INFO - [2023-10-28T08:19:59.475+0000] {dagbag.py:541} INFO - Filling up the DagBag from /usr/local/lib/python3.10/dist-packages/airflow/example_dags/example_time_delta_sensor_async.py
[2023-10-28T08:19:59.487+0000] {processor.py:809} INFO - DAG(s) dict_keys(['example_time_delta_sensor_async']) retrieved from /usr/local/lib/python3.10/dist-packages/airflow/example_dags/example_time_delta_sensor_async.py
[2023-10-28T08:19:59.573+0000] {logging_mixin.py:149} INFO - [2023-10-28T08:19:59.572+0000] {dag.py:2726} INFO - Sync 1 DAGs
[2023-10-28T08:19:59.648+0000] {logging_mixin.py:149} INFO - [2023-10-28T08:19:59.647+0000] {dag.py:3486} INFO - Setting next_dagrun for example_time_delta_sensor_async to None, run_after=None
[2023-10-28T08:19:59.748+0000] {processor.py:178} INFO - Processing /usr/local/lib/python3.10/dist-packages/airflow/example_dags/example_time_delta_sensor_async.py took 0.322 seconds
[2023-10-28T08:20:29.944+0000] {processor.py:156} INFO - Started process (PID=1503436) to work on /usr/local/lib/python3.10/dist-packages/airflow/example_dags/example_time_delta_sensor_async.py
[2023-10-28T08:20:29.980+0000] {processor.py:799} INFO - Processing file /usr/local/lib/python3.10/dist-packages/airflow/example_dags/example_time_delta_sensor_async.py for tasks to queue
[2023-10-28T08:20:29.982+0000] {logging_mixin.py:149} INFO - [2023-10-28T08:20:29.981+0000] {dagbag.py:541} INFO - Filling up the DagBag from /usr/local/lib/python3.10/dist-packages/airflow/example_dags/example_time_delta_sensor_async.py
[2023-10-28T08:20:29.994+0000] {processor.py:809} INFO - DAG(s) dict_keys(['example_time_delta_sensor_async']) retrieved from /usr/local/lib/python3.10/dist-packages/airflow/example_dags/example_time_delta_sensor_async.py
[2023-10-28T08:20:30.076+0000] {logging_mixin.py:149} INFO - [2023-10-28T08:20:30.075+0000] {dag.py:2726} INFO - Sync 1 DAGs
[2023-10-28T08:20:30.158+0000] {logging_mixin.py:149} INFO - [2023-10-28T08:20:30.157+0000] {dag.py:3486} INFO - Setting next_dagrun for example_time_delta_sensor_async to None, run_after=None
[2023-10-28T08:20:30.263+0000] {processor.py:178} INFO - Processing /usr/local/lib/python3.10/dist-packages/airflow/example_dags/example_time_delta_sensor_async.py took 0.326 seconds
[2023-10-28T08:21:00.320+0000] {processor.py:156} INFO - Started process (PID=1503827) to work on /usr/local/lib/python3.10/dist-packages/airflow/example_dags/example_time_delta_sensor_async.py
[2023-10-28T08:21:00.364+0000] {processor.py:799} INFO - Processing file /usr/local/lib/python3.10/dist-packages/airflow/example_dags/example_time_delta_sensor_async.py for tasks to queue
[2023-10-28T08:21:00.366+0000] {logging_mixin.py:149} INFO - [2023-10-28T08:21:00.366+0000] {dagbag.py:541} INFO - Filling up the DagBag from /usr/local/lib/python3.10/dist-packages/airflow/example_dags/example_time_delta_sensor_async.py
[2023-10-28T08:21:00.378+0000] {processor.py:809} INFO - DAG(s) dict_keys(['example_time_delta_sensor_async']) retrieved from /usr/local/lib/python3.10/dist-packages/airflow/example_dags/example_time_delta_sensor_async.py
[2023-10-28T08:21:00.457+0000] {logging_mixin.py:149} INFO - [2023-10-28T08:21:00.457+0000] {dag.py:2726} INFO - Sync 1 DAGs
[2023-10-28T08:21:00.530+0000] {logging_mixin.py:149} INFO - [2023-10-28T08:21:00.529+0000] {dag.py:3486} INFO - Setting next_dagrun for example_time_delta_sensor_async to None, run_after=None
[2023-10-28T08:21:00.631+0000] {processor.py:178} INFO - Processing /usr/local/lib/python3.10/dist-packages/airflow/example_dags/example_time_delta_sensor_async.py took 0.317 seconds
[2023-10-28T08:21:30.716+0000] {processor.py:156} INFO - Started process (PID=1504462) to work on /usr/local/lib/python3.10/dist-packages/airflow/example_dags/example_time_delta_sensor_async.py
[2023-10-28T08:21:30.718+0000] {processor.py:799} INFO - Processing file /usr/local/lib/python3.10/dist-packages/airflow/example_dags/example_time_delta_sensor_async.py for tasks to queue
[2023-10-28T08:21:30.720+0000] {logging_mixin.py:149} INFO - [2023-10-28T08:21:30.719+0000] {dagbag.py:541} INFO - Filling up the DagBag from /usr/local/lib/python3.10/dist-packages/airflow/example_dags/example_time_delta_sensor_async.py
[2023-10-28T08:21:30.731+0000] {processor.py:809} INFO - DAG(s) dict_keys(['example_time_delta_sensor_async']) retrieved from /usr/local/lib/python3.10/dist-packages/airflow/example_dags/example_time_delta_sensor_async.py
[2023-10-28T08:21:30.812+0000] {logging_mixin.py:149} INFO - [2023-10-28T08:21:30.811+0000] {dag.py:2726} INFO - Sync 1 DAGs
[2023-10-28T08:21:30.888+0000] {logging_mixin.py:149} INFO - [2023-10-28T08:21:30.888+0000] {dag.py:3486} INFO - Setting next_dagrun for example_time_delta_sensor_async to None, run_after=None
[2023-10-28T08:21:30.958+0000] {processor.py:178} INFO - Processing /usr/local/lib/python3.10/dist-packages/airflow/example_dags/example_time_delta_sensor_async.py took 0.249 seconds
[2023-10-28T08:22:01.909+0000] {processor.py:156} INFO - Started process (PID=1505312) to work on /usr/local/lib/python3.10/dist-packages/airflow/example_dags/example_time_delta_sensor_async.py
[2023-10-28T08:22:01.964+0000] {processor.py:799} INFO - Processing file /usr/local/lib/python3.10/dist-packages/airflow/example_dags/example_time_delta_sensor_async.py for tasks to queue
[2023-10-28T08:22:01.966+0000] {logging_mixin.py:149} INFO - [2023-10-28T08:22:01.965+0000] {dagbag.py:541} INFO - Filling up the DagBag from /usr/local/lib/python3.10/dist-packages/airflow/example_dags/example_time_delta_sensor_async.py
[2023-10-28T08:22:01.977+0000] {processor.py:809} INFO - DAG(s) dict_keys(['example_time_delta_sensor_async']) retrieved from /usr/local/lib/python3.10/dist-packages/airflow/example_dags/example_time_delta_sensor_async.py
[2023-10-28T08:22:02.061+0000] {logging_mixin.py:149} INFO - [2023-10-28T08:22:02.060+0000] {dag.py:2726} INFO - Sync 1 DAGs
[2023-10-28T08:22:02.138+0000] {logging_mixin.py:149} INFO - [2023-10-28T08:22:02.138+0000] {dag.py:3486} INFO - Setting next_dagrun for example_time_delta_sensor_async to None, run_after=None
[2023-10-28T08:22:02.202+0000] {processor.py:178} INFO - Processing /usr/local/lib/python3.10/dist-packages/airflow/example_dags/example_time_delta_sensor_async.py took 0.299 seconds
[2023-10-28T08:22:32.387+0000] {processor.py:156} INFO - Started process (PID=1505799) to work on /usr/local/lib/python3.10/dist-packages/airflow/example_dags/example_time_delta_sensor_async.py
[2023-10-28T08:22:32.432+0000] {processor.py:799} INFO - Processing file /usr/local/lib/python3.10/dist-packages/airflow/example_dags/example_time_delta_sensor_async.py for tasks to queue
[2023-10-28T08:22:32.434+0000] {logging_mixin.py:149} INFO - [2023-10-28T08:22:32.433+0000] {dagbag.py:541} INFO - Filling up the DagBag from /usr/local/lib/python3.10/dist-packages/airflow/example_dags/example_time_delta_sensor_async.py
[2023-10-28T08:22:32.445+0000] {processor.py:809} INFO - DAG(s) dict_keys(['example_time_delta_sensor_async']) retrieved from /usr/local/lib/python3.10/dist-packages/airflow/example_dags/example_time_delta_sensor_async.py
[2023-10-28T08:22:32.527+0000] {logging_mixin.py:149} INFO - [2023-10-28T08:22:32.526+0000] {dag.py:2726} INFO - Sync 1 DAGs
[2023-10-28T08:22:32.604+0000] {logging_mixin.py:149} INFO - [2023-10-28T08:22:32.603+0000] {dag.py:3486} INFO - Setting next_dagrun for example_time_delta_sensor_async to None, run_after=None
[2023-10-28T08:22:32.710+0000] {processor.py:178} INFO - Processing /usr/local/lib/python3.10/dist-packages/airflow/example_dags/example_time_delta_sensor_async.py took 0.330 seconds
[2023-10-28T08:23:02.800+0000] {processor.py:156} INFO - Started process (PID=1506304) to work on /usr/local/lib/python3.10/dist-packages/airflow/example_dags/example_time_delta_sensor_async.py
[2023-10-28T08:23:02.835+0000] {processor.py:799} INFO - Processing file /usr/local/lib/python3.10/dist-packages/airflow/example_dags/example_time_delta_sensor_async.py for tasks to queue
[2023-10-28T08:23:02.838+0000] {logging_mixin.py:149} INFO - [2023-10-28T08:23:02.837+0000] {dagbag.py:541} INFO - Filling up the DagBag from /usr/local/lib/python3.10/dist-packages/airflow/example_dags/example_time_delta_sensor_async.py
[2023-10-28T08:23:02.851+0000] {processor.py:809} INFO - DAG(s) dict_keys(['example_time_delta_sensor_async']) retrieved from /usr/local/lib/python3.10/dist-packages/airflow/example_dags/example_time_delta_sensor_async.py
[2023-10-28T08:23:02.940+0000] {logging_mixin.py:149} INFO - [2023-10-28T08:23:02.939+0000] {dag.py:2726} INFO - Sync 1 DAGs
[2023-10-28T08:23:03.024+0000] {logging_mixin.py:149} INFO - [2023-10-28T08:23:03.024+0000] {dag.py:3486} INFO - Setting next_dagrun for example_time_delta_sensor_async to None, run_after=None
[2023-10-28T08:23:03.123+0000] {processor.py:178} INFO - Processing /usr/local/lib/python3.10/dist-packages/airflow/example_dags/example_time_delta_sensor_async.py took 0.331 seconds
[2023-10-28T08:23:33.186+0000] {processor.py:156} INFO - Started process (PID=1506791) to work on /usr/local/lib/python3.10/dist-packages/airflow/example_dags/example_time_delta_sensor_async.py
[2023-10-28T08:23:33.188+0000] {processor.py:799} INFO - Processing file /usr/local/lib/python3.10/dist-packages/airflow/example_dags/example_time_delta_sensor_async.py for tasks to queue
[2023-10-28T08:23:33.190+0000] {logging_mixin.py:149} INFO - [2023-10-28T08:23:33.189+0000] {dagbag.py:541} INFO - Filling up the DagBag from /usr/local/lib/python3.10/dist-packages/airflow/example_dags/example_time_delta_sensor_async.py
[2023-10-28T08:23:33.201+0000] {processor.py:809} INFO - DAG(s) dict_keys(['example_time_delta_sensor_async']) retrieved from /usr/local/lib/python3.10/dist-packages/airflow/example_dags/example_time_delta_sensor_async.py
[2023-10-28T08:23:33.281+0000] {logging_mixin.py:149} INFO - [2023-10-28T08:23:33.281+0000] {dag.py:2726} INFO - Sync 1 DAGs
[2023-10-28T08:23:33.357+0000] {logging_mixin.py:149} INFO - [2023-10-28T08:23:33.357+0000] {dag.py:3486} INFO - Setting next_dagrun for example_time_delta_sensor_async to None, run_after=None
[2023-10-28T08:23:33.462+0000] {processor.py:178} INFO - Processing /usr/local/lib/python3.10/dist-packages/airflow/example_dags/example_time_delta_sensor_async.py took 0.283 seconds
[2023-10-28T08:24:04.155+0000] {processor.py:156} INFO - Started process (PID=1507348) to work on /usr/local/lib/python3.10/dist-packages/airflow/example_dags/example_time_delta_sensor_async.py
[2023-10-28T08:24:04.182+0000] {processor.py:799} INFO - Processing file /usr/local/lib/python3.10/dist-packages/airflow/example_dags/example_time_delta_sensor_async.py for tasks to queue
[2023-10-28T08:24:04.184+0000] {logging_mixin.py:149} INFO - [2023-10-28T08:24:04.183+0000] {dagbag.py:541} INFO - Filling up the DagBag from /usr/local/lib/python3.10/dist-packages/airflow/example_dags/example_time_delta_sensor_async.py
[2023-10-28T08:24:04.194+0000] {processor.py:809} INFO - DAG(s) dict_keys(['example_time_delta_sensor_async']) retrieved from /usr/local/lib/python3.10/dist-packages/airflow/example_dags/example_time_delta_sensor_async.py
[2023-10-28T08:24:04.275+0000] {logging_mixin.py:149} INFO - [2023-10-28T08:24:04.274+0000] {dag.py:2726} INFO - Sync 1 DAGs
[2023-10-28T08:24:04.349+0000] {logging_mixin.py:149} INFO - [2023-10-28T08:24:04.349+0000] {dag.py:3486} INFO - Setting next_dagrun for example_time_delta_sensor_async to None, run_after=None
[2023-10-28T08:24:04.449+0000] {processor.py:178} INFO - Processing /usr/local/lib/python3.10/dist-packages/airflow/example_dags/example_time_delta_sensor_async.py took 0.301 seconds
[2023-10-28T08:24:35.082+0000] {processor.py:156} INFO - Started process (PID=1507947) to work on /usr/local/lib/python3.10/dist-packages/airflow/example_dags/example_time_delta_sensor_async.py
[2023-10-28T08:24:35.118+0000] {processor.py:799} INFO - Processing file /usr/local/lib/python3.10/dist-packages/airflow/example_dags/example_time_delta_sensor_async.py for tasks to queue
[2023-10-28T08:24:35.120+0000] {logging_mixin.py:149} INFO - [2023-10-28T08:24:35.120+0000] {dagbag.py:541} INFO - Filling up the DagBag from /usr/local/lib/python3.10/dist-packages/airflow/example_dags/example_time_delta_sensor_async.py
[2023-10-28T08:24:35.133+0000] {processor.py:809} INFO - DAG(s) dict_keys(['example_time_delta_sensor_async']) retrieved from /usr/local/lib/python3.10/dist-packages/airflow/example_dags/example_time_delta_sensor_async.py
[2023-10-28T08:24:35.214+0000] {logging_mixin.py:149} INFO - [2023-10-28T08:24:35.213+0000] {dag.py:2726} INFO - Sync 1 DAGs
[2023-10-28T08:24:35.293+0000] {logging_mixin.py:149} INFO - [2023-10-28T08:24:35.293+0000] {dag.py:3486} INFO - Setting next_dagrun for example_time_delta_sensor_async to None, run_after=None
[2023-10-28T08:24:35.397+0000] {processor.py:178} INFO - Processing /usr/local/lib/python3.10/dist-packages/airflow/example_dags/example_time_delta_sensor_async.py took 0.323 seconds
[2023-10-28T08:25:05.629+0000] {processor.py:156} INFO - Started process (PID=1508401) to work on /usr/local/lib/python3.10/dist-packages/airflow/example_dags/example_time_delta_sensor_async.py
[2023-10-28T08:25:05.633+0000] {processor.py:799} INFO - Processing file /usr/local/lib/python3.10/dist-packages/airflow/example_dags/example_time_delta_sensor_async.py for tasks to queue
[2023-10-28T08:25:05.635+0000] {logging_mixin.py:149} INFO - [2023-10-28T08:25:05.635+0000] {dagbag.py:541} INFO - Filling up the DagBag from /usr/local/lib/python3.10/dist-packages/airflow/example_dags/example_time_delta_sensor_async.py
[2023-10-28T08:25:05.646+0000] {processor.py:809} INFO - DAG(s) dict_keys(['example_time_delta_sensor_async']) retrieved from /usr/local/lib/python3.10/dist-packages/airflow/example_dags/example_time_delta_sensor_async.py
[2023-10-28T08:25:05.727+0000] {logging_mixin.py:149} INFO - [2023-10-28T08:25:05.727+0000] {dag.py:2726} INFO - Sync 1 DAGs
[2023-10-28T08:25:05.801+0000] {logging_mixin.py:149} INFO - [2023-10-28T08:25:05.800+0000] {dag.py:3486} INFO - Setting next_dagrun for example_time_delta_sensor_async to None, run_after=None
[2023-10-28T08:25:05.868+0000] {processor.py:178} INFO - Processing /usr/local/lib/python3.10/dist-packages/airflow/example_dags/example_time_delta_sensor_async.py took 0.245 seconds
[2023-10-28T08:25:36.239+0000] {processor.py:156} INFO - Started process (PID=1509200) to work on /usr/local/lib/python3.10/dist-packages/airflow/example_dags/example_time_delta_sensor_async.py
[2023-10-28T08:25:36.286+0000] {processor.py:799} INFO - Processing file /usr/local/lib/python3.10/dist-packages/airflow/example_dags/example_time_delta_sensor_async.py for tasks to queue
[2023-10-28T08:25:36.289+0000] {logging_mixin.py:149} INFO - [2023-10-28T08:25:36.288+0000] {dagbag.py:541} INFO - Filling up the DagBag from /usr/local/lib/python3.10/dist-packages/airflow/example_dags/example_time_delta_sensor_async.py
[2023-10-28T08:25:36.300+0000] {processor.py:809} INFO - DAG(s) dict_keys(['example_time_delta_sensor_async']) retrieved from /usr/local/lib/python3.10/dist-packages/airflow/example_dags/example_time_delta_sensor_async.py
[2023-10-28T08:25:36.388+0000] {logging_mixin.py:149} INFO - [2023-10-28T08:25:36.388+0000] {dag.py:2726} INFO - Sync 1 DAGs
[2023-10-28T08:25:36.466+0000] {logging_mixin.py:149} INFO - [2023-10-28T08:25:36.465+0000] {dag.py:3486} INFO - Setting next_dagrun for example_time_delta_sensor_async to None, run_after=None
[2023-10-28T08:25:36.565+0000] {processor.py:178} INFO - Processing /usr/local/lib/python3.10/dist-packages/airflow/example_dags/example_time_delta_sensor_async.py took 0.334 seconds
[2023-10-28T08:26:06.683+0000] {processor.py:156} INFO - Started process (PID=1509582) to work on /usr/local/lib/python3.10/dist-packages/airflow/example_dags/example_time_delta_sensor_async.py
[2023-10-28T08:26:06.726+0000] {processor.py:799} INFO - Processing file /usr/local/lib/python3.10/dist-packages/airflow/example_dags/example_time_delta_sensor_async.py for tasks to queue
[2023-10-28T08:26:06.728+0000] {logging_mixin.py:149} INFO - [2023-10-28T08:26:06.727+0000] {dagbag.py:541} INFO - Filling up the DagBag from /usr/local/lib/python3.10/dist-packages/airflow/example_dags/example_time_delta_sensor_async.py
[2023-10-28T08:26:06.738+0000] {processor.py:809} INFO - DAG(s) dict_keys(['example_time_delta_sensor_async']) retrieved from /usr/local/lib/python3.10/dist-packages/airflow/example_dags/example_time_delta_sensor_async.py
[2023-10-28T08:26:06.817+0000] {logging_mixin.py:149} INFO - [2023-10-28T08:26:06.817+0000] {dag.py:2726} INFO - Sync 1 DAGs
[2023-10-28T08:26:06.890+0000] {logging_mixin.py:149} INFO - [2023-10-28T08:26:06.889+0000] {dag.py:3486} INFO - Setting next_dagrun for example_time_delta_sensor_async to None, run_after=None
[2023-10-28T08:26:06.989+0000] {processor.py:178} INFO - Processing /usr/local/lib/python3.10/dist-packages/airflow/example_dags/example_time_delta_sensor_async.py took 0.314 seconds
[2023-10-28T08:26:37.344+0000] {processor.py:156} INFO - Started process (PID=1509937) to work on /usr/local/lib/python3.10/dist-packages/airflow/example_dags/example_time_delta_sensor_async.py
[2023-10-28T08:26:37.365+0000] {processor.py:799} INFO - Processing file /usr/local/lib/python3.10/dist-packages/airflow/example_dags/example_time_delta_sensor_async.py for tasks to queue
[2023-10-28T08:26:37.366+0000] {logging_mixin.py:149} INFO - [2023-10-28T08:26:37.366+0000] {dagbag.py:541} INFO - Filling up the DagBag from /usr/local/lib/python3.10/dist-packages/airflow/example_dags/example_time_delta_sensor_async.py
[2023-10-28T08:26:37.377+0000] {processor.py:809} INFO - DAG(s) dict_keys(['example_time_delta_sensor_async']) retrieved from /usr/local/lib/python3.10/dist-packages/airflow/example_dags/example_time_delta_sensor_async.py
[2023-10-28T08:26:37.459+0000] {logging_mixin.py:149} INFO - [2023-10-28T08:26:37.458+0000] {dag.py:2726} INFO - Sync 1 DAGs
[2023-10-28T08:26:37.532+0000] {logging_mixin.py:149} INFO - [2023-10-28T08:26:37.532+0000] {dag.py:3486} INFO - Setting next_dagrun for example_time_delta_sensor_async to None, run_after=None
[2023-10-28T08:26:37.645+0000] {processor.py:178} INFO - Processing /usr/local/lib/python3.10/dist-packages/airflow/example_dags/example_time_delta_sensor_async.py took 0.307 seconds
[2023-10-28T08:27:08.330+0000] {processor.py:156} INFO - Started process (PID=1510464) to work on /usr/local/lib/python3.10/dist-packages/airflow/example_dags/example_time_delta_sensor_async.py
[2023-10-28T08:27:08.331+0000] {processor.py:799} INFO - Processing file /usr/local/lib/python3.10/dist-packages/airflow/example_dags/example_time_delta_sensor_async.py for tasks to queue
[2023-10-28T08:27:08.333+0000] {logging_mixin.py:149} INFO - [2023-10-28T08:27:08.333+0000] {dagbag.py:541} INFO - Filling up the DagBag from /usr/local/lib/python3.10/dist-packages/airflow/example_dags/example_time_delta_sensor_async.py
[2023-10-28T08:27:08.344+0000] {processor.py:809} INFO - DAG(s) dict_keys(['example_time_delta_sensor_async']) retrieved from /usr/local/lib/python3.10/dist-packages/airflow/example_dags/example_time_delta_sensor_async.py
[2023-10-28T08:27:08.425+0000] {logging_mixin.py:149} INFO - [2023-10-28T08:27:08.425+0000] {dag.py:2726} INFO - Sync 1 DAGs
[2023-10-28T08:27:08.500+0000] {logging_mixin.py:149} INFO - [2023-10-28T08:27:08.500+0000] {dag.py:3486} INFO - Setting next_dagrun for example_time_delta_sensor_async to None, run_after=None
[2023-10-28T08:27:08.602+0000] {processor.py:178} INFO - Processing /usr/local/lib/python3.10/dist-packages/airflow/example_dags/example_time_delta_sensor_async.py took 0.280 seconds
[2023-10-28T08:27:38.977+0000] {processor.py:156} INFO - Started process (PID=1510872) to work on /usr/local/lib/python3.10/dist-packages/airflow/example_dags/example_time_delta_sensor_async.py
[2023-10-28T08:27:39.017+0000] {processor.py:799} INFO - Processing file /usr/local/lib/python3.10/dist-packages/airflow/example_dags/example_time_delta_sensor_async.py for tasks to queue
[2023-10-28T08:27:39.019+0000] {logging_mixin.py:149} INFO - [2023-10-28T08:27:39.018+0000] {dagbag.py:541} INFO - Filling up the DagBag from /usr/local/lib/python3.10/dist-packages/airflow/example_dags/example_time_delta_sensor_async.py
[2023-10-28T08:27:39.030+0000] {processor.py:809} INFO - DAG(s) dict_keys(['example_time_delta_sensor_async']) retrieved from /usr/local/lib/python3.10/dist-packages/airflow/example_dags/example_time_delta_sensor_async.py
[2023-10-28T08:27:39.111+0000] {logging_mixin.py:149} INFO - [2023-10-28T08:27:39.110+0000] {dag.py:2726} INFO - Sync 1 DAGs
[2023-10-28T08:27:39.184+0000] {logging_mixin.py:149} INFO - [2023-10-28T08:27:39.184+0000] {dag.py:3486} INFO - Setting next_dagrun for example_time_delta_sensor_async to None, run_after=None
[2023-10-28T08:27:39.293+0000] {processor.py:178} INFO - Processing /usr/local/lib/python3.10/dist-packages/airflow/example_dags/example_time_delta_sensor_async.py took 0.323 seconds
[2023-10-28T08:28:09.389+0000] {processor.py:156} INFO - Started process (PID=1511256) to work on /usr/local/lib/python3.10/dist-packages/airflow/example_dags/example_time_delta_sensor_async.py
[2023-10-28T08:28:09.449+0000] {processor.py:799} INFO - Processing file /usr/local/lib/python3.10/dist-packages/airflow/example_dags/example_time_delta_sensor_async.py for tasks to queue
[2023-10-28T08:28:09.451+0000] {logging_mixin.py:149} INFO - [2023-10-28T08:28:09.451+0000] {dagbag.py:541} INFO - Filling up the DagBag from /usr/local/lib/python3.10/dist-packages/airflow/example_dags/example_time_delta_sensor_async.py
[2023-10-28T08:28:09.462+0000] {processor.py:809} INFO - DAG(s) dict_keys(['example_time_delta_sensor_async']) retrieved from /usr/local/lib/python3.10/dist-packages/airflow/example_dags/example_time_delta_sensor_async.py
[2023-10-28T08:28:09.549+0000] {logging_mixin.py:149} INFO - [2023-10-28T08:28:09.548+0000] {dag.py:2726} INFO - Sync 1 DAGs
[2023-10-28T08:28:09.626+0000] {logging_mixin.py:149} INFO - [2023-10-28T08:28:09.626+0000] {dag.py:3486} INFO - Setting next_dagrun for example_time_delta_sensor_async to None, run_after=None
[2023-10-28T08:28:09.726+0000] {processor.py:178} INFO - Processing /usr/local/lib/python3.10/dist-packages/airflow/example_dags/example_time_delta_sensor_async.py took 0.343 seconds
[2023-10-28T08:28:39.810+0000] {processor.py:156} INFO - Started process (PID=1511612) to work on /usr/local/lib/python3.10/dist-packages/airflow/example_dags/example_time_delta_sensor_async.py
[2023-10-28T08:28:39.849+0000] {processor.py:799} INFO - Processing file /usr/local/lib/python3.10/dist-packages/airflow/example_dags/example_time_delta_sensor_async.py for tasks to queue
[2023-10-28T08:28:39.851+0000] {logging_mixin.py:149} INFO - [2023-10-28T08:28:39.851+0000] {dagbag.py:541} INFO - Filling up the DagBag from /usr/local/lib/python3.10/dist-packages/airflow/example_dags/example_time_delta_sensor_async.py
[2023-10-28T08:28:39.862+0000] {processor.py:809} INFO - DAG(s) dict_keys(['example_time_delta_sensor_async']) retrieved from /usr/local/lib/python3.10/dist-packages/airflow/example_dags/example_time_delta_sensor_async.py
[2023-10-28T08:28:39.945+0000] {logging_mixin.py:149} INFO - [2023-10-28T08:28:39.944+0000] {dag.py:2726} INFO - Sync 1 DAGs
[2023-10-28T08:28:40.018+0000] {logging_mixin.py:149} INFO - [2023-10-28T08:28:40.018+0000] {dag.py:3486} INFO - Setting next_dagrun for example_time_delta_sensor_async to None, run_after=None
[2023-10-28T08:28:40.130+0000] {processor.py:178} INFO - Processing /usr/local/lib/python3.10/dist-packages/airflow/example_dags/example_time_delta_sensor_async.py took 0.327 seconds
[2023-10-28T08:29:10.775+0000] {processor.py:156} INFO - Started process (PID=1512008) to work on /usr/local/lib/python3.10/dist-packages/airflow/example_dags/example_time_delta_sensor_async.py
[2023-10-28T08:29:10.817+0000] {processor.py:799} INFO - Processing file /usr/local/lib/python3.10/dist-packages/airflow/example_dags/example_time_delta_sensor_async.py for tasks to queue
[2023-10-28T08:29:10.819+0000] {logging_mixin.py:149} INFO - [2023-10-28T08:29:10.819+0000] {dagbag.py:541} INFO - Filling up the DagBag from /usr/local/lib/python3.10/dist-packages/airflow/example_dags/example_time_delta_sensor_async.py
[2023-10-28T08:29:10.831+0000] {processor.py:809} INFO - DAG(s) dict_keys(['example_time_delta_sensor_async']) retrieved from /usr/local/lib/python3.10/dist-packages/airflow/example_dags/example_time_delta_sensor_async.py
[2023-10-28T08:29:10.916+0000] {logging_mixin.py:149} INFO - [2023-10-28T08:29:10.916+0000] {dag.py:2726} INFO - Sync 1 DAGs
[2023-10-28T08:29:10.999+0000] {logging_mixin.py:149} INFO - [2023-10-28T08:29:10.999+0000] {dag.py:3486} INFO - Setting next_dagrun for example_time_delta_sensor_async to None, run_after=None
[2023-10-28T08:29:11.123+0000] {processor.py:178} INFO - Processing /usr/local/lib/python3.10/dist-packages/airflow/example_dags/example_time_delta_sensor_async.py took 0.355 seconds
[2023-10-28T08:29:41.274+0000] {processor.py:156} INFO - Started process (PID=1512365) to work on /usr/local/lib/python3.10/dist-packages/airflow/example_dags/example_time_delta_sensor_async.py
[2023-10-28T08:29:41.277+0000] {processor.py:799} INFO - Processing file /usr/local/lib/python3.10/dist-packages/airflow/example_dags/example_time_delta_sensor_async.py for tasks to queue
[2023-10-28T08:29:41.279+0000] {logging_mixin.py:149} INFO - [2023-10-28T08:29:41.278+0000] {dagbag.py:541} INFO - Filling up the DagBag from /usr/local/lib/python3.10/dist-packages/airflow/example_dags/example_time_delta_sensor_async.py
[2023-10-28T08:29:41.290+0000] {processor.py:809} INFO - DAG(s) dict_keys(['example_time_delta_sensor_async']) retrieved from /usr/local/lib/python3.10/dist-packages/airflow/example_dags/example_time_delta_sensor_async.py
[2023-10-28T08:29:41.371+0000] {logging_mixin.py:149} INFO - [2023-10-28T08:29:41.370+0000] {dag.py:2726} INFO - Sync 1 DAGs
[2023-10-28T08:29:41.444+0000] {logging_mixin.py:149} INFO - [2023-10-28T08:29:41.444+0000] {dag.py:3486} INFO - Setting next_dagrun for example_time_delta_sensor_async to None, run_after=None
[2023-10-28T08:29:41.553+0000] {processor.py:178} INFO - Processing /usr/local/lib/python3.10/dist-packages/airflow/example_dags/example_time_delta_sensor_async.py took 0.286 seconds
[2023-10-28T08:30:11.771+0000] {processor.py:156} INFO - Started process (PID=1512746) to work on /usr/local/lib/python3.10/dist-packages/airflow/example_dags/example_time_delta_sensor_async.py
[2023-10-28T08:30:11.797+0000] {processor.py:799} INFO - Processing file /usr/local/lib/python3.10/dist-packages/airflow/example_dags/example_time_delta_sensor_async.py for tasks to queue
[2023-10-28T08:30:11.799+0000] {logging_mixin.py:149} INFO - [2023-10-28T08:30:11.798+0000] {dagbag.py:541} INFO - Filling up the DagBag from /usr/local/lib/python3.10/dist-packages/airflow/example_dags/example_time_delta_sensor_async.py
[2023-10-28T08:30:11.810+0000] {processor.py:809} INFO - DAG(s) dict_keys(['example_time_delta_sensor_async']) retrieved from /usr/local/lib/python3.10/dist-packages/airflow/example_dags/example_time_delta_sensor_async.py
[2023-10-28T08:30:11.892+0000] {logging_mixin.py:149} INFO - [2023-10-28T08:30:11.891+0000] {dag.py:2726} INFO - Sync 1 DAGs
[2023-10-28T08:30:11.967+0000] {logging_mixin.py:149} INFO - [2023-10-28T08:30:11.966+0000] {dag.py:3486} INFO - Setting next_dagrun for example_time_delta_sensor_async to None, run_after=None
[2023-10-28T08:30:12.084+0000] {processor.py:178} INFO - Processing /usr/local/lib/python3.10/dist-packages/airflow/example_dags/example_time_delta_sensor_async.py took 0.320 seconds
[2023-10-28T08:30:42.885+0000] {processor.py:156} INFO - Started process (PID=1513360) to work on /usr/local/lib/python3.10/dist-packages/airflow/example_dags/example_time_delta_sensor_async.py
[2023-10-28T08:30:42.905+0000] {processor.py:799} INFO - Processing file /usr/local/lib/python3.10/dist-packages/airflow/example_dags/example_time_delta_sensor_async.py for tasks to queue
[2023-10-28T08:30:42.907+0000] {logging_mixin.py:149} INFO - [2023-10-28T08:30:42.906+0000] {dagbag.py:541} INFO - Filling up the DagBag from /usr/local/lib/python3.10/dist-packages/airflow/example_dags/example_time_delta_sensor_async.py
[2023-10-28T08:30:42.919+0000] {processor.py:809} INFO - DAG(s) dict_keys(['example_time_delta_sensor_async']) retrieved from /usr/local/lib/python3.10/dist-packages/airflow/example_dags/example_time_delta_sensor_async.py
[2023-10-28T08:30:43.005+0000] {logging_mixin.py:149} INFO - [2023-10-28T08:30:43.004+0000] {dag.py:2726} INFO - Sync 1 DAGs
[2023-10-28T08:30:43.082+0000] {logging_mixin.py:149} INFO - [2023-10-28T08:30:43.082+0000] {dag.py:3486} INFO - Setting next_dagrun for example_time_delta_sensor_async to None, run_after=None
[2023-10-28T08:30:43.184+0000] {processor.py:178} INFO - Processing /usr/local/lib/python3.10/dist-packages/airflow/example_dags/example_time_delta_sensor_async.py took 0.306 seconds
[2023-10-28T08:31:13.876+0000] {processor.py:156} INFO - Started process (PID=1513778) to work on /usr/local/lib/python3.10/dist-packages/airflow/example_dags/example_time_delta_sensor_async.py
[2023-10-28T08:31:13.878+0000] {processor.py:799} INFO - Processing file /usr/local/lib/python3.10/dist-packages/airflow/example_dags/example_time_delta_sensor_async.py for tasks to queue
[2023-10-28T08:31:13.881+0000] {logging_mixin.py:149} INFO - [2023-10-28T08:31:13.880+0000] {dagbag.py:541} INFO - Filling up the DagBag from /usr/local/lib/python3.10/dist-packages/airflow/example_dags/example_time_delta_sensor_async.py
[2023-10-28T08:31:13.890+0000] {processor.py:809} INFO - DAG(s) dict_keys(['example_time_delta_sensor_async']) retrieved from /usr/local/lib/python3.10/dist-packages/airflow/example_dags/example_time_delta_sensor_async.py
[2023-10-28T08:31:13.971+0000] {logging_mixin.py:149} INFO - [2023-10-28T08:31:13.971+0000] {dag.py:2726} INFO - Sync 1 DAGs
[2023-10-28T08:31:14.053+0000] {logging_mixin.py:149} INFO - [2023-10-28T08:31:14.052+0000] {dag.py:3486} INFO - Setting next_dagrun for example_time_delta_sensor_async to None, run_after=None
[2023-10-28T08:31:14.137+0000] {processor.py:178} INFO - Processing /usr/local/lib/python3.10/dist-packages/airflow/example_dags/example_time_delta_sensor_async.py took 0.267 seconds
[2023-10-28T08:31:44.725+0000] {processor.py:156} INFO - Started process (PID=1514370) to work on /usr/local/lib/python3.10/dist-packages/airflow/example_dags/example_time_delta_sensor_async.py
[2023-10-28T08:31:44.749+0000] {processor.py:799} INFO - Processing file /usr/local/lib/python3.10/dist-packages/airflow/example_dags/example_time_delta_sensor_async.py for tasks to queue
[2023-10-28T08:31:44.751+0000] {logging_mixin.py:149} INFO - [2023-10-28T08:31:44.750+0000] {dagbag.py:541} INFO - Filling up the DagBag from /usr/local/lib/python3.10/dist-packages/airflow/example_dags/example_time_delta_sensor_async.py
[2023-10-28T08:31:44.763+0000] {processor.py:809} INFO - DAG(s) dict_keys(['example_time_delta_sensor_async']) retrieved from /usr/local/lib/python3.10/dist-packages/airflow/example_dags/example_time_delta_sensor_async.py
[2023-10-28T08:31:44.846+0000] {logging_mixin.py:149} INFO - [2023-10-28T08:31:44.846+0000] {dag.py:2726} INFO - Sync 1 DAGs
[2023-10-28T08:31:44.924+0000] {logging_mixin.py:149} INFO - [2023-10-28T08:31:44.923+0000] {dag.py:3486} INFO - Setting next_dagrun for example_time_delta_sensor_async to None, run_after=None
[2023-10-28T08:31:45.020+0000] {processor.py:178} INFO - Processing /usr/local/lib/python3.10/dist-packages/airflow/example_dags/example_time_delta_sensor_async.py took 0.302 seconds
[2023-10-28T08:32:15.146+0000] {processor.py:156} INFO - Started process (PID=1515018) to work on /usr/local/lib/python3.10/dist-packages/airflow/example_dags/example_time_delta_sensor_async.py
[2023-10-28T08:32:15.169+0000] {processor.py:799} INFO - Processing file /usr/local/lib/python3.10/dist-packages/airflow/example_dags/example_time_delta_sensor_async.py for tasks to queue
[2023-10-28T08:32:15.170+0000] {logging_mixin.py:149} INFO - [2023-10-28T08:32:15.170+0000] {dagbag.py:541} INFO - Filling up the DagBag from /usr/local/lib/python3.10/dist-packages/airflow/example_dags/example_time_delta_sensor_async.py
[2023-10-28T08:32:15.181+0000] {processor.py:809} INFO - DAG(s) dict_keys(['example_time_delta_sensor_async']) retrieved from /usr/local/lib/python3.10/dist-packages/airflow/example_dags/example_time_delta_sensor_async.py
[2023-10-28T08:32:15.261+0000] {logging_mixin.py:149} INFO - [2023-10-28T08:32:15.261+0000] {dag.py:2726} INFO - Sync 1 DAGs
[2023-10-28T08:32:15.338+0000] {logging_mixin.py:149} INFO - [2023-10-28T08:32:15.337+0000] {dag.py:3486} INFO - Setting next_dagrun for example_time_delta_sensor_async to None, run_after=None
[2023-10-28T08:32:15.432+0000] {processor.py:178} INFO - Processing /usr/local/lib/python3.10/dist-packages/airflow/example_dags/example_time_delta_sensor_async.py took 0.293 seconds
[2023-10-28T08:32:45.644+0000] {processor.py:156} INFO - Started process (PID=1515585) to work on /usr/local/lib/python3.10/dist-packages/airflow/example_dags/example_time_delta_sensor_async.py
[2023-10-28T08:32:45.667+0000] {processor.py:799} INFO - Processing file /usr/local/lib/python3.10/dist-packages/airflow/example_dags/example_time_delta_sensor_async.py for tasks to queue
[2023-10-28T08:32:45.669+0000] {logging_mixin.py:149} INFO - [2023-10-28T08:32:45.668+0000] {dagbag.py:541} INFO - Filling up the DagBag from /usr/local/lib/python3.10/dist-packages/airflow/example_dags/example_time_delta_sensor_async.py
[2023-10-28T08:32:45.679+0000] {processor.py:809} INFO - DAG(s) dict_keys(['example_time_delta_sensor_async']) retrieved from /usr/local/lib/python3.10/dist-packages/airflow/example_dags/example_time_delta_sensor_async.py
[2023-10-28T08:32:45.759+0000] {logging_mixin.py:149} INFO - [2023-10-28T08:32:45.759+0000] {dag.py:2726} INFO - Sync 1 DAGs
[2023-10-28T08:32:45.835+0000] {logging_mixin.py:149} INFO - [2023-10-28T08:32:45.835+0000] {dag.py:3486} INFO - Setting next_dagrun for example_time_delta_sensor_async to None, run_after=None
[2023-10-28T08:32:45.933+0000] {processor.py:178} INFO - Processing /usr/local/lib/python3.10/dist-packages/airflow/example_dags/example_time_delta_sensor_async.py took 0.296 seconds
[2023-10-28T08:33:16.576+0000] {processor.py:156} INFO - Started process (PID=1516108) to work on /usr/local/lib/python3.10/dist-packages/airflow/example_dags/example_time_delta_sensor_async.py
[2023-10-28T08:33:16.577+0000] {processor.py:799} INFO - Processing file /usr/local/lib/python3.10/dist-packages/airflow/example_dags/example_time_delta_sensor_async.py for tasks to queue
[2023-10-28T08:33:16.579+0000] {logging_mixin.py:149} INFO - [2023-10-28T08:33:16.579+0000] {dagbag.py:541} INFO - Filling up the DagBag from /usr/local/lib/python3.10/dist-packages/airflow/example_dags/example_time_delta_sensor_async.py
[2023-10-28T08:33:16.590+0000] {processor.py:809} INFO - DAG(s) dict_keys(['example_time_delta_sensor_async']) retrieved from /usr/local/lib/python3.10/dist-packages/airflow/example_dags/example_time_delta_sensor_async.py
[2023-10-28T08:33:16.669+0000] {logging_mixin.py:149} INFO - [2023-10-28T08:33:16.668+0000] {dag.py:2726} INFO - Sync 1 DAGs
[2023-10-28T08:33:16.742+0000] {logging_mixin.py:149} INFO - [2023-10-28T08:33:16.742+0000] {dag.py:3486} INFO - Setting next_dagrun for example_time_delta_sensor_async to None, run_after=None
[2023-10-28T08:33:16.828+0000] {processor.py:178} INFO - Processing /usr/local/lib/python3.10/dist-packages/airflow/example_dags/example_time_delta_sensor_async.py took 0.260 seconds
[2023-10-28T08:33:47.252+0000] {processor.py:156} INFO - Started process (PID=1516464) to work on /usr/local/lib/python3.10/dist-packages/airflow/example_dags/example_time_delta_sensor_async.py
[2023-10-28T08:33:47.275+0000] {processor.py:799} INFO - Processing file /usr/local/lib/python3.10/dist-packages/airflow/example_dags/example_time_delta_sensor_async.py for tasks to queue
[2023-10-28T08:33:47.277+0000] {logging_mixin.py:149} INFO - [2023-10-28T08:33:47.276+0000] {dagbag.py:541} INFO - Filling up the DagBag from /usr/local/lib/python3.10/dist-packages/airflow/example_dags/example_time_delta_sensor_async.py
[2023-10-28T08:33:47.286+0000] {processor.py:809} INFO - DAG(s) dict_keys(['example_time_delta_sensor_async']) retrieved from /usr/local/lib/python3.10/dist-packages/airflow/example_dags/example_time_delta_sensor_async.py
[2023-10-28T08:33:47.365+0000] {logging_mixin.py:149} INFO - [2023-10-28T08:33:47.365+0000] {dag.py:2726} INFO - Sync 1 DAGs
[2023-10-28T08:33:47.444+0000] {logging_mixin.py:149} INFO - [2023-10-28T08:33:47.444+0000] {dag.py:3486} INFO - Setting next_dagrun for example_time_delta_sensor_async to None, run_after=None
[2023-10-28T08:33:47.511+0000] {processor.py:178} INFO - Processing /usr/local/lib/python3.10/dist-packages/airflow/example_dags/example_time_delta_sensor_async.py took 0.266 seconds
[2023-10-28T08:34:17.753+0000] {processor.py:156} INFO - Started process (PID=1516862) to work on /usr/local/lib/python3.10/dist-packages/airflow/example_dags/example_time_delta_sensor_async.py
[2023-10-28T08:34:17.777+0000] {processor.py:799} INFO - Processing file /usr/local/lib/python3.10/dist-packages/airflow/example_dags/example_time_delta_sensor_async.py for tasks to queue
[2023-10-28T08:34:17.779+0000] {logging_mixin.py:149} INFO - [2023-10-28T08:34:17.778+0000] {dagbag.py:541} INFO - Filling up the DagBag from /usr/local/lib/python3.10/dist-packages/airflow/example_dags/example_time_delta_sensor_async.py
[2023-10-28T08:34:17.789+0000] {processor.py:809} INFO - DAG(s) dict_keys(['example_time_delta_sensor_async']) retrieved from /usr/local/lib/python3.10/dist-packages/airflow/example_dags/example_time_delta_sensor_async.py
[2023-10-28T08:34:17.865+0000] {logging_mixin.py:149} INFO - [2023-10-28T08:34:17.865+0000] {dag.py:2726} INFO - Sync 1 DAGs
[2023-10-28T08:34:17.939+0000] {logging_mixin.py:149} INFO - [2023-10-28T08:34:17.939+0000] {dag.py:3486} INFO - Setting next_dagrun for example_time_delta_sensor_async to None, run_after=None
[2023-10-28T08:34:18.038+0000] {processor.py:178} INFO - Processing /usr/local/lib/python3.10/dist-packages/airflow/example_dags/example_time_delta_sensor_async.py took 0.292 seconds
[2023-10-28T08:34:48.618+0000] {processor.py:156} INFO - Started process (PID=1517219) to work on /usr/local/lib/python3.10/dist-packages/airflow/example_dags/example_time_delta_sensor_async.py
[2023-10-28T08:34:48.644+0000] {processor.py:799} INFO - Processing file /usr/local/lib/python3.10/dist-packages/airflow/example_dags/example_time_delta_sensor_async.py for tasks to queue
[2023-10-28T08:34:48.647+0000] {logging_mixin.py:149} INFO - [2023-10-28T08:34:48.646+0000] {dagbag.py:541} INFO - Filling up the DagBag from /usr/local/lib/python3.10/dist-packages/airflow/example_dags/example_time_delta_sensor_async.py
[2023-10-28T08:34:48.657+0000] {processor.py:809} INFO - DAG(s) dict_keys(['example_time_delta_sensor_async']) retrieved from /usr/local/lib/python3.10/dist-packages/airflow/example_dags/example_time_delta_sensor_async.py
[2023-10-28T08:34:48.735+0000] {logging_mixin.py:149} INFO - [2023-10-28T08:34:48.734+0000] {dag.py:2726} INFO - Sync 1 DAGs
[2023-10-28T08:34:48.806+0000] {logging_mixin.py:149} INFO - [2023-10-28T08:34:48.805+0000] {dag.py:3486} INFO - Setting next_dagrun for example_time_delta_sensor_async to None, run_after=None
[2023-10-28T08:34:48.899+0000] {processor.py:178} INFO - Processing /usr/local/lib/python3.10/dist-packages/airflow/example_dags/example_time_delta_sensor_async.py took 0.290 seconds
[2023-10-28T08:35:19.640+0000] {processor.py:156} INFO - Started process (PID=1517688) to work on /usr/local/lib/python3.10/dist-packages/airflow/example_dags/example_time_delta_sensor_async.py
[2023-10-28T08:35:19.669+0000] {processor.py:799} INFO - Processing file /usr/local/lib/python3.10/dist-packages/airflow/example_dags/example_time_delta_sensor_async.py for tasks to queue
[2023-10-28T08:35:19.670+0000] {logging_mixin.py:149} INFO - [2023-10-28T08:35:19.670+0000] {dagbag.py:541} INFO - Filling up the DagBag from /usr/local/lib/python3.10/dist-packages/airflow/example_dags/example_time_delta_sensor_async.py
[2023-10-28T08:35:19.680+0000] {processor.py:809} INFO - DAG(s) dict_keys(['example_time_delta_sensor_async']) retrieved from /usr/local/lib/python3.10/dist-packages/airflow/example_dags/example_time_delta_sensor_async.py
[2023-10-28T08:35:19.755+0000] {logging_mixin.py:149} INFO - [2023-10-28T08:35:19.755+0000] {dag.py:2726} INFO - Sync 1 DAGs
[2023-10-28T08:35:19.829+0000] {logging_mixin.py:149} INFO - [2023-10-28T08:35:19.828+0000] {dag.py:3486} INFO - Setting next_dagrun for example_time_delta_sensor_async to None, run_after=None
[2023-10-28T08:35:19.924+0000] {processor.py:178} INFO - Processing /usr/local/lib/python3.10/dist-packages/airflow/example_dags/example_time_delta_sensor_async.py took 0.292 seconds
[2023-10-28T08:35:50.015+0000] {processor.py:156} INFO - Started process (PID=1518233) to work on /usr/local/lib/python3.10/dist-packages/airflow/example_dags/example_time_delta_sensor_async.py
[2023-10-28T08:35:50.024+0000] {processor.py:799} INFO - Processing file /usr/local/lib/python3.10/dist-packages/airflow/example_dags/example_time_delta_sensor_async.py for tasks to queue
[2023-10-28T08:35:50.026+0000] {logging_mixin.py:149} INFO - [2023-10-28T08:35:50.026+0000] {dagbag.py:541} INFO - Filling up the DagBag from /usr/local/lib/python3.10/dist-packages/airflow/example_dags/example_time_delta_sensor_async.py
[2023-10-28T08:35:50.039+0000] {processor.py:809} INFO - DAG(s) dict_keys(['example_time_delta_sensor_async']) retrieved from /usr/local/lib/python3.10/dist-packages/airflow/example_dags/example_time_delta_sensor_async.py
[2023-10-28T08:35:50.115+0000] {logging_mixin.py:149} INFO - [2023-10-28T08:35:50.115+0000] {dag.py:2726} INFO - Sync 1 DAGs
[2023-10-28T08:35:50.187+0000] {logging_mixin.py:149} INFO - [2023-10-28T08:35:50.186+0000] {dag.py:3486} INFO - Setting next_dagrun for example_time_delta_sensor_async to None, run_after=None
[2023-10-28T08:35:50.287+0000] {processor.py:178} INFO - Processing /usr/local/lib/python3.10/dist-packages/airflow/example_dags/example_time_delta_sensor_async.py took 0.280 seconds
[2023-10-28T08:36:20.452+0000] {processor.py:156} INFO - Started process (PID=1518617) to work on /usr/local/lib/python3.10/dist-packages/airflow/example_dags/example_time_delta_sensor_async.py
[2023-10-28T08:36:20.477+0000] {processor.py:799} INFO - Processing file /usr/local/lib/python3.10/dist-packages/airflow/example_dags/example_time_delta_sensor_async.py for tasks to queue
[2023-10-28T08:36:20.479+0000] {logging_mixin.py:149} INFO - [2023-10-28T08:36:20.479+0000] {dagbag.py:541} INFO - Filling up the DagBag from /usr/local/lib/python3.10/dist-packages/airflow/example_dags/example_time_delta_sensor_async.py
[2023-10-28T08:36:20.491+0000] {processor.py:809} INFO - DAG(s) dict_keys(['example_time_delta_sensor_async']) retrieved from /usr/local/lib/python3.10/dist-packages/airflow/example_dags/example_time_delta_sensor_async.py
[2023-10-28T08:36:20.567+0000] {logging_mixin.py:149} INFO - [2023-10-28T08:36:20.567+0000] {dag.py:2726} INFO - Sync 1 DAGs
[2023-10-28T08:36:20.638+0000] {logging_mixin.py:149} INFO - [2023-10-28T08:36:20.638+0000] {dag.py:3486} INFO - Setting next_dagrun for example_time_delta_sensor_async to None, run_after=None
[2023-10-28T08:36:20.733+0000] {processor.py:178} INFO - Processing /usr/local/lib/python3.10/dist-packages/airflow/example_dags/example_time_delta_sensor_async.py took 0.288 seconds
[2023-10-28T08:36:51.263+0000] {processor.py:156} INFO - Started process (PID=1518976) to work on /usr/local/lib/python3.10/dist-packages/airflow/example_dags/example_time_delta_sensor_async.py
[2023-10-28T08:36:51.300+0000] {processor.py:799} INFO - Processing file /usr/local/lib/python3.10/dist-packages/airflow/example_dags/example_time_delta_sensor_async.py for tasks to queue
[2023-10-28T08:36:51.303+0000] {logging_mixin.py:149} INFO - [2023-10-28T08:36:51.302+0000] {dagbag.py:541} INFO - Filling up the DagBag from /usr/local/lib/python3.10/dist-packages/airflow/example_dags/example_time_delta_sensor_async.py
[2023-10-28T08:36:51.313+0000] {processor.py:809} INFO - DAG(s) dict_keys(['example_time_delta_sensor_async']) retrieved from /usr/local/lib/python3.10/dist-packages/airflow/example_dags/example_time_delta_sensor_async.py
[2023-10-28T08:36:51.400+0000] {logging_mixin.py:149} INFO - [2023-10-28T08:36:51.400+0000] {dag.py:2726} INFO - Sync 1 DAGs
[2023-10-28T08:36:51.479+0000] {logging_mixin.py:149} INFO - [2023-10-28T08:36:51.478+0000] {dag.py:3486} INFO - Setting next_dagrun for example_time_delta_sensor_async to None, run_after=None
[2023-10-28T08:36:51.585+0000] {processor.py:178} INFO - Processing /usr/local/lib/python3.10/dist-packages/airflow/example_dags/example_time_delta_sensor_async.py took 0.331 seconds
[2023-10-28T08:37:21.799+0000] {processor.py:156} INFO - Started process (PID=1519476) to work on /usr/local/lib/python3.10/dist-packages/airflow/example_dags/example_time_delta_sensor_async.py
[2023-10-28T08:37:21.800+0000] {processor.py:799} INFO - Processing file /usr/local/lib/python3.10/dist-packages/airflow/example_dags/example_time_delta_sensor_async.py for tasks to queue
[2023-10-28T08:37:21.802+0000] {logging_mixin.py:149} INFO - [2023-10-28T08:37:21.802+0000] {dagbag.py:541} INFO - Filling up the DagBag from /usr/local/lib/python3.10/dist-packages/airflow/example_dags/example_time_delta_sensor_async.py
[2023-10-28T08:37:21.811+0000] {processor.py:809} INFO - DAG(s) dict_keys(['example_time_delta_sensor_async']) retrieved from /usr/local/lib/python3.10/dist-packages/airflow/example_dags/example_time_delta_sensor_async.py
[2023-10-28T08:37:21.891+0000] {logging_mixin.py:149} INFO - [2023-10-28T08:37:21.891+0000] {dag.py:2726} INFO - Sync 1 DAGs
[2023-10-28T08:37:21.966+0000] {logging_mixin.py:149} INFO - [2023-10-28T08:37:21.966+0000] {dag.py:3486} INFO - Setting next_dagrun for example_time_delta_sensor_async to None, run_after=None
[2023-10-28T08:37:22.037+0000] {processor.py:178} INFO - Processing /usr/local/lib/python3.10/dist-packages/airflow/example_dags/example_time_delta_sensor_async.py took 0.246 seconds
[2023-10-28T08:37:52.464+0000] {processor.py:156} INFO - Started process (PID=1519833) to work on /usr/local/lib/python3.10/dist-packages/airflow/example_dags/example_time_delta_sensor_async.py
[2023-10-28T08:37:52.466+0000] {processor.py:799} INFO - Processing file /usr/local/lib/python3.10/dist-packages/airflow/example_dags/example_time_delta_sensor_async.py for tasks to queue
[2023-10-28T08:37:52.468+0000] {logging_mixin.py:149} INFO - [2023-10-28T08:37:52.467+0000] {dagbag.py:541} INFO - Filling up the DagBag from /usr/local/lib/python3.10/dist-packages/airflow/example_dags/example_time_delta_sensor_async.py
[2023-10-28T08:37:52.478+0000] {processor.py:809} INFO - DAG(s) dict_keys(['example_time_delta_sensor_async']) retrieved from /usr/local/lib/python3.10/dist-packages/airflow/example_dags/example_time_delta_sensor_async.py
[2023-10-28T08:37:52.564+0000] {logging_mixin.py:149} INFO - [2023-10-28T08:37:52.563+0000] {dag.py:2726} INFO - Sync 1 DAGs
[2023-10-28T08:37:52.642+0000] {logging_mixin.py:149} INFO - [2023-10-28T08:37:52.641+0000] {dag.py:3486} INFO - Setting next_dagrun for example_time_delta_sensor_async to None, run_after=None
[2023-10-28T08:37:52.711+0000] {processor.py:178} INFO - Processing /usr/local/lib/python3.10/dist-packages/airflow/example_dags/example_time_delta_sensor_async.py took 0.255 seconds
[2023-10-28T08:38:23.373+0000] {processor.py:156} INFO - Started process (PID=1520364) to work on /usr/local/lib/python3.10/dist-packages/airflow/example_dags/example_time_delta_sensor_async.py
[2023-10-28T08:38:23.376+0000] {processor.py:799} INFO - Processing file /usr/local/lib/python3.10/dist-packages/airflow/example_dags/example_time_delta_sensor_async.py for tasks to queue
[2023-10-28T08:38:23.378+0000] {logging_mixin.py:149} INFO - [2023-10-28T08:38:23.377+0000] {dagbag.py:541} INFO - Filling up the DagBag from /usr/local/lib/python3.10/dist-packages/airflow/example_dags/example_time_delta_sensor_async.py
[2023-10-28T08:38:23.391+0000] {processor.py:809} INFO - DAG(s) dict_keys(['example_time_delta_sensor_async']) retrieved from /usr/local/lib/python3.10/dist-packages/airflow/example_dags/example_time_delta_sensor_async.py
[2023-10-28T08:38:23.470+0000] {logging_mixin.py:149} INFO - [2023-10-28T08:38:23.470+0000] {dag.py:2726} INFO - Sync 1 DAGs
[2023-10-28T08:38:23.545+0000] {logging_mixin.py:149} INFO - [2023-10-28T08:38:23.544+0000] {dag.py:3486} INFO - Setting next_dagrun for example_time_delta_sensor_async to None, run_after=None
[2023-10-28T08:38:23.648+0000] {processor.py:178} INFO - Processing /usr/local/lib/python3.10/dist-packages/airflow/example_dags/example_time_delta_sensor_async.py took 0.282 seconds
[2023-10-28T08:38:54.165+0000] {processor.py:156} INFO - Started process (PID=1520900) to work on /usr/local/lib/python3.10/dist-packages/airflow/example_dags/example_time_delta_sensor_async.py
[2023-10-28T08:38:54.200+0000] {processor.py:799} INFO - Processing file /usr/local/lib/python3.10/dist-packages/airflow/example_dags/example_time_delta_sensor_async.py for tasks to queue
[2023-10-28T08:38:54.202+0000] {logging_mixin.py:149} INFO - [2023-10-28T08:38:54.202+0000] {dagbag.py:541} INFO - Filling up the DagBag from /usr/local/lib/python3.10/dist-packages/airflow/example_dags/example_time_delta_sensor_async.py
[2023-10-28T08:38:54.212+0000] {processor.py:809} INFO - DAG(s) dict_keys(['example_time_delta_sensor_async']) retrieved from /usr/local/lib/python3.10/dist-packages/airflow/example_dags/example_time_delta_sensor_async.py
[2023-10-28T08:38:54.294+0000] {logging_mixin.py:149} INFO - [2023-10-28T08:38:54.294+0000] {dag.py:2726} INFO - Sync 1 DAGs
[2023-10-28T08:38:54.368+0000] {logging_mixin.py:149} INFO - [2023-10-28T08:38:54.367+0000] {dag.py:3486} INFO - Setting next_dagrun for example_time_delta_sensor_async to None, run_after=None
[2023-10-28T08:38:54.472+0000] {processor.py:178} INFO - Processing /usr/local/lib/python3.10/dist-packages/airflow/example_dags/example_time_delta_sensor_async.py took 0.315 seconds
[2023-10-28T08:39:25.110+0000] {processor.py:156} INFO - Started process (PID=1521389) to work on /usr/local/lib/python3.10/dist-packages/airflow/example_dags/example_time_delta_sensor_async.py
[2023-10-28T08:39:25.148+0000] {processor.py:799} INFO - Processing file /usr/local/lib/python3.10/dist-packages/airflow/example_dags/example_time_delta_sensor_async.py for tasks to queue
[2023-10-28T08:39:25.150+0000] {logging_mixin.py:149} INFO - [2023-10-28T08:39:25.150+0000] {dagbag.py:541} INFO - Filling up the DagBag from /usr/local/lib/python3.10/dist-packages/airflow/example_dags/example_time_delta_sensor_async.py
[2023-10-28T08:39:25.161+0000] {processor.py:809} INFO - DAG(s) dict_keys(['example_time_delta_sensor_async']) retrieved from /usr/local/lib/python3.10/dist-packages/airflow/example_dags/example_time_delta_sensor_async.py
[2023-10-28T08:39:25.242+0000] {logging_mixin.py:149} INFO - [2023-10-28T08:39:25.242+0000] {dag.py:2726} INFO - Sync 1 DAGs
[2023-10-28T08:39:25.318+0000] {logging_mixin.py:149} INFO - [2023-10-28T08:39:25.318+0000] {dag.py:3486} INFO - Setting next_dagrun for example_time_delta_sensor_async to None, run_after=None
[2023-10-28T08:39:25.386+0000] {processor.py:178} INFO - Processing /usr/local/lib/python3.10/dist-packages/airflow/example_dags/example_time_delta_sensor_async.py took 0.284 seconds
