[2023-10-28T07:57:56.009+0000] {processor.py:156} INFO - Started process (PID=1491697) to work on /usr/local/lib/python3.10/dist-packages/airflow/example_dags/example_branch_python_dop_operator_3.py
[2023-10-28T07:57:56.011+0000] {processor.py:799} INFO - Processing file /usr/local/lib/python3.10/dist-packages/airflow/example_dags/example_branch_python_dop_operator_3.py for tasks to queue
[2023-10-28T07:57:56.014+0000] {logging_mixin.py:149} INFO - [2023-10-28T07:57:56.013+0000] {dagbag.py:541} INFO - Filling up the DagBag from /usr/local/lib/python3.10/dist-packages/airflow/example_dags/example_branch_python_dop_operator_3.py
[2023-10-28T07:57:56.035+0000] {processor.py:809} INFO - DAG(s) dict_keys(['example_branch_dop_operator_v3']) retrieved from /usr/local/lib/python3.10/dist-packages/airflow/example_dags/example_branch_python_dop_operator_3.py
[2023-10-28T07:57:56.543+0000] {logging_mixin.py:149} INFO - [2023-10-28T07:57:56.542+0000] {manager.py:504} INFO - Created Permission View: can read on DAG:example_branch_dop_operator_v3
[2023-10-28T07:57:56.570+0000] {logging_mixin.py:149} INFO - [2023-10-28T07:57:56.569+0000] {manager.py:504} INFO - Created Permission View: can edit on DAG:example_branch_dop_operator_v3
[2023-10-28T07:57:56.592+0000] {logging_mixin.py:149} INFO - [2023-10-28T07:57:56.591+0000] {manager.py:504} INFO - Created Permission View: can delete on DAG:example_branch_dop_operator_v3
[2023-10-28T07:57:56.593+0000] {logging_mixin.py:149} INFO - [2023-10-28T07:57:56.593+0000] {dag.py:2726} INFO - Sync 1 DAGs
[2023-10-28T07:57:56.625+0000] {logging_mixin.py:149} INFO - [2023-10-28T07:57:56.625+0000] {dag.py:2747} INFO - Creating ORM DAG for example_branch_dop_operator_v3
[2023-10-28T07:57:56.667+0000] {logging_mixin.py:149} INFO - [2023-10-28T07:57:56.667+0000] {dag.py:3486} INFO - Setting next_dagrun for example_branch_dop_operator_v3 to 2023-10-28T07:56:00+00:00, run_after=2023-10-28T07:57:00+00:00
[2023-10-28T07:57:56.755+0000] {processor.py:178} INFO - Processing /usr/local/lib/python3.10/dist-packages/airflow/example_dags/example_branch_python_dop_operator_3.py took 0.753 seconds
[2023-10-28T07:59:12.931+0000] {processor.py:156} INFO - Started process (PID=1492291) to work on /usr/local/lib/python3.10/dist-packages/airflow/example_dags/example_branch_python_dop_operator_3.py
[2023-10-28T07:59:12.934+0000] {processor.py:799} INFO - Processing file /usr/local/lib/python3.10/dist-packages/airflow/example_dags/example_branch_python_dop_operator_3.py for tasks to queue
[2023-10-28T07:59:12.937+0000] {logging_mixin.py:149} INFO - [2023-10-28T07:59:12.936+0000] {dagbag.py:541} INFO - Filling up the DagBag from /usr/local/lib/python3.10/dist-packages/airflow/example_dags/example_branch_python_dop_operator_3.py
[2023-10-28T07:59:12.957+0000] {processor.py:809} INFO - DAG(s) dict_keys(['example_branch_dop_operator_v3']) retrieved from /usr/local/lib/python3.10/dist-packages/airflow/example_dags/example_branch_python_dop_operator_3.py
[2023-10-28T07:59:13.006+0000] {logging_mixin.py:149} INFO - [2023-10-28T07:59:13.006+0000] {dag.py:2726} INFO - Sync 1 DAGs
[2023-10-28T07:59:13.082+0000] {logging_mixin.py:149} INFO - [2023-10-28T07:59:13.081+0000] {dag.py:3486} INFO - Setting next_dagrun for example_branch_dop_operator_v3 to 2023-10-28T07:58:00+00:00, run_after=2023-10-28T07:59:00+00:00
[2023-10-28T07:59:13.180+0000] {processor.py:178} INFO - Processing /usr/local/lib/python3.10/dist-packages/airflow/example_dags/example_branch_python_dop_operator_3.py took 0.256 seconds
[2023-10-28T08:00:07.234+0000] {processor.py:156} INFO - Started process (PID=1492625) to work on /usr/local/lib/python3.10/dist-packages/airflow/example_dags/example_branch_python_dop_operator_3.py
[2023-10-28T08:00:07.269+0000] {processor.py:799} INFO - Processing file /usr/local/lib/python3.10/dist-packages/airflow/example_dags/example_branch_python_dop_operator_3.py for tasks to queue
[2023-10-28T08:00:07.272+0000] {logging_mixin.py:149} INFO - [2023-10-28T08:00:07.271+0000] {dagbag.py:541} INFO - Filling up the DagBag from /usr/local/lib/python3.10/dist-packages/airflow/example_dags/example_branch_python_dop_operator_3.py
[2023-10-28T08:00:07.296+0000] {processor.py:809} INFO - DAG(s) dict_keys(['example_branch_dop_operator_v3']) retrieved from /usr/local/lib/python3.10/dist-packages/airflow/example_dags/example_branch_python_dop_operator_3.py
[2023-10-28T08:00:07.349+0000] {logging_mixin.py:149} INFO - [2023-10-28T08:00:07.348+0000] {dag.py:2726} INFO - Sync 1 DAGs
[2023-10-28T08:00:07.422+0000] {logging_mixin.py:149} INFO - [2023-10-28T08:00:07.422+0000] {dag.py:3486} INFO - Setting next_dagrun for example_branch_dop_operator_v3 to 2023-10-28T07:59:00+00:00, run_after=2023-10-28T08:00:00+00:00
[2023-10-28T08:00:07.516+0000] {processor.py:178} INFO - Processing /usr/local/lib/python3.10/dist-packages/airflow/example_dags/example_branch_python_dop_operator_3.py took 0.289 seconds
[2023-10-28T08:15:30.588+0000] {processor.py:156} INFO - Started process (PID=1498140) to work on /usr/local/lib/python3.10/dist-packages/airflow/example_dags/example_branch_python_dop_operator_3.py
[2023-10-28T08:15:30.625+0000] {processor.py:799} INFO - Processing file /usr/local/lib/python3.10/dist-packages/airflow/example_dags/example_branch_python_dop_operator_3.py for tasks to queue
[2023-10-28T08:15:30.627+0000] {logging_mixin.py:149} INFO - [2023-10-28T08:15:30.626+0000] {dagbag.py:541} INFO - Filling up the DagBag from /usr/local/lib/python3.10/dist-packages/airflow/example_dags/example_branch_python_dop_operator_3.py
[2023-10-28T08:15:30.647+0000] {processor.py:809} INFO - DAG(s) dict_keys(['example_branch_dop_operator_v3']) retrieved from /usr/local/lib/python3.10/dist-packages/airflow/example_dags/example_branch_python_dop_operator_3.py
[2023-10-28T08:15:31.253+0000] {logging_mixin.py:149} INFO - [2023-10-28T08:15:31.252+0000] {manager.py:504} INFO - Created Permission View: can read on DAG:example_branch_dop_operator_v3
[2023-10-28T08:15:31.283+0000] {logging_mixin.py:149} INFO - [2023-10-28T08:15:31.283+0000] {manager.py:504} INFO - Created Permission View: can delete on DAG:example_branch_dop_operator_v3
[2023-10-28T08:15:31.311+0000] {logging_mixin.py:149} INFO - [2023-10-28T08:15:31.311+0000] {manager.py:504} INFO - Created Permission View: can edit on DAG:example_branch_dop_operator_v3
[2023-10-28T08:15:31.312+0000] {logging_mixin.py:149} INFO - [2023-10-28T08:15:31.312+0000] {dag.py:2726} INFO - Sync 1 DAGs
[2023-10-28T08:15:31.353+0000] {logging_mixin.py:149} INFO - [2023-10-28T08:15:31.352+0000] {dag.py:2747} INFO - Creating ORM DAG for example_branch_dop_operator_v3
[2023-10-28T08:15:31.406+0000] {logging_mixin.py:149} INFO - [2023-10-28T08:15:31.405+0000] {dag.py:3486} INFO - Setting next_dagrun for example_branch_dop_operator_v3 to 2023-10-28T08:14:00+00:00, run_after=2023-10-28T08:15:00+00:00
[2023-10-28T08:15:31.489+0000] {processor.py:178} INFO - Processing /usr/local/lib/python3.10/dist-packages/airflow/example_dags/example_branch_python_dop_operator_3.py took 0.908 seconds
[2023-10-28T08:16:01.684+0000] {processor.py:156} INFO - Started process (PID=1498824) to work on /usr/local/lib/python3.10/dist-packages/airflow/example_dags/example_branch_python_dop_operator_3.py
[2023-10-28T08:16:01.686+0000] {processor.py:799} INFO - Processing file /usr/local/lib/python3.10/dist-packages/airflow/example_dags/example_branch_python_dop_operator_3.py for tasks to queue
[2023-10-28T08:16:01.689+0000] {logging_mixin.py:149} INFO - [2023-10-28T08:16:01.688+0000] {dagbag.py:541} INFO - Filling up the DagBag from /usr/local/lib/python3.10/dist-packages/airflow/example_dags/example_branch_python_dop_operator_3.py
[2023-10-28T08:16:01.714+0000] {processor.py:809} INFO - DAG(s) dict_keys(['example_branch_dop_operator_v3']) retrieved from /usr/local/lib/python3.10/dist-packages/airflow/example_dags/example_branch_python_dop_operator_3.py
[2023-10-28T08:16:01.804+0000] {logging_mixin.py:149} INFO - [2023-10-28T08:16:01.804+0000] {dag.py:2726} INFO - Sync 1 DAGs
[2023-10-28T08:16:01.916+0000] {logging_mixin.py:149} INFO - [2023-10-28T08:16:01.915+0000] {dag.py:3486} INFO - Setting next_dagrun for example_branch_dop_operator_v3 to 2023-10-28T08:15:00+00:00, run_after=2023-10-28T08:16:00+00:00
[2023-10-28T08:16:01.983+0000] {processor.py:178} INFO - Processing /usr/local/lib/python3.10/dist-packages/airflow/example_dags/example_branch_python_dop_operator_3.py took 0.307 seconds
[2023-10-28T08:16:32.315+0000] {processor.py:156} INFO - Started process (PID=1500135) to work on /usr/local/lib/python3.10/dist-packages/airflow/example_dags/example_branch_python_dop_operator_3.py
[2023-10-28T08:16:32.353+0000] {processor.py:799} INFO - Processing file /usr/local/lib/python3.10/dist-packages/airflow/example_dags/example_branch_python_dop_operator_3.py for tasks to queue
[2023-10-28T08:16:32.355+0000] {logging_mixin.py:149} INFO - [2023-10-28T08:16:32.355+0000] {dagbag.py:541} INFO - Filling up the DagBag from /usr/local/lib/python3.10/dist-packages/airflow/example_dags/example_branch_python_dop_operator_3.py
[2023-10-28T08:16:32.381+0000] {processor.py:809} INFO - DAG(s) dict_keys(['example_branch_dop_operator_v3']) retrieved from /usr/local/lib/python3.10/dist-packages/airflow/example_dags/example_branch_python_dop_operator_3.py
[2023-10-28T08:16:32.472+0000] {logging_mixin.py:149} INFO - [2023-10-28T08:16:32.472+0000] {dag.py:2726} INFO - Sync 1 DAGs
[2023-10-28T08:16:32.565+0000] {logging_mixin.py:149} INFO - [2023-10-28T08:16:32.565+0000] {dag.py:3486} INFO - Setting next_dagrun for example_branch_dop_operator_v3 to 2023-10-28T08:15:00+00:00, run_after=2023-10-28T08:16:00+00:00
[2023-10-28T08:16:32.669+0000] {processor.py:178} INFO - Processing /usr/local/lib/python3.10/dist-packages/airflow/example_dags/example_branch_python_dop_operator_3.py took 0.361 seconds
[2023-10-28T08:17:02.995+0000] {processor.py:156} INFO - Started process (PID=1500812) to work on /usr/local/lib/python3.10/dist-packages/airflow/example_dags/example_branch_python_dop_operator_3.py
[2023-10-28T08:17:02.997+0000] {processor.py:799} INFO - Processing file /usr/local/lib/python3.10/dist-packages/airflow/example_dags/example_branch_python_dop_operator_3.py for tasks to queue
[2023-10-28T08:17:02.999+0000] {logging_mixin.py:149} INFO - [2023-10-28T08:17:02.998+0000] {dagbag.py:541} INFO - Filling up the DagBag from /usr/local/lib/python3.10/dist-packages/airflow/example_dags/example_branch_python_dop_operator_3.py
[2023-10-28T08:17:03.022+0000] {processor.py:809} INFO - DAG(s) dict_keys(['example_branch_dop_operator_v3']) retrieved from /usr/local/lib/python3.10/dist-packages/airflow/example_dags/example_branch_python_dop_operator_3.py
[2023-10-28T08:17:03.111+0000] {logging_mixin.py:149} INFO - [2023-10-28T08:17:03.110+0000] {dag.py:2726} INFO - Sync 1 DAGs
[2023-10-28T08:17:03.219+0000] {logging_mixin.py:149} INFO - [2023-10-28T08:17:03.218+0000] {dag.py:3486} INFO - Setting next_dagrun for example_branch_dop_operator_v3 to 2023-10-28T08:16:00+00:00, run_after=2023-10-28T08:17:00+00:00
[2023-10-28T08:17:03.316+0000] {processor.py:178} INFO - Processing /usr/local/lib/python3.10/dist-packages/airflow/example_dags/example_branch_python_dop_operator_3.py took 0.329 seconds
[2023-10-28T08:17:33.652+0000] {processor.py:156} INFO - Started process (PID=1501232) to work on /usr/local/lib/python3.10/dist-packages/airflow/example_dags/example_branch_python_dop_operator_3.py
[2023-10-28T08:17:33.689+0000] {processor.py:799} INFO - Processing file /usr/local/lib/python3.10/dist-packages/airflow/example_dags/example_branch_python_dop_operator_3.py for tasks to queue
[2023-10-28T08:17:33.691+0000] {logging_mixin.py:149} INFO - [2023-10-28T08:17:33.690+0000] {dagbag.py:541} INFO - Filling up the DagBag from /usr/local/lib/python3.10/dist-packages/airflow/example_dags/example_branch_python_dop_operator_3.py
[2023-10-28T08:17:33.711+0000] {processor.py:809} INFO - DAG(s) dict_keys(['example_branch_dop_operator_v3']) retrieved from /usr/local/lib/python3.10/dist-packages/airflow/example_dags/example_branch_python_dop_operator_3.py
[2023-10-28T08:17:33.794+0000] {logging_mixin.py:149} INFO - [2023-10-28T08:17:33.793+0000] {dag.py:2726} INFO - Sync 1 DAGs
[2023-10-28T08:17:33.887+0000] {logging_mixin.py:149} INFO - [2023-10-28T08:17:33.887+0000] {dag.py:3486} INFO - Setting next_dagrun for example_branch_dop_operator_v3 to 2023-10-28T08:16:00+00:00, run_after=2023-10-28T08:17:00+00:00
[2023-10-28T08:17:33.989+0000] {processor.py:178} INFO - Processing /usr/local/lib/python3.10/dist-packages/airflow/example_dags/example_branch_python_dop_operator_3.py took 0.344 seconds
[2023-10-28T08:18:04.271+0000] {processor.py:156} INFO - Started process (PID=1501616) to work on /usr/local/lib/python3.10/dist-packages/airflow/example_dags/example_branch_python_dop_operator_3.py
[2023-10-28T08:18:04.275+0000] {processor.py:799} INFO - Processing file /usr/local/lib/python3.10/dist-packages/airflow/example_dags/example_branch_python_dop_operator_3.py for tasks to queue
[2023-10-28T08:18:04.277+0000] {logging_mixin.py:149} INFO - [2023-10-28T08:18:04.276+0000] {dagbag.py:541} INFO - Filling up the DagBag from /usr/local/lib/python3.10/dist-packages/airflow/example_dags/example_branch_python_dop_operator_3.py
[2023-10-28T08:18:04.298+0000] {processor.py:809} INFO - DAG(s) dict_keys(['example_branch_dop_operator_v3']) retrieved from /usr/local/lib/python3.10/dist-packages/airflow/example_dags/example_branch_python_dop_operator_3.py
[2023-10-28T08:18:04.381+0000] {logging_mixin.py:149} INFO - [2023-10-28T08:18:04.380+0000] {dag.py:2726} INFO - Sync 1 DAGs
[2023-10-28T08:18:04.471+0000] {logging_mixin.py:149} INFO - [2023-10-28T08:18:04.470+0000] {dag.py:3486} INFO - Setting next_dagrun for example_branch_dop_operator_v3 to 2023-10-28T08:17:00+00:00, run_after=2023-10-28T08:18:00+00:00
[2023-10-28T08:18:04.570+0000] {processor.py:178} INFO - Processing /usr/local/lib/python3.10/dist-packages/airflow/example_dags/example_branch_python_dop_operator_3.py took 0.307 seconds
[2023-10-28T08:18:35.028+0000] {processor.py:156} INFO - Started process (PID=1501959) to work on /usr/local/lib/python3.10/dist-packages/airflow/example_dags/example_branch_python_dop_operator_3.py
[2023-10-28T08:18:35.030+0000] {processor.py:799} INFO - Processing file /usr/local/lib/python3.10/dist-packages/airflow/example_dags/example_branch_python_dop_operator_3.py for tasks to queue
[2023-10-28T08:18:35.032+0000] {logging_mixin.py:149} INFO - [2023-10-28T08:18:35.032+0000] {dagbag.py:541} INFO - Filling up the DagBag from /usr/local/lib/python3.10/dist-packages/airflow/example_dags/example_branch_python_dop_operator_3.py
[2023-10-28T08:18:35.054+0000] {processor.py:809} INFO - DAG(s) dict_keys(['example_branch_dop_operator_v3']) retrieved from /usr/local/lib/python3.10/dist-packages/airflow/example_dags/example_branch_python_dop_operator_3.py
[2023-10-28T08:18:35.136+0000] {logging_mixin.py:149} INFO - [2023-10-28T08:18:35.136+0000] {dag.py:2726} INFO - Sync 1 DAGs
[2023-10-28T08:18:35.234+0000] {logging_mixin.py:149} INFO - [2023-10-28T08:18:35.233+0000] {dag.py:3486} INFO - Setting next_dagrun for example_branch_dop_operator_v3 to 2023-10-28T08:17:00+00:00, run_after=2023-10-28T08:18:00+00:00
[2023-10-28T08:18:35.303+0000] {processor.py:178} INFO - Processing /usr/local/lib/python3.10/dist-packages/airflow/example_dags/example_branch_python_dop_operator_3.py took 0.282 seconds
[2023-10-28T08:19:05.635+0000] {processor.py:156} INFO - Started process (PID=1502340) to work on /usr/local/lib/python3.10/dist-packages/airflow/example_dags/example_branch_python_dop_operator_3.py
[2023-10-28T08:19:05.658+0000] {processor.py:799} INFO - Processing file /usr/local/lib/python3.10/dist-packages/airflow/example_dags/example_branch_python_dop_operator_3.py for tasks to queue
[2023-10-28T08:19:05.660+0000] {logging_mixin.py:149} INFO - [2023-10-28T08:19:05.660+0000] {dagbag.py:541} INFO - Filling up the DagBag from /usr/local/lib/python3.10/dist-packages/airflow/example_dags/example_branch_python_dop_operator_3.py
[2023-10-28T08:19:05.681+0000] {processor.py:809} INFO - DAG(s) dict_keys(['example_branch_dop_operator_v3']) retrieved from /usr/local/lib/python3.10/dist-packages/airflow/example_dags/example_branch_python_dop_operator_3.py
[2023-10-28T08:19:05.757+0000] {logging_mixin.py:149} INFO - [2023-10-28T08:19:05.757+0000] {dag.py:2726} INFO - Sync 1 DAGs
[2023-10-28T08:19:05.848+0000] {logging_mixin.py:149} INFO - [2023-10-28T08:19:05.847+0000] {dag.py:3486} INFO - Setting next_dagrun for example_branch_dop_operator_v3 to 2023-10-28T08:18:00+00:00, run_after=2023-10-28T08:19:00+00:00
[2023-10-28T08:19:05.949+0000] {processor.py:178} INFO - Processing /usr/local/lib/python3.10/dist-packages/airflow/example_dags/example_branch_python_dop_operator_3.py took 0.321 seconds
[2023-10-28T08:19:36.592+0000] {processor.py:156} INFO - Started process (PID=1502710) to work on /usr/local/lib/python3.10/dist-packages/airflow/example_dags/example_branch_python_dop_operator_3.py
[2023-10-28T08:19:36.614+0000] {processor.py:799} INFO - Processing file /usr/local/lib/python3.10/dist-packages/airflow/example_dags/example_branch_python_dop_operator_3.py for tasks to queue
[2023-10-28T08:19:36.616+0000] {logging_mixin.py:149} INFO - [2023-10-28T08:19:36.615+0000] {dagbag.py:541} INFO - Filling up the DagBag from /usr/local/lib/python3.10/dist-packages/airflow/example_dags/example_branch_python_dop_operator_3.py
[2023-10-28T08:19:36.640+0000] {processor.py:809} INFO - DAG(s) dict_keys(['example_branch_dop_operator_v3']) retrieved from /usr/local/lib/python3.10/dist-packages/airflow/example_dags/example_branch_python_dop_operator_3.py
[2023-10-28T08:19:36.720+0000] {logging_mixin.py:149} INFO - [2023-10-28T08:19:36.719+0000] {dag.py:2726} INFO - Sync 1 DAGs
[2023-10-28T08:19:36.815+0000] {logging_mixin.py:149} INFO - [2023-10-28T08:19:36.815+0000] {dag.py:3486} INFO - Setting next_dagrun for example_branch_dop_operator_v3 to 2023-10-28T08:18:00+00:00, run_after=2023-10-28T08:19:00+00:00
[2023-10-28T08:19:36.894+0000] {processor.py:178} INFO - Processing /usr/local/lib/python3.10/dist-packages/airflow/example_dags/example_branch_python_dop_operator_3.py took 0.308 seconds
[2023-10-28T08:20:07.509+0000] {processor.py:156} INFO - Started process (PID=1503092) to work on /usr/local/lib/python3.10/dist-packages/airflow/example_dags/example_branch_python_dop_operator_3.py
[2023-10-28T08:20:07.511+0000] {processor.py:799} INFO - Processing file /usr/local/lib/python3.10/dist-packages/airflow/example_dags/example_branch_python_dop_operator_3.py for tasks to queue
[2023-10-28T08:20:07.513+0000] {logging_mixin.py:149} INFO - [2023-10-28T08:20:07.512+0000] {dagbag.py:541} INFO - Filling up the DagBag from /usr/local/lib/python3.10/dist-packages/airflow/example_dags/example_branch_python_dop_operator_3.py
[2023-10-28T08:20:07.533+0000] {processor.py:809} INFO - DAG(s) dict_keys(['example_branch_dop_operator_v3']) retrieved from /usr/local/lib/python3.10/dist-packages/airflow/example_dags/example_branch_python_dop_operator_3.py
[2023-10-28T08:20:07.613+0000] {logging_mixin.py:149} INFO - [2023-10-28T08:20:07.613+0000] {dag.py:2726} INFO - Sync 1 DAGs
[2023-10-28T08:20:07.712+0000] {logging_mixin.py:149} INFO - [2023-10-28T08:20:07.711+0000] {dag.py:3486} INFO - Setting next_dagrun for example_branch_dop_operator_v3 to 2023-10-28T08:19:00+00:00, run_after=2023-10-28T08:20:00+00:00
[2023-10-28T08:20:07.783+0000] {processor.py:178} INFO - Processing /usr/local/lib/python3.10/dist-packages/airflow/example_dags/example_branch_python_dop_operator_3.py took 0.281 seconds
[2023-10-28T08:20:38.261+0000] {processor.py:156} INFO - Started process (PID=1503579) to work on /usr/local/lib/python3.10/dist-packages/airflow/example_dags/example_branch_python_dop_operator_3.py
[2023-10-28T08:20:38.285+0000] {processor.py:799} INFO - Processing file /usr/local/lib/python3.10/dist-packages/airflow/example_dags/example_branch_python_dop_operator_3.py for tasks to queue
[2023-10-28T08:20:38.287+0000] {logging_mixin.py:149} INFO - [2023-10-28T08:20:38.286+0000] {dagbag.py:541} INFO - Filling up the DagBag from /usr/local/lib/python3.10/dist-packages/airflow/example_dags/example_branch_python_dop_operator_3.py
[2023-10-28T08:20:38.309+0000] {processor.py:809} INFO - DAG(s) dict_keys(['example_branch_dop_operator_v3']) retrieved from /usr/local/lib/python3.10/dist-packages/airflow/example_dags/example_branch_python_dop_operator_3.py
[2023-10-28T08:20:38.391+0000] {logging_mixin.py:149} INFO - [2023-10-28T08:20:38.390+0000] {dag.py:2726} INFO - Sync 1 DAGs
[2023-10-28T08:20:38.485+0000] {logging_mixin.py:149} INFO - [2023-10-28T08:20:38.484+0000] {dag.py:3486} INFO - Setting next_dagrun for example_branch_dop_operator_v3 to 2023-10-28T08:19:00+00:00, run_after=2023-10-28T08:20:00+00:00
[2023-10-28T08:20:38.558+0000] {processor.py:178} INFO - Processing /usr/local/lib/python3.10/dist-packages/airflow/example_dags/example_branch_python_dop_operator_3.py took 0.304 seconds
[2023-10-28T08:21:08.872+0000] {processor.py:156} INFO - Started process (PID=1504033) to work on /usr/local/lib/python3.10/dist-packages/airflow/example_dags/example_branch_python_dop_operator_3.py
[2023-10-28T08:21:08.874+0000] {processor.py:799} INFO - Processing file /usr/local/lib/python3.10/dist-packages/airflow/example_dags/example_branch_python_dop_operator_3.py for tasks to queue
[2023-10-28T08:21:08.876+0000] {logging_mixin.py:149} INFO - [2023-10-28T08:21:08.875+0000] {dagbag.py:541} INFO - Filling up the DagBag from /usr/local/lib/python3.10/dist-packages/airflow/example_dags/example_branch_python_dop_operator_3.py
[2023-10-28T08:21:08.897+0000] {processor.py:809} INFO - DAG(s) dict_keys(['example_branch_dop_operator_v3']) retrieved from /usr/local/lib/python3.10/dist-packages/airflow/example_dags/example_branch_python_dop_operator_3.py
[2023-10-28T08:21:08.975+0000] {logging_mixin.py:149} INFO - [2023-10-28T08:21:08.974+0000] {dag.py:2726} INFO - Sync 1 DAGs
[2023-10-28T08:21:09.065+0000] {logging_mixin.py:149} INFO - [2023-10-28T08:21:09.065+0000] {dag.py:3486} INFO - Setting next_dagrun for example_branch_dop_operator_v3 to 2023-10-28T08:20:00+00:00, run_after=2023-10-28T08:21:00+00:00
[2023-10-28T08:21:09.132+0000] {processor.py:178} INFO - Processing /usr/local/lib/python3.10/dist-packages/airflow/example_dags/example_branch_python_dop_operator_3.py took 0.267 seconds
[2023-10-28T08:21:39.504+0000] {processor.py:156} INFO - Started process (PID=1504773) to work on /usr/local/lib/python3.10/dist-packages/airflow/example_dags/example_branch_python_dop_operator_3.py
[2023-10-28T08:21:39.525+0000] {processor.py:799} INFO - Processing file /usr/local/lib/python3.10/dist-packages/airflow/example_dags/example_branch_python_dop_operator_3.py for tasks to queue
[2023-10-28T08:21:39.527+0000] {logging_mixin.py:149} INFO - [2023-10-28T08:21:39.526+0000] {dagbag.py:541} INFO - Filling up the DagBag from /usr/local/lib/python3.10/dist-packages/airflow/example_dags/example_branch_python_dop_operator_3.py
[2023-10-28T08:21:39.548+0000] {processor.py:809} INFO - DAG(s) dict_keys(['example_branch_dop_operator_v3']) retrieved from /usr/local/lib/python3.10/dist-packages/airflow/example_dags/example_branch_python_dop_operator_3.py
[2023-10-28T08:21:39.627+0000] {logging_mixin.py:149} INFO - [2023-10-28T08:21:39.626+0000] {dag.py:2726} INFO - Sync 1 DAGs
[2023-10-28T08:21:39.720+0000] {logging_mixin.py:149} INFO - [2023-10-28T08:21:39.719+0000] {dag.py:3486} INFO - Setting next_dagrun for example_branch_dop_operator_v3 to 2023-10-28T08:20:00+00:00, run_after=2023-10-28T08:21:00+00:00
[2023-10-28T08:21:39.796+0000] {processor.py:178} INFO - Processing /usr/local/lib/python3.10/dist-packages/airflow/example_dags/example_branch_python_dop_operator_3.py took 0.300 seconds
[2023-10-28T08:22:10.322+0000] {processor.py:156} INFO - Started process (PID=1505490) to work on /usr/local/lib/python3.10/dist-packages/airflow/example_dags/example_branch_python_dop_operator_3.py
[2023-10-28T08:22:10.345+0000] {processor.py:799} INFO - Processing file /usr/local/lib/python3.10/dist-packages/airflow/example_dags/example_branch_python_dop_operator_3.py for tasks to queue
[2023-10-28T08:22:10.347+0000] {logging_mixin.py:149} INFO - [2023-10-28T08:22:10.346+0000] {dagbag.py:541} INFO - Filling up the DagBag from /usr/local/lib/python3.10/dist-packages/airflow/example_dags/example_branch_python_dop_operator_3.py
[2023-10-28T08:22:10.367+0000] {processor.py:809} INFO - DAG(s) dict_keys(['example_branch_dop_operator_v3']) retrieved from /usr/local/lib/python3.10/dist-packages/airflow/example_dags/example_branch_python_dop_operator_3.py
[2023-10-28T08:22:10.453+0000] {logging_mixin.py:149} INFO - [2023-10-28T08:22:10.453+0000] {dag.py:2726} INFO - Sync 1 DAGs
[2023-10-28T08:22:10.550+0000] {logging_mixin.py:149} INFO - [2023-10-28T08:22:10.549+0000] {dag.py:3486} INFO - Setting next_dagrun for example_branch_dop_operator_v3 to 2023-10-28T08:21:00+00:00, run_after=2023-10-28T08:22:00+00:00
[2023-10-28T08:22:10.630+0000] {processor.py:178} INFO - Processing /usr/local/lib/python3.10/dist-packages/airflow/example_dags/example_branch_python_dop_operator_3.py took 0.315 seconds
[2023-10-28T08:22:40.773+0000] {processor.py:156} INFO - Started process (PID=1506068) to work on /usr/local/lib/python3.10/dist-packages/airflow/example_dags/example_branch_python_dop_operator_3.py
[2023-10-28T08:22:40.778+0000] {processor.py:799} INFO - Processing file /usr/local/lib/python3.10/dist-packages/airflow/example_dags/example_branch_python_dop_operator_3.py for tasks to queue
[2023-10-28T08:22:40.780+0000] {logging_mixin.py:149} INFO - [2023-10-28T08:22:40.780+0000] {dagbag.py:541} INFO - Filling up the DagBag from /usr/local/lib/python3.10/dist-packages/airflow/example_dags/example_branch_python_dop_operator_3.py
[2023-10-28T08:22:40.800+0000] {processor.py:809} INFO - DAG(s) dict_keys(['example_branch_dop_operator_v3']) retrieved from /usr/local/lib/python3.10/dist-packages/airflow/example_dags/example_branch_python_dop_operator_3.py
[2023-10-28T08:22:40.888+0000] {logging_mixin.py:149} INFO - [2023-10-28T08:22:40.888+0000] {dag.py:2726} INFO - Sync 1 DAGs
[2023-10-28T08:22:40.988+0000] {logging_mixin.py:149} INFO - [2023-10-28T08:22:40.987+0000] {dag.py:3486} INFO - Setting next_dagrun for example_branch_dop_operator_v3 to 2023-10-28T08:21:00+00:00, run_after=2023-10-28T08:22:00+00:00
[2023-10-28T08:22:41.064+0000] {processor.py:178} INFO - Processing /usr/local/lib/python3.10/dist-packages/airflow/example_dags/example_branch_python_dop_operator_3.py took 0.299 seconds
[2023-10-28T08:23:11.633+0000] {processor.py:156} INFO - Started process (PID=1506482) to work on /usr/local/lib/python3.10/dist-packages/airflow/example_dags/example_branch_python_dop_operator_3.py
[2023-10-28T08:23:11.634+0000] {processor.py:799} INFO - Processing file /usr/local/lib/python3.10/dist-packages/airflow/example_dags/example_branch_python_dop_operator_3.py for tasks to queue
[2023-10-28T08:23:11.636+0000] {logging_mixin.py:149} INFO - [2023-10-28T08:23:11.636+0000] {dagbag.py:541} INFO - Filling up the DagBag from /usr/local/lib/python3.10/dist-packages/airflow/example_dags/example_branch_python_dop_operator_3.py
[2023-10-28T08:23:11.657+0000] {processor.py:809} INFO - DAG(s) dict_keys(['example_branch_dop_operator_v3']) retrieved from /usr/local/lib/python3.10/dist-packages/airflow/example_dags/example_branch_python_dop_operator_3.py
[2023-10-28T08:23:11.739+0000] {logging_mixin.py:149} INFO - [2023-10-28T08:23:11.739+0000] {dag.py:2726} INFO - Sync 1 DAGs
[2023-10-28T08:23:11.829+0000] {logging_mixin.py:149} INFO - [2023-10-28T08:23:11.829+0000] {dag.py:3486} INFO - Setting next_dagrun for example_branch_dop_operator_v3 to 2023-10-28T08:22:00+00:00, run_after=2023-10-28T08:23:00+00:00
[2023-10-28T08:23:11.903+0000] {processor.py:178} INFO - Processing /usr/local/lib/python3.10/dist-packages/airflow/example_dags/example_branch_python_dop_operator_3.py took 0.278 seconds
[2023-10-28T08:23:42.151+0000] {processor.py:156} INFO - Started process (PID=1506993) to work on /usr/local/lib/python3.10/dist-packages/airflow/example_dags/example_branch_python_dop_operator_3.py
[2023-10-28T08:23:42.174+0000] {processor.py:799} INFO - Processing file /usr/local/lib/python3.10/dist-packages/airflow/example_dags/example_branch_python_dop_operator_3.py for tasks to queue
[2023-10-28T08:23:42.176+0000] {logging_mixin.py:149} INFO - [2023-10-28T08:23:42.176+0000] {dagbag.py:541} INFO - Filling up the DagBag from /usr/local/lib/python3.10/dist-packages/airflow/example_dags/example_branch_python_dop_operator_3.py
[2023-10-28T08:23:42.197+0000] {processor.py:809} INFO - DAG(s) dict_keys(['example_branch_dop_operator_v3']) retrieved from /usr/local/lib/python3.10/dist-packages/airflow/example_dags/example_branch_python_dop_operator_3.py
[2023-10-28T08:23:42.282+0000] {logging_mixin.py:149} INFO - [2023-10-28T08:23:42.281+0000] {dag.py:2726} INFO - Sync 1 DAGs
[2023-10-28T08:23:42.380+0000] {logging_mixin.py:149} INFO - [2023-10-28T08:23:42.379+0000] {dag.py:3486} INFO - Setting next_dagrun for example_branch_dop_operator_v3 to 2023-10-28T08:22:00+00:00, run_after=2023-10-28T08:23:00+00:00
[2023-10-28T08:23:42.457+0000] {processor.py:178} INFO - Processing /usr/local/lib/python3.10/dist-packages/airflow/example_dags/example_branch_python_dop_operator_3.py took 0.312 seconds
[2023-10-28T08:24:13.035+0000] {processor.py:156} INFO - Started process (PID=1507555) to work on /usr/local/lib/python3.10/dist-packages/airflow/example_dags/example_branch_python_dop_operator_3.py
[2023-10-28T08:24:13.061+0000] {processor.py:799} INFO - Processing file /usr/local/lib/python3.10/dist-packages/airflow/example_dags/example_branch_python_dop_operator_3.py for tasks to queue
[2023-10-28T08:24:13.063+0000] {logging_mixin.py:149} INFO - [2023-10-28T08:24:13.062+0000] {dagbag.py:541} INFO - Filling up the DagBag from /usr/local/lib/python3.10/dist-packages/airflow/example_dags/example_branch_python_dop_operator_3.py
[2023-10-28T08:24:13.086+0000] {processor.py:809} INFO - DAG(s) dict_keys(['example_branch_dop_operator_v3']) retrieved from /usr/local/lib/python3.10/dist-packages/airflow/example_dags/example_branch_python_dop_operator_3.py
[2023-10-28T08:24:13.165+0000] {logging_mixin.py:149} INFO - [2023-10-28T08:24:13.164+0000] {dag.py:2726} INFO - Sync 1 DAGs
[2023-10-28T08:24:13.255+0000] {logging_mixin.py:149} INFO - [2023-10-28T08:24:13.255+0000] {dag.py:3486} INFO - Setting next_dagrun for example_branch_dop_operator_v3 to 2023-10-28T08:23:00+00:00, run_after=2023-10-28T08:24:00+00:00
[2023-10-28T08:24:13.329+0000] {processor.py:178} INFO - Processing /usr/local/lib/python3.10/dist-packages/airflow/example_dags/example_branch_python_dop_operator_3.py took 0.302 seconds
[2023-10-28T08:24:43.547+0000] {processor.py:156} INFO - Started process (PID=1508085) to work on /usr/local/lib/python3.10/dist-packages/airflow/example_dags/example_branch_python_dop_operator_3.py
[2023-10-28T08:24:43.569+0000] {processor.py:799} INFO - Processing file /usr/local/lib/python3.10/dist-packages/airflow/example_dags/example_branch_python_dop_operator_3.py for tasks to queue
[2023-10-28T08:24:43.571+0000] {logging_mixin.py:149} INFO - [2023-10-28T08:24:43.570+0000] {dagbag.py:541} INFO - Filling up the DagBag from /usr/local/lib/python3.10/dist-packages/airflow/example_dags/example_branch_python_dop_operator_3.py
[2023-10-28T08:24:43.591+0000] {processor.py:809} INFO - DAG(s) dict_keys(['example_branch_dop_operator_v3']) retrieved from /usr/local/lib/python3.10/dist-packages/airflow/example_dags/example_branch_python_dop_operator_3.py
[2023-10-28T08:24:43.672+0000] {logging_mixin.py:149} INFO - [2023-10-28T08:24:43.672+0000] {dag.py:2726} INFO - Sync 1 DAGs
[2023-10-28T08:24:43.762+0000] {logging_mixin.py:149} INFO - [2023-10-28T08:24:43.761+0000] {dag.py:3486} INFO - Setting next_dagrun for example_branch_dop_operator_v3 to 2023-10-28T08:23:00+00:00, run_after=2023-10-28T08:24:00+00:00
[2023-10-28T08:24:43.842+0000] {processor.py:178} INFO - Processing /usr/local/lib/python3.10/dist-packages/airflow/example_dags/example_branch_python_dop_operator_3.py took 0.302 seconds
[2023-10-28T08:25:14.115+0000] {processor.py:156} INFO - Started process (PID=1508603) to work on /usr/local/lib/python3.10/dist-packages/airflow/example_dags/example_branch_python_dop_operator_3.py
[2023-10-28T08:25:14.145+0000] {processor.py:799} INFO - Processing file /usr/local/lib/python3.10/dist-packages/airflow/example_dags/example_branch_python_dop_operator_3.py for tasks to queue
[2023-10-28T08:25:14.147+0000] {logging_mixin.py:149} INFO - [2023-10-28T08:25:14.147+0000] {dagbag.py:541} INFO - Filling up the DagBag from /usr/local/lib/python3.10/dist-packages/airflow/example_dags/example_branch_python_dop_operator_3.py
[2023-10-28T08:25:14.169+0000] {processor.py:809} INFO - DAG(s) dict_keys(['example_branch_dop_operator_v3']) retrieved from /usr/local/lib/python3.10/dist-packages/airflow/example_dags/example_branch_python_dop_operator_3.py
[2023-10-28T08:25:14.250+0000] {logging_mixin.py:149} INFO - [2023-10-28T08:25:14.250+0000] {dag.py:2726} INFO - Sync 1 DAGs
[2023-10-28T08:25:14.346+0000] {logging_mixin.py:149} INFO - [2023-10-28T08:25:14.345+0000] {dag.py:3486} INFO - Setting next_dagrun for example_branch_dop_operator_v3 to 2023-10-28T08:24:00+00:00, run_after=2023-10-28T08:25:00+00:00
[2023-10-28T08:25:14.424+0000] {processor.py:178} INFO - Processing /usr/local/lib/python3.10/dist-packages/airflow/example_dags/example_branch_python_dop_operator_3.py took 0.316 seconds
[2023-10-28T08:25:44.677+0000] {processor.py:156} INFO - Started process (PID=1509328) to work on /usr/local/lib/python3.10/dist-packages/airflow/example_dags/example_branch_python_dop_operator_3.py
[2023-10-28T08:25:44.697+0000] {processor.py:799} INFO - Processing file /usr/local/lib/python3.10/dist-packages/airflow/example_dags/example_branch_python_dop_operator_3.py for tasks to queue
[2023-10-28T08:25:44.699+0000] {logging_mixin.py:149} INFO - [2023-10-28T08:25:44.698+0000] {dagbag.py:541} INFO - Filling up the DagBag from /usr/local/lib/python3.10/dist-packages/airflow/example_dags/example_branch_python_dop_operator_3.py
[2023-10-28T08:25:44.719+0000] {processor.py:809} INFO - DAG(s) dict_keys(['example_branch_dop_operator_v3']) retrieved from /usr/local/lib/python3.10/dist-packages/airflow/example_dags/example_branch_python_dop_operator_3.py
[2023-10-28T08:25:44.798+0000] {logging_mixin.py:149} INFO - [2023-10-28T08:25:44.798+0000] {dag.py:2726} INFO - Sync 1 DAGs
[2023-10-28T08:25:44.891+0000] {logging_mixin.py:149} INFO - [2023-10-28T08:25:44.890+0000] {dag.py:3486} INFO - Setting next_dagrun for example_branch_dop_operator_v3 to 2023-10-28T08:24:00+00:00, run_after=2023-10-28T08:25:00+00:00
[2023-10-28T08:25:44.958+0000] {processor.py:178} INFO - Processing /usr/local/lib/python3.10/dist-packages/airflow/example_dags/example_branch_python_dop_operator_3.py took 0.289 seconds
[2023-10-28T08:26:15.278+0000] {processor.py:156} INFO - Started process (PID=1509708) to work on /usr/local/lib/python3.10/dist-packages/airflow/example_dags/example_branch_python_dop_operator_3.py
[2023-10-28T08:26:15.307+0000] {processor.py:799} INFO - Processing file /usr/local/lib/python3.10/dist-packages/airflow/example_dags/example_branch_python_dop_operator_3.py for tasks to queue
[2023-10-28T08:26:15.309+0000] {logging_mixin.py:149} INFO - [2023-10-28T08:26:15.308+0000] {dagbag.py:541} INFO - Filling up the DagBag from /usr/local/lib/python3.10/dist-packages/airflow/example_dags/example_branch_python_dop_operator_3.py
[2023-10-28T08:26:15.331+0000] {processor.py:809} INFO - DAG(s) dict_keys(['example_branch_dop_operator_v3']) retrieved from /usr/local/lib/python3.10/dist-packages/airflow/example_dags/example_branch_python_dop_operator_3.py
[2023-10-28T08:26:15.418+0000] {logging_mixin.py:149} INFO - [2023-10-28T08:26:15.418+0000] {dag.py:2726} INFO - Sync 1 DAGs
[2023-10-28T08:26:15.507+0000] {logging_mixin.py:149} INFO - [2023-10-28T08:26:15.507+0000] {dag.py:3486} INFO - Setting next_dagrun for example_branch_dop_operator_v3 to 2023-10-28T08:25:00+00:00, run_after=2023-10-28T08:26:00+00:00
[2023-10-28T08:26:15.575+0000] {processor.py:178} INFO - Processing /usr/local/lib/python3.10/dist-packages/airflow/example_dags/example_branch_python_dop_operator_3.py took 0.304 seconds
[2023-10-28T08:26:45.928+0000] {processor.py:156} INFO - Started process (PID=1510062) to work on /usr/local/lib/python3.10/dist-packages/airflow/example_dags/example_branch_python_dop_operator_3.py
[2023-10-28T08:26:45.952+0000] {processor.py:799} INFO - Processing file /usr/local/lib/python3.10/dist-packages/airflow/example_dags/example_branch_python_dop_operator_3.py for tasks to queue
[2023-10-28T08:26:45.954+0000] {logging_mixin.py:149} INFO - [2023-10-28T08:26:45.954+0000] {dagbag.py:541} INFO - Filling up the DagBag from /usr/local/lib/python3.10/dist-packages/airflow/example_dags/example_branch_python_dop_operator_3.py
[2023-10-28T08:26:45.977+0000] {processor.py:809} INFO - DAG(s) dict_keys(['example_branch_dop_operator_v3']) retrieved from /usr/local/lib/python3.10/dist-packages/airflow/example_dags/example_branch_python_dop_operator_3.py
[2023-10-28T08:26:46.055+0000] {logging_mixin.py:149} INFO - [2023-10-28T08:26:46.054+0000] {dag.py:2726} INFO - Sync 1 DAGs
[2023-10-28T08:26:46.147+0000] {logging_mixin.py:149} INFO - [2023-10-28T08:26:46.147+0000] {dag.py:3486} INFO - Setting next_dagrun for example_branch_dop_operator_v3 to 2023-10-28T08:25:00+00:00, run_after=2023-10-28T08:26:00+00:00
[2023-10-28T08:26:46.212+0000] {processor.py:178} INFO - Processing /usr/local/lib/python3.10/dist-packages/airflow/example_dags/example_branch_python_dop_operator_3.py took 0.291 seconds
[2023-10-28T08:27:16.609+0000] {processor.py:156} INFO - Started process (PID=1510643) to work on /usr/local/lib/python3.10/dist-packages/airflow/example_dags/example_branch_python_dop_operator_3.py
[2023-10-28T08:27:16.641+0000] {processor.py:799} INFO - Processing file /usr/local/lib/python3.10/dist-packages/airflow/example_dags/example_branch_python_dop_operator_3.py for tasks to queue
[2023-10-28T08:27:16.643+0000] {logging_mixin.py:149} INFO - [2023-10-28T08:27:16.643+0000] {dagbag.py:541} INFO - Filling up the DagBag from /usr/local/lib/python3.10/dist-packages/airflow/example_dags/example_branch_python_dop_operator_3.py
[2023-10-28T08:27:16.666+0000] {processor.py:809} INFO - DAG(s) dict_keys(['example_branch_dop_operator_v3']) retrieved from /usr/local/lib/python3.10/dist-packages/airflow/example_dags/example_branch_python_dop_operator_3.py
[2023-10-28T08:27:16.748+0000] {logging_mixin.py:149} INFO - [2023-10-28T08:27:16.748+0000] {dag.py:2726} INFO - Sync 1 DAGs
[2023-10-28T08:27:16.847+0000] {logging_mixin.py:149} INFO - [2023-10-28T08:27:16.846+0000] {dag.py:3486} INFO - Setting next_dagrun for example_branch_dop_operator_v3 to 2023-10-28T08:26:00+00:00, run_after=2023-10-28T08:27:00+00:00
[2023-10-28T08:27:16.929+0000] {processor.py:178} INFO - Processing /usr/local/lib/python3.10/dist-packages/airflow/example_dags/example_branch_python_dop_operator_3.py took 0.329 seconds
[2023-10-28T08:27:47.276+0000] {processor.py:156} INFO - Started process (PID=1510998) to work on /usr/local/lib/python3.10/dist-packages/airflow/example_dags/example_branch_python_dop_operator_3.py
[2023-10-28T08:27:47.305+0000] {processor.py:799} INFO - Processing file /usr/local/lib/python3.10/dist-packages/airflow/example_dags/example_branch_python_dop_operator_3.py for tasks to queue
[2023-10-28T08:27:47.307+0000] {logging_mixin.py:149} INFO - [2023-10-28T08:27:47.306+0000] {dagbag.py:541} INFO - Filling up the DagBag from /usr/local/lib/python3.10/dist-packages/airflow/example_dags/example_branch_python_dop_operator_3.py
[2023-10-28T08:27:47.328+0000] {processor.py:809} INFO - DAG(s) dict_keys(['example_branch_dop_operator_v3']) retrieved from /usr/local/lib/python3.10/dist-packages/airflow/example_dags/example_branch_python_dop_operator_3.py
[2023-10-28T08:27:47.416+0000] {logging_mixin.py:149} INFO - [2023-10-28T08:27:47.415+0000] {dag.py:2726} INFO - Sync 1 DAGs
[2023-10-28T08:27:47.531+0000] {logging_mixin.py:149} INFO - [2023-10-28T08:27:47.530+0000] {dag.py:3486} INFO - Setting next_dagrun for example_branch_dop_operator_v3 to 2023-10-28T08:26:00+00:00, run_after=2023-10-28T08:27:00+00:00
[2023-10-28T08:27:47.596+0000] {processor.py:178} INFO - Processing /usr/local/lib/python3.10/dist-packages/airflow/example_dags/example_branch_python_dop_operator_3.py took 0.328 seconds
[2023-10-28T08:28:17.810+0000] {processor.py:156} INFO - Started process (PID=1511382) to work on /usr/local/lib/python3.10/dist-packages/airflow/example_dags/example_branch_python_dop_operator_3.py
[2023-10-28T08:28:17.837+0000] {processor.py:799} INFO - Processing file /usr/local/lib/python3.10/dist-packages/airflow/example_dags/example_branch_python_dop_operator_3.py for tasks to queue
[2023-10-28T08:28:17.839+0000] {logging_mixin.py:149} INFO - [2023-10-28T08:28:17.838+0000] {dagbag.py:541} INFO - Filling up the DagBag from /usr/local/lib/python3.10/dist-packages/airflow/example_dags/example_branch_python_dop_operator_3.py
[2023-10-28T08:28:17.859+0000] {processor.py:809} INFO - DAG(s) dict_keys(['example_branch_dop_operator_v3']) retrieved from /usr/local/lib/python3.10/dist-packages/airflow/example_dags/example_branch_python_dop_operator_3.py
[2023-10-28T08:28:17.936+0000] {logging_mixin.py:149} INFO - [2023-10-28T08:28:17.936+0000] {dag.py:2726} INFO - Sync 1 DAGs
[2023-10-28T08:28:18.025+0000] {logging_mixin.py:149} INFO - [2023-10-28T08:28:18.024+0000] {dag.py:3486} INFO - Setting next_dagrun for example_branch_dop_operator_v3 to 2023-10-28T08:27:00+00:00, run_after=2023-10-28T08:28:00+00:00
[2023-10-28T08:28:18.108+0000] {processor.py:178} INFO - Processing /usr/local/lib/python3.10/dist-packages/airflow/example_dags/example_branch_python_dop_operator_3.py took 0.304 seconds
[2023-10-28T08:28:48.268+0000] {processor.py:156} INFO - Started process (PID=1511737) to work on /usr/local/lib/python3.10/dist-packages/airflow/example_dags/example_branch_python_dop_operator_3.py
[2023-10-28T08:28:48.269+0000] {processor.py:799} INFO - Processing file /usr/local/lib/python3.10/dist-packages/airflow/example_dags/example_branch_python_dop_operator_3.py for tasks to queue
[2023-10-28T08:28:48.271+0000] {logging_mixin.py:149} INFO - [2023-10-28T08:28:48.271+0000] {dagbag.py:541} INFO - Filling up the DagBag from /usr/local/lib/python3.10/dist-packages/airflow/example_dags/example_branch_python_dop_operator_3.py
[2023-10-28T08:28:48.291+0000] {processor.py:809} INFO - DAG(s) dict_keys(['example_branch_dop_operator_v3']) retrieved from /usr/local/lib/python3.10/dist-packages/airflow/example_dags/example_branch_python_dop_operator_3.py
[2023-10-28T08:28:48.375+0000] {logging_mixin.py:149} INFO - [2023-10-28T08:28:48.375+0000] {dag.py:2726} INFO - Sync 1 DAGs
[2023-10-28T08:28:48.465+0000] {logging_mixin.py:149} INFO - [2023-10-28T08:28:48.464+0000] {dag.py:3486} INFO - Setting next_dagrun for example_branch_dop_operator_v3 to 2023-10-28T08:27:00+00:00, run_after=2023-10-28T08:28:00+00:00
[2023-10-28T08:28:48.531+0000] {processor.py:178} INFO - Processing /usr/local/lib/python3.10/dist-packages/airflow/example_dags/example_branch_python_dop_operator_3.py took 0.271 seconds
[2023-10-28T08:29:19.012+0000] {processor.py:156} INFO - Started process (PID=1512134) to work on /usr/local/lib/python3.10/dist-packages/airflow/example_dags/example_branch_python_dop_operator_3.py
[2023-10-28T08:29:19.015+0000] {processor.py:799} INFO - Processing file /usr/local/lib/python3.10/dist-packages/airflow/example_dags/example_branch_python_dop_operator_3.py for tasks to queue
[2023-10-28T08:29:19.017+0000] {logging_mixin.py:149} INFO - [2023-10-28T08:29:19.016+0000] {dagbag.py:541} INFO - Filling up the DagBag from /usr/local/lib/python3.10/dist-packages/airflow/example_dags/example_branch_python_dop_operator_3.py
[2023-10-28T08:29:19.038+0000] {processor.py:809} INFO - DAG(s) dict_keys(['example_branch_dop_operator_v3']) retrieved from /usr/local/lib/python3.10/dist-packages/airflow/example_dags/example_branch_python_dop_operator_3.py
[2023-10-28T08:29:19.127+0000] {logging_mixin.py:149} INFO - [2023-10-28T08:29:19.126+0000] {dag.py:2726} INFO - Sync 1 DAGs
[2023-10-28T08:29:19.226+0000] {logging_mixin.py:149} INFO - [2023-10-28T08:29:19.225+0000] {dag.py:3486} INFO - Setting next_dagrun for example_branch_dop_operator_v3 to 2023-10-28T08:28:00+00:00, run_after=2023-10-28T08:29:00+00:00
[2023-10-28T08:29:19.287+0000] {processor.py:178} INFO - Processing /usr/local/lib/python3.10/dist-packages/airflow/example_dags/example_branch_python_dop_operator_3.py took 0.281 seconds
[2023-10-28T08:29:49.550+0000] {processor.py:156} INFO - Started process (PID=1512498) to work on /usr/local/lib/python3.10/dist-packages/airflow/example_dags/example_branch_python_dop_operator_3.py
[2023-10-28T08:29:49.553+0000] {processor.py:799} INFO - Processing file /usr/local/lib/python3.10/dist-packages/airflow/example_dags/example_branch_python_dop_operator_3.py for tasks to queue
[2023-10-28T08:29:49.555+0000] {logging_mixin.py:149} INFO - [2023-10-28T08:29:49.554+0000] {dagbag.py:541} INFO - Filling up the DagBag from /usr/local/lib/python3.10/dist-packages/airflow/example_dags/example_branch_python_dop_operator_3.py
[2023-10-28T08:29:49.577+0000] {processor.py:809} INFO - DAG(s) dict_keys(['example_branch_dop_operator_v3']) retrieved from /usr/local/lib/python3.10/dist-packages/airflow/example_dags/example_branch_python_dop_operator_3.py
[2023-10-28T08:29:49.663+0000] {logging_mixin.py:149} INFO - [2023-10-28T08:29:49.663+0000] {dag.py:2726} INFO - Sync 1 DAGs
[2023-10-28T08:29:49.758+0000] {logging_mixin.py:149} INFO - [2023-10-28T08:29:49.757+0000] {dag.py:3486} INFO - Setting next_dagrun for example_branch_dop_operator_v3 to 2023-10-28T08:28:00+00:00, run_after=2023-10-28T08:29:00+00:00
[2023-10-28T08:29:49.824+0000] {processor.py:178} INFO - Processing /usr/local/lib/python3.10/dist-packages/airflow/example_dags/example_branch_python_dop_operator_3.py took 0.282 seconds
[2023-10-28T08:30:20.415+0000] {processor.py:156} INFO - Started process (PID=1512960) to work on /usr/local/lib/python3.10/dist-packages/airflow/example_dags/example_branch_python_dop_operator_3.py
[2023-10-28T08:30:20.417+0000] {processor.py:799} INFO - Processing file /usr/local/lib/python3.10/dist-packages/airflow/example_dags/example_branch_python_dop_operator_3.py for tasks to queue
[2023-10-28T08:30:20.419+0000] {logging_mixin.py:149} INFO - [2023-10-28T08:30:20.418+0000] {dagbag.py:541} INFO - Filling up the DagBag from /usr/local/lib/python3.10/dist-packages/airflow/example_dags/example_branch_python_dop_operator_3.py
[2023-10-28T08:30:20.440+0000] {processor.py:809} INFO - DAG(s) dict_keys(['example_branch_dop_operator_v3']) retrieved from /usr/local/lib/python3.10/dist-packages/airflow/example_dags/example_branch_python_dop_operator_3.py
[2023-10-28T08:30:20.525+0000] {logging_mixin.py:149} INFO - [2023-10-28T08:30:20.524+0000] {dag.py:2726} INFO - Sync 1 DAGs
[2023-10-28T08:30:20.622+0000] {logging_mixin.py:149} INFO - [2023-10-28T08:30:20.622+0000] {dag.py:3486} INFO - Setting next_dagrun for example_branch_dop_operator_v3 to 2023-10-28T08:29:00+00:00, run_after=2023-10-28T08:30:00+00:00
[2023-10-28T08:30:20.685+0000] {processor.py:178} INFO - Processing /usr/local/lib/python3.10/dist-packages/airflow/example_dags/example_branch_python_dop_operator_3.py took 0.281 seconds
[2023-10-28T08:30:51.024+0000] {processor.py:156} INFO - Started process (PID=1513504) to work on /usr/local/lib/python3.10/dist-packages/airflow/example_dags/example_branch_python_dop_operator_3.py
[2023-10-28T08:30:51.045+0000] {processor.py:799} INFO - Processing file /usr/local/lib/python3.10/dist-packages/airflow/example_dags/example_branch_python_dop_operator_3.py for tasks to queue
[2023-10-28T08:30:51.047+0000] {logging_mixin.py:149} INFO - [2023-10-28T08:30:51.046+0000] {dagbag.py:541} INFO - Filling up the DagBag from /usr/local/lib/python3.10/dist-packages/airflow/example_dags/example_branch_python_dop_operator_3.py
[2023-10-28T08:30:51.070+0000] {processor.py:809} INFO - DAG(s) dict_keys(['example_branch_dop_operator_v3']) retrieved from /usr/local/lib/python3.10/dist-packages/airflow/example_dags/example_branch_python_dop_operator_3.py
[2023-10-28T08:30:51.153+0000] {logging_mixin.py:149} INFO - [2023-10-28T08:30:51.152+0000] {dag.py:2726} INFO - Sync 1 DAGs
[2023-10-28T08:30:51.258+0000] {logging_mixin.py:149} INFO - [2023-10-28T08:30:51.257+0000] {dag.py:3486} INFO - Setting next_dagrun for example_branch_dop_operator_v3 to 2023-10-28T08:29:00+00:00, run_after=2023-10-28T08:30:00+00:00
[2023-10-28T08:30:51.333+0000] {processor.py:178} INFO - Processing /usr/local/lib/python3.10/dist-packages/airflow/example_dags/example_branch_python_dop_operator_3.py took 0.316 seconds
[2023-10-28T08:31:21.539+0000] {processor.py:156} INFO - Started process (PID=1514006) to work on /usr/local/lib/python3.10/dist-packages/airflow/example_dags/example_branch_python_dop_operator_3.py
[2023-10-28T08:31:21.557+0000] {processor.py:799} INFO - Processing file /usr/local/lib/python3.10/dist-packages/airflow/example_dags/example_branch_python_dop_operator_3.py for tasks to queue
[2023-10-28T08:31:21.559+0000] {logging_mixin.py:149} INFO - [2023-10-28T08:31:21.559+0000] {dagbag.py:541} INFO - Filling up the DagBag from /usr/local/lib/python3.10/dist-packages/airflow/example_dags/example_branch_python_dop_operator_3.py
[2023-10-28T08:31:21.579+0000] {processor.py:809} INFO - DAG(s) dict_keys(['example_branch_dop_operator_v3']) retrieved from /usr/local/lib/python3.10/dist-packages/airflow/example_dags/example_branch_python_dop_operator_3.py
[2023-10-28T08:31:21.658+0000] {logging_mixin.py:149} INFO - [2023-10-28T08:31:21.658+0000] {dag.py:2726} INFO - Sync 1 DAGs
[2023-10-28T08:31:21.748+0000] {logging_mixin.py:149} INFO - [2023-10-28T08:31:21.747+0000] {dag.py:3486} INFO - Setting next_dagrun for example_branch_dop_operator_v3 to 2023-10-28T08:30:00+00:00, run_after=2023-10-28T08:31:00+00:00
[2023-10-28T08:31:21.826+0000] {processor.py:178} INFO - Processing /usr/local/lib/python3.10/dist-packages/airflow/example_dags/example_branch_python_dop_operator_3.py took 0.295 seconds
[2023-10-28T08:31:52.284+0000] {processor.py:156} INFO - Started process (PID=1514650) to work on /usr/local/lib/python3.10/dist-packages/airflow/example_dags/example_branch_python_dop_operator_3.py
[2023-10-28T08:31:52.286+0000] {processor.py:799} INFO - Processing file /usr/local/lib/python3.10/dist-packages/airflow/example_dags/example_branch_python_dop_operator_3.py for tasks to queue
[2023-10-28T08:31:52.288+0000] {logging_mixin.py:149} INFO - [2023-10-28T08:31:52.288+0000] {dagbag.py:541} INFO - Filling up the DagBag from /usr/local/lib/python3.10/dist-packages/airflow/example_dags/example_branch_python_dop_operator_3.py
[2023-10-28T08:31:52.312+0000] {processor.py:809} INFO - DAG(s) dict_keys(['example_branch_dop_operator_v3']) retrieved from /usr/local/lib/python3.10/dist-packages/airflow/example_dags/example_branch_python_dop_operator_3.py
[2023-10-28T08:31:52.393+0000] {logging_mixin.py:149} INFO - [2023-10-28T08:31:52.392+0000] {dag.py:2726} INFO - Sync 1 DAGs
[2023-10-28T08:31:52.523+0000] {logging_mixin.py:149} INFO - [2023-10-28T08:31:52.523+0000] {dag.py:3486} INFO - Setting next_dagrun for example_branch_dop_operator_v3 to 2023-10-28T08:30:00+00:00, run_after=2023-10-28T08:31:00+00:00
[2023-10-28T08:31:52.594+0000] {processor.py:178} INFO - Processing /usr/local/lib/python3.10/dist-packages/airflow/example_dags/example_branch_python_dop_operator_3.py took 0.319 seconds
[2023-10-28T08:32:23.419+0000] {processor.py:156} INFO - Started process (PID=1515248) to work on /usr/local/lib/python3.10/dist-packages/airflow/example_dags/example_branch_python_dop_operator_3.py
[2023-10-28T08:32:23.441+0000] {processor.py:799} INFO - Processing file /usr/local/lib/python3.10/dist-packages/airflow/example_dags/example_branch_python_dop_operator_3.py for tasks to queue
[2023-10-28T08:32:23.443+0000] {logging_mixin.py:149} INFO - [2023-10-28T08:32:23.442+0000] {dagbag.py:541} INFO - Filling up the DagBag from /usr/local/lib/python3.10/dist-packages/airflow/example_dags/example_branch_python_dop_operator_3.py
[2023-10-28T08:32:23.465+0000] {processor.py:809} INFO - DAG(s) dict_keys(['example_branch_dop_operator_v3']) retrieved from /usr/local/lib/python3.10/dist-packages/airflow/example_dags/example_branch_python_dop_operator_3.py
[2023-10-28T08:32:23.546+0000] {logging_mixin.py:149} INFO - [2023-10-28T08:32:23.545+0000] {dag.py:2726} INFO - Sync 1 DAGs
[2023-10-28T08:32:23.641+0000] {logging_mixin.py:149} INFO - [2023-10-28T08:32:23.640+0000] {dag.py:3486} INFO - Setting next_dagrun for example_branch_dop_operator_v3 to 2023-10-28T08:31:00+00:00, run_after=2023-10-28T08:32:00+00:00
[2023-10-28T08:32:23.707+0000] {processor.py:178} INFO - Processing /usr/local/lib/python3.10/dist-packages/airflow/example_dags/example_branch_python_dop_operator_3.py took 0.295 seconds
[2023-10-28T08:32:54.275+0000] {processor.py:156} INFO - Started process (PID=1515872) to work on /usr/local/lib/python3.10/dist-packages/airflow/example_dags/example_branch_python_dop_operator_3.py
[2023-10-28T08:32:54.301+0000] {processor.py:799} INFO - Processing file /usr/local/lib/python3.10/dist-packages/airflow/example_dags/example_branch_python_dop_operator_3.py for tasks to queue
[2023-10-28T08:32:54.303+0000] {logging_mixin.py:149} INFO - [2023-10-28T08:32:54.302+0000] {dagbag.py:541} INFO - Filling up the DagBag from /usr/local/lib/python3.10/dist-packages/airflow/example_dags/example_branch_python_dop_operator_3.py
[2023-10-28T08:32:54.324+0000] {processor.py:809} INFO - DAG(s) dict_keys(['example_branch_dop_operator_v3']) retrieved from /usr/local/lib/python3.10/dist-packages/airflow/example_dags/example_branch_python_dop_operator_3.py
[2023-10-28T08:32:54.410+0000] {logging_mixin.py:149} INFO - [2023-10-28T08:32:54.410+0000] {dag.py:2726} INFO - Sync 1 DAGs
[2023-10-28T08:32:54.519+0000] {logging_mixin.py:149} INFO - [2023-10-28T08:32:54.519+0000] {dag.py:3486} INFO - Setting next_dagrun for example_branch_dop_operator_v3 to 2023-10-28T08:31:00+00:00, run_after=2023-10-28T08:32:00+00:00
[2023-10-28T08:32:54.587+0000] {processor.py:178} INFO - Processing /usr/local/lib/python3.10/dist-packages/airflow/example_dags/example_branch_python_dop_operator_3.py took 0.319 seconds
[2023-10-28T08:33:24.857+0000] {processor.py:156} INFO - Started process (PID=1516255) to work on /usr/local/lib/python3.10/dist-packages/airflow/example_dags/example_branch_python_dop_operator_3.py
[2023-10-28T08:33:24.859+0000] {processor.py:799} INFO - Processing file /usr/local/lib/python3.10/dist-packages/airflow/example_dags/example_branch_python_dop_operator_3.py for tasks to queue
[2023-10-28T08:33:24.860+0000] {logging_mixin.py:149} INFO - [2023-10-28T08:33:24.860+0000] {dagbag.py:541} INFO - Filling up the DagBag from /usr/local/lib/python3.10/dist-packages/airflow/example_dags/example_branch_python_dop_operator_3.py
[2023-10-28T08:33:24.882+0000] {processor.py:809} INFO - DAG(s) dict_keys(['example_branch_dop_operator_v3']) retrieved from /usr/local/lib/python3.10/dist-packages/airflow/example_dags/example_branch_python_dop_operator_3.py
[2023-10-28T08:33:24.960+0000] {logging_mixin.py:149} INFO - [2023-10-28T08:33:24.959+0000] {dag.py:2726} INFO - Sync 1 DAGs
[2023-10-28T08:33:25.049+0000] {logging_mixin.py:149} INFO - [2023-10-28T08:33:25.048+0000] {dag.py:3486} INFO - Setting next_dagrun for example_branch_dop_operator_v3 to 2023-10-28T08:32:00+00:00, run_after=2023-10-28T08:33:00+00:00
[2023-10-28T08:33:25.115+0000] {processor.py:178} INFO - Processing /usr/local/lib/python3.10/dist-packages/airflow/example_dags/example_branch_python_dop_operator_3.py took 0.265 seconds
[2023-10-28T08:33:55.285+0000] {processor.py:156} INFO - Started process (PID=1516611) to work on /usr/local/lib/python3.10/dist-packages/airflow/example_dags/example_branch_python_dop_operator_3.py
[2023-10-28T08:33:55.313+0000] {processor.py:799} INFO - Processing file /usr/local/lib/python3.10/dist-packages/airflow/example_dags/example_branch_python_dop_operator_3.py for tasks to queue
[2023-10-28T08:33:55.315+0000] {logging_mixin.py:149} INFO - [2023-10-28T08:33:55.315+0000] {dagbag.py:541} INFO - Filling up the DagBag from /usr/local/lib/python3.10/dist-packages/airflow/example_dags/example_branch_python_dop_operator_3.py
[2023-10-28T08:33:55.337+0000] {processor.py:809} INFO - DAG(s) dict_keys(['example_branch_dop_operator_v3']) retrieved from /usr/local/lib/python3.10/dist-packages/airflow/example_dags/example_branch_python_dop_operator_3.py
[2023-10-28T08:33:55.418+0000] {logging_mixin.py:149} INFO - [2023-10-28T08:33:55.418+0000] {dag.py:2726} INFO - Sync 1 DAGs
[2023-10-28T08:33:55.519+0000] {logging_mixin.py:149} INFO - [2023-10-28T08:33:55.519+0000] {dag.py:3486} INFO - Setting next_dagrun for example_branch_dop_operator_v3 to 2023-10-28T08:32:00+00:00, run_after=2023-10-28T08:33:00+00:00
[2023-10-28T08:33:55.590+0000] {processor.py:178} INFO - Processing /usr/local/lib/python3.10/dist-packages/airflow/example_dags/example_branch_python_dop_operator_3.py took 0.312 seconds
[2023-10-28T08:34:25.913+0000] {processor.py:156} INFO - Started process (PID=1517009) to work on /usr/local/lib/python3.10/dist-packages/airflow/example_dags/example_branch_python_dop_operator_3.py
[2023-10-28T08:34:25.941+0000] {processor.py:799} INFO - Processing file /usr/local/lib/python3.10/dist-packages/airflow/example_dags/example_branch_python_dop_operator_3.py for tasks to queue
[2023-10-28T08:34:25.943+0000] {logging_mixin.py:149} INFO - [2023-10-28T08:34:25.942+0000] {dagbag.py:541} INFO - Filling up the DagBag from /usr/local/lib/python3.10/dist-packages/airflow/example_dags/example_branch_python_dop_operator_3.py
[2023-10-28T08:34:25.969+0000] {processor.py:809} INFO - DAG(s) dict_keys(['example_branch_dop_operator_v3']) retrieved from /usr/local/lib/python3.10/dist-packages/airflow/example_dags/example_branch_python_dop_operator_3.py
[2023-10-28T08:34:26.047+0000] {logging_mixin.py:149} INFO - [2023-10-28T08:34:26.046+0000] {dag.py:2726} INFO - Sync 1 DAGs
[2023-10-28T08:34:26.145+0000] {logging_mixin.py:149} INFO - [2023-10-28T08:34:26.145+0000] {dag.py:3486} INFO - Setting next_dagrun for example_branch_dop_operator_v3 to 2023-10-28T08:33:00+00:00, run_after=2023-10-28T08:34:00+00:00
[2023-10-28T08:34:26.220+0000] {processor.py:178} INFO - Processing /usr/local/lib/python3.10/dist-packages/airflow/example_dags/example_branch_python_dop_operator_3.py took 0.314 seconds
[2023-10-28T08:34:56.680+0000] {processor.py:156} INFO - Started process (PID=1517369) to work on /usr/local/lib/python3.10/dist-packages/airflow/example_dags/example_branch_python_dop_operator_3.py
[2023-10-28T08:34:56.721+0000] {processor.py:799} INFO - Processing file /usr/local/lib/python3.10/dist-packages/airflow/example_dags/example_branch_python_dop_operator_3.py for tasks to queue
[2023-10-28T08:34:56.723+0000] {logging_mixin.py:149} INFO - [2023-10-28T08:34:56.723+0000] {dagbag.py:541} INFO - Filling up the DagBag from /usr/local/lib/python3.10/dist-packages/airflow/example_dags/example_branch_python_dop_operator_3.py
[2023-10-28T08:34:56.747+0000] {processor.py:809} INFO - DAG(s) dict_keys(['example_branch_dop_operator_v3']) retrieved from /usr/local/lib/python3.10/dist-packages/airflow/example_dags/example_branch_python_dop_operator_3.py
[2023-10-28T08:34:56.829+0000] {logging_mixin.py:149} INFO - [2023-10-28T08:34:56.829+0000] {dag.py:2726} INFO - Sync 1 DAGs
[2023-10-28T08:34:56.928+0000] {logging_mixin.py:149} INFO - [2023-10-28T08:34:56.927+0000] {dag.py:3486} INFO - Setting next_dagrun for example_branch_dop_operator_v3 to 2023-10-28T08:33:00+00:00, run_after=2023-10-28T08:34:00+00:00
[2023-10-28T08:34:57.048+0000] {processor.py:178} INFO - Processing /usr/local/lib/python3.10/dist-packages/airflow/example_dags/example_branch_python_dop_operator_3.py took 0.375 seconds
[2023-10-28T08:35:27.692+0000] {processor.py:156} INFO - Started process (PID=1517968) to work on /usr/local/lib/python3.10/dist-packages/airflow/example_dags/example_branch_python_dop_operator_3.py
[2023-10-28T08:35:27.727+0000] {processor.py:799} INFO - Processing file /usr/local/lib/python3.10/dist-packages/airflow/example_dags/example_branch_python_dop_operator_3.py for tasks to queue
[2023-10-28T08:35:27.730+0000] {logging_mixin.py:149} INFO - [2023-10-28T08:35:27.729+0000] {dagbag.py:541} INFO - Filling up the DagBag from /usr/local/lib/python3.10/dist-packages/airflow/example_dags/example_branch_python_dop_operator_3.py
[2023-10-28T08:35:27.751+0000] {processor.py:809} INFO - DAG(s) dict_keys(['example_branch_dop_operator_v3']) retrieved from /usr/local/lib/python3.10/dist-packages/airflow/example_dags/example_branch_python_dop_operator_3.py
[2023-10-28T08:35:27.835+0000] {logging_mixin.py:149} INFO - [2023-10-28T08:35:27.835+0000] {dag.py:2726} INFO - Sync 1 DAGs
[2023-10-28T08:35:27.927+0000] {logging_mixin.py:149} INFO - [2023-10-28T08:35:27.926+0000] {dag.py:3486} INFO - Setting next_dagrun for example_branch_dop_operator_v3 to 2023-10-28T08:34:00+00:00, run_after=2023-10-28T08:35:00+00:00
[2023-10-28T08:35:27.989+0000] {processor.py:178} INFO - Processing /usr/local/lib/python3.10/dist-packages/airflow/example_dags/example_branch_python_dop_operator_3.py took 0.305 seconds
[2023-10-28T08:35:58.372+0000] {processor.py:156} INFO - Started process (PID=1518380) to work on /usr/local/lib/python3.10/dist-packages/airflow/example_dags/example_branch_python_dop_operator_3.py
[2023-10-28T08:35:58.374+0000] {processor.py:799} INFO - Processing file /usr/local/lib/python3.10/dist-packages/airflow/example_dags/example_branch_python_dop_operator_3.py for tasks to queue
[2023-10-28T08:35:58.376+0000] {logging_mixin.py:149} INFO - [2023-10-28T08:35:58.375+0000] {dagbag.py:541} INFO - Filling up the DagBag from /usr/local/lib/python3.10/dist-packages/airflow/example_dags/example_branch_python_dop_operator_3.py
[2023-10-28T08:35:58.401+0000] {processor.py:809} INFO - DAG(s) dict_keys(['example_branch_dop_operator_v3']) retrieved from /usr/local/lib/python3.10/dist-packages/airflow/example_dags/example_branch_python_dop_operator_3.py
[2023-10-28T08:35:58.478+0000] {logging_mixin.py:149} INFO - [2023-10-28T08:35:58.478+0000] {dag.py:2726} INFO - Sync 1 DAGs
[2023-10-28T08:35:58.572+0000] {logging_mixin.py:149} INFO - [2023-10-28T08:35:58.571+0000] {dag.py:3486} INFO - Setting next_dagrun for example_branch_dop_operator_v3 to 2023-10-28T08:34:00+00:00, run_after=2023-10-28T08:35:00+00:00
[2023-10-28T08:35:58.634+0000] {processor.py:178} INFO - Processing /usr/local/lib/python3.10/dist-packages/airflow/example_dags/example_branch_python_dop_operator_3.py took 0.273 seconds
[2023-10-28T08:36:29.237+0000] {processor.py:156} INFO - Started process (PID=1518765) to work on /usr/local/lib/python3.10/dist-packages/airflow/example_dags/example_branch_python_dop_operator_3.py
[2023-10-28T08:36:29.276+0000] {processor.py:799} INFO - Processing file /usr/local/lib/python3.10/dist-packages/airflow/example_dags/example_branch_python_dop_operator_3.py for tasks to queue
[2023-10-28T08:36:29.278+0000] {logging_mixin.py:149} INFO - [2023-10-28T08:36:29.278+0000] {dagbag.py:541} INFO - Filling up the DagBag from /usr/local/lib/python3.10/dist-packages/airflow/example_dags/example_branch_python_dop_operator_3.py
[2023-10-28T08:36:29.298+0000] {processor.py:809} INFO - DAG(s) dict_keys(['example_branch_dop_operator_v3']) retrieved from /usr/local/lib/python3.10/dist-packages/airflow/example_dags/example_branch_python_dop_operator_3.py
[2023-10-28T08:36:29.383+0000] {logging_mixin.py:149} INFO - [2023-10-28T08:36:29.383+0000] {dag.py:2726} INFO - Sync 1 DAGs
[2023-10-28T08:36:29.482+0000] {logging_mixin.py:149} INFO - [2023-10-28T08:36:29.481+0000] {dag.py:3486} INFO - Setting next_dagrun for example_branch_dop_operator_v3 to 2023-10-28T08:35:00+00:00, run_after=2023-10-28T08:36:00+00:00
[2023-10-28T08:36:29.595+0000] {processor.py:178} INFO - Processing /usr/local/lib/python3.10/dist-packages/airflow/example_dags/example_branch_python_dop_operator_3.py took 0.366 seconds
[2023-10-28T08:37:00.359+0000] {processor.py:156} INFO - Started process (PID=1519242) to work on /usr/local/lib/python3.10/dist-packages/airflow/example_dags/example_branch_python_dop_operator_3.py
[2023-10-28T08:37:00.361+0000] {processor.py:799} INFO - Processing file /usr/local/lib/python3.10/dist-packages/airflow/example_dags/example_branch_python_dop_operator_3.py for tasks to queue
[2023-10-28T08:37:00.363+0000] {logging_mixin.py:149} INFO - [2023-10-28T08:37:00.362+0000] {dagbag.py:541} INFO - Filling up the DagBag from /usr/local/lib/python3.10/dist-packages/airflow/example_dags/example_branch_python_dop_operator_3.py
[2023-10-28T08:37:00.383+0000] {processor.py:809} INFO - DAG(s) dict_keys(['example_branch_dop_operator_v3']) retrieved from /usr/local/lib/python3.10/dist-packages/airflow/example_dags/example_branch_python_dop_operator_3.py
[2023-10-28T08:37:00.475+0000] {logging_mixin.py:149} INFO - [2023-10-28T08:37:00.474+0000] {dag.py:2726} INFO - Sync 1 DAGs
[2023-10-28T08:37:00.572+0000] {logging_mixin.py:149} INFO - [2023-10-28T08:37:00.571+0000] {dag.py:3486} INFO - Setting next_dagrun for example_branch_dop_operator_v3 to 2023-10-28T08:36:00+00:00, run_after=2023-10-28T08:37:00+00:00
[2023-10-28T08:37:00.682+0000] {processor.py:178} INFO - Processing /usr/local/lib/python3.10/dist-packages/airflow/example_dags/example_branch_python_dop_operator_3.py took 0.330 seconds
[2023-10-28T08:37:30.976+0000] {processor.py:156} INFO - Started process (PID=1519620) to work on /usr/local/lib/python3.10/dist-packages/airflow/example_dags/example_branch_python_dop_operator_3.py
[2023-10-28T08:37:31.012+0000] {processor.py:799} INFO - Processing file /usr/local/lib/python3.10/dist-packages/airflow/example_dags/example_branch_python_dop_operator_3.py for tasks to queue
[2023-10-28T08:37:31.014+0000] {logging_mixin.py:149} INFO - [2023-10-28T08:37:31.014+0000] {dagbag.py:541} INFO - Filling up the DagBag from /usr/local/lib/python3.10/dist-packages/airflow/example_dags/example_branch_python_dop_operator_3.py
[2023-10-28T08:37:31.034+0000] {processor.py:809} INFO - DAG(s) dict_keys(['example_branch_dop_operator_v3']) retrieved from /usr/local/lib/python3.10/dist-packages/airflow/example_dags/example_branch_python_dop_operator_3.py
[2023-10-28T08:37:31.123+0000] {logging_mixin.py:149} INFO - [2023-10-28T08:37:31.123+0000] {dag.py:2726} INFO - Sync 1 DAGs
[2023-10-28T08:37:31.217+0000] {logging_mixin.py:149} INFO - [2023-10-28T08:37:31.216+0000] {dag.py:3486} INFO - Setting next_dagrun for example_branch_dop_operator_v3 to 2023-10-28T08:36:00+00:00, run_after=2023-10-28T08:37:00+00:00
[2023-10-28T08:37:31.315+0000] {processor.py:178} INFO - Processing /usr/local/lib/python3.10/dist-packages/airflow/example_dags/example_branch_python_dop_operator_3.py took 0.346 seconds
[2023-10-28T08:38:01.847+0000] {processor.py:156} INFO - Started process (PID=1520055) to work on /usr/local/lib/python3.10/dist-packages/airflow/example_dags/example_branch_python_dop_operator_3.py
[2023-10-28T08:38:01.849+0000] {processor.py:799} INFO - Processing file /usr/local/lib/python3.10/dist-packages/airflow/example_dags/example_branch_python_dop_operator_3.py for tasks to queue
[2023-10-28T08:38:01.851+0000] {logging_mixin.py:149} INFO - [2023-10-28T08:38:01.851+0000] {dagbag.py:541} INFO - Filling up the DagBag from /usr/local/lib/python3.10/dist-packages/airflow/example_dags/example_branch_python_dop_operator_3.py
[2023-10-28T08:38:01.874+0000] {processor.py:809} INFO - DAG(s) dict_keys(['example_branch_dop_operator_v3']) retrieved from /usr/local/lib/python3.10/dist-packages/airflow/example_dags/example_branch_python_dop_operator_3.py
[2023-10-28T08:38:01.962+0000] {logging_mixin.py:149} INFO - [2023-10-28T08:38:01.961+0000] {dag.py:2726} INFO - Sync 1 DAGs
[2023-10-28T08:38:02.066+0000] {logging_mixin.py:149} INFO - [2023-10-28T08:38:02.066+0000] {dag.py:3486} INFO - Setting next_dagrun for example_branch_dop_operator_v3 to 2023-10-28T08:37:00+00:00, run_after=2023-10-28T08:38:00+00:00
[2023-10-28T08:38:02.181+0000] {processor.py:178} INFO - Processing /usr/local/lib/python3.10/dist-packages/airflow/example_dags/example_branch_python_dop_operator_3.py took 0.340 seconds
[2023-10-28T08:38:32.384+0000] {processor.py:156} INFO - Started process (PID=1520553) to work on /usr/local/lib/python3.10/dist-packages/airflow/example_dags/example_branch_python_dop_operator_3.py
[2023-10-28T08:38:32.417+0000] {processor.py:799} INFO - Processing file /usr/local/lib/python3.10/dist-packages/airflow/example_dags/example_branch_python_dop_operator_3.py for tasks to queue
[2023-10-28T08:38:32.419+0000] {logging_mixin.py:149} INFO - [2023-10-28T08:38:32.419+0000] {dagbag.py:541} INFO - Filling up the DagBag from /usr/local/lib/python3.10/dist-packages/airflow/example_dags/example_branch_python_dop_operator_3.py
[2023-10-28T08:38:32.440+0000] {processor.py:809} INFO - DAG(s) dict_keys(['example_branch_dop_operator_v3']) retrieved from /usr/local/lib/python3.10/dist-packages/airflow/example_dags/example_branch_python_dop_operator_3.py
[2023-10-28T08:38:32.519+0000] {logging_mixin.py:149} INFO - [2023-10-28T08:38:32.518+0000] {dag.py:2726} INFO - Sync 1 DAGs
[2023-10-28T08:38:32.615+0000] {logging_mixin.py:149} INFO - [2023-10-28T08:38:32.614+0000] {dag.py:3486} INFO - Setting next_dagrun for example_branch_dop_operator_v3 to 2023-10-28T08:37:00+00:00, run_after=2023-10-28T08:38:00+00:00
[2023-10-28T08:38:32.711+0000] {processor.py:178} INFO - Processing /usr/local/lib/python3.10/dist-packages/airflow/example_dags/example_branch_python_dop_operator_3.py took 0.334 seconds
[2023-10-28T08:39:03.329+0000] {processor.py:156} INFO - Started process (PID=1521133) to work on /usr/local/lib/python3.10/dist-packages/airflow/example_dags/example_branch_python_dop_operator_3.py
[2023-10-28T08:39:03.330+0000] {processor.py:799} INFO - Processing file /usr/local/lib/python3.10/dist-packages/airflow/example_dags/example_branch_python_dop_operator_3.py for tasks to queue
[2023-10-28T08:39:03.333+0000] {logging_mixin.py:149} INFO - [2023-10-28T08:39:03.332+0000] {dagbag.py:541} INFO - Filling up the DagBag from /usr/local/lib/python3.10/dist-packages/airflow/example_dags/example_branch_python_dop_operator_3.py
[2023-10-28T08:39:03.353+0000] {processor.py:809} INFO - DAG(s) dict_keys(['example_branch_dop_operator_v3']) retrieved from /usr/local/lib/python3.10/dist-packages/airflow/example_dags/example_branch_python_dop_operator_3.py
[2023-10-28T08:39:03.437+0000] {logging_mixin.py:149} INFO - [2023-10-28T08:39:03.437+0000] {dag.py:2726} INFO - Sync 1 DAGs
[2023-10-28T08:39:03.530+0000] {logging_mixin.py:149} INFO - [2023-10-28T08:39:03.529+0000] {dag.py:3486} INFO - Setting next_dagrun for example_branch_dop_operator_v3 to 2023-10-28T08:38:00+00:00, run_after=2023-10-28T08:39:00+00:00
[2023-10-28T08:39:03.639+0000] {processor.py:178} INFO - Processing /usr/local/lib/python3.10/dist-packages/airflow/example_dags/example_branch_python_dop_operator_3.py took 0.318 seconds
[2023-10-28T08:39:33.881+0000] {processor.py:156} INFO - Started process (PID=1521553) to work on /usr/local/lib/python3.10/dist-packages/airflow/example_dags/example_branch_python_dop_operator_3.py
[2023-10-28T08:39:33.920+0000] {processor.py:799} INFO - Processing file /usr/local/lib/python3.10/dist-packages/airflow/example_dags/example_branch_python_dop_operator_3.py for tasks to queue
[2023-10-28T08:39:33.922+0000] {logging_mixin.py:149} INFO - [2023-10-28T08:39:33.922+0000] {dagbag.py:541} INFO - Filling up the DagBag from /usr/local/lib/python3.10/dist-packages/airflow/example_dags/example_branch_python_dop_operator_3.py
[2023-10-28T08:39:33.953+0000] {processor.py:809} INFO - DAG(s) dict_keys(['example_branch_dop_operator_v3']) retrieved from /usr/local/lib/python3.10/dist-packages/airflow/example_dags/example_branch_python_dop_operator_3.py
[2023-10-28T08:39:34.032+0000] {logging_mixin.py:149} INFO - [2023-10-28T08:39:34.031+0000] {dag.py:2726} INFO - Sync 1 DAGs
[2023-10-28T08:39:34.123+0000] {logging_mixin.py:149} INFO - [2023-10-28T08:39:34.122+0000] {dag.py:3486} INFO - Setting next_dagrun for example_branch_dop_operator_v3 to 2023-10-28T08:38:00+00:00, run_after=2023-10-28T08:39:00+00:00
[2023-10-28T08:39:34.187+0000] {processor.py:178} INFO - Processing /usr/local/lib/python3.10/dist-packages/airflow/example_dags/example_branch_python_dop_operator_3.py took 0.313 seconds
