[2023-10-28T07:57:13.824+0000] {processor.py:156} INFO - Started process (PID=1491475) to work on /usr/local/lib/python3.10/dist-packages/airflow/example_dags/example_task_group_decorator.py
[2023-10-28T07:57:13.826+0000] {processor.py:799} INFO - Processing file /usr/local/lib/python3.10/dist-packages/airflow/example_dags/example_task_group_decorator.py for tasks to queue
[2023-10-28T07:57:13.829+0000] {logging_mixin.py:149} INFO - [2023-10-28T07:57:13.828+0000] {dagbag.py:541} INFO - Filling up the DagBag from /usr/local/lib/python3.10/dist-packages/airflow/example_dags/example_task_group_decorator.py
[2023-10-28T07:57:13.872+0000] {processor.py:809} INFO - DAG(s) dict_keys(['example_task_group_decorator']) retrieved from /usr/local/lib/python3.10/dist-packages/airflow/example_dags/example_task_group_decorator.py
[2023-10-28T07:57:14.412+0000] {logging_mixin.py:149} INFO - [2023-10-28T07:57:14.411+0000] {manager.py:504} INFO - Created Permission View: can read on DAG:example_task_group_decorator
[2023-10-28T07:57:14.440+0000] {logging_mixin.py:149} INFO - [2023-10-28T07:57:14.439+0000] {manager.py:504} INFO - Created Permission View: can edit on DAG:example_task_group_decorator
[2023-10-28T07:57:14.464+0000] {logging_mixin.py:149} INFO - [2023-10-28T07:57:14.463+0000] {manager.py:504} INFO - Created Permission View: can delete on DAG:example_task_group_decorator
[2023-10-28T07:57:14.465+0000] {logging_mixin.py:149} INFO - [2023-10-28T07:57:14.465+0000] {dag.py:2726} INFO - Sync 1 DAGs
[2023-10-28T07:57:14.494+0000] {logging_mixin.py:149} INFO - [2023-10-28T07:57:14.493+0000] {dag.py:2747} INFO - Creating ORM DAG for example_task_group_decorator
[2023-10-28T07:57:14.519+0000] {logging_mixin.py:149} INFO - [2023-10-28T07:57:14.518+0000] {dag.py:3486} INFO - Setting next_dagrun for example_task_group_decorator to 2023-10-27T07:57:14.518285+00:00, run_after=2023-10-28T07:57:14.518285+00:00
[2023-10-28T07:57:14.617+0000] {processor.py:178} INFO - Processing /usr/local/lib/python3.10/dist-packages/airflow/example_dags/example_task_group_decorator.py took 0.801 seconds
[2023-10-28T07:58:28.341+0000] {processor.py:156} INFO - Started process (PID=1491924) to work on /usr/local/lib/python3.10/dist-packages/airflow/example_dags/example_task_group_decorator.py
[2023-10-28T07:58:28.384+0000] {processor.py:799} INFO - Processing file /usr/local/lib/python3.10/dist-packages/airflow/example_dags/example_task_group_decorator.py for tasks to queue
[2023-10-28T07:58:28.386+0000] {logging_mixin.py:149} INFO - [2023-10-28T07:58:28.385+0000] {dagbag.py:541} INFO - Filling up the DagBag from /usr/local/lib/python3.10/dist-packages/airflow/example_dags/example_task_group_decorator.py
[2023-10-28T07:58:28.423+0000] {processor.py:809} INFO - DAG(s) dict_keys(['example_task_group_decorator']) retrieved from /usr/local/lib/python3.10/dist-packages/airflow/example_dags/example_task_group_decorator.py
[2023-10-28T07:58:28.690+0000] {logging_mixin.py:149} INFO - [2023-10-28T07:58:28.689+0000] {dag.py:2726} INFO - Sync 1 DAGs
[2023-10-28T07:58:28.742+0000] {logging_mixin.py:149} INFO - [2023-10-28T07:58:28.741+0000] {dag.py:3486} INFO - Setting next_dagrun for example_task_group_decorator to 2023-10-27T07:58:28.741033+00:00, run_after=2023-10-28T07:58:28.741033+00:00
[2023-10-28T07:58:28.847+0000] {processor.py:178} INFO - Processing /usr/local/lib/python3.10/dist-packages/airflow/example_dags/example_task_group_decorator.py took 0.512 seconds
[2023-10-28T07:59:30.895+0000] {processor.py:156} INFO - Started process (PID=1492403) to work on /usr/local/lib/python3.10/dist-packages/airflow/example_dags/example_task_group_decorator.py
[2023-10-28T07:59:30.933+0000] {processor.py:799} INFO - Processing file /usr/local/lib/python3.10/dist-packages/airflow/example_dags/example_task_group_decorator.py for tasks to queue
[2023-10-28T07:59:30.935+0000] {logging_mixin.py:149} INFO - [2023-10-28T07:59:30.935+0000] {dagbag.py:541} INFO - Filling up the DagBag from /usr/local/lib/python3.10/dist-packages/airflow/example_dags/example_task_group_decorator.py
[2023-10-28T07:59:30.978+0000] {processor.py:809} INFO - DAG(s) dict_keys(['example_task_group_decorator']) retrieved from /usr/local/lib/python3.10/dist-packages/airflow/example_dags/example_task_group_decorator.py
[2023-10-28T07:59:31.036+0000] {logging_mixin.py:149} INFO - [2023-10-28T07:59:31.036+0000] {dag.py:2726} INFO - Sync 1 DAGs
[2023-10-28T07:59:31.095+0000] {logging_mixin.py:149} INFO - [2023-10-28T07:59:31.094+0000] {dag.py:3486} INFO - Setting next_dagrun for example_task_group_decorator to 2023-10-27T07:59:31.093921+00:00, run_after=2023-10-28T07:59:31.093921+00:00
[2023-10-28T07:59:31.188+0000] {processor.py:178} INFO - Processing /usr/local/lib/python3.10/dist-packages/airflow/example_dags/example_task_group_decorator.py took 0.301 seconds
[2023-10-28T08:15:20.232+0000] {processor.py:156} INFO - Started process (PID=1497701) to work on /usr/local/lib/python3.10/dist-packages/airflow/example_dags/example_task_group_decorator.py
[2023-10-28T08:15:20.268+0000] {processor.py:799} INFO - Processing file /usr/local/lib/python3.10/dist-packages/airflow/example_dags/example_task_group_decorator.py for tasks to queue
[2023-10-28T08:15:20.270+0000] {logging_mixin.py:149} INFO - [2023-10-28T08:15:20.270+0000] {dagbag.py:541} INFO - Filling up the DagBag from /usr/local/lib/python3.10/dist-packages/airflow/example_dags/example_task_group_decorator.py
[2023-10-28T08:15:20.311+0000] {processor.py:809} INFO - DAG(s) dict_keys(['example_task_group_decorator']) retrieved from /usr/local/lib/python3.10/dist-packages/airflow/example_dags/example_task_group_decorator.py
[2023-10-28T08:15:20.849+0000] {logging_mixin.py:149} INFO - [2023-10-28T08:15:20.849+0000] {manager.py:504} INFO - Created Permission View: can read on DAG:example_task_group_decorator
[2023-10-28T08:15:20.879+0000] {logging_mixin.py:149} INFO - [2023-10-28T08:15:20.879+0000] {manager.py:504} INFO - Created Permission View: can delete on DAG:example_task_group_decorator
[2023-10-28T08:15:20.906+0000] {logging_mixin.py:149} INFO - [2023-10-28T08:15:20.905+0000] {manager.py:504} INFO - Created Permission View: can edit on DAG:example_task_group_decorator
[2023-10-28T08:15:20.907+0000] {logging_mixin.py:149} INFO - [2023-10-28T08:15:20.906+0000] {dag.py:2726} INFO - Sync 1 DAGs
[2023-10-28T08:15:20.947+0000] {logging_mixin.py:149} INFO - [2023-10-28T08:15:20.946+0000] {dag.py:2747} INFO - Creating ORM DAG for example_task_group_decorator
[2023-10-28T08:15:20.980+0000] {logging_mixin.py:149} INFO - [2023-10-28T08:15:20.979+0000] {dag.py:3486} INFO - Setting next_dagrun for example_task_group_decorator to 2023-10-27T08:15:20.979266+00:00, run_after=2023-10-28T08:15:20.979266+00:00
[2023-10-28T08:15:21.063+0000] {processor.py:178} INFO - Processing /usr/local/lib/python3.10/dist-packages/airflow/example_dags/example_task_group_decorator.py took 0.837 seconds
[2023-10-28T08:15:51.774+0000] {processor.py:156} INFO - Started process (PID=1498580) to work on /usr/local/lib/python3.10/dist-packages/airflow/example_dags/example_task_group_decorator.py
[2023-10-28T08:15:51.801+0000] {processor.py:799} INFO - Processing file /usr/local/lib/python3.10/dist-packages/airflow/example_dags/example_task_group_decorator.py for tasks to queue
[2023-10-28T08:15:51.803+0000] {logging_mixin.py:149} INFO - [2023-10-28T08:15:51.802+0000] {dagbag.py:541} INFO - Filling up the DagBag from /usr/local/lib/python3.10/dist-packages/airflow/example_dags/example_task_group_decorator.py
[2023-10-28T08:15:51.841+0000] {processor.py:809} INFO - DAG(s) dict_keys(['example_task_group_decorator']) retrieved from /usr/local/lib/python3.10/dist-packages/airflow/example_dags/example_task_group_decorator.py
[2023-10-28T08:15:51.927+0000] {logging_mixin.py:149} INFO - [2023-10-28T08:15:51.927+0000] {dag.py:2726} INFO - Sync 1 DAGs
[2023-10-28T08:15:51.999+0000] {logging_mixin.py:149} INFO - [2023-10-28T08:15:51.998+0000] {dag.py:3486} INFO - Setting next_dagrun for example_task_group_decorator to 2023-10-27T08:15:51.998098+00:00, run_after=2023-10-28T08:15:51.998098+00:00
[2023-10-28T08:15:52.069+0000] {processor.py:178} INFO - Processing /usr/local/lib/python3.10/dist-packages/airflow/example_dags/example_task_group_decorator.py took 0.302 seconds
[2023-10-28T08:16:22.926+0000] {processor.py:156} INFO - Started process (PID=1499918) to work on /usr/local/lib/python3.10/dist-packages/airflow/example_dags/example_task_group_decorator.py
[2023-10-28T08:16:22.956+0000] {processor.py:799} INFO - Processing file /usr/local/lib/python3.10/dist-packages/airflow/example_dags/example_task_group_decorator.py for tasks to queue
[2023-10-28T08:16:22.958+0000] {logging_mixin.py:149} INFO - [2023-10-28T08:16:22.958+0000] {dagbag.py:541} INFO - Filling up the DagBag from /usr/local/lib/python3.10/dist-packages/airflow/example_dags/example_task_group_decorator.py
[2023-10-28T08:16:23.001+0000] {processor.py:809} INFO - DAG(s) dict_keys(['example_task_group_decorator']) retrieved from /usr/local/lib/python3.10/dist-packages/airflow/example_dags/example_task_group_decorator.py
[2023-10-28T08:16:23.086+0000] {logging_mixin.py:149} INFO - [2023-10-28T08:16:23.086+0000] {dag.py:2726} INFO - Sync 1 DAGs
[2023-10-28T08:16:23.158+0000] {logging_mixin.py:149} INFO - [2023-10-28T08:16:23.157+0000] {dag.py:3486} INFO - Setting next_dagrun for example_task_group_decorator to 2023-10-27T08:16:23.157248+00:00, run_after=2023-10-28T08:16:23.157248+00:00
[2023-10-28T08:16:23.226+0000] {processor.py:178} INFO - Processing /usr/local/lib/python3.10/dist-packages/airflow/example_dags/example_task_group_decorator.py took 0.307 seconds
[2023-10-28T08:16:53.306+0000] {processor.py:156} INFO - Started process (PID=1500526) to work on /usr/local/lib/python3.10/dist-packages/airflow/example_dags/example_task_group_decorator.py
[2023-10-28T08:16:53.308+0000] {processor.py:799} INFO - Processing file /usr/local/lib/python3.10/dist-packages/airflow/example_dags/example_task_group_decorator.py for tasks to queue
[2023-10-28T08:16:53.310+0000] {logging_mixin.py:149} INFO - [2023-10-28T08:16:53.309+0000] {dagbag.py:541} INFO - Filling up the DagBag from /usr/local/lib/python3.10/dist-packages/airflow/example_dags/example_task_group_decorator.py
[2023-10-28T08:16:53.347+0000] {processor.py:809} INFO - DAG(s) dict_keys(['example_task_group_decorator']) retrieved from /usr/local/lib/python3.10/dist-packages/airflow/example_dags/example_task_group_decorator.py
[2023-10-28T08:16:53.442+0000] {logging_mixin.py:149} INFO - [2023-10-28T08:16:53.441+0000] {dag.py:2726} INFO - Sync 1 DAGs
[2023-10-28T08:16:53.516+0000] {logging_mixin.py:149} INFO - [2023-10-28T08:16:53.515+0000] {dag.py:3486} INFO - Setting next_dagrun for example_task_group_decorator to 2023-10-27T08:16:53.515076+00:00, run_after=2023-10-28T08:16:53.515076+00:00
[2023-10-28T08:16:53.621+0000] {processor.py:178} INFO - Processing /usr/local/lib/python3.10/dist-packages/airflow/example_dags/example_task_group_decorator.py took 0.324 seconds
[2023-10-28T08:17:24.372+0000] {processor.py:156} INFO - Started process (PID=1501051) to work on /usr/local/lib/python3.10/dist-packages/airflow/example_dags/example_task_group_decorator.py
[2023-10-28T08:17:24.397+0000] {processor.py:799} INFO - Processing file /usr/local/lib/python3.10/dist-packages/airflow/example_dags/example_task_group_decorator.py for tasks to queue
[2023-10-28T08:17:24.399+0000] {logging_mixin.py:149} INFO - [2023-10-28T08:17:24.399+0000] {dagbag.py:541} INFO - Filling up the DagBag from /usr/local/lib/python3.10/dist-packages/airflow/example_dags/example_task_group_decorator.py
[2023-10-28T08:17:24.438+0000] {processor.py:809} INFO - DAG(s) dict_keys(['example_task_group_decorator']) retrieved from /usr/local/lib/python3.10/dist-packages/airflow/example_dags/example_task_group_decorator.py
[2023-10-28T08:17:24.530+0000] {logging_mixin.py:149} INFO - [2023-10-28T08:17:24.530+0000] {dag.py:2726} INFO - Sync 1 DAGs
[2023-10-28T08:17:24.603+0000] {logging_mixin.py:149} INFO - [2023-10-28T08:17:24.602+0000] {dag.py:3486} INFO - Setting next_dagrun for example_task_group_decorator to 2023-10-27T08:17:24.602080+00:00, run_after=2023-10-28T08:17:24.602080+00:00
[2023-10-28T08:17:24.665+0000] {processor.py:178} INFO - Processing /usr/local/lib/python3.10/dist-packages/airflow/example_dags/example_task_group_decorator.py took 0.300 seconds
[2023-10-28T08:17:55.354+0000] {processor.py:156} INFO - Started process (PID=1501410) to work on /usr/local/lib/python3.10/dist-packages/airflow/example_dags/example_task_group_decorator.py
[2023-10-28T08:17:55.385+0000] {processor.py:799} INFO - Processing file /usr/local/lib/python3.10/dist-packages/airflow/example_dags/example_task_group_decorator.py for tasks to queue
[2023-10-28T08:17:55.388+0000] {logging_mixin.py:149} INFO - [2023-10-28T08:17:55.387+0000] {dagbag.py:541} INFO - Filling up the DagBag from /usr/local/lib/python3.10/dist-packages/airflow/example_dags/example_task_group_decorator.py
[2023-10-28T08:17:55.432+0000] {processor.py:809} INFO - DAG(s) dict_keys(['example_task_group_decorator']) retrieved from /usr/local/lib/python3.10/dist-packages/airflow/example_dags/example_task_group_decorator.py
[2023-10-28T08:17:55.527+0000] {logging_mixin.py:149} INFO - [2023-10-28T08:17:55.527+0000] {dag.py:2726} INFO - Sync 1 DAGs
[2023-10-28T08:17:55.605+0000] {logging_mixin.py:149} INFO - [2023-10-28T08:17:55.604+0000] {dag.py:3486} INFO - Setting next_dagrun for example_task_group_decorator to 2023-10-27T08:17:55.604281+00:00, run_after=2023-10-28T08:17:55.604281+00:00
[2023-10-28T08:17:55.670+0000] {processor.py:178} INFO - Processing /usr/local/lib/python3.10/dist-packages/airflow/example_dags/example_task_group_decorator.py took 0.323 seconds
[2023-10-28T08:18:25.987+0000] {processor.py:156} INFO - Started process (PID=1501788) to work on /usr/local/lib/python3.10/dist-packages/airflow/example_dags/example_task_group_decorator.py
[2023-10-28T08:18:26.013+0000] {processor.py:799} INFO - Processing file /usr/local/lib/python3.10/dist-packages/airflow/example_dags/example_task_group_decorator.py for tasks to queue
[2023-10-28T08:18:26.015+0000] {logging_mixin.py:149} INFO - [2023-10-28T08:18:26.015+0000] {dagbag.py:541} INFO - Filling up the DagBag from /usr/local/lib/python3.10/dist-packages/airflow/example_dags/example_task_group_decorator.py
[2023-10-28T08:18:26.056+0000] {processor.py:809} INFO - DAG(s) dict_keys(['example_task_group_decorator']) retrieved from /usr/local/lib/python3.10/dist-packages/airflow/example_dags/example_task_group_decorator.py
[2023-10-28T08:18:26.146+0000] {logging_mixin.py:149} INFO - [2023-10-28T08:18:26.145+0000] {dag.py:2726} INFO - Sync 1 DAGs
[2023-10-28T08:18:26.222+0000] {logging_mixin.py:149} INFO - [2023-10-28T08:18:26.222+0000] {dag.py:3486} INFO - Setting next_dagrun for example_task_group_decorator to 2023-10-27T08:18:26.221491+00:00, run_after=2023-10-28T08:18:26.221491+00:00
[2023-10-28T08:18:26.284+0000] {processor.py:178} INFO - Processing /usr/local/lib/python3.10/dist-packages/airflow/example_dags/example_task_group_decorator.py took 0.304 seconds
[2023-10-28T08:18:56.558+0000] {processor.py:156} INFO - Started process (PID=1502143) to work on /usr/local/lib/python3.10/dist-packages/airflow/example_dags/example_task_group_decorator.py
[2023-10-28T08:18:56.584+0000] {processor.py:799} INFO - Processing file /usr/local/lib/python3.10/dist-packages/airflow/example_dags/example_task_group_decorator.py for tasks to queue
[2023-10-28T08:18:56.586+0000] {logging_mixin.py:149} INFO - [2023-10-28T08:18:56.585+0000] {dagbag.py:541} INFO - Filling up the DagBag from /usr/local/lib/python3.10/dist-packages/airflow/example_dags/example_task_group_decorator.py
[2023-10-28T08:18:56.629+0000] {processor.py:809} INFO - DAG(s) dict_keys(['example_task_group_decorator']) retrieved from /usr/local/lib/python3.10/dist-packages/airflow/example_dags/example_task_group_decorator.py
[2023-10-28T08:18:56.719+0000] {logging_mixin.py:149} INFO - [2023-10-28T08:18:56.718+0000] {dag.py:2726} INFO - Sync 1 DAGs
[2023-10-28T08:18:56.793+0000] {logging_mixin.py:149} INFO - [2023-10-28T08:18:56.792+0000] {dag.py:3486} INFO - Setting next_dagrun for example_task_group_decorator to 2023-10-27T08:18:56.792147+00:00, run_after=2023-10-28T08:18:56.792147+00:00
[2023-10-28T08:18:56.864+0000] {processor.py:178} INFO - Processing /usr/local/lib/python3.10/dist-packages/airflow/example_dags/example_task_group_decorator.py took 0.313 seconds
[2023-10-28T08:19:27.257+0000] {processor.py:156} INFO - Started process (PID=1502537) to work on /usr/local/lib/python3.10/dist-packages/airflow/example_dags/example_task_group_decorator.py
[2023-10-28T08:19:27.260+0000] {processor.py:799} INFO - Processing file /usr/local/lib/python3.10/dist-packages/airflow/example_dags/example_task_group_decorator.py for tasks to queue
[2023-10-28T08:19:27.262+0000] {logging_mixin.py:149} INFO - [2023-10-28T08:19:27.261+0000] {dagbag.py:541} INFO - Filling up the DagBag from /usr/local/lib/python3.10/dist-packages/airflow/example_dags/example_task_group_decorator.py
[2023-10-28T08:19:27.301+0000] {processor.py:809} INFO - DAG(s) dict_keys(['example_task_group_decorator']) retrieved from /usr/local/lib/python3.10/dist-packages/airflow/example_dags/example_task_group_decorator.py
[2023-10-28T08:19:27.408+0000] {logging_mixin.py:149} INFO - [2023-10-28T08:19:27.408+0000] {dag.py:2726} INFO - Sync 1 DAGs
[2023-10-28T08:19:27.484+0000] {logging_mixin.py:149} INFO - [2023-10-28T08:19:27.484+0000] {dag.py:3486} INFO - Setting next_dagrun for example_task_group_decorator to 2023-10-27T08:19:27.483523+00:00, run_after=2023-10-28T08:19:27.483523+00:00
[2023-10-28T08:19:27.545+0000] {processor.py:178} INFO - Processing /usr/local/lib/python3.10/dist-packages/airflow/example_dags/example_task_group_decorator.py took 0.295 seconds
[2023-10-28T08:19:57.756+0000] {processor.py:156} INFO - Started process (PID=1502893) to work on /usr/local/lib/python3.10/dist-packages/airflow/example_dags/example_task_group_decorator.py
[2023-10-28T08:19:57.777+0000] {processor.py:799} INFO - Processing file /usr/local/lib/python3.10/dist-packages/airflow/example_dags/example_task_group_decorator.py for tasks to queue
[2023-10-28T08:19:57.779+0000] {logging_mixin.py:149} INFO - [2023-10-28T08:19:57.778+0000] {dagbag.py:541} INFO - Filling up the DagBag from /usr/local/lib/python3.10/dist-packages/airflow/example_dags/example_task_group_decorator.py
[2023-10-28T08:19:57.824+0000] {processor.py:809} INFO - DAG(s) dict_keys(['example_task_group_decorator']) retrieved from /usr/local/lib/python3.10/dist-packages/airflow/example_dags/example_task_group_decorator.py
[2023-10-28T08:19:57.910+0000] {logging_mixin.py:149} INFO - [2023-10-28T08:19:57.910+0000] {dag.py:2726} INFO - Sync 1 DAGs
[2023-10-28T08:19:57.981+0000] {logging_mixin.py:149} INFO - [2023-10-28T08:19:57.980+0000] {dag.py:3486} INFO - Setting next_dagrun for example_task_group_decorator to 2023-10-27T08:19:57.980115+00:00, run_after=2023-10-28T08:19:57.980115+00:00
[2023-10-28T08:19:58.043+0000] {processor.py:178} INFO - Processing /usr/local/lib/python3.10/dist-packages/airflow/example_dags/example_task_group_decorator.py took 0.294 seconds
[2023-10-28T08:20:28.473+0000] {processor.py:156} INFO - Started process (PID=1503407) to work on /usr/local/lib/python3.10/dist-packages/airflow/example_dags/example_task_group_decorator.py
[2023-10-28T08:20:28.496+0000] {processor.py:799} INFO - Processing file /usr/local/lib/python3.10/dist-packages/airflow/example_dags/example_task_group_decorator.py for tasks to queue
[2023-10-28T08:20:28.498+0000] {logging_mixin.py:149} INFO - [2023-10-28T08:20:28.498+0000] {dagbag.py:541} INFO - Filling up the DagBag from /usr/local/lib/python3.10/dist-packages/airflow/example_dags/example_task_group_decorator.py
[2023-10-28T08:20:28.538+0000] {processor.py:809} INFO - DAG(s) dict_keys(['example_task_group_decorator']) retrieved from /usr/local/lib/python3.10/dist-packages/airflow/example_dags/example_task_group_decorator.py
[2023-10-28T08:20:28.626+0000] {logging_mixin.py:149} INFO - [2023-10-28T08:20:28.625+0000] {dag.py:2726} INFO - Sync 1 DAGs
[2023-10-28T08:20:28.699+0000] {logging_mixin.py:149} INFO - [2023-10-28T08:20:28.699+0000] {dag.py:3486} INFO - Setting next_dagrun for example_task_group_decorator to 2023-10-27T08:20:28.698844+00:00, run_after=2023-10-28T08:20:28.698844+00:00
[2023-10-28T08:20:28.761+0000] {processor.py:178} INFO - Processing /usr/local/lib/python3.10/dist-packages/airflow/example_dags/example_task_group_decorator.py took 0.295 seconds
[2023-10-28T08:20:59.228+0000] {processor.py:156} INFO - Started process (PID=1503786) to work on /usr/local/lib/python3.10/dist-packages/airflow/example_dags/example_task_group_decorator.py
[2023-10-28T08:20:59.253+0000] {processor.py:799} INFO - Processing file /usr/local/lib/python3.10/dist-packages/airflow/example_dags/example_task_group_decorator.py for tasks to queue
[2023-10-28T08:20:59.255+0000] {logging_mixin.py:149} INFO - [2023-10-28T08:20:59.254+0000] {dagbag.py:541} INFO - Filling up the DagBag from /usr/local/lib/python3.10/dist-packages/airflow/example_dags/example_task_group_decorator.py
[2023-10-28T08:20:59.295+0000] {processor.py:809} INFO - DAG(s) dict_keys(['example_task_group_decorator']) retrieved from /usr/local/lib/python3.10/dist-packages/airflow/example_dags/example_task_group_decorator.py
[2023-10-28T08:20:59.390+0000] {logging_mixin.py:149} INFO - [2023-10-28T08:20:59.390+0000] {dag.py:2726} INFO - Sync 1 DAGs
[2023-10-28T08:20:59.469+0000] {logging_mixin.py:149} INFO - [2023-10-28T08:20:59.469+0000] {dag.py:3486} INFO - Setting next_dagrun for example_task_group_decorator to 2023-10-27T08:20:59.468388+00:00, run_after=2023-10-28T08:20:59.468388+00:00
[2023-10-28T08:20:59.538+0000] {processor.py:178} INFO - Processing /usr/local/lib/python3.10/dist-packages/airflow/example_dags/example_task_group_decorator.py took 0.317 seconds
[2023-10-28T08:21:29.779+0000] {processor.py:156} INFO - Started process (PID=1504418) to work on /usr/local/lib/python3.10/dist-packages/airflow/example_dags/example_task_group_decorator.py
[2023-10-28T08:21:29.781+0000] {processor.py:799} INFO - Processing file /usr/local/lib/python3.10/dist-packages/airflow/example_dags/example_task_group_decorator.py for tasks to queue
[2023-10-28T08:21:29.782+0000] {logging_mixin.py:149} INFO - [2023-10-28T08:21:29.782+0000] {dagbag.py:541} INFO - Filling up the DagBag from /usr/local/lib/python3.10/dist-packages/airflow/example_dags/example_task_group_decorator.py
[2023-10-28T08:21:29.823+0000] {processor.py:809} INFO - DAG(s) dict_keys(['example_task_group_decorator']) retrieved from /usr/local/lib/python3.10/dist-packages/airflow/example_dags/example_task_group_decorator.py
[2023-10-28T08:21:29.921+0000] {logging_mixin.py:149} INFO - [2023-10-28T08:21:29.920+0000] {dag.py:2726} INFO - Sync 1 DAGs
[2023-10-28T08:21:30.005+0000] {logging_mixin.py:149} INFO - [2023-10-28T08:21:30.005+0000] {dag.py:3486} INFO - Setting next_dagrun for example_task_group_decorator to 2023-10-27T08:21:30.004334+00:00, run_after=2023-10-28T08:21:30.004334+00:00
[2023-10-28T08:21:30.067+0000] {processor.py:178} INFO - Processing /usr/local/lib/python3.10/dist-packages/airflow/example_dags/example_task_group_decorator.py took 0.295 seconds
[2023-10-28T08:22:00.841+0000] {processor.py:156} INFO - Started process (PID=1505242) to work on /usr/local/lib/python3.10/dist-packages/airflow/example_dags/example_task_group_decorator.py
[2023-10-28T08:22:00.843+0000] {processor.py:799} INFO - Processing file /usr/local/lib/python3.10/dist-packages/airflow/example_dags/example_task_group_decorator.py for tasks to queue
[2023-10-28T08:22:00.845+0000] {logging_mixin.py:149} INFO - [2023-10-28T08:22:00.844+0000] {dagbag.py:541} INFO - Filling up the DagBag from /usr/local/lib/python3.10/dist-packages/airflow/example_dags/example_task_group_decorator.py
[2023-10-28T08:22:00.884+0000] {processor.py:809} INFO - DAG(s) dict_keys(['example_task_group_decorator']) retrieved from /usr/local/lib/python3.10/dist-packages/airflow/example_dags/example_task_group_decorator.py
[2023-10-28T08:22:00.981+0000] {logging_mixin.py:149} INFO - [2023-10-28T08:22:00.980+0000] {dag.py:2726} INFO - Sync 1 DAGs
[2023-10-28T08:22:01.059+0000] {logging_mixin.py:149} INFO - [2023-10-28T08:22:01.058+0000] {dag.py:3486} INFO - Setting next_dagrun for example_task_group_decorator to 2023-10-27T08:22:01.058024+00:00, run_after=2023-10-28T08:22:01.058024+00:00
[2023-10-28T08:22:01.127+0000] {processor.py:178} INFO - Processing /usr/local/lib/python3.10/dist-packages/airflow/example_dags/example_task_group_decorator.py took 0.294 seconds
[2023-10-28T08:22:31.268+0000] {processor.py:156} INFO - Started process (PID=1505770) to work on /usr/local/lib/python3.10/dist-packages/airflow/example_dags/example_task_group_decorator.py
[2023-10-28T08:22:31.289+0000] {processor.py:799} INFO - Processing file /usr/local/lib/python3.10/dist-packages/airflow/example_dags/example_task_group_decorator.py for tasks to queue
[2023-10-28T08:22:31.291+0000] {logging_mixin.py:149} INFO - [2023-10-28T08:22:31.290+0000] {dagbag.py:541} INFO - Filling up the DagBag from /usr/local/lib/python3.10/dist-packages/airflow/example_dags/example_task_group_decorator.py
[2023-10-28T08:22:31.332+0000] {processor.py:809} INFO - DAG(s) dict_keys(['example_task_group_decorator']) retrieved from /usr/local/lib/python3.10/dist-packages/airflow/example_dags/example_task_group_decorator.py
[2023-10-28T08:22:31.427+0000] {logging_mixin.py:149} INFO - [2023-10-28T08:22:31.427+0000] {dag.py:2726} INFO - Sync 1 DAGs
[2023-10-28T08:22:31.507+0000] {logging_mixin.py:149} INFO - [2023-10-28T08:22:31.507+0000] {dag.py:3486} INFO - Setting next_dagrun for example_task_group_decorator to 2023-10-27T08:22:31.506614+00:00, run_after=2023-10-28T08:22:31.506614+00:00
[2023-10-28T08:22:31.573+0000] {processor.py:178} INFO - Processing /usr/local/lib/python3.10/dist-packages/airflow/example_dags/example_task_group_decorator.py took 0.313 seconds
[2023-10-28T08:23:01.697+0000] {processor.py:156} INFO - Started process (PID=1506261) to work on /usr/local/lib/python3.10/dist-packages/airflow/example_dags/example_task_group_decorator.py
[2023-10-28T08:23:01.716+0000] {processor.py:799} INFO - Processing file /usr/local/lib/python3.10/dist-packages/airflow/example_dags/example_task_group_decorator.py for tasks to queue
[2023-10-28T08:23:01.718+0000] {logging_mixin.py:149} INFO - [2023-10-28T08:23:01.718+0000] {dagbag.py:541} INFO - Filling up the DagBag from /usr/local/lib/python3.10/dist-packages/airflow/example_dags/example_task_group_decorator.py
[2023-10-28T08:23:01.763+0000] {processor.py:809} INFO - DAG(s) dict_keys(['example_task_group_decorator']) retrieved from /usr/local/lib/python3.10/dist-packages/airflow/example_dags/example_task_group_decorator.py
[2023-10-28T08:23:01.851+0000] {logging_mixin.py:149} INFO - [2023-10-28T08:23:01.850+0000] {dag.py:2726} INFO - Sync 1 DAGs
[2023-10-28T08:23:01.925+0000] {logging_mixin.py:149} INFO - [2023-10-28T08:23:01.924+0000] {dag.py:3486} INFO - Setting next_dagrun for example_task_group_decorator to 2023-10-27T08:23:01.924225+00:00, run_after=2023-10-28T08:23:01.924225+00:00
[2023-10-28T08:23:01.993+0000] {processor.py:178} INFO - Processing /usr/local/lib/python3.10/dist-packages/airflow/example_dags/example_task_group_decorator.py took 0.304 seconds
[2023-10-28T08:23:32.207+0000] {processor.py:156} INFO - Started process (PID=1506742) to work on /usr/local/lib/python3.10/dist-packages/airflow/example_dags/example_task_group_decorator.py
[2023-10-28T08:23:32.209+0000] {processor.py:799} INFO - Processing file /usr/local/lib/python3.10/dist-packages/airflow/example_dags/example_task_group_decorator.py for tasks to queue
[2023-10-28T08:23:32.211+0000] {logging_mixin.py:149} INFO - [2023-10-28T08:23:32.210+0000] {dagbag.py:541} INFO - Filling up the DagBag from /usr/local/lib/python3.10/dist-packages/airflow/example_dags/example_task_group_decorator.py
[2023-10-28T08:23:32.251+0000] {processor.py:809} INFO - DAG(s) dict_keys(['example_task_group_decorator']) retrieved from /usr/local/lib/python3.10/dist-packages/airflow/example_dags/example_task_group_decorator.py
[2023-10-28T08:23:32.345+0000] {logging_mixin.py:149} INFO - [2023-10-28T08:23:32.344+0000] {dag.py:2726} INFO - Sync 1 DAGs
[2023-10-28T08:23:32.425+0000] {logging_mixin.py:149} INFO - [2023-10-28T08:23:32.424+0000] {dag.py:3486} INFO - Setting next_dagrun for example_task_group_decorator to 2023-10-27T08:23:32.424078+00:00, run_after=2023-10-28T08:23:32.424078+00:00
[2023-10-28T08:23:32.489+0000] {processor.py:178} INFO - Processing /usr/local/lib/python3.10/dist-packages/airflow/example_dags/example_task_group_decorator.py took 0.291 seconds
[2023-10-28T08:24:03.078+0000] {processor.py:156} INFO - Started process (PID=1507295) to work on /usr/local/lib/python3.10/dist-packages/airflow/example_dags/example_task_group_decorator.py
[2023-10-28T08:24:03.105+0000] {processor.py:799} INFO - Processing file /usr/local/lib/python3.10/dist-packages/airflow/example_dags/example_task_group_decorator.py for tasks to queue
[2023-10-28T08:24:03.107+0000] {logging_mixin.py:149} INFO - [2023-10-28T08:24:03.107+0000] {dagbag.py:541} INFO - Filling up the DagBag from /usr/local/lib/python3.10/dist-packages/airflow/example_dags/example_task_group_decorator.py
[2023-10-28T08:24:03.148+0000] {processor.py:809} INFO - DAG(s) dict_keys(['example_task_group_decorator']) retrieved from /usr/local/lib/python3.10/dist-packages/airflow/example_dags/example_task_group_decorator.py
[2023-10-28T08:24:03.235+0000] {logging_mixin.py:149} INFO - [2023-10-28T08:24:03.235+0000] {dag.py:2726} INFO - Sync 1 DAGs
[2023-10-28T08:24:03.313+0000] {logging_mixin.py:149} INFO - [2023-10-28T08:24:03.312+0000] {dag.py:3486} INFO - Setting next_dagrun for example_task_group_decorator to 2023-10-27T08:24:03.312237+00:00, run_after=2023-10-28T08:24:03.312237+00:00
[2023-10-28T08:24:03.406+0000] {processor.py:178} INFO - Processing /usr/local/lib/python3.10/dist-packages/airflow/example_dags/example_task_group_decorator.py took 0.335 seconds
[2023-10-28T08:24:34.024+0000] {processor.py:156} INFO - Started process (PID=1507913) to work on /usr/local/lib/python3.10/dist-packages/airflow/example_dags/example_task_group_decorator.py
[2023-10-28T08:24:34.045+0000] {processor.py:799} INFO - Processing file /usr/local/lib/python3.10/dist-packages/airflow/example_dags/example_task_group_decorator.py for tasks to queue
[2023-10-28T08:24:34.047+0000] {logging_mixin.py:149} INFO - [2023-10-28T08:24:34.046+0000] {dagbag.py:541} INFO - Filling up the DagBag from /usr/local/lib/python3.10/dist-packages/airflow/example_dags/example_task_group_decorator.py
[2023-10-28T08:24:34.087+0000] {processor.py:809} INFO - DAG(s) dict_keys(['example_task_group_decorator']) retrieved from /usr/local/lib/python3.10/dist-packages/airflow/example_dags/example_task_group_decorator.py
[2023-10-28T08:24:34.189+0000] {logging_mixin.py:149} INFO - [2023-10-28T08:24:34.188+0000] {dag.py:2726} INFO - Sync 1 DAGs
[2023-10-28T08:24:34.273+0000] {logging_mixin.py:149} INFO - [2023-10-28T08:24:34.273+0000] {dag.py:3486} INFO - Setting next_dagrun for example_task_group_decorator to 2023-10-27T08:24:34.272685+00:00, run_after=2023-10-28T08:24:34.272685+00:00
[2023-10-28T08:24:34.342+0000] {processor.py:178} INFO - Processing /usr/local/lib/python3.10/dist-packages/airflow/example_dags/example_task_group_decorator.py took 0.326 seconds
[2023-10-28T08:25:04.539+0000] {processor.py:156} INFO - Started process (PID=1508339) to work on /usr/local/lib/python3.10/dist-packages/airflow/example_dags/example_task_group_decorator.py
[2023-10-28T08:25:04.542+0000] {processor.py:799} INFO - Processing file /usr/local/lib/python3.10/dist-packages/airflow/example_dags/example_task_group_decorator.py for tasks to queue
[2023-10-28T08:25:04.543+0000] {logging_mixin.py:149} INFO - [2023-10-28T08:25:04.543+0000] {dagbag.py:541} INFO - Filling up the DagBag from /usr/local/lib/python3.10/dist-packages/airflow/example_dags/example_task_group_decorator.py
[2023-10-28T08:25:04.585+0000] {processor.py:809} INFO - DAG(s) dict_keys(['example_task_group_decorator']) retrieved from /usr/local/lib/python3.10/dist-packages/airflow/example_dags/example_task_group_decorator.py
[2023-10-28T08:25:04.678+0000] {logging_mixin.py:149} INFO - [2023-10-28T08:25:04.678+0000] {dag.py:2726} INFO - Sync 1 DAGs
[2023-10-28T08:25:04.753+0000] {logging_mixin.py:149} INFO - [2023-10-28T08:25:04.753+0000] {dag.py:3486} INFO - Setting next_dagrun for example_task_group_decorator to 2023-10-27T08:25:04.752400+00:00, run_after=2023-10-28T08:25:04.752400+00:00
[2023-10-28T08:25:04.817+0000] {processor.py:178} INFO - Processing /usr/local/lib/python3.10/dist-packages/airflow/example_dags/example_task_group_decorator.py took 0.286 seconds
[2023-10-28T08:25:35.150+0000] {processor.py:156} INFO - Started process (PID=1509154) to work on /usr/local/lib/python3.10/dist-packages/airflow/example_dags/example_task_group_decorator.py
[2023-10-28T08:25:35.172+0000] {processor.py:799} INFO - Processing file /usr/local/lib/python3.10/dist-packages/airflow/example_dags/example_task_group_decorator.py for tasks to queue
[2023-10-28T08:25:35.174+0000] {logging_mixin.py:149} INFO - [2023-10-28T08:25:35.174+0000] {dagbag.py:541} INFO - Filling up the DagBag from /usr/local/lib/python3.10/dist-packages/airflow/example_dags/example_task_group_decorator.py
[2023-10-28T08:25:35.217+0000] {processor.py:809} INFO - DAG(s) dict_keys(['example_task_group_decorator']) retrieved from /usr/local/lib/python3.10/dist-packages/airflow/example_dags/example_task_group_decorator.py
[2023-10-28T08:25:35.304+0000] {logging_mixin.py:149} INFO - [2023-10-28T08:25:35.304+0000] {dag.py:2726} INFO - Sync 1 DAGs
[2023-10-28T08:25:35.378+0000] {logging_mixin.py:149} INFO - [2023-10-28T08:25:35.378+0000] {dag.py:3486} INFO - Setting next_dagrun for example_task_group_decorator to 2023-10-27T08:25:35.377870+00:00, run_after=2023-10-28T08:25:35.377870+00:00
[2023-10-28T08:25:35.445+0000] {processor.py:178} INFO - Processing /usr/local/lib/python3.10/dist-packages/airflow/example_dags/example_task_group_decorator.py took 0.302 seconds
[2023-10-28T08:26:05.651+0000] {processor.py:156} INFO - Started process (PID=1509539) to work on /usr/local/lib/python3.10/dist-packages/airflow/example_dags/example_task_group_decorator.py
[2023-10-28T08:26:05.676+0000] {processor.py:799} INFO - Processing file /usr/local/lib/python3.10/dist-packages/airflow/example_dags/example_task_group_decorator.py for tasks to queue
[2023-10-28T08:26:05.678+0000] {logging_mixin.py:149} INFO - [2023-10-28T08:26:05.678+0000] {dagbag.py:541} INFO - Filling up the DagBag from /usr/local/lib/python3.10/dist-packages/airflow/example_dags/example_task_group_decorator.py
[2023-10-28T08:26:05.717+0000] {processor.py:809} INFO - DAG(s) dict_keys(['example_task_group_decorator']) retrieved from /usr/local/lib/python3.10/dist-packages/airflow/example_dags/example_task_group_decorator.py
[2023-10-28T08:26:05.810+0000] {logging_mixin.py:149} INFO - [2023-10-28T08:26:05.810+0000] {dag.py:2726} INFO - Sync 1 DAGs
[2023-10-28T08:26:05.889+0000] {logging_mixin.py:149} INFO - [2023-10-28T08:26:05.889+0000] {dag.py:3486} INFO - Setting next_dagrun for example_task_group_decorator to 2023-10-27T08:26:05.888367+00:00, run_after=2023-10-28T08:26:05.888367+00:00
[2023-10-28T08:26:05.954+0000] {processor.py:178} INFO - Processing /usr/local/lib/python3.10/dist-packages/airflow/example_dags/example_task_group_decorator.py took 0.309 seconds
[2023-10-28T08:26:36.222+0000] {processor.py:156} INFO - Started process (PID=1509891) to work on /usr/local/lib/python3.10/dist-packages/airflow/example_dags/example_task_group_decorator.py
[2023-10-28T08:26:36.241+0000] {processor.py:799} INFO - Processing file /usr/local/lib/python3.10/dist-packages/airflow/example_dags/example_task_group_decorator.py for tasks to queue
[2023-10-28T08:26:36.243+0000] {logging_mixin.py:149} INFO - [2023-10-28T08:26:36.243+0000] {dagbag.py:541} INFO - Filling up the DagBag from /usr/local/lib/python3.10/dist-packages/airflow/example_dags/example_task_group_decorator.py
[2023-10-28T08:26:36.283+0000] {processor.py:809} INFO - DAG(s) dict_keys(['example_task_group_decorator']) retrieved from /usr/local/lib/python3.10/dist-packages/airflow/example_dags/example_task_group_decorator.py
[2023-10-28T08:26:36.376+0000] {logging_mixin.py:149} INFO - [2023-10-28T08:26:36.375+0000] {dag.py:2726} INFO - Sync 1 DAGs
[2023-10-28T08:26:36.452+0000] {logging_mixin.py:149} INFO - [2023-10-28T08:26:36.451+0000] {dag.py:3486} INFO - Setting next_dagrun for example_task_group_decorator to 2023-10-27T08:26:36.451077+00:00, run_after=2023-10-28T08:26:36.451077+00:00
[2023-10-28T08:26:36.525+0000] {processor.py:178} INFO - Processing /usr/local/lib/python3.10/dist-packages/airflow/example_dags/example_task_group_decorator.py took 0.311 seconds
[2023-10-28T08:27:06.642+0000] {processor.py:156} INFO - Started process (PID=1510395) to work on /usr/local/lib/python3.10/dist-packages/airflow/example_dags/example_task_group_decorator.py
[2023-10-28T08:27:06.644+0000] {processor.py:799} INFO - Processing file /usr/local/lib/python3.10/dist-packages/airflow/example_dags/example_task_group_decorator.py for tasks to queue
[2023-10-28T08:27:06.646+0000] {logging_mixin.py:149} INFO - [2023-10-28T08:27:06.645+0000] {dagbag.py:541} INFO - Filling up the DagBag from /usr/local/lib/python3.10/dist-packages/airflow/example_dags/example_task_group_decorator.py
[2023-10-28T08:27:06.681+0000] {processor.py:809} INFO - DAG(s) dict_keys(['example_task_group_decorator']) retrieved from /usr/local/lib/python3.10/dist-packages/airflow/example_dags/example_task_group_decorator.py
[2023-10-28T08:27:06.772+0000] {logging_mixin.py:149} INFO - [2023-10-28T08:27:06.772+0000] {dag.py:2726} INFO - Sync 1 DAGs
[2023-10-28T08:27:06.846+0000] {logging_mixin.py:149} INFO - [2023-10-28T08:27:06.846+0000] {dag.py:3486} INFO - Setting next_dagrun for example_task_group_decorator to 2023-10-27T08:27:06.845633+00:00, run_after=2023-10-28T08:27:06.845633+00:00
[2023-10-28T08:27:06.914+0000] {processor.py:178} INFO - Processing /usr/local/lib/python3.10/dist-packages/airflow/example_dags/example_task_group_decorator.py took 0.279 seconds
[2023-10-28T08:27:37.817+0000] {processor.py:156} INFO - Started process (PID=1510847) to work on /usr/local/lib/python3.10/dist-packages/airflow/example_dags/example_task_group_decorator.py
[2023-10-28T08:27:37.857+0000] {processor.py:799} INFO - Processing file /usr/local/lib/python3.10/dist-packages/airflow/example_dags/example_task_group_decorator.py for tasks to queue
[2023-10-28T08:27:37.859+0000] {logging_mixin.py:149} INFO - [2023-10-28T08:27:37.858+0000] {dagbag.py:541} INFO - Filling up the DagBag from /usr/local/lib/python3.10/dist-packages/airflow/example_dags/example_task_group_decorator.py
[2023-10-28T08:27:37.893+0000] {processor.py:809} INFO - DAG(s) dict_keys(['example_task_group_decorator']) retrieved from /usr/local/lib/python3.10/dist-packages/airflow/example_dags/example_task_group_decorator.py
[2023-10-28T08:27:37.986+0000] {logging_mixin.py:149} INFO - [2023-10-28T08:27:37.986+0000] {dag.py:2726} INFO - Sync 1 DAGs
[2023-10-28T08:27:38.060+0000] {logging_mixin.py:149} INFO - [2023-10-28T08:27:38.059+0000] {dag.py:3486} INFO - Setting next_dagrun for example_task_group_decorator to 2023-10-27T08:27:38.059262+00:00, run_after=2023-10-28T08:27:38.059262+00:00
[2023-10-28T08:27:38.167+0000] {processor.py:178} INFO - Processing /usr/local/lib/python3.10/dist-packages/airflow/example_dags/example_task_group_decorator.py took 0.357 seconds
[2023-10-28T08:28:08.288+0000] {processor.py:156} INFO - Started process (PID=1511230) to work on /usr/local/lib/python3.10/dist-packages/airflow/example_dags/example_task_group_decorator.py
[2023-10-28T08:28:08.325+0000] {processor.py:799} INFO - Processing file /usr/local/lib/python3.10/dist-packages/airflow/example_dags/example_task_group_decorator.py for tasks to queue
[2023-10-28T08:28:08.327+0000] {logging_mixin.py:149} INFO - [2023-10-28T08:28:08.326+0000] {dagbag.py:541} INFO - Filling up the DagBag from /usr/local/lib/python3.10/dist-packages/airflow/example_dags/example_task_group_decorator.py
[2023-10-28T08:28:08.362+0000] {processor.py:809} INFO - DAG(s) dict_keys(['example_task_group_decorator']) retrieved from /usr/local/lib/python3.10/dist-packages/airflow/example_dags/example_task_group_decorator.py
[2023-10-28T08:28:08.452+0000] {logging_mixin.py:149} INFO - [2023-10-28T08:28:08.451+0000] {dag.py:2726} INFO - Sync 1 DAGs
[2023-10-28T08:28:08.527+0000] {logging_mixin.py:149} INFO - [2023-10-28T08:28:08.527+0000] {dag.py:3486} INFO - Setting next_dagrun for example_task_group_decorator to 2023-10-27T08:28:08.526724+00:00, run_after=2023-10-28T08:28:08.526724+00:00
[2023-10-28T08:28:08.628+0000] {processor.py:178} INFO - Processing /usr/local/lib/python3.10/dist-packages/airflow/example_dags/example_task_group_decorator.py took 0.347 seconds
[2023-10-28T08:28:38.932+0000] {processor.py:156} INFO - Started process (PID=1511585) to work on /usr/local/lib/python3.10/dist-packages/airflow/example_dags/example_task_group_decorator.py
[2023-10-28T08:28:38.972+0000] {processor.py:799} INFO - Processing file /usr/local/lib/python3.10/dist-packages/airflow/example_dags/example_task_group_decorator.py for tasks to queue
[2023-10-28T08:28:38.974+0000] {logging_mixin.py:149} INFO - [2023-10-28T08:28:38.974+0000] {dagbag.py:541} INFO - Filling up the DagBag from /usr/local/lib/python3.10/dist-packages/airflow/example_dags/example_task_group_decorator.py
[2023-10-28T08:28:39.009+0000] {processor.py:809} INFO - DAG(s) dict_keys(['example_task_group_decorator']) retrieved from /usr/local/lib/python3.10/dist-packages/airflow/example_dags/example_task_group_decorator.py
[2023-10-28T08:28:39.104+0000] {logging_mixin.py:149} INFO - [2023-10-28T08:28:39.103+0000] {dag.py:2726} INFO - Sync 1 DAGs
[2023-10-28T08:28:39.176+0000] {logging_mixin.py:149} INFO - [2023-10-28T08:28:39.175+0000] {dag.py:3486} INFO - Setting next_dagrun for example_task_group_decorator to 2023-10-27T08:28:39.175007+00:00, run_after=2023-10-28T08:28:39.175007+00:00
[2023-10-28T08:28:39.280+0000] {processor.py:178} INFO - Processing /usr/local/lib/python3.10/dist-packages/airflow/example_dags/example_task_group_decorator.py took 0.354 seconds
[2023-10-28T08:29:09.645+0000] {processor.py:156} INFO - Started process (PID=1511983) to work on /usr/local/lib/python3.10/dist-packages/airflow/example_dags/example_task_group_decorator.py
[2023-10-28T08:29:09.682+0000] {processor.py:799} INFO - Processing file /usr/local/lib/python3.10/dist-packages/airflow/example_dags/example_task_group_decorator.py for tasks to queue
[2023-10-28T08:29:09.684+0000] {logging_mixin.py:149} INFO - [2023-10-28T08:29:09.683+0000] {dagbag.py:541} INFO - Filling up the DagBag from /usr/local/lib/python3.10/dist-packages/airflow/example_dags/example_task_group_decorator.py
[2023-10-28T08:29:09.720+0000] {processor.py:809} INFO - DAG(s) dict_keys(['example_task_group_decorator']) retrieved from /usr/local/lib/python3.10/dist-packages/airflow/example_dags/example_task_group_decorator.py
[2023-10-28T08:29:09.814+0000] {logging_mixin.py:149} INFO - [2023-10-28T08:29:09.813+0000] {dag.py:2726} INFO - Sync 1 DAGs
[2023-10-28T08:29:09.890+0000] {logging_mixin.py:149} INFO - [2023-10-28T08:29:09.889+0000] {dag.py:3486} INFO - Setting next_dagrun for example_task_group_decorator to 2023-10-27T08:29:09.889415+00:00, run_after=2023-10-28T08:29:09.889415+00:00
[2023-10-28T08:29:09.994+0000] {processor.py:178} INFO - Processing /usr/local/lib/python3.10/dist-packages/airflow/example_dags/example_task_group_decorator.py took 0.356 seconds
[2023-10-28T08:29:40.162+0000] {processor.py:156} INFO - Started process (PID=1512340) to work on /usr/local/lib/python3.10/dist-packages/airflow/example_dags/example_task_group_decorator.py
[2023-10-28T08:29:40.165+0000] {processor.py:799} INFO - Processing file /usr/local/lib/python3.10/dist-packages/airflow/example_dags/example_task_group_decorator.py for tasks to queue
[2023-10-28T08:29:40.167+0000] {logging_mixin.py:149} INFO - [2023-10-28T08:29:40.166+0000] {dagbag.py:541} INFO - Filling up the DagBag from /usr/local/lib/python3.10/dist-packages/airflow/example_dags/example_task_group_decorator.py
[2023-10-28T08:29:40.203+0000] {processor.py:809} INFO - DAG(s) dict_keys(['example_task_group_decorator']) retrieved from /usr/local/lib/python3.10/dist-packages/airflow/example_dags/example_task_group_decorator.py
[2023-10-28T08:29:40.294+0000] {logging_mixin.py:149} INFO - [2023-10-28T08:29:40.293+0000] {dag.py:2726} INFO - Sync 1 DAGs
[2023-10-28T08:29:40.367+0000] {logging_mixin.py:149} INFO - [2023-10-28T08:29:40.367+0000] {dag.py:3486} INFO - Setting next_dagrun for example_task_group_decorator to 2023-10-27T08:29:40.366494+00:00, run_after=2023-10-28T08:29:40.366494+00:00
[2023-10-28T08:29:40.474+0000] {processor.py:178} INFO - Processing /usr/local/lib/python3.10/dist-packages/airflow/example_dags/example_task_group_decorator.py took 0.320 seconds
[2023-10-28T08:30:10.658+0000] {processor.py:156} INFO - Started process (PID=1512720) to work on /usr/local/lib/python3.10/dist-packages/airflow/example_dags/example_task_group_decorator.py
[2023-10-28T08:30:10.693+0000] {processor.py:799} INFO - Processing file /usr/local/lib/python3.10/dist-packages/airflow/example_dags/example_task_group_decorator.py for tasks to queue
[2023-10-28T08:30:10.695+0000] {logging_mixin.py:149} INFO - [2023-10-28T08:30:10.694+0000] {dagbag.py:541} INFO - Filling up the DagBag from /usr/local/lib/python3.10/dist-packages/airflow/example_dags/example_task_group_decorator.py
[2023-10-28T08:30:10.730+0000] {processor.py:809} INFO - DAG(s) dict_keys(['example_task_group_decorator']) retrieved from /usr/local/lib/python3.10/dist-packages/airflow/example_dags/example_task_group_decorator.py
[2023-10-28T08:30:10.826+0000] {logging_mixin.py:149} INFO - [2023-10-28T08:30:10.826+0000] {dag.py:2726} INFO - Sync 1 DAGs
[2023-10-28T08:30:10.903+0000] {logging_mixin.py:149} INFO - [2023-10-28T08:30:10.902+0000] {dag.py:3486} INFO - Setting next_dagrun for example_task_group_decorator to 2023-10-27T08:30:10.902120+00:00, run_after=2023-10-28T08:30:10.902120+00:00
[2023-10-28T08:30:11.005+0000] {processor.py:178} INFO - Processing /usr/local/lib/python3.10/dist-packages/airflow/example_dags/example_task_group_decorator.py took 0.355 seconds
[2023-10-28T08:30:41.723+0000] {processor.py:156} INFO - Started process (PID=1513334) to work on /usr/local/lib/python3.10/dist-packages/airflow/example_dags/example_task_group_decorator.py
[2023-10-28T08:30:41.764+0000] {processor.py:799} INFO - Processing file /usr/local/lib/python3.10/dist-packages/airflow/example_dags/example_task_group_decorator.py for tasks to queue
[2023-10-28T08:30:41.767+0000] {logging_mixin.py:149} INFO - [2023-10-28T08:30:41.766+0000] {dagbag.py:541} INFO - Filling up the DagBag from /usr/local/lib/python3.10/dist-packages/airflow/example_dags/example_task_group_decorator.py
[2023-10-28T08:30:41.805+0000] {processor.py:809} INFO - DAG(s) dict_keys(['example_task_group_decorator']) retrieved from /usr/local/lib/python3.10/dist-packages/airflow/example_dags/example_task_group_decorator.py
[2023-10-28T08:30:41.898+0000] {logging_mixin.py:149} INFO - [2023-10-28T08:30:41.897+0000] {dag.py:2726} INFO - Sync 1 DAGs
[2023-10-28T08:30:41.972+0000] {logging_mixin.py:149} INFO - [2023-10-28T08:30:41.972+0000] {dag.py:3486} INFO - Setting next_dagrun for example_task_group_decorator to 2023-10-27T08:30:41.971465+00:00, run_after=2023-10-28T08:30:41.971465+00:00
[2023-10-28T08:30:42.075+0000] {processor.py:178} INFO - Processing /usr/local/lib/python3.10/dist-packages/airflow/example_dags/example_task_group_decorator.py took 0.360 seconds
[2023-10-28T08:31:12.158+0000] {processor.py:156} INFO - Started process (PID=1513754) to work on /usr/local/lib/python3.10/dist-packages/airflow/example_dags/example_task_group_decorator.py
[2023-10-28T08:31:12.159+0000] {processor.py:799} INFO - Processing file /usr/local/lib/python3.10/dist-packages/airflow/example_dags/example_task_group_decorator.py for tasks to queue
[2023-10-28T08:31:12.161+0000] {logging_mixin.py:149} INFO - [2023-10-28T08:31:12.161+0000] {dagbag.py:541} INFO - Filling up the DagBag from /usr/local/lib/python3.10/dist-packages/airflow/example_dags/example_task_group_decorator.py
[2023-10-28T08:31:12.200+0000] {processor.py:809} INFO - DAG(s) dict_keys(['example_task_group_decorator']) retrieved from /usr/local/lib/python3.10/dist-packages/airflow/example_dags/example_task_group_decorator.py
[2023-10-28T08:31:12.297+0000] {logging_mixin.py:149} INFO - [2023-10-28T08:31:12.296+0000] {dag.py:2726} INFO - Sync 1 DAGs
[2023-10-28T08:31:12.372+0000] {logging_mixin.py:149} INFO - [2023-10-28T08:31:12.371+0000] {dag.py:3486} INFO - Setting next_dagrun for example_task_group_decorator to 2023-10-27T08:31:12.371343+00:00, run_after=2023-10-28T08:31:12.371343+00:00
[2023-10-28T08:31:12.474+0000] {processor.py:178} INFO - Processing /usr/local/lib/python3.10/dist-packages/airflow/example_dags/example_task_group_decorator.py took 0.324 seconds
[2023-10-28T08:31:43.257+0000] {processor.py:156} INFO - Started process (PID=1514344) to work on /usr/local/lib/python3.10/dist-packages/airflow/example_dags/example_task_group_decorator.py
[2023-10-28T08:31:43.297+0000] {processor.py:799} INFO - Processing file /usr/local/lib/python3.10/dist-packages/airflow/example_dags/example_task_group_decorator.py for tasks to queue
[2023-10-28T08:31:43.299+0000] {logging_mixin.py:149} INFO - [2023-10-28T08:31:43.298+0000] {dagbag.py:541} INFO - Filling up the DagBag from /usr/local/lib/python3.10/dist-packages/airflow/example_dags/example_task_group_decorator.py
[2023-10-28T08:31:43.334+0000] {processor.py:809} INFO - DAG(s) dict_keys(['example_task_group_decorator']) retrieved from /usr/local/lib/python3.10/dist-packages/airflow/example_dags/example_task_group_decorator.py
[2023-10-28T08:31:43.422+0000] {logging_mixin.py:149} INFO - [2023-10-28T08:31:43.422+0000] {dag.py:2726} INFO - Sync 1 DAGs
[2023-10-28T08:31:43.495+0000] {logging_mixin.py:149} INFO - [2023-10-28T08:31:43.494+0000] {dag.py:3486} INFO - Setting next_dagrun for example_task_group_decorator to 2023-10-27T08:31:43.494016+00:00, run_after=2023-10-28T08:31:43.494016+00:00
[2023-10-28T08:31:43.601+0000] {processor.py:178} INFO - Processing /usr/local/lib/python3.10/dist-packages/airflow/example_dags/example_task_group_decorator.py took 0.351 seconds
[2023-10-28T08:32:13.726+0000] {processor.py:156} INFO - Started process (PID=1514977) to work on /usr/local/lib/python3.10/dist-packages/airflow/example_dags/example_task_group_decorator.py
[2023-10-28T08:32:13.730+0000] {processor.py:799} INFO - Processing file /usr/local/lib/python3.10/dist-packages/airflow/example_dags/example_task_group_decorator.py for tasks to queue
[2023-10-28T08:32:13.732+0000] {logging_mixin.py:149} INFO - [2023-10-28T08:32:13.732+0000] {dagbag.py:541} INFO - Filling up the DagBag from /usr/local/lib/python3.10/dist-packages/airflow/example_dags/example_task_group_decorator.py
[2023-10-28T08:32:13.771+0000] {processor.py:809} INFO - DAG(s) dict_keys(['example_task_group_decorator']) retrieved from /usr/local/lib/python3.10/dist-packages/airflow/example_dags/example_task_group_decorator.py
[2023-10-28T08:32:13.860+0000] {logging_mixin.py:149} INFO - [2023-10-28T08:32:13.859+0000] {dag.py:2726} INFO - Sync 1 DAGs
[2023-10-28T08:32:13.935+0000] {logging_mixin.py:149} INFO - [2023-10-28T08:32:13.935+0000] {dag.py:3486} INFO - Setting next_dagrun for example_task_group_decorator to 2023-10-27T08:32:13.934453+00:00, run_after=2023-10-28T08:32:13.934453+00:00
[2023-10-28T08:32:14.036+0000] {processor.py:178} INFO - Processing /usr/local/lib/python3.10/dist-packages/airflow/example_dags/example_task_group_decorator.py took 0.317 seconds
[2023-10-28T08:32:44.177+0000] {processor.py:156} INFO - Started process (PID=1515560) to work on /usr/local/lib/python3.10/dist-packages/airflow/example_dags/example_task_group_decorator.py
[2023-10-28T08:32:44.220+0000] {processor.py:799} INFO - Processing file /usr/local/lib/python3.10/dist-packages/airflow/example_dags/example_task_group_decorator.py for tasks to queue
[2023-10-28T08:32:44.222+0000] {logging_mixin.py:149} INFO - [2023-10-28T08:32:44.221+0000] {dagbag.py:541} INFO - Filling up the DagBag from /usr/local/lib/python3.10/dist-packages/airflow/example_dags/example_task_group_decorator.py
[2023-10-28T08:32:44.264+0000] {processor.py:809} INFO - DAG(s) dict_keys(['example_task_group_decorator']) retrieved from /usr/local/lib/python3.10/dist-packages/airflow/example_dags/example_task_group_decorator.py
[2023-10-28T08:32:44.352+0000] {logging_mixin.py:149} INFO - [2023-10-28T08:32:44.352+0000] {dag.py:2726} INFO - Sync 1 DAGs
[2023-10-28T08:32:44.425+0000] {logging_mixin.py:149} INFO - [2023-10-28T08:32:44.424+0000] {dag.py:3486} INFO - Setting next_dagrun for example_task_group_decorator to 2023-10-27T08:32:44.423838+00:00, run_after=2023-10-28T08:32:44.423838+00:00
[2023-10-28T08:32:44.526+0000] {processor.py:178} INFO - Processing /usr/local/lib/python3.10/dist-packages/airflow/example_dags/example_task_group_decorator.py took 0.356 seconds
[2023-10-28T08:33:15.180+0000] {processor.py:156} INFO - Started process (PID=1516084) to work on /usr/local/lib/python3.10/dist-packages/airflow/example_dags/example_task_group_decorator.py
[2023-10-28T08:33:15.181+0000] {processor.py:799} INFO - Processing file /usr/local/lib/python3.10/dist-packages/airflow/example_dags/example_task_group_decorator.py for tasks to queue
[2023-10-28T08:33:15.184+0000] {logging_mixin.py:149} INFO - [2023-10-28T08:33:15.183+0000] {dagbag.py:541} INFO - Filling up the DagBag from /usr/local/lib/python3.10/dist-packages/airflow/example_dags/example_task_group_decorator.py
[2023-10-28T08:33:15.220+0000] {processor.py:809} INFO - DAG(s) dict_keys(['example_task_group_decorator']) retrieved from /usr/local/lib/python3.10/dist-packages/airflow/example_dags/example_task_group_decorator.py
[2023-10-28T08:33:15.315+0000] {logging_mixin.py:149} INFO - [2023-10-28T08:33:15.314+0000] {dag.py:2726} INFO - Sync 1 DAGs
[2023-10-28T08:33:15.394+0000] {logging_mixin.py:149} INFO - [2023-10-28T08:33:15.393+0000] {dag.py:3486} INFO - Setting next_dagrun for example_task_group_decorator to 2023-10-27T08:33:15.392369+00:00, run_after=2023-10-28T08:33:15.392369+00:00
[2023-10-28T08:33:15.457+0000] {processor.py:178} INFO - Processing /usr/local/lib/python3.10/dist-packages/airflow/example_dags/example_task_group_decorator.py took 0.284 seconds
[2023-10-28T08:33:45.751+0000] {processor.py:156} INFO - Started process (PID=1516440) to work on /usr/local/lib/python3.10/dist-packages/airflow/example_dags/example_task_group_decorator.py
[2023-10-28T08:33:45.753+0000] {processor.py:799} INFO - Processing file /usr/local/lib/python3.10/dist-packages/airflow/example_dags/example_task_group_decorator.py for tasks to queue
[2023-10-28T08:33:45.755+0000] {logging_mixin.py:149} INFO - [2023-10-28T08:33:45.754+0000] {dagbag.py:541} INFO - Filling up the DagBag from /usr/local/lib/python3.10/dist-packages/airflow/example_dags/example_task_group_decorator.py
[2023-10-28T08:33:45.800+0000] {processor.py:809} INFO - DAG(s) dict_keys(['example_task_group_decorator']) retrieved from /usr/local/lib/python3.10/dist-packages/airflow/example_dags/example_task_group_decorator.py
[2023-10-28T08:33:45.895+0000] {logging_mixin.py:149} INFO - [2023-10-28T08:33:45.895+0000] {dag.py:2726} INFO - Sync 1 DAGs
[2023-10-28T08:33:45.973+0000] {logging_mixin.py:149} INFO - [2023-10-28T08:33:45.972+0000] {dag.py:3486} INFO - Setting next_dagrun for example_task_group_decorator to 2023-10-27T08:33:45.972093+00:00, run_after=2023-10-28T08:33:45.972093+00:00
[2023-10-28T08:33:46.040+0000] {processor.py:178} INFO - Processing /usr/local/lib/python3.10/dist-packages/airflow/example_dags/example_task_group_decorator.py took 0.298 seconds
[2023-10-28T08:34:16.220+0000] {processor.py:156} INFO - Started process (PID=1516836) to work on /usr/local/lib/python3.10/dist-packages/airflow/example_dags/example_task_group_decorator.py
[2023-10-28T08:34:16.244+0000] {processor.py:799} INFO - Processing file /usr/local/lib/python3.10/dist-packages/airflow/example_dags/example_task_group_decorator.py for tasks to queue
[2023-10-28T08:34:16.246+0000] {logging_mixin.py:149} INFO - [2023-10-28T08:34:16.246+0000] {dagbag.py:541} INFO - Filling up the DagBag from /usr/local/lib/python3.10/dist-packages/airflow/example_dags/example_task_group_decorator.py
[2023-10-28T08:34:16.282+0000] {processor.py:809} INFO - DAG(s) dict_keys(['example_task_group_decorator']) retrieved from /usr/local/lib/python3.10/dist-packages/airflow/example_dags/example_task_group_decorator.py
[2023-10-28T08:34:16.372+0000] {logging_mixin.py:149} INFO - [2023-10-28T08:34:16.372+0000] {dag.py:2726} INFO - Sync 1 DAGs
[2023-10-28T08:34:16.448+0000] {logging_mixin.py:149} INFO - [2023-10-28T08:34:16.447+0000] {dag.py:3486} INFO - Setting next_dagrun for example_task_group_decorator to 2023-10-27T08:34:16.447068+00:00, run_after=2023-10-28T08:34:16.447068+00:00
[2023-10-28T08:34:16.575+0000] {processor.py:178} INFO - Processing /usr/local/lib/python3.10/dist-packages/airflow/example_dags/example_task_group_decorator.py took 0.362 seconds
[2023-10-28T08:34:47.212+0000] {processor.py:156} INFO - Started process (PID=1517197) to work on /usr/local/lib/python3.10/dist-packages/airflow/example_dags/example_task_group_decorator.py
[2023-10-28T08:34:47.249+0000] {processor.py:799} INFO - Processing file /usr/local/lib/python3.10/dist-packages/airflow/example_dags/example_task_group_decorator.py for tasks to queue
[2023-10-28T08:34:47.251+0000] {logging_mixin.py:149} INFO - [2023-10-28T08:34:47.251+0000] {dagbag.py:541} INFO - Filling up the DagBag from /usr/local/lib/python3.10/dist-packages/airflow/example_dags/example_task_group_decorator.py
[2023-10-28T08:34:47.287+0000] {processor.py:809} INFO - DAG(s) dict_keys(['example_task_group_decorator']) retrieved from /usr/local/lib/python3.10/dist-packages/airflow/example_dags/example_task_group_decorator.py
[2023-10-28T08:34:47.382+0000] {logging_mixin.py:149} INFO - [2023-10-28T08:34:47.382+0000] {dag.py:2726} INFO - Sync 1 DAGs
[2023-10-28T08:34:47.456+0000] {logging_mixin.py:149} INFO - [2023-10-28T08:34:47.456+0000] {dag.py:3486} INFO - Setting next_dagrun for example_task_group_decorator to 2023-10-27T08:34:47.455691+00:00, run_after=2023-10-28T08:34:47.455691+00:00
[2023-10-28T08:34:47.519+0000] {processor.py:178} INFO - Processing /usr/local/lib/python3.10/dist-packages/airflow/example_dags/example_task_group_decorator.py took 0.314 seconds
[2023-10-28T08:35:18.102+0000] {processor.py:156} INFO - Started process (PID=1517600) to work on /usr/local/lib/python3.10/dist-packages/airflow/example_dags/example_task_group_decorator.py
[2023-10-28T08:35:18.140+0000] {processor.py:799} INFO - Processing file /usr/local/lib/python3.10/dist-packages/airflow/example_dags/example_task_group_decorator.py for tasks to queue
[2023-10-28T08:35:18.142+0000] {logging_mixin.py:149} INFO - [2023-10-28T08:35:18.142+0000] {dagbag.py:541} INFO - Filling up the DagBag from /usr/local/lib/python3.10/dist-packages/airflow/example_dags/example_task_group_decorator.py
[2023-10-28T08:35:18.177+0000] {processor.py:809} INFO - DAG(s) dict_keys(['example_task_group_decorator']) retrieved from /usr/local/lib/python3.10/dist-packages/airflow/example_dags/example_task_group_decorator.py
[2023-10-28T08:35:18.277+0000] {logging_mixin.py:149} INFO - [2023-10-28T08:35:18.276+0000] {dag.py:2726} INFO - Sync 1 DAGs
[2023-10-28T08:35:18.354+0000] {logging_mixin.py:149} INFO - [2023-10-28T08:35:18.354+0000] {dag.py:3486} INFO - Setting next_dagrun for example_task_group_decorator to 2023-10-27T08:35:18.353935+00:00, run_after=2023-10-28T08:35:18.353935+00:00
[2023-10-28T08:35:18.455+0000] {processor.py:178} INFO - Processing /usr/local/lib/python3.10/dist-packages/airflow/example_dags/example_task_group_decorator.py took 0.360 seconds
[2023-10-28T08:35:48.625+0000] {processor.py:156} INFO - Started process (PID=1518210) to work on /usr/local/lib/python3.10/dist-packages/airflow/example_dags/example_task_group_decorator.py
[2023-10-28T08:35:48.626+0000] {processor.py:799} INFO - Processing file /usr/local/lib/python3.10/dist-packages/airflow/example_dags/example_task_group_decorator.py for tasks to queue
[2023-10-28T08:35:48.629+0000] {logging_mixin.py:149} INFO - [2023-10-28T08:35:48.629+0000] {dagbag.py:541} INFO - Filling up the DagBag from /usr/local/lib/python3.10/dist-packages/airflow/example_dags/example_task_group_decorator.py
[2023-10-28T08:35:48.667+0000] {processor.py:809} INFO - DAG(s) dict_keys(['example_task_group_decorator']) retrieved from /usr/local/lib/python3.10/dist-packages/airflow/example_dags/example_task_group_decorator.py
[2023-10-28T08:35:48.760+0000] {logging_mixin.py:149} INFO - [2023-10-28T08:35:48.760+0000] {dag.py:2726} INFO - Sync 1 DAGs
[2023-10-28T08:35:48.834+0000] {logging_mixin.py:149} INFO - [2023-10-28T08:35:48.834+0000] {dag.py:3486} INFO - Setting next_dagrun for example_task_group_decorator to 2023-10-27T08:35:48.833654+00:00, run_after=2023-10-28T08:35:48.833654+00:00
[2023-10-28T08:35:48.908+0000] {processor.py:178} INFO - Processing /usr/local/lib/python3.10/dist-packages/airflow/example_dags/example_task_group_decorator.py took 0.291 seconds
[2023-10-28T08:36:19.291+0000] {processor.py:156} INFO - Started process (PID=1518595) to work on /usr/local/lib/python3.10/dist-packages/airflow/example_dags/example_task_group_decorator.py
[2023-10-28T08:36:19.325+0000] {processor.py:799} INFO - Processing file /usr/local/lib/python3.10/dist-packages/airflow/example_dags/example_task_group_decorator.py for tasks to queue
[2023-10-28T08:36:19.326+0000] {logging_mixin.py:149} INFO - [2023-10-28T08:36:19.326+0000] {dagbag.py:541} INFO - Filling up the DagBag from /usr/local/lib/python3.10/dist-packages/airflow/example_dags/example_task_group_decorator.py
[2023-10-28T08:36:19.363+0000] {processor.py:809} INFO - DAG(s) dict_keys(['example_task_group_decorator']) retrieved from /usr/local/lib/python3.10/dist-packages/airflow/example_dags/example_task_group_decorator.py
[2023-10-28T08:36:19.462+0000] {logging_mixin.py:149} INFO - [2023-10-28T08:36:19.462+0000] {dag.py:2726} INFO - Sync 1 DAGs
[2023-10-28T08:36:19.535+0000] {logging_mixin.py:149} INFO - [2023-10-28T08:36:19.535+0000] {dag.py:3486} INFO - Setting next_dagrun for example_task_group_decorator to 2023-10-27T08:36:19.534642+00:00, run_after=2023-10-28T08:36:19.534642+00:00
[2023-10-28T08:36:19.645+0000] {processor.py:178} INFO - Processing /usr/local/lib/python3.10/dist-packages/airflow/example_dags/example_task_group_decorator.py took 0.362 seconds
[2023-10-28T08:36:50.255+0000] {processor.py:156} INFO - Started process (PID=1518951) to work on /usr/local/lib/python3.10/dist-packages/airflow/example_dags/example_task_group_decorator.py
[2023-10-28T08:36:50.257+0000] {processor.py:799} INFO - Processing file /usr/local/lib/python3.10/dist-packages/airflow/example_dags/example_task_group_decorator.py for tasks to queue
[2023-10-28T08:36:50.259+0000] {logging_mixin.py:149} INFO - [2023-10-28T08:36:50.259+0000] {dagbag.py:541} INFO - Filling up the DagBag from /usr/local/lib/python3.10/dist-packages/airflow/example_dags/example_task_group_decorator.py
[2023-10-28T08:36:50.297+0000] {processor.py:809} INFO - DAG(s) dict_keys(['example_task_group_decorator']) retrieved from /usr/local/lib/python3.10/dist-packages/airflow/example_dags/example_task_group_decorator.py
[2023-10-28T08:36:50.385+0000] {logging_mixin.py:149} INFO - [2023-10-28T08:36:50.385+0000] {dag.py:2726} INFO - Sync 1 DAGs
[2023-10-28T08:36:50.462+0000] {logging_mixin.py:149} INFO - [2023-10-28T08:36:50.461+0000] {dag.py:3486} INFO - Setting next_dagrun for example_task_group_decorator to 2023-10-27T08:36:50.461094+00:00, run_after=2023-10-28T08:36:50.461094+00:00
[2023-10-28T08:36:50.560+0000] {processor.py:178} INFO - Processing /usr/local/lib/python3.10/dist-packages/airflow/example_dags/example_task_group_decorator.py took 0.313 seconds
[2023-10-28T08:37:21.003+0000] {processor.py:156} INFO - Started process (PID=1519449) to work on /usr/local/lib/python3.10/dist-packages/airflow/example_dags/example_task_group_decorator.py
[2023-10-28T08:37:21.040+0000] {processor.py:799} INFO - Processing file /usr/local/lib/python3.10/dist-packages/airflow/example_dags/example_task_group_decorator.py for tasks to queue
[2023-10-28T08:37:21.042+0000] {logging_mixin.py:149} INFO - [2023-10-28T08:37:21.042+0000] {dagbag.py:541} INFO - Filling up the DagBag from /usr/local/lib/python3.10/dist-packages/airflow/example_dags/example_task_group_decorator.py
[2023-10-28T08:37:21.083+0000] {processor.py:809} INFO - DAG(s) dict_keys(['example_task_group_decorator']) retrieved from /usr/local/lib/python3.10/dist-packages/airflow/example_dags/example_task_group_decorator.py
[2023-10-28T08:37:21.168+0000] {logging_mixin.py:149} INFO - [2023-10-28T08:37:21.167+0000] {dag.py:2726} INFO - Sync 1 DAGs
[2023-10-28T08:37:21.286+0000] {logging_mixin.py:149} INFO - [2023-10-28T08:37:21.286+0000] {dag.py:3486} INFO - Setting next_dagrun for example_task_group_decorator to 2023-10-27T08:37:21.285664+00:00, run_after=2023-10-28T08:37:21.285664+00:00
[2023-10-28T08:37:21.381+0000] {processor.py:178} INFO - Processing /usr/local/lib/python3.10/dist-packages/airflow/example_dags/example_task_group_decorator.py took 0.386 seconds
[2023-10-28T08:37:51.470+0000] {processor.py:156} INFO - Started process (PID=1519805) to work on /usr/local/lib/python3.10/dist-packages/airflow/example_dags/example_task_group_decorator.py
[2023-10-28T08:37:51.471+0000] {processor.py:799} INFO - Processing file /usr/local/lib/python3.10/dist-packages/airflow/example_dags/example_task_group_decorator.py for tasks to queue
[2023-10-28T08:37:51.473+0000] {logging_mixin.py:149} INFO - [2023-10-28T08:37:51.473+0000] {dagbag.py:541} INFO - Filling up the DagBag from /usr/local/lib/python3.10/dist-packages/airflow/example_dags/example_task_group_decorator.py
[2023-10-28T08:37:51.513+0000] {processor.py:809} INFO - DAG(s) dict_keys(['example_task_group_decorator']) retrieved from /usr/local/lib/python3.10/dist-packages/airflow/example_dags/example_task_group_decorator.py
[2023-10-28T08:37:51.598+0000] {logging_mixin.py:149} INFO - [2023-10-28T08:37:51.598+0000] {dag.py:2726} INFO - Sync 1 DAGs
[2023-10-28T08:37:51.669+0000] {logging_mixin.py:149} INFO - [2023-10-28T08:37:51.669+0000] {dag.py:3486} INFO - Setting next_dagrun for example_task_group_decorator to 2023-10-27T08:37:51.668554+00:00, run_after=2023-10-28T08:37:51.668554+00:00
[2023-10-28T08:37:51.736+0000] {processor.py:178} INFO - Processing /usr/local/lib/python3.10/dist-packages/airflow/example_dags/example_task_group_decorator.py took 0.273 seconds
[2023-10-28T08:38:22.632+0000] {processor.py:156} INFO - Started process (PID=1520327) to work on /usr/local/lib/python3.10/dist-packages/airflow/example_dags/example_task_group_decorator.py
[2023-10-28T08:38:22.661+0000] {processor.py:799} INFO - Processing file /usr/local/lib/python3.10/dist-packages/airflow/example_dags/example_task_group_decorator.py for tasks to queue
[2023-10-28T08:38:22.663+0000] {logging_mixin.py:149} INFO - [2023-10-28T08:38:22.663+0000] {dagbag.py:541} INFO - Filling up the DagBag from /usr/local/lib/python3.10/dist-packages/airflow/example_dags/example_task_group_decorator.py
[2023-10-28T08:38:22.699+0000] {processor.py:809} INFO - DAG(s) dict_keys(['example_task_group_decorator']) retrieved from /usr/local/lib/python3.10/dist-packages/airflow/example_dags/example_task_group_decorator.py
[2023-10-28T08:38:22.788+0000] {logging_mixin.py:149} INFO - [2023-10-28T08:38:22.788+0000] {dag.py:2726} INFO - Sync 1 DAGs
[2023-10-28T08:38:22.878+0000] {logging_mixin.py:149} INFO - [2023-10-28T08:38:22.878+0000] {dag.py:3486} INFO - Setting next_dagrun for example_task_group_decorator to 2023-10-27T08:38:22.877563+00:00, run_after=2023-10-28T08:38:22.877563+00:00
[2023-10-28T08:38:22.951+0000] {processor.py:178} INFO - Processing /usr/local/lib/python3.10/dist-packages/airflow/example_dags/example_task_group_decorator.py took 0.327 seconds
[2023-10-28T08:38:53.159+0000] {processor.py:156} INFO - Started process (PID=1520865) to work on /usr/local/lib/python3.10/dist-packages/airflow/example_dags/example_task_group_decorator.py
[2023-10-28T08:38:53.161+0000] {processor.py:799} INFO - Processing file /usr/local/lib/python3.10/dist-packages/airflow/example_dags/example_task_group_decorator.py for tasks to queue
[2023-10-28T08:38:53.163+0000] {logging_mixin.py:149} INFO - [2023-10-28T08:38:53.162+0000] {dagbag.py:541} INFO - Filling up the DagBag from /usr/local/lib/python3.10/dist-packages/airflow/example_dags/example_task_group_decorator.py
[2023-10-28T08:38:53.203+0000] {processor.py:809} INFO - DAG(s) dict_keys(['example_task_group_decorator']) retrieved from /usr/local/lib/python3.10/dist-packages/airflow/example_dags/example_task_group_decorator.py
[2023-10-28T08:38:53.291+0000] {logging_mixin.py:149} INFO - [2023-10-28T08:38:53.291+0000] {dag.py:2726} INFO - Sync 1 DAGs
[2023-10-28T08:38:53.365+0000] {logging_mixin.py:149} INFO - [2023-10-28T08:38:53.365+0000] {dag.py:3486} INFO - Setting next_dagrun for example_task_group_decorator to 2023-10-27T08:38:53.364828+00:00, run_after=2023-10-28T08:38:53.364828+00:00
[2023-10-28T08:38:53.442+0000] {processor.py:178} INFO - Processing /usr/local/lib/python3.10/dist-packages/airflow/example_dags/example_task_group_decorator.py took 0.291 seconds
[2023-10-28T08:39:24.318+0000] {processor.py:156} INFO - Started process (PID=1521362) to work on /usr/local/lib/python3.10/dist-packages/airflow/example_dags/example_task_group_decorator.py
[2023-10-28T08:39:24.356+0000] {processor.py:799} INFO - Processing file /usr/local/lib/python3.10/dist-packages/airflow/example_dags/example_task_group_decorator.py for tasks to queue
[2023-10-28T08:39:24.358+0000] {logging_mixin.py:149} INFO - [2023-10-28T08:39:24.357+0000] {dagbag.py:541} INFO - Filling up the DagBag from /usr/local/lib/python3.10/dist-packages/airflow/example_dags/example_task_group_decorator.py
[2023-10-28T08:39:24.393+0000] {processor.py:809} INFO - DAG(s) dict_keys(['example_task_group_decorator']) retrieved from /usr/local/lib/python3.10/dist-packages/airflow/example_dags/example_task_group_decorator.py
[2023-10-28T08:39:24.481+0000] {logging_mixin.py:149} INFO - [2023-10-28T08:39:24.481+0000] {dag.py:2726} INFO - Sync 1 DAGs
[2023-10-28T08:39:24.557+0000] {logging_mixin.py:149} INFO - [2023-10-28T08:39:24.557+0000] {dag.py:3486} INFO - Setting next_dagrun for example_task_group_decorator to 2023-10-27T08:39:24.556588+00:00, run_after=2023-10-28T08:39:24.556588+00:00
[2023-10-28T08:39:24.672+0000] {processor.py:178} INFO - Processing /usr/local/lib/python3.10/dist-packages/airflow/example_dags/example_task_group_decorator.py took 0.361 seconds
