[2023-10-28T07:57:31.776+0000] {processor.py:156} INFO - Started process (PID=1491539) to work on /usr/local/lib/python3.10/dist-packages/airflow/example_dags/example_setup_teardown.py
[2023-10-28T07:57:31.778+0000] {processor.py:799} INFO - Processing file /usr/local/lib/python3.10/dist-packages/airflow/example_dags/example_setup_teardown.py for tasks to queue
[2023-10-28T07:57:31.780+0000] {logging_mixin.py:149} INFO - [2023-10-28T07:57:31.779+0000] {dagbag.py:541} INFO - Filling up the DagBag from /usr/local/lib/python3.10/dist-packages/airflow/example_dags/example_setup_teardown.py
[2023-10-28T07:57:31.785+0000] {processor.py:811} WARNING - No viable dags retrieved from /usr/local/lib/python3.10/dist-packages/airflow/example_dags/example_setup_teardown.py
[2023-10-28T07:57:31.810+0000] {processor.py:178} INFO - Processing /usr/local/lib/python3.10/dist-packages/airflow/example_dags/example_setup_teardown.py took 0.041 seconds
[2023-10-28T07:58:42.534+0000] {processor.py:156} INFO - Started process (PID=1492054) to work on /usr/local/lib/python3.10/dist-packages/airflow/example_dags/example_setup_teardown.py
[2023-10-28T07:58:42.574+0000] {processor.py:799} INFO - Processing file /usr/local/lib/python3.10/dist-packages/airflow/example_dags/example_setup_teardown.py for tasks to queue
[2023-10-28T07:58:42.576+0000] {logging_mixin.py:149} INFO - [2023-10-28T07:58:42.575+0000] {dagbag.py:541} INFO - Filling up the DagBag from /usr/local/lib/python3.10/dist-packages/airflow/example_dags/example_setup_teardown.py
[2023-10-28T07:58:42.580+0000] {processor.py:811} WARNING - No viable dags retrieved from /usr/local/lib/python3.10/dist-packages/airflow/example_dags/example_setup_teardown.py
[2023-10-28T07:58:42.608+0000] {processor.py:178} INFO - Processing /usr/local/lib/python3.10/dist-packages/airflow/example_dags/example_setup_teardown.py took 0.082 seconds
[2023-10-28T07:59:44.111+0000] {processor.py:156} INFO - Started process (PID=1492459) to work on /usr/local/lib/python3.10/dist-packages/airflow/example_dags/example_setup_teardown.py
[2023-10-28T07:59:44.149+0000] {processor.py:799} INFO - Processing file /usr/local/lib/python3.10/dist-packages/airflow/example_dags/example_setup_teardown.py for tasks to queue
[2023-10-28T07:59:44.151+0000] {logging_mixin.py:149} INFO - [2023-10-28T07:59:44.150+0000] {dagbag.py:541} INFO - Filling up the DagBag from /usr/local/lib/python3.10/dist-packages/airflow/example_dags/example_setup_teardown.py
[2023-10-28T07:59:44.155+0000] {processor.py:811} WARNING - No viable dags retrieved from /usr/local/lib/python3.10/dist-packages/airflow/example_dags/example_setup_teardown.py
[2023-10-28T07:59:44.184+0000] {processor.py:178} INFO - Processing /usr/local/lib/python3.10/dist-packages/airflow/example_dags/example_setup_teardown.py took 0.081 seconds
[2023-10-28T08:15:24.618+0000] {processor.py:156} INFO - Started process (PID=1497897) to work on /usr/local/lib/python3.10/dist-packages/airflow/example_dags/example_setup_teardown.py
[2023-10-28T08:15:24.620+0000] {processor.py:799} INFO - Processing file /usr/local/lib/python3.10/dist-packages/airflow/example_dags/example_setup_teardown.py for tasks to queue
[2023-10-28T08:15:24.622+0000] {logging_mixin.py:149} INFO - [2023-10-28T08:15:24.622+0000] {dagbag.py:541} INFO - Filling up the DagBag from /usr/local/lib/python3.10/dist-packages/airflow/example_dags/example_setup_teardown.py
[2023-10-28T08:15:24.626+0000] {processor.py:811} WARNING - No viable dags retrieved from /usr/local/lib/python3.10/dist-packages/airflow/example_dags/example_setup_teardown.py
[2023-10-28T08:15:24.673+0000] {processor.py:178} INFO - Processing /usr/local/lib/python3.10/dist-packages/airflow/example_dags/example_setup_teardown.py took 0.062 seconds
[2023-10-28T08:15:55.084+0000] {processor.py:156} INFO - Started process (PID=1498646) to work on /usr/local/lib/python3.10/dist-packages/airflow/example_dags/example_setup_teardown.py
[2023-10-28T08:15:55.122+0000] {processor.py:799} INFO - Processing file /usr/local/lib/python3.10/dist-packages/airflow/example_dags/example_setup_teardown.py for tasks to queue
[2023-10-28T08:15:55.125+0000] {logging_mixin.py:149} INFO - [2023-10-28T08:15:55.124+0000] {dagbag.py:541} INFO - Filling up the DagBag from /usr/local/lib/python3.10/dist-packages/airflow/example_dags/example_setup_teardown.py
[2023-10-28T08:15:55.130+0000] {processor.py:811} WARNING - No viable dags retrieved from /usr/local/lib/python3.10/dist-packages/airflow/example_dags/example_setup_teardown.py
[2023-10-28T08:15:55.180+0000] {processor.py:178} INFO - Processing /usr/local/lib/python3.10/dist-packages/airflow/example_dags/example_setup_teardown.py took 0.103 seconds
[2023-10-28T08:16:25.829+0000] {processor.py:156} INFO - Started process (PID=1499984) to work on /usr/local/lib/python3.10/dist-packages/airflow/example_dags/example_setup_teardown.py
[2023-10-28T08:16:25.862+0000] {processor.py:799} INFO - Processing file /usr/local/lib/python3.10/dist-packages/airflow/example_dags/example_setup_teardown.py for tasks to queue
[2023-10-28T08:16:25.863+0000] {logging_mixin.py:149} INFO - [2023-10-28T08:16:25.863+0000] {dagbag.py:541} INFO - Filling up the DagBag from /usr/local/lib/python3.10/dist-packages/airflow/example_dags/example_setup_teardown.py
[2023-10-28T08:16:25.867+0000] {processor.py:811} WARNING - No viable dags retrieved from /usr/local/lib/python3.10/dist-packages/airflow/example_dags/example_setup_teardown.py
[2023-10-28T08:16:25.918+0000] {processor.py:178} INFO - Processing /usr/local/lib/python3.10/dist-packages/airflow/example_dags/example_setup_teardown.py took 0.096 seconds
[2023-10-28T08:16:56.294+0000] {processor.py:156} INFO - Started process (PID=1500615) to work on /usr/local/lib/python3.10/dist-packages/airflow/example_dags/example_setup_teardown.py
[2023-10-28T08:16:56.296+0000] {processor.py:799} INFO - Processing file /usr/local/lib/python3.10/dist-packages/airflow/example_dags/example_setup_teardown.py for tasks to queue
[2023-10-28T08:16:56.298+0000] {logging_mixin.py:149} INFO - [2023-10-28T08:16:56.298+0000] {dagbag.py:541} INFO - Filling up the DagBag from /usr/local/lib/python3.10/dist-packages/airflow/example_dags/example_setup_teardown.py
[2023-10-28T08:16:56.303+0000] {processor.py:811} WARNING - No viable dags retrieved from /usr/local/lib/python3.10/dist-packages/airflow/example_dags/example_setup_teardown.py
[2023-10-28T08:16:56.355+0000] {processor.py:178} INFO - Processing /usr/local/lib/python3.10/dist-packages/airflow/example_dags/example_setup_teardown.py took 0.071 seconds
[2023-10-28T08:17:26.993+0000] {processor.py:156} INFO - Started process (PID=1501108) to work on /usr/local/lib/python3.10/dist-packages/airflow/example_dags/example_setup_teardown.py
[2023-10-28T08:17:27.052+0000] {processor.py:799} INFO - Processing file /usr/local/lib/python3.10/dist-packages/airflow/example_dags/example_setup_teardown.py for tasks to queue
[2023-10-28T08:17:27.054+0000] {logging_mixin.py:149} INFO - [2023-10-28T08:17:27.054+0000] {dagbag.py:541} INFO - Filling up the DagBag from /usr/local/lib/python3.10/dist-packages/airflow/example_dags/example_setup_teardown.py
[2023-10-28T08:17:27.058+0000] {processor.py:811} WARNING - No viable dags retrieved from /usr/local/lib/python3.10/dist-packages/airflow/example_dags/example_setup_teardown.py
[2023-10-28T08:17:27.107+0000] {processor.py:178} INFO - Processing /usr/local/lib/python3.10/dist-packages/airflow/example_dags/example_setup_teardown.py took 0.121 seconds
[2023-10-28T08:17:57.634+0000] {processor.py:156} INFO - Started process (PID=1501468) to work on /usr/local/lib/python3.10/dist-packages/airflow/example_dags/example_setup_teardown.py
[2023-10-28T08:17:57.637+0000] {processor.py:799} INFO - Processing file /usr/local/lib/python3.10/dist-packages/airflow/example_dags/example_setup_teardown.py for tasks to queue
[2023-10-28T08:17:57.639+0000] {logging_mixin.py:149} INFO - [2023-10-28T08:17:57.638+0000] {dagbag.py:541} INFO - Filling up the DagBag from /usr/local/lib/python3.10/dist-packages/airflow/example_dags/example_setup_teardown.py
[2023-10-28T08:17:57.643+0000] {processor.py:811} WARNING - No viable dags retrieved from /usr/local/lib/python3.10/dist-packages/airflow/example_dags/example_setup_teardown.py
[2023-10-28T08:17:57.687+0000] {processor.py:178} INFO - Processing /usr/local/lib/python3.10/dist-packages/airflow/example_dags/example_setup_teardown.py took 0.060 seconds
[2023-10-28T08:18:28.365+0000] {processor.py:156} INFO - Started process (PID=1501848) to work on /usr/local/lib/python3.10/dist-packages/airflow/example_dags/example_setup_teardown.py
[2023-10-28T08:18:28.413+0000] {processor.py:799} INFO - Processing file /usr/local/lib/python3.10/dist-packages/airflow/example_dags/example_setup_teardown.py for tasks to queue
[2023-10-28T08:18:28.415+0000] {logging_mixin.py:149} INFO - [2023-10-28T08:18:28.414+0000] {dagbag.py:541} INFO - Filling up the DagBag from /usr/local/lib/python3.10/dist-packages/airflow/example_dags/example_setup_teardown.py
[2023-10-28T08:18:28.419+0000] {processor.py:811} WARNING - No viable dags retrieved from /usr/local/lib/python3.10/dist-packages/airflow/example_dags/example_setup_teardown.py
[2023-10-28T08:18:28.479+0000] {processor.py:178} INFO - Processing /usr/local/lib/python3.10/dist-packages/airflow/example_dags/example_setup_teardown.py took 0.121 seconds
[2023-10-28T08:18:58.725+0000] {processor.py:156} INFO - Started process (PID=1502200) to work on /usr/local/lib/python3.10/dist-packages/airflow/example_dags/example_setup_teardown.py
[2023-10-28T08:18:58.727+0000] {processor.py:799} INFO - Processing file /usr/local/lib/python3.10/dist-packages/airflow/example_dags/example_setup_teardown.py for tasks to queue
[2023-10-28T08:18:58.729+0000] {logging_mixin.py:149} INFO - [2023-10-28T08:18:58.728+0000] {dagbag.py:541} INFO - Filling up the DagBag from /usr/local/lib/python3.10/dist-packages/airflow/example_dags/example_setup_teardown.py
[2023-10-28T08:18:58.733+0000] {processor.py:811} WARNING - No viable dags retrieved from /usr/local/lib/python3.10/dist-packages/airflow/example_dags/example_setup_teardown.py
[2023-10-28T08:18:58.788+0000] {processor.py:178} INFO - Processing /usr/local/lib/python3.10/dist-packages/airflow/example_dags/example_setup_teardown.py took 0.070 seconds
[2023-10-28T08:19:29.282+0000] {processor.py:156} INFO - Started process (PID=1502594) to work on /usr/local/lib/python3.10/dist-packages/airflow/example_dags/example_setup_teardown.py
[2023-10-28T08:19:29.320+0000] {processor.py:799} INFO - Processing file /usr/local/lib/python3.10/dist-packages/airflow/example_dags/example_setup_teardown.py for tasks to queue
[2023-10-28T08:19:29.322+0000] {logging_mixin.py:149} INFO - [2023-10-28T08:19:29.322+0000] {dagbag.py:541} INFO - Filling up the DagBag from /usr/local/lib/python3.10/dist-packages/airflow/example_dags/example_setup_teardown.py
[2023-10-28T08:19:29.326+0000] {processor.py:811} WARNING - No viable dags retrieved from /usr/local/lib/python3.10/dist-packages/airflow/example_dags/example_setup_teardown.py
[2023-10-28T08:19:29.387+0000] {processor.py:178} INFO - Processing /usr/local/lib/python3.10/dist-packages/airflow/example_dags/example_setup_teardown.py took 0.111 seconds
[2023-10-28T08:20:00.127+0000] {processor.py:156} INFO - Started process (PID=1502950) to work on /usr/local/lib/python3.10/dist-packages/airflow/example_dags/example_setup_teardown.py
[2023-10-28T08:20:00.157+0000] {processor.py:799} INFO - Processing file /usr/local/lib/python3.10/dist-packages/airflow/example_dags/example_setup_teardown.py for tasks to queue
[2023-10-28T08:20:00.158+0000] {logging_mixin.py:149} INFO - [2023-10-28T08:20:00.158+0000] {dagbag.py:541} INFO - Filling up the DagBag from /usr/local/lib/python3.10/dist-packages/airflow/example_dags/example_setup_teardown.py
[2023-10-28T08:20:00.163+0000] {processor.py:811} WARNING - No viable dags retrieved from /usr/local/lib/python3.10/dist-packages/airflow/example_dags/example_setup_teardown.py
[2023-10-28T08:20:00.210+0000] {processor.py:178} INFO - Processing /usr/local/lib/python3.10/dist-packages/airflow/example_dags/example_setup_teardown.py took 0.091 seconds
[2023-10-28T08:20:30.484+0000] {processor.py:156} INFO - Started process (PID=1503458) to work on /usr/local/lib/python3.10/dist-packages/airflow/example_dags/example_setup_teardown.py
[2023-10-28T08:20:30.520+0000] {processor.py:799} INFO - Processing file /usr/local/lib/python3.10/dist-packages/airflow/example_dags/example_setup_teardown.py for tasks to queue
[2023-10-28T08:20:30.522+0000] {logging_mixin.py:149} INFO - [2023-10-28T08:20:30.521+0000] {dagbag.py:541} INFO - Filling up the DagBag from /usr/local/lib/python3.10/dist-packages/airflow/example_dags/example_setup_teardown.py
[2023-10-28T08:20:30.526+0000] {processor.py:811} WARNING - No viable dags retrieved from /usr/local/lib/python3.10/dist-packages/airflow/example_dags/example_setup_teardown.py
[2023-10-28T08:20:30.578+0000] {processor.py:178} INFO - Processing /usr/local/lib/python3.10/dist-packages/airflow/example_dags/example_setup_teardown.py took 0.101 seconds
[2023-10-28T08:21:01.114+0000] {processor.py:156} INFO - Started process (PID=1503860) to work on /usr/local/lib/python3.10/dist-packages/airflow/example_dags/example_setup_teardown.py
[2023-10-28T08:21:01.149+0000] {processor.py:799} INFO - Processing file /usr/local/lib/python3.10/dist-packages/airflow/example_dags/example_setup_teardown.py for tasks to queue
[2023-10-28T08:21:01.150+0000] {logging_mixin.py:149} INFO - [2023-10-28T08:21:01.150+0000] {dagbag.py:541} INFO - Filling up the DagBag from /usr/local/lib/python3.10/dist-packages/airflow/example_dags/example_setup_teardown.py
[2023-10-28T08:21:01.155+0000] {processor.py:811} WARNING - No viable dags retrieved from /usr/local/lib/python3.10/dist-packages/airflow/example_dags/example_setup_teardown.py
[2023-10-28T08:21:01.202+0000] {processor.py:178} INFO - Processing /usr/local/lib/python3.10/dist-packages/airflow/example_dags/example_setup_teardown.py took 0.095 seconds
[2023-10-28T08:21:32.242+0000] {processor.py:156} INFO - Started process (PID=1504509) to work on /usr/local/lib/python3.10/dist-packages/airflow/example_dags/example_setup_teardown.py
[2023-10-28T08:21:32.245+0000] {processor.py:799} INFO - Processing file /usr/local/lib/python3.10/dist-packages/airflow/example_dags/example_setup_teardown.py for tasks to queue
[2023-10-28T08:21:32.247+0000] {logging_mixin.py:149} INFO - [2023-10-28T08:21:32.246+0000] {dagbag.py:541} INFO - Filling up the DagBag from /usr/local/lib/python3.10/dist-packages/airflow/example_dags/example_setup_teardown.py
[2023-10-28T08:21:32.253+0000] {processor.py:811} WARNING - No viable dags retrieved from /usr/local/lib/python3.10/dist-packages/airflow/example_dags/example_setup_teardown.py
[2023-10-28T08:21:32.298+0000] {processor.py:178} INFO - Processing /usr/local/lib/python3.10/dist-packages/airflow/example_dags/example_setup_teardown.py took 0.066 seconds
[2023-10-28T08:22:02.799+0000] {processor.py:156} INFO - Started process (PID=1505367) to work on /usr/local/lib/python3.10/dist-packages/airflow/example_dags/example_setup_teardown.py
[2023-10-28T08:22:02.802+0000] {processor.py:799} INFO - Processing file /usr/local/lib/python3.10/dist-packages/airflow/example_dags/example_setup_teardown.py for tasks to queue
[2023-10-28T08:22:02.812+0000] {logging_mixin.py:149} INFO - [2023-10-28T08:22:02.811+0000] {dagbag.py:541} INFO - Filling up the DagBag from /usr/local/lib/python3.10/dist-packages/airflow/example_dags/example_setup_teardown.py
[2023-10-28T08:22:02.816+0000] {processor.py:811} WARNING - No viable dags retrieved from /usr/local/lib/python3.10/dist-packages/airflow/example_dags/example_setup_teardown.py
[2023-10-28T08:22:02.888+0000] {processor.py:178} INFO - Processing /usr/local/lib/python3.10/dist-packages/airflow/example_dags/example_setup_teardown.py took 0.097 seconds
[2023-10-28T08:22:33.543+0000] {processor.py:156} INFO - Started process (PID=1505859) to work on /usr/local/lib/python3.10/dist-packages/airflow/example_dags/example_setup_teardown.py
[2023-10-28T08:22:33.565+0000] {processor.py:799} INFO - Processing file /usr/local/lib/python3.10/dist-packages/airflow/example_dags/example_setup_teardown.py for tasks to queue
[2023-10-28T08:22:33.567+0000] {logging_mixin.py:149} INFO - [2023-10-28T08:22:33.567+0000] {dagbag.py:541} INFO - Filling up the DagBag from /usr/local/lib/python3.10/dist-packages/airflow/example_dags/example_setup_teardown.py
[2023-10-28T08:22:33.571+0000] {processor.py:811} WARNING - No viable dags retrieved from /usr/local/lib/python3.10/dist-packages/airflow/example_dags/example_setup_teardown.py
[2023-10-28T08:22:33.618+0000] {processor.py:178} INFO - Processing /usr/local/lib/python3.10/dist-packages/airflow/example_dags/example_setup_teardown.py took 0.082 seconds
[2023-10-28T08:23:03.934+0000] {processor.py:156} INFO - Started process (PID=1506360) to work on /usr/local/lib/python3.10/dist-packages/airflow/example_dags/example_setup_teardown.py
[2023-10-28T08:23:03.936+0000] {processor.py:799} INFO - Processing file /usr/local/lib/python3.10/dist-packages/airflow/example_dags/example_setup_teardown.py for tasks to queue
[2023-10-28T08:23:03.938+0000] {logging_mixin.py:149} INFO - [2023-10-28T08:23:03.937+0000] {dagbag.py:541} INFO - Filling up the DagBag from /usr/local/lib/python3.10/dist-packages/airflow/example_dags/example_setup_teardown.py
[2023-10-28T08:23:03.942+0000] {processor.py:811} WARNING - No viable dags retrieved from /usr/local/lib/python3.10/dist-packages/airflow/example_dags/example_setup_teardown.py
[2023-10-28T08:23:03.993+0000] {processor.py:178} INFO - Processing /usr/local/lib/python3.10/dist-packages/airflow/example_dags/example_setup_teardown.py took 0.067 seconds
[2023-10-28T08:23:34.425+0000] {processor.py:156} INFO - Started process (PID=1506847) to work on /usr/local/lib/python3.10/dist-packages/airflow/example_dags/example_setup_teardown.py
[2023-10-28T08:23:34.427+0000] {processor.py:799} INFO - Processing file /usr/local/lib/python3.10/dist-packages/airflow/example_dags/example_setup_teardown.py for tasks to queue
[2023-10-28T08:23:34.429+0000] {logging_mixin.py:149} INFO - [2023-10-28T08:23:34.428+0000] {dagbag.py:541} INFO - Filling up the DagBag from /usr/local/lib/python3.10/dist-packages/airflow/example_dags/example_setup_teardown.py
[2023-10-28T08:23:34.433+0000] {processor.py:811} WARNING - No viable dags retrieved from /usr/local/lib/python3.10/dist-packages/airflow/example_dags/example_setup_teardown.py
[2023-10-28T08:23:34.481+0000] {processor.py:178} INFO - Processing /usr/local/lib/python3.10/dist-packages/airflow/example_dags/example_setup_teardown.py took 0.063 seconds
[2023-10-28T08:24:05.019+0000] {processor.py:156} INFO - Started process (PID=1507411) to work on /usr/local/lib/python3.10/dist-packages/airflow/example_dags/example_setup_teardown.py
[2023-10-28T08:24:05.022+0000] {processor.py:799} INFO - Processing file /usr/local/lib/python3.10/dist-packages/airflow/example_dags/example_setup_teardown.py for tasks to queue
[2023-10-28T08:24:05.024+0000] {logging_mixin.py:149} INFO - [2023-10-28T08:24:05.024+0000] {dagbag.py:541} INFO - Filling up the DagBag from /usr/local/lib/python3.10/dist-packages/airflow/example_dags/example_setup_teardown.py
[2023-10-28T08:24:05.029+0000] {processor.py:811} WARNING - No viable dags retrieved from /usr/local/lib/python3.10/dist-packages/airflow/example_dags/example_setup_teardown.py
[2023-10-28T08:24:05.082+0000] {processor.py:178} INFO - Processing /usr/local/lib/python3.10/dist-packages/airflow/example_dags/example_setup_teardown.py took 0.071 seconds
[2023-10-28T08:24:35.977+0000] {processor.py:156} INFO - Started process (PID=1507988) to work on /usr/local/lib/python3.10/dist-packages/airflow/example_dags/example_setup_teardown.py
[2023-10-28T08:24:35.980+0000] {processor.py:799} INFO - Processing file /usr/local/lib/python3.10/dist-packages/airflow/example_dags/example_setup_teardown.py for tasks to queue
[2023-10-28T08:24:35.982+0000] {logging_mixin.py:149} INFO - [2023-10-28T08:24:35.981+0000] {dagbag.py:541} INFO - Filling up the DagBag from /usr/local/lib/python3.10/dist-packages/airflow/example_dags/example_setup_teardown.py
[2023-10-28T08:24:35.986+0000] {processor.py:811} WARNING - No viable dags retrieved from /usr/local/lib/python3.10/dist-packages/airflow/example_dags/example_setup_teardown.py
[2023-10-28T08:24:36.039+0000] {processor.py:178} INFO - Processing /usr/local/lib/python3.10/dist-packages/airflow/example_dags/example_setup_teardown.py took 0.069 seconds
[2023-10-28T08:25:06.494+0000] {processor.py:156} INFO - Started process (PID=1508430) to work on /usr/local/lib/python3.10/dist-packages/airflow/example_dags/example_setup_teardown.py
[2023-10-28T08:25:06.532+0000] {processor.py:799} INFO - Processing file /usr/local/lib/python3.10/dist-packages/airflow/example_dags/example_setup_teardown.py for tasks to queue
[2023-10-28T08:25:06.534+0000] {logging_mixin.py:149} INFO - [2023-10-28T08:25:06.533+0000] {dagbag.py:541} INFO - Filling up the DagBag from /usr/local/lib/python3.10/dist-packages/airflow/example_dags/example_setup_teardown.py
[2023-10-28T08:25:06.538+0000] {processor.py:811} WARNING - No viable dags retrieved from /usr/local/lib/python3.10/dist-packages/airflow/example_dags/example_setup_teardown.py
[2023-10-28T08:25:06.595+0000] {processor.py:178} INFO - Processing /usr/local/lib/python3.10/dist-packages/airflow/example_dags/example_setup_teardown.py took 0.108 seconds
[2023-10-28T08:25:37.181+0000] {processor.py:156} INFO - Started process (PID=1509230) to work on /usr/local/lib/python3.10/dist-packages/airflow/example_dags/example_setup_teardown.py
[2023-10-28T08:25:37.188+0000] {processor.py:799} INFO - Processing file /usr/local/lib/python3.10/dist-packages/airflow/example_dags/example_setup_teardown.py for tasks to queue
[2023-10-28T08:25:37.190+0000] {logging_mixin.py:149} INFO - [2023-10-28T08:25:37.189+0000] {dagbag.py:541} INFO - Filling up the DagBag from /usr/local/lib/python3.10/dist-packages/airflow/example_dags/example_setup_teardown.py
[2023-10-28T08:25:37.194+0000] {processor.py:811} WARNING - No viable dags retrieved from /usr/local/lib/python3.10/dist-packages/airflow/example_dags/example_setup_teardown.py
[2023-10-28T08:25:37.251+0000] {processor.py:178} INFO - Processing /usr/local/lib/python3.10/dist-packages/airflow/example_dags/example_setup_teardown.py took 0.077 seconds
[2023-10-28T08:26:07.598+0000] {processor.py:156} INFO - Started process (PID=1509611) to work on /usr/local/lib/python3.10/dist-packages/airflow/example_dags/example_setup_teardown.py
[2023-10-28T08:26:07.632+0000] {processor.py:799} INFO - Processing file /usr/local/lib/python3.10/dist-packages/airflow/example_dags/example_setup_teardown.py for tasks to queue
[2023-10-28T08:26:07.634+0000] {logging_mixin.py:149} INFO - [2023-10-28T08:26:07.634+0000] {dagbag.py:541} INFO - Filling up the DagBag from /usr/local/lib/python3.10/dist-packages/airflow/example_dags/example_setup_teardown.py
[2023-10-28T08:26:07.638+0000] {processor.py:811} WARNING - No viable dags retrieved from /usr/local/lib/python3.10/dist-packages/airflow/example_dags/example_setup_teardown.py
[2023-10-28T08:26:07.685+0000] {processor.py:178} INFO - Processing /usr/local/lib/python3.10/dist-packages/airflow/example_dags/example_setup_teardown.py took 0.095 seconds
[2023-10-28T08:26:38.213+0000] {processor.py:156} INFO - Started process (PID=1509966) to work on /usr/local/lib/python3.10/dist-packages/airflow/example_dags/example_setup_teardown.py
[2023-10-28T08:26:38.252+0000] {processor.py:799} INFO - Processing file /usr/local/lib/python3.10/dist-packages/airflow/example_dags/example_setup_teardown.py for tasks to queue
[2023-10-28T08:26:38.254+0000] {logging_mixin.py:149} INFO - [2023-10-28T08:26:38.253+0000] {dagbag.py:541} INFO - Filling up the DagBag from /usr/local/lib/python3.10/dist-packages/airflow/example_dags/example_setup_teardown.py
[2023-10-28T08:26:38.258+0000] {processor.py:811} WARNING - No viable dags retrieved from /usr/local/lib/python3.10/dist-packages/airflow/example_dags/example_setup_teardown.py
[2023-10-28T08:26:38.310+0000] {processor.py:178} INFO - Processing /usr/local/lib/python3.10/dist-packages/airflow/example_dags/example_setup_teardown.py took 0.107 seconds
[2023-10-28T08:27:09.204+0000] {processor.py:156} INFO - Started process (PID=1510494) to work on /usr/local/lib/python3.10/dist-packages/airflow/example_dags/example_setup_teardown.py
[2023-10-28T08:27:09.206+0000] {processor.py:799} INFO - Processing file /usr/local/lib/python3.10/dist-packages/airflow/example_dags/example_setup_teardown.py for tasks to queue
[2023-10-28T08:27:09.208+0000] {logging_mixin.py:149} INFO - [2023-10-28T08:27:09.207+0000] {dagbag.py:541} INFO - Filling up the DagBag from /usr/local/lib/python3.10/dist-packages/airflow/example_dags/example_setup_teardown.py
[2023-10-28T08:27:09.214+0000] {processor.py:811} WARNING - No viable dags retrieved from /usr/local/lib/python3.10/dist-packages/airflow/example_dags/example_setup_teardown.py
[2023-10-28T08:27:09.267+0000] {processor.py:178} INFO - Processing /usr/local/lib/python3.10/dist-packages/airflow/example_dags/example_setup_teardown.py took 0.072 seconds
[2023-10-28T08:27:39.779+0000] {processor.py:156} INFO - Started process (PID=1510894) to work on /usr/local/lib/python3.10/dist-packages/airflow/example_dags/example_setup_teardown.py
[2023-10-28T08:27:39.809+0000] {processor.py:799} INFO - Processing file /usr/local/lib/python3.10/dist-packages/airflow/example_dags/example_setup_teardown.py for tasks to queue
[2023-10-28T08:27:39.811+0000] {logging_mixin.py:149} INFO - [2023-10-28T08:27:39.810+0000] {dagbag.py:541} INFO - Filling up the DagBag from /usr/local/lib/python3.10/dist-packages/airflow/example_dags/example_setup_teardown.py
[2023-10-28T08:27:39.815+0000] {processor.py:811} WARNING - No viable dags retrieved from /usr/local/lib/python3.10/dist-packages/airflow/example_dags/example_setup_teardown.py
[2023-10-28T08:27:39.869+0000] {processor.py:178} INFO - Processing /usr/local/lib/python3.10/dist-packages/airflow/example_dags/example_setup_teardown.py took 0.097 seconds
[2023-10-28T08:28:10.342+0000] {processor.py:156} INFO - Started process (PID=1511281) to work on /usr/local/lib/python3.10/dist-packages/airflow/example_dags/example_setup_teardown.py
[2023-10-28T08:28:10.386+0000] {processor.py:799} INFO - Processing file /usr/local/lib/python3.10/dist-packages/airflow/example_dags/example_setup_teardown.py for tasks to queue
[2023-10-28T08:28:10.388+0000] {logging_mixin.py:149} INFO - [2023-10-28T08:28:10.388+0000] {dagbag.py:541} INFO - Filling up the DagBag from /usr/local/lib/python3.10/dist-packages/airflow/example_dags/example_setup_teardown.py
[2023-10-28T08:28:10.392+0000] {processor.py:811} WARNING - No viable dags retrieved from /usr/local/lib/python3.10/dist-packages/airflow/example_dags/example_setup_teardown.py
[2023-10-28T08:28:10.450+0000] {processor.py:178} INFO - Processing /usr/local/lib/python3.10/dist-packages/airflow/example_dags/example_setup_teardown.py took 0.115 seconds
[2023-10-28T08:28:40.755+0000] {processor.py:156} INFO - Started process (PID=1511635) to work on /usr/local/lib/python3.10/dist-packages/airflow/example_dags/example_setup_teardown.py
[2023-10-28T08:28:40.800+0000] {processor.py:799} INFO - Processing file /usr/local/lib/python3.10/dist-packages/airflow/example_dags/example_setup_teardown.py for tasks to queue
[2023-10-28T08:28:40.802+0000] {logging_mixin.py:149} INFO - [2023-10-28T08:28:40.802+0000] {dagbag.py:541} INFO - Filling up the DagBag from /usr/local/lib/python3.10/dist-packages/airflow/example_dags/example_setup_teardown.py
[2023-10-28T08:28:40.806+0000] {processor.py:811} WARNING - No viable dags retrieved from /usr/local/lib/python3.10/dist-packages/airflow/example_dags/example_setup_teardown.py
[2023-10-28T08:28:40.851+0000] {processor.py:178} INFO - Processing /usr/local/lib/python3.10/dist-packages/airflow/example_dags/example_setup_teardown.py took 0.103 seconds
[2023-10-28T08:29:11.601+0000] {processor.py:156} INFO - Started process (PID=1512030) to work on /usr/local/lib/python3.10/dist-packages/airflow/example_dags/example_setup_teardown.py
[2023-10-28T08:29:11.625+0000] {processor.py:799} INFO - Processing file /usr/local/lib/python3.10/dist-packages/airflow/example_dags/example_setup_teardown.py for tasks to queue
[2023-10-28T08:29:11.626+0000] {logging_mixin.py:149} INFO - [2023-10-28T08:29:11.626+0000] {dagbag.py:541} INFO - Filling up the DagBag from /usr/local/lib/python3.10/dist-packages/airflow/example_dags/example_setup_teardown.py
[2023-10-28T08:29:11.630+0000] {processor.py:811} WARNING - No viable dags retrieved from /usr/local/lib/python3.10/dist-packages/airflow/example_dags/example_setup_teardown.py
[2023-10-28T08:29:11.683+0000] {processor.py:178} INFO - Processing /usr/local/lib/python3.10/dist-packages/airflow/example_dags/example_setup_teardown.py took 0.089 seconds
[2023-10-28T08:29:42.043+0000] {processor.py:156} INFO - Started process (PID=1512387) to work on /usr/local/lib/python3.10/dist-packages/airflow/example_dags/example_setup_teardown.py
[2023-10-28T08:29:42.068+0000] {processor.py:799} INFO - Processing file /usr/local/lib/python3.10/dist-packages/airflow/example_dags/example_setup_teardown.py for tasks to queue
[2023-10-28T08:29:42.070+0000] {logging_mixin.py:149} INFO - [2023-10-28T08:29:42.070+0000] {dagbag.py:541} INFO - Filling up the DagBag from /usr/local/lib/python3.10/dist-packages/airflow/example_dags/example_setup_teardown.py
[2023-10-28T08:29:42.074+0000] {processor.py:811} WARNING - No viable dags retrieved from /usr/local/lib/python3.10/dist-packages/airflow/example_dags/example_setup_teardown.py
[2023-10-28T08:29:42.129+0000] {processor.py:178} INFO - Processing /usr/local/lib/python3.10/dist-packages/airflow/example_dags/example_setup_teardown.py took 0.093 seconds
[2023-10-28T08:30:12.573+0000] {processor.py:156} INFO - Started process (PID=1512768) to work on /usr/local/lib/python3.10/dist-packages/airflow/example_dags/example_setup_teardown.py
[2023-10-28T08:30:12.576+0000] {processor.py:799} INFO - Processing file /usr/local/lib/python3.10/dist-packages/airflow/example_dags/example_setup_teardown.py for tasks to queue
[2023-10-28T08:30:12.578+0000] {logging_mixin.py:149} INFO - [2023-10-28T08:30:12.577+0000] {dagbag.py:541} INFO - Filling up the DagBag from /usr/local/lib/python3.10/dist-packages/airflow/example_dags/example_setup_teardown.py
[2023-10-28T08:30:12.582+0000] {processor.py:811} WARNING - No viable dags retrieved from /usr/local/lib/python3.10/dist-packages/airflow/example_dags/example_setup_teardown.py
[2023-10-28T08:30:12.633+0000] {processor.py:178} INFO - Processing /usr/local/lib/python3.10/dist-packages/airflow/example_dags/example_setup_teardown.py took 0.067 seconds
[2023-10-28T08:30:43.408+0000] {processor.py:156} INFO - Started process (PID=1513382) to work on /usr/local/lib/python3.10/dist-packages/airflow/example_dags/example_setup_teardown.py
[2023-10-28T08:30:43.420+0000] {processor.py:799} INFO - Processing file /usr/local/lib/python3.10/dist-packages/airflow/example_dags/example_setup_teardown.py for tasks to queue
[2023-10-28T08:30:43.422+0000] {logging_mixin.py:149} INFO - [2023-10-28T08:30:43.422+0000] {dagbag.py:541} INFO - Filling up the DagBag from /usr/local/lib/python3.10/dist-packages/airflow/example_dags/example_setup_teardown.py
[2023-10-28T08:30:43.427+0000] {processor.py:811} WARNING - No viable dags retrieved from /usr/local/lib/python3.10/dist-packages/airflow/example_dags/example_setup_teardown.py
[2023-10-28T08:30:43.478+0000] {processor.py:178} INFO - Processing /usr/local/lib/python3.10/dist-packages/airflow/example_dags/example_setup_teardown.py took 0.078 seconds
[2023-10-28T08:31:14.717+0000] {processor.py:156} INFO - Started process (PID=1513820) to work on /usr/local/lib/python3.10/dist-packages/airflow/example_dags/example_setup_teardown.py
[2023-10-28T08:31:14.719+0000] {processor.py:799} INFO - Processing file /usr/local/lib/python3.10/dist-packages/airflow/example_dags/example_setup_teardown.py for tasks to queue
[2023-10-28T08:31:14.721+0000] {logging_mixin.py:149} INFO - [2023-10-28T08:31:14.720+0000] {dagbag.py:541} INFO - Filling up the DagBag from /usr/local/lib/python3.10/dist-packages/airflow/example_dags/example_setup_teardown.py
[2023-10-28T08:31:14.725+0000] {processor.py:811} WARNING - No viable dags retrieved from /usr/local/lib/python3.10/dist-packages/airflow/example_dags/example_setup_teardown.py
[2023-10-28T08:31:14.776+0000] {processor.py:178} INFO - Processing /usr/local/lib/python3.10/dist-packages/airflow/example_dags/example_setup_teardown.py took 0.066 seconds
[2023-10-28T08:31:46.043+0000] {processor.py:156} INFO - Started process (PID=1514437) to work on /usr/local/lib/python3.10/dist-packages/airflow/example_dags/example_setup_teardown.py
[2023-10-28T08:31:46.081+0000] {processor.py:799} INFO - Processing file /usr/local/lib/python3.10/dist-packages/airflow/example_dags/example_setup_teardown.py for tasks to queue
[2023-10-28T08:31:46.083+0000] {logging_mixin.py:149} INFO - [2023-10-28T08:31:46.083+0000] {dagbag.py:541} INFO - Filling up the DagBag from /usr/local/lib/python3.10/dist-packages/airflow/example_dags/example_setup_teardown.py
[2023-10-28T08:31:46.088+0000] {processor.py:811} WARNING - No viable dags retrieved from /usr/local/lib/python3.10/dist-packages/airflow/example_dags/example_setup_teardown.py
[2023-10-28T08:31:46.137+0000] {processor.py:178} INFO - Processing /usr/local/lib/python3.10/dist-packages/airflow/example_dags/example_setup_teardown.py took 0.102 seconds
[2023-10-28T08:32:17.255+0000] {processor.py:156} INFO - Started process (PID=1515075) to work on /usr/local/lib/python3.10/dist-packages/airflow/example_dags/example_setup_teardown.py
[2023-10-28T08:32:17.296+0000] {processor.py:799} INFO - Processing file /usr/local/lib/python3.10/dist-packages/airflow/example_dags/example_setup_teardown.py for tasks to queue
[2023-10-28T08:32:17.298+0000] {logging_mixin.py:149} INFO - [2023-10-28T08:32:17.298+0000] {dagbag.py:541} INFO - Filling up the DagBag from /usr/local/lib/python3.10/dist-packages/airflow/example_dags/example_setup_teardown.py
[2023-10-28T08:32:17.302+0000] {processor.py:811} WARNING - No viable dags retrieved from /usr/local/lib/python3.10/dist-packages/airflow/example_dags/example_setup_teardown.py
[2023-10-28T08:32:17.349+0000] {processor.py:178} INFO - Processing /usr/local/lib/python3.10/dist-packages/airflow/example_dags/example_setup_teardown.py took 0.102 seconds
[2023-10-28T08:32:47.657+0000] {processor.py:156} INFO - Started process (PID=1515673) to work on /usr/local/lib/python3.10/dist-packages/airflow/example_dags/example_setup_teardown.py
[2023-10-28T08:32:47.708+0000] {processor.py:799} INFO - Processing file /usr/local/lib/python3.10/dist-packages/airflow/example_dags/example_setup_teardown.py for tasks to queue
[2023-10-28T08:32:47.710+0000] {logging_mixin.py:149} INFO - [2023-10-28T08:32:47.709+0000] {dagbag.py:541} INFO - Filling up the DagBag from /usr/local/lib/python3.10/dist-packages/airflow/example_dags/example_setup_teardown.py
[2023-10-28T08:32:47.714+0000] {processor.py:811} WARNING - No viable dags retrieved from /usr/local/lib/python3.10/dist-packages/airflow/example_dags/example_setup_teardown.py
[2023-10-28T08:32:47.767+0000] {processor.py:178} INFO - Processing /usr/local/lib/python3.10/dist-packages/airflow/example_dags/example_setup_teardown.py took 0.117 seconds
[2023-10-28T08:33:18.452+0000] {processor.py:156} INFO - Started process (PID=1516149) to work on /usr/local/lib/python3.10/dist-packages/airflow/example_dags/example_setup_teardown.py
[2023-10-28T08:33:18.454+0000] {processor.py:799} INFO - Processing file /usr/local/lib/python3.10/dist-packages/airflow/example_dags/example_setup_teardown.py for tasks to queue
[2023-10-28T08:33:18.456+0000] {logging_mixin.py:149} INFO - [2023-10-28T08:33:18.456+0000] {dagbag.py:541} INFO - Filling up the DagBag from /usr/local/lib/python3.10/dist-packages/airflow/example_dags/example_setup_teardown.py
[2023-10-28T08:33:18.461+0000] {processor.py:811} WARNING - No viable dags retrieved from /usr/local/lib/python3.10/dist-packages/airflow/example_dags/example_setup_teardown.py
[2023-10-28T08:33:18.513+0000] {processor.py:178} INFO - Processing /usr/local/lib/python3.10/dist-packages/airflow/example_dags/example_setup_teardown.py took 0.068 seconds
[2023-10-28T08:33:49.230+0000] {processor.py:156} INFO - Started process (PID=1516503) to work on /usr/local/lib/python3.10/dist-packages/airflow/example_dags/example_setup_teardown.py
[2023-10-28T08:33:49.257+0000] {processor.py:799} INFO - Processing file /usr/local/lib/python3.10/dist-packages/airflow/example_dags/example_setup_teardown.py for tasks to queue
[2023-10-28T08:33:49.259+0000] {logging_mixin.py:149} INFO - [2023-10-28T08:33:49.258+0000] {dagbag.py:541} INFO - Filling up the DagBag from /usr/local/lib/python3.10/dist-packages/airflow/example_dags/example_setup_teardown.py
[2023-10-28T08:33:49.263+0000] {processor.py:811} WARNING - No viable dags retrieved from /usr/local/lib/python3.10/dist-packages/airflow/example_dags/example_setup_teardown.py
[2023-10-28T08:33:49.314+0000] {processor.py:178} INFO - Processing /usr/local/lib/python3.10/dist-packages/airflow/example_dags/example_setup_teardown.py took 0.091 seconds
[2023-10-28T08:34:19.830+0000] {processor.py:156} INFO - Started process (PID=1516901) to work on /usr/local/lib/python3.10/dist-packages/airflow/example_dags/example_setup_teardown.py
[2023-10-28T08:34:19.834+0000] {processor.py:799} INFO - Processing file /usr/local/lib/python3.10/dist-packages/airflow/example_dags/example_setup_teardown.py for tasks to queue
[2023-10-28T08:34:19.836+0000] {logging_mixin.py:149} INFO - [2023-10-28T08:34:19.835+0000] {dagbag.py:541} INFO - Filling up the DagBag from /usr/local/lib/python3.10/dist-packages/airflow/example_dags/example_setup_teardown.py
[2023-10-28T08:34:19.840+0000] {processor.py:811} WARNING - No viable dags retrieved from /usr/local/lib/python3.10/dist-packages/airflow/example_dags/example_setup_teardown.py
[2023-10-28T08:34:19.890+0000] {processor.py:178} INFO - Processing /usr/local/lib/python3.10/dist-packages/airflow/example_dags/example_setup_teardown.py took 0.067 seconds
[2023-10-28T08:34:50.596+0000] {processor.py:156} INFO - Started process (PID=1517258) to work on /usr/local/lib/python3.10/dist-packages/airflow/example_dags/example_setup_teardown.py
[2023-10-28T08:34:50.632+0000] {processor.py:799} INFO - Processing file /usr/local/lib/python3.10/dist-packages/airflow/example_dags/example_setup_teardown.py for tasks to queue
[2023-10-28T08:34:50.634+0000] {logging_mixin.py:149} INFO - [2023-10-28T08:34:50.633+0000] {dagbag.py:541} INFO - Filling up the DagBag from /usr/local/lib/python3.10/dist-packages/airflow/example_dags/example_setup_teardown.py
[2023-10-28T08:34:50.639+0000] {processor.py:811} WARNING - No viable dags retrieved from /usr/local/lib/python3.10/dist-packages/airflow/example_dags/example_setup_teardown.py
[2023-10-28T08:34:50.689+0000] {processor.py:178} INFO - Processing /usr/local/lib/python3.10/dist-packages/airflow/example_dags/example_setup_teardown.py took 0.100 seconds
[2023-10-28T08:35:21.719+0000] {processor.py:156} INFO - Started process (PID=1517816) to work on /usr/local/lib/python3.10/dist-packages/airflow/example_dags/example_setup_teardown.py
[2023-10-28T08:35:21.757+0000] {processor.py:799} INFO - Processing file /usr/local/lib/python3.10/dist-packages/airflow/example_dags/example_setup_teardown.py for tasks to queue
[2023-10-28T08:35:21.759+0000] {logging_mixin.py:149} INFO - [2023-10-28T08:35:21.758+0000] {dagbag.py:541} INFO - Filling up the DagBag from /usr/local/lib/python3.10/dist-packages/airflow/example_dags/example_setup_teardown.py
[2023-10-28T08:35:21.764+0000] {processor.py:811} WARNING - No viable dags retrieved from /usr/local/lib/python3.10/dist-packages/airflow/example_dags/example_setup_teardown.py
[2023-10-28T08:35:21.813+0000] {processor.py:178} INFO - Processing /usr/local/lib/python3.10/dist-packages/airflow/example_dags/example_setup_teardown.py took 0.101 seconds
[2023-10-28T08:35:52.117+0000] {processor.py:156} INFO - Started process (PID=1518271) to work on /usr/local/lib/python3.10/dist-packages/airflow/example_dags/example_setup_teardown.py
[2023-10-28T08:35:52.119+0000] {processor.py:799} INFO - Processing file /usr/local/lib/python3.10/dist-packages/airflow/example_dags/example_setup_teardown.py for tasks to queue
[2023-10-28T08:35:52.121+0000] {logging_mixin.py:149} INFO - [2023-10-28T08:35:52.121+0000] {dagbag.py:541} INFO - Filling up the DagBag from /usr/local/lib/python3.10/dist-packages/airflow/example_dags/example_setup_teardown.py
[2023-10-28T08:35:52.125+0000] {processor.py:811} WARNING - No viable dags retrieved from /usr/local/lib/python3.10/dist-packages/airflow/example_dags/example_setup_teardown.py
[2023-10-28T08:35:52.172+0000] {processor.py:178} INFO - Processing /usr/local/lib/python3.10/dist-packages/airflow/example_dags/example_setup_teardown.py took 0.062 seconds
[2023-10-28T08:36:22.301+0000] {processor.py:156} INFO - Started process (PID=1518650) to work on /usr/local/lib/python3.10/dist-packages/airflow/example_dags/example_setup_teardown.py
[2023-10-28T08:36:22.352+0000] {processor.py:799} INFO - Processing file /usr/local/lib/python3.10/dist-packages/airflow/example_dags/example_setup_teardown.py for tasks to queue
[2023-10-28T08:36:22.354+0000] {logging_mixin.py:149} INFO - [2023-10-28T08:36:22.354+0000] {dagbag.py:541} INFO - Filling up the DagBag from /usr/local/lib/python3.10/dist-packages/airflow/example_dags/example_setup_teardown.py
[2023-10-28T08:36:22.358+0000] {processor.py:811} WARNING - No viable dags retrieved from /usr/local/lib/python3.10/dist-packages/airflow/example_dags/example_setup_teardown.py
[2023-10-28T08:36:22.411+0000] {processor.py:178} INFO - Processing /usr/local/lib/python3.10/dist-packages/airflow/example_dags/example_setup_teardown.py took 0.117 seconds
[2023-10-28T08:36:52.783+0000] {processor.py:156} INFO - Started process (PID=1519005) to work on /usr/local/lib/python3.10/dist-packages/airflow/example_dags/example_setup_teardown.py
[2023-10-28T08:36:52.785+0000] {processor.py:799} INFO - Processing file /usr/local/lib/python3.10/dist-packages/airflow/example_dags/example_setup_teardown.py for tasks to queue
[2023-10-28T08:36:52.787+0000] {logging_mixin.py:149} INFO - [2023-10-28T08:36:52.786+0000] {dagbag.py:541} INFO - Filling up the DagBag from /usr/local/lib/python3.10/dist-packages/airflow/example_dags/example_setup_teardown.py
[2023-10-28T08:36:52.791+0000] {processor.py:811} WARNING - No viable dags retrieved from /usr/local/lib/python3.10/dist-packages/airflow/example_dags/example_setup_teardown.py
[2023-10-28T08:36:52.844+0000] {processor.py:178} INFO - Processing /usr/local/lib/python3.10/dist-packages/airflow/example_dags/example_setup_teardown.py took 0.070 seconds
[2023-10-28T08:37:23.624+0000] {processor.py:156} INFO - Started process (PID=1519513) to work on /usr/local/lib/python3.10/dist-packages/airflow/example_dags/example_setup_teardown.py
[2023-10-28T08:37:23.627+0000] {processor.py:799} INFO - Processing file /usr/local/lib/python3.10/dist-packages/airflow/example_dags/example_setup_teardown.py for tasks to queue
[2023-10-28T08:37:23.629+0000] {logging_mixin.py:149} INFO - [2023-10-28T08:37:23.628+0000] {dagbag.py:541} INFO - Filling up the DagBag from /usr/local/lib/python3.10/dist-packages/airflow/example_dags/example_setup_teardown.py
[2023-10-28T08:37:23.634+0000] {processor.py:811} WARNING - No viable dags retrieved from /usr/local/lib/python3.10/dist-packages/airflow/example_dags/example_setup_teardown.py
[2023-10-28T08:37:23.686+0000] {processor.py:178} INFO - Processing /usr/local/lib/python3.10/dist-packages/airflow/example_dags/example_setup_teardown.py took 0.068 seconds
[2023-10-28T08:37:54.245+0000] {processor.py:156} INFO - Started process (PID=1519871) to work on /usr/local/lib/python3.10/dist-packages/airflow/example_dags/example_setup_teardown.py
[2023-10-28T08:37:54.247+0000] {processor.py:799} INFO - Processing file /usr/local/lib/python3.10/dist-packages/airflow/example_dags/example_setup_teardown.py for tasks to queue
[2023-10-28T08:37:54.249+0000] {logging_mixin.py:149} INFO - [2023-10-28T08:37:54.249+0000] {dagbag.py:541} INFO - Filling up the DagBag from /usr/local/lib/python3.10/dist-packages/airflow/example_dags/example_setup_teardown.py
[2023-10-28T08:37:54.254+0000] {processor.py:811} WARNING - No viable dags retrieved from /usr/local/lib/python3.10/dist-packages/airflow/example_dags/example_setup_teardown.py
[2023-10-28T08:37:54.307+0000] {processor.py:178} INFO - Processing /usr/local/lib/python3.10/dist-packages/airflow/example_dags/example_setup_teardown.py took 0.069 seconds
[2023-10-28T08:38:25.253+0000] {processor.py:156} INFO - Started process (PID=1520422) to work on /usr/local/lib/python3.10/dist-packages/airflow/example_dags/example_setup_teardown.py
[2023-10-28T08:38:25.277+0000] {processor.py:799} INFO - Processing file /usr/local/lib/python3.10/dist-packages/airflow/example_dags/example_setup_teardown.py for tasks to queue
[2023-10-28T08:38:25.280+0000] {logging_mixin.py:149} INFO - [2023-10-28T08:38:25.279+0000] {dagbag.py:541} INFO - Filling up the DagBag from /usr/local/lib/python3.10/dist-packages/airflow/example_dags/example_setup_teardown.py
[2023-10-28T08:38:25.284+0000] {processor.py:811} WARNING - No viable dags retrieved from /usr/local/lib/python3.10/dist-packages/airflow/example_dags/example_setup_teardown.py
[2023-10-28T08:38:25.338+0000] {processor.py:178} INFO - Processing /usr/local/lib/python3.10/dist-packages/airflow/example_dags/example_setup_teardown.py took 0.092 seconds
[2023-10-28T08:38:56.049+0000] {processor.py:156} INFO - Started process (PID=1520938) to work on /usr/local/lib/python3.10/dist-packages/airflow/example_dags/example_setup_teardown.py
[2023-10-28T08:38:56.050+0000] {processor.py:799} INFO - Processing file /usr/local/lib/python3.10/dist-packages/airflow/example_dags/example_setup_teardown.py for tasks to queue
[2023-10-28T08:38:56.052+0000] {logging_mixin.py:149} INFO - [2023-10-28T08:38:56.052+0000] {dagbag.py:541} INFO - Filling up the DagBag from /usr/local/lib/python3.10/dist-packages/airflow/example_dags/example_setup_teardown.py
[2023-10-28T08:38:56.056+0000] {processor.py:811} WARNING - No viable dags retrieved from /usr/local/lib/python3.10/dist-packages/airflow/example_dags/example_setup_teardown.py
[2023-10-28T08:38:56.105+0000] {processor.py:178} INFO - Processing /usr/local/lib/python3.10/dist-packages/airflow/example_dags/example_setup_teardown.py took 0.063 seconds
[2023-10-28T08:39:27.201+0000] {processor.py:156} INFO - Started process (PID=1521446) to work on /usr/local/lib/python3.10/dist-packages/airflow/example_dags/example_setup_teardown.py
[2023-10-28T08:39:27.204+0000] {processor.py:799} INFO - Processing file /usr/local/lib/python3.10/dist-packages/airflow/example_dags/example_setup_teardown.py for tasks to queue
[2023-10-28T08:39:27.206+0000] {logging_mixin.py:149} INFO - [2023-10-28T08:39:27.205+0000] {dagbag.py:541} INFO - Filling up the DagBag from /usr/local/lib/python3.10/dist-packages/airflow/example_dags/example_setup_teardown.py
[2023-10-28T08:39:27.210+0000] {processor.py:811} WARNING - No viable dags retrieved from /usr/local/lib/python3.10/dist-packages/airflow/example_dags/example_setup_teardown.py
[2023-10-28T08:39:27.257+0000] {processor.py:178} INFO - Processing /usr/local/lib/python3.10/dist-packages/airflow/example_dags/example_setup_teardown.py took 0.062 seconds
