[2023-10-28T07:57:29.846+0000] {processor.py:156} INFO - Started process (PID=1491520) to work on /usr/local/lib/python3.10/dist-packages/airflow/example_dags/example_skip_dag.py
[2023-10-28T07:57:29.848+0000] {processor.py:799} INFO - Processing file /usr/local/lib/python3.10/dist-packages/airflow/example_dags/example_skip_dag.py for tasks to queue
[2023-10-28T07:57:29.850+0000] {logging_mixin.py:149} INFO - [2023-10-28T07:57:29.850+0000] {dagbag.py:541} INFO - Filling up the DagBag from /usr/local/lib/python3.10/dist-packages/airflow/example_dags/example_skip_dag.py
[2023-10-28T07:57:29.868+0000] {processor.py:809} INFO - DAG(s) dict_keys(['example_skip_dag']) retrieved from /usr/local/lib/python3.10/dist-packages/airflow/example_dags/example_skip_dag.py
[2023-10-28T07:57:30.391+0000] {logging_mixin.py:149} INFO - [2023-10-28T07:57:30.390+0000] {manager.py:504} INFO - Created Permission View: can read on DAG:example_skip_dag
[2023-10-28T07:57:30.418+0000] {logging_mixin.py:149} INFO - [2023-10-28T07:57:30.417+0000] {manager.py:504} INFO - Created Permission View: can edit on DAG:example_skip_dag
[2023-10-28T07:57:30.442+0000] {logging_mixin.py:149} INFO - [2023-10-28T07:57:30.441+0000] {manager.py:504} INFO - Created Permission View: can delete on DAG:example_skip_dag
[2023-10-28T07:57:30.442+0000] {logging_mixin.py:149} INFO - [2023-10-28T07:57:30.442+0000] {dag.py:2726} INFO - Sync 1 DAGs
[2023-10-28T07:57:30.471+0000] {logging_mixin.py:149} INFO - [2023-10-28T07:57:30.470+0000] {dag.py:2747} INFO - Creating ORM DAG for example_skip_dag
[2023-10-28T07:57:30.496+0000] {logging_mixin.py:149} INFO - [2023-10-28T07:57:30.495+0000] {dag.py:3486} INFO - Setting next_dagrun for example_skip_dag to 2023-10-27T07:57:30.495323+00:00, run_after=2023-10-28T07:57:30.495323+00:00
[2023-10-28T07:57:30.591+0000] {processor.py:178} INFO - Processing /usr/local/lib/python3.10/dist-packages/airflow/example_dags/example_skip_dag.py took 0.752 seconds
[2023-10-28T07:58:40.855+0000] {processor.py:156} INFO - Started process (PID=1492003) to work on /usr/local/lib/python3.10/dist-packages/airflow/example_dags/example_skip_dag.py
[2023-10-28T07:58:40.894+0000] {processor.py:799} INFO - Processing file /usr/local/lib/python3.10/dist-packages/airflow/example_dags/example_skip_dag.py for tasks to queue
[2023-10-28T07:58:40.896+0000] {logging_mixin.py:149} INFO - [2023-10-28T07:58:40.895+0000] {dagbag.py:541} INFO - Filling up the DagBag from /usr/local/lib/python3.10/dist-packages/airflow/example_dags/example_skip_dag.py
[2023-10-28T07:58:40.915+0000] {processor.py:809} INFO - DAG(s) dict_keys(['example_skip_dag']) retrieved from /usr/local/lib/python3.10/dist-packages/airflow/example_dags/example_skip_dag.py
[2023-10-28T07:58:41.178+0000] {logging_mixin.py:149} INFO - [2023-10-28T07:58:41.178+0000] {dag.py:2726} INFO - Sync 1 DAGs
[2023-10-28T07:58:41.230+0000] {logging_mixin.py:149} INFO - [2023-10-28T07:58:41.229+0000] {dag.py:3486} INFO - Setting next_dagrun for example_skip_dag to 2023-10-27T07:58:41.229410+00:00, run_after=2023-10-28T07:58:41.229410+00:00
[2023-10-28T07:58:41.319+0000] {processor.py:178} INFO - Processing /usr/local/lib/python3.10/dist-packages/airflow/example_dags/example_skip_dag.py took 0.470 seconds
[2023-10-28T07:59:42.703+0000] {processor.py:156} INFO - Started process (PID=1492441) to work on /usr/local/lib/python3.10/dist-packages/airflow/example_dags/example_skip_dag.py
[2023-10-28T07:59:42.741+0000] {processor.py:799} INFO - Processing file /usr/local/lib/python3.10/dist-packages/airflow/example_dags/example_skip_dag.py for tasks to queue
[2023-10-28T07:59:42.743+0000] {logging_mixin.py:149} INFO - [2023-10-28T07:59:42.742+0000] {dagbag.py:541} INFO - Filling up the DagBag from /usr/local/lib/python3.10/dist-packages/airflow/example_dags/example_skip_dag.py
[2023-10-28T07:59:42.763+0000] {processor.py:809} INFO - DAG(s) dict_keys(['example_skip_dag']) retrieved from /usr/local/lib/python3.10/dist-packages/airflow/example_dags/example_skip_dag.py
[2023-10-28T07:59:42.816+0000] {logging_mixin.py:149} INFO - [2023-10-28T07:59:42.815+0000] {dag.py:2726} INFO - Sync 1 DAGs
[2023-10-28T07:59:42.875+0000] {logging_mixin.py:149} INFO - [2023-10-28T07:59:42.874+0000] {dag.py:3486} INFO - Setting next_dagrun for example_skip_dag to 2023-10-27T07:59:42.874064+00:00, run_after=2023-10-28T07:59:42.874064+00:00
[2023-10-28T07:59:42.969+0000] {processor.py:178} INFO - Processing /usr/local/lib/python3.10/dist-packages/airflow/example_dags/example_skip_dag.py took 0.273 seconds
[2023-10-28T08:15:23.982+0000] {processor.py:156} INFO - Started process (PID=1497875) to work on /usr/local/lib/python3.10/dist-packages/airflow/example_dags/example_skip_dag.py
[2023-10-28T08:15:23.996+0000] {processor.py:799} INFO - Processing file /usr/local/lib/python3.10/dist-packages/airflow/example_dags/example_skip_dag.py for tasks to queue
[2023-10-28T08:15:23.998+0000] {logging_mixin.py:149} INFO - [2023-10-28T08:15:23.998+0000] {dagbag.py:541} INFO - Filling up the DagBag from /usr/local/lib/python3.10/dist-packages/airflow/example_dags/example_skip_dag.py
[2023-10-28T08:15:24.020+0000] {processor.py:809} INFO - DAG(s) dict_keys(['example_skip_dag']) retrieved from /usr/local/lib/python3.10/dist-packages/airflow/example_dags/example_skip_dag.py
[2023-10-28T08:15:24.543+0000] {logging_mixin.py:149} INFO - [2023-10-28T08:15:24.543+0000] {manager.py:504} INFO - Created Permission View: can read on DAG:example_skip_dag
[2023-10-28T08:15:24.572+0000] {logging_mixin.py:149} INFO - [2023-10-28T08:15:24.572+0000] {manager.py:504} INFO - Created Permission View: can delete on DAG:example_skip_dag
[2023-10-28T08:15:24.597+0000] {logging_mixin.py:149} INFO - [2023-10-28T08:15:24.596+0000] {manager.py:504} INFO - Created Permission View: can edit on DAG:example_skip_dag
[2023-10-28T08:15:24.597+0000] {logging_mixin.py:149} INFO - [2023-10-28T08:15:24.597+0000] {dag.py:2726} INFO - Sync 1 DAGs
[2023-10-28T08:15:24.635+0000] {logging_mixin.py:149} INFO - [2023-10-28T08:15:24.635+0000] {dag.py:2747} INFO - Creating ORM DAG for example_skip_dag
[2023-10-28T08:15:24.668+0000] {logging_mixin.py:149} INFO - [2023-10-28T08:15:24.667+0000] {dag.py:3486} INFO - Setting next_dagrun for example_skip_dag to 2023-10-27T08:15:24.667091+00:00, run_after=2023-10-28T08:15:24.667091+00:00
[2023-10-28T08:15:24.725+0000] {processor.py:178} INFO - Processing /usr/local/lib/python3.10/dist-packages/airflow/example_dags/example_skip_dag.py took 0.753 seconds
[2023-10-28T08:15:54.833+0000] {processor.py:156} INFO - Started process (PID=1498640) to work on /usr/local/lib/python3.10/dist-packages/airflow/example_dags/example_skip_dag.py
[2023-10-28T08:15:54.876+0000] {processor.py:799} INFO - Processing file /usr/local/lib/python3.10/dist-packages/airflow/example_dags/example_skip_dag.py for tasks to queue
[2023-10-28T08:15:54.878+0000] {logging_mixin.py:149} INFO - [2023-10-28T08:15:54.878+0000] {dagbag.py:541} INFO - Filling up the DagBag from /usr/local/lib/python3.10/dist-packages/airflow/example_dags/example_skip_dag.py
[2023-10-28T08:15:54.896+0000] {processor.py:809} INFO - DAG(s) dict_keys(['example_skip_dag']) retrieved from /usr/local/lib/python3.10/dist-packages/airflow/example_dags/example_skip_dag.py
[2023-10-28T08:15:54.981+0000] {logging_mixin.py:149} INFO - [2023-10-28T08:15:54.980+0000] {dag.py:2726} INFO - Sync 1 DAGs
[2023-10-28T08:15:55.067+0000] {logging_mixin.py:149} INFO - [2023-10-28T08:15:55.066+0000] {dag.py:3486} INFO - Setting next_dagrun for example_skip_dag to 2023-10-27T08:15:55.066090+00:00, run_after=2023-10-28T08:15:55.066090+00:00
[2023-10-28T08:15:55.157+0000] {processor.py:178} INFO - Processing /usr/local/lib/python3.10/dist-packages/airflow/example_dags/example_skip_dag.py took 0.332 seconds
[2023-10-28T08:16:25.607+0000] {processor.py:156} INFO - Started process (PID=1499978) to work on /usr/local/lib/python3.10/dist-packages/airflow/example_dags/example_skip_dag.py
[2023-10-28T08:16:25.612+0000] {processor.py:799} INFO - Processing file /usr/local/lib/python3.10/dist-packages/airflow/example_dags/example_skip_dag.py for tasks to queue
[2023-10-28T08:16:25.614+0000] {logging_mixin.py:149} INFO - [2023-10-28T08:16:25.613+0000] {dagbag.py:541} INFO - Filling up the DagBag from /usr/local/lib/python3.10/dist-packages/airflow/example_dags/example_skip_dag.py
[2023-10-28T08:16:25.632+0000] {processor.py:809} INFO - DAG(s) dict_keys(['example_skip_dag']) retrieved from /usr/local/lib/python3.10/dist-packages/airflow/example_dags/example_skip_dag.py
[2023-10-28T08:16:25.715+0000] {logging_mixin.py:149} INFO - [2023-10-28T08:16:25.714+0000] {dag.py:2726} INFO - Sync 1 DAGs
[2023-10-28T08:16:25.794+0000] {logging_mixin.py:149} INFO - [2023-10-28T08:16:25.794+0000] {dag.py:3486} INFO - Setting next_dagrun for example_skip_dag to 2023-10-27T08:16:25.793634+00:00, run_after=2023-10-28T08:16:25.793634+00:00
[2023-10-28T08:16:25.894+0000] {processor.py:178} INFO - Processing /usr/local/lib/python3.10/dist-packages/airflow/example_dags/example_skip_dag.py took 0.295 seconds
[2023-10-28T08:16:56.215+0000] {processor.py:156} INFO - Started process (PID=1500607) to work on /usr/local/lib/python3.10/dist-packages/airflow/example_dags/example_skip_dag.py
[2023-10-28T08:16:56.216+0000] {processor.py:799} INFO - Processing file /usr/local/lib/python3.10/dist-packages/airflow/example_dags/example_skip_dag.py for tasks to queue
[2023-10-28T08:16:56.218+0000] {logging_mixin.py:149} INFO - [2023-10-28T08:16:56.218+0000] {dagbag.py:541} INFO - Filling up the DagBag from /usr/local/lib/python3.10/dist-packages/airflow/example_dags/example_skip_dag.py
[2023-10-28T08:16:56.235+0000] {processor.py:809} INFO - DAG(s) dict_keys(['example_skip_dag']) retrieved from /usr/local/lib/python3.10/dist-packages/airflow/example_dags/example_skip_dag.py
[2023-10-28T08:16:56.323+0000] {logging_mixin.py:149} INFO - [2023-10-28T08:16:56.323+0000] {dag.py:2726} INFO - Sync 1 DAGs
[2023-10-28T08:16:56.405+0000] {logging_mixin.py:149} INFO - [2023-10-28T08:16:56.404+0000] {dag.py:3486} INFO - Setting next_dagrun for example_skip_dag to 2023-10-27T08:16:56.404135+00:00, run_after=2023-10-28T08:16:56.404135+00:00
[2023-10-28T08:16:56.521+0000] {processor.py:178} INFO - Processing /usr/local/lib/python3.10/dist-packages/airflow/example_dags/example_skip_dag.py took 0.313 seconds
[2023-10-28T08:17:27.145+0000] {processor.py:156} INFO - Started process (PID=1501117) to work on /usr/local/lib/python3.10/dist-packages/airflow/example_dags/example_skip_dag.py
[2023-10-28T08:17:27.169+0000] {processor.py:799} INFO - Processing file /usr/local/lib/python3.10/dist-packages/airflow/example_dags/example_skip_dag.py for tasks to queue
[2023-10-28T08:17:27.171+0000] {logging_mixin.py:149} INFO - [2023-10-28T08:17:27.171+0000] {dagbag.py:541} INFO - Filling up the DagBag from /usr/local/lib/python3.10/dist-packages/airflow/example_dags/example_skip_dag.py
[2023-10-28T08:17:27.188+0000] {processor.py:809} INFO - DAG(s) dict_keys(['example_skip_dag']) retrieved from /usr/local/lib/python3.10/dist-packages/airflow/example_dags/example_skip_dag.py
[2023-10-28T08:17:27.272+0000] {logging_mixin.py:149} INFO - [2023-10-28T08:17:27.271+0000] {dag.py:2726} INFO - Sync 1 DAGs
[2023-10-28T08:17:27.348+0000] {logging_mixin.py:149} INFO - [2023-10-28T08:17:27.347+0000] {dag.py:3486} INFO - Setting next_dagrun for example_skip_dag to 2023-10-27T08:17:27.347148+00:00, run_after=2023-10-28T08:17:27.347148+00:00
[2023-10-28T08:17:27.455+0000] {processor.py:178} INFO - Processing /usr/local/lib/python3.10/dist-packages/airflow/example_dags/example_skip_dag.py took 0.317 seconds
[2023-10-28T08:17:57.681+0000] {processor.py:156} INFO - Started process (PID=1501474) to work on /usr/local/lib/python3.10/dist-packages/airflow/example_dags/example_skip_dag.py
[2023-10-28T08:17:57.684+0000] {processor.py:799} INFO - Processing file /usr/local/lib/python3.10/dist-packages/airflow/example_dags/example_skip_dag.py for tasks to queue
[2023-10-28T08:17:57.686+0000] {logging_mixin.py:149} INFO - [2023-10-28T08:17:57.685+0000] {dagbag.py:541} INFO - Filling up the DagBag from /usr/local/lib/python3.10/dist-packages/airflow/example_dags/example_skip_dag.py
[2023-10-28T08:17:57.703+0000] {processor.py:809} INFO - DAG(s) dict_keys(['example_skip_dag']) retrieved from /usr/local/lib/python3.10/dist-packages/airflow/example_dags/example_skip_dag.py
[2023-10-28T08:17:57.786+0000] {logging_mixin.py:149} INFO - [2023-10-28T08:17:57.785+0000] {dag.py:2726} INFO - Sync 1 DAGs
[2023-10-28T08:17:57.860+0000] {logging_mixin.py:149} INFO - [2023-10-28T08:17:57.859+0000] {dag.py:3486} INFO - Setting next_dagrun for example_skip_dag to 2023-10-27T08:17:57.859287+00:00, run_after=2023-10-28T08:17:57.859287+00:00
[2023-10-28T08:17:57.963+0000] {processor.py:178} INFO - Processing /usr/local/lib/python3.10/dist-packages/airflow/example_dags/example_skip_dag.py took 0.289 seconds
[2023-10-28T08:18:28.542+0000] {processor.py:156} INFO - Started process (PID=1501854) to work on /usr/local/lib/python3.10/dist-packages/airflow/example_dags/example_skip_dag.py
[2023-10-28T08:18:28.577+0000] {processor.py:799} INFO - Processing file /usr/local/lib/python3.10/dist-packages/airflow/example_dags/example_skip_dag.py for tasks to queue
[2023-10-28T08:18:28.579+0000] {logging_mixin.py:149} INFO - [2023-10-28T08:18:28.579+0000] {dagbag.py:541} INFO - Filling up the DagBag from /usr/local/lib/python3.10/dist-packages/airflow/example_dags/example_skip_dag.py
[2023-10-28T08:18:28.598+0000] {processor.py:809} INFO - DAG(s) dict_keys(['example_skip_dag']) retrieved from /usr/local/lib/python3.10/dist-packages/airflow/example_dags/example_skip_dag.py
[2023-10-28T08:18:28.689+0000] {logging_mixin.py:149} INFO - [2023-10-28T08:18:28.688+0000] {dag.py:2726} INFO - Sync 1 DAGs
[2023-10-28T08:18:28.767+0000] {logging_mixin.py:149} INFO - [2023-10-28T08:18:28.767+0000] {dag.py:3486} INFO - Setting next_dagrun for example_skip_dag to 2023-10-27T08:18:28.766480+00:00, run_after=2023-10-28T08:18:28.766480+00:00
[2023-10-28T08:18:28.876+0000] {processor.py:178} INFO - Processing /usr/local/lib/python3.10/dist-packages/airflow/example_dags/example_skip_dag.py took 0.341 seconds
[2023-10-28T08:18:59.821+0000] {processor.py:156} INFO - Started process (PID=1502209) to work on /usr/local/lib/python3.10/dist-packages/airflow/example_dags/example_skip_dag.py
[2023-10-28T08:18:59.864+0000] {processor.py:799} INFO - Processing file /usr/local/lib/python3.10/dist-packages/airflow/example_dags/example_skip_dag.py for tasks to queue
[2023-10-28T08:18:59.867+0000] {logging_mixin.py:149} INFO - [2023-10-28T08:18:59.867+0000] {dagbag.py:541} INFO - Filling up the DagBag from /usr/local/lib/python3.10/dist-packages/airflow/example_dags/example_skip_dag.py
[2023-10-28T08:18:59.884+0000] {processor.py:809} INFO - DAG(s) dict_keys(['example_skip_dag']) retrieved from /usr/local/lib/python3.10/dist-packages/airflow/example_dags/example_skip_dag.py
[2023-10-28T08:18:59.973+0000] {logging_mixin.py:149} INFO - [2023-10-28T08:18:59.972+0000] {dag.py:2726} INFO - Sync 1 DAGs
[2023-10-28T08:19:00.048+0000] {logging_mixin.py:149} INFO - [2023-10-28T08:19:00.048+0000] {dag.py:3486} INFO - Setting next_dagrun for example_skip_dag to 2023-10-27T08:19:00.047529+00:00, run_after=2023-10-28T08:19:00.047529+00:00
[2023-10-28T08:19:00.155+0000] {processor.py:178} INFO - Processing /usr/local/lib/python3.10/dist-packages/airflow/example_dags/example_skip_dag.py took 0.342 seconds
[2023-10-28T08:19:30.319+0000] {processor.py:156} INFO - Started process (PID=1502603) to work on /usr/local/lib/python3.10/dist-packages/airflow/example_dags/example_skip_dag.py
[2023-10-28T08:19:30.322+0000] {processor.py:799} INFO - Processing file /usr/local/lib/python3.10/dist-packages/airflow/example_dags/example_skip_dag.py for tasks to queue
[2023-10-28T08:19:30.324+0000] {logging_mixin.py:149} INFO - [2023-10-28T08:19:30.323+0000] {dagbag.py:541} INFO - Filling up the DagBag from /usr/local/lib/python3.10/dist-packages/airflow/example_dags/example_skip_dag.py
[2023-10-28T08:19:30.342+0000] {processor.py:809} INFO - DAG(s) dict_keys(['example_skip_dag']) retrieved from /usr/local/lib/python3.10/dist-packages/airflow/example_dags/example_skip_dag.py
[2023-10-28T08:19:30.421+0000] {logging_mixin.py:149} INFO - [2023-10-28T08:19:30.420+0000] {dag.py:2726} INFO - Sync 1 DAGs
[2023-10-28T08:19:30.497+0000] {logging_mixin.py:149} INFO - [2023-10-28T08:19:30.497+0000] {dag.py:3486} INFO - Setting next_dagrun for example_skip_dag to 2023-10-27T08:19:30.496724+00:00, run_after=2023-10-28T08:19:30.496724+00:00
[2023-10-28T08:19:30.600+0000] {processor.py:178} INFO - Processing /usr/local/lib/python3.10/dist-packages/airflow/example_dags/example_skip_dag.py took 0.288 seconds
[2023-10-28T08:20:01.276+0000] {processor.py:156} INFO - Started process (PID=1502986) to work on /usr/local/lib/python3.10/dist-packages/airflow/example_dags/example_skip_dag.py
[2023-10-28T08:20:01.316+0000] {processor.py:799} INFO - Processing file /usr/local/lib/python3.10/dist-packages/airflow/example_dags/example_skip_dag.py for tasks to queue
[2023-10-28T08:20:01.318+0000] {logging_mixin.py:149} INFO - [2023-10-28T08:20:01.318+0000] {dagbag.py:541} INFO - Filling up the DagBag from /usr/local/lib/python3.10/dist-packages/airflow/example_dags/example_skip_dag.py
[2023-10-28T08:20:01.337+0000] {processor.py:809} INFO - DAG(s) dict_keys(['example_skip_dag']) retrieved from /usr/local/lib/python3.10/dist-packages/airflow/example_dags/example_skip_dag.py
[2023-10-28T08:20:01.438+0000] {logging_mixin.py:149} INFO - [2023-10-28T08:20:01.437+0000] {dag.py:2726} INFO - Sync 1 DAGs
[2023-10-28T08:20:01.531+0000] {logging_mixin.py:149} INFO - [2023-10-28T08:20:01.530+0000] {dag.py:3486} INFO - Setting next_dagrun for example_skip_dag to 2023-10-27T08:20:01.530245+00:00, run_after=2023-10-28T08:20:01.530245+00:00
[2023-10-28T08:20:01.612+0000] {processor.py:178} INFO - Processing /usr/local/lib/python3.10/dist-packages/airflow/example_dags/example_skip_dag.py took 0.343 seconds
[2023-10-28T08:20:31.999+0000] {processor.py:156} INFO - Started process (PID=1503490) to work on /usr/local/lib/python3.10/dist-packages/airflow/example_dags/example_skip_dag.py
[2023-10-28T08:20:32.044+0000] {processor.py:799} INFO - Processing file /usr/local/lib/python3.10/dist-packages/airflow/example_dags/example_skip_dag.py for tasks to queue
[2023-10-28T08:20:32.046+0000] {logging_mixin.py:149} INFO - [2023-10-28T08:20:32.046+0000] {dagbag.py:541} INFO - Filling up the DagBag from /usr/local/lib/python3.10/dist-packages/airflow/example_dags/example_skip_dag.py
[2023-10-28T08:20:32.065+0000] {processor.py:809} INFO - DAG(s) dict_keys(['example_skip_dag']) retrieved from /usr/local/lib/python3.10/dist-packages/airflow/example_dags/example_skip_dag.py
[2023-10-28T08:20:32.147+0000] {logging_mixin.py:149} INFO - [2023-10-28T08:20:32.147+0000] {dag.py:2726} INFO - Sync 1 DAGs
[2023-10-28T08:20:32.232+0000] {logging_mixin.py:149} INFO - [2023-10-28T08:20:32.231+0000] {dag.py:3486} INFO - Setting next_dagrun for example_skip_dag to 2023-10-27T08:20:32.231165+00:00, run_after=2023-10-28T08:20:32.231165+00:00
[2023-10-28T08:20:32.330+0000] {processor.py:178} INFO - Processing /usr/local/lib/python3.10/dist-packages/airflow/example_dags/example_skip_dag.py took 0.338 seconds
[2023-10-28T08:21:02.680+0000] {processor.py:156} INFO - Started process (PID=1503912) to work on /usr/local/lib/python3.10/dist-packages/airflow/example_dags/example_skip_dag.py
[2023-10-28T08:21:02.717+0000] {processor.py:799} INFO - Processing file /usr/local/lib/python3.10/dist-packages/airflow/example_dags/example_skip_dag.py for tasks to queue
[2023-10-28T08:21:02.719+0000] {logging_mixin.py:149} INFO - [2023-10-28T08:21:02.718+0000] {dagbag.py:541} INFO - Filling up the DagBag from /usr/local/lib/python3.10/dist-packages/airflow/example_dags/example_skip_dag.py
[2023-10-28T08:21:02.736+0000] {processor.py:809} INFO - DAG(s) dict_keys(['example_skip_dag']) retrieved from /usr/local/lib/python3.10/dist-packages/airflow/example_dags/example_skip_dag.py
[2023-10-28T08:21:02.820+0000] {logging_mixin.py:149} INFO - [2023-10-28T08:21:02.819+0000] {dag.py:2726} INFO - Sync 1 DAGs
[2023-10-28T08:21:02.903+0000] {logging_mixin.py:149} INFO - [2023-10-28T08:21:02.902+0000] {dag.py:3486} INFO - Setting next_dagrun for example_skip_dag to 2023-10-27T08:21:02.902049+00:00, run_after=2023-10-28T08:21:02.902049+00:00
[2023-10-28T08:21:03.017+0000] {processor.py:178} INFO - Processing /usr/local/lib/python3.10/dist-packages/airflow/example_dags/example_skip_dag.py took 0.345 seconds
[2023-10-28T08:21:33.373+0000] {processor.py:156} INFO - Started process (PID=1504552) to work on /usr/local/lib/python3.10/dist-packages/airflow/example_dags/example_skip_dag.py
[2023-10-28T08:21:33.412+0000] {processor.py:799} INFO - Processing file /usr/local/lib/python3.10/dist-packages/airflow/example_dags/example_skip_dag.py for tasks to queue
[2023-10-28T08:21:33.414+0000] {logging_mixin.py:149} INFO - [2023-10-28T08:21:33.414+0000] {dagbag.py:541} INFO - Filling up the DagBag from /usr/local/lib/python3.10/dist-packages/airflow/example_dags/example_skip_dag.py
[2023-10-28T08:21:33.431+0000] {processor.py:809} INFO - DAG(s) dict_keys(['example_skip_dag']) retrieved from /usr/local/lib/python3.10/dist-packages/airflow/example_dags/example_skip_dag.py
[2023-10-28T08:21:33.511+0000] {logging_mixin.py:149} INFO - [2023-10-28T08:21:33.511+0000] {dag.py:2726} INFO - Sync 1 DAGs
[2023-10-28T08:21:33.587+0000] {logging_mixin.py:149} INFO - [2023-10-28T08:21:33.587+0000] {dag.py:3486} INFO - Setting next_dagrun for example_skip_dag to 2023-10-27T08:21:33.586494+00:00, run_after=2023-10-28T08:21:33.586494+00:00
[2023-10-28T08:21:33.696+0000] {processor.py:178} INFO - Processing /usr/local/lib/python3.10/dist-packages/airflow/example_dags/example_skip_dag.py took 0.331 seconds
[2023-10-28T08:22:03.981+0000] {processor.py:156} INFO - Started process (PID=1505402) to work on /usr/local/lib/python3.10/dist-packages/airflow/example_dags/example_skip_dag.py
[2023-10-28T08:22:04.025+0000] {processor.py:799} INFO - Processing file /usr/local/lib/python3.10/dist-packages/airflow/example_dags/example_skip_dag.py for tasks to queue
[2023-10-28T08:22:04.027+0000] {logging_mixin.py:149} INFO - [2023-10-28T08:22:04.026+0000] {dagbag.py:541} INFO - Filling up the DagBag from /usr/local/lib/python3.10/dist-packages/airflow/example_dags/example_skip_dag.py
[2023-10-28T08:22:04.043+0000] {processor.py:809} INFO - DAG(s) dict_keys(['example_skip_dag']) retrieved from /usr/local/lib/python3.10/dist-packages/airflow/example_dags/example_skip_dag.py
[2023-10-28T08:22:04.128+0000] {logging_mixin.py:149} INFO - [2023-10-28T08:22:04.127+0000] {dag.py:2726} INFO - Sync 1 DAGs
[2023-10-28T08:22:04.204+0000] {logging_mixin.py:149} INFO - [2023-10-28T08:22:04.204+0000] {dag.py:3486} INFO - Setting next_dagrun for example_skip_dag to 2023-10-27T08:22:04.203440+00:00, run_after=2023-10-28T08:22:04.203440+00:00
[2023-10-28T08:22:04.307+0000] {processor.py:178} INFO - Processing /usr/local/lib/python3.10/dist-packages/airflow/example_dags/example_skip_dag.py took 0.334 seconds
[2023-10-28T08:22:34.578+0000] {processor.py:156} INFO - Started process (PID=1505886) to work on /usr/local/lib/python3.10/dist-packages/airflow/example_dags/example_skip_dag.py
[2023-10-28T08:22:34.618+0000] {processor.py:799} INFO - Processing file /usr/local/lib/python3.10/dist-packages/airflow/example_dags/example_skip_dag.py for tasks to queue
[2023-10-28T08:22:34.620+0000] {logging_mixin.py:149} INFO - [2023-10-28T08:22:34.620+0000] {dagbag.py:541} INFO - Filling up the DagBag from /usr/local/lib/python3.10/dist-packages/airflow/example_dags/example_skip_dag.py
[2023-10-28T08:22:34.636+0000] {processor.py:809} INFO - DAG(s) dict_keys(['example_skip_dag']) retrieved from /usr/local/lib/python3.10/dist-packages/airflow/example_dags/example_skip_dag.py
[2023-10-28T08:22:34.713+0000] {logging_mixin.py:149} INFO - [2023-10-28T08:22:34.712+0000] {dag.py:2726} INFO - Sync 1 DAGs
[2023-10-28T08:22:34.788+0000] {logging_mixin.py:149} INFO - [2023-10-28T08:22:34.787+0000] {dag.py:3486} INFO - Setting next_dagrun for example_skip_dag to 2023-10-27T08:22:34.786875+00:00, run_after=2023-10-28T08:22:34.786875+00:00
[2023-10-28T08:22:34.885+0000] {processor.py:178} INFO - Processing /usr/local/lib/python3.10/dist-packages/airflow/example_dags/example_skip_dag.py took 0.313 seconds
[2023-10-28T08:23:04.968+0000] {processor.py:156} INFO - Started process (PID=1506370) to work on /usr/local/lib/python3.10/dist-packages/airflow/example_dags/example_skip_dag.py
[2023-10-28T08:23:05.005+0000] {processor.py:799} INFO - Processing file /usr/local/lib/python3.10/dist-packages/airflow/example_dags/example_skip_dag.py for tasks to queue
[2023-10-28T08:23:05.007+0000] {logging_mixin.py:149} INFO - [2023-10-28T08:23:05.006+0000] {dagbag.py:541} INFO - Filling up the DagBag from /usr/local/lib/python3.10/dist-packages/airflow/example_dags/example_skip_dag.py
[2023-10-28T08:23:05.024+0000] {processor.py:809} INFO - DAG(s) dict_keys(['example_skip_dag']) retrieved from /usr/local/lib/python3.10/dist-packages/airflow/example_dags/example_skip_dag.py
[2023-10-28T08:23:05.107+0000] {logging_mixin.py:149} INFO - [2023-10-28T08:23:05.107+0000] {dag.py:2726} INFO - Sync 1 DAGs
[2023-10-28T08:23:05.186+0000] {logging_mixin.py:149} INFO - [2023-10-28T08:23:05.185+0000] {dag.py:3486} INFO - Setting next_dagrun for example_skip_dag to 2023-10-27T08:23:05.184466+00:00, run_after=2023-10-28T08:23:05.184466+00:00
[2023-10-28T08:23:05.288+0000] {processor.py:178} INFO - Processing /usr/local/lib/python3.10/dist-packages/airflow/example_dags/example_skip_dag.py took 0.328 seconds
[2023-10-28T08:23:35.563+0000] {processor.py:156} INFO - Started process (PID=1506859) to work on /usr/local/lib/python3.10/dist-packages/airflow/example_dags/example_skip_dag.py
[2023-10-28T08:23:35.565+0000] {processor.py:799} INFO - Processing file /usr/local/lib/python3.10/dist-packages/airflow/example_dags/example_skip_dag.py for tasks to queue
[2023-10-28T08:23:35.567+0000] {logging_mixin.py:149} INFO - [2023-10-28T08:23:35.566+0000] {dagbag.py:541} INFO - Filling up the DagBag from /usr/local/lib/python3.10/dist-packages/airflow/example_dags/example_skip_dag.py
[2023-10-28T08:23:35.582+0000] {processor.py:809} INFO - DAG(s) dict_keys(['example_skip_dag']) retrieved from /usr/local/lib/python3.10/dist-packages/airflow/example_dags/example_skip_dag.py
[2023-10-28T08:23:35.658+0000] {logging_mixin.py:149} INFO - [2023-10-28T08:23:35.657+0000] {dag.py:2726} INFO - Sync 1 DAGs
[2023-10-28T08:23:35.732+0000] {logging_mixin.py:149} INFO - [2023-10-28T08:23:35.732+0000] {dag.py:3486} INFO - Setting next_dagrun for example_skip_dag to 2023-10-27T08:23:35.731587+00:00, run_after=2023-10-28T08:23:35.731587+00:00
[2023-10-28T08:23:35.834+0000] {processor.py:178} INFO - Processing /usr/local/lib/python3.10/dist-packages/airflow/example_dags/example_skip_dag.py took 0.280 seconds
[2023-10-28T08:24:06.165+0000] {processor.py:156} INFO - Started process (PID=1507420) to work on /usr/local/lib/python3.10/dist-packages/airflow/example_dags/example_skip_dag.py
[2023-10-28T08:24:06.206+0000] {processor.py:799} INFO - Processing file /usr/local/lib/python3.10/dist-packages/airflow/example_dags/example_skip_dag.py for tasks to queue
[2023-10-28T08:24:06.208+0000] {logging_mixin.py:149} INFO - [2023-10-28T08:24:06.208+0000] {dagbag.py:541} INFO - Filling up the DagBag from /usr/local/lib/python3.10/dist-packages/airflow/example_dags/example_skip_dag.py
[2023-10-28T08:24:06.225+0000] {processor.py:809} INFO - DAG(s) dict_keys(['example_skip_dag']) retrieved from /usr/local/lib/python3.10/dist-packages/airflow/example_dags/example_skip_dag.py
[2023-10-28T08:24:06.307+0000] {logging_mixin.py:149} INFO - [2023-10-28T08:24:06.306+0000] {dag.py:2726} INFO - Sync 1 DAGs
[2023-10-28T08:24:06.384+0000] {logging_mixin.py:149} INFO - [2023-10-28T08:24:06.383+0000] {dag.py:3486} INFO - Setting next_dagrun for example_skip_dag to 2023-10-27T08:24:06.382840+00:00, run_after=2023-10-28T08:24:06.382840+00:00
[2023-10-28T08:24:06.488+0000] {processor.py:178} INFO - Processing /usr/local/lib/python3.10/dist-packages/airflow/example_dags/example_skip_dag.py took 0.331 seconds
[2023-10-28T08:24:37.121+0000] {processor.py:156} INFO - Started process (PID=1507998) to work on /usr/local/lib/python3.10/dist-packages/airflow/example_dags/example_skip_dag.py
[2023-10-28T08:24:37.164+0000] {processor.py:799} INFO - Processing file /usr/local/lib/python3.10/dist-packages/airflow/example_dags/example_skip_dag.py for tasks to queue
[2023-10-28T08:24:37.166+0000] {logging_mixin.py:149} INFO - [2023-10-28T08:24:37.165+0000] {dagbag.py:541} INFO - Filling up the DagBag from /usr/local/lib/python3.10/dist-packages/airflow/example_dags/example_skip_dag.py
[2023-10-28T08:24:37.181+0000] {processor.py:809} INFO - DAG(s) dict_keys(['example_skip_dag']) retrieved from /usr/local/lib/python3.10/dist-packages/airflow/example_dags/example_skip_dag.py
[2023-10-28T08:24:37.269+0000] {logging_mixin.py:149} INFO - [2023-10-28T08:24:37.269+0000] {dag.py:2726} INFO - Sync 1 DAGs
[2023-10-28T08:24:37.345+0000] {logging_mixin.py:149} INFO - [2023-10-28T08:24:37.344+0000] {dag.py:3486} INFO - Setting next_dagrun for example_skip_dag to 2023-10-27T08:24:37.344241+00:00, run_after=2023-10-28T08:24:37.344241+00:00
[2023-10-28T08:24:37.443+0000] {processor.py:178} INFO - Processing /usr/local/lib/python3.10/dist-packages/airflow/example_dags/example_skip_dag.py took 0.331 seconds
[2023-10-28T08:25:07.677+0000] {processor.py:156} INFO - Started process (PID=1508447) to work on /usr/local/lib/python3.10/dist-packages/airflow/example_dags/example_skip_dag.py
[2023-10-28T08:25:07.712+0000] {processor.py:799} INFO - Processing file /usr/local/lib/python3.10/dist-packages/airflow/example_dags/example_skip_dag.py for tasks to queue
[2023-10-28T08:25:07.715+0000] {logging_mixin.py:149} INFO - [2023-10-28T08:25:07.715+0000] {dagbag.py:541} INFO - Filling up the DagBag from /usr/local/lib/python3.10/dist-packages/airflow/example_dags/example_skip_dag.py
[2023-10-28T08:25:07.733+0000] {processor.py:809} INFO - DAG(s) dict_keys(['example_skip_dag']) retrieved from /usr/local/lib/python3.10/dist-packages/airflow/example_dags/example_skip_dag.py
[2023-10-28T08:25:07.823+0000] {logging_mixin.py:149} INFO - [2023-10-28T08:25:07.823+0000] {dag.py:2726} INFO - Sync 1 DAGs
[2023-10-28T08:25:07.902+0000] {logging_mixin.py:149} INFO - [2023-10-28T08:25:07.901+0000] {dag.py:3486} INFO - Setting next_dagrun for example_skip_dag to 2023-10-27T08:25:07.901227+00:00, run_after=2023-10-28T08:25:07.901227+00:00
[2023-10-28T08:25:08.002+0000] {processor.py:178} INFO - Processing /usr/local/lib/python3.10/dist-packages/airflow/example_dags/example_skip_dag.py took 0.336 seconds
[2023-10-28T08:25:38.329+0000] {processor.py:156} INFO - Started process (PID=1509239) to work on /usr/local/lib/python3.10/dist-packages/airflow/example_dags/example_skip_dag.py
[2023-10-28T08:25:38.369+0000] {processor.py:799} INFO - Processing file /usr/local/lib/python3.10/dist-packages/airflow/example_dags/example_skip_dag.py for tasks to queue
[2023-10-28T08:25:38.370+0000] {logging_mixin.py:149} INFO - [2023-10-28T08:25:38.370+0000] {dagbag.py:541} INFO - Filling up the DagBag from /usr/local/lib/python3.10/dist-packages/airflow/example_dags/example_skip_dag.py
[2023-10-28T08:25:38.386+0000] {processor.py:809} INFO - DAG(s) dict_keys(['example_skip_dag']) retrieved from /usr/local/lib/python3.10/dist-packages/airflow/example_dags/example_skip_dag.py
[2023-10-28T08:25:38.472+0000] {logging_mixin.py:149} INFO - [2023-10-28T08:25:38.472+0000] {dag.py:2726} INFO - Sync 1 DAGs
[2023-10-28T08:25:38.552+0000] {logging_mixin.py:149} INFO - [2023-10-28T08:25:38.551+0000] {dag.py:3486} INFO - Setting next_dagrun for example_skip_dag to 2023-10-27T08:25:38.550714+00:00, run_after=2023-10-28T08:25:38.550714+00:00
[2023-10-28T08:25:38.651+0000] {processor.py:178} INFO - Processing /usr/local/lib/python3.10/dist-packages/airflow/example_dags/example_skip_dag.py took 0.329 seconds
[2023-10-28T08:26:08.766+0000] {processor.py:156} INFO - Started process (PID=1509620) to work on /usr/local/lib/python3.10/dist-packages/airflow/example_dags/example_skip_dag.py
[2023-10-28T08:26:08.805+0000] {processor.py:799} INFO - Processing file /usr/local/lib/python3.10/dist-packages/airflow/example_dags/example_skip_dag.py for tasks to queue
[2023-10-28T08:26:08.806+0000] {logging_mixin.py:149} INFO - [2023-10-28T08:26:08.806+0000] {dagbag.py:541} INFO - Filling up the DagBag from /usr/local/lib/python3.10/dist-packages/airflow/example_dags/example_skip_dag.py
[2023-10-28T08:26:08.822+0000] {processor.py:809} INFO - DAG(s) dict_keys(['example_skip_dag']) retrieved from /usr/local/lib/python3.10/dist-packages/airflow/example_dags/example_skip_dag.py
[2023-10-28T08:26:08.911+0000] {logging_mixin.py:149} INFO - [2023-10-28T08:26:08.910+0000] {dag.py:2726} INFO - Sync 1 DAGs
[2023-10-28T08:26:08.991+0000] {logging_mixin.py:149} INFO - [2023-10-28T08:26:08.990+0000] {dag.py:3486} INFO - Setting next_dagrun for example_skip_dag to 2023-10-27T08:26:08.990091+00:00, run_after=2023-10-28T08:26:08.990091+00:00
[2023-10-28T08:26:09.078+0000] {processor.py:178} INFO - Processing /usr/local/lib/python3.10/dist-packages/airflow/example_dags/example_skip_dag.py took 0.319 seconds
[2023-10-28T08:26:39.391+0000] {processor.py:156} INFO - Started process (PID=1509975) to work on /usr/local/lib/python3.10/dist-packages/airflow/example_dags/example_skip_dag.py
[2023-10-28T08:26:39.408+0000] {processor.py:799} INFO - Processing file /usr/local/lib/python3.10/dist-packages/airflow/example_dags/example_skip_dag.py for tasks to queue
[2023-10-28T08:26:39.410+0000] {logging_mixin.py:149} INFO - [2023-10-28T08:26:39.409+0000] {dagbag.py:541} INFO - Filling up the DagBag from /usr/local/lib/python3.10/dist-packages/airflow/example_dags/example_skip_dag.py
[2023-10-28T08:26:39.426+0000] {processor.py:809} INFO - DAG(s) dict_keys(['example_skip_dag']) retrieved from /usr/local/lib/python3.10/dist-packages/airflow/example_dags/example_skip_dag.py
[2023-10-28T08:26:39.506+0000] {logging_mixin.py:149} INFO - [2023-10-28T08:26:39.506+0000] {dag.py:2726} INFO - Sync 1 DAGs
[2023-10-28T08:26:39.578+0000] {logging_mixin.py:149} INFO - [2023-10-28T08:26:39.577+0000] {dag.py:3486} INFO - Setting next_dagrun for example_skip_dag to 2023-10-27T08:26:39.577066+00:00, run_after=2023-10-28T08:26:39.577066+00:00
[2023-10-28T08:26:39.681+0000] {processor.py:178} INFO - Processing /usr/local/lib/python3.10/dist-packages/airflow/example_dags/example_skip_dag.py took 0.298 seconds
[2023-10-28T08:27:10.349+0000] {processor.py:156} INFO - Started process (PID=1510555) to work on /usr/local/lib/python3.10/dist-packages/airflow/example_dags/example_skip_dag.py
[2023-10-28T08:27:10.385+0000] {processor.py:799} INFO - Processing file /usr/local/lib/python3.10/dist-packages/airflow/example_dags/example_skip_dag.py for tasks to queue
[2023-10-28T08:27:10.387+0000] {logging_mixin.py:149} INFO - [2023-10-28T08:27:10.387+0000] {dagbag.py:541} INFO - Filling up the DagBag from /usr/local/lib/python3.10/dist-packages/airflow/example_dags/example_skip_dag.py
[2023-10-28T08:27:10.407+0000] {processor.py:809} INFO - DAG(s) dict_keys(['example_skip_dag']) retrieved from /usr/local/lib/python3.10/dist-packages/airflow/example_dags/example_skip_dag.py
[2023-10-28T08:27:10.495+0000] {logging_mixin.py:149} INFO - [2023-10-28T08:27:10.495+0000] {dag.py:2726} INFO - Sync 1 DAGs
[2023-10-28T08:27:10.574+0000] {logging_mixin.py:149} INFO - [2023-10-28T08:27:10.573+0000] {dag.py:3486} INFO - Setting next_dagrun for example_skip_dag to 2023-10-27T08:27:10.573373+00:00, run_after=2023-10-28T08:27:10.573373+00:00
[2023-10-28T08:27:10.677+0000] {processor.py:178} INFO - Processing /usr/local/lib/python3.10/dist-packages/airflow/example_dags/example_skip_dag.py took 0.337 seconds
[2023-10-28T08:27:40.957+0000] {processor.py:156} INFO - Started process (PID=1510910) to work on /usr/local/lib/python3.10/dist-packages/airflow/example_dags/example_skip_dag.py
[2023-10-28T08:27:40.996+0000] {processor.py:799} INFO - Processing file /usr/local/lib/python3.10/dist-packages/airflow/example_dags/example_skip_dag.py for tasks to queue
[2023-10-28T08:27:40.998+0000] {logging_mixin.py:149} INFO - [2023-10-28T08:27:40.998+0000] {dagbag.py:541} INFO - Filling up the DagBag from /usr/local/lib/python3.10/dist-packages/airflow/example_dags/example_skip_dag.py
[2023-10-28T08:27:41.014+0000] {processor.py:809} INFO - DAG(s) dict_keys(['example_skip_dag']) retrieved from /usr/local/lib/python3.10/dist-packages/airflow/example_dags/example_skip_dag.py
[2023-10-28T08:27:41.095+0000] {logging_mixin.py:149} INFO - [2023-10-28T08:27:41.095+0000] {dag.py:2726} INFO - Sync 1 DAGs
[2023-10-28T08:27:41.195+0000] {logging_mixin.py:149} INFO - [2023-10-28T08:27:41.194+0000] {dag.py:3486} INFO - Setting next_dagrun for example_skip_dag to 2023-10-27T08:27:41.194179+00:00, run_after=2023-10-28T08:27:41.194179+00:00
[2023-10-28T08:27:41.279+0000] {processor.py:178} INFO - Processing /usr/local/lib/python3.10/dist-packages/airflow/example_dags/example_skip_dag.py took 0.330 seconds
[2023-10-28T08:28:11.545+0000] {processor.py:156} INFO - Started process (PID=1511294) to work on /usr/local/lib/python3.10/dist-packages/airflow/example_dags/example_skip_dag.py
[2023-10-28T08:28:11.584+0000] {processor.py:799} INFO - Processing file /usr/local/lib/python3.10/dist-packages/airflow/example_dags/example_skip_dag.py for tasks to queue
[2023-10-28T08:28:11.586+0000] {logging_mixin.py:149} INFO - [2023-10-28T08:28:11.586+0000] {dagbag.py:541} INFO - Filling up the DagBag from /usr/local/lib/python3.10/dist-packages/airflow/example_dags/example_skip_dag.py
[2023-10-28T08:28:11.604+0000] {processor.py:809} INFO - DAG(s) dict_keys(['example_skip_dag']) retrieved from /usr/local/lib/python3.10/dist-packages/airflow/example_dags/example_skip_dag.py
[2023-10-28T08:28:11.689+0000] {logging_mixin.py:149} INFO - [2023-10-28T08:28:11.688+0000] {dag.py:2726} INFO - Sync 1 DAGs
[2023-10-28T08:28:11.769+0000] {logging_mixin.py:149} INFO - [2023-10-28T08:28:11.768+0000] {dag.py:3486} INFO - Setting next_dagrun for example_skip_dag to 2023-10-27T08:28:11.767827+00:00, run_after=2023-10-28T08:28:11.767827+00:00
[2023-10-28T08:28:11.866+0000] {processor.py:178} INFO - Processing /usr/local/lib/python3.10/dist-packages/airflow/example_dags/example_skip_dag.py took 0.330 seconds
[2023-10-28T08:28:42.080+0000] {processor.py:156} INFO - Started process (PID=1511650) to work on /usr/local/lib/python3.10/dist-packages/airflow/example_dags/example_skip_dag.py
[2023-10-28T08:28:42.120+0000] {processor.py:799} INFO - Processing file /usr/local/lib/python3.10/dist-packages/airflow/example_dags/example_skip_dag.py for tasks to queue
[2023-10-28T08:28:42.122+0000] {logging_mixin.py:149} INFO - [2023-10-28T08:28:42.122+0000] {dagbag.py:541} INFO - Filling up the DagBag from /usr/local/lib/python3.10/dist-packages/airflow/example_dags/example_skip_dag.py
[2023-10-28T08:28:42.139+0000] {processor.py:809} INFO - DAG(s) dict_keys(['example_skip_dag']) retrieved from /usr/local/lib/python3.10/dist-packages/airflow/example_dags/example_skip_dag.py
[2023-10-28T08:28:42.230+0000] {logging_mixin.py:149} INFO - [2023-10-28T08:28:42.230+0000] {dag.py:2726} INFO - Sync 1 DAGs
[2023-10-28T08:28:42.311+0000] {logging_mixin.py:149} INFO - [2023-10-28T08:28:42.311+0000] {dag.py:3486} INFO - Setting next_dagrun for example_skip_dag to 2023-10-27T08:28:42.310440+00:00, run_after=2023-10-28T08:28:42.310440+00:00
[2023-10-28T08:28:42.382+0000] {processor.py:178} INFO - Processing /usr/local/lib/python3.10/dist-packages/airflow/example_dags/example_skip_dag.py took 0.309 seconds
[2023-10-28T08:29:12.775+0000] {processor.py:156} INFO - Started process (PID=1512046) to work on /usr/local/lib/python3.10/dist-packages/airflow/example_dags/example_skip_dag.py
[2023-10-28T08:29:12.825+0000] {processor.py:799} INFO - Processing file /usr/local/lib/python3.10/dist-packages/airflow/example_dags/example_skip_dag.py for tasks to queue
[2023-10-28T08:29:12.827+0000] {logging_mixin.py:149} INFO - [2023-10-28T08:29:12.826+0000] {dagbag.py:541} INFO - Filling up the DagBag from /usr/local/lib/python3.10/dist-packages/airflow/example_dags/example_skip_dag.py
[2023-10-28T08:29:12.843+0000] {processor.py:809} INFO - DAG(s) dict_keys(['example_skip_dag']) retrieved from /usr/local/lib/python3.10/dist-packages/airflow/example_dags/example_skip_dag.py
[2023-10-28T08:29:12.923+0000] {logging_mixin.py:149} INFO - [2023-10-28T08:29:12.923+0000] {dag.py:2726} INFO - Sync 1 DAGs
[2023-10-28T08:29:12.996+0000] {logging_mixin.py:149} INFO - [2023-10-28T08:29:12.996+0000] {dag.py:3486} INFO - Setting next_dagrun for example_skip_dag to 2023-10-27T08:29:12.995468+00:00, run_after=2023-10-28T08:29:12.995468+00:00
[2023-10-28T08:29:13.093+0000] {processor.py:178} INFO - Processing /usr/local/lib/python3.10/dist-packages/airflow/example_dags/example_skip_dag.py took 0.327 seconds
[2023-10-28T08:29:43.224+0000] {processor.py:156} INFO - Started process (PID=1512403) to work on /usr/local/lib/python3.10/dist-packages/airflow/example_dags/example_skip_dag.py
[2023-10-28T08:29:43.269+0000] {processor.py:799} INFO - Processing file /usr/local/lib/python3.10/dist-packages/airflow/example_dags/example_skip_dag.py for tasks to queue
[2023-10-28T08:29:43.272+0000] {logging_mixin.py:149} INFO - [2023-10-28T08:29:43.271+0000] {dagbag.py:541} INFO - Filling up the DagBag from /usr/local/lib/python3.10/dist-packages/airflow/example_dags/example_skip_dag.py
[2023-10-28T08:29:43.291+0000] {processor.py:809} INFO - DAG(s) dict_keys(['example_skip_dag']) retrieved from /usr/local/lib/python3.10/dist-packages/airflow/example_dags/example_skip_dag.py
[2023-10-28T08:29:43.371+0000] {logging_mixin.py:149} INFO - [2023-10-28T08:29:43.370+0000] {dag.py:2726} INFO - Sync 1 DAGs
[2023-10-28T08:29:43.446+0000] {logging_mixin.py:149} INFO - [2023-10-28T08:29:43.446+0000] {dag.py:3486} INFO - Setting next_dagrun for example_skip_dag to 2023-10-27T08:29:43.445464+00:00, run_after=2023-10-28T08:29:43.445464+00:00
[2023-10-28T08:29:43.523+0000] {processor.py:178} INFO - Processing /usr/local/lib/python3.10/dist-packages/airflow/example_dags/example_skip_dag.py took 0.307 seconds
[2023-10-28T08:30:13.713+0000] {processor.py:156} INFO - Started process (PID=1512784) to work on /usr/local/lib/python3.10/dist-packages/airflow/example_dags/example_skip_dag.py
[2023-10-28T08:30:13.757+0000] {processor.py:799} INFO - Processing file /usr/local/lib/python3.10/dist-packages/airflow/example_dags/example_skip_dag.py for tasks to queue
[2023-10-28T08:30:13.759+0000] {logging_mixin.py:149} INFO - [2023-10-28T08:30:13.758+0000] {dagbag.py:541} INFO - Filling up the DagBag from /usr/local/lib/python3.10/dist-packages/airflow/example_dags/example_skip_dag.py
[2023-10-28T08:30:13.775+0000] {processor.py:809} INFO - DAG(s) dict_keys(['example_skip_dag']) retrieved from /usr/local/lib/python3.10/dist-packages/airflow/example_dags/example_skip_dag.py
[2023-10-28T08:30:13.857+0000] {logging_mixin.py:149} INFO - [2023-10-28T08:30:13.856+0000] {dag.py:2726} INFO - Sync 1 DAGs
[2023-10-28T08:30:13.932+0000] {logging_mixin.py:149} INFO - [2023-10-28T08:30:13.932+0000] {dag.py:3486} INFO - Setting next_dagrun for example_skip_dag to 2023-10-27T08:30:13.931638+00:00, run_after=2023-10-28T08:30:13.931638+00:00
[2023-10-28T08:30:14.030+0000] {processor.py:178} INFO - Processing /usr/local/lib/python3.10/dist-packages/airflow/example_dags/example_skip_dag.py took 0.323 seconds
[2023-10-28T08:30:44.599+0000] {processor.py:156} INFO - Started process (PID=1513397) to work on /usr/local/lib/python3.10/dist-packages/airflow/example_dags/example_skip_dag.py
[2023-10-28T08:30:44.640+0000] {processor.py:799} INFO - Processing file /usr/local/lib/python3.10/dist-packages/airflow/example_dags/example_skip_dag.py for tasks to queue
[2023-10-28T08:30:44.642+0000] {logging_mixin.py:149} INFO - [2023-10-28T08:30:44.642+0000] {dagbag.py:541} INFO - Filling up the DagBag from /usr/local/lib/python3.10/dist-packages/airflow/example_dags/example_skip_dag.py
[2023-10-28T08:30:44.658+0000] {processor.py:809} INFO - DAG(s) dict_keys(['example_skip_dag']) retrieved from /usr/local/lib/python3.10/dist-packages/airflow/example_dags/example_skip_dag.py
[2023-10-28T08:30:44.734+0000] {logging_mixin.py:149} INFO - [2023-10-28T08:30:44.733+0000] {dag.py:2726} INFO - Sync 1 DAGs
[2023-10-28T08:30:44.806+0000] {logging_mixin.py:149} INFO - [2023-10-28T08:30:44.805+0000] {dag.py:3486} INFO - Setting next_dagrun for example_skip_dag to 2023-10-27T08:30:44.805070+00:00, run_after=2023-10-28T08:30:44.805070+00:00
[2023-10-28T08:30:44.902+0000] {processor.py:178} INFO - Processing /usr/local/lib/python3.10/dist-packages/airflow/example_dags/example_skip_dag.py took 0.311 seconds
[2023-10-28T08:31:14.963+0000] {processor.py:156} INFO - Started process (PID=1513833) to work on /usr/local/lib/python3.10/dist-packages/airflow/example_dags/example_skip_dag.py
[2023-10-28T08:31:14.964+0000] {processor.py:799} INFO - Processing file /usr/local/lib/python3.10/dist-packages/airflow/example_dags/example_skip_dag.py for tasks to queue
[2023-10-28T08:31:14.966+0000] {logging_mixin.py:149} INFO - [2023-10-28T08:31:14.966+0000] {dagbag.py:541} INFO - Filling up the DagBag from /usr/local/lib/python3.10/dist-packages/airflow/example_dags/example_skip_dag.py
[2023-10-28T08:31:14.983+0000] {processor.py:809} INFO - DAG(s) dict_keys(['example_skip_dag']) retrieved from /usr/local/lib/python3.10/dist-packages/airflow/example_dags/example_skip_dag.py
[2023-10-28T08:31:15.072+0000] {logging_mixin.py:149} INFO - [2023-10-28T08:31:15.072+0000] {dag.py:2726} INFO - Sync 1 DAGs
[2023-10-28T08:31:15.151+0000] {logging_mixin.py:149} INFO - [2023-10-28T08:31:15.151+0000] {dag.py:3486} INFO - Setting next_dagrun for example_skip_dag to 2023-10-27T08:31:15.150792+00:00, run_after=2023-10-28T08:31:15.150792+00:00
[2023-10-28T08:31:15.266+0000] {processor.py:178} INFO - Processing /usr/local/lib/python3.10/dist-packages/airflow/example_dags/example_skip_dag.py took 0.310 seconds
[2023-10-28T08:31:46.027+0000] {processor.py:156} INFO - Started process (PID=1514434) to work on /usr/local/lib/python3.10/dist-packages/airflow/example_dags/example_skip_dag.py
[2023-10-28T08:31:46.081+0000] {processor.py:799} INFO - Processing file /usr/local/lib/python3.10/dist-packages/airflow/example_dags/example_skip_dag.py for tasks to queue
[2023-10-28T08:31:46.083+0000] {logging_mixin.py:149} INFO - [2023-10-28T08:31:46.083+0000] {dagbag.py:541} INFO - Filling up the DagBag from /usr/local/lib/python3.10/dist-packages/airflow/example_dags/example_skip_dag.py
[2023-10-28T08:31:46.101+0000] {processor.py:809} INFO - DAG(s) dict_keys(['example_skip_dag']) retrieved from /usr/local/lib/python3.10/dist-packages/airflow/example_dags/example_skip_dag.py
[2023-10-28T08:31:46.183+0000] {logging_mixin.py:149} INFO - [2023-10-28T08:31:46.182+0000] {dag.py:2726} INFO - Sync 1 DAGs
[2023-10-28T08:31:46.254+0000] {logging_mixin.py:149} INFO - [2023-10-28T08:31:46.254+0000] {dag.py:3486} INFO - Setting next_dagrun for example_skip_dag to 2023-10-27T08:31:46.253659+00:00, run_after=2023-10-28T08:31:46.253659+00:00
[2023-10-28T08:31:46.318+0000] {processor.py:178} INFO - Processing /usr/local/lib/python3.10/dist-packages/airflow/example_dags/example_skip_dag.py took 0.298 seconds
[2023-10-28T08:32:17.129+0000] {processor.py:156} INFO - Started process (PID=1515069) to work on /usr/local/lib/python3.10/dist-packages/airflow/example_dags/example_skip_dag.py
[2023-10-28T08:32:17.165+0000] {processor.py:799} INFO - Processing file /usr/local/lib/python3.10/dist-packages/airflow/example_dags/example_skip_dag.py for tasks to queue
[2023-10-28T08:32:17.167+0000] {logging_mixin.py:149} INFO - [2023-10-28T08:32:17.166+0000] {dagbag.py:541} INFO - Filling up the DagBag from /usr/local/lib/python3.10/dist-packages/airflow/example_dags/example_skip_dag.py
[2023-10-28T08:32:17.183+0000] {processor.py:809} INFO - DAG(s) dict_keys(['example_skip_dag']) retrieved from /usr/local/lib/python3.10/dist-packages/airflow/example_dags/example_skip_dag.py
[2023-10-28T08:32:17.262+0000] {logging_mixin.py:149} INFO - [2023-10-28T08:32:17.261+0000] {dag.py:2726} INFO - Sync 1 DAGs
[2023-10-28T08:32:17.335+0000] {logging_mixin.py:149} INFO - [2023-10-28T08:32:17.334+0000] {dag.py:3486} INFO - Setting next_dagrun for example_skip_dag to 2023-10-27T08:32:17.334323+00:00, run_after=2023-10-28T08:32:17.334323+00:00
[2023-10-28T08:32:17.443+0000] {processor.py:178} INFO - Processing /usr/local/lib/python3.10/dist-packages/airflow/example_dags/example_skip_dag.py took 0.321 seconds
[2023-10-28T08:32:47.584+0000] {processor.py:156} INFO - Started process (PID=1515667) to work on /usr/local/lib/python3.10/dist-packages/airflow/example_dags/example_skip_dag.py
[2023-10-28T08:32:47.587+0000] {processor.py:799} INFO - Processing file /usr/local/lib/python3.10/dist-packages/airflow/example_dags/example_skip_dag.py for tasks to queue
[2023-10-28T08:32:47.589+0000] {logging_mixin.py:149} INFO - [2023-10-28T08:32:47.588+0000] {dagbag.py:541} INFO - Filling up the DagBag from /usr/local/lib/python3.10/dist-packages/airflow/example_dags/example_skip_dag.py
[2023-10-28T08:32:47.607+0000] {processor.py:809} INFO - DAG(s) dict_keys(['example_skip_dag']) retrieved from /usr/local/lib/python3.10/dist-packages/airflow/example_dags/example_skip_dag.py
[2023-10-28T08:32:47.690+0000] {logging_mixin.py:149} INFO - [2023-10-28T08:32:47.689+0000] {dag.py:2726} INFO - Sync 1 DAGs
[2023-10-28T08:32:47.770+0000] {logging_mixin.py:149} INFO - [2023-10-28T08:32:47.769+0000] {dag.py:3486} INFO - Setting next_dagrun for example_skip_dag to 2023-10-27T08:32:47.769076+00:00, run_after=2023-10-28T08:32:47.769076+00:00
[2023-10-28T08:32:47.889+0000] {processor.py:178} INFO - Processing /usr/local/lib/python3.10/dist-packages/airflow/example_dags/example_skip_dag.py took 0.312 seconds
[2023-10-28T08:33:18.121+0000] {processor.py:156} INFO - Started process (PID=1516139) to work on /usr/local/lib/python3.10/dist-packages/airflow/example_dags/example_skip_dag.py
[2023-10-28T08:33:18.122+0000] {processor.py:799} INFO - Processing file /usr/local/lib/python3.10/dist-packages/airflow/example_dags/example_skip_dag.py for tasks to queue
[2023-10-28T08:33:18.124+0000] {logging_mixin.py:149} INFO - [2023-10-28T08:33:18.124+0000] {dagbag.py:541} INFO - Filling up the DagBag from /usr/local/lib/python3.10/dist-packages/airflow/example_dags/example_skip_dag.py
[2023-10-28T08:33:18.140+0000] {processor.py:809} INFO - DAG(s) dict_keys(['example_skip_dag']) retrieved from /usr/local/lib/python3.10/dist-packages/airflow/example_dags/example_skip_dag.py
[2023-10-28T08:33:18.222+0000] {logging_mixin.py:149} INFO - [2023-10-28T08:33:18.222+0000] {dag.py:2726} INFO - Sync 1 DAGs
[2023-10-28T08:33:18.303+0000] {logging_mixin.py:149} INFO - [2023-10-28T08:33:18.303+0000] {dag.py:3486} INFO - Setting next_dagrun for example_skip_dag to 2023-10-27T08:33:18.302899+00:00, run_after=2023-10-28T08:33:18.302899+00:00
[2023-10-28T08:33:18.394+0000] {processor.py:178} INFO - Processing /usr/local/lib/python3.10/dist-packages/airflow/example_dags/example_skip_dag.py took 0.280 seconds
[2023-10-28T08:33:48.984+0000] {processor.py:156} INFO - Started process (PID=1516497) to work on /usr/local/lib/python3.10/dist-packages/airflow/example_dags/example_skip_dag.py
[2023-10-28T08:33:49.004+0000] {processor.py:799} INFO - Processing file /usr/local/lib/python3.10/dist-packages/airflow/example_dags/example_skip_dag.py for tasks to queue
[2023-10-28T08:33:49.006+0000] {logging_mixin.py:149} INFO - [2023-10-28T08:33:49.006+0000] {dagbag.py:541} INFO - Filling up the DagBag from /usr/local/lib/python3.10/dist-packages/airflow/example_dags/example_skip_dag.py
[2023-10-28T08:33:49.023+0000] {processor.py:809} INFO - DAG(s) dict_keys(['example_skip_dag']) retrieved from /usr/local/lib/python3.10/dist-packages/airflow/example_dags/example_skip_dag.py
[2023-10-28T08:33:49.108+0000] {logging_mixin.py:149} INFO - [2023-10-28T08:33:49.108+0000] {dag.py:2726} INFO - Sync 1 DAGs
[2023-10-28T08:33:49.186+0000] {logging_mixin.py:149} INFO - [2023-10-28T08:33:49.186+0000] {dag.py:3486} INFO - Setting next_dagrun for example_skip_dag to 2023-10-27T08:33:49.185873+00:00, run_after=2023-10-28T08:33:49.185873+00:00
[2023-10-28T08:33:49.290+0000] {processor.py:178} INFO - Processing /usr/local/lib/python3.10/dist-packages/airflow/example_dags/example_skip_dag.py took 0.312 seconds
[2023-10-28T08:34:19.517+0000] {processor.py:156} INFO - Started process (PID=1516894) to work on /usr/local/lib/python3.10/dist-packages/airflow/example_dags/example_skip_dag.py
[2023-10-28T08:34:19.572+0000] {processor.py:799} INFO - Processing file /usr/local/lib/python3.10/dist-packages/airflow/example_dags/example_skip_dag.py for tasks to queue
[2023-10-28T08:34:19.574+0000] {logging_mixin.py:149} INFO - [2023-10-28T08:34:19.574+0000] {dagbag.py:541} INFO - Filling up the DagBag from /usr/local/lib/python3.10/dist-packages/airflow/example_dags/example_skip_dag.py
[2023-10-28T08:34:19.591+0000] {processor.py:809} INFO - DAG(s) dict_keys(['example_skip_dag']) retrieved from /usr/local/lib/python3.10/dist-packages/airflow/example_dags/example_skip_dag.py
[2023-10-28T08:34:19.672+0000] {logging_mixin.py:149} INFO - [2023-10-28T08:34:19.671+0000] {dag.py:2726} INFO - Sync 1 DAGs
[2023-10-28T08:34:19.746+0000] {logging_mixin.py:149} INFO - [2023-10-28T08:34:19.745+0000] {dag.py:3486} INFO - Setting next_dagrun for example_skip_dag to 2023-10-27T08:34:19.744962+00:00, run_after=2023-10-28T08:34:19.744962+00:00
[2023-10-28T08:34:19.813+0000] {processor.py:178} INFO - Processing /usr/local/lib/python3.10/dist-packages/airflow/example_dags/example_skip_dag.py took 0.303 seconds
[2023-10-28T08:34:50.434+0000] {processor.py:156} INFO - Started process (PID=1517252) to work on /usr/local/lib/python3.10/dist-packages/airflow/example_dags/example_skip_dag.py
[2023-10-28T08:34:50.469+0000] {processor.py:799} INFO - Processing file /usr/local/lib/python3.10/dist-packages/airflow/example_dags/example_skip_dag.py for tasks to queue
[2023-10-28T08:34:50.471+0000] {logging_mixin.py:149} INFO - [2023-10-28T08:34:50.470+0000] {dagbag.py:541} INFO - Filling up the DagBag from /usr/local/lib/python3.10/dist-packages/airflow/example_dags/example_skip_dag.py
[2023-10-28T08:34:50.487+0000] {processor.py:809} INFO - DAG(s) dict_keys(['example_skip_dag']) retrieved from /usr/local/lib/python3.10/dist-packages/airflow/example_dags/example_skip_dag.py
[2023-10-28T08:34:50.573+0000] {logging_mixin.py:149} INFO - [2023-10-28T08:34:50.573+0000] {dag.py:2726} INFO - Sync 1 DAGs
[2023-10-28T08:34:50.652+0000] {logging_mixin.py:149} INFO - [2023-10-28T08:34:50.652+0000] {dag.py:3486} INFO - Setting next_dagrun for example_skip_dag to 2023-10-27T08:34:50.651513+00:00, run_after=2023-10-28T08:34:50.651513+00:00
[2023-10-28T08:34:50.729+0000] {processor.py:178} INFO - Processing /usr/local/lib/python3.10/dist-packages/airflow/example_dags/example_skip_dag.py took 0.302 seconds
[2023-10-28T08:35:21.502+0000] {processor.py:156} INFO - Started process (PID=1517807) to work on /usr/local/lib/python3.10/dist-packages/airflow/example_dags/example_skip_dag.py
[2023-10-28T08:35:21.505+0000] {processor.py:799} INFO - Processing file /usr/local/lib/python3.10/dist-packages/airflow/example_dags/example_skip_dag.py for tasks to queue
[2023-10-28T08:35:21.507+0000] {logging_mixin.py:149} INFO - [2023-10-28T08:35:21.507+0000] {dagbag.py:541} INFO - Filling up the DagBag from /usr/local/lib/python3.10/dist-packages/airflow/example_dags/example_skip_dag.py
[2023-10-28T08:35:21.526+0000] {processor.py:809} INFO - DAG(s) dict_keys(['example_skip_dag']) retrieved from /usr/local/lib/python3.10/dist-packages/airflow/example_dags/example_skip_dag.py
[2023-10-28T08:35:21.612+0000] {logging_mixin.py:149} INFO - [2023-10-28T08:35:21.611+0000] {dag.py:2726} INFO - Sync 1 DAGs
[2023-10-28T08:35:21.694+0000] {logging_mixin.py:149} INFO - [2023-10-28T08:35:21.694+0000] {dag.py:3486} INFO - Setting next_dagrun for example_skip_dag to 2023-10-27T08:35:21.693643+00:00, run_after=2023-10-28T08:35:21.693643+00:00
[2023-10-28T08:35:21.790+0000] {processor.py:178} INFO - Processing /usr/local/lib/python3.10/dist-packages/airflow/example_dags/example_skip_dag.py took 0.298 seconds
[2023-10-28T08:35:52.103+0000] {processor.py:156} INFO - Started process (PID=1518268) to work on /usr/local/lib/python3.10/dist-packages/airflow/example_dags/example_skip_dag.py
[2023-10-28T08:35:52.104+0000] {processor.py:799} INFO - Processing file /usr/local/lib/python3.10/dist-packages/airflow/example_dags/example_skip_dag.py for tasks to queue
[2023-10-28T08:35:52.106+0000] {logging_mixin.py:149} INFO - [2023-10-28T08:35:52.106+0000] {dagbag.py:541} INFO - Filling up the DagBag from /usr/local/lib/python3.10/dist-packages/airflow/example_dags/example_skip_dag.py
[2023-10-28T08:35:52.123+0000] {processor.py:809} INFO - DAG(s) dict_keys(['example_skip_dag']) retrieved from /usr/local/lib/python3.10/dist-packages/airflow/example_dags/example_skip_dag.py
[2023-10-28T08:35:52.206+0000] {logging_mixin.py:149} INFO - [2023-10-28T08:35:52.205+0000] {dag.py:2726} INFO - Sync 1 DAGs
[2023-10-28T08:35:52.279+0000] {logging_mixin.py:149} INFO - [2023-10-28T08:35:52.279+0000] {dag.py:3486} INFO - Setting next_dagrun for example_skip_dag to 2023-10-27T08:35:52.278399+00:00, run_after=2023-10-28T08:35:52.278399+00:00
[2023-10-28T08:35:52.342+0000] {processor.py:178} INFO - Processing /usr/local/lib/python3.10/dist-packages/airflow/example_dags/example_skip_dag.py took 0.247 seconds
[2023-10-28T08:36:22.468+0000] {processor.py:156} INFO - Started process (PID=1518656) to work on /usr/local/lib/python3.10/dist-packages/airflow/example_dags/example_skip_dag.py
[2023-10-28T08:36:22.476+0000] {processor.py:799} INFO - Processing file /usr/local/lib/python3.10/dist-packages/airflow/example_dags/example_skip_dag.py for tasks to queue
[2023-10-28T08:36:22.478+0000] {logging_mixin.py:149} INFO - [2023-10-28T08:36:22.478+0000] {dagbag.py:541} INFO - Filling up the DagBag from /usr/local/lib/python3.10/dist-packages/airflow/example_dags/example_skip_dag.py
[2023-10-28T08:36:22.494+0000] {processor.py:809} INFO - DAG(s) dict_keys(['example_skip_dag']) retrieved from /usr/local/lib/python3.10/dist-packages/airflow/example_dags/example_skip_dag.py
[2023-10-28T08:36:22.576+0000] {logging_mixin.py:149} INFO - [2023-10-28T08:36:22.575+0000] {dag.py:2726} INFO - Sync 1 DAGs
[2023-10-28T08:36:22.651+0000] {logging_mixin.py:149} INFO - [2023-10-28T08:36:22.650+0000] {dag.py:3486} INFO - Setting next_dagrun for example_skip_dag to 2023-10-27T08:36:22.650074+00:00, run_after=2023-10-28T08:36:22.650074+00:00
[2023-10-28T08:36:22.750+0000] {processor.py:178} INFO - Processing /usr/local/lib/python3.10/dist-packages/airflow/example_dags/example_skip_dag.py took 0.289 seconds
[2023-10-28T08:36:52.908+0000] {processor.py:156} INFO - Started process (PID=1519011) to work on /usr/local/lib/python3.10/dist-packages/airflow/example_dags/example_skip_dag.py
[2023-10-28T08:36:52.910+0000] {processor.py:799} INFO - Processing file /usr/local/lib/python3.10/dist-packages/airflow/example_dags/example_skip_dag.py for tasks to queue
[2023-10-28T08:36:52.911+0000] {logging_mixin.py:149} INFO - [2023-10-28T08:36:52.911+0000] {dagbag.py:541} INFO - Filling up the DagBag from /usr/local/lib/python3.10/dist-packages/airflow/example_dags/example_skip_dag.py
[2023-10-28T08:36:52.929+0000] {processor.py:809} INFO - DAG(s) dict_keys(['example_skip_dag']) retrieved from /usr/local/lib/python3.10/dist-packages/airflow/example_dags/example_skip_dag.py
[2023-10-28T08:36:53.009+0000] {logging_mixin.py:149} INFO - [2023-10-28T08:36:53.008+0000] {dag.py:2726} INFO - Sync 1 DAGs
[2023-10-28T08:36:53.085+0000] {logging_mixin.py:149} INFO - [2023-10-28T08:36:53.085+0000] {dag.py:3486} INFO - Setting next_dagrun for example_skip_dag to 2023-10-27T08:36:53.084461+00:00, run_after=2023-10-28T08:36:53.084461+00:00
[2023-10-28T08:36:53.188+0000] {processor.py:178} INFO - Processing /usr/local/lib/python3.10/dist-packages/airflow/example_dags/example_skip_dag.py took 0.290 seconds
[2023-10-28T08:37:23.336+0000] {processor.py:156} INFO - Started process (PID=1519507) to work on /usr/local/lib/python3.10/dist-packages/airflow/example_dags/example_skip_dag.py
[2023-10-28T08:37:23.388+0000] {processor.py:799} INFO - Processing file /usr/local/lib/python3.10/dist-packages/airflow/example_dags/example_skip_dag.py for tasks to queue
[2023-10-28T08:37:23.390+0000] {logging_mixin.py:149} INFO - [2023-10-28T08:37:23.389+0000] {dagbag.py:541} INFO - Filling up the DagBag from /usr/local/lib/python3.10/dist-packages/airflow/example_dags/example_skip_dag.py
[2023-10-28T08:37:23.407+0000] {processor.py:809} INFO - DAG(s) dict_keys(['example_skip_dag']) retrieved from /usr/local/lib/python3.10/dist-packages/airflow/example_dags/example_skip_dag.py
[2023-10-28T08:37:23.489+0000] {logging_mixin.py:149} INFO - [2023-10-28T08:37:23.489+0000] {dag.py:2726} INFO - Sync 1 DAGs
[2023-10-28T08:37:23.564+0000] {logging_mixin.py:149} INFO - [2023-10-28T08:37:23.563+0000] {dag.py:3486} INFO - Setting next_dagrun for example_skip_dag to 2023-10-27T08:37:23.563134+00:00, run_after=2023-10-28T08:37:23.563134+00:00
[2023-10-28T08:37:23.633+0000] {processor.py:178} INFO - Processing /usr/local/lib/python3.10/dist-packages/airflow/example_dags/example_skip_dag.py took 0.305 seconds
[2023-10-28T08:37:53.972+0000] {processor.py:156} INFO - Started process (PID=1519865) to work on /usr/local/lib/python3.10/dist-packages/airflow/example_dags/example_skip_dag.py
[2023-10-28T08:37:53.973+0000] {processor.py:799} INFO - Processing file /usr/local/lib/python3.10/dist-packages/airflow/example_dags/example_skip_dag.py for tasks to queue
[2023-10-28T08:37:53.976+0000] {logging_mixin.py:149} INFO - [2023-10-28T08:37:53.975+0000] {dagbag.py:541} INFO - Filling up the DagBag from /usr/local/lib/python3.10/dist-packages/airflow/example_dags/example_skip_dag.py
[2023-10-28T08:37:53.995+0000] {processor.py:809} INFO - DAG(s) dict_keys(['example_skip_dag']) retrieved from /usr/local/lib/python3.10/dist-packages/airflow/example_dags/example_skip_dag.py
[2023-10-28T08:37:54.081+0000] {logging_mixin.py:149} INFO - [2023-10-28T08:37:54.080+0000] {dag.py:2726} INFO - Sync 1 DAGs
[2023-10-28T08:37:54.162+0000] {logging_mixin.py:149} INFO - [2023-10-28T08:37:54.162+0000] {dag.py:3486} INFO - Setting next_dagrun for example_skip_dag to 2023-10-27T08:37:54.161555+00:00, run_after=2023-10-28T08:37:54.161555+00:00
[2023-10-28T08:37:54.225+0000] {processor.py:178} INFO - Processing /usr/local/lib/python3.10/dist-packages/airflow/example_dags/example_skip_dag.py took 0.262 seconds
[2023-10-28T08:38:25.003+0000] {processor.py:156} INFO - Started process (PID=1520416) to work on /usr/local/lib/python3.10/dist-packages/airflow/example_dags/example_skip_dag.py
[2023-10-28T08:38:25.036+0000] {processor.py:799} INFO - Processing file /usr/local/lib/python3.10/dist-packages/airflow/example_dags/example_skip_dag.py for tasks to queue
[2023-10-28T08:38:25.038+0000] {logging_mixin.py:149} INFO - [2023-10-28T08:38:25.038+0000] {dagbag.py:541} INFO - Filling up the DagBag from /usr/local/lib/python3.10/dist-packages/airflow/example_dags/example_skip_dag.py
[2023-10-28T08:38:25.054+0000] {processor.py:809} INFO - DAG(s) dict_keys(['example_skip_dag']) retrieved from /usr/local/lib/python3.10/dist-packages/airflow/example_dags/example_skip_dag.py
[2023-10-28T08:38:25.130+0000] {logging_mixin.py:149} INFO - [2023-10-28T08:38:25.129+0000] {dag.py:2726} INFO - Sync 1 DAGs
[2023-10-28T08:38:25.203+0000] {logging_mixin.py:149} INFO - [2023-10-28T08:38:25.203+0000] {dag.py:3486} INFO - Setting next_dagrun for example_skip_dag to 2023-10-27T08:38:25.202634+00:00, run_after=2023-10-28T08:38:25.202634+00:00
[2023-10-28T08:38:25.311+0000] {processor.py:178} INFO - Processing /usr/local/lib/python3.10/dist-packages/airflow/example_dags/example_skip_dag.py took 0.315 seconds
[2023-10-28T08:38:55.698+0000] {processor.py:156} INFO - Started process (PID=1520929) to work on /usr/local/lib/python3.10/dist-packages/airflow/example_dags/example_skip_dag.py
[2023-10-28T08:38:55.700+0000] {processor.py:799} INFO - Processing file /usr/local/lib/python3.10/dist-packages/airflow/example_dags/example_skip_dag.py for tasks to queue
[2023-10-28T08:38:55.702+0000] {logging_mixin.py:149} INFO - [2023-10-28T08:38:55.701+0000] {dagbag.py:541} INFO - Filling up the DagBag from /usr/local/lib/python3.10/dist-packages/airflow/example_dags/example_skip_dag.py
[2023-10-28T08:38:55.718+0000] {processor.py:809} INFO - DAG(s) dict_keys(['example_skip_dag']) retrieved from /usr/local/lib/python3.10/dist-packages/airflow/example_dags/example_skip_dag.py
[2023-10-28T08:38:55.804+0000] {logging_mixin.py:149} INFO - [2023-10-28T08:38:55.804+0000] {dag.py:2726} INFO - Sync 1 DAGs
[2023-10-28T08:38:55.884+0000] {logging_mixin.py:149} INFO - [2023-10-28T08:38:55.883+0000] {dag.py:3486} INFO - Setting next_dagrun for example_skip_dag to 2023-10-27T08:38:55.883345+00:00, run_after=2023-10-28T08:38:55.883345+00:00
[2023-10-28T08:38:55.991+0000] {processor.py:178} INFO - Processing /usr/local/lib/python3.10/dist-packages/airflow/example_dags/example_skip_dag.py took 0.299 seconds
[2023-10-28T08:39:27.065+0000] {processor.py:156} INFO - Started process (PID=1521439) to work on /usr/local/lib/python3.10/dist-packages/airflow/example_dags/example_skip_dag.py
[2023-10-28T08:39:27.089+0000] {processor.py:799} INFO - Processing file /usr/local/lib/python3.10/dist-packages/airflow/example_dags/example_skip_dag.py for tasks to queue
[2023-10-28T08:39:27.091+0000] {logging_mixin.py:149} INFO - [2023-10-28T08:39:27.090+0000] {dagbag.py:541} INFO - Filling up the DagBag from /usr/local/lib/python3.10/dist-packages/airflow/example_dags/example_skip_dag.py
[2023-10-28T08:39:27.110+0000] {processor.py:809} INFO - DAG(s) dict_keys(['example_skip_dag']) retrieved from /usr/local/lib/python3.10/dist-packages/airflow/example_dags/example_skip_dag.py
[2023-10-28T08:39:27.195+0000] {logging_mixin.py:149} INFO - [2023-10-28T08:39:27.195+0000] {dag.py:2726} INFO - Sync 1 DAGs
[2023-10-28T08:39:27.270+0000] {logging_mixin.py:149} INFO - [2023-10-28T08:39:27.269+0000] {dag.py:3486} INFO - Setting next_dagrun for example_skip_dag to 2023-10-27T08:39:27.268958+00:00, run_after=2023-10-28T08:39:27.268958+00:00
[2023-10-28T08:39:27.368+0000] {processor.py:178} INFO - Processing /usr/local/lib/python3.10/dist-packages/airflow/example_dags/example_skip_dag.py took 0.310 seconds
