[2023-10-28T07:58:03.872+0000] {processor.py:156} INFO - Started process (PID=1491753) to work on /usr/local/lib/python3.10/dist-packages/airflow/example_dags/example_dag_decorator.py
[2023-10-28T07:58:03.874+0000] {processor.py:799} INFO - Processing file /usr/local/lib/python3.10/dist-packages/airflow/example_dags/example_dag_decorator.py for tasks to queue
[2023-10-28T07:58:03.876+0000] {logging_mixin.py:149} INFO - [2023-10-28T07:58:03.875+0000] {dagbag.py:541} INFO - Filling up the DagBag from /usr/local/lib/python3.10/dist-packages/airflow/example_dags/example_dag_decorator.py
[2023-10-28T07:58:03.892+0000] {logging_mixin.py:149} INFO - [2023-10-28T07:58:03.892+0000] {taskmixin.py:211} WARNING - Dependency <Task(_PythonDecoratedOperator): prepare_email>, send_email already registered for DAG: example_dag_decorator
[2023-10-28T07:58:03.893+0000] {logging_mixin.py:149} INFO - [2023-10-28T07:58:03.893+0000] {taskmixin.py:211} WARNING - Dependency <Task(EmailOperator): send_email>, prepare_email already registered for DAG: example_dag_decorator
[2023-10-28T07:58:03.912+0000] {processor.py:809} INFO - DAG(s) dict_keys(['example_dag_decorator']) retrieved from /usr/local/lib/python3.10/dist-packages/airflow/example_dags/example_dag_decorator.py
[2023-10-28T07:58:04.430+0000] {logging_mixin.py:149} INFO - [2023-10-28T07:58:04.429+0000] {manager.py:504} INFO - Created Permission View: can read on DAG:example_dag_decorator
[2023-10-28T07:58:04.458+0000] {logging_mixin.py:149} INFO - [2023-10-28T07:58:04.457+0000] {manager.py:504} INFO - Created Permission View: can edit on DAG:example_dag_decorator
[2023-10-28T07:58:04.480+0000] {logging_mixin.py:149} INFO - [2023-10-28T07:58:04.479+0000] {manager.py:504} INFO - Created Permission View: can delete on DAG:example_dag_decorator
[2023-10-28T07:58:04.481+0000] {logging_mixin.py:149} INFO - [2023-10-28T07:58:04.480+0000] {dag.py:2726} INFO - Sync 1 DAGs
[2023-10-28T07:58:04.508+0000] {logging_mixin.py:149} INFO - [2023-10-28T07:58:04.508+0000] {dag.py:2747} INFO - Creating ORM DAG for example_dag_decorator
[2023-10-28T07:58:04.533+0000] {logging_mixin.py:149} INFO - [2023-10-28T07:58:04.532+0000] {dag.py:3486} INFO - Setting next_dagrun for example_dag_decorator to None, run_after=None
[2023-10-28T07:58:04.624+0000] {processor.py:178} INFO - Processing /usr/local/lib/python3.10/dist-packages/airflow/example_dags/example_dag_decorator.py took 0.760 seconds
[2023-10-28T07:59:17.652+0000] {processor.py:156} INFO - Started process (PID=1492331) to work on /usr/local/lib/python3.10/dist-packages/airflow/example_dags/example_dag_decorator.py
[2023-10-28T07:59:17.688+0000] {processor.py:799} INFO - Processing file /usr/local/lib/python3.10/dist-packages/airflow/example_dags/example_dag_decorator.py for tasks to queue
[2023-10-28T07:59:17.690+0000] {logging_mixin.py:149} INFO - [2023-10-28T07:59:17.690+0000] {dagbag.py:541} INFO - Filling up the DagBag from /usr/local/lib/python3.10/dist-packages/airflow/example_dags/example_dag_decorator.py
[2023-10-28T07:59:17.706+0000] {logging_mixin.py:149} INFO - [2023-10-28T07:59:17.706+0000] {taskmixin.py:211} WARNING - Dependency <Task(_PythonDecoratedOperator): prepare_email>, send_email already registered for DAG: example_dag_decorator
[2023-10-28T07:59:17.707+0000] {logging_mixin.py:149} INFO - [2023-10-28T07:59:17.707+0000] {taskmixin.py:211} WARNING - Dependency <Task(EmailOperator): send_email>, prepare_email already registered for DAG: example_dag_decorator
[2023-10-28T07:59:17.727+0000] {processor.py:809} INFO - DAG(s) dict_keys(['example_dag_decorator']) retrieved from /usr/local/lib/python3.10/dist-packages/airflow/example_dags/example_dag_decorator.py
[2023-10-28T07:59:17.868+0000] {logging_mixin.py:149} INFO - [2023-10-28T07:59:17.868+0000] {dag.py:2726} INFO - Sync 1 DAGs
[2023-10-28T07:59:17.919+0000] {logging_mixin.py:149} INFO - [2023-10-28T07:59:17.919+0000] {dag.py:3486} INFO - Setting next_dagrun for example_dag_decorator to None, run_after=None
[2023-10-28T07:59:18.018+0000] {processor.py:178} INFO - Processing /usr/local/lib/python3.10/dist-packages/airflow/example_dags/example_dag_decorator.py took 0.372 seconds
[2023-10-28T08:00:12.706+0000] {processor.py:156} INFO - Started process (PID=1492635) to work on /usr/local/lib/python3.10/dist-packages/airflow/example_dags/example_dag_decorator.py
[2023-10-28T08:00:12.741+0000] {processor.py:799} INFO - Processing file /usr/local/lib/python3.10/dist-packages/airflow/example_dags/example_dag_decorator.py for tasks to queue
[2023-10-28T08:00:12.743+0000] {logging_mixin.py:149} INFO - [2023-10-28T08:00:12.742+0000] {dagbag.py:541} INFO - Filling up the DagBag from /usr/local/lib/python3.10/dist-packages/airflow/example_dags/example_dag_decorator.py
[2023-10-28T08:00:12.762+0000] {logging_mixin.py:149} INFO - [2023-10-28T08:00:12.761+0000] {taskmixin.py:211} WARNING - Dependency <Task(_PythonDecoratedOperator): prepare_email>, send_email already registered for DAG: example_dag_decorator
[2023-10-28T08:00:12.763+0000] {logging_mixin.py:149} INFO - [2023-10-28T08:00:12.762+0000] {taskmixin.py:211} WARNING - Dependency <Task(EmailOperator): send_email>, prepare_email already registered for DAG: example_dag_decorator
[2023-10-28T08:00:12.787+0000] {processor.py:809} INFO - DAG(s) dict_keys(['example_dag_decorator']) retrieved from /usr/local/lib/python3.10/dist-packages/airflow/example_dags/example_dag_decorator.py
[2023-10-28T08:00:12.930+0000] {logging_mixin.py:149} INFO - [2023-10-28T08:00:12.929+0000] {dag.py:2726} INFO - Sync 1 DAGs
[2023-10-28T08:00:12.985+0000] {logging_mixin.py:149} INFO - [2023-10-28T08:00:12.984+0000] {dag.py:3486} INFO - Setting next_dagrun for example_dag_decorator to None, run_after=None
[2023-10-28T08:00:13.081+0000] {processor.py:178} INFO - Processing /usr/local/lib/python3.10/dist-packages/airflow/example_dags/example_dag_decorator.py took 0.382 seconds
[2023-10-28T08:15:32.611+0000] {processor.py:156} INFO - Started process (PID=1498165) to work on /usr/local/lib/python3.10/dist-packages/airflow/example_dags/example_dag_decorator.py
[2023-10-28T08:15:32.613+0000] {processor.py:799} INFO - Processing file /usr/local/lib/python3.10/dist-packages/airflow/example_dags/example_dag_decorator.py for tasks to queue
[2023-10-28T08:15:32.615+0000] {logging_mixin.py:149} INFO - [2023-10-28T08:15:32.615+0000] {dagbag.py:541} INFO - Filling up the DagBag from /usr/local/lib/python3.10/dist-packages/airflow/example_dags/example_dag_decorator.py
[2023-10-28T08:15:32.632+0000] {logging_mixin.py:149} INFO - [2023-10-28T08:15:32.632+0000] {taskmixin.py:211} WARNING - Dependency <Task(_PythonDecoratedOperator): prepare_email>, send_email already registered for DAG: example_dag_decorator
[2023-10-28T08:15:32.633+0000] {logging_mixin.py:149} INFO - [2023-10-28T08:15:32.633+0000] {taskmixin.py:211} WARNING - Dependency <Task(EmailOperator): send_email>, prepare_email already registered for DAG: example_dag_decorator
[2023-10-28T08:15:32.860+0000] {processor.py:809} INFO - DAG(s) dict_keys(['example_dag_decorator']) retrieved from /usr/local/lib/python3.10/dist-packages/airflow/example_dags/example_dag_decorator.py
[2023-10-28T08:15:33.223+0000] {logging_mixin.py:149} INFO - [2023-10-28T08:15:33.222+0000] {manager.py:504} INFO - Created Permission View: can read on DAG:example_dag_decorator
[2023-10-28T08:15:33.252+0000] {logging_mixin.py:149} INFO - [2023-10-28T08:15:33.251+0000] {manager.py:504} INFO - Created Permission View: can delete on DAG:example_dag_decorator
[2023-10-28T08:15:33.275+0000] {logging_mixin.py:149} INFO - [2023-10-28T08:15:33.275+0000] {manager.py:504} INFO - Created Permission View: can edit on DAG:example_dag_decorator
[2023-10-28T08:15:33.276+0000] {logging_mixin.py:149} INFO - [2023-10-28T08:15:33.276+0000] {dag.py:2726} INFO - Sync 1 DAGs
[2023-10-28T08:15:33.309+0000] {logging_mixin.py:149} INFO - [2023-10-28T08:15:33.309+0000] {dag.py:2747} INFO - Creating ORM DAG for example_dag_decorator
[2023-10-28T08:15:33.341+0000] {logging_mixin.py:149} INFO - [2023-10-28T08:15:33.341+0000] {dag.py:3486} INFO - Setting next_dagrun for example_dag_decorator to None, run_after=None
[2023-10-28T08:15:33.436+0000] {processor.py:178} INFO - Processing /usr/local/lib/python3.10/dist-packages/airflow/example_dags/example_dag_decorator.py took 0.831 seconds
[2023-10-28T08:16:03.870+0000] {processor.py:156} INFO - Started process (PID=1498946) to work on /usr/local/lib/python3.10/dist-packages/airflow/example_dags/example_dag_decorator.py
[2023-10-28T08:16:03.872+0000] {processor.py:799} INFO - Processing file /usr/local/lib/python3.10/dist-packages/airflow/example_dags/example_dag_decorator.py for tasks to queue
[2023-10-28T08:16:03.875+0000] {logging_mixin.py:149} INFO - [2023-10-28T08:16:03.874+0000] {dagbag.py:541} INFO - Filling up the DagBag from /usr/local/lib/python3.10/dist-packages/airflow/example_dags/example_dag_decorator.py
[2023-10-28T08:16:03.891+0000] {logging_mixin.py:149} INFO - [2023-10-28T08:16:03.890+0000] {taskmixin.py:211} WARNING - Dependency <Task(_PythonDecoratedOperator): prepare_email>, send_email already registered for DAG: example_dag_decorator
[2023-10-28T08:16:03.892+0000] {logging_mixin.py:149} INFO - [2023-10-28T08:16:03.892+0000] {taskmixin.py:211} WARNING - Dependency <Task(EmailOperator): send_email>, prepare_email already registered for DAG: example_dag_decorator
[2023-10-28T08:16:03.913+0000] {processor.py:809} INFO - DAG(s) dict_keys(['example_dag_decorator']) retrieved from /usr/local/lib/python3.10/dist-packages/airflow/example_dags/example_dag_decorator.py
[2023-10-28T08:16:04.101+0000] {logging_mixin.py:149} INFO - [2023-10-28T08:16:04.101+0000] {dag.py:2726} INFO - Sync 1 DAGs
[2023-10-28T08:16:04.168+0000] {logging_mixin.py:149} INFO - [2023-10-28T08:16:04.168+0000] {dag.py:3486} INFO - Setting next_dagrun for example_dag_decorator to None, run_after=None
[2023-10-28T08:16:04.270+0000] {processor.py:178} INFO - Processing /usr/local/lib/python3.10/dist-packages/airflow/example_dags/example_dag_decorator.py took 0.408 seconds
[2023-10-28T08:16:34.781+0000] {processor.py:156} INFO - Started process (PID=1500164) to work on /usr/local/lib/python3.10/dist-packages/airflow/example_dags/example_dag_decorator.py
[2023-10-28T08:16:34.811+0000] {processor.py:799} INFO - Processing file /usr/local/lib/python3.10/dist-packages/airflow/example_dags/example_dag_decorator.py for tasks to queue
[2023-10-28T08:16:34.814+0000] {logging_mixin.py:149} INFO - [2023-10-28T08:16:34.813+0000] {dagbag.py:541} INFO - Filling up the DagBag from /usr/local/lib/python3.10/dist-packages/airflow/example_dags/example_dag_decorator.py
[2023-10-28T08:16:34.830+0000] {logging_mixin.py:149} INFO - [2023-10-28T08:16:34.829+0000] {taskmixin.py:211} WARNING - Dependency <Task(_PythonDecoratedOperator): prepare_email>, send_email already registered for DAG: example_dag_decorator
[2023-10-28T08:16:34.831+0000] {logging_mixin.py:149} INFO - [2023-10-28T08:16:34.830+0000] {taskmixin.py:211} WARNING - Dependency <Task(EmailOperator): send_email>, prepare_email already registered for DAG: example_dag_decorator
[2023-10-28T08:16:34.854+0000] {processor.py:809} INFO - DAG(s) dict_keys(['example_dag_decorator']) retrieved from /usr/local/lib/python3.10/dist-packages/airflow/example_dags/example_dag_decorator.py
[2023-10-28T08:16:35.053+0000] {logging_mixin.py:149} INFO - [2023-10-28T08:16:35.052+0000] {dag.py:2726} INFO - Sync 1 DAGs
[2023-10-28T08:16:35.132+0000] {logging_mixin.py:149} INFO - [2023-10-28T08:16:35.132+0000] {dag.py:3486} INFO - Setting next_dagrun for example_dag_decorator to None, run_after=None
[2023-10-28T08:16:35.254+0000] {processor.py:178} INFO - Processing /usr/local/lib/python3.10/dist-packages/airflow/example_dags/example_dag_decorator.py took 0.479 seconds
[2023-10-28T08:17:05.390+0000] {processor.py:156} INFO - Started process (PID=1500852) to work on /usr/local/lib/python3.10/dist-packages/airflow/example_dags/example_dag_decorator.py
[2023-10-28T08:17:05.393+0000] {processor.py:799} INFO - Processing file /usr/local/lib/python3.10/dist-packages/airflow/example_dags/example_dag_decorator.py for tasks to queue
[2023-10-28T08:17:05.396+0000] {logging_mixin.py:149} INFO - [2023-10-28T08:17:05.395+0000] {dagbag.py:541} INFO - Filling up the DagBag from /usr/local/lib/python3.10/dist-packages/airflow/example_dags/example_dag_decorator.py
[2023-10-28T08:17:05.413+0000] {logging_mixin.py:149} INFO - [2023-10-28T08:17:05.412+0000] {taskmixin.py:211} WARNING - Dependency <Task(_PythonDecoratedOperator): prepare_email>, send_email already registered for DAG: example_dag_decorator
[2023-10-28T08:17:05.414+0000] {logging_mixin.py:149} INFO - [2023-10-28T08:17:05.414+0000] {taskmixin.py:211} WARNING - Dependency <Task(EmailOperator): send_email>, prepare_email already registered for DAG: example_dag_decorator
[2023-10-28T08:17:05.437+0000] {processor.py:809} INFO - DAG(s) dict_keys(['example_dag_decorator']) retrieved from /usr/local/lib/python3.10/dist-packages/airflow/example_dags/example_dag_decorator.py
[2023-10-28T08:17:05.672+0000] {logging_mixin.py:149} INFO - [2023-10-28T08:17:05.671+0000] {dag.py:2726} INFO - Sync 1 DAGs
[2023-10-28T08:17:05.761+0000] {logging_mixin.py:149} INFO - [2023-10-28T08:17:05.760+0000] {dag.py:3486} INFO - Setting next_dagrun for example_dag_decorator to None, run_after=None
[2023-10-28T08:17:05.838+0000] {processor.py:178} INFO - Processing /usr/local/lib/python3.10/dist-packages/airflow/example_dags/example_dag_decorator.py took 0.456 seconds
[2023-10-28T08:17:36.104+0000] {processor.py:156} INFO - Started process (PID=1501249) to work on /usr/local/lib/python3.10/dist-packages/airflow/example_dags/example_dag_decorator.py
[2023-10-28T08:17:36.121+0000] {processor.py:799} INFO - Processing file /usr/local/lib/python3.10/dist-packages/airflow/example_dags/example_dag_decorator.py for tasks to queue
[2023-10-28T08:17:36.123+0000] {logging_mixin.py:149} INFO - [2023-10-28T08:17:36.123+0000] {dagbag.py:541} INFO - Filling up the DagBag from /usr/local/lib/python3.10/dist-packages/airflow/example_dags/example_dag_decorator.py
[2023-10-28T08:17:36.141+0000] {logging_mixin.py:149} INFO - [2023-10-28T08:17:36.141+0000] {taskmixin.py:211} WARNING - Dependency <Task(_PythonDecoratedOperator): prepare_email>, send_email already registered for DAG: example_dag_decorator
[2023-10-28T08:17:36.143+0000] {logging_mixin.py:149} INFO - [2023-10-28T08:17:36.142+0000] {taskmixin.py:211} WARNING - Dependency <Task(EmailOperator): send_email>, prepare_email already registered for DAG: example_dag_decorator
[2023-10-28T08:17:36.166+0000] {processor.py:809} INFO - DAG(s) dict_keys(['example_dag_decorator']) retrieved from /usr/local/lib/python3.10/dist-packages/airflow/example_dags/example_dag_decorator.py
[2023-10-28T08:17:36.363+0000] {logging_mixin.py:149} INFO - [2023-10-28T08:17:36.363+0000] {dag.py:2726} INFO - Sync 1 DAGs
[2023-10-28T08:17:36.442+0000] {logging_mixin.py:149} INFO - [2023-10-28T08:17:36.442+0000] {dag.py:3486} INFO - Setting next_dagrun for example_dag_decorator to None, run_after=None
[2023-10-28T08:17:36.551+0000] {processor.py:178} INFO - Processing /usr/local/lib/python3.10/dist-packages/airflow/example_dags/example_dag_decorator.py took 0.454 seconds
[2023-10-28T08:18:06.684+0000] {processor.py:156} INFO - Started process (PID=1501633) to work on /usr/local/lib/python3.10/dist-packages/airflow/example_dags/example_dag_decorator.py
[2023-10-28T08:18:06.705+0000] {processor.py:799} INFO - Processing file /usr/local/lib/python3.10/dist-packages/airflow/example_dags/example_dag_decorator.py for tasks to queue
[2023-10-28T08:18:06.707+0000] {logging_mixin.py:149} INFO - [2023-10-28T08:18:06.707+0000] {dagbag.py:541} INFO - Filling up the DagBag from /usr/local/lib/python3.10/dist-packages/airflow/example_dags/example_dag_decorator.py
[2023-10-28T08:18:06.725+0000] {logging_mixin.py:149} INFO - [2023-10-28T08:18:06.724+0000] {taskmixin.py:211} WARNING - Dependency <Task(_PythonDecoratedOperator): prepare_email>, send_email already registered for DAG: example_dag_decorator
[2023-10-28T08:18:06.726+0000] {logging_mixin.py:149} INFO - [2023-10-28T08:18:06.725+0000] {taskmixin.py:211} WARNING - Dependency <Task(EmailOperator): send_email>, prepare_email already registered for DAG: example_dag_decorator
[2023-10-28T08:18:06.745+0000] {processor.py:809} INFO - DAG(s) dict_keys(['example_dag_decorator']) retrieved from /usr/local/lib/python3.10/dist-packages/airflow/example_dags/example_dag_decorator.py
[2023-10-28T08:18:06.938+0000] {logging_mixin.py:149} INFO - [2023-10-28T08:18:06.938+0000] {dag.py:2726} INFO - Sync 1 DAGs
[2023-10-28T08:18:07.011+0000] {logging_mixin.py:149} INFO - [2023-10-28T08:18:07.010+0000] {dag.py:3486} INFO - Setting next_dagrun for example_dag_decorator to None, run_after=None
[2023-10-28T08:18:07.114+0000] {processor.py:178} INFO - Processing /usr/local/lib/python3.10/dist-packages/airflow/example_dags/example_dag_decorator.py took 0.437 seconds
[2023-10-28T08:18:37.768+0000] {processor.py:156} INFO - Started process (PID=1501987) to work on /usr/local/lib/python3.10/dist-packages/airflow/example_dags/example_dag_decorator.py
[2023-10-28T08:18:37.793+0000] {processor.py:799} INFO - Processing file /usr/local/lib/python3.10/dist-packages/airflow/example_dags/example_dag_decorator.py for tasks to queue
[2023-10-28T08:18:37.795+0000] {logging_mixin.py:149} INFO - [2023-10-28T08:18:37.794+0000] {dagbag.py:541} INFO - Filling up the DagBag from /usr/local/lib/python3.10/dist-packages/airflow/example_dags/example_dag_decorator.py
[2023-10-28T08:18:37.813+0000] {logging_mixin.py:149} INFO - [2023-10-28T08:18:37.812+0000] {taskmixin.py:211} WARNING - Dependency <Task(_PythonDecoratedOperator): prepare_email>, send_email already registered for DAG: example_dag_decorator
[2023-10-28T08:18:37.814+0000] {logging_mixin.py:149} INFO - [2023-10-28T08:18:37.813+0000] {taskmixin.py:211} WARNING - Dependency <Task(EmailOperator): send_email>, prepare_email already registered for DAG: example_dag_decorator
[2023-10-28T08:18:37.837+0000] {processor.py:809} INFO - DAG(s) dict_keys(['example_dag_decorator']) retrieved from /usr/local/lib/python3.10/dist-packages/airflow/example_dags/example_dag_decorator.py
[2023-10-28T08:18:38.044+0000] {logging_mixin.py:149} INFO - [2023-10-28T08:18:38.044+0000] {dag.py:2726} INFO - Sync 1 DAGs
[2023-10-28T08:18:38.113+0000] {logging_mixin.py:149} INFO - [2023-10-28T08:18:38.113+0000] {dag.py:3486} INFO - Setting next_dagrun for example_dag_decorator to None, run_after=None
[2023-10-28T08:18:38.221+0000] {processor.py:178} INFO - Processing /usr/local/lib/python3.10/dist-packages/airflow/example_dags/example_dag_decorator.py took 0.461 seconds
[2023-10-28T08:19:08.456+0000] {processor.py:156} INFO - Started process (PID=1502381) to work on /usr/local/lib/python3.10/dist-packages/airflow/example_dags/example_dag_decorator.py
[2023-10-28T08:19:08.481+0000] {processor.py:799} INFO - Processing file /usr/local/lib/python3.10/dist-packages/airflow/example_dags/example_dag_decorator.py for tasks to queue
[2023-10-28T08:19:08.483+0000] {logging_mixin.py:149} INFO - [2023-10-28T08:19:08.483+0000] {dagbag.py:541} INFO - Filling up the DagBag from /usr/local/lib/python3.10/dist-packages/airflow/example_dags/example_dag_decorator.py
[2023-10-28T08:19:08.498+0000] {logging_mixin.py:149} INFO - [2023-10-28T08:19:08.498+0000] {taskmixin.py:211} WARNING - Dependency <Task(_PythonDecoratedOperator): prepare_email>, send_email already registered for DAG: example_dag_decorator
[2023-10-28T08:19:08.499+0000] {logging_mixin.py:149} INFO - [2023-10-28T08:19:08.499+0000] {taskmixin.py:211} WARNING - Dependency <Task(EmailOperator): send_email>, prepare_email already registered for DAG: example_dag_decorator
[2023-10-28T08:19:08.519+0000] {processor.py:809} INFO - DAG(s) dict_keys(['example_dag_decorator']) retrieved from /usr/local/lib/python3.10/dist-packages/airflow/example_dags/example_dag_decorator.py
[2023-10-28T08:19:08.722+0000] {logging_mixin.py:149} INFO - [2023-10-28T08:19:08.722+0000] {dag.py:2726} INFO - Sync 1 DAGs
[2023-10-28T08:19:08.799+0000] {logging_mixin.py:149} INFO - [2023-10-28T08:19:08.799+0000] {dag.py:3486} INFO - Setting next_dagrun for example_dag_decorator to None, run_after=None
[2023-10-28T08:19:08.903+0000] {processor.py:178} INFO - Processing /usr/local/lib/python3.10/dist-packages/airflow/example_dags/example_dag_decorator.py took 0.454 seconds
[2023-10-28T08:19:39.386+0000] {processor.py:156} INFO - Started process (PID=1502736) to work on /usr/local/lib/python3.10/dist-packages/airflow/example_dags/example_dag_decorator.py
[2023-10-28T08:19:39.407+0000] {processor.py:799} INFO - Processing file /usr/local/lib/python3.10/dist-packages/airflow/example_dags/example_dag_decorator.py for tasks to queue
[2023-10-28T08:19:39.409+0000] {logging_mixin.py:149} INFO - [2023-10-28T08:19:39.408+0000] {dagbag.py:541} INFO - Filling up the DagBag from /usr/local/lib/python3.10/dist-packages/airflow/example_dags/example_dag_decorator.py
[2023-10-28T08:19:39.423+0000] {logging_mixin.py:149} INFO - [2023-10-28T08:19:39.423+0000] {taskmixin.py:211} WARNING - Dependency <Task(_PythonDecoratedOperator): prepare_email>, send_email already registered for DAG: example_dag_decorator
[2023-10-28T08:19:39.424+0000] {logging_mixin.py:149} INFO - [2023-10-28T08:19:39.424+0000] {taskmixin.py:211} WARNING - Dependency <Task(EmailOperator): send_email>, prepare_email already registered for DAG: example_dag_decorator
[2023-10-28T08:19:39.444+0000] {processor.py:809} INFO - DAG(s) dict_keys(['example_dag_decorator']) retrieved from /usr/local/lib/python3.10/dist-packages/airflow/example_dags/example_dag_decorator.py
[2023-10-28T08:19:39.634+0000] {logging_mixin.py:149} INFO - [2023-10-28T08:19:39.634+0000] {dag.py:2726} INFO - Sync 1 DAGs
[2023-10-28T08:19:39.706+0000] {logging_mixin.py:149} INFO - [2023-10-28T08:19:39.706+0000] {dag.py:3486} INFO - Setting next_dagrun for example_dag_decorator to None, run_after=None
[2023-10-28T08:19:39.805+0000] {processor.py:178} INFO - Processing /usr/local/lib/python3.10/dist-packages/airflow/example_dags/example_dag_decorator.py took 0.427 seconds
[2023-10-28T08:20:10.287+0000] {processor.py:156} INFO - Started process (PID=1503119) to work on /usr/local/lib/python3.10/dist-packages/airflow/example_dags/example_dag_decorator.py
[2023-10-28T08:20:10.309+0000] {processor.py:799} INFO - Processing file /usr/local/lib/python3.10/dist-packages/airflow/example_dags/example_dag_decorator.py for tasks to queue
[2023-10-28T08:20:10.311+0000] {logging_mixin.py:149} INFO - [2023-10-28T08:20:10.310+0000] {dagbag.py:541} INFO - Filling up the DagBag from /usr/local/lib/python3.10/dist-packages/airflow/example_dags/example_dag_decorator.py
[2023-10-28T08:20:10.327+0000] {logging_mixin.py:149} INFO - [2023-10-28T08:20:10.326+0000] {taskmixin.py:211} WARNING - Dependency <Task(_PythonDecoratedOperator): prepare_email>, send_email already registered for DAG: example_dag_decorator
[2023-10-28T08:20:10.328+0000] {logging_mixin.py:149} INFO - [2023-10-28T08:20:10.327+0000] {taskmixin.py:211} WARNING - Dependency <Task(EmailOperator): send_email>, prepare_email already registered for DAG: example_dag_decorator
[2023-10-28T08:20:10.347+0000] {processor.py:809} INFO - DAG(s) dict_keys(['example_dag_decorator']) retrieved from /usr/local/lib/python3.10/dist-packages/airflow/example_dags/example_dag_decorator.py
[2023-10-28T08:20:10.546+0000] {logging_mixin.py:149} INFO - [2023-10-28T08:20:10.545+0000] {dag.py:2726} INFO - Sync 1 DAGs
[2023-10-28T08:20:10.620+0000] {logging_mixin.py:149} INFO - [2023-10-28T08:20:10.619+0000] {dag.py:3486} INFO - Setting next_dagrun for example_dag_decorator to None, run_after=None
[2023-10-28T08:20:10.720+0000] {processor.py:178} INFO - Processing /usr/local/lib/python3.10/dist-packages/airflow/example_dags/example_dag_decorator.py took 0.441 seconds
[2023-10-28T08:20:41.075+0000] {processor.py:156} INFO - Started process (PID=1503606) to work on /usr/local/lib/python3.10/dist-packages/airflow/example_dags/example_dag_decorator.py
[2023-10-28T08:20:41.098+0000] {processor.py:799} INFO - Processing file /usr/local/lib/python3.10/dist-packages/airflow/example_dags/example_dag_decorator.py for tasks to queue
[2023-10-28T08:20:41.100+0000] {logging_mixin.py:149} INFO - [2023-10-28T08:20:41.099+0000] {dagbag.py:541} INFO - Filling up the DagBag from /usr/local/lib/python3.10/dist-packages/airflow/example_dags/example_dag_decorator.py
[2023-10-28T08:20:41.119+0000] {logging_mixin.py:149} INFO - [2023-10-28T08:20:41.118+0000] {taskmixin.py:211} WARNING - Dependency <Task(_PythonDecoratedOperator): prepare_email>, send_email already registered for DAG: example_dag_decorator
[2023-10-28T08:20:41.120+0000] {logging_mixin.py:149} INFO - [2023-10-28T08:20:41.119+0000] {taskmixin.py:211} WARNING - Dependency <Task(EmailOperator): send_email>, prepare_email already registered for DAG: example_dag_decorator
[2023-10-28T08:20:41.142+0000] {processor.py:809} INFO - DAG(s) dict_keys(['example_dag_decorator']) retrieved from /usr/local/lib/python3.10/dist-packages/airflow/example_dags/example_dag_decorator.py
[2023-10-28T08:20:41.328+0000] {logging_mixin.py:149} INFO - [2023-10-28T08:20:41.327+0000] {dag.py:2726} INFO - Sync 1 DAGs
[2023-10-28T08:20:41.394+0000] {logging_mixin.py:149} INFO - [2023-10-28T08:20:41.393+0000] {dag.py:3486} INFO - Setting next_dagrun for example_dag_decorator to None, run_after=None
[2023-10-28T08:20:41.510+0000] {processor.py:178} INFO - Processing /usr/local/lib/python3.10/dist-packages/airflow/example_dags/example_dag_decorator.py took 0.442 seconds
[2023-10-28T08:21:11.910+0000] {processor.py:156} INFO - Started process (PID=1504097) to work on /usr/local/lib/python3.10/dist-packages/airflow/example_dags/example_dag_decorator.py
[2023-10-28T08:21:11.912+0000] {processor.py:799} INFO - Processing file /usr/local/lib/python3.10/dist-packages/airflow/example_dags/example_dag_decorator.py for tasks to queue
[2023-10-28T08:21:11.914+0000] {logging_mixin.py:149} INFO - [2023-10-28T08:21:11.913+0000] {dagbag.py:541} INFO - Filling up the DagBag from /usr/local/lib/python3.10/dist-packages/airflow/example_dags/example_dag_decorator.py
[2023-10-28T08:21:11.929+0000] {logging_mixin.py:149} INFO - [2023-10-28T08:21:11.928+0000] {taskmixin.py:211} WARNING - Dependency <Task(_PythonDecoratedOperator): prepare_email>, send_email already registered for DAG: example_dag_decorator
[2023-10-28T08:21:11.930+0000] {logging_mixin.py:149} INFO - [2023-10-28T08:21:11.929+0000] {taskmixin.py:211} WARNING - Dependency <Task(EmailOperator): send_email>, prepare_email already registered for DAG: example_dag_decorator
[2023-10-28T08:21:11.951+0000] {processor.py:809} INFO - DAG(s) dict_keys(['example_dag_decorator']) retrieved from /usr/local/lib/python3.10/dist-packages/airflow/example_dags/example_dag_decorator.py
[2023-10-28T08:21:12.159+0000] {logging_mixin.py:149} INFO - [2023-10-28T08:21:12.159+0000] {dag.py:2726} INFO - Sync 1 DAGs
[2023-10-28T08:21:12.239+0000] {logging_mixin.py:149} INFO - [2023-10-28T08:21:12.239+0000] {dag.py:3486} INFO - Setting next_dagrun for example_dag_decorator to None, run_after=None
[2023-10-28T08:21:12.304+0000] {processor.py:178} INFO - Processing /usr/local/lib/python3.10/dist-packages/airflow/example_dags/example_dag_decorator.py took 0.402 seconds
[2023-10-28T08:21:42.720+0000] {processor.py:156} INFO - Started process (PID=1504874) to work on /usr/local/lib/python3.10/dist-packages/airflow/example_dags/example_dag_decorator.py
[2023-10-28T08:21:42.745+0000] {processor.py:799} INFO - Processing file /usr/local/lib/python3.10/dist-packages/airflow/example_dags/example_dag_decorator.py for tasks to queue
[2023-10-28T08:21:42.747+0000] {logging_mixin.py:149} INFO - [2023-10-28T08:21:42.746+0000] {dagbag.py:541} INFO - Filling up the DagBag from /usr/local/lib/python3.10/dist-packages/airflow/example_dags/example_dag_decorator.py
[2023-10-28T08:21:42.762+0000] {logging_mixin.py:149} INFO - [2023-10-28T08:21:42.761+0000] {taskmixin.py:211} WARNING - Dependency <Task(_PythonDecoratedOperator): prepare_email>, send_email already registered for DAG: example_dag_decorator
[2023-10-28T08:21:42.762+0000] {logging_mixin.py:149} INFO - [2023-10-28T08:21:42.762+0000] {taskmixin.py:211} WARNING - Dependency <Task(EmailOperator): send_email>, prepare_email already registered for DAG: example_dag_decorator
[2023-10-28T08:21:42.781+0000] {processor.py:809} INFO - DAG(s) dict_keys(['example_dag_decorator']) retrieved from /usr/local/lib/python3.10/dist-packages/airflow/example_dags/example_dag_decorator.py
[2023-10-28T08:21:42.970+0000] {logging_mixin.py:149} INFO - [2023-10-28T08:21:42.970+0000] {dag.py:2726} INFO - Sync 1 DAGs
[2023-10-28T08:21:43.042+0000] {logging_mixin.py:149} INFO - [2023-10-28T08:21:43.041+0000] {dag.py:3486} INFO - Setting next_dagrun for example_dag_decorator to None, run_after=None
[2023-10-28T08:21:43.148+0000] {processor.py:178} INFO - Processing /usr/local/lib/python3.10/dist-packages/airflow/example_dags/example_dag_decorator.py took 0.435 seconds
[2023-10-28T08:22:13.481+0000] {processor.py:156} INFO - Started process (PID=1505533) to work on /usr/local/lib/python3.10/dist-packages/airflow/example_dags/example_dag_decorator.py
[2023-10-28T08:22:13.508+0000] {processor.py:799} INFO - Processing file /usr/local/lib/python3.10/dist-packages/airflow/example_dags/example_dag_decorator.py for tasks to queue
[2023-10-28T08:22:13.510+0000] {logging_mixin.py:149} INFO - [2023-10-28T08:22:13.510+0000] {dagbag.py:541} INFO - Filling up the DagBag from /usr/local/lib/python3.10/dist-packages/airflow/example_dags/example_dag_decorator.py
[2023-10-28T08:22:13.527+0000] {logging_mixin.py:149} INFO - [2023-10-28T08:22:13.526+0000] {taskmixin.py:211} WARNING - Dependency <Task(_PythonDecoratedOperator): prepare_email>, send_email already registered for DAG: example_dag_decorator
[2023-10-28T08:22:13.528+0000] {logging_mixin.py:149} INFO - [2023-10-28T08:22:13.528+0000] {taskmixin.py:211} WARNING - Dependency <Task(EmailOperator): send_email>, prepare_email already registered for DAG: example_dag_decorator
[2023-10-28T08:22:13.550+0000] {processor.py:809} INFO - DAG(s) dict_keys(['example_dag_decorator']) retrieved from /usr/local/lib/python3.10/dist-packages/airflow/example_dags/example_dag_decorator.py
[2023-10-28T08:22:13.752+0000] {logging_mixin.py:149} INFO - [2023-10-28T08:22:13.751+0000] {dag.py:2726} INFO - Sync 1 DAGs
[2023-10-28T08:22:13.823+0000] {logging_mixin.py:149} INFO - [2023-10-28T08:22:13.822+0000] {dag.py:3486} INFO - Setting next_dagrun for example_dag_decorator to None, run_after=None
[2023-10-28T08:22:13.926+0000] {processor.py:178} INFO - Processing /usr/local/lib/python3.10/dist-packages/airflow/example_dags/example_dag_decorator.py took 0.453 seconds
[2023-10-28T08:22:44.584+0000] {processor.py:156} INFO - Started process (PID=1506124) to work on /usr/local/lib/python3.10/dist-packages/airflow/example_dags/example_dag_decorator.py
[2023-10-28T08:22:44.586+0000] {processor.py:799} INFO - Processing file /usr/local/lib/python3.10/dist-packages/airflow/example_dags/example_dag_decorator.py for tasks to queue
[2023-10-28T08:22:44.588+0000] {logging_mixin.py:149} INFO - [2023-10-28T08:22:44.587+0000] {dagbag.py:541} INFO - Filling up the DagBag from /usr/local/lib/python3.10/dist-packages/airflow/example_dags/example_dag_decorator.py
[2023-10-28T08:22:44.603+0000] {logging_mixin.py:149} INFO - [2023-10-28T08:22:44.602+0000] {taskmixin.py:211} WARNING - Dependency <Task(_PythonDecoratedOperator): prepare_email>, send_email already registered for DAG: example_dag_decorator
[2023-10-28T08:22:44.604+0000] {logging_mixin.py:149} INFO - [2023-10-28T08:22:44.603+0000] {taskmixin.py:211} WARNING - Dependency <Task(EmailOperator): send_email>, prepare_email already registered for DAG: example_dag_decorator
[2023-10-28T08:22:44.623+0000] {processor.py:809} INFO - DAG(s) dict_keys(['example_dag_decorator']) retrieved from /usr/local/lib/python3.10/dist-packages/airflow/example_dags/example_dag_decorator.py
[2023-10-28T08:22:44.817+0000] {logging_mixin.py:149} INFO - [2023-10-28T08:22:44.816+0000] {dag.py:2726} INFO - Sync 1 DAGs
[2023-10-28T08:22:44.894+0000] {logging_mixin.py:149} INFO - [2023-10-28T08:22:44.893+0000] {dag.py:3486} INFO - Setting next_dagrun for example_dag_decorator to None, run_after=None
[2023-10-28T08:22:45.000+0000] {processor.py:178} INFO - Processing /usr/local/lib/python3.10/dist-packages/airflow/example_dags/example_dag_decorator.py took 0.424 seconds
[2023-10-28T08:23:15.359+0000] {processor.py:156} INFO - Started process (PID=1506548) to work on /usr/local/lib/python3.10/dist-packages/airflow/example_dags/example_dag_decorator.py
[2023-10-28T08:23:15.380+0000] {processor.py:799} INFO - Processing file /usr/local/lib/python3.10/dist-packages/airflow/example_dags/example_dag_decorator.py for tasks to queue
[2023-10-28T08:23:15.382+0000] {logging_mixin.py:149} INFO - [2023-10-28T08:23:15.382+0000] {dagbag.py:541} INFO - Filling up the DagBag from /usr/local/lib/python3.10/dist-packages/airflow/example_dags/example_dag_decorator.py
[2023-10-28T08:23:15.399+0000] {logging_mixin.py:149} INFO - [2023-10-28T08:23:15.399+0000] {taskmixin.py:211} WARNING - Dependency <Task(_PythonDecoratedOperator): prepare_email>, send_email already registered for DAG: example_dag_decorator
[2023-10-28T08:23:15.401+0000] {logging_mixin.py:149} INFO - [2023-10-28T08:23:15.400+0000] {taskmixin.py:211} WARNING - Dependency <Task(EmailOperator): send_email>, prepare_email already registered for DAG: example_dag_decorator
[2023-10-28T08:23:15.422+0000] {processor.py:809} INFO - DAG(s) dict_keys(['example_dag_decorator']) retrieved from /usr/local/lib/python3.10/dist-packages/airflow/example_dags/example_dag_decorator.py
[2023-10-28T08:23:15.624+0000] {logging_mixin.py:149} INFO - [2023-10-28T08:23:15.624+0000] {dag.py:2726} INFO - Sync 1 DAGs
[2023-10-28T08:23:15.691+0000] {logging_mixin.py:149} INFO - [2023-10-28T08:23:15.690+0000] {dag.py:3486} INFO - Setting next_dagrun for example_dag_decorator to None, run_after=None
[2023-10-28T08:23:15.792+0000] {processor.py:178} INFO - Processing /usr/local/lib/python3.10/dist-packages/airflow/example_dags/example_dag_decorator.py took 0.440 seconds
[2023-10-28T08:23:45.938+0000] {processor.py:156} INFO - Started process (PID=1507041) to work on /usr/local/lib/python3.10/dist-packages/airflow/example_dags/example_dag_decorator.py
[2023-10-28T08:23:45.957+0000] {processor.py:799} INFO - Processing file /usr/local/lib/python3.10/dist-packages/airflow/example_dags/example_dag_decorator.py for tasks to queue
[2023-10-28T08:23:45.959+0000] {logging_mixin.py:149} INFO - [2023-10-28T08:23:45.958+0000] {dagbag.py:541} INFO - Filling up the DagBag from /usr/local/lib/python3.10/dist-packages/airflow/example_dags/example_dag_decorator.py
[2023-10-28T08:23:45.976+0000] {logging_mixin.py:149} INFO - [2023-10-28T08:23:45.975+0000] {taskmixin.py:211} WARNING - Dependency <Task(_PythonDecoratedOperator): prepare_email>, send_email already registered for DAG: example_dag_decorator
[2023-10-28T08:23:45.976+0000] {logging_mixin.py:149} INFO - [2023-10-28T08:23:45.976+0000] {taskmixin.py:211} WARNING - Dependency <Task(EmailOperator): send_email>, prepare_email already registered for DAG: example_dag_decorator
[2023-10-28T08:23:45.995+0000] {processor.py:809} INFO - DAG(s) dict_keys(['example_dag_decorator']) retrieved from /usr/local/lib/python3.10/dist-packages/airflow/example_dags/example_dag_decorator.py
[2023-10-28T08:23:46.180+0000] {logging_mixin.py:149} INFO - [2023-10-28T08:23:46.179+0000] {dag.py:2726} INFO - Sync 1 DAGs
[2023-10-28T08:23:46.246+0000] {logging_mixin.py:149} INFO - [2023-10-28T08:23:46.246+0000] {dag.py:3486} INFO - Setting next_dagrun for example_dag_decorator to None, run_after=None
[2023-10-28T08:23:46.350+0000] {processor.py:178} INFO - Processing /usr/local/lib/python3.10/dist-packages/airflow/example_dags/example_dag_decorator.py took 0.419 seconds
[2023-10-28T08:24:16.833+0000] {processor.py:156} INFO - Started process (PID=1507669) to work on /usr/local/lib/python3.10/dist-packages/airflow/example_dags/example_dag_decorator.py
[2023-10-28T08:24:16.857+0000] {processor.py:799} INFO - Processing file /usr/local/lib/python3.10/dist-packages/airflow/example_dags/example_dag_decorator.py for tasks to queue
[2023-10-28T08:24:16.859+0000] {logging_mixin.py:149} INFO - [2023-10-28T08:24:16.858+0000] {dagbag.py:541} INFO - Filling up the DagBag from /usr/local/lib/python3.10/dist-packages/airflow/example_dags/example_dag_decorator.py
[2023-10-28T08:24:16.877+0000] {logging_mixin.py:149} INFO - [2023-10-28T08:24:16.876+0000] {taskmixin.py:211} WARNING - Dependency <Task(_PythonDecoratedOperator): prepare_email>, send_email already registered for DAG: example_dag_decorator
[2023-10-28T08:24:16.878+0000] {logging_mixin.py:149} INFO - [2023-10-28T08:24:16.878+0000] {taskmixin.py:211} WARNING - Dependency <Task(EmailOperator): send_email>, prepare_email already registered for DAG: example_dag_decorator
[2023-10-28T08:24:16.901+0000] {processor.py:809} INFO - DAG(s) dict_keys(['example_dag_decorator']) retrieved from /usr/local/lib/python3.10/dist-packages/airflow/example_dags/example_dag_decorator.py
[2023-10-28T08:24:17.104+0000] {logging_mixin.py:149} INFO - [2023-10-28T08:24:17.104+0000] {dag.py:2726} INFO - Sync 1 DAGs
[2023-10-28T08:24:17.170+0000] {logging_mixin.py:149} INFO - [2023-10-28T08:24:17.170+0000] {dag.py:3486} INFO - Setting next_dagrun for example_dag_decorator to None, run_after=None
[2023-10-28T08:24:17.256+0000] {processor.py:178} INFO - Processing /usr/local/lib/python3.10/dist-packages/airflow/example_dags/example_dag_decorator.py took 0.430 seconds
[2023-10-28T08:24:47.357+0000] {processor.py:156} INFO - Started process (PID=1508130) to work on /usr/local/lib/python3.10/dist-packages/airflow/example_dags/example_dag_decorator.py
[2023-10-28T08:24:47.377+0000] {processor.py:799} INFO - Processing file /usr/local/lib/python3.10/dist-packages/airflow/example_dags/example_dag_decorator.py for tasks to queue
[2023-10-28T08:24:47.379+0000] {logging_mixin.py:149} INFO - [2023-10-28T08:24:47.378+0000] {dagbag.py:541} INFO - Filling up the DagBag from /usr/local/lib/python3.10/dist-packages/airflow/example_dags/example_dag_decorator.py
[2023-10-28T08:24:47.395+0000] {logging_mixin.py:149} INFO - [2023-10-28T08:24:47.395+0000] {taskmixin.py:211} WARNING - Dependency <Task(_PythonDecoratedOperator): prepare_email>, send_email already registered for DAG: example_dag_decorator
[2023-10-28T08:24:47.396+0000] {logging_mixin.py:149} INFO - [2023-10-28T08:24:47.396+0000] {taskmixin.py:211} WARNING - Dependency <Task(EmailOperator): send_email>, prepare_email already registered for DAG: example_dag_decorator
[2023-10-28T08:24:47.415+0000] {processor.py:809} INFO - DAG(s) dict_keys(['example_dag_decorator']) retrieved from /usr/local/lib/python3.10/dist-packages/airflow/example_dags/example_dag_decorator.py
[2023-10-28T08:24:47.620+0000] {logging_mixin.py:149} INFO - [2023-10-28T08:24:47.620+0000] {dag.py:2726} INFO - Sync 1 DAGs
[2023-10-28T08:24:47.690+0000] {logging_mixin.py:149} INFO - [2023-10-28T08:24:47.689+0000] {dag.py:3486} INFO - Setting next_dagrun for example_dag_decorator to None, run_after=None
[2023-10-28T08:24:47.797+0000] {processor.py:178} INFO - Processing /usr/local/lib/python3.10/dist-packages/airflow/example_dags/example_dag_decorator.py took 0.447 seconds
[2023-10-28T08:25:17.927+0000] {processor.py:156} INFO - Started process (PID=1508715) to work on /usr/local/lib/python3.10/dist-packages/airflow/example_dags/example_dag_decorator.py
[2023-10-28T08:25:17.949+0000] {processor.py:799} INFO - Processing file /usr/local/lib/python3.10/dist-packages/airflow/example_dags/example_dag_decorator.py for tasks to queue
[2023-10-28T08:25:17.951+0000] {logging_mixin.py:149} INFO - [2023-10-28T08:25:17.950+0000] {dagbag.py:541} INFO - Filling up the DagBag from /usr/local/lib/python3.10/dist-packages/airflow/example_dags/example_dag_decorator.py
[2023-10-28T08:25:17.969+0000] {logging_mixin.py:149} INFO - [2023-10-28T08:25:17.968+0000] {taskmixin.py:211} WARNING - Dependency <Task(_PythonDecoratedOperator): prepare_email>, send_email already registered for DAG: example_dag_decorator
[2023-10-28T08:25:17.971+0000] {logging_mixin.py:149} INFO - [2023-10-28T08:25:17.970+0000] {taskmixin.py:211} WARNING - Dependency <Task(EmailOperator): send_email>, prepare_email already registered for DAG: example_dag_decorator
[2023-10-28T08:25:17.994+0000] {processor.py:809} INFO - DAG(s) dict_keys(['example_dag_decorator']) retrieved from /usr/local/lib/python3.10/dist-packages/airflow/example_dags/example_dag_decorator.py
[2023-10-28T08:25:18.211+0000] {logging_mixin.py:149} INFO - [2023-10-28T08:25:18.211+0000] {dag.py:2726} INFO - Sync 1 DAGs
[2023-10-28T08:25:18.290+0000] {logging_mixin.py:149} INFO - [2023-10-28T08:25:18.289+0000] {dag.py:3486} INFO - Setting next_dagrun for example_dag_decorator to None, run_after=None
[2023-10-28T08:25:18.395+0000] {processor.py:178} INFO - Processing /usr/local/lib/python3.10/dist-packages/airflow/example_dags/example_dag_decorator.py took 0.476 seconds
[2023-10-28T08:25:48.506+0000] {processor.py:156} INFO - Started process (PID=1509375) to work on /usr/local/lib/python3.10/dist-packages/airflow/example_dags/example_dag_decorator.py
[2023-10-28T08:25:48.529+0000] {processor.py:799} INFO - Processing file /usr/local/lib/python3.10/dist-packages/airflow/example_dags/example_dag_decorator.py for tasks to queue
[2023-10-28T08:25:48.531+0000] {logging_mixin.py:149} INFO - [2023-10-28T08:25:48.530+0000] {dagbag.py:541} INFO - Filling up the DagBag from /usr/local/lib/python3.10/dist-packages/airflow/example_dags/example_dag_decorator.py
[2023-10-28T08:25:48.548+0000] {logging_mixin.py:149} INFO - [2023-10-28T08:25:48.547+0000] {taskmixin.py:211} WARNING - Dependency <Task(_PythonDecoratedOperator): prepare_email>, send_email already registered for DAG: example_dag_decorator
[2023-10-28T08:25:48.549+0000] {logging_mixin.py:149} INFO - [2023-10-28T08:25:48.548+0000] {taskmixin.py:211} WARNING - Dependency <Task(EmailOperator): send_email>, prepare_email already registered for DAG: example_dag_decorator
[2023-10-28T08:25:48.570+0000] {processor.py:809} INFO - DAG(s) dict_keys(['example_dag_decorator']) retrieved from /usr/local/lib/python3.10/dist-packages/airflow/example_dags/example_dag_decorator.py
[2023-10-28T08:25:48.758+0000] {logging_mixin.py:149} INFO - [2023-10-28T08:25:48.758+0000] {dag.py:2726} INFO - Sync 1 DAGs
[2023-10-28T08:25:48.826+0000] {logging_mixin.py:149} INFO - [2023-10-28T08:25:48.825+0000] {dag.py:3486} INFO - Setting next_dagrun for example_dag_decorator to None, run_after=None
[2023-10-28T08:25:48.923+0000] {processor.py:178} INFO - Processing /usr/local/lib/python3.10/dist-packages/airflow/example_dags/example_dag_decorator.py took 0.424 seconds
[2023-10-28T08:26:19.071+0000] {processor.py:156} INFO - Started process (PID=1509754) to work on /usr/local/lib/python3.10/dist-packages/airflow/example_dags/example_dag_decorator.py
[2023-10-28T08:26:19.096+0000] {processor.py:799} INFO - Processing file /usr/local/lib/python3.10/dist-packages/airflow/example_dags/example_dag_decorator.py for tasks to queue
[2023-10-28T08:26:19.098+0000] {logging_mixin.py:149} INFO - [2023-10-28T08:26:19.098+0000] {dagbag.py:541} INFO - Filling up the DagBag from /usr/local/lib/python3.10/dist-packages/airflow/example_dags/example_dag_decorator.py
[2023-10-28T08:26:19.114+0000] {logging_mixin.py:149} INFO - [2023-10-28T08:26:19.113+0000] {taskmixin.py:211} WARNING - Dependency <Task(_PythonDecoratedOperator): prepare_email>, send_email already registered for DAG: example_dag_decorator
[2023-10-28T08:26:19.115+0000] {logging_mixin.py:149} INFO - [2023-10-28T08:26:19.114+0000] {taskmixin.py:211} WARNING - Dependency <Task(EmailOperator): send_email>, prepare_email already registered for DAG: example_dag_decorator
[2023-10-28T08:26:19.134+0000] {processor.py:809} INFO - DAG(s) dict_keys(['example_dag_decorator']) retrieved from /usr/local/lib/python3.10/dist-packages/airflow/example_dags/example_dag_decorator.py
[2023-10-28T08:26:19.314+0000] {logging_mixin.py:149} INFO - [2023-10-28T08:26:19.314+0000] {dag.py:2726} INFO - Sync 1 DAGs
[2023-10-28T08:26:19.386+0000] {logging_mixin.py:149} INFO - [2023-10-28T08:26:19.385+0000] {dag.py:3486} INFO - Setting next_dagrun for example_dag_decorator to None, run_after=None
[2023-10-28T08:26:19.487+0000] {processor.py:178} INFO - Processing /usr/local/lib/python3.10/dist-packages/airflow/example_dags/example_dag_decorator.py took 0.423 seconds
[2023-10-28T08:26:49.699+0000] {processor.py:156} INFO - Started process (PID=1510218) to work on /usr/local/lib/python3.10/dist-packages/airflow/example_dags/example_dag_decorator.py
[2023-10-28T08:26:49.702+0000] {processor.py:799} INFO - Processing file /usr/local/lib/python3.10/dist-packages/airflow/example_dags/example_dag_decorator.py for tasks to queue
[2023-10-28T08:26:49.705+0000] {logging_mixin.py:149} INFO - [2023-10-28T08:26:49.704+0000] {dagbag.py:541} INFO - Filling up the DagBag from /usr/local/lib/python3.10/dist-packages/airflow/example_dags/example_dag_decorator.py
[2023-10-28T08:26:49.721+0000] {logging_mixin.py:149} INFO - [2023-10-28T08:26:49.721+0000] {taskmixin.py:211} WARNING - Dependency <Task(_PythonDecoratedOperator): prepare_email>, send_email already registered for DAG: example_dag_decorator
[2023-10-28T08:26:49.722+0000] {logging_mixin.py:149} INFO - [2023-10-28T08:26:49.722+0000] {taskmixin.py:211} WARNING - Dependency <Task(EmailOperator): send_email>, prepare_email already registered for DAG: example_dag_decorator
[2023-10-28T08:26:49.744+0000] {processor.py:809} INFO - DAG(s) dict_keys(['example_dag_decorator']) retrieved from /usr/local/lib/python3.10/dist-packages/airflow/example_dags/example_dag_decorator.py
[2023-10-28T08:26:49.996+0000] {logging_mixin.py:149} INFO - [2023-10-28T08:26:49.995+0000] {dag.py:2726} INFO - Sync 1 DAGs
[2023-10-28T08:26:50.084+0000] {logging_mixin.py:149} INFO - [2023-10-28T08:26:50.083+0000] {dag.py:3486} INFO - Setting next_dagrun for example_dag_decorator to None, run_after=None
[2023-10-28T08:26:50.160+0000] {processor.py:178} INFO - Processing /usr/local/lib/python3.10/dist-packages/airflow/example_dags/example_dag_decorator.py took 0.470 seconds
[2023-10-28T08:27:20.448+0000] {processor.py:156} INFO - Started process (PID=1510688) to work on /usr/local/lib/python3.10/dist-packages/airflow/example_dags/example_dag_decorator.py
[2023-10-28T08:27:20.476+0000] {processor.py:799} INFO - Processing file /usr/local/lib/python3.10/dist-packages/airflow/example_dags/example_dag_decorator.py for tasks to queue
[2023-10-28T08:27:20.478+0000] {logging_mixin.py:149} INFO - [2023-10-28T08:27:20.478+0000] {dagbag.py:541} INFO - Filling up the DagBag from /usr/local/lib/python3.10/dist-packages/airflow/example_dags/example_dag_decorator.py
[2023-10-28T08:27:20.494+0000] {logging_mixin.py:149} INFO - [2023-10-28T08:27:20.493+0000] {taskmixin.py:211} WARNING - Dependency <Task(_PythonDecoratedOperator): prepare_email>, send_email already registered for DAG: example_dag_decorator
[2023-10-28T08:27:20.494+0000] {logging_mixin.py:149} INFO - [2023-10-28T08:27:20.494+0000] {taskmixin.py:211} WARNING - Dependency <Task(EmailOperator): send_email>, prepare_email already registered for DAG: example_dag_decorator
[2023-10-28T08:27:20.514+0000] {processor.py:809} INFO - DAG(s) dict_keys(['example_dag_decorator']) retrieved from /usr/local/lib/python3.10/dist-packages/airflow/example_dags/example_dag_decorator.py
[2023-10-28T08:27:20.708+0000] {logging_mixin.py:149} INFO - [2023-10-28T08:27:20.708+0000] {dag.py:2726} INFO - Sync 1 DAGs
[2023-10-28T08:27:20.780+0000] {logging_mixin.py:149} INFO - [2023-10-28T08:27:20.780+0000] {dag.py:3486} INFO - Setting next_dagrun for example_dag_decorator to None, run_after=None
[2023-10-28T08:27:20.880+0000] {processor.py:178} INFO - Processing /usr/local/lib/python3.10/dist-packages/airflow/example_dags/example_dag_decorator.py took 0.440 seconds
[2023-10-28T08:27:51.073+0000] {processor.py:156} INFO - Started process (PID=1511043) to work on /usr/local/lib/python3.10/dist-packages/airflow/example_dags/example_dag_decorator.py
[2023-10-28T08:27:51.098+0000] {processor.py:799} INFO - Processing file /usr/local/lib/python3.10/dist-packages/airflow/example_dags/example_dag_decorator.py for tasks to queue
[2023-10-28T08:27:51.100+0000] {logging_mixin.py:149} INFO - [2023-10-28T08:27:51.099+0000] {dagbag.py:541} INFO - Filling up the DagBag from /usr/local/lib/python3.10/dist-packages/airflow/example_dags/example_dag_decorator.py
[2023-10-28T08:27:51.116+0000] {logging_mixin.py:149} INFO - [2023-10-28T08:27:51.115+0000] {taskmixin.py:211} WARNING - Dependency <Task(_PythonDecoratedOperator): prepare_email>, send_email already registered for DAG: example_dag_decorator
[2023-10-28T08:27:51.117+0000] {logging_mixin.py:149} INFO - [2023-10-28T08:27:51.117+0000] {taskmixin.py:211} WARNING - Dependency <Task(EmailOperator): send_email>, prepare_email already registered for DAG: example_dag_decorator
[2023-10-28T08:27:51.139+0000] {processor.py:809} INFO - DAG(s) dict_keys(['example_dag_decorator']) retrieved from /usr/local/lib/python3.10/dist-packages/airflow/example_dags/example_dag_decorator.py
[2023-10-28T08:27:51.333+0000] {logging_mixin.py:149} INFO - [2023-10-28T08:27:51.332+0000] {dag.py:2726} INFO - Sync 1 DAGs
[2023-10-28T08:27:51.399+0000] {logging_mixin.py:149} INFO - [2023-10-28T08:27:51.399+0000] {dag.py:3486} INFO - Setting next_dagrun for example_dag_decorator to None, run_after=None
[2023-10-28T08:27:51.508+0000] {processor.py:178} INFO - Processing /usr/local/lib/python3.10/dist-packages/airflow/example_dags/example_dag_decorator.py took 0.442 seconds
[2023-10-28T08:28:21.657+0000] {processor.py:156} INFO - Started process (PID=1511427) to work on /usr/local/lib/python3.10/dist-packages/airflow/example_dags/example_dag_decorator.py
[2023-10-28T08:28:21.659+0000] {processor.py:799} INFO - Processing file /usr/local/lib/python3.10/dist-packages/airflow/example_dags/example_dag_decorator.py for tasks to queue
[2023-10-28T08:28:21.661+0000] {logging_mixin.py:149} INFO - [2023-10-28T08:28:21.661+0000] {dagbag.py:541} INFO - Filling up the DagBag from /usr/local/lib/python3.10/dist-packages/airflow/example_dags/example_dag_decorator.py
[2023-10-28T08:28:21.677+0000] {logging_mixin.py:149} INFO - [2023-10-28T08:28:21.676+0000] {taskmixin.py:211} WARNING - Dependency <Task(_PythonDecoratedOperator): prepare_email>, send_email already registered for DAG: example_dag_decorator
[2023-10-28T08:28:21.678+0000] {logging_mixin.py:149} INFO - [2023-10-28T08:28:21.677+0000] {taskmixin.py:211} WARNING - Dependency <Task(EmailOperator): send_email>, prepare_email already registered for DAG: example_dag_decorator
[2023-10-28T08:28:21.697+0000] {processor.py:809} INFO - DAG(s) dict_keys(['example_dag_decorator']) retrieved from /usr/local/lib/python3.10/dist-packages/airflow/example_dags/example_dag_decorator.py
[2023-10-28T08:28:21.883+0000] {logging_mixin.py:149} INFO - [2023-10-28T08:28:21.883+0000] {dag.py:2726} INFO - Sync 1 DAGs
[2023-10-28T08:28:21.954+0000] {logging_mixin.py:149} INFO - [2023-10-28T08:28:21.953+0000] {dag.py:3486} INFO - Setting next_dagrun for example_dag_decorator to None, run_after=None
[2023-10-28T08:28:22.052+0000] {processor.py:178} INFO - Processing /usr/local/lib/python3.10/dist-packages/airflow/example_dags/example_dag_decorator.py took 0.402 seconds
[2023-10-28T08:28:52.446+0000] {processor.py:156} INFO - Started process (PID=1511785) to work on /usr/local/lib/python3.10/dist-packages/airflow/example_dags/example_dag_decorator.py
[2023-10-28T08:28:52.447+0000] {processor.py:799} INFO - Processing file /usr/local/lib/python3.10/dist-packages/airflow/example_dags/example_dag_decorator.py for tasks to queue
[2023-10-28T08:28:52.449+0000] {logging_mixin.py:149} INFO - [2023-10-28T08:28:52.449+0000] {dagbag.py:541} INFO - Filling up the DagBag from /usr/local/lib/python3.10/dist-packages/airflow/example_dags/example_dag_decorator.py
[2023-10-28T08:28:52.464+0000] {logging_mixin.py:149} INFO - [2023-10-28T08:28:52.463+0000] {taskmixin.py:211} WARNING - Dependency <Task(_PythonDecoratedOperator): prepare_email>, send_email already registered for DAG: example_dag_decorator
[2023-10-28T08:28:52.465+0000] {logging_mixin.py:149} INFO - [2023-10-28T08:28:52.464+0000] {taskmixin.py:211} WARNING - Dependency <Task(EmailOperator): send_email>, prepare_email already registered for DAG: example_dag_decorator
[2023-10-28T08:28:52.484+0000] {processor.py:809} INFO - DAG(s) dict_keys(['example_dag_decorator']) retrieved from /usr/local/lib/python3.10/dist-packages/airflow/example_dags/example_dag_decorator.py
[2023-10-28T08:28:52.696+0000] {logging_mixin.py:149} INFO - [2023-10-28T08:28:52.695+0000] {dag.py:2726} INFO - Sync 1 DAGs
[2023-10-28T08:28:52.771+0000] {logging_mixin.py:149} INFO - [2023-10-28T08:28:52.771+0000] {dag.py:3486} INFO - Setting next_dagrun for example_dag_decorator to None, run_after=None
[2023-10-28T08:28:52.877+0000] {processor.py:178} INFO - Processing /usr/local/lib/python3.10/dist-packages/airflow/example_dags/example_dag_decorator.py took 0.438 seconds
[2023-10-28T08:29:23.150+0000] {processor.py:156} INFO - Started process (PID=1512180) to work on /usr/local/lib/python3.10/dist-packages/airflow/example_dags/example_dag_decorator.py
[2023-10-28T08:29:23.168+0000] {processor.py:799} INFO - Processing file /usr/local/lib/python3.10/dist-packages/airflow/example_dags/example_dag_decorator.py for tasks to queue
[2023-10-28T08:29:23.170+0000] {logging_mixin.py:149} INFO - [2023-10-28T08:29:23.169+0000] {dagbag.py:541} INFO - Filling up the DagBag from /usr/local/lib/python3.10/dist-packages/airflow/example_dags/example_dag_decorator.py
[2023-10-28T08:29:23.186+0000] {logging_mixin.py:149} INFO - [2023-10-28T08:29:23.186+0000] {taskmixin.py:211} WARNING - Dependency <Task(_PythonDecoratedOperator): prepare_email>, send_email already registered for DAG: example_dag_decorator
[2023-10-28T08:29:23.187+0000] {logging_mixin.py:149} INFO - [2023-10-28T08:29:23.187+0000] {taskmixin.py:211} WARNING - Dependency <Task(EmailOperator): send_email>, prepare_email already registered for DAG: example_dag_decorator
[2023-10-28T08:29:23.210+0000] {processor.py:809} INFO - DAG(s) dict_keys(['example_dag_decorator']) retrieved from /usr/local/lib/python3.10/dist-packages/airflow/example_dags/example_dag_decorator.py
[2023-10-28T08:29:23.391+0000] {logging_mixin.py:149} INFO - [2023-10-28T08:29:23.391+0000] {dag.py:2726} INFO - Sync 1 DAGs
[2023-10-28T08:29:23.465+0000] {logging_mixin.py:149} INFO - [2023-10-28T08:29:23.465+0000] {dag.py:3486} INFO - Setting next_dagrun for example_dag_decorator to None, run_after=None
[2023-10-28T08:29:23.570+0000] {processor.py:178} INFO - Processing /usr/local/lib/python3.10/dist-packages/airflow/example_dags/example_dag_decorator.py took 0.428 seconds
[2023-10-28T08:29:54.191+0000] {processor.py:156} INFO - Started process (PID=1512538) to work on /usr/local/lib/python3.10/dist-packages/airflow/example_dags/example_dag_decorator.py
[2023-10-28T08:29:54.225+0000] {processor.py:799} INFO - Processing file /usr/local/lib/python3.10/dist-packages/airflow/example_dags/example_dag_decorator.py for tasks to queue
[2023-10-28T08:29:54.227+0000] {logging_mixin.py:149} INFO - [2023-10-28T08:29:54.226+0000] {dagbag.py:541} INFO - Filling up the DagBag from /usr/local/lib/python3.10/dist-packages/airflow/example_dags/example_dag_decorator.py
[2023-10-28T08:29:54.241+0000] {logging_mixin.py:149} INFO - [2023-10-28T08:29:54.240+0000] {taskmixin.py:211} WARNING - Dependency <Task(_PythonDecoratedOperator): prepare_email>, send_email already registered for DAG: example_dag_decorator
[2023-10-28T08:29:54.241+0000] {logging_mixin.py:149} INFO - [2023-10-28T08:29:54.241+0000] {taskmixin.py:211} WARNING - Dependency <Task(EmailOperator): send_email>, prepare_email already registered for DAG: example_dag_decorator
[2023-10-28T08:29:54.260+0000] {processor.py:809} INFO - DAG(s) dict_keys(['example_dag_decorator']) retrieved from /usr/local/lib/python3.10/dist-packages/airflow/example_dags/example_dag_decorator.py
[2023-10-28T08:29:54.457+0000] {logging_mixin.py:149} INFO - [2023-10-28T08:29:54.457+0000] {dag.py:2726} INFO - Sync 1 DAGs
[2023-10-28T08:29:54.525+0000] {logging_mixin.py:149} INFO - [2023-10-28T08:29:54.524+0000] {dag.py:3486} INFO - Setting next_dagrun for example_dag_decorator to None, run_after=None
[2023-10-28T08:29:54.596+0000] {processor.py:178} INFO - Processing /usr/local/lib/python3.10/dist-packages/airflow/example_dags/example_dag_decorator.py took 0.413 seconds
[2023-10-28T08:30:24.751+0000] {processor.py:156} INFO - Started process (PID=1513117) to work on /usr/local/lib/python3.10/dist-packages/airflow/example_dags/example_dag_decorator.py
[2023-10-28T08:30:24.785+0000] {processor.py:799} INFO - Processing file /usr/local/lib/python3.10/dist-packages/airflow/example_dags/example_dag_decorator.py for tasks to queue
[2023-10-28T08:30:24.787+0000] {logging_mixin.py:149} INFO - [2023-10-28T08:30:24.786+0000] {dagbag.py:541} INFO - Filling up the DagBag from /usr/local/lib/python3.10/dist-packages/airflow/example_dags/example_dag_decorator.py
[2023-10-28T08:30:24.801+0000] {logging_mixin.py:149} INFO - [2023-10-28T08:30:24.801+0000] {taskmixin.py:211} WARNING - Dependency <Task(_PythonDecoratedOperator): prepare_email>, send_email already registered for DAG: example_dag_decorator
[2023-10-28T08:30:24.802+0000] {logging_mixin.py:149} INFO - [2023-10-28T08:30:24.802+0000] {taskmixin.py:211} WARNING - Dependency <Task(EmailOperator): send_email>, prepare_email already registered for DAG: example_dag_decorator
[2023-10-28T08:30:24.821+0000] {processor.py:809} INFO - DAG(s) dict_keys(['example_dag_decorator']) retrieved from /usr/local/lib/python3.10/dist-packages/airflow/example_dags/example_dag_decorator.py
[2023-10-28T08:30:25.009+0000] {logging_mixin.py:149} INFO - [2023-10-28T08:30:25.008+0000] {dag.py:2726} INFO - Sync 1 DAGs
[2023-10-28T08:30:25.081+0000] {logging_mixin.py:149} INFO - [2023-10-28T08:30:25.081+0000] {dag.py:3486} INFO - Setting next_dagrun for example_dag_decorator to None, run_after=None
[2023-10-28T08:30:25.147+0000] {processor.py:178} INFO - Processing /usr/local/lib/python3.10/dist-packages/airflow/example_dags/example_dag_decorator.py took 0.404 seconds
[2023-10-28T08:30:55.211+0000] {processor.py:156} INFO - Started process (PID=1513533) to work on /usr/local/lib/python3.10/dist-packages/airflow/example_dags/example_dag_decorator.py
[2023-10-28T08:30:55.248+0000] {processor.py:799} INFO - Processing file /usr/local/lib/python3.10/dist-packages/airflow/example_dags/example_dag_decorator.py for tasks to queue
[2023-10-28T08:30:55.250+0000] {logging_mixin.py:149} INFO - [2023-10-28T08:30:55.249+0000] {dagbag.py:541} INFO - Filling up the DagBag from /usr/local/lib/python3.10/dist-packages/airflow/example_dags/example_dag_decorator.py
[2023-10-28T08:30:55.268+0000] {logging_mixin.py:149} INFO - [2023-10-28T08:30:55.268+0000] {taskmixin.py:211} WARNING - Dependency <Task(_PythonDecoratedOperator): prepare_email>, send_email already registered for DAG: example_dag_decorator
[2023-10-28T08:30:55.270+0000] {logging_mixin.py:149} INFO - [2023-10-28T08:30:55.269+0000] {taskmixin.py:211} WARNING - Dependency <Task(EmailOperator): send_email>, prepare_email already registered for DAG: example_dag_decorator
[2023-10-28T08:30:55.294+0000] {processor.py:809} INFO - DAG(s) dict_keys(['example_dag_decorator']) retrieved from /usr/local/lib/python3.10/dist-packages/airflow/example_dags/example_dag_decorator.py
[2023-10-28T08:30:55.501+0000] {logging_mixin.py:149} INFO - [2023-10-28T08:30:55.501+0000] {dag.py:2726} INFO - Sync 1 DAGs
[2023-10-28T08:30:55.569+0000] {logging_mixin.py:149} INFO - [2023-10-28T08:30:55.568+0000] {dag.py:3486} INFO - Setting next_dagrun for example_dag_decorator to None, run_after=None
[2023-10-28T08:30:55.691+0000] {processor.py:178} INFO - Processing /usr/local/lib/python3.10/dist-packages/airflow/example_dags/example_dag_decorator.py took 0.487 seconds
[2023-10-28T08:31:26.281+0000] {processor.py:156} INFO - Started process (PID=1514071) to work on /usr/local/lib/python3.10/dist-packages/airflow/example_dags/example_dag_decorator.py
[2023-10-28T08:31:26.317+0000] {processor.py:799} INFO - Processing file /usr/local/lib/python3.10/dist-packages/airflow/example_dags/example_dag_decorator.py for tasks to queue
[2023-10-28T08:31:26.319+0000] {logging_mixin.py:149} INFO - [2023-10-28T08:31:26.319+0000] {dagbag.py:541} INFO - Filling up the DagBag from /usr/local/lib/python3.10/dist-packages/airflow/example_dags/example_dag_decorator.py
[2023-10-28T08:31:26.335+0000] {logging_mixin.py:149} INFO - [2023-10-28T08:31:26.335+0000] {taskmixin.py:211} WARNING - Dependency <Task(_PythonDecoratedOperator): prepare_email>, send_email already registered for DAG: example_dag_decorator
[2023-10-28T08:31:26.336+0000] {logging_mixin.py:149} INFO - [2023-10-28T08:31:26.336+0000] {taskmixin.py:211} WARNING - Dependency <Task(EmailOperator): send_email>, prepare_email already registered for DAG: example_dag_decorator
[2023-10-28T08:31:26.355+0000] {processor.py:809} INFO - DAG(s) dict_keys(['example_dag_decorator']) retrieved from /usr/local/lib/python3.10/dist-packages/airflow/example_dags/example_dag_decorator.py
[2023-10-28T08:31:26.547+0000] {logging_mixin.py:149} INFO - [2023-10-28T08:31:26.547+0000] {dag.py:2726} INFO - Sync 1 DAGs
[2023-10-28T08:31:26.623+0000] {logging_mixin.py:149} INFO - [2023-10-28T08:31:26.623+0000] {dag.py:3486} INFO - Setting next_dagrun for example_dag_decorator to None, run_after=None
[2023-10-28T08:31:26.757+0000] {processor.py:178} INFO - Processing /usr/local/lib/python3.10/dist-packages/airflow/example_dags/example_dag_decorator.py took 0.483 seconds
[2023-10-28T08:31:57.066+0000] {processor.py:156} INFO - Started process (PID=1514724) to work on /usr/local/lib/python3.10/dist-packages/airflow/example_dags/example_dag_decorator.py
[2023-10-28T08:31:57.068+0000] {processor.py:799} INFO - Processing file /usr/local/lib/python3.10/dist-packages/airflow/example_dags/example_dag_decorator.py for tasks to queue
[2023-10-28T08:31:57.070+0000] {logging_mixin.py:149} INFO - [2023-10-28T08:31:57.069+0000] {dagbag.py:541} INFO - Filling up the DagBag from /usr/local/lib/python3.10/dist-packages/airflow/example_dags/example_dag_decorator.py
[2023-10-28T08:31:57.083+0000] {logging_mixin.py:149} INFO - [2023-10-28T08:31:57.083+0000] {taskmixin.py:211} WARNING - Dependency <Task(_PythonDecoratedOperator): prepare_email>, send_email already registered for DAG: example_dag_decorator
[2023-10-28T08:31:57.084+0000] {logging_mixin.py:149} INFO - [2023-10-28T08:31:57.084+0000] {taskmixin.py:211} WARNING - Dependency <Task(EmailOperator): send_email>, prepare_email already registered for DAG: example_dag_decorator
[2023-10-28T08:31:57.102+0000] {processor.py:809} INFO - DAG(s) dict_keys(['example_dag_decorator']) retrieved from /usr/local/lib/python3.10/dist-packages/airflow/example_dags/example_dag_decorator.py
[2023-10-28T08:31:57.285+0000] {logging_mixin.py:149} INFO - [2023-10-28T08:31:57.284+0000] {dag.py:2726} INFO - Sync 1 DAGs
[2023-10-28T08:31:57.355+0000] {logging_mixin.py:149} INFO - [2023-10-28T08:31:57.354+0000] {dag.py:3486} INFO - Setting next_dagrun for example_dag_decorator to None, run_after=None
[2023-10-28T08:31:57.421+0000] {processor.py:178} INFO - Processing /usr/local/lib/python3.10/dist-packages/airflow/example_dags/example_dag_decorator.py took 0.362 seconds
[2023-10-28T08:32:27.630+0000] {processor.py:156} INFO - Started process (PID=1515276) to work on /usr/local/lib/python3.10/dist-packages/airflow/example_dags/example_dag_decorator.py
[2023-10-28T08:32:27.652+0000] {processor.py:799} INFO - Processing file /usr/local/lib/python3.10/dist-packages/airflow/example_dags/example_dag_decorator.py for tasks to queue
[2023-10-28T08:32:27.654+0000] {logging_mixin.py:149} INFO - [2023-10-28T08:32:27.653+0000] {dagbag.py:541} INFO - Filling up the DagBag from /usr/local/lib/python3.10/dist-packages/airflow/example_dags/example_dag_decorator.py
[2023-10-28T08:32:27.671+0000] {logging_mixin.py:149} INFO - [2023-10-28T08:32:27.670+0000] {taskmixin.py:211} WARNING - Dependency <Task(_PythonDecoratedOperator): prepare_email>, send_email already registered for DAG: example_dag_decorator
[2023-10-28T08:32:27.672+0000] {logging_mixin.py:149} INFO - [2023-10-28T08:32:27.671+0000] {taskmixin.py:211} WARNING - Dependency <Task(EmailOperator): send_email>, prepare_email already registered for DAG: example_dag_decorator
[2023-10-28T08:32:27.694+0000] {processor.py:809} INFO - DAG(s) dict_keys(['example_dag_decorator']) retrieved from /usr/local/lib/python3.10/dist-packages/airflow/example_dags/example_dag_decorator.py
[2023-10-28T08:32:27.881+0000] {logging_mixin.py:149} INFO - [2023-10-28T08:32:27.880+0000] {dag.py:2726} INFO - Sync 1 DAGs
[2023-10-28T08:32:27.953+0000] {logging_mixin.py:149} INFO - [2023-10-28T08:32:27.952+0000] {dag.py:3486} INFO - Setting next_dagrun for example_dag_decorator to None, run_after=None
[2023-10-28T08:32:28.051+0000] {processor.py:178} INFO - Processing /usr/local/lib/python3.10/dist-packages/airflow/example_dags/example_dag_decorator.py took 0.428 seconds
[2023-10-28T08:32:59.052+0000] {processor.py:156} INFO - Started process (PID=1515901) to work on /usr/local/lib/python3.10/dist-packages/airflow/example_dags/example_dag_decorator.py
[2023-10-28T08:32:59.076+0000] {processor.py:799} INFO - Processing file /usr/local/lib/python3.10/dist-packages/airflow/example_dags/example_dag_decorator.py for tasks to queue
[2023-10-28T08:32:59.078+0000] {logging_mixin.py:149} INFO - [2023-10-28T08:32:59.077+0000] {dagbag.py:541} INFO - Filling up the DagBag from /usr/local/lib/python3.10/dist-packages/airflow/example_dags/example_dag_decorator.py
[2023-10-28T08:32:59.094+0000] {logging_mixin.py:149} INFO - [2023-10-28T08:32:59.093+0000] {taskmixin.py:211} WARNING - Dependency <Task(_PythonDecoratedOperator): prepare_email>, send_email already registered for DAG: example_dag_decorator
[2023-10-28T08:32:59.095+0000] {logging_mixin.py:149} INFO - [2023-10-28T08:32:59.095+0000] {taskmixin.py:211} WARNING - Dependency <Task(EmailOperator): send_email>, prepare_email already registered for DAG: example_dag_decorator
[2023-10-28T08:32:59.117+0000] {processor.py:809} INFO - DAG(s) dict_keys(['example_dag_decorator']) retrieved from /usr/local/lib/python3.10/dist-packages/airflow/example_dags/example_dag_decorator.py
[2023-10-28T08:32:59.299+0000] {logging_mixin.py:149} INFO - [2023-10-28T08:32:59.299+0000] {dag.py:2726} INFO - Sync 1 DAGs
[2023-10-28T08:32:59.365+0000] {logging_mixin.py:149} INFO - [2023-10-28T08:32:59.364+0000] {dag.py:3486} INFO - Setting next_dagrun for example_dag_decorator to None, run_after=None
[2023-10-28T08:32:59.460+0000] {processor.py:178} INFO - Processing /usr/local/lib/python3.10/dist-packages/airflow/example_dags/example_dag_decorator.py took 0.414 seconds
[2023-10-28T08:33:29.603+0000] {processor.py:156} INFO - Started process (PID=1516284) to work on /usr/local/lib/python3.10/dist-packages/airflow/example_dags/example_dag_decorator.py
[2023-10-28T08:33:29.605+0000] {processor.py:799} INFO - Processing file /usr/local/lib/python3.10/dist-packages/airflow/example_dags/example_dag_decorator.py for tasks to queue
[2023-10-28T08:33:29.607+0000] {logging_mixin.py:149} INFO - [2023-10-28T08:33:29.606+0000] {dagbag.py:541} INFO - Filling up the DagBag from /usr/local/lib/python3.10/dist-packages/airflow/example_dags/example_dag_decorator.py
[2023-10-28T08:33:29.622+0000] {logging_mixin.py:149} INFO - [2023-10-28T08:33:29.621+0000] {taskmixin.py:211} WARNING - Dependency <Task(_PythonDecoratedOperator): prepare_email>, send_email already registered for DAG: example_dag_decorator
[2023-10-28T08:33:29.623+0000] {logging_mixin.py:149} INFO - [2023-10-28T08:33:29.623+0000] {taskmixin.py:211} WARNING - Dependency <Task(EmailOperator): send_email>, prepare_email already registered for DAG: example_dag_decorator
[2023-10-28T08:33:29.644+0000] {processor.py:809} INFO - DAG(s) dict_keys(['example_dag_decorator']) retrieved from /usr/local/lib/python3.10/dist-packages/airflow/example_dags/example_dag_decorator.py
[2023-10-28T08:33:29.831+0000] {logging_mixin.py:149} INFO - [2023-10-28T08:33:29.831+0000] {dag.py:2726} INFO - Sync 1 DAGs
[2023-10-28T08:33:29.901+0000] {logging_mixin.py:149} INFO - [2023-10-28T08:33:29.900+0000] {dag.py:3486} INFO - Setting next_dagrun for example_dag_decorator to None, run_after=None
[2023-10-28T08:33:30.000+0000] {processor.py:178} INFO - Processing /usr/local/lib/python3.10/dist-packages/airflow/example_dags/example_dag_decorator.py took 0.404 seconds
[2023-10-28T08:34:00.108+0000] {processor.py:156} INFO - Started process (PID=1516641) to work on /usr/local/lib/python3.10/dist-packages/airflow/example_dags/example_dag_decorator.py
[2023-10-28T08:34:00.130+0000] {processor.py:799} INFO - Processing file /usr/local/lib/python3.10/dist-packages/airflow/example_dags/example_dag_decorator.py for tasks to queue
[2023-10-28T08:34:00.132+0000] {logging_mixin.py:149} INFO - [2023-10-28T08:34:00.131+0000] {dagbag.py:541} INFO - Filling up the DagBag from /usr/local/lib/python3.10/dist-packages/airflow/example_dags/example_dag_decorator.py
[2023-10-28T08:34:00.147+0000] {logging_mixin.py:149} INFO - [2023-10-28T08:34:00.146+0000] {taskmixin.py:211} WARNING - Dependency <Task(_PythonDecoratedOperator): prepare_email>, send_email already registered for DAG: example_dag_decorator
[2023-10-28T08:34:00.147+0000] {logging_mixin.py:149} INFO - [2023-10-28T08:34:00.147+0000] {taskmixin.py:211} WARNING - Dependency <Task(EmailOperator): send_email>, prepare_email already registered for DAG: example_dag_decorator
[2023-10-28T08:34:00.167+0000] {processor.py:809} INFO - DAG(s) dict_keys(['example_dag_decorator']) retrieved from /usr/local/lib/python3.10/dist-packages/airflow/example_dags/example_dag_decorator.py
[2023-10-28T08:34:00.355+0000] {logging_mixin.py:149} INFO - [2023-10-28T08:34:00.354+0000] {dag.py:2726} INFO - Sync 1 DAGs
[2023-10-28T08:34:00.429+0000] {logging_mixin.py:149} INFO - [2023-10-28T08:34:00.429+0000] {dag.py:3486} INFO - Setting next_dagrun for example_dag_decorator to None, run_after=None
[2023-10-28T08:34:00.532+0000] {processor.py:178} INFO - Processing /usr/local/lib/python3.10/dist-packages/airflow/example_dags/example_dag_decorator.py took 0.432 seconds
[2023-10-28T08:34:30.736+0000] {processor.py:156} INFO - Started process (PID=1517038) to work on /usr/local/lib/python3.10/dist-packages/airflow/example_dags/example_dag_decorator.py
[2023-10-28T08:34:30.763+0000] {processor.py:799} INFO - Processing file /usr/local/lib/python3.10/dist-packages/airflow/example_dags/example_dag_decorator.py for tasks to queue
[2023-10-28T08:34:30.765+0000] {logging_mixin.py:149} INFO - [2023-10-28T08:34:30.764+0000] {dagbag.py:541} INFO - Filling up the DagBag from /usr/local/lib/python3.10/dist-packages/airflow/example_dags/example_dag_decorator.py
[2023-10-28T08:34:30.779+0000] {logging_mixin.py:149} INFO - [2023-10-28T08:34:30.779+0000] {taskmixin.py:211} WARNING - Dependency <Task(_PythonDecoratedOperator): prepare_email>, send_email already registered for DAG: example_dag_decorator
[2023-10-28T08:34:30.780+0000] {logging_mixin.py:149} INFO - [2023-10-28T08:34:30.780+0000] {taskmixin.py:211} WARNING - Dependency <Task(EmailOperator): send_email>, prepare_email already registered for DAG: example_dag_decorator
[2023-10-28T08:34:30.800+0000] {processor.py:809} INFO - DAG(s) dict_keys(['example_dag_decorator']) retrieved from /usr/local/lib/python3.10/dist-packages/airflow/example_dags/example_dag_decorator.py
[2023-10-28T08:34:30.999+0000] {logging_mixin.py:149} INFO - [2023-10-28T08:34:30.999+0000] {dag.py:2726} INFO - Sync 1 DAGs
[2023-10-28T08:34:31.066+0000] {logging_mixin.py:149} INFO - [2023-10-28T08:34:31.065+0000] {dag.py:3486} INFO - Setting next_dagrun for example_dag_decorator to None, run_after=None
[2023-10-28T08:34:31.175+0000] {processor.py:178} INFO - Processing /usr/local/lib/python3.10/dist-packages/airflow/example_dags/example_dag_decorator.py took 0.447 seconds
[2023-10-28T08:35:01.309+0000] {processor.py:156} INFO - Started process (PID=1517396) to work on /usr/local/lib/python3.10/dist-packages/airflow/example_dags/example_dag_decorator.py
[2023-10-28T08:35:01.341+0000] {processor.py:799} INFO - Processing file /usr/local/lib/python3.10/dist-packages/airflow/example_dags/example_dag_decorator.py for tasks to queue
[2023-10-28T08:35:01.343+0000] {logging_mixin.py:149} INFO - [2023-10-28T08:35:01.342+0000] {dagbag.py:541} INFO - Filling up the DagBag from /usr/local/lib/python3.10/dist-packages/airflow/example_dags/example_dag_decorator.py
[2023-10-28T08:35:01.357+0000] {logging_mixin.py:149} INFO - [2023-10-28T08:35:01.357+0000] {taskmixin.py:211} WARNING - Dependency <Task(_PythonDecoratedOperator): prepare_email>, send_email already registered for DAG: example_dag_decorator
[2023-10-28T08:35:01.358+0000] {logging_mixin.py:149} INFO - [2023-10-28T08:35:01.357+0000] {taskmixin.py:211} WARNING - Dependency <Task(EmailOperator): send_email>, prepare_email already registered for DAG: example_dag_decorator
[2023-10-28T08:35:01.377+0000] {processor.py:809} INFO - DAG(s) dict_keys(['example_dag_decorator']) retrieved from /usr/local/lib/python3.10/dist-packages/airflow/example_dags/example_dag_decorator.py
[2023-10-28T08:35:01.595+0000] {logging_mixin.py:149} INFO - [2023-10-28T08:35:01.595+0000] {dag.py:2726} INFO - Sync 1 DAGs
[2023-10-28T08:35:01.676+0000] {logging_mixin.py:149} INFO - [2023-10-28T08:35:01.675+0000] {dag.py:3486} INFO - Setting next_dagrun for example_dag_decorator to None, run_after=None
[2023-10-28T08:35:01.787+0000] {processor.py:178} INFO - Processing /usr/local/lib/python3.10/dist-packages/airflow/example_dags/example_dag_decorator.py took 0.485 seconds
[2023-10-28T08:35:32.299+0000] {processor.py:156} INFO - Started process (PID=1517996) to work on /usr/local/lib/python3.10/dist-packages/airflow/example_dags/example_dag_decorator.py
[2023-10-28T08:35:32.320+0000] {processor.py:799} INFO - Processing file /usr/local/lib/python3.10/dist-packages/airflow/example_dags/example_dag_decorator.py for tasks to queue
[2023-10-28T08:35:32.322+0000] {logging_mixin.py:149} INFO - [2023-10-28T08:35:32.322+0000] {dagbag.py:541} INFO - Filling up the DagBag from /usr/local/lib/python3.10/dist-packages/airflow/example_dags/example_dag_decorator.py
[2023-10-28T08:35:32.339+0000] {logging_mixin.py:149} INFO - [2023-10-28T08:35:32.338+0000] {taskmixin.py:211} WARNING - Dependency <Task(_PythonDecoratedOperator): prepare_email>, send_email already registered for DAG: example_dag_decorator
[2023-10-28T08:35:32.340+0000] {logging_mixin.py:149} INFO - [2023-10-28T08:35:32.339+0000] {taskmixin.py:211} WARNING - Dependency <Task(EmailOperator): send_email>, prepare_email already registered for DAG: example_dag_decorator
[2023-10-28T08:35:32.363+0000] {processor.py:809} INFO - DAG(s) dict_keys(['example_dag_decorator']) retrieved from /usr/local/lib/python3.10/dist-packages/airflow/example_dags/example_dag_decorator.py
[2023-10-28T08:35:32.556+0000] {logging_mixin.py:149} INFO - [2023-10-28T08:35:32.555+0000] {dag.py:2726} INFO - Sync 1 DAGs
[2023-10-28T08:35:32.628+0000] {logging_mixin.py:149} INFO - [2023-10-28T08:35:32.627+0000] {dag.py:3486} INFO - Setting next_dagrun for example_dag_decorator to None, run_after=None
[2023-10-28T08:35:32.733+0000] {processor.py:178} INFO - Processing /usr/local/lib/python3.10/dist-packages/airflow/example_dags/example_dag_decorator.py took 0.442 seconds
[2023-10-28T08:36:02.905+0000] {processor.py:156} INFO - Started process (PID=1518437) to work on /usr/local/lib/python3.10/dist-packages/airflow/example_dags/example_dag_decorator.py
[2023-10-28T08:36:02.942+0000] {processor.py:799} INFO - Processing file /usr/local/lib/python3.10/dist-packages/airflow/example_dags/example_dag_decorator.py for tasks to queue
[2023-10-28T08:36:02.944+0000] {logging_mixin.py:149} INFO - [2023-10-28T08:36:02.943+0000] {dagbag.py:541} INFO - Filling up the DagBag from /usr/local/lib/python3.10/dist-packages/airflow/example_dags/example_dag_decorator.py
[2023-10-28T08:36:02.959+0000] {logging_mixin.py:149} INFO - [2023-10-28T08:36:02.958+0000] {taskmixin.py:211} WARNING - Dependency <Task(_PythonDecoratedOperator): prepare_email>, send_email already registered for DAG: example_dag_decorator
[2023-10-28T08:36:02.959+0000] {logging_mixin.py:149} INFO - [2023-10-28T08:36:02.959+0000] {taskmixin.py:211} WARNING - Dependency <Task(EmailOperator): send_email>, prepare_email already registered for DAG: example_dag_decorator
[2023-10-28T08:36:02.979+0000] {processor.py:809} INFO - DAG(s) dict_keys(['example_dag_decorator']) retrieved from /usr/local/lib/python3.10/dist-packages/airflow/example_dags/example_dag_decorator.py
[2023-10-28T08:36:03.188+0000] {logging_mixin.py:149} INFO - [2023-10-28T08:36:03.187+0000] {dag.py:2726} INFO - Sync 1 DAGs
[2023-10-28T08:36:03.261+0000] {logging_mixin.py:149} INFO - [2023-10-28T08:36:03.261+0000] {dag.py:3486} INFO - Setting next_dagrun for example_dag_decorator to None, run_after=None
[2023-10-28T08:36:03.369+0000] {processor.py:178} INFO - Processing /usr/local/lib/python3.10/dist-packages/airflow/example_dags/example_dag_decorator.py took 0.472 seconds
[2023-10-28T08:36:33.863+0000] {processor.py:156} INFO - Started process (PID=1518792) to work on /usr/local/lib/python3.10/dist-packages/airflow/example_dags/example_dag_decorator.py
[2023-10-28T08:36:33.893+0000] {processor.py:799} INFO - Processing file /usr/local/lib/python3.10/dist-packages/airflow/example_dags/example_dag_decorator.py for tasks to queue
[2023-10-28T08:36:33.895+0000] {logging_mixin.py:149} INFO - [2023-10-28T08:36:33.894+0000] {dagbag.py:541} INFO - Filling up the DagBag from /usr/local/lib/python3.10/dist-packages/airflow/example_dags/example_dag_decorator.py
[2023-10-28T08:36:33.910+0000] {logging_mixin.py:149} INFO - [2023-10-28T08:36:33.909+0000] {taskmixin.py:211} WARNING - Dependency <Task(_PythonDecoratedOperator): prepare_email>, send_email already registered for DAG: example_dag_decorator
[2023-10-28T08:36:33.911+0000] {logging_mixin.py:149} INFO - [2023-10-28T08:36:33.910+0000] {taskmixin.py:211} WARNING - Dependency <Task(EmailOperator): send_email>, prepare_email already registered for DAG: example_dag_decorator
[2023-10-28T08:36:33.930+0000] {processor.py:809} INFO - DAG(s) dict_keys(['example_dag_decorator']) retrieved from /usr/local/lib/python3.10/dist-packages/airflow/example_dags/example_dag_decorator.py
[2023-10-28T08:36:34.142+0000] {logging_mixin.py:149} INFO - [2023-10-28T08:36:34.141+0000] {dag.py:2726} INFO - Sync 1 DAGs
[2023-10-28T08:36:34.218+0000] {logging_mixin.py:149} INFO - [2023-10-28T08:36:34.217+0000] {dag.py:3486} INFO - Setting next_dagrun for example_dag_decorator to None, run_after=None
[2023-10-28T08:36:34.317+0000] {processor.py:178} INFO - Processing /usr/local/lib/python3.10/dist-packages/airflow/example_dags/example_dag_decorator.py took 0.461 seconds
[2023-10-28T08:37:04.880+0000] {processor.py:156} INFO - Started process (PID=1519296) to work on /usr/local/lib/python3.10/dist-packages/airflow/example_dags/example_dag_decorator.py
[2023-10-28T08:37:04.882+0000] {processor.py:799} INFO - Processing file /usr/local/lib/python3.10/dist-packages/airflow/example_dags/example_dag_decorator.py for tasks to queue
[2023-10-28T08:37:04.884+0000] {logging_mixin.py:149} INFO - [2023-10-28T08:37:04.883+0000] {dagbag.py:541} INFO - Filling up the DagBag from /usr/local/lib/python3.10/dist-packages/airflow/example_dags/example_dag_decorator.py
[2023-10-28T08:37:04.898+0000] {logging_mixin.py:149} INFO - [2023-10-28T08:37:04.897+0000] {taskmixin.py:211} WARNING - Dependency <Task(_PythonDecoratedOperator): prepare_email>, send_email already registered for DAG: example_dag_decorator
[2023-10-28T08:37:04.899+0000] {logging_mixin.py:149} INFO - [2023-10-28T08:37:04.898+0000] {taskmixin.py:211} WARNING - Dependency <Task(EmailOperator): send_email>, prepare_email already registered for DAG: example_dag_decorator
[2023-10-28T08:37:04.920+0000] {processor.py:809} INFO - DAG(s) dict_keys(['example_dag_decorator']) retrieved from /usr/local/lib/python3.10/dist-packages/airflow/example_dags/example_dag_decorator.py
[2023-10-28T08:37:05.133+0000] {logging_mixin.py:149} INFO - [2023-10-28T08:37:05.133+0000] {dag.py:2726} INFO - Sync 1 DAGs
[2023-10-28T08:37:05.210+0000] {logging_mixin.py:149} INFO - [2023-10-28T08:37:05.209+0000] {dag.py:3486} INFO - Setting next_dagrun for example_dag_decorator to None, run_after=None
[2023-10-28T08:37:05.279+0000] {processor.py:178} INFO - Processing /usr/local/lib/python3.10/dist-packages/airflow/example_dags/example_dag_decorator.py took 0.406 seconds
[2023-10-28T08:37:35.540+0000] {processor.py:156} INFO - Started process (PID=1519648) to work on /usr/local/lib/python3.10/dist-packages/airflow/example_dags/example_dag_decorator.py
[2023-10-28T08:37:35.569+0000] {processor.py:799} INFO - Processing file /usr/local/lib/python3.10/dist-packages/airflow/example_dags/example_dag_decorator.py for tasks to queue
[2023-10-28T08:37:35.571+0000] {logging_mixin.py:149} INFO - [2023-10-28T08:37:35.571+0000] {dagbag.py:541} INFO - Filling up the DagBag from /usr/local/lib/python3.10/dist-packages/airflow/example_dags/example_dag_decorator.py
[2023-10-28T08:37:35.585+0000] {logging_mixin.py:149} INFO - [2023-10-28T08:37:35.585+0000] {taskmixin.py:211} WARNING - Dependency <Task(_PythonDecoratedOperator): prepare_email>, send_email already registered for DAG: example_dag_decorator
[2023-10-28T08:37:35.586+0000] {logging_mixin.py:149} INFO - [2023-10-28T08:37:35.586+0000] {taskmixin.py:211} WARNING - Dependency <Task(EmailOperator): send_email>, prepare_email already registered for DAG: example_dag_decorator
[2023-10-28T08:37:35.605+0000] {processor.py:809} INFO - DAG(s) dict_keys(['example_dag_decorator']) retrieved from /usr/local/lib/python3.10/dist-packages/airflow/example_dags/example_dag_decorator.py
[2023-10-28T08:37:35.794+0000] {logging_mixin.py:149} INFO - [2023-10-28T08:37:35.794+0000] {dag.py:2726} INFO - Sync 1 DAGs
[2023-10-28T08:37:35.860+0000] {logging_mixin.py:149} INFO - [2023-10-28T08:37:35.859+0000] {dag.py:3486} INFO - Setting next_dagrun for example_dag_decorator to None, run_after=None
[2023-10-28T08:37:35.964+0000] {processor.py:178} INFO - Processing /usr/local/lib/python3.10/dist-packages/airflow/example_dags/example_dag_decorator.py took 0.431 seconds
[2023-10-28T08:38:06.455+0000] {processor.py:156} INFO - Started process (PID=1520095) to work on /usr/local/lib/python3.10/dist-packages/airflow/example_dags/example_dag_decorator.py
[2023-10-28T08:38:06.457+0000] {processor.py:799} INFO - Processing file /usr/local/lib/python3.10/dist-packages/airflow/example_dags/example_dag_decorator.py for tasks to queue
[2023-10-28T08:38:06.458+0000] {logging_mixin.py:149} INFO - [2023-10-28T08:38:06.458+0000] {dagbag.py:541} INFO - Filling up the DagBag from /usr/local/lib/python3.10/dist-packages/airflow/example_dags/example_dag_decorator.py
[2023-10-28T08:38:06.473+0000] {logging_mixin.py:149} INFO - [2023-10-28T08:38:06.472+0000] {taskmixin.py:211} WARNING - Dependency <Task(_PythonDecoratedOperator): prepare_email>, send_email already registered for DAG: example_dag_decorator
[2023-10-28T08:38:06.473+0000] {logging_mixin.py:149} INFO - [2023-10-28T08:38:06.473+0000] {taskmixin.py:211} WARNING - Dependency <Task(EmailOperator): send_email>, prepare_email already registered for DAG: example_dag_decorator
[2023-10-28T08:38:06.494+0000] {processor.py:809} INFO - DAG(s) dict_keys(['example_dag_decorator']) retrieved from /usr/local/lib/python3.10/dist-packages/airflow/example_dags/example_dag_decorator.py
[2023-10-28T08:38:06.686+0000] {logging_mixin.py:149} INFO - [2023-10-28T08:38:06.685+0000] {dag.py:2726} INFO - Sync 1 DAGs
[2023-10-28T08:38:06.756+0000] {logging_mixin.py:149} INFO - [2023-10-28T08:38:06.755+0000] {dag.py:3486} INFO - Setting next_dagrun for example_dag_decorator to None, run_after=None
[2023-10-28T08:38:06.861+0000] {processor.py:178} INFO - Processing /usr/local/lib/python3.10/dist-packages/airflow/example_dags/example_dag_decorator.py took 0.413 seconds
[2023-10-28T08:38:37.235+0000] {processor.py:156} INFO - Started process (PID=1520583) to work on /usr/local/lib/python3.10/dist-packages/airflow/example_dags/example_dag_decorator.py
[2023-10-28T08:38:37.277+0000] {processor.py:799} INFO - Processing file /usr/local/lib/python3.10/dist-packages/airflow/example_dags/example_dag_decorator.py for tasks to queue
[2023-10-28T08:38:37.279+0000] {logging_mixin.py:149} INFO - [2023-10-28T08:38:37.279+0000] {dagbag.py:541} INFO - Filling up the DagBag from /usr/local/lib/python3.10/dist-packages/airflow/example_dags/example_dag_decorator.py
[2023-10-28T08:38:37.296+0000] {logging_mixin.py:149} INFO - [2023-10-28T08:38:37.296+0000] {taskmixin.py:211} WARNING - Dependency <Task(_PythonDecoratedOperator): prepare_email>, send_email already registered for DAG: example_dag_decorator
[2023-10-28T08:38:37.297+0000] {logging_mixin.py:149} INFO - [2023-10-28T08:38:37.297+0000] {taskmixin.py:211} WARNING - Dependency <Task(EmailOperator): send_email>, prepare_email already registered for DAG: example_dag_decorator
[2023-10-28T08:38:37.319+0000] {processor.py:809} INFO - DAG(s) dict_keys(['example_dag_decorator']) retrieved from /usr/local/lib/python3.10/dist-packages/airflow/example_dags/example_dag_decorator.py
[2023-10-28T08:38:37.522+0000] {logging_mixin.py:149} INFO - [2023-10-28T08:38:37.522+0000] {dag.py:2726} INFO - Sync 1 DAGs
[2023-10-28T08:38:37.597+0000] {logging_mixin.py:149} INFO - [2023-10-28T08:38:37.597+0000] {dag.py:3486} INFO - Setting next_dagrun for example_dag_decorator to None, run_after=None
[2023-10-28T08:38:37.699+0000] {processor.py:178} INFO - Processing /usr/local/lib/python3.10/dist-packages/airflow/example_dags/example_dag_decorator.py took 0.473 seconds
[2023-10-28T08:39:07.827+0000] {processor.py:156} INFO - Started process (PID=1521198) to work on /usr/local/lib/python3.10/dist-packages/airflow/example_dags/example_dag_decorator.py
[2023-10-28T08:39:07.829+0000] {processor.py:799} INFO - Processing file /usr/local/lib/python3.10/dist-packages/airflow/example_dags/example_dag_decorator.py for tasks to queue
[2023-10-28T08:39:07.831+0000] {logging_mixin.py:149} INFO - [2023-10-28T08:39:07.830+0000] {dagbag.py:541} INFO - Filling up the DagBag from /usr/local/lib/python3.10/dist-packages/airflow/example_dags/example_dag_decorator.py
[2023-10-28T08:39:07.845+0000] {logging_mixin.py:149} INFO - [2023-10-28T08:39:07.845+0000] {taskmixin.py:211} WARNING - Dependency <Task(_PythonDecoratedOperator): prepare_email>, send_email already registered for DAG: example_dag_decorator
[2023-10-28T08:39:07.846+0000] {logging_mixin.py:149} INFO - [2023-10-28T08:39:07.846+0000] {taskmixin.py:211} WARNING - Dependency <Task(EmailOperator): send_email>, prepare_email already registered for DAG: example_dag_decorator
[2023-10-28T08:39:07.868+0000] {processor.py:809} INFO - DAG(s) dict_keys(['example_dag_decorator']) retrieved from /usr/local/lib/python3.10/dist-packages/airflow/example_dags/example_dag_decorator.py
[2023-10-28T08:39:08.053+0000] {logging_mixin.py:149} INFO - [2023-10-28T08:39:08.053+0000] {dag.py:2726} INFO - Sync 1 DAGs
[2023-10-28T08:39:08.130+0000] {logging_mixin.py:149} INFO - [2023-10-28T08:39:08.129+0000] {dag.py:3486} INFO - Setting next_dagrun for example_dag_decorator to None, run_after=None
[2023-10-28T08:39:08.204+0000] {processor.py:178} INFO - Processing /usr/local/lib/python3.10/dist-packages/airflow/example_dags/example_dag_decorator.py took 0.384 seconds
[2023-10-28T08:39:38.480+0000] {processor.py:156} INFO - Started process (PID=1521601) to work on /usr/local/lib/python3.10/dist-packages/airflow/example_dags/example_dag_decorator.py
[2023-10-28T08:39:38.509+0000] {processor.py:799} INFO - Processing file /usr/local/lib/python3.10/dist-packages/airflow/example_dags/example_dag_decorator.py for tasks to queue
[2023-10-28T08:39:38.511+0000] {logging_mixin.py:149} INFO - [2023-10-28T08:39:38.511+0000] {dagbag.py:541} INFO - Filling up the DagBag from /usr/local/lib/python3.10/dist-packages/airflow/example_dags/example_dag_decorator.py
[2023-10-28T08:39:38.525+0000] {logging_mixin.py:149} INFO - [2023-10-28T08:39:38.525+0000] {taskmixin.py:211} WARNING - Dependency <Task(_PythonDecoratedOperator): prepare_email>, send_email already registered for DAG: example_dag_decorator
[2023-10-28T08:39:38.526+0000] {logging_mixin.py:149} INFO - [2023-10-28T08:39:38.526+0000] {taskmixin.py:211} WARNING - Dependency <Task(EmailOperator): send_email>, prepare_email already registered for DAG: example_dag_decorator
[2023-10-28T08:39:38.545+0000] {processor.py:809} INFO - DAG(s) dict_keys(['example_dag_decorator']) retrieved from /usr/local/lib/python3.10/dist-packages/airflow/example_dags/example_dag_decorator.py
[2023-10-28T08:39:38.742+0000] {logging_mixin.py:149} INFO - [2023-10-28T08:39:38.741+0000] {dag.py:2726} INFO - Sync 1 DAGs
[2023-10-28T08:39:38.820+0000] {logging_mixin.py:149} INFO - [2023-10-28T08:39:38.819+0000] {dag.py:3486} INFO - Setting next_dagrun for example_dag_decorator to None, run_after=None
[2023-10-28T08:39:38.920+0000] {processor.py:178} INFO - Processing /usr/local/lib/python3.10/dist-packages/airflow/example_dags/example_dag_decorator.py took 0.447 seconds
