[2023-10-28T07:57:15.857+0000] {processor.py:156} INFO - Started process (PID=1491478) to work on /usr/local/lib/python3.10/dist-packages/airflow/example_dags/example_trigger_controller_dag.py
[2023-10-28T07:57:15.859+0000] {processor.py:799} INFO - Processing file /usr/local/lib/python3.10/dist-packages/airflow/example_dags/example_trigger_controller_dag.py for tasks to queue
[2023-10-28T07:57:15.861+0000] {logging_mixin.py:149} INFO - [2023-10-28T07:57:15.861+0000] {dagbag.py:541} INFO - Filling up the DagBag from /usr/local/lib/python3.10/dist-packages/airflow/example_dags/example_trigger_controller_dag.py
[2023-10-28T07:57:15.876+0000] {processor.py:809} INFO - DAG(s) dict_keys(['example_trigger_controller_dag']) retrieved from /usr/local/lib/python3.10/dist-packages/airflow/example_dags/example_trigger_controller_dag.py
[2023-10-28T07:57:16.393+0000] {logging_mixin.py:149} INFO - [2023-10-28T07:57:16.392+0000] {manager.py:504} INFO - Created Permission View: can read on DAG:example_trigger_controller_dag
[2023-10-28T07:57:16.421+0000] {logging_mixin.py:149} INFO - [2023-10-28T07:57:16.420+0000] {manager.py:504} INFO - Created Permission View: can edit on DAG:example_trigger_controller_dag
[2023-10-28T07:57:16.444+0000] {logging_mixin.py:149} INFO - [2023-10-28T07:57:16.443+0000] {manager.py:504} INFO - Created Permission View: can delete on DAG:example_trigger_controller_dag
[2023-10-28T07:57:16.445+0000] {logging_mixin.py:149} INFO - [2023-10-28T07:57:16.445+0000] {dag.py:2726} INFO - Sync 1 DAGs
[2023-10-28T07:57:16.473+0000] {logging_mixin.py:149} INFO - [2023-10-28T07:57:16.472+0000] {dag.py:2747} INFO - Creating ORM DAG for example_trigger_controller_dag
[2023-10-28T07:57:16.497+0000] {logging_mixin.py:149} INFO - [2023-10-28T07:57:16.496+0000] {dag.py:3486} INFO - Setting next_dagrun for example_trigger_controller_dag to 2021-01-01T00:00:00+00:00, run_after=2021-01-01T00:00:00+00:00
[2023-10-28T07:57:16.603+0000] {processor.py:178} INFO - Processing /usr/local/lib/python3.10/dist-packages/airflow/example_dags/example_trigger_controller_dag.py took 0.753 seconds
[2023-10-28T07:58:29.466+0000] {processor.py:156} INFO - Started process (PID=1491926) to work on /usr/local/lib/python3.10/dist-packages/airflow/example_dags/example_trigger_controller_dag.py
[2023-10-28T07:58:29.469+0000] {processor.py:799} INFO - Processing file /usr/local/lib/python3.10/dist-packages/airflow/example_dags/example_trigger_controller_dag.py for tasks to queue
[2023-10-28T07:58:29.471+0000] {logging_mixin.py:149} INFO - [2023-10-28T07:58:29.470+0000] {dagbag.py:541} INFO - Filling up the DagBag from /usr/local/lib/python3.10/dist-packages/airflow/example_dags/example_trigger_controller_dag.py
[2023-10-28T07:58:29.482+0000] {processor.py:809} INFO - DAG(s) dict_keys(['example_trigger_controller_dag']) retrieved from /usr/local/lib/python3.10/dist-packages/airflow/example_dags/example_trigger_controller_dag.py
[2023-10-28T07:58:29.754+0000] {logging_mixin.py:149} INFO - [2023-10-28T07:58:29.754+0000] {dag.py:2726} INFO - Sync 1 DAGs
[2023-10-28T07:58:29.818+0000] {logging_mixin.py:149} INFO - [2023-10-28T07:58:29.818+0000] {dag.py:3486} INFO - Setting next_dagrun for example_trigger_controller_dag to 2021-01-01T00:00:00+00:00, run_after=2021-01-01T00:00:00+00:00
[2023-10-28T07:58:29.895+0000] {processor.py:178} INFO - Processing /usr/local/lib/python3.10/dist-packages/airflow/example_dags/example_trigger_controller_dag.py took 0.436 seconds
[2023-10-28T07:59:32.428+0000] {processor.py:156} INFO - Started process (PID=1492406) to work on /usr/local/lib/python3.10/dist-packages/airflow/example_dags/example_trigger_controller_dag.py
[2023-10-28T07:59:32.466+0000] {processor.py:799} INFO - Processing file /usr/local/lib/python3.10/dist-packages/airflow/example_dags/example_trigger_controller_dag.py for tasks to queue
[2023-10-28T07:59:32.468+0000] {logging_mixin.py:149} INFO - [2023-10-28T07:59:32.467+0000] {dagbag.py:541} INFO - Filling up the DagBag from /usr/local/lib/python3.10/dist-packages/airflow/example_dags/example_trigger_controller_dag.py
[2023-10-28T07:59:32.478+0000] {processor.py:809} INFO - DAG(s) dict_keys(['example_trigger_controller_dag']) retrieved from /usr/local/lib/python3.10/dist-packages/airflow/example_dags/example_trigger_controller_dag.py
[2023-10-28T07:59:32.527+0000] {logging_mixin.py:149} INFO - [2023-10-28T07:59:32.526+0000] {dag.py:2726} INFO - Sync 1 DAGs
[2023-10-28T07:59:32.585+0000] {logging_mixin.py:149} INFO - [2023-10-28T07:59:32.584+0000] {dag.py:3486} INFO - Setting next_dagrun for example_trigger_controller_dag to 2021-01-01T00:00:00+00:00, run_after=2021-01-01T00:00:00+00:00
[2023-10-28T07:59:32.676+0000] {processor.py:178} INFO - Processing /usr/local/lib/python3.10/dist-packages/airflow/example_dags/example_trigger_controller_dag.py took 0.255 seconds
[2023-10-28T08:15:20.993+0000] {processor.py:156} INFO - Started process (PID=1497708) to work on /usr/local/lib/python3.10/dist-packages/airflow/example_dags/example_trigger_controller_dag.py
[2023-10-28T08:15:21.033+0000] {processor.py:799} INFO - Processing file /usr/local/lib/python3.10/dist-packages/airflow/example_dags/example_trigger_controller_dag.py for tasks to queue
[2023-10-28T08:15:21.035+0000] {logging_mixin.py:149} INFO - [2023-10-28T08:15:21.035+0000] {dagbag.py:541} INFO - Filling up the DagBag from /usr/local/lib/python3.10/dist-packages/airflow/example_dags/example_trigger_controller_dag.py
[2023-10-28T08:15:21.050+0000] {processor.py:809} INFO - DAG(s) dict_keys(['example_trigger_controller_dag']) retrieved from /usr/local/lib/python3.10/dist-packages/airflow/example_dags/example_trigger_controller_dag.py
[2023-10-28T08:15:21.641+0000] {logging_mixin.py:149} INFO - [2023-10-28T08:15:21.640+0000] {manager.py:504} INFO - Created Permission View: can read on DAG:example_trigger_controller_dag
[2023-10-28T08:15:21.671+0000] {logging_mixin.py:149} INFO - [2023-10-28T08:15:21.670+0000] {manager.py:504} INFO - Created Permission View: can delete on DAG:example_trigger_controller_dag
[2023-10-28T08:15:21.695+0000] {logging_mixin.py:149} INFO - [2023-10-28T08:15:21.695+0000] {manager.py:504} INFO - Created Permission View: can edit on DAG:example_trigger_controller_dag
[2023-10-28T08:15:21.696+0000] {logging_mixin.py:149} INFO - [2023-10-28T08:15:21.696+0000] {dag.py:2726} INFO - Sync 1 DAGs
[2023-10-28T08:15:21.735+0000] {logging_mixin.py:149} INFO - [2023-10-28T08:15:21.735+0000] {dag.py:2747} INFO - Creating ORM DAG for example_trigger_controller_dag
[2023-10-28T08:15:21.767+0000] {logging_mixin.py:149} INFO - [2023-10-28T08:15:21.767+0000] {dag.py:3486} INFO - Setting next_dagrun for example_trigger_controller_dag to 2021-01-01T00:00:00+00:00, run_after=2021-01-01T00:00:00+00:00
[2023-10-28T08:15:21.825+0000] {processor.py:178} INFO - Processing /usr/local/lib/python3.10/dist-packages/airflow/example_dags/example_trigger_controller_dag.py took 0.839 seconds
[2023-10-28T08:15:52.125+0000] {processor.py:156} INFO - Started process (PID=1498590) to work on /usr/local/lib/python3.10/dist-packages/airflow/example_dags/example_trigger_controller_dag.py
[2023-10-28T08:15:52.165+0000] {processor.py:799} INFO - Processing file /usr/local/lib/python3.10/dist-packages/airflow/example_dags/example_trigger_controller_dag.py for tasks to queue
[2023-10-28T08:15:52.167+0000] {logging_mixin.py:149} INFO - [2023-10-28T08:15:52.167+0000] {dagbag.py:541} INFO - Filling up the DagBag from /usr/local/lib/python3.10/dist-packages/airflow/example_dags/example_trigger_controller_dag.py
[2023-10-28T08:15:52.177+0000] {processor.py:809} INFO - DAG(s) dict_keys(['example_trigger_controller_dag']) retrieved from /usr/local/lib/python3.10/dist-packages/airflow/example_dags/example_trigger_controller_dag.py
[2023-10-28T08:15:52.254+0000] {logging_mixin.py:149} INFO - [2023-10-28T08:15:52.253+0000] {dag.py:2726} INFO - Sync 1 DAGs
[2023-10-28T08:15:52.326+0000] {logging_mixin.py:149} INFO - [2023-10-28T08:15:52.326+0000] {dag.py:3486} INFO - Setting next_dagrun for example_trigger_controller_dag to 2021-01-01T00:00:00+00:00, run_after=2021-01-01T00:00:00+00:00
[2023-10-28T08:15:52.394+0000] {processor.py:178} INFO - Processing /usr/local/lib/python3.10/dist-packages/airflow/example_dags/example_trigger_controller_dag.py took 0.277 seconds
[2023-10-28T08:16:23.283+0000] {processor.py:156} INFO - Started process (PID=1499927) to work on /usr/local/lib/python3.10/dist-packages/airflow/example_dags/example_trigger_controller_dag.py
[2023-10-28T08:16:23.330+0000] {processor.py:799} INFO - Processing file /usr/local/lib/python3.10/dist-packages/airflow/example_dags/example_trigger_controller_dag.py for tasks to queue
[2023-10-28T08:16:23.332+0000] {logging_mixin.py:149} INFO - [2023-10-28T08:16:23.332+0000] {dagbag.py:541} INFO - Filling up the DagBag from /usr/local/lib/python3.10/dist-packages/airflow/example_dags/example_trigger_controller_dag.py
[2023-10-28T08:16:23.341+0000] {processor.py:809} INFO - DAG(s) dict_keys(['example_trigger_controller_dag']) retrieved from /usr/local/lib/python3.10/dist-packages/airflow/example_dags/example_trigger_controller_dag.py
[2023-10-28T08:16:23.420+0000] {logging_mixin.py:149} INFO - [2023-10-28T08:16:23.419+0000] {dag.py:2726} INFO - Sync 1 DAGs
[2023-10-28T08:16:23.493+0000] {logging_mixin.py:149} INFO - [2023-10-28T08:16:23.492+0000] {dag.py:3486} INFO - Setting next_dagrun for example_trigger_controller_dag to 2021-01-01T00:00:00+00:00, run_after=2021-01-01T00:00:00+00:00
[2023-10-28T08:16:23.605+0000] {processor.py:178} INFO - Processing /usr/local/lib/python3.10/dist-packages/airflow/example_dags/example_trigger_controller_dag.py took 0.329 seconds
[2023-10-28T08:16:53.684+0000] {processor.py:156} INFO - Started process (PID=1500547) to work on /usr/local/lib/python3.10/dist-packages/airflow/example_dags/example_trigger_controller_dag.py
[2023-10-28T08:16:53.686+0000] {processor.py:799} INFO - Processing file /usr/local/lib/python3.10/dist-packages/airflow/example_dags/example_trigger_controller_dag.py for tasks to queue
[2023-10-28T08:16:53.688+0000] {logging_mixin.py:149} INFO - [2023-10-28T08:16:53.687+0000] {dagbag.py:541} INFO - Filling up the DagBag from /usr/local/lib/python3.10/dist-packages/airflow/example_dags/example_trigger_controller_dag.py
[2023-10-28T08:16:53.698+0000] {processor.py:809} INFO - DAG(s) dict_keys(['example_trigger_controller_dag']) retrieved from /usr/local/lib/python3.10/dist-packages/airflow/example_dags/example_trigger_controller_dag.py
[2023-10-28T08:16:53.778+0000] {logging_mixin.py:149} INFO - [2023-10-28T08:16:53.778+0000] {dag.py:2726} INFO - Sync 1 DAGs
[2023-10-28T08:16:53.859+0000] {logging_mixin.py:149} INFO - [2023-10-28T08:16:53.859+0000] {dag.py:3486} INFO - Setting next_dagrun for example_trigger_controller_dag to 2021-01-01T00:00:00+00:00, run_after=2021-01-01T00:00:00+00:00
[2023-10-28T08:16:53.924+0000] {processor.py:178} INFO - Processing /usr/local/lib/python3.10/dist-packages/airflow/example_dags/example_trigger_controller_dag.py took 0.247 seconds
[2023-10-28T08:17:24.717+0000] {processor.py:156} INFO - Started process (PID=1501060) to work on /usr/local/lib/python3.10/dist-packages/airflow/example_dags/example_trigger_controller_dag.py
[2023-10-28T08:17:24.756+0000] {processor.py:799} INFO - Processing file /usr/local/lib/python3.10/dist-packages/airflow/example_dags/example_trigger_controller_dag.py for tasks to queue
[2023-10-28T08:17:24.758+0000] {logging_mixin.py:149} INFO - [2023-10-28T08:17:24.758+0000] {dagbag.py:541} INFO - Filling up the DagBag from /usr/local/lib/python3.10/dist-packages/airflow/example_dags/example_trigger_controller_dag.py
[2023-10-28T08:17:24.768+0000] {processor.py:809} INFO - DAG(s) dict_keys(['example_trigger_controller_dag']) retrieved from /usr/local/lib/python3.10/dist-packages/airflow/example_dags/example_trigger_controller_dag.py
[2023-10-28T08:17:24.845+0000] {logging_mixin.py:149} INFO - [2023-10-28T08:17:24.845+0000] {dag.py:2726} INFO - Sync 1 DAGs
[2023-10-28T08:17:24.919+0000] {logging_mixin.py:149} INFO - [2023-10-28T08:17:24.919+0000] {dag.py:3486} INFO - Setting next_dagrun for example_trigger_controller_dag to 2021-01-01T00:00:00+00:00, run_after=2021-01-01T00:00:00+00:00
[2023-10-28T08:17:25.028+0000] {processor.py:178} INFO - Processing /usr/local/lib/python3.10/dist-packages/airflow/example_dags/example_trigger_controller_dag.py took 0.318 seconds
[2023-10-28T08:17:55.725+0000] {processor.py:156} INFO - Started process (PID=1501419) to work on /usr/local/lib/python3.10/dist-packages/airflow/example_dags/example_trigger_controller_dag.py
[2023-10-28T08:17:55.760+0000] {processor.py:799} INFO - Processing file /usr/local/lib/python3.10/dist-packages/airflow/example_dags/example_trigger_controller_dag.py for tasks to queue
[2023-10-28T08:17:55.762+0000] {logging_mixin.py:149} INFO - [2023-10-28T08:17:55.762+0000] {dagbag.py:541} INFO - Filling up the DagBag from /usr/local/lib/python3.10/dist-packages/airflow/example_dags/example_trigger_controller_dag.py
[2023-10-28T08:17:55.771+0000] {processor.py:809} INFO - DAG(s) dict_keys(['example_trigger_controller_dag']) retrieved from /usr/local/lib/python3.10/dist-packages/airflow/example_dags/example_trigger_controller_dag.py
[2023-10-28T08:17:55.851+0000] {logging_mixin.py:149} INFO - [2023-10-28T08:17:55.850+0000] {dag.py:2726} INFO - Sync 1 DAGs
[2023-10-28T08:17:55.924+0000] {logging_mixin.py:149} INFO - [2023-10-28T08:17:55.923+0000] {dag.py:3486} INFO - Setting next_dagrun for example_trigger_controller_dag to 2021-01-01T00:00:00+00:00, run_after=2021-01-01T00:00:00+00:00
[2023-10-28T08:17:56.035+0000] {processor.py:178} INFO - Processing /usr/local/lib/python3.10/dist-packages/airflow/example_dags/example_trigger_controller_dag.py took 0.318 seconds
[2023-10-28T08:18:26.340+0000] {processor.py:156} INFO - Started process (PID=1501798) to work on /usr/local/lib/python3.10/dist-packages/airflow/example_dags/example_trigger_controller_dag.py
[2023-10-28T08:18:26.378+0000] {processor.py:799} INFO - Processing file /usr/local/lib/python3.10/dist-packages/airflow/example_dags/example_trigger_controller_dag.py for tasks to queue
[2023-10-28T08:18:26.380+0000] {logging_mixin.py:149} INFO - [2023-10-28T08:18:26.380+0000] {dagbag.py:541} INFO - Filling up the DagBag from /usr/local/lib/python3.10/dist-packages/airflow/example_dags/example_trigger_controller_dag.py
[2023-10-28T08:18:26.390+0000] {processor.py:809} INFO - DAG(s) dict_keys(['example_trigger_controller_dag']) retrieved from /usr/local/lib/python3.10/dist-packages/airflow/example_dags/example_trigger_controller_dag.py
[2023-10-28T08:18:26.472+0000] {logging_mixin.py:149} INFO - [2023-10-28T08:18:26.472+0000] {dag.py:2726} INFO - Sync 1 DAGs
[2023-10-28T08:18:26.558+0000] {logging_mixin.py:149} INFO - [2023-10-28T08:18:26.557+0000] {dag.py:3486} INFO - Setting next_dagrun for example_trigger_controller_dag to 2021-01-01T00:00:00+00:00, run_after=2021-01-01T00:00:00+00:00
[2023-10-28T08:18:26.649+0000] {processor.py:178} INFO - Processing /usr/local/lib/python3.10/dist-packages/airflow/example_dags/example_trigger_controller_dag.py took 0.316 seconds
[2023-10-28T08:18:56.885+0000] {processor.py:156} INFO - Started process (PID=1502150) to work on /usr/local/lib/python3.10/dist-packages/airflow/example_dags/example_trigger_controller_dag.py
[2023-10-28T08:18:56.887+0000] {processor.py:799} INFO - Processing file /usr/local/lib/python3.10/dist-packages/airflow/example_dags/example_trigger_controller_dag.py for tasks to queue
[2023-10-28T08:18:56.889+0000] {logging_mixin.py:149} INFO - [2023-10-28T08:18:56.889+0000] {dagbag.py:541} INFO - Filling up the DagBag from /usr/local/lib/python3.10/dist-packages/airflow/example_dags/example_trigger_controller_dag.py
[2023-10-28T08:18:56.900+0000] {processor.py:809} INFO - DAG(s) dict_keys(['example_trigger_controller_dag']) retrieved from /usr/local/lib/python3.10/dist-packages/airflow/example_dags/example_trigger_controller_dag.py
[2023-10-28T08:18:56.972+0000] {logging_mixin.py:149} INFO - [2023-10-28T08:18:56.972+0000] {dag.py:2726} INFO - Sync 1 DAGs
[2023-10-28T08:18:57.044+0000] {logging_mixin.py:149} INFO - [2023-10-28T08:18:57.044+0000] {dag.py:3486} INFO - Setting next_dagrun for example_trigger_controller_dag to 2021-01-01T00:00:00+00:00, run_after=2021-01-01T00:00:00+00:00
[2023-10-28T08:18:57.146+0000] {processor.py:178} INFO - Processing /usr/local/lib/python3.10/dist-packages/airflow/example_dags/example_trigger_controller_dag.py took 0.269 seconds
[2023-10-28T08:19:27.580+0000] {processor.py:156} INFO - Started process (PID=1502547) to work on /usr/local/lib/python3.10/dist-packages/airflow/example_dags/example_trigger_controller_dag.py
[2023-10-28T08:19:27.636+0000] {processor.py:799} INFO - Processing file /usr/local/lib/python3.10/dist-packages/airflow/example_dags/example_trigger_controller_dag.py for tasks to queue
[2023-10-28T08:19:27.638+0000] {logging_mixin.py:149} INFO - [2023-10-28T08:19:27.638+0000] {dagbag.py:541} INFO - Filling up the DagBag from /usr/local/lib/python3.10/dist-packages/airflow/example_dags/example_trigger_controller_dag.py
[2023-10-28T08:19:27.648+0000] {processor.py:809} INFO - DAG(s) dict_keys(['example_trigger_controller_dag']) retrieved from /usr/local/lib/python3.10/dist-packages/airflow/example_dags/example_trigger_controller_dag.py
[2023-10-28T08:19:27.724+0000] {logging_mixin.py:149} INFO - [2023-10-28T08:19:27.723+0000] {dag.py:2726} INFO - Sync 1 DAGs
[2023-10-28T08:19:27.802+0000] {logging_mixin.py:149} INFO - [2023-10-28T08:19:27.801+0000] {dag.py:3486} INFO - Setting next_dagrun for example_trigger_controller_dag to 2021-01-01T00:00:00+00:00, run_after=2021-01-01T00:00:00+00:00
[2023-10-28T08:19:27.902+0000] {processor.py:178} INFO - Processing /usr/local/lib/python3.10/dist-packages/airflow/example_dags/example_trigger_controller_dag.py took 0.328 seconds
[2023-10-28T08:19:58.066+0000] {processor.py:156} INFO - Started process (PID=1502901) to work on /usr/local/lib/python3.10/dist-packages/airflow/example_dags/example_trigger_controller_dag.py
[2023-10-28T08:19:58.069+0000] {processor.py:799} INFO - Processing file /usr/local/lib/python3.10/dist-packages/airflow/example_dags/example_trigger_controller_dag.py for tasks to queue
[2023-10-28T08:19:58.072+0000] {logging_mixin.py:149} INFO - [2023-10-28T08:19:58.071+0000] {dagbag.py:541} INFO - Filling up the DagBag from /usr/local/lib/python3.10/dist-packages/airflow/example_dags/example_trigger_controller_dag.py
[2023-10-28T08:19:58.082+0000] {processor.py:809} INFO - DAG(s) dict_keys(['example_trigger_controller_dag']) retrieved from /usr/local/lib/python3.10/dist-packages/airflow/example_dags/example_trigger_controller_dag.py
[2023-10-28T08:19:58.158+0000] {logging_mixin.py:149} INFO - [2023-10-28T08:19:58.158+0000] {dag.py:2726} INFO - Sync 1 DAGs
[2023-10-28T08:19:58.234+0000] {logging_mixin.py:149} INFO - [2023-10-28T08:19:58.233+0000] {dag.py:3486} INFO - Setting next_dagrun for example_trigger_controller_dag to 2021-01-01T00:00:00+00:00, run_after=2021-01-01T00:00:00+00:00
[2023-10-28T08:19:58.337+0000] {processor.py:178} INFO - Processing /usr/local/lib/python3.10/dist-packages/airflow/example_dags/example_trigger_controller_dag.py took 0.279 seconds
[2023-10-28T08:20:28.819+0000] {processor.py:156} INFO - Started process (PID=1503417) to work on /usr/local/lib/python3.10/dist-packages/airflow/example_dags/example_trigger_controller_dag.py
[2023-10-28T08:20:28.860+0000] {processor.py:799} INFO - Processing file /usr/local/lib/python3.10/dist-packages/airflow/example_dags/example_trigger_controller_dag.py for tasks to queue
[2023-10-28T08:20:28.862+0000] {logging_mixin.py:149} INFO - [2023-10-28T08:20:28.861+0000] {dagbag.py:541} INFO - Filling up the DagBag from /usr/local/lib/python3.10/dist-packages/airflow/example_dags/example_trigger_controller_dag.py
[2023-10-28T08:20:28.872+0000] {processor.py:809} INFO - DAG(s) dict_keys(['example_trigger_controller_dag']) retrieved from /usr/local/lib/python3.10/dist-packages/airflow/example_dags/example_trigger_controller_dag.py
[2023-10-28T08:20:28.955+0000] {logging_mixin.py:149} INFO - [2023-10-28T08:20:28.955+0000] {dag.py:2726} INFO - Sync 1 DAGs
[2023-10-28T08:20:29.033+0000] {logging_mixin.py:149} INFO - [2023-10-28T08:20:29.033+0000] {dag.py:3486} INFO - Setting next_dagrun for example_trigger_controller_dag to 2021-01-01T00:00:00+00:00, run_after=2021-01-01T00:00:00+00:00
[2023-10-28T08:20:29.141+0000] {processor.py:178} INFO - Processing /usr/local/lib/python3.10/dist-packages/airflow/example_dags/example_trigger_controller_dag.py took 0.329 seconds
[2023-10-28T08:20:59.593+0000] {processor.py:156} INFO - Started process (PID=1503808) to work on /usr/local/lib/python3.10/dist-packages/airflow/example_dags/example_trigger_controller_dag.py
[2023-10-28T08:20:59.634+0000] {processor.py:799} INFO - Processing file /usr/local/lib/python3.10/dist-packages/airflow/example_dags/example_trigger_controller_dag.py for tasks to queue
[2023-10-28T08:20:59.636+0000] {logging_mixin.py:149} INFO - [2023-10-28T08:20:59.636+0000] {dagbag.py:541} INFO - Filling up the DagBag from /usr/local/lib/python3.10/dist-packages/airflow/example_dags/example_trigger_controller_dag.py
[2023-10-28T08:20:59.646+0000] {processor.py:809} INFO - DAG(s) dict_keys(['example_trigger_controller_dag']) retrieved from /usr/local/lib/python3.10/dist-packages/airflow/example_dags/example_trigger_controller_dag.py
[2023-10-28T08:20:59.734+0000] {logging_mixin.py:149} INFO - [2023-10-28T08:20:59.733+0000] {dag.py:2726} INFO - Sync 1 DAGs
[2023-10-28T08:20:59.810+0000] {logging_mixin.py:149} INFO - [2023-10-28T08:20:59.809+0000] {dag.py:3486} INFO - Setting next_dagrun for example_trigger_controller_dag to 2021-01-01T00:00:00+00:00, run_after=2021-01-01T00:00:00+00:00
[2023-10-28T08:20:59.922+0000] {processor.py:178} INFO - Processing /usr/local/lib/python3.10/dist-packages/airflow/example_dags/example_trigger_controller_dag.py took 0.336 seconds
[2023-10-28T08:21:30.086+0000] {processor.py:156} INFO - Started process (PID=1504426) to work on /usr/local/lib/python3.10/dist-packages/airflow/example_dags/example_trigger_controller_dag.py
[2023-10-28T08:21:30.088+0000] {processor.py:799} INFO - Processing file /usr/local/lib/python3.10/dist-packages/airflow/example_dags/example_trigger_controller_dag.py for tasks to queue
[2023-10-28T08:21:30.090+0000] {logging_mixin.py:149} INFO - [2023-10-28T08:21:30.089+0000] {dagbag.py:541} INFO - Filling up the DagBag from /usr/local/lib/python3.10/dist-packages/airflow/example_dags/example_trigger_controller_dag.py
[2023-10-28T08:21:30.099+0000] {processor.py:809} INFO - DAG(s) dict_keys(['example_trigger_controller_dag']) retrieved from /usr/local/lib/python3.10/dist-packages/airflow/example_dags/example_trigger_controller_dag.py
[2023-10-28T08:21:30.173+0000] {logging_mixin.py:149} INFO - [2023-10-28T08:21:30.172+0000] {dag.py:2726} INFO - Sync 1 DAGs
[2023-10-28T08:21:30.248+0000] {logging_mixin.py:149} INFO - [2023-10-28T08:21:30.247+0000] {dag.py:3486} INFO - Setting next_dagrun for example_trigger_controller_dag to 2021-01-01T00:00:00+00:00, run_after=2021-01-01T00:00:00+00:00
[2023-10-28T08:21:30.312+0000] {processor.py:178} INFO - Processing /usr/local/lib/python3.10/dist-packages/airflow/example_dags/example_trigger_controller_dag.py took 0.233 seconds
[2023-10-28T08:22:01.180+0000] {processor.py:156} INFO - Started process (PID=1505252) to work on /usr/local/lib/python3.10/dist-packages/airflow/example_dags/example_trigger_controller_dag.py
[2023-10-28T08:22:01.220+0000] {processor.py:799} INFO - Processing file /usr/local/lib/python3.10/dist-packages/airflow/example_dags/example_trigger_controller_dag.py for tasks to queue
[2023-10-28T08:22:01.222+0000] {logging_mixin.py:149} INFO - [2023-10-28T08:22:01.221+0000] {dagbag.py:541} INFO - Filling up the DagBag from /usr/local/lib/python3.10/dist-packages/airflow/example_dags/example_trigger_controller_dag.py
[2023-10-28T08:22:01.231+0000] {processor.py:809} INFO - DAG(s) dict_keys(['example_trigger_controller_dag']) retrieved from /usr/local/lib/python3.10/dist-packages/airflow/example_dags/example_trigger_controller_dag.py
[2023-10-28T08:22:01.317+0000] {logging_mixin.py:149} INFO - [2023-10-28T08:22:01.317+0000] {dag.py:2726} INFO - Sync 1 DAGs
[2023-10-28T08:22:01.395+0000] {logging_mixin.py:149} INFO - [2023-10-28T08:22:01.395+0000] {dag.py:3486} INFO - Setting next_dagrun for example_trigger_controller_dag to 2021-01-01T00:00:00+00:00, run_after=2021-01-01T00:00:00+00:00
[2023-10-28T08:22:01.492+0000] {processor.py:178} INFO - Processing /usr/local/lib/python3.10/dist-packages/airflow/example_dags/example_trigger_controller_dag.py took 0.320 seconds
[2023-10-28T08:22:31.625+0000] {processor.py:156} INFO - Started process (PID=1505779) to work on /usr/local/lib/python3.10/dist-packages/airflow/example_dags/example_trigger_controller_dag.py
[2023-10-28T08:22:31.661+0000] {processor.py:799} INFO - Processing file /usr/local/lib/python3.10/dist-packages/airflow/example_dags/example_trigger_controller_dag.py for tasks to queue
[2023-10-28T08:22:31.663+0000] {logging_mixin.py:149} INFO - [2023-10-28T08:22:31.662+0000] {dagbag.py:541} INFO - Filling up the DagBag from /usr/local/lib/python3.10/dist-packages/airflow/example_dags/example_trigger_controller_dag.py
[2023-10-28T08:22:31.673+0000] {processor.py:809} INFO - DAG(s) dict_keys(['example_trigger_controller_dag']) retrieved from /usr/local/lib/python3.10/dist-packages/airflow/example_dags/example_trigger_controller_dag.py
[2023-10-28T08:22:31.764+0000] {logging_mixin.py:149} INFO - [2023-10-28T08:22:31.764+0000] {dag.py:2726} INFO - Sync 1 DAGs
[2023-10-28T08:22:31.846+0000] {logging_mixin.py:149} INFO - [2023-10-28T08:22:31.846+0000] {dag.py:3486} INFO - Setting next_dagrun for example_trigger_controller_dag to 2021-01-01T00:00:00+00:00, run_after=2021-01-01T00:00:00+00:00
[2023-10-28T08:22:31.974+0000] {processor.py:178} INFO - Processing /usr/local/lib/python3.10/dist-packages/airflow/example_dags/example_trigger_controller_dag.py took 0.358 seconds
[2023-10-28T08:23:02.051+0000] {processor.py:156} INFO - Started process (PID=1506279) to work on /usr/local/lib/python3.10/dist-packages/airflow/example_dags/example_trigger_controller_dag.py
[2023-10-28T08:23:02.088+0000] {processor.py:799} INFO - Processing file /usr/local/lib/python3.10/dist-packages/airflow/example_dags/example_trigger_controller_dag.py for tasks to queue
[2023-10-28T08:23:02.090+0000] {logging_mixin.py:149} INFO - [2023-10-28T08:23:02.090+0000] {dagbag.py:541} INFO - Filling up the DagBag from /usr/local/lib/python3.10/dist-packages/airflow/example_dags/example_trigger_controller_dag.py
[2023-10-28T08:23:02.100+0000] {processor.py:809} INFO - DAG(s) dict_keys(['example_trigger_controller_dag']) retrieved from /usr/local/lib/python3.10/dist-packages/airflow/example_dags/example_trigger_controller_dag.py
[2023-10-28T08:23:02.185+0000] {logging_mixin.py:149} INFO - [2023-10-28T08:23:02.184+0000] {dag.py:2726} INFO - Sync 1 DAGs
[2023-10-28T08:23:02.267+0000] {logging_mixin.py:149} INFO - [2023-10-28T08:23:02.266+0000] {dag.py:3486} INFO - Setting next_dagrun for example_trigger_controller_dag to 2021-01-01T00:00:00+00:00, run_after=2021-01-01T00:00:00+00:00
[2023-10-28T08:23:02.360+0000] {processor.py:178} INFO - Processing /usr/local/lib/python3.10/dist-packages/airflow/example_dags/example_trigger_controller_dag.py took 0.316 seconds
[2023-10-28T08:23:32.540+0000] {processor.py:156} INFO - Started process (PID=1506752) to work on /usr/local/lib/python3.10/dist-packages/airflow/example_dags/example_trigger_controller_dag.py
[2023-10-28T08:23:32.542+0000] {processor.py:799} INFO - Processing file /usr/local/lib/python3.10/dist-packages/airflow/example_dags/example_trigger_controller_dag.py for tasks to queue
[2023-10-28T08:23:32.544+0000] {logging_mixin.py:149} INFO - [2023-10-28T08:23:32.543+0000] {dagbag.py:541} INFO - Filling up the DagBag from /usr/local/lib/python3.10/dist-packages/airflow/example_dags/example_trigger_controller_dag.py
[2023-10-28T08:23:32.555+0000] {processor.py:809} INFO - DAG(s) dict_keys(['example_trigger_controller_dag']) retrieved from /usr/local/lib/python3.10/dist-packages/airflow/example_dags/example_trigger_controller_dag.py
[2023-10-28T08:23:32.636+0000] {logging_mixin.py:149} INFO - [2023-10-28T08:23:32.635+0000] {dag.py:2726} INFO - Sync 1 DAGs
[2023-10-28T08:23:32.713+0000] {logging_mixin.py:149} INFO - [2023-10-28T08:23:32.713+0000] {dag.py:3486} INFO - Setting next_dagrun for example_trigger_controller_dag to 2021-01-01T00:00:00+00:00, run_after=2021-01-01T00:00:00+00:00
[2023-10-28T08:23:32.822+0000] {processor.py:178} INFO - Processing /usr/local/lib/python3.10/dist-packages/airflow/example_dags/example_trigger_controller_dag.py took 0.291 seconds
[2023-10-28T08:24:03.464+0000] {processor.py:156} INFO - Started process (PID=1507314) to work on /usr/local/lib/python3.10/dist-packages/airflow/example_dags/example_trigger_controller_dag.py
[2023-10-28T08:24:03.466+0000] {processor.py:799} INFO - Processing file /usr/local/lib/python3.10/dist-packages/airflow/example_dags/example_trigger_controller_dag.py for tasks to queue
[2023-10-28T08:24:03.468+0000] {logging_mixin.py:149} INFO - [2023-10-28T08:24:03.468+0000] {dagbag.py:541} INFO - Filling up the DagBag from /usr/local/lib/python3.10/dist-packages/airflow/example_dags/example_trigger_controller_dag.py
[2023-10-28T08:24:03.479+0000] {processor.py:809} INFO - DAG(s) dict_keys(['example_trigger_controller_dag']) retrieved from /usr/local/lib/python3.10/dist-packages/airflow/example_dags/example_trigger_controller_dag.py
[2023-10-28T08:24:03.561+0000] {logging_mixin.py:149} INFO - [2023-10-28T08:24:03.560+0000] {dag.py:2726} INFO - Sync 1 DAGs
[2023-10-28T08:24:03.634+0000] {logging_mixin.py:149} INFO - [2023-10-28T08:24:03.634+0000] {dag.py:3486} INFO - Setting next_dagrun for example_trigger_controller_dag to 2021-01-01T00:00:00+00:00, run_after=2021-01-01T00:00:00+00:00
[2023-10-28T08:24:03.740+0000] {processor.py:178} INFO - Processing /usr/local/lib/python3.10/dist-packages/airflow/example_dags/example_trigger_controller_dag.py took 0.284 seconds
[2023-10-28T08:24:34.398+0000] {processor.py:156} INFO - Started process (PID=1507922) to work on /usr/local/lib/python3.10/dist-packages/airflow/example_dags/example_trigger_controller_dag.py
[2023-10-28T08:24:34.401+0000] {processor.py:799} INFO - Processing file /usr/local/lib/python3.10/dist-packages/airflow/example_dags/example_trigger_controller_dag.py for tasks to queue
[2023-10-28T08:24:34.403+0000] {logging_mixin.py:149} INFO - [2023-10-28T08:24:34.403+0000] {dagbag.py:541} INFO - Filling up the DagBag from /usr/local/lib/python3.10/dist-packages/airflow/example_dags/example_trigger_controller_dag.py
[2023-10-28T08:24:34.413+0000] {processor.py:809} INFO - DAG(s) dict_keys(['example_trigger_controller_dag']) retrieved from /usr/local/lib/python3.10/dist-packages/airflow/example_dags/example_trigger_controller_dag.py
[2023-10-28T08:24:34.488+0000] {logging_mixin.py:149} INFO - [2023-10-28T08:24:34.487+0000] {dag.py:2726} INFO - Sync 1 DAGs
[2023-10-28T08:24:34.563+0000] {logging_mixin.py:149} INFO - [2023-10-28T08:24:34.563+0000] {dag.py:3486} INFO - Setting next_dagrun for example_trigger_controller_dag to 2021-01-01T00:00:00+00:00, run_after=2021-01-01T00:00:00+00:00
[2023-10-28T08:24:34.662+0000] {processor.py:178} INFO - Processing /usr/local/lib/python3.10/dist-packages/airflow/example_dags/example_trigger_controller_dag.py took 0.271 seconds
[2023-10-28T08:25:04.878+0000] {processor.py:156} INFO - Started process (PID=1508349) to work on /usr/local/lib/python3.10/dist-packages/airflow/example_dags/example_trigger_controller_dag.py
[2023-10-28T08:25:04.912+0000] {processor.py:799} INFO - Processing file /usr/local/lib/python3.10/dist-packages/airflow/example_dags/example_trigger_controller_dag.py for tasks to queue
[2023-10-28T08:25:04.914+0000] {logging_mixin.py:149} INFO - [2023-10-28T08:25:04.913+0000] {dagbag.py:541} INFO - Filling up the DagBag from /usr/local/lib/python3.10/dist-packages/airflow/example_dags/example_trigger_controller_dag.py
[2023-10-28T08:25:04.924+0000] {processor.py:809} INFO - DAG(s) dict_keys(['example_trigger_controller_dag']) retrieved from /usr/local/lib/python3.10/dist-packages/airflow/example_dags/example_trigger_controller_dag.py
[2023-10-28T08:25:05.001+0000] {logging_mixin.py:149} INFO - [2023-10-28T08:25:05.000+0000] {dag.py:2726} INFO - Sync 1 DAGs
[2023-10-28T08:25:05.073+0000] {logging_mixin.py:149} INFO - [2023-10-28T08:25:05.072+0000] {dag.py:3486} INFO - Setting next_dagrun for example_trigger_controller_dag to 2021-01-01T00:00:00+00:00, run_after=2021-01-01T00:00:00+00:00
[2023-10-28T08:25:05.175+0000] {processor.py:178} INFO - Processing /usr/local/lib/python3.10/dist-packages/airflow/example_dags/example_trigger_controller_dag.py took 0.305 seconds
[2023-10-28T08:25:35.499+0000] {processor.py:156} INFO - Started process (PID=1509163) to work on /usr/local/lib/python3.10/dist-packages/airflow/example_dags/example_trigger_controller_dag.py
[2023-10-28T08:25:35.525+0000] {processor.py:799} INFO - Processing file /usr/local/lib/python3.10/dist-packages/airflow/example_dags/example_trigger_controller_dag.py for tasks to queue
[2023-10-28T08:25:35.527+0000] {logging_mixin.py:149} INFO - [2023-10-28T08:25:35.527+0000] {dagbag.py:541} INFO - Filling up the DagBag from /usr/local/lib/python3.10/dist-packages/airflow/example_dags/example_trigger_controller_dag.py
[2023-10-28T08:25:35.537+0000] {processor.py:809} INFO - DAG(s) dict_keys(['example_trigger_controller_dag']) retrieved from /usr/local/lib/python3.10/dist-packages/airflow/example_dags/example_trigger_controller_dag.py
[2023-10-28T08:25:35.620+0000] {logging_mixin.py:149} INFO - [2023-10-28T08:25:35.619+0000] {dag.py:2726} INFO - Sync 1 DAGs
[2023-10-28T08:25:35.697+0000] {logging_mixin.py:149} INFO - [2023-10-28T08:25:35.696+0000] {dag.py:3486} INFO - Setting next_dagrun for example_trigger_controller_dag to 2021-01-01T00:00:00+00:00, run_after=2021-01-01T00:00:00+00:00
[2023-10-28T08:25:35.802+0000] {processor.py:178} INFO - Processing /usr/local/lib/python3.10/dist-packages/airflow/example_dags/example_trigger_controller_dag.py took 0.310 seconds
[2023-10-28T08:26:06.007+0000] {processor.py:156} INFO - Started process (PID=1509549) to work on /usr/local/lib/python3.10/dist-packages/airflow/example_dags/example_trigger_controller_dag.py
[2023-10-28T08:26:06.042+0000] {processor.py:799} INFO - Processing file /usr/local/lib/python3.10/dist-packages/airflow/example_dags/example_trigger_controller_dag.py for tasks to queue
[2023-10-28T08:26:06.044+0000] {logging_mixin.py:149} INFO - [2023-10-28T08:26:06.044+0000] {dagbag.py:541} INFO - Filling up the DagBag from /usr/local/lib/python3.10/dist-packages/airflow/example_dags/example_trigger_controller_dag.py
[2023-10-28T08:26:06.054+0000] {processor.py:809} INFO - DAG(s) dict_keys(['example_trigger_controller_dag']) retrieved from /usr/local/lib/python3.10/dist-packages/airflow/example_dags/example_trigger_controller_dag.py
[2023-10-28T08:26:06.132+0000] {logging_mixin.py:149} INFO - [2023-10-28T08:26:06.132+0000] {dag.py:2726} INFO - Sync 1 DAGs
[2023-10-28T08:26:06.206+0000] {logging_mixin.py:149} INFO - [2023-10-28T08:26:06.205+0000] {dag.py:3486} INFO - Setting next_dagrun for example_trigger_controller_dag to 2021-01-01T00:00:00+00:00, run_after=2021-01-01T00:00:00+00:00
[2023-10-28T08:26:06.303+0000] {processor.py:178} INFO - Processing /usr/local/lib/python3.10/dist-packages/airflow/example_dags/example_trigger_controller_dag.py took 0.303 seconds
[2023-10-28T08:26:36.581+0000] {processor.py:156} INFO - Started process (PID=1509901) to work on /usr/local/lib/python3.10/dist-packages/airflow/example_dags/example_trigger_controller_dag.py
[2023-10-28T08:26:36.626+0000] {processor.py:799} INFO - Processing file /usr/local/lib/python3.10/dist-packages/airflow/example_dags/example_trigger_controller_dag.py for tasks to queue
[2023-10-28T08:26:36.628+0000] {logging_mixin.py:149} INFO - [2023-10-28T08:26:36.628+0000] {dagbag.py:541} INFO - Filling up the DagBag from /usr/local/lib/python3.10/dist-packages/airflow/example_dags/example_trigger_controller_dag.py
[2023-10-28T08:26:36.638+0000] {processor.py:809} INFO - DAG(s) dict_keys(['example_trigger_controller_dag']) retrieved from /usr/local/lib/python3.10/dist-packages/airflow/example_dags/example_trigger_controller_dag.py
[2023-10-28T08:26:36.713+0000] {logging_mixin.py:149} INFO - [2023-10-28T08:26:36.712+0000] {dag.py:2726} INFO - Sync 1 DAGs
[2023-10-28T08:26:36.792+0000] {logging_mixin.py:149} INFO - [2023-10-28T08:26:36.791+0000] {dag.py:3486} INFO - Setting next_dagrun for example_trigger_controller_dag to 2021-01-01T00:00:00+00:00, run_after=2021-01-01T00:00:00+00:00
[2023-10-28T08:26:36.894+0000] {processor.py:178} INFO - Processing /usr/local/lib/python3.10/dist-packages/airflow/example_dags/example_trigger_controller_dag.py took 0.320 seconds
[2023-10-28T08:27:06.969+0000] {processor.py:156} INFO - Started process (PID=1510404) to work on /usr/local/lib/python3.10/dist-packages/airflow/example_dags/example_trigger_controller_dag.py
[2023-10-28T08:27:06.971+0000] {processor.py:799} INFO - Processing file /usr/local/lib/python3.10/dist-packages/airflow/example_dags/example_trigger_controller_dag.py for tasks to queue
[2023-10-28T08:27:06.973+0000] {logging_mixin.py:149} INFO - [2023-10-28T08:27:06.973+0000] {dagbag.py:541} INFO - Filling up the DagBag from /usr/local/lib/python3.10/dist-packages/airflow/example_dags/example_trigger_controller_dag.py
[2023-10-28T08:27:06.983+0000] {processor.py:809} INFO - DAG(s) dict_keys(['example_trigger_controller_dag']) retrieved from /usr/local/lib/python3.10/dist-packages/airflow/example_dags/example_trigger_controller_dag.py
[2023-10-28T08:27:07.065+0000] {logging_mixin.py:149} INFO - [2023-10-28T08:27:07.065+0000] {dag.py:2726} INFO - Sync 1 DAGs
[2023-10-28T08:27:07.141+0000] {logging_mixin.py:149} INFO - [2023-10-28T08:27:07.140+0000] {dag.py:3486} INFO - Setting next_dagrun for example_trigger_controller_dag to 2021-01-01T00:00:00+00:00, run_after=2021-01-01T00:00:00+00:00
[2023-10-28T08:27:07.208+0000] {processor.py:178} INFO - Processing /usr/local/lib/python3.10/dist-packages/airflow/example_dags/example_trigger_controller_dag.py took 0.246 seconds
[2023-10-28T08:27:38.224+0000] {processor.py:156} INFO - Started process (PID=1510854) to work on /usr/local/lib/python3.10/dist-packages/airflow/example_dags/example_trigger_controller_dag.py
[2023-10-28T08:27:38.265+0000] {processor.py:799} INFO - Processing file /usr/local/lib/python3.10/dist-packages/airflow/example_dags/example_trigger_controller_dag.py for tasks to queue
[2023-10-28T08:27:38.267+0000] {logging_mixin.py:149} INFO - [2023-10-28T08:27:38.267+0000] {dagbag.py:541} INFO - Filling up the DagBag from /usr/local/lib/python3.10/dist-packages/airflow/example_dags/example_trigger_controller_dag.py
[2023-10-28T08:27:38.278+0000] {processor.py:809} INFO - DAG(s) dict_keys(['example_trigger_controller_dag']) retrieved from /usr/local/lib/python3.10/dist-packages/airflow/example_dags/example_trigger_controller_dag.py
[2023-10-28T08:27:38.363+0000] {logging_mixin.py:149} INFO - [2023-10-28T08:27:38.362+0000] {dag.py:2726} INFO - Sync 1 DAGs
[2023-10-28T08:27:38.437+0000] {logging_mixin.py:149} INFO - [2023-10-28T08:27:38.436+0000] {dag.py:3486} INFO - Setting next_dagrun for example_trigger_controller_dag to 2021-01-01T00:00:00+00:00, run_after=2021-01-01T00:00:00+00:00
[2023-10-28T08:27:38.548+0000] {processor.py:178} INFO - Processing /usr/local/lib/python3.10/dist-packages/airflow/example_dags/example_trigger_controller_dag.py took 0.332 seconds
[2023-10-28T08:28:08.694+0000] {processor.py:156} INFO - Started process (PID=1511237) to work on /usr/local/lib/python3.10/dist-packages/airflow/example_dags/example_trigger_controller_dag.py
[2023-10-28T08:28:08.733+0000] {processor.py:799} INFO - Processing file /usr/local/lib/python3.10/dist-packages/airflow/example_dags/example_trigger_controller_dag.py for tasks to queue
[2023-10-28T08:28:08.735+0000] {logging_mixin.py:149} INFO - [2023-10-28T08:28:08.735+0000] {dagbag.py:541} INFO - Filling up the DagBag from /usr/local/lib/python3.10/dist-packages/airflow/example_dags/example_trigger_controller_dag.py
[2023-10-28T08:28:08.745+0000] {processor.py:809} INFO - DAG(s) dict_keys(['example_trigger_controller_dag']) retrieved from /usr/local/lib/python3.10/dist-packages/airflow/example_dags/example_trigger_controller_dag.py
[2023-10-28T08:28:08.828+0000] {logging_mixin.py:149} INFO - [2023-10-28T08:28:08.827+0000] {dag.py:2726} INFO - Sync 1 DAGs
[2023-10-28T08:28:08.903+0000] {logging_mixin.py:149} INFO - [2023-10-28T08:28:08.902+0000] {dag.py:3486} INFO - Setting next_dagrun for example_trigger_controller_dag to 2021-01-01T00:00:00+00:00, run_after=2021-01-01T00:00:00+00:00
[2023-10-28T08:28:09.007+0000] {processor.py:178} INFO - Processing /usr/local/lib/python3.10/dist-packages/airflow/example_dags/example_trigger_controller_dag.py took 0.321 seconds
[2023-10-28T08:28:39.095+0000] {processor.py:156} INFO - Started process (PID=1511591) to work on /usr/local/lib/python3.10/dist-packages/airflow/example_dags/example_trigger_controller_dag.py
[2023-10-28T08:28:39.128+0000] {processor.py:799} INFO - Processing file /usr/local/lib/python3.10/dist-packages/airflow/example_dags/example_trigger_controller_dag.py for tasks to queue
[2023-10-28T08:28:39.130+0000] {logging_mixin.py:149} INFO - [2023-10-28T08:28:39.129+0000] {dagbag.py:541} INFO - Filling up the DagBag from /usr/local/lib/python3.10/dist-packages/airflow/example_dags/example_trigger_controller_dag.py
[2023-10-28T08:28:39.140+0000] {processor.py:809} INFO - DAG(s) dict_keys(['example_trigger_controller_dag']) retrieved from /usr/local/lib/python3.10/dist-packages/airflow/example_dags/example_trigger_controller_dag.py
[2023-10-28T08:28:39.213+0000] {logging_mixin.py:149} INFO - [2023-10-28T08:28:39.212+0000] {dag.py:2726} INFO - Sync 1 DAGs
[2023-10-28T08:28:39.285+0000] {logging_mixin.py:149} INFO - [2023-10-28T08:28:39.284+0000] {dag.py:3486} INFO - Setting next_dagrun for example_trigger_controller_dag to 2021-01-01T00:00:00+00:00, run_after=2021-01-01T00:00:00+00:00
[2023-10-28T08:28:39.403+0000] {processor.py:178} INFO - Processing /usr/local/lib/python3.10/dist-packages/airflow/example_dags/example_trigger_controller_dag.py took 0.316 seconds
[2023-10-28T08:29:10.057+0000] {processor.py:156} INFO - Started process (PID=1511989) to work on /usr/local/lib/python3.10/dist-packages/airflow/example_dags/example_trigger_controller_dag.py
[2023-10-28T08:29:10.077+0000] {processor.py:799} INFO - Processing file /usr/local/lib/python3.10/dist-packages/airflow/example_dags/example_trigger_controller_dag.py for tasks to queue
[2023-10-28T08:29:10.079+0000] {logging_mixin.py:149} INFO - [2023-10-28T08:29:10.078+0000] {dagbag.py:541} INFO - Filling up the DagBag from /usr/local/lib/python3.10/dist-packages/airflow/example_dags/example_trigger_controller_dag.py
[2023-10-28T08:29:10.089+0000] {processor.py:809} INFO - DAG(s) dict_keys(['example_trigger_controller_dag']) retrieved from /usr/local/lib/python3.10/dist-packages/airflow/example_dags/example_trigger_controller_dag.py
[2023-10-28T08:29:10.173+0000] {logging_mixin.py:149} INFO - [2023-10-28T08:29:10.172+0000] {dag.py:2726} INFO - Sync 1 DAGs
[2023-10-28T08:29:10.249+0000] {logging_mixin.py:149} INFO - [2023-10-28T08:29:10.249+0000] {dag.py:3486} INFO - Setting next_dagrun for example_trigger_controller_dag to 2021-01-01T00:00:00+00:00, run_after=2021-01-01T00:00:00+00:00
[2023-10-28T08:29:10.354+0000] {processor.py:178} INFO - Processing /usr/local/lib/python3.10/dist-packages/airflow/example_dags/example_trigger_controller_dag.py took 0.304 seconds
[2023-10-28T08:29:40.542+0000] {processor.py:156} INFO - Started process (PID=1512346) to work on /usr/local/lib/python3.10/dist-packages/airflow/example_dags/example_trigger_controller_dag.py
[2023-10-28T08:29:40.580+0000] {processor.py:799} INFO - Processing file /usr/local/lib/python3.10/dist-packages/airflow/example_dags/example_trigger_controller_dag.py for tasks to queue
[2023-10-28T08:29:40.582+0000] {logging_mixin.py:149} INFO - [2023-10-28T08:29:40.582+0000] {dagbag.py:541} INFO - Filling up the DagBag from /usr/local/lib/python3.10/dist-packages/airflow/example_dags/example_trigger_controller_dag.py
[2023-10-28T08:29:40.591+0000] {processor.py:809} INFO - DAG(s) dict_keys(['example_trigger_controller_dag']) retrieved from /usr/local/lib/python3.10/dist-packages/airflow/example_dags/example_trigger_controller_dag.py
[2023-10-28T08:29:40.665+0000] {logging_mixin.py:149} INFO - [2023-10-28T08:29:40.664+0000] {dag.py:2726} INFO - Sync 1 DAGs
[2023-10-28T08:29:40.737+0000] {logging_mixin.py:149} INFO - [2023-10-28T08:29:40.736+0000] {dag.py:3486} INFO - Setting next_dagrun for example_trigger_controller_dag to 2021-01-01T00:00:00+00:00, run_after=2021-01-01T00:00:00+00:00
[2023-10-28T08:29:40.841+0000] {processor.py:178} INFO - Processing /usr/local/lib/python3.10/dist-packages/airflow/example_dags/example_trigger_controller_dag.py took 0.308 seconds
[2023-10-28T08:30:11.063+0000] {processor.py:156} INFO - Started process (PID=1512727) to work on /usr/local/lib/python3.10/dist-packages/airflow/example_dags/example_trigger_controller_dag.py
[2023-10-28T08:30:11.066+0000] {processor.py:799} INFO - Processing file /usr/local/lib/python3.10/dist-packages/airflow/example_dags/example_trigger_controller_dag.py for tasks to queue
[2023-10-28T08:30:11.068+0000] {logging_mixin.py:149} INFO - [2023-10-28T08:30:11.068+0000] {dagbag.py:541} INFO - Filling up the DagBag from /usr/local/lib/python3.10/dist-packages/airflow/example_dags/example_trigger_controller_dag.py
[2023-10-28T08:30:11.078+0000] {processor.py:809} INFO - DAG(s) dict_keys(['example_trigger_controller_dag']) retrieved from /usr/local/lib/python3.10/dist-packages/airflow/example_dags/example_trigger_controller_dag.py
[2023-10-28T08:30:11.162+0000] {logging_mixin.py:149} INFO - [2023-10-28T08:30:11.161+0000] {dag.py:2726} INFO - Sync 1 DAGs
[2023-10-28T08:30:11.237+0000] {logging_mixin.py:149} INFO - [2023-10-28T08:30:11.236+0000] {dag.py:3486} INFO - Setting next_dagrun for example_trigger_controller_dag to 2021-01-01T00:00:00+00:00, run_after=2021-01-01T00:00:00+00:00
[2023-10-28T08:30:11.342+0000] {processor.py:178} INFO - Processing /usr/local/lib/python3.10/dist-packages/airflow/example_dags/example_trigger_controller_dag.py took 0.286 seconds
[2023-10-28T08:30:42.133+0000] {processor.py:156} INFO - Started process (PID=1513341) to work on /usr/local/lib/python3.10/dist-packages/airflow/example_dags/example_trigger_controller_dag.py
[2023-10-28T08:30:42.173+0000] {processor.py:799} INFO - Processing file /usr/local/lib/python3.10/dist-packages/airflow/example_dags/example_trigger_controller_dag.py for tasks to queue
[2023-10-28T08:30:42.175+0000] {logging_mixin.py:149} INFO - [2023-10-28T08:30:42.175+0000] {dagbag.py:541} INFO - Filling up the DagBag from /usr/local/lib/python3.10/dist-packages/airflow/example_dags/example_trigger_controller_dag.py
[2023-10-28T08:30:42.186+0000] {processor.py:809} INFO - DAG(s) dict_keys(['example_trigger_controller_dag']) retrieved from /usr/local/lib/python3.10/dist-packages/airflow/example_dags/example_trigger_controller_dag.py
[2023-10-28T08:30:42.268+0000] {logging_mixin.py:149} INFO - [2023-10-28T08:30:42.267+0000] {dag.py:2726} INFO - Sync 1 DAGs
[2023-10-28T08:30:42.344+0000] {logging_mixin.py:149} INFO - [2023-10-28T08:30:42.343+0000] {dag.py:3486} INFO - Setting next_dagrun for example_trigger_controller_dag to 2021-01-01T00:00:00+00:00, run_after=2021-01-01T00:00:00+00:00
[2023-10-28T08:30:42.444+0000] {processor.py:178} INFO - Processing /usr/local/lib/python3.10/dist-packages/airflow/example_dags/example_trigger_controller_dag.py took 0.319 seconds
[2023-10-28T08:31:12.537+0000] {processor.py:156} INFO - Started process (PID=1513762) to work on /usr/local/lib/python3.10/dist-packages/airflow/example_dags/example_trigger_controller_dag.py
[2023-10-28T08:31:12.538+0000] {processor.py:799} INFO - Processing file /usr/local/lib/python3.10/dist-packages/airflow/example_dags/example_trigger_controller_dag.py for tasks to queue
[2023-10-28T08:31:12.540+0000] {logging_mixin.py:149} INFO - [2023-10-28T08:31:12.539+0000] {dagbag.py:541} INFO - Filling up the DagBag from /usr/local/lib/python3.10/dist-packages/airflow/example_dags/example_trigger_controller_dag.py
[2023-10-28T08:31:12.549+0000] {processor.py:809} INFO - DAG(s) dict_keys(['example_trigger_controller_dag']) retrieved from /usr/local/lib/python3.10/dist-packages/airflow/example_dags/example_trigger_controller_dag.py
[2023-10-28T08:31:12.631+0000] {logging_mixin.py:149} INFO - [2023-10-28T08:31:12.630+0000] {dag.py:2726} INFO - Sync 1 DAGs
[2023-10-28T08:31:12.709+0000] {logging_mixin.py:149} INFO - [2023-10-28T08:31:12.708+0000] {dag.py:3486} INFO - Setting next_dagrun for example_trigger_controller_dag to 2021-01-01T00:00:00+00:00, run_after=2021-01-01T00:00:00+00:00
[2023-10-28T08:31:12.775+0000] {processor.py:178} INFO - Processing /usr/local/lib/python3.10/dist-packages/airflow/example_dags/example_trigger_controller_dag.py took 0.245 seconds
[2023-10-28T08:31:43.666+0000] {processor.py:156} INFO - Started process (PID=1514350) to work on /usr/local/lib/python3.10/dist-packages/airflow/example_dags/example_trigger_controller_dag.py
[2023-10-28T08:31:43.704+0000] {processor.py:799} INFO - Processing file /usr/local/lib/python3.10/dist-packages/airflow/example_dags/example_trigger_controller_dag.py for tasks to queue
[2023-10-28T08:31:43.706+0000] {logging_mixin.py:149} INFO - [2023-10-28T08:31:43.706+0000] {dagbag.py:541} INFO - Filling up the DagBag from /usr/local/lib/python3.10/dist-packages/airflow/example_dags/example_trigger_controller_dag.py
[2023-10-28T08:31:43.717+0000] {processor.py:809} INFO - DAG(s) dict_keys(['example_trigger_controller_dag']) retrieved from /usr/local/lib/python3.10/dist-packages/airflow/example_dags/example_trigger_controller_dag.py
[2023-10-28T08:31:43.795+0000] {logging_mixin.py:149} INFO - [2023-10-28T08:31:43.794+0000] {dag.py:2726} INFO - Sync 1 DAGs
[2023-10-28T08:31:43.874+0000] {logging_mixin.py:149} INFO - [2023-10-28T08:31:43.873+0000] {dag.py:3486} INFO - Setting next_dagrun for example_trigger_controller_dag to 2021-01-01T00:00:00+00:00, run_after=2021-01-01T00:00:00+00:00
[2023-10-28T08:31:43.973+0000] {processor.py:178} INFO - Processing /usr/local/lib/python3.10/dist-packages/airflow/example_dags/example_trigger_controller_dag.py took 0.315 seconds
[2023-10-28T08:32:14.093+0000] {processor.py:156} INFO - Started process (PID=1514985) to work on /usr/local/lib/python3.10/dist-packages/airflow/example_dags/example_trigger_controller_dag.py
[2023-10-28T08:32:14.120+0000] {processor.py:799} INFO - Processing file /usr/local/lib/python3.10/dist-packages/airflow/example_dags/example_trigger_controller_dag.py for tasks to queue
[2023-10-28T08:32:14.122+0000] {logging_mixin.py:149} INFO - [2023-10-28T08:32:14.122+0000] {dagbag.py:541} INFO - Filling up the DagBag from /usr/local/lib/python3.10/dist-packages/airflow/example_dags/example_trigger_controller_dag.py
[2023-10-28T08:32:14.132+0000] {processor.py:809} INFO - DAG(s) dict_keys(['example_trigger_controller_dag']) retrieved from /usr/local/lib/python3.10/dist-packages/airflow/example_dags/example_trigger_controller_dag.py
[2023-10-28T08:32:14.212+0000] {logging_mixin.py:149} INFO - [2023-10-28T08:32:14.211+0000] {dag.py:2726} INFO - Sync 1 DAGs
[2023-10-28T08:32:14.292+0000] {logging_mixin.py:149} INFO - [2023-10-28T08:32:14.291+0000] {dag.py:3486} INFO - Setting next_dagrun for example_trigger_controller_dag to 2021-01-01T00:00:00+00:00, run_after=2021-01-01T00:00:00+00:00
[2023-10-28T08:32:14.403+0000] {processor.py:178} INFO - Processing /usr/local/lib/python3.10/dist-packages/airflow/example_dags/example_trigger_controller_dag.py took 0.318 seconds
[2023-10-28T08:32:44.580+0000] {processor.py:156} INFO - Started process (PID=1515569) to work on /usr/local/lib/python3.10/dist-packages/airflow/example_dags/example_trigger_controller_dag.py
[2023-10-28T08:32:44.584+0000] {processor.py:799} INFO - Processing file /usr/local/lib/python3.10/dist-packages/airflow/example_dags/example_trigger_controller_dag.py for tasks to queue
[2023-10-28T08:32:44.586+0000] {logging_mixin.py:149} INFO - [2023-10-28T08:32:44.585+0000] {dagbag.py:541} INFO - Filling up the DagBag from /usr/local/lib/python3.10/dist-packages/airflow/example_dags/example_trigger_controller_dag.py
[2023-10-28T08:32:44.595+0000] {processor.py:809} INFO - DAG(s) dict_keys(['example_trigger_controller_dag']) retrieved from /usr/local/lib/python3.10/dist-packages/airflow/example_dags/example_trigger_controller_dag.py
[2023-10-28T08:32:44.677+0000] {logging_mixin.py:149} INFO - [2023-10-28T08:32:44.677+0000] {dag.py:2726} INFO - Sync 1 DAGs
[2023-10-28T08:32:44.753+0000] {logging_mixin.py:149} INFO - [2023-10-28T08:32:44.753+0000] {dag.py:3486} INFO - Setting next_dagrun for example_trigger_controller_dag to 2021-01-01T00:00:00+00:00, run_after=2021-01-01T00:00:00+00:00
[2023-10-28T08:32:44.862+0000] {processor.py:178} INFO - Processing /usr/local/lib/python3.10/dist-packages/airflow/example_dags/example_trigger_controller_dag.py took 0.289 seconds
[2023-10-28T08:33:15.513+0000] {processor.py:156} INFO - Started process (PID=1516091) to work on /usr/local/lib/python3.10/dist-packages/airflow/example_dags/example_trigger_controller_dag.py
[2023-10-28T08:33:15.548+0000] {processor.py:799} INFO - Processing file /usr/local/lib/python3.10/dist-packages/airflow/example_dags/example_trigger_controller_dag.py for tasks to queue
[2023-10-28T08:33:15.550+0000] {logging_mixin.py:149} INFO - [2023-10-28T08:33:15.549+0000] {dagbag.py:541} INFO - Filling up the DagBag from /usr/local/lib/python3.10/dist-packages/airflow/example_dags/example_trigger_controller_dag.py
[2023-10-28T08:33:15.559+0000] {processor.py:809} INFO - DAG(s) dict_keys(['example_trigger_controller_dag']) retrieved from /usr/local/lib/python3.10/dist-packages/airflow/example_dags/example_trigger_controller_dag.py
[2023-10-28T08:33:15.640+0000] {logging_mixin.py:149} INFO - [2023-10-28T08:33:15.639+0000] {dag.py:2726} INFO - Sync 1 DAGs
[2023-10-28T08:33:15.719+0000] {logging_mixin.py:149} INFO - [2023-10-28T08:33:15.718+0000] {dag.py:3486} INFO - Setting next_dagrun for example_trigger_controller_dag to 2021-01-01T00:00:00+00:00, run_after=2021-01-01T00:00:00+00:00
[2023-10-28T08:33:15.811+0000] {processor.py:178} INFO - Processing /usr/local/lib/python3.10/dist-packages/airflow/example_dags/example_trigger_controller_dag.py took 0.305 seconds
[2023-10-28T08:33:45.920+0000] {processor.py:156} INFO - Started process (PID=1516446) to work on /usr/local/lib/python3.10/dist-packages/airflow/example_dags/example_trigger_controller_dag.py
[2023-10-28T08:33:45.921+0000] {processor.py:799} INFO - Processing file /usr/local/lib/python3.10/dist-packages/airflow/example_dags/example_trigger_controller_dag.py for tasks to queue
[2023-10-28T08:33:45.923+0000] {logging_mixin.py:149} INFO - [2023-10-28T08:33:45.923+0000] {dagbag.py:541} INFO - Filling up the DagBag from /usr/local/lib/python3.10/dist-packages/airflow/example_dags/example_trigger_controller_dag.py
[2023-10-28T08:33:45.934+0000] {processor.py:809} INFO - DAG(s) dict_keys(['example_trigger_controller_dag']) retrieved from /usr/local/lib/python3.10/dist-packages/airflow/example_dags/example_trigger_controller_dag.py
[2023-10-28T08:33:46.009+0000] {logging_mixin.py:149} INFO - [2023-10-28T08:33:46.008+0000] {dag.py:2726} INFO - Sync 1 DAGs
[2023-10-28T08:33:46.088+0000] {logging_mixin.py:149} INFO - [2023-10-28T08:33:46.087+0000] {dag.py:3486} INFO - Setting next_dagrun for example_trigger_controller_dag to 2021-01-01T00:00:00+00:00, run_after=2021-01-01T00:00:00+00:00
[2023-10-28T08:33:46.157+0000] {processor.py:178} INFO - Processing /usr/local/lib/python3.10/dist-packages/airflow/example_dags/example_trigger_controller_dag.py took 0.244 seconds
[2023-10-28T08:34:16.380+0000] {processor.py:156} INFO - Started process (PID=1516842) to work on /usr/local/lib/python3.10/dist-packages/airflow/example_dags/example_trigger_controller_dag.py
[2023-10-28T08:34:16.416+0000] {processor.py:799} INFO - Processing file /usr/local/lib/python3.10/dist-packages/airflow/example_dags/example_trigger_controller_dag.py for tasks to queue
[2023-10-28T08:34:16.418+0000] {logging_mixin.py:149} INFO - [2023-10-28T08:34:16.418+0000] {dagbag.py:541} INFO - Filling up the DagBag from /usr/local/lib/python3.10/dist-packages/airflow/example_dags/example_trigger_controller_dag.py
[2023-10-28T08:34:16.428+0000] {processor.py:809} INFO - DAG(s) dict_keys(['example_trigger_controller_dag']) retrieved from /usr/local/lib/python3.10/dist-packages/airflow/example_dags/example_trigger_controller_dag.py
[2023-10-28T08:34:16.510+0000] {logging_mixin.py:149} INFO - [2023-10-28T08:34:16.510+0000] {dag.py:2726} INFO - Sync 1 DAGs
[2023-10-28T08:34:16.590+0000] {logging_mixin.py:149} INFO - [2023-10-28T08:34:16.590+0000] {dag.py:3486} INFO - Setting next_dagrun for example_trigger_controller_dag to 2021-01-01T00:00:00+00:00, run_after=2021-01-01T00:00:00+00:00
[2023-10-28T08:34:16.656+0000] {processor.py:178} INFO - Processing /usr/local/lib/python3.10/dist-packages/airflow/example_dags/example_trigger_controller_dag.py took 0.284 seconds
[2023-10-28T08:34:47.225+0000] {processor.py:156} INFO - Started process (PID=1517200) to work on /usr/local/lib/python3.10/dist-packages/airflow/example_dags/example_trigger_controller_dag.py
[2023-10-28T08:34:47.249+0000] {processor.py:799} INFO - Processing file /usr/local/lib/python3.10/dist-packages/airflow/example_dags/example_trigger_controller_dag.py for tasks to queue
[2023-10-28T08:34:47.251+0000] {logging_mixin.py:149} INFO - [2023-10-28T08:34:47.251+0000] {dagbag.py:541} INFO - Filling up the DagBag from /usr/local/lib/python3.10/dist-packages/airflow/example_dags/example_trigger_controller_dag.py
[2023-10-28T08:34:47.261+0000] {processor.py:809} INFO - DAG(s) dict_keys(['example_trigger_controller_dag']) retrieved from /usr/local/lib/python3.10/dist-packages/airflow/example_dags/example_trigger_controller_dag.py
[2023-10-28T08:34:47.342+0000] {logging_mixin.py:149} INFO - [2023-10-28T08:34:47.342+0000] {dag.py:2726} INFO - Sync 1 DAGs
[2023-10-28T08:34:47.422+0000] {logging_mixin.py:149} INFO - [2023-10-28T08:34:47.422+0000] {dag.py:3486} INFO - Setting next_dagrun for example_trigger_controller_dag to 2021-01-01T00:00:00+00:00, run_after=2021-01-01T00:00:00+00:00
[2023-10-28T08:34:47.486+0000] {processor.py:178} INFO - Processing /usr/local/lib/python3.10/dist-packages/airflow/example_dags/example_trigger_controller_dag.py took 0.268 seconds
[2023-10-28T08:35:18.266+0000] {processor.py:156} INFO - Started process (PID=1517606) to work on /usr/local/lib/python3.10/dist-packages/airflow/example_dags/example_trigger_controller_dag.py
[2023-10-28T08:35:18.268+0000] {processor.py:799} INFO - Processing file /usr/local/lib/python3.10/dist-packages/airflow/example_dags/example_trigger_controller_dag.py for tasks to queue
[2023-10-28T08:35:18.270+0000] {logging_mixin.py:149} INFO - [2023-10-28T08:35:18.269+0000] {dagbag.py:541} INFO - Filling up the DagBag from /usr/local/lib/python3.10/dist-packages/airflow/example_dags/example_trigger_controller_dag.py
[2023-10-28T08:35:18.280+0000] {processor.py:809} INFO - DAG(s) dict_keys(['example_trigger_controller_dag']) retrieved from /usr/local/lib/python3.10/dist-packages/airflow/example_dags/example_trigger_controller_dag.py
[2023-10-28T08:35:18.355+0000] {logging_mixin.py:149} INFO - [2023-10-28T08:35:18.354+0000] {dag.py:2726} INFO - Sync 1 DAGs
[2023-10-28T08:35:18.431+0000] {logging_mixin.py:149} INFO - [2023-10-28T08:35:18.431+0000] {dag.py:3486} INFO - Setting next_dagrun for example_trigger_controller_dag to 2021-01-01T00:00:00+00:00, run_after=2021-01-01T00:00:00+00:00
[2023-10-28T08:35:18.495+0000] {processor.py:178} INFO - Processing /usr/local/lib/python3.10/dist-packages/airflow/example_dags/example_trigger_controller_dag.py took 0.237 seconds
[2023-10-28T08:35:48.638+0000] {processor.py:156} INFO - Started process (PID=1518213) to work on /usr/local/lib/python3.10/dist-packages/airflow/example_dags/example_trigger_controller_dag.py
[2023-10-28T08:35:48.640+0000] {processor.py:799} INFO - Processing file /usr/local/lib/python3.10/dist-packages/airflow/example_dags/example_trigger_controller_dag.py for tasks to queue
[2023-10-28T08:35:48.642+0000] {logging_mixin.py:149} INFO - [2023-10-28T08:35:48.642+0000] {dagbag.py:541} INFO - Filling up the DagBag from /usr/local/lib/python3.10/dist-packages/airflow/example_dags/example_trigger_controller_dag.py
[2023-10-28T08:35:48.652+0000] {processor.py:809} INFO - DAG(s) dict_keys(['example_trigger_controller_dag']) retrieved from /usr/local/lib/python3.10/dist-packages/airflow/example_dags/example_trigger_controller_dag.py
[2023-10-28T08:35:48.734+0000] {logging_mixin.py:149} INFO - [2023-10-28T08:35:48.733+0000] {dag.py:2726} INFO - Sync 1 DAGs
[2023-10-28T08:35:48.805+0000] {logging_mixin.py:149} INFO - [2023-10-28T08:35:48.804+0000] {dag.py:3486} INFO - Setting next_dagrun for example_trigger_controller_dag to 2021-01-01T00:00:00+00:00, run_after=2021-01-01T00:00:00+00:00
[2023-10-28T08:35:48.903+0000] {processor.py:178} INFO - Processing /usr/local/lib/python3.10/dist-packages/airflow/example_dags/example_trigger_controller_dag.py took 0.272 seconds
[2023-10-28T08:36:19.713+0000] {processor.py:156} INFO - Started process (PID=1518601) to work on /usr/local/lib/python3.10/dist-packages/airflow/example_dags/example_trigger_controller_dag.py
[2023-10-28T08:36:19.748+0000] {processor.py:799} INFO - Processing file /usr/local/lib/python3.10/dist-packages/airflow/example_dags/example_trigger_controller_dag.py for tasks to queue
[2023-10-28T08:36:19.751+0000] {logging_mixin.py:149} INFO - [2023-10-28T08:36:19.750+0000] {dagbag.py:541} INFO - Filling up the DagBag from /usr/local/lib/python3.10/dist-packages/airflow/example_dags/example_trigger_controller_dag.py
[2023-10-28T08:36:19.761+0000] {processor.py:809} INFO - DAG(s) dict_keys(['example_trigger_controller_dag']) retrieved from /usr/local/lib/python3.10/dist-packages/airflow/example_dags/example_trigger_controller_dag.py
[2023-10-28T08:36:19.855+0000] {logging_mixin.py:149} INFO - [2023-10-28T08:36:19.854+0000] {dag.py:2726} INFO - Sync 1 DAGs
[2023-10-28T08:36:19.941+0000] {logging_mixin.py:149} INFO - [2023-10-28T08:36:19.941+0000] {dag.py:3486} INFO - Setting next_dagrun for example_trigger_controller_dag to 2021-01-01T00:00:00+00:00, run_after=2021-01-01T00:00:00+00:00
[2023-10-28T08:36:20.009+0000] {processor.py:178} INFO - Processing /usr/local/lib/python3.10/dist-packages/airflow/example_dags/example_trigger_controller_dag.py took 0.304 seconds
[2023-10-28T08:36:50.627+0000] {processor.py:156} INFO - Started process (PID=1518957) to work on /usr/local/lib/python3.10/dist-packages/airflow/example_dags/example_trigger_controller_dag.py
[2023-10-28T08:36:50.629+0000] {processor.py:799} INFO - Processing file /usr/local/lib/python3.10/dist-packages/airflow/example_dags/example_trigger_controller_dag.py for tasks to queue
[2023-10-28T08:36:50.631+0000] {logging_mixin.py:149} INFO - [2023-10-28T08:36:50.630+0000] {dagbag.py:541} INFO - Filling up the DagBag from /usr/local/lib/python3.10/dist-packages/airflow/example_dags/example_trigger_controller_dag.py
[2023-10-28T08:36:50.639+0000] {processor.py:809} INFO - DAG(s) dict_keys(['example_trigger_controller_dag']) retrieved from /usr/local/lib/python3.10/dist-packages/airflow/example_dags/example_trigger_controller_dag.py
[2023-10-28T08:36:50.720+0000] {logging_mixin.py:149} INFO - [2023-10-28T08:36:50.719+0000] {dag.py:2726} INFO - Sync 1 DAGs
[2023-10-28T08:36:50.809+0000] {logging_mixin.py:149} INFO - [2023-10-28T08:36:50.808+0000] {dag.py:3486} INFO - Setting next_dagrun for example_trigger_controller_dag to 2021-01-01T00:00:00+00:00, run_after=2021-01-01T00:00:00+00:00
[2023-10-28T08:36:50.871+0000] {processor.py:178} INFO - Processing /usr/local/lib/python3.10/dist-packages/airflow/example_dags/example_trigger_controller_dag.py took 0.252 seconds
[2023-10-28T08:37:21.164+0000] {processor.py:156} INFO - Started process (PID=1519456) to work on /usr/local/lib/python3.10/dist-packages/airflow/example_dags/example_trigger_controller_dag.py
[2023-10-28T08:37:21.207+0000] {processor.py:799} INFO - Processing file /usr/local/lib/python3.10/dist-packages/airflow/example_dags/example_trigger_controller_dag.py for tasks to queue
[2023-10-28T08:37:21.209+0000] {logging_mixin.py:149} INFO - [2023-10-28T08:37:21.208+0000] {dagbag.py:541} INFO - Filling up the DagBag from /usr/local/lib/python3.10/dist-packages/airflow/example_dags/example_trigger_controller_dag.py
[2023-10-28T08:37:21.218+0000] {processor.py:809} INFO - DAG(s) dict_keys(['example_trigger_controller_dag']) retrieved from /usr/local/lib/python3.10/dist-packages/airflow/example_dags/example_trigger_controller_dag.py
[2023-10-28T08:37:21.300+0000] {logging_mixin.py:149} INFO - [2023-10-28T08:37:21.299+0000] {dag.py:2726} INFO - Sync 1 DAGs
[2023-10-28T08:37:21.374+0000] {logging_mixin.py:149} INFO - [2023-10-28T08:37:21.373+0000] {dag.py:3486} INFO - Setting next_dagrun for example_trigger_controller_dag to 2021-01-01T00:00:00+00:00, run_after=2021-01-01T00:00:00+00:00
[2023-10-28T08:37:21.442+0000] {processor.py:178} INFO - Processing /usr/local/lib/python3.10/dist-packages/airflow/example_dags/example_trigger_controller_dag.py took 0.285 seconds
[2023-10-28T08:37:51.765+0000] {processor.py:156} INFO - Started process (PID=1519812) to work on /usr/local/lib/python3.10/dist-packages/airflow/example_dags/example_trigger_controller_dag.py
[2023-10-28T08:37:51.767+0000] {processor.py:799} INFO - Processing file /usr/local/lib/python3.10/dist-packages/airflow/example_dags/example_trigger_controller_dag.py for tasks to queue
[2023-10-28T08:37:51.769+0000] {logging_mixin.py:149} INFO - [2023-10-28T08:37:51.769+0000] {dagbag.py:541} INFO - Filling up the DagBag from /usr/local/lib/python3.10/dist-packages/airflow/example_dags/example_trigger_controller_dag.py
[2023-10-28T08:37:51.778+0000] {processor.py:809} INFO - DAG(s) dict_keys(['example_trigger_controller_dag']) retrieved from /usr/local/lib/python3.10/dist-packages/airflow/example_dags/example_trigger_controller_dag.py
[2023-10-28T08:37:51.853+0000] {logging_mixin.py:149} INFO - [2023-10-28T08:37:51.853+0000] {dag.py:2726} INFO - Sync 1 DAGs
[2023-10-28T08:37:51.924+0000] {logging_mixin.py:149} INFO - [2023-10-28T08:37:51.924+0000] {dag.py:3486} INFO - Setting next_dagrun for example_trigger_controller_dag to 2021-01-01T00:00:00+00:00, run_after=2021-01-01T00:00:00+00:00
[2023-10-28T08:37:52.019+0000] {processor.py:178} INFO - Processing /usr/local/lib/python3.10/dist-packages/airflow/example_dags/example_trigger_controller_dag.py took 0.267 seconds
[2023-10-28T08:38:22.749+0000] {processor.py:156} INFO - Started process (PID=1520333) to work on /usr/local/lib/python3.10/dist-packages/airflow/example_dags/example_trigger_controller_dag.py
[2023-10-28T08:38:22.784+0000] {processor.py:799} INFO - Processing file /usr/local/lib/python3.10/dist-packages/airflow/example_dags/example_trigger_controller_dag.py for tasks to queue
[2023-10-28T08:38:22.786+0000] {logging_mixin.py:149} INFO - [2023-10-28T08:38:22.786+0000] {dagbag.py:541} INFO - Filling up the DagBag from /usr/local/lib/python3.10/dist-packages/airflow/example_dags/example_trigger_controller_dag.py
[2023-10-28T08:38:22.795+0000] {processor.py:809} INFO - DAG(s) dict_keys(['example_trigger_controller_dag']) retrieved from /usr/local/lib/python3.10/dist-packages/airflow/example_dags/example_trigger_controller_dag.py
[2023-10-28T08:38:22.878+0000] {logging_mixin.py:149} INFO - [2023-10-28T08:38:22.877+0000] {dag.py:2726} INFO - Sync 1 DAGs
[2023-10-28T08:38:22.959+0000] {logging_mixin.py:149} INFO - [2023-10-28T08:38:22.959+0000] {dag.py:3486} INFO - Setting next_dagrun for example_trigger_controller_dag to 2021-01-01T00:00:00+00:00, run_after=2021-01-01T00:00:00+00:00
[2023-10-28T08:38:23.072+0000] {processor.py:178} INFO - Processing /usr/local/lib/python3.10/dist-packages/airflow/example_dags/example_trigger_controller_dag.py took 0.330 seconds
[2023-10-28T08:38:53.172+0000] {processor.py:156} INFO - Started process (PID=1520868) to work on /usr/local/lib/python3.10/dist-packages/airflow/example_dags/example_trigger_controller_dag.py
[2023-10-28T08:38:53.174+0000] {processor.py:799} INFO - Processing file /usr/local/lib/python3.10/dist-packages/airflow/example_dags/example_trigger_controller_dag.py for tasks to queue
[2023-10-28T08:38:53.176+0000] {logging_mixin.py:149} INFO - [2023-10-28T08:38:53.175+0000] {dagbag.py:541} INFO - Filling up the DagBag from /usr/local/lib/python3.10/dist-packages/airflow/example_dags/example_trigger_controller_dag.py
[2023-10-28T08:38:53.185+0000] {processor.py:809} INFO - DAG(s) dict_keys(['example_trigger_controller_dag']) retrieved from /usr/local/lib/python3.10/dist-packages/airflow/example_dags/example_trigger_controller_dag.py
[2023-10-28T08:38:53.262+0000] {logging_mixin.py:149} INFO - [2023-10-28T08:38:53.262+0000] {dag.py:2726} INFO - Sync 1 DAGs
[2023-10-28T08:38:53.344+0000] {logging_mixin.py:149} INFO - [2023-10-28T08:38:53.343+0000] {dag.py:3486} INFO - Setting next_dagrun for example_trigger_controller_dag to 2021-01-01T00:00:00+00:00, run_after=2021-01-01T00:00:00+00:00
[2023-10-28T08:38:53.440+0000] {processor.py:178} INFO - Processing /usr/local/lib/python3.10/dist-packages/airflow/example_dags/example_trigger_controller_dag.py took 0.275 seconds
[2023-10-28T08:39:24.476+0000] {processor.py:156} INFO - Started process (PID=1521368) to work on /usr/local/lib/python3.10/dist-packages/airflow/example_dags/example_trigger_controller_dag.py
[2023-10-28T08:39:24.517+0000] {processor.py:799} INFO - Processing file /usr/local/lib/python3.10/dist-packages/airflow/example_dags/example_trigger_controller_dag.py for tasks to queue
[2023-10-28T08:39:24.518+0000] {logging_mixin.py:149} INFO - [2023-10-28T08:39:24.518+0000] {dagbag.py:541} INFO - Filling up the DagBag from /usr/local/lib/python3.10/dist-packages/airflow/example_dags/example_trigger_controller_dag.py
[2023-10-28T08:39:24.527+0000] {processor.py:809} INFO - DAG(s) dict_keys(['example_trigger_controller_dag']) retrieved from /usr/local/lib/python3.10/dist-packages/airflow/example_dags/example_trigger_controller_dag.py
[2023-10-28T08:39:24.608+0000] {logging_mixin.py:149} INFO - [2023-10-28T08:39:24.607+0000] {dag.py:2726} INFO - Sync 1 DAGs
[2023-10-28T08:39:24.688+0000] {logging_mixin.py:149} INFO - [2023-10-28T08:39:24.688+0000] {dag.py:3486} INFO - Setting next_dagrun for example_trigger_controller_dag to 2021-01-01T00:00:00+00:00, run_after=2021-01-01T00:00:00+00:00
[2023-10-28T08:39:24.798+0000] {processor.py:178} INFO - Processing /usr/local/lib/python3.10/dist-packages/airflow/example_dags/example_trigger_controller_dag.py took 0.330 seconds
