[2023-10-28T07:57:46.799+0000] {processor.py:156} INFO - Started process (PID=1491615) to work on /usr/local/lib/python3.10/dist-packages/airflow/example_dags/example_latest_only.py
[2023-10-28T07:57:46.802+0000] {processor.py:799} INFO - Processing file /usr/local/lib/python3.10/dist-packages/airflow/example_dags/example_latest_only.py for tasks to queue
[2023-10-28T07:57:46.804+0000] {logging_mixin.py:149} INFO - [2023-10-28T07:57:46.803+0000] {dagbag.py:541} INFO - Filling up the DagBag from /usr/local/lib/python3.10/dist-packages/airflow/example_dags/example_latest_only.py
[2023-10-28T07:57:46.817+0000] {processor.py:809} INFO - DAG(s) dict_keys(['latest_only']) retrieved from /usr/local/lib/python3.10/dist-packages/airflow/example_dags/example_latest_only.py
[2023-10-28T07:57:47.333+0000] {logging_mixin.py:149} INFO - [2023-10-28T07:57:47.332+0000] {manager.py:504} INFO - Created Permission View: can read on DAG:latest_only
[2023-10-28T07:57:47.361+0000] {logging_mixin.py:149} INFO - [2023-10-28T07:57:47.361+0000] {manager.py:504} INFO - Created Permission View: can edit on DAG:latest_only
[2023-10-28T07:57:47.386+0000] {logging_mixin.py:149} INFO - [2023-10-28T07:57:47.385+0000] {manager.py:504} INFO - Created Permission View: can delete on DAG:latest_only
[2023-10-28T07:57:47.387+0000] {logging_mixin.py:149} INFO - [2023-10-28T07:57:47.386+0000] {dag.py:2726} INFO - Sync 1 DAGs
[2023-10-28T07:57:47.419+0000] {logging_mixin.py:149} INFO - [2023-10-28T07:57:47.418+0000] {dag.py:2747} INFO - Creating ORM DAG for latest_only
[2023-10-28T07:57:47.443+0000] {logging_mixin.py:149} INFO - [2023-10-28T07:57:47.443+0000] {dag.py:3486} INFO - Setting next_dagrun for latest_only to 2023-10-28T03:57:47.442771+00:00, run_after=2023-10-28T07:57:47.442771+00:00
[2023-10-28T07:57:47.533+0000] {processor.py:178} INFO - Processing /usr/local/lib/python3.10/dist-packages/airflow/example_dags/example_latest_only.py took 0.740 seconds
[2023-10-28T07:59:05.070+0000] {processor.py:156} INFO - Started process (PID=1492215) to work on /usr/local/lib/python3.10/dist-packages/airflow/example_dags/example_latest_only.py
[2023-10-28T07:59:05.104+0000] {processor.py:799} INFO - Processing file /usr/local/lib/python3.10/dist-packages/airflow/example_dags/example_latest_only.py for tasks to queue
[2023-10-28T07:59:05.107+0000] {logging_mixin.py:149} INFO - [2023-10-28T07:59:05.106+0000] {dagbag.py:541} INFO - Filling up the DagBag from /usr/local/lib/python3.10/dist-packages/airflow/example_dags/example_latest_only.py
[2023-10-28T07:59:05.121+0000] {processor.py:809} INFO - DAG(s) dict_keys(['latest_only']) retrieved from /usr/local/lib/python3.10/dist-packages/airflow/example_dags/example_latest_only.py
[2023-10-28T07:59:05.171+0000] {logging_mixin.py:149} INFO - [2023-10-28T07:59:05.170+0000] {dag.py:2726} INFO - Sync 1 DAGs
[2023-10-28T07:59:05.227+0000] {logging_mixin.py:149} INFO - [2023-10-28T07:59:05.226+0000] {dag.py:3486} INFO - Setting next_dagrun for latest_only to 2023-10-28T03:59:05.225993+00:00, run_after=2023-10-28T07:59:05.225993+00:00
[2023-10-28T07:59:05.325+0000] {processor.py:178} INFO - Processing /usr/local/lib/python3.10/dist-packages/airflow/example_dags/example_latest_only.py took 0.262 seconds
[2023-10-28T08:00:01.139+0000] {processor.py:156} INFO - Started process (PID=1492568) to work on /usr/local/lib/python3.10/dist-packages/airflow/example_dags/example_latest_only.py
[2023-10-28T08:00:01.177+0000] {processor.py:799} INFO - Processing file /usr/local/lib/python3.10/dist-packages/airflow/example_dags/example_latest_only.py for tasks to queue
[2023-10-28T08:00:01.179+0000] {logging_mixin.py:149} INFO - [2023-10-28T08:00:01.179+0000] {dagbag.py:541} INFO - Filling up the DagBag from /usr/local/lib/python3.10/dist-packages/airflow/example_dags/example_latest_only.py
[2023-10-28T08:00:01.194+0000] {processor.py:809} INFO - DAG(s) dict_keys(['latest_only']) retrieved from /usr/local/lib/python3.10/dist-packages/airflow/example_dags/example_latest_only.py
[2023-10-28T08:00:01.246+0000] {logging_mixin.py:149} INFO - [2023-10-28T08:00:01.246+0000] {dag.py:2726} INFO - Sync 1 DAGs
[2023-10-28T08:00:01.303+0000] {logging_mixin.py:149} INFO - [2023-10-28T08:00:01.303+0000] {dag.py:3486} INFO - Setting next_dagrun for latest_only to 2023-10-28T04:00:01.302476+00:00, run_after=2023-10-28T08:00:01.302476+00:00
[2023-10-28T08:00:01.395+0000] {processor.py:178} INFO - Processing /usr/local/lib/python3.10/dist-packages/airflow/example_dags/example_latest_only.py took 0.264 seconds
[2023-10-28T08:15:27.966+0000] {processor.py:156} INFO - Started process (PID=1498017) to work on /usr/local/lib/python3.10/dist-packages/airflow/example_dags/example_latest_only.py
[2023-10-28T08:15:28.012+0000] {processor.py:799} INFO - Processing file /usr/local/lib/python3.10/dist-packages/airflow/example_dags/example_latest_only.py for tasks to queue
[2023-10-28T08:15:28.014+0000] {logging_mixin.py:149} INFO - [2023-10-28T08:15:28.014+0000] {dagbag.py:541} INFO - Filling up the DagBag from /usr/local/lib/python3.10/dist-packages/airflow/example_dags/example_latest_only.py
[2023-10-28T08:15:28.026+0000] {processor.py:809} INFO - DAG(s) dict_keys(['latest_only']) retrieved from /usr/local/lib/python3.10/dist-packages/airflow/example_dags/example_latest_only.py
[2023-10-28T08:15:28.542+0000] {logging_mixin.py:149} INFO - [2023-10-28T08:15:28.542+0000] {manager.py:504} INFO - Created Permission View: can read on DAG:latest_only
[2023-10-28T08:15:28.572+0000] {logging_mixin.py:149} INFO - [2023-10-28T08:15:28.572+0000] {manager.py:504} INFO - Created Permission View: can delete on DAG:latest_only
[2023-10-28T08:15:28.597+0000] {logging_mixin.py:149} INFO - [2023-10-28T08:15:28.596+0000] {manager.py:504} INFO - Created Permission View: can edit on DAG:latest_only
[2023-10-28T08:15:28.597+0000] {logging_mixin.py:149} INFO - [2023-10-28T08:15:28.597+0000] {dag.py:2726} INFO - Sync 1 DAGs
[2023-10-28T08:15:28.631+0000] {logging_mixin.py:149} INFO - [2023-10-28T08:15:28.630+0000] {dag.py:2747} INFO - Creating ORM DAG for latest_only
[2023-10-28T08:15:28.663+0000] {logging_mixin.py:149} INFO - [2023-10-28T08:15:28.662+0000] {dag.py:3486} INFO - Setting next_dagrun for latest_only to 2023-10-28T04:15:28.662104+00:00, run_after=2023-10-28T08:15:28.662104+00:00
[2023-10-28T08:15:28.764+0000] {processor.py:178} INFO - Processing /usr/local/lib/python3.10/dist-packages/airflow/example_dags/example_latest_only.py took 0.805 seconds
[2023-10-28T08:15:59.609+0000] {processor.py:156} INFO - Started process (PID=1498719) to work on /usr/local/lib/python3.10/dist-packages/airflow/example_dags/example_latest_only.py
[2023-10-28T08:15:59.646+0000] {processor.py:799} INFO - Processing file /usr/local/lib/python3.10/dist-packages/airflow/example_dags/example_latest_only.py for tasks to queue
[2023-10-28T08:15:59.648+0000] {logging_mixin.py:149} INFO - [2023-10-28T08:15:59.647+0000] {dagbag.py:541} INFO - Filling up the DagBag from /usr/local/lib/python3.10/dist-packages/airflow/example_dags/example_latest_only.py
[2023-10-28T08:15:59.661+0000] {processor.py:809} INFO - DAG(s) dict_keys(['latest_only']) retrieved from /usr/local/lib/python3.10/dist-packages/airflow/example_dags/example_latest_only.py
[2023-10-28T08:15:59.741+0000] {logging_mixin.py:149} INFO - [2023-10-28T08:15:59.740+0000] {dag.py:2726} INFO - Sync 1 DAGs
[2023-10-28T08:15:59.828+0000] {logging_mixin.py:149} INFO - [2023-10-28T08:15:59.828+0000] {dag.py:3486} INFO - Setting next_dagrun for latest_only to 2023-10-28T04:15:59.827346+00:00, run_after=2023-10-28T08:15:59.827346+00:00
[2023-10-28T08:15:59.929+0000] {processor.py:178} INFO - Processing /usr/local/lib/python3.10/dist-packages/airflow/example_dags/example_latest_only.py took 0.327 seconds
[2023-10-28T08:16:30.275+0000] {processor.py:156} INFO - Started process (PID=1500074) to work on /usr/local/lib/python3.10/dist-packages/airflow/example_dags/example_latest_only.py
[2023-10-28T08:16:30.320+0000] {processor.py:799} INFO - Processing file /usr/local/lib/python3.10/dist-packages/airflow/example_dags/example_latest_only.py for tasks to queue
[2023-10-28T08:16:30.322+0000] {logging_mixin.py:149} INFO - [2023-10-28T08:16:30.321+0000] {dagbag.py:541} INFO - Filling up the DagBag from /usr/local/lib/python3.10/dist-packages/airflow/example_dags/example_latest_only.py
[2023-10-28T08:16:30.335+0000] {processor.py:809} INFO - DAG(s) dict_keys(['latest_only']) retrieved from /usr/local/lib/python3.10/dist-packages/airflow/example_dags/example_latest_only.py
[2023-10-28T08:16:30.421+0000] {logging_mixin.py:149} INFO - [2023-10-28T08:16:30.420+0000] {dag.py:2726} INFO - Sync 1 DAGs
[2023-10-28T08:16:30.494+0000] {logging_mixin.py:149} INFO - [2023-10-28T08:16:30.493+0000] {dag.py:3486} INFO - Setting next_dagrun for latest_only to 2023-10-28T04:16:30.493369+00:00, run_after=2023-10-28T08:16:30.493369+00:00
[2023-10-28T08:16:30.589+0000] {processor.py:178} INFO - Processing /usr/local/lib/python3.10/dist-packages/airflow/example_dags/example_latest_only.py took 0.321 seconds
[2023-10-28T08:17:00.891+0000] {processor.py:156} INFO - Started process (PID=1500730) to work on /usr/local/lib/python3.10/dist-packages/airflow/example_dags/example_latest_only.py
[2023-10-28T08:17:00.892+0000] {processor.py:799} INFO - Processing file /usr/local/lib/python3.10/dist-packages/airflow/example_dags/example_latest_only.py for tasks to queue
[2023-10-28T08:17:00.894+0000] {logging_mixin.py:149} INFO - [2023-10-28T08:17:00.894+0000] {dagbag.py:541} INFO - Filling up the DagBag from /usr/local/lib/python3.10/dist-packages/airflow/example_dags/example_latest_only.py
[2023-10-28T08:17:00.907+0000] {processor.py:809} INFO - DAG(s) dict_keys(['latest_only']) retrieved from /usr/local/lib/python3.10/dist-packages/airflow/example_dags/example_latest_only.py
[2023-10-28T08:17:00.981+0000] {logging_mixin.py:149} INFO - [2023-10-28T08:17:00.981+0000] {dag.py:2726} INFO - Sync 1 DAGs
[2023-10-28T08:17:01.055+0000] {logging_mixin.py:149} INFO - [2023-10-28T08:17:01.054+0000] {dag.py:3486} INFO - Setting next_dagrun for latest_only to 2023-10-28T04:17:01.054133+00:00, run_after=2023-10-28T08:17:01.054133+00:00
[2023-10-28T08:17:01.158+0000] {processor.py:178} INFO - Processing /usr/local/lib/python3.10/dist-packages/airflow/example_dags/example_latest_only.py took 0.274 seconds
[2023-10-28T08:17:31.619+0000] {processor.py:156} INFO - Started process (PID=1501188) to work on /usr/local/lib/python3.10/dist-packages/airflow/example_dags/example_latest_only.py
[2023-10-28T08:17:31.656+0000] {processor.py:799} INFO - Processing file /usr/local/lib/python3.10/dist-packages/airflow/example_dags/example_latest_only.py for tasks to queue
[2023-10-28T08:17:31.658+0000] {logging_mixin.py:149} INFO - [2023-10-28T08:17:31.658+0000] {dagbag.py:541} INFO - Filling up the DagBag from /usr/local/lib/python3.10/dist-packages/airflow/example_dags/example_latest_only.py
[2023-10-28T08:17:31.672+0000] {processor.py:809} INFO - DAG(s) dict_keys(['latest_only']) retrieved from /usr/local/lib/python3.10/dist-packages/airflow/example_dags/example_latest_only.py
[2023-10-28T08:17:31.746+0000] {logging_mixin.py:149} INFO - [2023-10-28T08:17:31.746+0000] {dag.py:2726} INFO - Sync 1 DAGs
[2023-10-28T08:17:31.819+0000] {logging_mixin.py:149} INFO - [2023-10-28T08:17:31.818+0000] {dag.py:3486} INFO - Setting next_dagrun for latest_only to 2023-10-28T04:17:31.818032+00:00, run_after=2023-10-28T08:17:31.818032+00:00
[2023-10-28T08:17:31.917+0000] {processor.py:178} INFO - Processing /usr/local/lib/python3.10/dist-packages/airflow/example_dags/example_latest_only.py took 0.306 seconds
[2023-10-28T08:18:02.208+0000] {processor.py:156} INFO - Started process (PID=1501562) to work on /usr/local/lib/python3.10/dist-packages/airflow/example_dags/example_latest_only.py
[2023-10-28T08:18:02.248+0000] {processor.py:799} INFO - Processing file /usr/local/lib/python3.10/dist-packages/airflow/example_dags/example_latest_only.py for tasks to queue
[2023-10-28T08:18:02.250+0000] {logging_mixin.py:149} INFO - [2023-10-28T08:18:02.249+0000] {dagbag.py:541} INFO - Filling up the DagBag from /usr/local/lib/python3.10/dist-packages/airflow/example_dags/example_latest_only.py
[2023-10-28T08:18:02.262+0000] {processor.py:809} INFO - DAG(s) dict_keys(['latest_only']) retrieved from /usr/local/lib/python3.10/dist-packages/airflow/example_dags/example_latest_only.py
[2023-10-28T08:18:02.344+0000] {logging_mixin.py:149} INFO - [2023-10-28T08:18:02.344+0000] {dag.py:2726} INFO - Sync 1 DAGs
[2023-10-28T08:18:02.435+0000] {logging_mixin.py:149} INFO - [2023-10-28T08:18:02.434+0000] {dag.py:3486} INFO - Setting next_dagrun for latest_only to 2023-10-28T04:18:02.433917+00:00, run_after=2023-10-28T08:18:02.433917+00:00
[2023-10-28T08:18:02.542+0000] {processor.py:178} INFO - Processing /usr/local/lib/python3.10/dist-packages/airflow/example_dags/example_latest_only.py took 0.342 seconds
[2023-10-28T08:18:33.139+0000] {processor.py:156} INFO - Started process (PID=1501924) to work on /usr/local/lib/python3.10/dist-packages/airflow/example_dags/example_latest_only.py
[2023-10-28T08:18:33.173+0000] {processor.py:799} INFO - Processing file /usr/local/lib/python3.10/dist-packages/airflow/example_dags/example_latest_only.py for tasks to queue
[2023-10-28T08:18:33.175+0000] {logging_mixin.py:149} INFO - [2023-10-28T08:18:33.174+0000] {dagbag.py:541} INFO - Filling up the DagBag from /usr/local/lib/python3.10/dist-packages/airflow/example_dags/example_latest_only.py
[2023-10-28T08:18:33.188+0000] {processor.py:809} INFO - DAG(s) dict_keys(['latest_only']) retrieved from /usr/local/lib/python3.10/dist-packages/airflow/example_dags/example_latest_only.py
[2023-10-28T08:18:33.269+0000] {logging_mixin.py:149} INFO - [2023-10-28T08:18:33.268+0000] {dag.py:2726} INFO - Sync 1 DAGs
[2023-10-28T08:18:33.351+0000] {logging_mixin.py:149} INFO - [2023-10-28T08:18:33.351+0000] {dag.py:3486} INFO - Setting next_dagrun for latest_only to 2023-10-28T04:18:33.350577+00:00, run_after=2023-10-28T08:18:33.350577+00:00
[2023-10-28T08:18:33.460+0000] {processor.py:178} INFO - Processing /usr/local/lib/python3.10/dist-packages/airflow/example_dags/example_latest_only.py took 0.330 seconds
[2023-10-28T08:19:03.816+0000] {processor.py:156} INFO - Started process (PID=1502305) to work on /usr/local/lib/python3.10/dist-packages/airflow/example_dags/example_latest_only.py
[2023-10-28T08:19:03.871+0000] {processor.py:799} INFO - Processing file /usr/local/lib/python3.10/dist-packages/airflow/example_dags/example_latest_only.py for tasks to queue
[2023-10-28T08:19:03.873+0000] {logging_mixin.py:149} INFO - [2023-10-28T08:19:03.873+0000] {dagbag.py:541} INFO - Filling up the DagBag from /usr/local/lib/python3.10/dist-packages/airflow/example_dags/example_latest_only.py
[2023-10-28T08:19:03.887+0000] {processor.py:809} INFO - DAG(s) dict_keys(['latest_only']) retrieved from /usr/local/lib/python3.10/dist-packages/airflow/example_dags/example_latest_only.py
[2023-10-28T08:19:03.966+0000] {logging_mixin.py:149} INFO - [2023-10-28T08:19:03.965+0000] {dag.py:2726} INFO - Sync 1 DAGs
[2023-10-28T08:19:04.046+0000] {logging_mixin.py:149} INFO - [2023-10-28T08:19:04.046+0000] {dag.py:3486} INFO - Setting next_dagrun for latest_only to 2023-10-28T04:19:04.045423+00:00, run_after=2023-10-28T08:19:04.045423+00:00
[2023-10-28T08:19:04.152+0000] {processor.py:178} INFO - Processing /usr/local/lib/python3.10/dist-packages/airflow/example_dags/example_latest_only.py took 0.344 seconds
[2023-10-28T08:19:34.757+0000] {processor.py:156} INFO - Started process (PID=1502674) to work on /usr/local/lib/python3.10/dist-packages/airflow/example_dags/example_latest_only.py
[2023-10-28T08:19:34.795+0000] {processor.py:799} INFO - Processing file /usr/local/lib/python3.10/dist-packages/airflow/example_dags/example_latest_only.py for tasks to queue
[2023-10-28T08:19:34.797+0000] {logging_mixin.py:149} INFO - [2023-10-28T08:19:34.797+0000] {dagbag.py:541} INFO - Filling up the DagBag from /usr/local/lib/python3.10/dist-packages/airflow/example_dags/example_latest_only.py
[2023-10-28T08:19:34.810+0000] {processor.py:809} INFO - DAG(s) dict_keys(['latest_only']) retrieved from /usr/local/lib/python3.10/dist-packages/airflow/example_dags/example_latest_only.py
[2023-10-28T08:19:34.888+0000] {logging_mixin.py:149} INFO - [2023-10-28T08:19:34.887+0000] {dag.py:2726} INFO - Sync 1 DAGs
[2023-10-28T08:19:34.969+0000] {logging_mixin.py:149} INFO - [2023-10-28T08:19:34.969+0000] {dag.py:3486} INFO - Setting next_dagrun for latest_only to 2023-10-28T04:19:34.968597+00:00, run_after=2023-10-28T08:19:34.968597+00:00
[2023-10-28T08:19:35.083+0000] {processor.py:178} INFO - Processing /usr/local/lib/python3.10/dist-packages/airflow/example_dags/example_latest_only.py took 0.333 seconds
[2023-10-28T08:20:05.676+0000] {processor.py:156} INFO - Started process (PID=1503058) to work on /usr/local/lib/python3.10/dist-packages/airflow/example_dags/example_latest_only.py
[2023-10-28T08:20:05.718+0000] {processor.py:799} INFO - Processing file /usr/local/lib/python3.10/dist-packages/airflow/example_dags/example_latest_only.py for tasks to queue
[2023-10-28T08:20:05.720+0000] {logging_mixin.py:149} INFO - [2023-10-28T08:20:05.720+0000] {dagbag.py:541} INFO - Filling up the DagBag from /usr/local/lib/python3.10/dist-packages/airflow/example_dags/example_latest_only.py
[2023-10-28T08:20:05.732+0000] {processor.py:809} INFO - DAG(s) dict_keys(['latest_only']) retrieved from /usr/local/lib/python3.10/dist-packages/airflow/example_dags/example_latest_only.py
[2023-10-28T08:20:05.810+0000] {logging_mixin.py:149} INFO - [2023-10-28T08:20:05.810+0000] {dag.py:2726} INFO - Sync 1 DAGs
[2023-10-28T08:20:05.891+0000] {logging_mixin.py:149} INFO - [2023-10-28T08:20:05.890+0000] {dag.py:3486} INFO - Setting next_dagrun for latest_only to 2023-10-28T04:20:05.890205+00:00, run_after=2023-10-28T08:20:05.890205+00:00
[2023-10-28T08:20:05.993+0000] {processor.py:178} INFO - Processing /usr/local/lib/python3.10/dist-packages/airflow/example_dags/example_latest_only.py took 0.324 seconds
[2023-10-28T08:20:36.397+0000] {processor.py:156} INFO - Started process (PID=1503543) to work on /usr/local/lib/python3.10/dist-packages/airflow/example_dags/example_latest_only.py
[2023-10-28T08:20:36.441+0000] {processor.py:799} INFO - Processing file /usr/local/lib/python3.10/dist-packages/airflow/example_dags/example_latest_only.py for tasks to queue
[2023-10-28T08:20:36.443+0000] {logging_mixin.py:149} INFO - [2023-10-28T08:20:36.442+0000] {dagbag.py:541} INFO - Filling up the DagBag from /usr/local/lib/python3.10/dist-packages/airflow/example_dags/example_latest_only.py
[2023-10-28T08:20:36.457+0000] {processor.py:809} INFO - DAG(s) dict_keys(['latest_only']) retrieved from /usr/local/lib/python3.10/dist-packages/airflow/example_dags/example_latest_only.py
[2023-10-28T08:20:36.532+0000] {logging_mixin.py:149} INFO - [2023-10-28T08:20:36.531+0000] {dag.py:2726} INFO - Sync 1 DAGs
[2023-10-28T08:20:36.610+0000] {logging_mixin.py:149} INFO - [2023-10-28T08:20:36.610+0000] {dag.py:3486} INFO - Setting next_dagrun for latest_only to 2023-10-28T04:20:36.609519+00:00, run_after=2023-10-28T08:20:36.609519+00:00
[2023-10-28T08:20:36.702+0000] {processor.py:178} INFO - Processing /usr/local/lib/python3.10/dist-packages/airflow/example_dags/example_latest_only.py took 0.312 seconds
[2023-10-28T08:21:07.086+0000] {processor.py:156} INFO - Started process (PID=1503998) to work on /usr/local/lib/python3.10/dist-packages/airflow/example_dags/example_latest_only.py
[2023-10-28T08:21:07.089+0000] {processor.py:799} INFO - Processing file /usr/local/lib/python3.10/dist-packages/airflow/example_dags/example_latest_only.py for tasks to queue
[2023-10-28T08:21:07.091+0000] {logging_mixin.py:149} INFO - [2023-10-28T08:21:07.090+0000] {dagbag.py:541} INFO - Filling up the DagBag from /usr/local/lib/python3.10/dist-packages/airflow/example_dags/example_latest_only.py
[2023-10-28T08:21:07.103+0000] {processor.py:809} INFO - DAG(s) dict_keys(['latest_only']) retrieved from /usr/local/lib/python3.10/dist-packages/airflow/example_dags/example_latest_only.py
[2023-10-28T08:21:07.185+0000] {logging_mixin.py:149} INFO - [2023-10-28T08:21:07.184+0000] {dag.py:2726} INFO - Sync 1 DAGs
[2023-10-28T08:21:07.270+0000] {logging_mixin.py:149} INFO - [2023-10-28T08:21:07.269+0000] {dag.py:3486} INFO - Setting next_dagrun for latest_only to 2023-10-28T04:21:07.268555+00:00, run_after=2023-10-28T08:21:07.268555+00:00
[2023-10-28T08:21:07.381+0000] {processor.py:178} INFO - Processing /usr/local/lib/python3.10/dist-packages/airflow/example_dags/example_latest_only.py took 0.303 seconds
[2023-10-28T08:21:37.795+0000] {processor.py:156} INFO - Started process (PID=1504704) to work on /usr/local/lib/python3.10/dist-packages/airflow/example_dags/example_latest_only.py
[2023-10-28T08:21:37.796+0000] {processor.py:799} INFO - Processing file /usr/local/lib/python3.10/dist-packages/airflow/example_dags/example_latest_only.py for tasks to queue
[2023-10-28T08:21:37.798+0000] {logging_mixin.py:149} INFO - [2023-10-28T08:21:37.798+0000] {dagbag.py:541} INFO - Filling up the DagBag from /usr/local/lib/python3.10/dist-packages/airflow/example_dags/example_latest_only.py
[2023-10-28T08:21:37.811+0000] {processor.py:809} INFO - DAG(s) dict_keys(['latest_only']) retrieved from /usr/local/lib/python3.10/dist-packages/airflow/example_dags/example_latest_only.py
[2023-10-28T08:21:37.891+0000] {logging_mixin.py:149} INFO - [2023-10-28T08:21:37.891+0000] {dag.py:2726} INFO - Sync 1 DAGs
[2023-10-28T08:21:37.970+0000] {logging_mixin.py:149} INFO - [2023-10-28T08:21:37.969+0000] {dag.py:3486} INFO - Setting next_dagrun for latest_only to 2023-10-28T04:21:37.969008+00:00, run_after=2023-10-28T08:21:37.969008+00:00
[2023-10-28T08:21:38.073+0000] {processor.py:178} INFO - Processing /usr/local/lib/python3.10/dist-packages/airflow/example_dags/example_latest_only.py took 0.285 seconds
[2023-10-28T08:22:08.391+0000] {processor.py:156} INFO - Started process (PID=1505455) to work on /usr/local/lib/python3.10/dist-packages/airflow/example_dags/example_latest_only.py
[2023-10-28T08:22:08.425+0000] {processor.py:799} INFO - Processing file /usr/local/lib/python3.10/dist-packages/airflow/example_dags/example_latest_only.py for tasks to queue
[2023-10-28T08:22:08.427+0000] {logging_mixin.py:149} INFO - [2023-10-28T08:22:08.426+0000] {dagbag.py:541} INFO - Filling up the DagBag from /usr/local/lib/python3.10/dist-packages/airflow/example_dags/example_latest_only.py
[2023-10-28T08:22:08.439+0000] {processor.py:809} INFO - DAG(s) dict_keys(['latest_only']) retrieved from /usr/local/lib/python3.10/dist-packages/airflow/example_dags/example_latest_only.py
[2023-10-28T08:22:08.513+0000] {logging_mixin.py:149} INFO - [2023-10-28T08:22:08.512+0000] {dag.py:2726} INFO - Sync 1 DAGs
[2023-10-28T08:22:08.585+0000] {logging_mixin.py:149} INFO - [2023-10-28T08:22:08.585+0000] {dag.py:3486} INFO - Setting next_dagrun for latest_only to 2023-10-28T04:22:08.584418+00:00, run_after=2023-10-28T08:22:08.584418+00:00
[2023-10-28T08:22:08.680+0000] {processor.py:178} INFO - Processing /usr/local/lib/python3.10/dist-packages/airflow/example_dags/example_latest_only.py took 0.298 seconds
[2023-10-28T08:22:38.947+0000] {processor.py:156} INFO - Started process (PID=1506021) to work on /usr/local/lib/python3.10/dist-packages/airflow/example_dags/example_latest_only.py
[2023-10-28T08:22:38.949+0000] {processor.py:799} INFO - Processing file /usr/local/lib/python3.10/dist-packages/airflow/example_dags/example_latest_only.py for tasks to queue
[2023-10-28T08:22:38.951+0000] {logging_mixin.py:149} INFO - [2023-10-28T08:22:38.951+0000] {dagbag.py:541} INFO - Filling up the DagBag from /usr/local/lib/python3.10/dist-packages/airflow/example_dags/example_latest_only.py
[2023-10-28T08:22:38.963+0000] {processor.py:809} INFO - DAG(s) dict_keys(['latest_only']) retrieved from /usr/local/lib/python3.10/dist-packages/airflow/example_dags/example_latest_only.py
[2023-10-28T08:22:39.042+0000] {logging_mixin.py:149} INFO - [2023-10-28T08:22:39.042+0000] {dag.py:2726} INFO - Sync 1 DAGs
[2023-10-28T08:22:39.120+0000] {logging_mixin.py:149} INFO - [2023-10-28T08:22:39.120+0000] {dag.py:3486} INFO - Setting next_dagrun for latest_only to 2023-10-28T04:22:39.119531+00:00, run_after=2023-10-28T08:22:39.119531+00:00
[2023-10-28T08:22:39.218+0000] {processor.py:178} INFO - Processing /usr/local/lib/python3.10/dist-packages/airflow/example_dags/example_latest_only.py took 0.278 seconds
[2023-10-28T08:23:09.819+0000] {processor.py:156} INFO - Started process (PID=1506438) to work on /usr/local/lib/python3.10/dist-packages/airflow/example_dags/example_latest_only.py
[2023-10-28T08:23:09.821+0000] {processor.py:799} INFO - Processing file /usr/local/lib/python3.10/dist-packages/airflow/example_dags/example_latest_only.py for tasks to queue
[2023-10-28T08:23:09.823+0000] {logging_mixin.py:149} INFO - [2023-10-28T08:23:09.823+0000] {dagbag.py:541} INFO - Filling up the DagBag from /usr/local/lib/python3.10/dist-packages/airflow/example_dags/example_latest_only.py
[2023-10-28T08:23:09.837+0000] {processor.py:809} INFO - DAG(s) dict_keys(['latest_only']) retrieved from /usr/local/lib/python3.10/dist-packages/airflow/example_dags/example_latest_only.py
[2023-10-28T08:23:09.918+0000] {logging_mixin.py:149} INFO - [2023-10-28T08:23:09.917+0000] {dag.py:2726} INFO - Sync 1 DAGs
[2023-10-28T08:23:10.002+0000] {logging_mixin.py:149} INFO - [2023-10-28T08:23:10.001+0000] {dag.py:3486} INFO - Setting next_dagrun for latest_only to 2023-10-28T04:23:10.001213+00:00, run_after=2023-10-28T08:23:10.001213+00:00
[2023-10-28T08:23:10.120+0000] {processor.py:178} INFO - Processing /usr/local/lib/python3.10/dist-packages/airflow/example_dags/example_latest_only.py took 0.308 seconds
[2023-10-28T08:23:40.479+0000] {processor.py:156} INFO - Started process (PID=1506946) to work on /usr/local/lib/python3.10/dist-packages/airflow/example_dags/example_latest_only.py
[2023-10-28T08:23:40.481+0000] {processor.py:799} INFO - Processing file /usr/local/lib/python3.10/dist-packages/airflow/example_dags/example_latest_only.py for tasks to queue
[2023-10-28T08:23:40.483+0000] {logging_mixin.py:149} INFO - [2023-10-28T08:23:40.482+0000] {dagbag.py:541} INFO - Filling up the DagBag from /usr/local/lib/python3.10/dist-packages/airflow/example_dags/example_latest_only.py
[2023-10-28T08:23:40.495+0000] {processor.py:809} INFO - DAG(s) dict_keys(['latest_only']) retrieved from /usr/local/lib/python3.10/dist-packages/airflow/example_dags/example_latest_only.py
[2023-10-28T08:23:40.569+0000] {logging_mixin.py:149} INFO - [2023-10-28T08:23:40.568+0000] {dag.py:2726} INFO - Sync 1 DAGs
[2023-10-28T08:23:40.650+0000] {logging_mixin.py:149} INFO - [2023-10-28T08:23:40.649+0000] {dag.py:3486} INFO - Setting next_dagrun for latest_only to 2023-10-28T04:23:40.649006+00:00, run_after=2023-10-28T08:23:40.649006+00:00
[2023-10-28T08:23:40.713+0000] {processor.py:178} INFO - Processing /usr/local/lib/python3.10/dist-packages/airflow/example_dags/example_latest_only.py took 0.242 seconds
[2023-10-28T08:24:11.196+0000] {processor.py:156} INFO - Started process (PID=1507487) to work on /usr/local/lib/python3.10/dist-packages/airflow/example_dags/example_latest_only.py
[2023-10-28T08:24:11.234+0000] {processor.py:799} INFO - Processing file /usr/local/lib/python3.10/dist-packages/airflow/example_dags/example_latest_only.py for tasks to queue
[2023-10-28T08:24:11.235+0000] {logging_mixin.py:149} INFO - [2023-10-28T08:24:11.235+0000] {dagbag.py:541} INFO - Filling up the DagBag from /usr/local/lib/python3.10/dist-packages/airflow/example_dags/example_latest_only.py
[2023-10-28T08:24:11.248+0000] {processor.py:809} INFO - DAG(s) dict_keys(['latest_only']) retrieved from /usr/local/lib/python3.10/dist-packages/airflow/example_dags/example_latest_only.py
[2023-10-28T08:24:11.333+0000] {logging_mixin.py:149} INFO - [2023-10-28T08:24:11.332+0000] {dag.py:2726} INFO - Sync 1 DAGs
[2023-10-28T08:24:11.414+0000] {logging_mixin.py:149} INFO - [2023-10-28T08:24:11.413+0000] {dag.py:3486} INFO - Setting next_dagrun for latest_only to 2023-10-28T04:24:11.412690+00:00, run_after=2023-10-28T08:24:11.412690+00:00
[2023-10-28T08:24:11.518+0000] {processor.py:178} INFO - Processing /usr/local/lib/python3.10/dist-packages/airflow/example_dags/example_latest_only.py took 0.330 seconds
[2023-10-28T08:24:41.712+0000] {processor.py:156} INFO - Started process (PID=1508051) to work on /usr/local/lib/python3.10/dist-packages/airflow/example_dags/example_latest_only.py
[2023-10-28T08:24:41.745+0000] {processor.py:799} INFO - Processing file /usr/local/lib/python3.10/dist-packages/airflow/example_dags/example_latest_only.py for tasks to queue
[2023-10-28T08:24:41.747+0000] {logging_mixin.py:149} INFO - [2023-10-28T08:24:41.746+0000] {dagbag.py:541} INFO - Filling up the DagBag from /usr/local/lib/python3.10/dist-packages/airflow/example_dags/example_latest_only.py
[2023-10-28T08:24:41.759+0000] {processor.py:809} INFO - DAG(s) dict_keys(['latest_only']) retrieved from /usr/local/lib/python3.10/dist-packages/airflow/example_dags/example_latest_only.py
[2023-10-28T08:24:41.833+0000] {logging_mixin.py:149} INFO - [2023-10-28T08:24:41.833+0000] {dag.py:2726} INFO - Sync 1 DAGs
[2023-10-28T08:24:41.906+0000] {logging_mixin.py:149} INFO - [2023-10-28T08:24:41.905+0000] {dag.py:3486} INFO - Setting next_dagrun for latest_only to 2023-10-28T04:24:41.905405+00:00, run_after=2023-10-28T08:24:41.905405+00:00
[2023-10-28T08:24:42.002+0000] {processor.py:178} INFO - Processing /usr/local/lib/python3.10/dist-packages/airflow/example_dags/example_latest_only.py took 0.298 seconds
[2023-10-28T08:25:12.197+0000] {processor.py:156} INFO - Started process (PID=1508565) to work on /usr/local/lib/python3.10/dist-packages/airflow/example_dags/example_latest_only.py
[2023-10-28T08:25:12.236+0000] {processor.py:799} INFO - Processing file /usr/local/lib/python3.10/dist-packages/airflow/example_dags/example_latest_only.py for tasks to queue
[2023-10-28T08:25:12.238+0000] {logging_mixin.py:149} INFO - [2023-10-28T08:25:12.238+0000] {dagbag.py:541} INFO - Filling up the DagBag from /usr/local/lib/python3.10/dist-packages/airflow/example_dags/example_latest_only.py
[2023-10-28T08:25:12.251+0000] {processor.py:809} INFO - DAG(s) dict_keys(['latest_only']) retrieved from /usr/local/lib/python3.10/dist-packages/airflow/example_dags/example_latest_only.py
[2023-10-28T08:25:12.330+0000] {logging_mixin.py:149} INFO - [2023-10-28T08:25:12.330+0000] {dag.py:2726} INFO - Sync 1 DAGs
[2023-10-28T08:25:12.407+0000] {logging_mixin.py:149} INFO - [2023-10-28T08:25:12.406+0000] {dag.py:3486} INFO - Setting next_dagrun for latest_only to 2023-10-28T04:25:12.405326+00:00, run_after=2023-10-28T08:25:12.405326+00:00
[2023-10-28T08:25:12.481+0000] {processor.py:178} INFO - Processing /usr/local/lib/python3.10/dist-packages/airflow/example_dags/example_latest_only.py took 0.292 seconds
[2023-10-28T08:25:42.732+0000] {processor.py:156} INFO - Started process (PID=1509290) to work on /usr/local/lib/python3.10/dist-packages/airflow/example_dags/example_latest_only.py
[2023-10-28T08:25:42.757+0000] {processor.py:799} INFO - Processing file /usr/local/lib/python3.10/dist-packages/airflow/example_dags/example_latest_only.py for tasks to queue
[2023-10-28T08:25:42.759+0000] {logging_mixin.py:149} INFO - [2023-10-28T08:25:42.759+0000] {dagbag.py:541} INFO - Filling up the DagBag from /usr/local/lib/python3.10/dist-packages/airflow/example_dags/example_latest_only.py
[2023-10-28T08:25:42.772+0000] {processor.py:809} INFO - DAG(s) dict_keys(['latest_only']) retrieved from /usr/local/lib/python3.10/dist-packages/airflow/example_dags/example_latest_only.py
[2023-10-28T08:25:42.852+0000] {logging_mixin.py:149} INFO - [2023-10-28T08:25:42.851+0000] {dag.py:2726} INFO - Sync 1 DAGs
[2023-10-28T08:25:42.931+0000] {logging_mixin.py:149} INFO - [2023-10-28T08:25:42.931+0000] {dag.py:3486} INFO - Setting next_dagrun for latest_only to 2023-10-28T04:25:42.930472+00:00, run_after=2023-10-28T08:25:42.930472+00:00
[2023-10-28T08:25:43.028+0000] {processor.py:178} INFO - Processing /usr/local/lib/python3.10/dist-packages/airflow/example_dags/example_latest_only.py took 0.303 seconds
[2023-10-28T08:26:13.380+0000] {processor.py:156} INFO - Started process (PID=1509670) to work on /usr/local/lib/python3.10/dist-packages/airflow/example_dags/example_latest_only.py
[2023-10-28T08:26:13.400+0000] {processor.py:799} INFO - Processing file /usr/local/lib/python3.10/dist-packages/airflow/example_dags/example_latest_only.py for tasks to queue
[2023-10-28T08:26:13.402+0000] {logging_mixin.py:149} INFO - [2023-10-28T08:26:13.402+0000] {dagbag.py:541} INFO - Filling up the DagBag from /usr/local/lib/python3.10/dist-packages/airflow/example_dags/example_latest_only.py
[2023-10-28T08:26:13.415+0000] {processor.py:809} INFO - DAG(s) dict_keys(['latest_only']) retrieved from /usr/local/lib/python3.10/dist-packages/airflow/example_dags/example_latest_only.py
[2023-10-28T08:26:13.493+0000] {logging_mixin.py:149} INFO - [2023-10-28T08:26:13.492+0000] {dag.py:2726} INFO - Sync 1 DAGs
[2023-10-28T08:26:13.566+0000] {logging_mixin.py:149} INFO - [2023-10-28T08:26:13.566+0000] {dag.py:3486} INFO - Setting next_dagrun for latest_only to 2023-10-28T04:26:13.565733+00:00, run_after=2023-10-28T08:26:13.565733+00:00
[2023-10-28T08:26:13.660+0000] {processor.py:178} INFO - Processing /usr/local/lib/python3.10/dist-packages/airflow/example_dags/example_latest_only.py took 0.288 seconds
[2023-10-28T08:26:44.000+0000] {processor.py:156} INFO - Started process (PID=1510025) to work on /usr/local/lib/python3.10/dist-packages/airflow/example_dags/example_latest_only.py
[2023-10-28T08:26:44.025+0000] {processor.py:799} INFO - Processing file /usr/local/lib/python3.10/dist-packages/airflow/example_dags/example_latest_only.py for tasks to queue
[2023-10-28T08:26:44.027+0000] {logging_mixin.py:149} INFO - [2023-10-28T08:26:44.027+0000] {dagbag.py:541} INFO - Filling up the DagBag from /usr/local/lib/python3.10/dist-packages/airflow/example_dags/example_latest_only.py
[2023-10-28T08:26:44.040+0000] {processor.py:809} INFO - DAG(s) dict_keys(['latest_only']) retrieved from /usr/local/lib/python3.10/dist-packages/airflow/example_dags/example_latest_only.py
[2023-10-28T08:26:44.119+0000] {logging_mixin.py:149} INFO - [2023-10-28T08:26:44.118+0000] {dag.py:2726} INFO - Sync 1 DAGs
[2023-10-28T08:26:44.203+0000] {logging_mixin.py:149} INFO - [2023-10-28T08:26:44.202+0000] {dag.py:3486} INFO - Setting next_dagrun for latest_only to 2023-10-28T04:26:44.202186+00:00, run_after=2023-10-28T08:26:44.202186+00:00
[2023-10-28T08:26:44.289+0000] {processor.py:178} INFO - Processing /usr/local/lib/python3.10/dist-packages/airflow/example_dags/example_latest_only.py took 0.296 seconds
[2023-10-28T08:27:14.501+0000] {processor.py:156} INFO - Started process (PID=1510601) to work on /usr/local/lib/python3.10/dist-packages/airflow/example_dags/example_latest_only.py
[2023-10-28T08:27:14.503+0000] {processor.py:799} INFO - Processing file /usr/local/lib/python3.10/dist-packages/airflow/example_dags/example_latest_only.py for tasks to queue
[2023-10-28T08:27:14.505+0000] {logging_mixin.py:149} INFO - [2023-10-28T08:27:14.505+0000] {dagbag.py:541} INFO - Filling up the DagBag from /usr/local/lib/python3.10/dist-packages/airflow/example_dags/example_latest_only.py
[2023-10-28T08:27:14.518+0000] {processor.py:809} INFO - DAG(s) dict_keys(['latest_only']) retrieved from /usr/local/lib/python3.10/dist-packages/airflow/example_dags/example_latest_only.py
[2023-10-28T08:27:14.595+0000] {logging_mixin.py:149} INFO - [2023-10-28T08:27:14.595+0000] {dag.py:2726} INFO - Sync 1 DAGs
[2023-10-28T08:27:14.670+0000] {logging_mixin.py:149} INFO - [2023-10-28T08:27:14.669+0000] {dag.py:3486} INFO - Setting next_dagrun for latest_only to 2023-10-28T04:27:14.669080+00:00, run_after=2023-10-28T08:27:14.669080+00:00
[2023-10-28T08:27:14.735+0000] {processor.py:178} INFO - Processing /usr/local/lib/python3.10/dist-packages/airflow/example_dags/example_latest_only.py took 0.241 seconds
[2023-10-28T08:27:45.354+0000] {processor.py:156} INFO - Started process (PID=1510960) to work on /usr/local/lib/python3.10/dist-packages/airflow/example_dags/example_latest_only.py
[2023-10-28T08:27:45.402+0000] {processor.py:799} INFO - Processing file /usr/local/lib/python3.10/dist-packages/airflow/example_dags/example_latest_only.py for tasks to queue
[2023-10-28T08:27:45.404+0000] {logging_mixin.py:149} INFO - [2023-10-28T08:27:45.404+0000] {dagbag.py:541} INFO - Filling up the DagBag from /usr/local/lib/python3.10/dist-packages/airflow/example_dags/example_latest_only.py
[2023-10-28T08:27:45.418+0000] {processor.py:809} INFO - DAG(s) dict_keys(['latest_only']) retrieved from /usr/local/lib/python3.10/dist-packages/airflow/example_dags/example_latest_only.py
[2023-10-28T08:27:45.496+0000] {logging_mixin.py:149} INFO - [2023-10-28T08:27:45.495+0000] {dag.py:2726} INFO - Sync 1 DAGs
[2023-10-28T08:27:45.574+0000] {logging_mixin.py:149} INFO - [2023-10-28T08:27:45.573+0000] {dag.py:3486} INFO - Setting next_dagrun for latest_only to 2023-10-28T04:27:45.572924+00:00, run_after=2023-10-28T08:27:45.572924+00:00
[2023-10-28T08:27:45.672+0000] {processor.py:178} INFO - Processing /usr/local/lib/python3.10/dist-packages/airflow/example_dags/example_latest_only.py took 0.326 seconds
[2023-10-28T08:28:15.926+0000] {processor.py:156} INFO - Started process (PID=1511343) to work on /usr/local/lib/python3.10/dist-packages/airflow/example_dags/example_latest_only.py
[2023-10-28T08:28:15.945+0000] {processor.py:799} INFO - Processing file /usr/local/lib/python3.10/dist-packages/airflow/example_dags/example_latest_only.py for tasks to queue
[2023-10-28T08:28:15.946+0000] {logging_mixin.py:149} INFO - [2023-10-28T08:28:15.946+0000] {dagbag.py:541} INFO - Filling up the DagBag from /usr/local/lib/python3.10/dist-packages/airflow/example_dags/example_latest_only.py
[2023-10-28T08:28:15.959+0000] {processor.py:809} INFO - DAG(s) dict_keys(['latest_only']) retrieved from /usr/local/lib/python3.10/dist-packages/airflow/example_dags/example_latest_only.py
[2023-10-28T08:28:16.033+0000] {logging_mixin.py:149} INFO - [2023-10-28T08:28:16.032+0000] {dag.py:2726} INFO - Sync 1 DAGs
[2023-10-28T08:28:16.109+0000] {logging_mixin.py:149} INFO - [2023-10-28T08:28:16.109+0000] {dag.py:3486} INFO - Setting next_dagrun for latest_only to 2023-10-28T04:28:16.108797+00:00, run_after=2023-10-28T08:28:16.108797+00:00
[2023-10-28T08:28:16.208+0000] {processor.py:178} INFO - Processing /usr/local/lib/python3.10/dist-packages/airflow/example_dags/example_latest_only.py took 0.289 seconds
[2023-10-28T08:28:46.438+0000] {processor.py:156} INFO - Started process (PID=1511700) to work on /usr/local/lib/python3.10/dist-packages/airflow/example_dags/example_latest_only.py
[2023-10-28T08:28:46.440+0000] {processor.py:799} INFO - Processing file /usr/local/lib/python3.10/dist-packages/airflow/example_dags/example_latest_only.py for tasks to queue
[2023-10-28T08:28:46.442+0000] {logging_mixin.py:149} INFO - [2023-10-28T08:28:46.442+0000] {dagbag.py:541} INFO - Filling up the DagBag from /usr/local/lib/python3.10/dist-packages/airflow/example_dags/example_latest_only.py
[2023-10-28T08:28:46.455+0000] {processor.py:809} INFO - DAG(s) dict_keys(['latest_only']) retrieved from /usr/local/lib/python3.10/dist-packages/airflow/example_dags/example_latest_only.py
[2023-10-28T08:28:46.535+0000] {logging_mixin.py:149} INFO - [2023-10-28T08:28:46.534+0000] {dag.py:2726} INFO - Sync 1 DAGs
[2023-10-28T08:28:46.611+0000] {logging_mixin.py:149} INFO - [2023-10-28T08:28:46.610+0000] {dag.py:3486} INFO - Setting next_dagrun for latest_only to 2023-10-28T04:28:46.610064+00:00, run_after=2023-10-28T08:28:46.610064+00:00
[2023-10-28T08:28:46.712+0000] {processor.py:178} INFO - Processing /usr/local/lib/python3.10/dist-packages/airflow/example_dags/example_latest_only.py took 0.281 seconds
[2023-10-28T08:29:17.083+0000] {processor.py:156} INFO - Started process (PID=1512096) to work on /usr/local/lib/python3.10/dist-packages/airflow/example_dags/example_latest_only.py
[2023-10-28T08:29:17.109+0000] {processor.py:799} INFO - Processing file /usr/local/lib/python3.10/dist-packages/airflow/example_dags/example_latest_only.py for tasks to queue
[2023-10-28T08:29:17.111+0000] {logging_mixin.py:149} INFO - [2023-10-28T08:29:17.110+0000] {dagbag.py:541} INFO - Filling up the DagBag from /usr/local/lib/python3.10/dist-packages/airflow/example_dags/example_latest_only.py
[2023-10-28T08:29:17.123+0000] {processor.py:809} INFO - DAG(s) dict_keys(['latest_only']) retrieved from /usr/local/lib/python3.10/dist-packages/airflow/example_dags/example_latest_only.py
[2023-10-28T08:29:17.203+0000] {logging_mixin.py:149} INFO - [2023-10-28T08:29:17.203+0000] {dag.py:2726} INFO - Sync 1 DAGs
[2023-10-28T08:29:17.284+0000] {logging_mixin.py:149} INFO - [2023-10-28T08:29:17.284+0000] {dag.py:3486} INFO - Setting next_dagrun for latest_only to 2023-10-28T04:29:17.283670+00:00, run_after=2023-10-28T08:29:17.283670+00:00
[2023-10-28T08:29:17.382+0000] {processor.py:178} INFO - Processing /usr/local/lib/python3.10/dist-packages/airflow/example_dags/example_latest_only.py took 0.307 seconds
[2023-10-28T08:29:47.609+0000] {processor.py:156} INFO - Started process (PID=1512452) to work on /usr/local/lib/python3.10/dist-packages/airflow/example_dags/example_latest_only.py
[2023-10-28T08:29:47.637+0000] {processor.py:799} INFO - Processing file /usr/local/lib/python3.10/dist-packages/airflow/example_dags/example_latest_only.py for tasks to queue
[2023-10-28T08:29:47.639+0000] {logging_mixin.py:149} INFO - [2023-10-28T08:29:47.639+0000] {dagbag.py:541} INFO - Filling up the DagBag from /usr/local/lib/python3.10/dist-packages/airflow/example_dags/example_latest_only.py
[2023-10-28T08:29:47.652+0000] {processor.py:809} INFO - DAG(s) dict_keys(['latest_only']) retrieved from /usr/local/lib/python3.10/dist-packages/airflow/example_dags/example_latest_only.py
[2023-10-28T08:29:47.734+0000] {logging_mixin.py:149} INFO - [2023-10-28T08:29:47.733+0000] {dag.py:2726} INFO - Sync 1 DAGs
[2023-10-28T08:29:47.811+0000] {logging_mixin.py:149} INFO - [2023-10-28T08:29:47.811+0000] {dag.py:3486} INFO - Setting next_dagrun for latest_only to 2023-10-28T04:29:47.810419+00:00, run_after=2023-10-28T08:29:47.810419+00:00
[2023-10-28T08:29:47.913+0000] {processor.py:178} INFO - Processing /usr/local/lib/python3.10/dist-packages/airflow/example_dags/example_latest_only.py took 0.311 seconds
[2023-10-28T08:30:18.404+0000] {processor.py:156} INFO - Started process (PID=1512835) to work on /usr/local/lib/python3.10/dist-packages/airflow/example_dags/example_latest_only.py
[2023-10-28T08:30:18.429+0000] {processor.py:799} INFO - Processing file /usr/local/lib/python3.10/dist-packages/airflow/example_dags/example_latest_only.py for tasks to queue
[2023-10-28T08:30:18.430+0000] {logging_mixin.py:149} INFO - [2023-10-28T08:30:18.430+0000] {dagbag.py:541} INFO - Filling up the DagBag from /usr/local/lib/python3.10/dist-packages/airflow/example_dags/example_latest_only.py
[2023-10-28T08:30:18.443+0000] {processor.py:809} INFO - DAG(s) dict_keys(['latest_only']) retrieved from /usr/local/lib/python3.10/dist-packages/airflow/example_dags/example_latest_only.py
[2023-10-28T08:30:18.527+0000] {logging_mixin.py:149} INFO - [2023-10-28T08:30:18.526+0000] {dag.py:2726} INFO - Sync 1 DAGs
[2023-10-28T08:30:18.609+0000] {logging_mixin.py:149} INFO - [2023-10-28T08:30:18.609+0000] {dag.py:3486} INFO - Setting next_dagrun for latest_only to 2023-10-28T04:30:18.608557+00:00, run_after=2023-10-28T08:30:18.608557+00:00
[2023-10-28T08:30:18.709+0000] {processor.py:178} INFO - Processing /usr/local/lib/python3.10/dist-packages/airflow/example_dags/example_latest_only.py took 0.313 seconds
[2023-10-28T08:30:48.813+0000] {processor.py:156} INFO - Started process (PID=1513444) to work on /usr/local/lib/python3.10/dist-packages/airflow/example_dags/example_latest_only.py
[2023-10-28T08:30:48.856+0000] {processor.py:799} INFO - Processing file /usr/local/lib/python3.10/dist-packages/airflow/example_dags/example_latest_only.py for tasks to queue
[2023-10-28T08:30:48.858+0000] {logging_mixin.py:149} INFO - [2023-10-28T08:30:48.857+0000] {dagbag.py:541} INFO - Filling up the DagBag from /usr/local/lib/python3.10/dist-packages/airflow/example_dags/example_latest_only.py
[2023-10-28T08:30:48.872+0000] {processor.py:809} INFO - DAG(s) dict_keys(['latest_only']) retrieved from /usr/local/lib/python3.10/dist-packages/airflow/example_dags/example_latest_only.py
[2023-10-28T08:30:48.967+0000] {logging_mixin.py:149} INFO - [2023-10-28T08:30:48.967+0000] {dag.py:2726} INFO - Sync 1 DAGs
[2023-10-28T08:30:49.046+0000] {logging_mixin.py:149} INFO - [2023-10-28T08:30:49.045+0000] {dag.py:3486} INFO - Setting next_dagrun for latest_only to 2023-10-28T04:30:49.045167+00:00, run_after=2023-10-28T08:30:49.045167+00:00
[2023-10-28T08:30:49.161+0000] {processor.py:178} INFO - Processing /usr/local/lib/python3.10/dist-packages/airflow/example_dags/example_latest_only.py took 0.355 seconds
[2023-10-28T08:31:19.341+0000] {processor.py:156} INFO - Started process (PID=1513929) to work on /usr/local/lib/python3.10/dist-packages/airflow/example_dags/example_latest_only.py
[2023-10-28T08:31:19.369+0000] {processor.py:799} INFO - Processing file /usr/local/lib/python3.10/dist-packages/airflow/example_dags/example_latest_only.py for tasks to queue
[2023-10-28T08:31:19.371+0000] {logging_mixin.py:149} INFO - [2023-10-28T08:31:19.370+0000] {dagbag.py:541} INFO - Filling up the DagBag from /usr/local/lib/python3.10/dist-packages/airflow/example_dags/example_latest_only.py
[2023-10-28T08:31:19.383+0000] {processor.py:809} INFO - DAG(s) dict_keys(['latest_only']) retrieved from /usr/local/lib/python3.10/dist-packages/airflow/example_dags/example_latest_only.py
[2023-10-28T08:31:19.463+0000] {logging_mixin.py:149} INFO - [2023-10-28T08:31:19.463+0000] {dag.py:2726} INFO - Sync 1 DAGs
[2023-10-28T08:31:19.535+0000] {logging_mixin.py:149} INFO - [2023-10-28T08:31:19.535+0000] {dag.py:3486} INFO - Setting next_dagrun for latest_only to 2023-10-28T04:31:19.534822+00:00, run_after=2023-10-28T08:31:19.534822+00:00
[2023-10-28T08:31:19.636+0000] {processor.py:178} INFO - Processing /usr/local/lib/python3.10/dist-packages/airflow/example_dags/example_latest_only.py took 0.301 seconds
[2023-10-28T08:31:50.055+0000] {processor.py:156} INFO - Started process (PID=1514483) to work on /usr/local/lib/python3.10/dist-packages/airflow/example_dags/example_latest_only.py
[2023-10-28T08:31:50.057+0000] {processor.py:799} INFO - Processing file /usr/local/lib/python3.10/dist-packages/airflow/example_dags/example_latest_only.py for tasks to queue
[2023-10-28T08:31:50.059+0000] {logging_mixin.py:149} INFO - [2023-10-28T08:31:50.058+0000] {dagbag.py:541} INFO - Filling up the DagBag from /usr/local/lib/python3.10/dist-packages/airflow/example_dags/example_latest_only.py
[2023-10-28T08:31:50.071+0000] {processor.py:809} INFO - DAG(s) dict_keys(['latest_only']) retrieved from /usr/local/lib/python3.10/dist-packages/airflow/example_dags/example_latest_only.py
[2023-10-28T08:31:50.149+0000] {logging_mixin.py:149} INFO - [2023-10-28T08:31:50.149+0000] {dag.py:2726} INFO - Sync 1 DAGs
[2023-10-28T08:31:50.235+0000] {logging_mixin.py:149} INFO - [2023-10-28T08:31:50.235+0000] {dag.py:3486} INFO - Setting next_dagrun for latest_only to 2023-10-28T04:31:50.234812+00:00, run_after=2023-10-28T08:31:50.234812+00:00
[2023-10-28T08:31:50.338+0000] {processor.py:178} INFO - Processing /usr/local/lib/python3.10/dist-packages/airflow/example_dags/example_latest_only.py took 0.291 seconds
[2023-10-28T08:32:21.185+0000] {processor.py:156} INFO - Started process (PID=1515160) to work on /usr/local/lib/python3.10/dist-packages/airflow/example_dags/example_latest_only.py
[2023-10-28T08:32:21.233+0000] {processor.py:799} INFO - Processing file /usr/local/lib/python3.10/dist-packages/airflow/example_dags/example_latest_only.py for tasks to queue
[2023-10-28T08:32:21.235+0000] {logging_mixin.py:149} INFO - [2023-10-28T08:32:21.235+0000] {dagbag.py:541} INFO - Filling up the DagBag from /usr/local/lib/python3.10/dist-packages/airflow/example_dags/example_latest_only.py
[2023-10-28T08:32:21.247+0000] {processor.py:809} INFO - DAG(s) dict_keys(['latest_only']) retrieved from /usr/local/lib/python3.10/dist-packages/airflow/example_dags/example_latest_only.py
[2023-10-28T08:32:21.329+0000] {logging_mixin.py:149} INFO - [2023-10-28T08:32:21.328+0000] {dag.py:2726} INFO - Sync 1 DAGs
[2023-10-28T08:32:21.403+0000] {logging_mixin.py:149} INFO - [2023-10-28T08:32:21.402+0000] {dag.py:3486} INFO - Setting next_dagrun for latest_only to 2023-10-28T04:32:21.402170+00:00, run_after=2023-10-28T08:32:21.402170+00:00
[2023-10-28T08:32:21.505+0000] {processor.py:178} INFO - Processing /usr/local/lib/python3.10/dist-packages/airflow/example_dags/example_latest_only.py took 0.326 seconds
[2023-10-28T08:32:51.655+0000] {processor.py:156} INFO - Started process (PID=1515785) to work on /usr/local/lib/python3.10/dist-packages/airflow/example_dags/example_latest_only.py
[2023-10-28T08:32:51.693+0000] {processor.py:799} INFO - Processing file /usr/local/lib/python3.10/dist-packages/airflow/example_dags/example_latest_only.py for tasks to queue
[2023-10-28T08:32:51.695+0000] {logging_mixin.py:149} INFO - [2023-10-28T08:32:51.695+0000] {dagbag.py:541} INFO - Filling up the DagBag from /usr/local/lib/python3.10/dist-packages/airflow/example_dags/example_latest_only.py
[2023-10-28T08:32:51.709+0000] {processor.py:809} INFO - DAG(s) dict_keys(['latest_only']) retrieved from /usr/local/lib/python3.10/dist-packages/airflow/example_dags/example_latest_only.py
[2023-10-28T08:32:51.782+0000] {logging_mixin.py:149} INFO - [2023-10-28T08:32:51.782+0000] {dag.py:2726} INFO - Sync 1 DAGs
[2023-10-28T08:32:51.863+0000] {logging_mixin.py:149} INFO - [2023-10-28T08:32:51.862+0000] {dag.py:3486} INFO - Setting next_dagrun for latest_only to 2023-10-28T04:32:51.862005+00:00, run_after=2023-10-28T08:32:51.862005+00:00
[2023-10-28T08:32:51.929+0000] {processor.py:178} INFO - Processing /usr/local/lib/python3.10/dist-packages/airflow/example_dags/example_latest_only.py took 0.282 seconds
[2023-10-28T08:33:22.355+0000] {processor.py:156} INFO - Started process (PID=1516192) to work on /usr/local/lib/python3.10/dist-packages/airflow/example_dags/example_latest_only.py
[2023-10-28T08:33:22.357+0000] {processor.py:799} INFO - Processing file /usr/local/lib/python3.10/dist-packages/airflow/example_dags/example_latest_only.py for tasks to queue
[2023-10-28T08:33:22.358+0000] {logging_mixin.py:149} INFO - [2023-10-28T08:33:22.358+0000] {dagbag.py:541} INFO - Filling up the DagBag from /usr/local/lib/python3.10/dist-packages/airflow/example_dags/example_latest_only.py
[2023-10-28T08:33:22.370+0000] {processor.py:809} INFO - DAG(s) dict_keys(['latest_only']) retrieved from /usr/local/lib/python3.10/dist-packages/airflow/example_dags/example_latest_only.py
[2023-10-28T08:33:22.449+0000] {logging_mixin.py:149} INFO - [2023-10-28T08:33:22.449+0000] {dag.py:2726} INFO - Sync 1 DAGs
[2023-10-28T08:33:22.523+0000] {logging_mixin.py:149} INFO - [2023-10-28T08:33:22.522+0000] {dag.py:3486} INFO - Setting next_dagrun for latest_only to 2023-10-28T04:33:22.522137+00:00, run_after=2023-10-28T08:33:22.522137+00:00
[2023-10-28T08:33:22.622+0000] {processor.py:178} INFO - Processing /usr/local/lib/python3.10/dist-packages/airflow/example_dags/example_latest_only.py took 0.273 seconds
[2023-10-28T08:33:53.247+0000] {processor.py:156} INFO - Started process (PID=1516567) to work on /usr/local/lib/python3.10/dist-packages/airflow/example_dags/example_latest_only.py
[2023-10-28T08:33:53.250+0000] {processor.py:799} INFO - Processing file /usr/local/lib/python3.10/dist-packages/airflow/example_dags/example_latest_only.py for tasks to queue
[2023-10-28T08:33:53.251+0000] {logging_mixin.py:149} INFO - [2023-10-28T08:33:53.251+0000] {dagbag.py:541} INFO - Filling up the DagBag from /usr/local/lib/python3.10/dist-packages/airflow/example_dags/example_latest_only.py
[2023-10-28T08:33:53.263+0000] {processor.py:809} INFO - DAG(s) dict_keys(['latest_only']) retrieved from /usr/local/lib/python3.10/dist-packages/airflow/example_dags/example_latest_only.py
[2023-10-28T08:33:53.348+0000] {logging_mixin.py:149} INFO - [2023-10-28T08:33:53.348+0000] {dag.py:2726} INFO - Sync 1 DAGs
[2023-10-28T08:33:53.424+0000] {logging_mixin.py:149} INFO - [2023-10-28T08:33:53.424+0000] {dag.py:3486} INFO - Setting next_dagrun for latest_only to 2023-10-28T04:33:53.423506+00:00, run_after=2023-10-28T08:33:53.423506+00:00
[2023-10-28T08:33:53.528+0000] {processor.py:178} INFO - Processing /usr/local/lib/python3.10/dist-packages/airflow/example_dags/example_latest_only.py took 0.289 seconds
[2023-10-28T08:34:23.727+0000] {processor.py:156} INFO - Started process (PID=1516962) to work on /usr/local/lib/python3.10/dist-packages/airflow/example_dags/example_latest_only.py
[2023-10-28T08:34:23.764+0000] {processor.py:799} INFO - Processing file /usr/local/lib/python3.10/dist-packages/airflow/example_dags/example_latest_only.py for tasks to queue
[2023-10-28T08:34:23.767+0000] {logging_mixin.py:149} INFO - [2023-10-28T08:34:23.766+0000] {dagbag.py:541} INFO - Filling up the DagBag from /usr/local/lib/python3.10/dist-packages/airflow/example_dags/example_latest_only.py
[2023-10-28T08:34:23.781+0000] {processor.py:809} INFO - DAG(s) dict_keys(['latest_only']) retrieved from /usr/local/lib/python3.10/dist-packages/airflow/example_dags/example_latest_only.py
[2023-10-28T08:34:23.874+0000] {logging_mixin.py:149} INFO - [2023-10-28T08:34:23.874+0000] {dag.py:2726} INFO - Sync 1 DAGs
[2023-10-28T08:34:23.957+0000] {logging_mixin.py:149} INFO - [2023-10-28T08:34:23.957+0000] {dag.py:3486} INFO - Setting next_dagrun for latest_only to 2023-10-28T04:34:23.956522+00:00, run_after=2023-10-28T08:34:23.956522+00:00
[2023-10-28T08:34:24.065+0000] {processor.py:178} INFO - Processing /usr/local/lib/python3.10/dist-packages/airflow/example_dags/example_latest_only.py took 0.345 seconds
[2023-10-28T08:34:54.223+0000] {processor.py:156} INFO - Started process (PID=1517319) to work on /usr/local/lib/python3.10/dist-packages/airflow/example_dags/example_latest_only.py
[2023-10-28T08:34:54.261+0000] {processor.py:799} INFO - Processing file /usr/local/lib/python3.10/dist-packages/airflow/example_dags/example_latest_only.py for tasks to queue
[2023-10-28T08:34:54.263+0000] {logging_mixin.py:149} INFO - [2023-10-28T08:34:54.262+0000] {dagbag.py:541} INFO - Filling up the DagBag from /usr/local/lib/python3.10/dist-packages/airflow/example_dags/example_latest_only.py
[2023-10-28T08:34:54.277+0000] {processor.py:809} INFO - DAG(s) dict_keys(['latest_only']) retrieved from /usr/local/lib/python3.10/dist-packages/airflow/example_dags/example_latest_only.py
[2023-10-28T08:34:54.362+0000] {logging_mixin.py:149} INFO - [2023-10-28T08:34:54.361+0000] {dag.py:2726} INFO - Sync 1 DAGs
[2023-10-28T08:34:54.440+0000] {logging_mixin.py:149} INFO - [2023-10-28T08:34:54.439+0000] {dag.py:3486} INFO - Setting next_dagrun for latest_only to 2023-10-28T04:34:54.438944+00:00, run_after=2023-10-28T08:34:54.438944+00:00
[2023-10-28T08:34:54.543+0000] {processor.py:178} INFO - Processing /usr/local/lib/python3.10/dist-packages/airflow/example_dags/example_latest_only.py took 0.327 seconds
[2023-10-28T08:35:25.051+0000] {processor.py:156} INFO - Started process (PID=1517899) to work on /usr/local/lib/python3.10/dist-packages/airflow/example_dags/example_latest_only.py
[2023-10-28T08:35:25.089+0000] {processor.py:799} INFO - Processing file /usr/local/lib/python3.10/dist-packages/airflow/example_dags/example_latest_only.py for tasks to queue
[2023-10-28T08:35:25.091+0000] {logging_mixin.py:149} INFO - [2023-10-28T08:35:25.090+0000] {dagbag.py:541} INFO - Filling up the DagBag from /usr/local/lib/python3.10/dist-packages/airflow/example_dags/example_latest_only.py
[2023-10-28T08:35:25.104+0000] {processor.py:809} INFO - DAG(s) dict_keys(['latest_only']) retrieved from /usr/local/lib/python3.10/dist-packages/airflow/example_dags/example_latest_only.py
[2023-10-28T08:35:25.177+0000] {logging_mixin.py:149} INFO - [2023-10-28T08:35:25.176+0000] {dag.py:2726} INFO - Sync 1 DAGs
[2023-10-28T08:35:25.254+0000] {logging_mixin.py:149} INFO - [2023-10-28T08:35:25.253+0000] {dag.py:3486} INFO - Setting next_dagrun for latest_only to 2023-10-28T04:35:25.253151+00:00, run_after=2023-10-28T08:35:25.253151+00:00
[2023-10-28T08:35:25.352+0000] {processor.py:178} INFO - Processing /usr/local/lib/python3.10/dist-packages/airflow/example_dags/example_latest_only.py took 0.309 seconds
[2023-10-28T08:35:55.870+0000] {processor.py:156} INFO - Started process (PID=1518331) to work on /usr/local/lib/python3.10/dist-packages/airflow/example_dags/example_latest_only.py
[2023-10-28T08:35:55.872+0000] {processor.py:799} INFO - Processing file /usr/local/lib/python3.10/dist-packages/airflow/example_dags/example_latest_only.py for tasks to queue
[2023-10-28T08:35:55.874+0000] {logging_mixin.py:149} INFO - [2023-10-28T08:35:55.873+0000] {dagbag.py:541} INFO - Filling up the DagBag from /usr/local/lib/python3.10/dist-packages/airflow/example_dags/example_latest_only.py
[2023-10-28T08:35:55.886+0000] {processor.py:809} INFO - DAG(s) dict_keys(['latest_only']) retrieved from /usr/local/lib/python3.10/dist-packages/airflow/example_dags/example_latest_only.py
[2023-10-28T08:35:55.965+0000] {logging_mixin.py:149} INFO - [2023-10-28T08:35:55.965+0000] {dag.py:2726} INFO - Sync 1 DAGs
[2023-10-28T08:35:56.041+0000] {logging_mixin.py:149} INFO - [2023-10-28T08:35:56.041+0000] {dag.py:3486} INFO - Setting next_dagrun for latest_only to 2023-10-28T04:35:56.040709+00:00, run_after=2023-10-28T08:35:56.040709+00:00
[2023-10-28T08:35:56.155+0000] {processor.py:178} INFO - Processing /usr/local/lib/python3.10/dist-packages/airflow/example_dags/example_latest_only.py took 0.292 seconds
[2023-10-28T08:36:26.577+0000] {processor.py:156} INFO - Started process (PID=1518716) to work on /usr/local/lib/python3.10/dist-packages/airflow/example_dags/example_latest_only.py
[2023-10-28T08:36:26.608+0000] {processor.py:799} INFO - Processing file /usr/local/lib/python3.10/dist-packages/airflow/example_dags/example_latest_only.py for tasks to queue
[2023-10-28T08:36:26.610+0000] {logging_mixin.py:149} INFO - [2023-10-28T08:36:26.610+0000] {dagbag.py:541} INFO - Filling up the DagBag from /usr/local/lib/python3.10/dist-packages/airflow/example_dags/example_latest_only.py
[2023-10-28T08:36:26.623+0000] {processor.py:809} INFO - DAG(s) dict_keys(['latest_only']) retrieved from /usr/local/lib/python3.10/dist-packages/airflow/example_dags/example_latest_only.py
[2023-10-28T08:36:26.703+0000] {logging_mixin.py:149} INFO - [2023-10-28T08:36:26.702+0000] {dag.py:2726} INFO - Sync 1 DAGs
[2023-10-28T08:36:26.779+0000] {logging_mixin.py:149} INFO - [2023-10-28T08:36:26.778+0000] {dag.py:3486} INFO - Setting next_dagrun for latest_only to 2023-10-28T04:36:26.777983+00:00, run_after=2023-10-28T08:36:26.777983+00:00
[2023-10-28T08:36:26.884+0000] {processor.py:178} INFO - Processing /usr/local/lib/python3.10/dist-packages/airflow/example_dags/example_latest_only.py took 0.314 seconds
[2023-10-28T08:36:57.103+0000] {processor.py:156} INFO - Started process (PID=1519185) to work on /usr/local/lib/python3.10/dist-packages/airflow/example_dags/example_latest_only.py
[2023-10-28T08:36:57.105+0000] {processor.py:799} INFO - Processing file /usr/local/lib/python3.10/dist-packages/airflow/example_dags/example_latest_only.py for tasks to queue
[2023-10-28T08:36:57.109+0000] {logging_mixin.py:149} INFO - [2023-10-28T08:36:57.107+0000] {dagbag.py:541} INFO - Filling up the DagBag from /usr/local/lib/python3.10/dist-packages/airflow/example_dags/example_latest_only.py
[2023-10-28T08:36:57.125+0000] {processor.py:809} INFO - DAG(s) dict_keys(['latest_only']) retrieved from /usr/local/lib/python3.10/dist-packages/airflow/example_dags/example_latest_only.py
[2023-10-28T08:36:57.202+0000] {logging_mixin.py:149} INFO - [2023-10-28T08:36:57.201+0000] {dag.py:2726} INFO - Sync 1 DAGs
[2023-10-28T08:36:57.276+0000] {logging_mixin.py:149} INFO - [2023-10-28T08:36:57.275+0000] {dag.py:3486} INFO - Setting next_dagrun for latest_only to 2023-10-28T04:36:57.275186+00:00, run_after=2023-10-28T08:36:57.275186+00:00
[2023-10-28T08:36:57.371+0000] {processor.py:178} INFO - Processing /usr/local/lib/python3.10/dist-packages/airflow/example_dags/example_latest_only.py took 0.277 seconds
[2023-10-28T08:37:27.518+0000] {processor.py:156} INFO - Started process (PID=1519571) to work on /usr/local/lib/python3.10/dist-packages/airflow/example_dags/example_latest_only.py
[2023-10-28T08:37:27.547+0000] {processor.py:799} INFO - Processing file /usr/local/lib/python3.10/dist-packages/airflow/example_dags/example_latest_only.py for tasks to queue
[2023-10-28T08:37:27.549+0000] {logging_mixin.py:149} INFO - [2023-10-28T08:37:27.548+0000] {dagbag.py:541} INFO - Filling up the DagBag from /usr/local/lib/python3.10/dist-packages/airflow/example_dags/example_latest_only.py
[2023-10-28T08:37:27.565+0000] {processor.py:809} INFO - DAG(s) dict_keys(['latest_only']) retrieved from /usr/local/lib/python3.10/dist-packages/airflow/example_dags/example_latest_only.py
[2023-10-28T08:37:27.644+0000] {logging_mixin.py:149} INFO - [2023-10-28T08:37:27.644+0000] {dag.py:2726} INFO - Sync 1 DAGs
[2023-10-28T08:37:27.723+0000] {logging_mixin.py:149} INFO - [2023-10-28T08:37:27.722+0000] {dag.py:3486} INFO - Setting next_dagrun for latest_only to 2023-10-28T04:37:27.721885+00:00, run_after=2023-10-28T08:37:27.721885+00:00
[2023-10-28T08:37:27.822+0000] {processor.py:178} INFO - Processing /usr/local/lib/python3.10/dist-packages/airflow/example_dags/example_latest_only.py took 0.312 seconds
[2023-10-28T08:37:58.157+0000] {processor.py:156} INFO - Started process (PID=1519960) to work on /usr/local/lib/python3.10/dist-packages/airflow/example_dags/example_latest_only.py
[2023-10-28T08:37:58.201+0000] {processor.py:799} INFO - Processing file /usr/local/lib/python3.10/dist-packages/airflow/example_dags/example_latest_only.py for tasks to queue
[2023-10-28T08:37:58.202+0000] {logging_mixin.py:149} INFO - [2023-10-28T08:37:58.202+0000] {dagbag.py:541} INFO - Filling up the DagBag from /usr/local/lib/python3.10/dist-packages/airflow/example_dags/example_latest_only.py
[2023-10-28T08:37:58.214+0000] {processor.py:809} INFO - DAG(s) dict_keys(['latest_only']) retrieved from /usr/local/lib/python3.10/dist-packages/airflow/example_dags/example_latest_only.py
[2023-10-28T08:37:58.287+0000] {logging_mixin.py:149} INFO - [2023-10-28T08:37:58.287+0000] {dag.py:2726} INFO - Sync 1 DAGs
[2023-10-28T08:37:58.359+0000] {logging_mixin.py:149} INFO - [2023-10-28T08:37:58.358+0000] {dag.py:3486} INFO - Setting next_dagrun for latest_only to 2023-10-28T04:37:58.358004+00:00, run_after=2023-10-28T08:37:58.358004+00:00
[2023-10-28T08:37:58.463+0000] {processor.py:178} INFO - Processing /usr/local/lib/python3.10/dist-packages/airflow/example_dags/example_latest_only.py took 0.313 seconds
[2023-10-28T08:38:28.839+0000] {processor.py:156} INFO - Started process (PID=1520504) to work on /usr/local/lib/python3.10/dist-packages/airflow/example_dags/example_latest_only.py
[2023-10-28T08:38:28.880+0000] {processor.py:799} INFO - Processing file /usr/local/lib/python3.10/dist-packages/airflow/example_dags/example_latest_only.py for tasks to queue
[2023-10-28T08:38:28.882+0000] {logging_mixin.py:149} INFO - [2023-10-28T08:38:28.882+0000] {dagbag.py:541} INFO - Filling up the DagBag from /usr/local/lib/python3.10/dist-packages/airflow/example_dags/example_latest_only.py
[2023-10-28T08:38:28.896+0000] {processor.py:809} INFO - DAG(s) dict_keys(['latest_only']) retrieved from /usr/local/lib/python3.10/dist-packages/airflow/example_dags/example_latest_only.py
[2023-10-28T08:38:28.977+0000] {logging_mixin.py:149} INFO - [2023-10-28T08:38:28.976+0000] {dag.py:2726} INFO - Sync 1 DAGs
[2023-10-28T08:38:29.056+0000] {logging_mixin.py:149} INFO - [2023-10-28T08:38:29.055+0000] {dag.py:3486} INFO - Setting next_dagrun for latest_only to 2023-10-28T04:38:29.054800+00:00, run_after=2023-10-28T08:38:29.054800+00:00
[2023-10-28T08:38:29.156+0000] {processor.py:178} INFO - Processing /usr/local/lib/python3.10/dist-packages/airflow/example_dags/example_latest_only.py took 0.325 seconds
[2023-10-28T08:38:59.973+0000] {processor.py:156} INFO - Started process (PID=1521017) to work on /usr/local/lib/python3.10/dist-packages/airflow/example_dags/example_latest_only.py
[2023-10-28T08:38:59.996+0000] {processor.py:799} INFO - Processing file /usr/local/lib/python3.10/dist-packages/airflow/example_dags/example_latest_only.py for tasks to queue
[2023-10-28T08:38:59.998+0000] {logging_mixin.py:149} INFO - [2023-10-28T08:38:59.998+0000] {dagbag.py:541} INFO - Filling up the DagBag from /usr/local/lib/python3.10/dist-packages/airflow/example_dags/example_latest_only.py
[2023-10-28T08:39:00.010+0000] {processor.py:809} INFO - DAG(s) dict_keys(['latest_only']) retrieved from /usr/local/lib/python3.10/dist-packages/airflow/example_dags/example_latest_only.py
[2023-10-28T08:39:00.084+0000] {logging_mixin.py:149} INFO - [2023-10-28T08:39:00.083+0000] {dag.py:2726} INFO - Sync 1 DAGs
[2023-10-28T08:39:00.156+0000] {logging_mixin.py:149} INFO - [2023-10-28T08:39:00.155+0000] {dag.py:3486} INFO - Setting next_dagrun for latest_only to 2023-10-28T04:39:00.155138+00:00, run_after=2023-10-28T08:39:00.155138+00:00
[2023-10-28T08:39:00.257+0000] {processor.py:178} INFO - Processing /usr/local/lib/python3.10/dist-packages/airflow/example_dags/example_latest_only.py took 0.291 seconds
[2023-10-28T08:39:30.396+0000] {processor.py:156} INFO - Started process (PID=1521503) to work on /usr/local/lib/python3.10/dist-packages/airflow/example_dags/example_latest_only.py
[2023-10-28T08:39:30.398+0000] {processor.py:799} INFO - Processing file /usr/local/lib/python3.10/dist-packages/airflow/example_dags/example_latest_only.py for tasks to queue
[2023-10-28T08:39:30.400+0000] {logging_mixin.py:149} INFO - [2023-10-28T08:39:30.400+0000] {dagbag.py:541} INFO - Filling up the DagBag from /usr/local/lib/python3.10/dist-packages/airflow/example_dags/example_latest_only.py
[2023-10-28T08:39:30.414+0000] {processor.py:809} INFO - DAG(s) dict_keys(['latest_only']) retrieved from /usr/local/lib/python3.10/dist-packages/airflow/example_dags/example_latest_only.py
[2023-10-28T08:39:30.490+0000] {logging_mixin.py:149} INFO - [2023-10-28T08:39:30.489+0000] {dag.py:2726} INFO - Sync 1 DAGs
[2023-10-28T08:39:30.561+0000] {logging_mixin.py:149} INFO - [2023-10-28T08:39:30.561+0000] {dag.py:3486} INFO - Setting next_dagrun for latest_only to 2023-10-28T04:39:30.560747+00:00, run_after=2023-10-28T08:39:30.560747+00:00
[2023-10-28T08:39:30.655+0000] {processor.py:178} INFO - Processing /usr/local/lib/python3.10/dist-packages/airflow/example_dags/example_latest_only.py took 0.267 seconds
