[2023-10-28T07:57:50.724+0000] {processor.py:156} INFO - Started process (PID=1491633) to work on /usr/local/lib/python3.10/dist-packages/airflow/example_dags/example_nested_branch_dag.py
[2023-10-28T07:57:50.726+0000] {processor.py:799} INFO - Processing file /usr/local/lib/python3.10/dist-packages/airflow/example_dags/example_nested_branch_dag.py for tasks to queue
[2023-10-28T07:57:50.728+0000] {logging_mixin.py:149} INFO - [2023-10-28T07:57:50.728+0000] {dagbag.py:541} INFO - Filling up the DagBag from /usr/local/lib/python3.10/dist-packages/airflow/example_dags/example_nested_branch_dag.py
[2023-10-28T07:57:50.754+0000] {processor.py:809} INFO - DAG(s) dict_keys(['example_nested_branch_dag']) retrieved from /usr/local/lib/python3.10/dist-packages/airflow/example_dags/example_nested_branch_dag.py
[2023-10-28T07:57:51.269+0000] {logging_mixin.py:149} INFO - [2023-10-28T07:57:51.268+0000] {manager.py:504} INFO - Created Permission View: can read on DAG:example_nested_branch_dag
[2023-10-28T07:57:51.297+0000] {logging_mixin.py:149} INFO - [2023-10-28T07:57:51.296+0000] {manager.py:504} INFO - Created Permission View: can edit on DAG:example_nested_branch_dag
[2023-10-28T07:57:51.322+0000] {logging_mixin.py:149} INFO - [2023-10-28T07:57:51.321+0000] {manager.py:504} INFO - Created Permission View: can delete on DAG:example_nested_branch_dag
[2023-10-28T07:57:51.323+0000] {logging_mixin.py:149} INFO - [2023-10-28T07:57:51.323+0000] {dag.py:2726} INFO - Sync 1 DAGs
[2023-10-28T07:57:51.356+0000] {logging_mixin.py:149} INFO - [2023-10-28T07:57:51.356+0000] {dag.py:2747} INFO - Creating ORM DAG for example_nested_branch_dag
[2023-10-28T07:57:51.385+0000] {logging_mixin.py:149} INFO - [2023-10-28T07:57:51.385+0000] {dag.py:3486} INFO - Setting next_dagrun for example_nested_branch_dag to 2023-10-27T00:00:00+00:00, run_after=2023-10-28T00:00:00+00:00
[2023-10-28T07:57:51.493+0000] {processor.py:178} INFO - Processing /usr/local/lib/python3.10/dist-packages/airflow/example_dags/example_nested_branch_dag.py took 0.776 seconds
[2023-10-28T07:59:07.657+0000] {processor.py:156} INFO - Started process (PID=1492227) to work on /usr/local/lib/python3.10/dist-packages/airflow/example_dags/example_nested_branch_dag.py
[2023-10-28T07:59:07.659+0000] {processor.py:799} INFO - Processing file /usr/local/lib/python3.10/dist-packages/airflow/example_dags/example_nested_branch_dag.py for tasks to queue
[2023-10-28T07:59:07.661+0000] {logging_mixin.py:149} INFO - [2023-10-28T07:59:07.661+0000] {dagbag.py:541} INFO - Filling up the DagBag from /usr/local/lib/python3.10/dist-packages/airflow/example_dags/example_nested_branch_dag.py
[2023-10-28T07:59:07.685+0000] {processor.py:809} INFO - DAG(s) dict_keys(['example_nested_branch_dag']) retrieved from /usr/local/lib/python3.10/dist-packages/airflow/example_dags/example_nested_branch_dag.py
[2023-10-28T07:59:07.736+0000] {logging_mixin.py:149} INFO - [2023-10-28T07:59:07.736+0000] {dag.py:2726} INFO - Sync 1 DAGs
[2023-10-28T07:59:07.796+0000] {logging_mixin.py:149} INFO - [2023-10-28T07:59:07.796+0000] {dag.py:3486} INFO - Setting next_dagrun for example_nested_branch_dag to 2023-10-27T00:00:00+00:00, run_after=2023-10-28T00:00:00+00:00
[2023-10-28T07:59:07.892+0000] {processor.py:178} INFO - Processing /usr/local/lib/python3.10/dist-packages/airflow/example_dags/example_nested_branch_dag.py took 0.242 seconds
[2023-10-28T08:00:03.227+0000] {processor.py:156} INFO - Started process (PID=1492596) to work on /usr/local/lib/python3.10/dist-packages/airflow/example_dags/example_nested_branch_dag.py
[2023-10-28T08:00:03.269+0000] {processor.py:799} INFO - Processing file /usr/local/lib/python3.10/dist-packages/airflow/example_dags/example_nested_branch_dag.py for tasks to queue
[2023-10-28T08:00:03.270+0000] {logging_mixin.py:149} INFO - [2023-10-28T08:00:03.270+0000] {dagbag.py:541} INFO - Filling up the DagBag from /usr/local/lib/python3.10/dist-packages/airflow/example_dags/example_nested_branch_dag.py
[2023-10-28T08:00:03.295+0000] {processor.py:809} INFO - DAG(s) dict_keys(['example_nested_branch_dag']) retrieved from /usr/local/lib/python3.10/dist-packages/airflow/example_dags/example_nested_branch_dag.py
[2023-10-28T08:00:03.347+0000] {logging_mixin.py:149} INFO - [2023-10-28T08:00:03.346+0000] {dag.py:2726} INFO - Sync 1 DAGs
[2023-10-28T08:00:03.406+0000] {logging_mixin.py:149} INFO - [2023-10-28T08:00:03.406+0000] {dag.py:3486} INFO - Setting next_dagrun for example_nested_branch_dag to 2023-10-27T00:00:00+00:00, run_after=2023-10-28T00:00:00+00:00
[2023-10-28T08:00:03.501+0000] {processor.py:178} INFO - Processing /usr/local/lib/python3.10/dist-packages/airflow/example_dags/example_nested_branch_dag.py took 0.281 seconds
[2023-10-28T08:15:28.831+0000] {processor.py:156} INFO - Started process (PID=1498084) to work on /usr/local/lib/python3.10/dist-packages/airflow/example_dags/example_nested_branch_dag.py
[2023-10-28T08:15:28.868+0000] {processor.py:799} INFO - Processing file /usr/local/lib/python3.10/dist-packages/airflow/example_dags/example_nested_branch_dag.py for tasks to queue
[2023-10-28T08:15:28.870+0000] {logging_mixin.py:149} INFO - [2023-10-28T08:15:28.869+0000] {dagbag.py:541} INFO - Filling up the DagBag from /usr/local/lib/python3.10/dist-packages/airflow/example_dags/example_nested_branch_dag.py
[2023-10-28T08:15:28.893+0000] {processor.py:809} INFO - DAG(s) dict_keys(['example_nested_branch_dag']) retrieved from /usr/local/lib/python3.10/dist-packages/airflow/example_dags/example_nested_branch_dag.py
[2023-10-28T08:15:29.414+0000] {logging_mixin.py:149} INFO - [2023-10-28T08:15:29.414+0000] {manager.py:504} INFO - Created Permission View: can read on DAG:example_nested_branch_dag
[2023-10-28T08:15:29.446+0000] {logging_mixin.py:149} INFO - [2023-10-28T08:15:29.446+0000] {manager.py:504} INFO - Created Permission View: can delete on DAG:example_nested_branch_dag
[2023-10-28T08:15:29.471+0000] {logging_mixin.py:149} INFO - [2023-10-28T08:15:29.470+0000] {manager.py:504} INFO - Created Permission View: can edit on DAG:example_nested_branch_dag
[2023-10-28T08:15:29.472+0000] {logging_mixin.py:149} INFO - [2023-10-28T08:15:29.471+0000] {dag.py:2726} INFO - Sync 1 DAGs
[2023-10-28T08:15:29.506+0000] {logging_mixin.py:149} INFO - [2023-10-28T08:15:29.506+0000] {dag.py:2747} INFO - Creating ORM DAG for example_nested_branch_dag
[2023-10-28T08:15:29.543+0000] {logging_mixin.py:149} INFO - [2023-10-28T08:15:29.543+0000] {dag.py:3486} INFO - Setting next_dagrun for example_nested_branch_dag to 2023-10-27T00:00:00+00:00, run_after=2023-10-28T00:00:00+00:00
[2023-10-28T08:15:29.634+0000] {processor.py:178} INFO - Processing /usr/local/lib/python3.10/dist-packages/airflow/example_dags/example_nested_branch_dag.py took 0.810 seconds
[2023-10-28T08:16:00.143+0000] {processor.py:156} INFO - Started process (PID=1498738) to work on /usr/local/lib/python3.10/dist-packages/airflow/example_dags/example_nested_branch_dag.py
[2023-10-28T08:16:00.180+0000] {processor.py:799} INFO - Processing file /usr/local/lib/python3.10/dist-packages/airflow/example_dags/example_nested_branch_dag.py for tasks to queue
[2023-10-28T08:16:00.182+0000] {logging_mixin.py:149} INFO - [2023-10-28T08:16:00.181+0000] {dagbag.py:541} INFO - Filling up the DagBag from /usr/local/lib/python3.10/dist-packages/airflow/example_dags/example_nested_branch_dag.py
[2023-10-28T08:16:00.205+0000] {processor.py:809} INFO - DAG(s) dict_keys(['example_nested_branch_dag']) retrieved from /usr/local/lib/python3.10/dist-packages/airflow/example_dags/example_nested_branch_dag.py
[2023-10-28T08:16:00.293+0000] {logging_mixin.py:149} INFO - [2023-10-28T08:16:00.293+0000] {dag.py:2726} INFO - Sync 1 DAGs
[2023-10-28T08:16:00.379+0000] {logging_mixin.py:149} INFO - [2023-10-28T08:16:00.379+0000] {dag.py:3486} INFO - Setting next_dagrun for example_nested_branch_dag to 2023-10-27T00:00:00+00:00, run_after=2023-10-28T00:00:00+00:00
[2023-10-28T08:16:00.483+0000] {processor.py:178} INFO - Processing /usr/local/lib/python3.10/dist-packages/airflow/example_dags/example_nested_branch_dag.py took 0.347 seconds
[2023-10-28T08:16:30.806+0000] {processor.py:156} INFO - Started process (PID=1500100) to work on /usr/local/lib/python3.10/dist-packages/airflow/example_dags/example_nested_branch_dag.py
[2023-10-28T08:16:30.816+0000] {processor.py:799} INFO - Processing file /usr/local/lib/python3.10/dist-packages/airflow/example_dags/example_nested_branch_dag.py for tasks to queue
[2023-10-28T08:16:30.818+0000] {logging_mixin.py:149} INFO - [2023-10-28T08:16:30.817+0000] {dagbag.py:541} INFO - Filling up the DagBag from /usr/local/lib/python3.10/dist-packages/airflow/example_dags/example_nested_branch_dag.py
[2023-10-28T08:16:30.840+0000] {processor.py:809} INFO - DAG(s) dict_keys(['example_nested_branch_dag']) retrieved from /usr/local/lib/python3.10/dist-packages/airflow/example_dags/example_nested_branch_dag.py
[2023-10-28T08:16:30.924+0000] {logging_mixin.py:149} INFO - [2023-10-28T08:16:30.923+0000] {dag.py:2726} INFO - Sync 1 DAGs
[2023-10-28T08:16:31.000+0000] {logging_mixin.py:149} INFO - [2023-10-28T08:16:31.000+0000] {dag.py:3486} INFO - Setting next_dagrun for example_nested_branch_dag to 2023-10-27T00:00:00+00:00, run_after=2023-10-28T00:00:00+00:00
[2023-10-28T08:16:31.105+0000] {processor.py:178} INFO - Processing /usr/local/lib/python3.10/dist-packages/airflow/example_dags/example_nested_branch_dag.py took 0.307 seconds
[2023-10-28T08:17:01.326+0000] {processor.py:156} INFO - Started process (PID=1500752) to work on /usr/local/lib/python3.10/dist-packages/airflow/example_dags/example_nested_branch_dag.py
[2023-10-28T08:17:01.327+0000] {processor.py:799} INFO - Processing file /usr/local/lib/python3.10/dist-packages/airflow/example_dags/example_nested_branch_dag.py for tasks to queue
[2023-10-28T08:17:01.329+0000] {logging_mixin.py:149} INFO - [2023-10-28T08:17:01.329+0000] {dagbag.py:541} INFO - Filling up the DagBag from /usr/local/lib/python3.10/dist-packages/airflow/example_dags/example_nested_branch_dag.py
[2023-10-28T08:17:01.352+0000] {processor.py:809} INFO - DAG(s) dict_keys(['example_nested_branch_dag']) retrieved from /usr/local/lib/python3.10/dist-packages/airflow/example_dags/example_nested_branch_dag.py
[2023-10-28T08:17:01.439+0000] {logging_mixin.py:149} INFO - [2023-10-28T08:17:01.438+0000] {dag.py:2726} INFO - Sync 1 DAGs
[2023-10-28T08:17:01.516+0000] {logging_mixin.py:149} INFO - [2023-10-28T08:17:01.516+0000] {dag.py:3486} INFO - Setting next_dagrun for example_nested_branch_dag to 2023-10-27T00:00:00+00:00, run_after=2023-10-28T00:00:00+00:00
[2023-10-28T08:17:01.624+0000] {processor.py:178} INFO - Processing /usr/local/lib/python3.10/dist-packages/airflow/example_dags/example_nested_branch_dag.py took 0.305 seconds
[2023-10-28T08:17:32.258+0000] {processor.py:156} INFO - Started process (PID=1501213) to work on /usr/local/lib/python3.10/dist-packages/airflow/example_dags/example_nested_branch_dag.py
[2023-10-28T08:17:32.294+0000] {processor.py:799} INFO - Processing file /usr/local/lib/python3.10/dist-packages/airflow/example_dags/example_nested_branch_dag.py for tasks to queue
[2023-10-28T08:17:32.296+0000] {logging_mixin.py:149} INFO - [2023-10-28T08:17:32.295+0000] {dagbag.py:541} INFO - Filling up the DagBag from /usr/local/lib/python3.10/dist-packages/airflow/example_dags/example_nested_branch_dag.py
[2023-10-28T08:17:32.321+0000] {processor.py:809} INFO - DAG(s) dict_keys(['example_nested_branch_dag']) retrieved from /usr/local/lib/python3.10/dist-packages/airflow/example_dags/example_nested_branch_dag.py
[2023-10-28T08:17:32.405+0000] {logging_mixin.py:149} INFO - [2023-10-28T08:17:32.405+0000] {dag.py:2726} INFO - Sync 1 DAGs
[2023-10-28T08:17:32.483+0000] {logging_mixin.py:149} INFO - [2023-10-28T08:17:32.482+0000] {dag.py:3486} INFO - Setting next_dagrun for example_nested_branch_dag to 2023-10-27T00:00:00+00:00, run_after=2023-10-28T00:00:00+00:00
[2023-10-28T08:17:32.586+0000] {processor.py:178} INFO - Processing /usr/local/lib/python3.10/dist-packages/airflow/example_dags/example_nested_branch_dag.py took 0.336 seconds
[2023-10-28T08:18:02.738+0000] {processor.py:156} INFO - Started process (PID=1501590) to work on /usr/local/lib/python3.10/dist-packages/airflow/example_dags/example_nested_branch_dag.py
[2023-10-28T08:18:02.772+0000] {processor.py:799} INFO - Processing file /usr/local/lib/python3.10/dist-packages/airflow/example_dags/example_nested_branch_dag.py for tasks to queue
[2023-10-28T08:18:02.774+0000] {logging_mixin.py:149} INFO - [2023-10-28T08:18:02.774+0000] {dagbag.py:541} INFO - Filling up the DagBag from /usr/local/lib/python3.10/dist-packages/airflow/example_dags/example_nested_branch_dag.py
[2023-10-28T08:18:02.798+0000] {processor.py:809} INFO - DAG(s) dict_keys(['example_nested_branch_dag']) retrieved from /usr/local/lib/python3.10/dist-packages/airflow/example_dags/example_nested_branch_dag.py
[2023-10-28T08:18:02.881+0000] {logging_mixin.py:149} INFO - [2023-10-28T08:18:02.880+0000] {dag.py:2726} INFO - Sync 1 DAGs
[2023-10-28T08:18:02.958+0000] {logging_mixin.py:149} INFO - [2023-10-28T08:18:02.957+0000] {dag.py:3486} INFO - Setting next_dagrun for example_nested_branch_dag to 2023-10-27T00:00:00+00:00, run_after=2023-10-28T00:00:00+00:00
[2023-10-28T08:18:03.061+0000] {processor.py:178} INFO - Processing /usr/local/lib/python3.10/dist-packages/airflow/example_dags/example_nested_branch_dag.py took 0.330 seconds
[2023-10-28T08:18:33.516+0000] {processor.py:156} INFO - Started process (PID=1501937) to work on /usr/local/lib/python3.10/dist-packages/airflow/example_dags/example_nested_branch_dag.py
[2023-10-28T08:18:33.576+0000] {processor.py:799} INFO - Processing file /usr/local/lib/python3.10/dist-packages/airflow/example_dags/example_nested_branch_dag.py for tasks to queue
[2023-10-28T08:18:33.578+0000] {logging_mixin.py:149} INFO - [2023-10-28T08:18:33.577+0000] {dagbag.py:541} INFO - Filling up the DagBag from /usr/local/lib/python3.10/dist-packages/airflow/example_dags/example_nested_branch_dag.py
[2023-10-28T08:18:33.604+0000] {processor.py:809} INFO - DAG(s) dict_keys(['example_nested_branch_dag']) retrieved from /usr/local/lib/python3.10/dist-packages/airflow/example_dags/example_nested_branch_dag.py
[2023-10-28T08:18:33.705+0000] {logging_mixin.py:149} INFO - [2023-10-28T08:18:33.704+0000] {dag.py:2726} INFO - Sync 1 DAGs
[2023-10-28T08:18:33.786+0000] {logging_mixin.py:149} INFO - [2023-10-28T08:18:33.785+0000] {dag.py:3486} INFO - Setting next_dagrun for example_nested_branch_dag to 2023-10-27T00:00:00+00:00, run_after=2023-10-28T00:00:00+00:00
[2023-10-28T08:18:33.899+0000] {processor.py:178} INFO - Processing /usr/local/lib/python3.10/dist-packages/airflow/example_dags/example_nested_branch_dag.py took 0.390 seconds
[2023-10-28T08:19:04.211+0000] {processor.py:156} INFO - Started process (PID=1502317) to work on /usr/local/lib/python3.10/dist-packages/airflow/example_dags/example_nested_branch_dag.py
[2023-10-28T08:19:04.253+0000] {processor.py:799} INFO - Processing file /usr/local/lib/python3.10/dist-packages/airflow/example_dags/example_nested_branch_dag.py for tasks to queue
[2023-10-28T08:19:04.254+0000] {logging_mixin.py:149} INFO - [2023-10-28T08:19:04.254+0000] {dagbag.py:541} INFO - Filling up the DagBag from /usr/local/lib/python3.10/dist-packages/airflow/example_dags/example_nested_branch_dag.py
[2023-10-28T08:19:04.278+0000] {processor.py:809} INFO - DAG(s) dict_keys(['example_nested_branch_dag']) retrieved from /usr/local/lib/python3.10/dist-packages/airflow/example_dags/example_nested_branch_dag.py
[2023-10-28T08:19:04.365+0000] {logging_mixin.py:149} INFO - [2023-10-28T08:19:04.364+0000] {dag.py:2726} INFO - Sync 1 DAGs
[2023-10-28T08:19:04.449+0000] {logging_mixin.py:149} INFO - [2023-10-28T08:19:04.448+0000] {dag.py:3486} INFO - Setting next_dagrun for example_nested_branch_dag to 2023-10-27T00:00:00+00:00, run_after=2023-10-28T00:00:00+00:00
[2023-10-28T08:19:04.511+0000] {processor.py:178} INFO - Processing /usr/local/lib/python3.10/dist-packages/airflow/example_dags/example_nested_branch_dag.py took 0.307 seconds
[2023-10-28T08:19:35.141+0000] {processor.py:156} INFO - Started process (PID=1502686) to work on /usr/local/lib/python3.10/dist-packages/airflow/example_dags/example_nested_branch_dag.py
[2023-10-28T08:19:35.185+0000] {processor.py:799} INFO - Processing file /usr/local/lib/python3.10/dist-packages/airflow/example_dags/example_nested_branch_dag.py for tasks to queue
[2023-10-28T08:19:35.187+0000] {logging_mixin.py:149} INFO - [2023-10-28T08:19:35.186+0000] {dagbag.py:541} INFO - Filling up the DagBag from /usr/local/lib/python3.10/dist-packages/airflow/example_dags/example_nested_branch_dag.py
[2023-10-28T08:19:35.210+0000] {processor.py:809} INFO - DAG(s) dict_keys(['example_nested_branch_dag']) retrieved from /usr/local/lib/python3.10/dist-packages/airflow/example_dags/example_nested_branch_dag.py
[2023-10-28T08:19:35.293+0000] {logging_mixin.py:149} INFO - [2023-10-28T08:19:35.293+0000] {dag.py:2726} INFO - Sync 1 DAGs
[2023-10-28T08:19:35.372+0000] {logging_mixin.py:149} INFO - [2023-10-28T08:19:35.372+0000] {dag.py:3486} INFO - Setting next_dagrun for example_nested_branch_dag to 2023-10-27T00:00:00+00:00, run_after=2023-10-28T00:00:00+00:00
[2023-10-28T08:19:35.469+0000] {processor.py:178} INFO - Processing /usr/local/lib/python3.10/dist-packages/airflow/example_dags/example_nested_branch_dag.py took 0.334 seconds
[2023-10-28T08:20:06.050+0000] {processor.py:156} INFO - Started process (PID=1503070) to work on /usr/local/lib/python3.10/dist-packages/airflow/example_dags/example_nested_branch_dag.py
[2023-10-28T08:20:06.088+0000] {processor.py:799} INFO - Processing file /usr/local/lib/python3.10/dist-packages/airflow/example_dags/example_nested_branch_dag.py for tasks to queue
[2023-10-28T08:20:06.090+0000] {logging_mixin.py:149} INFO - [2023-10-28T08:20:06.089+0000] {dagbag.py:541} INFO - Filling up the DagBag from /usr/local/lib/python3.10/dist-packages/airflow/example_dags/example_nested_branch_dag.py
[2023-10-28T08:20:06.113+0000] {processor.py:809} INFO - DAG(s) dict_keys(['example_nested_branch_dag']) retrieved from /usr/local/lib/python3.10/dist-packages/airflow/example_dags/example_nested_branch_dag.py
[2023-10-28T08:20:06.202+0000] {logging_mixin.py:149} INFO - [2023-10-28T08:20:06.201+0000] {dag.py:2726} INFO - Sync 1 DAGs
[2023-10-28T08:20:06.321+0000] {logging_mixin.py:149} INFO - [2023-10-28T08:20:06.320+0000] {dag.py:3486} INFO - Setting next_dagrun for example_nested_branch_dag to 2023-10-27T00:00:00+00:00, run_after=2023-10-28T00:00:00+00:00
[2023-10-28T08:20:06.386+0000] {processor.py:178} INFO - Processing /usr/local/lib/python3.10/dist-packages/airflow/example_dags/example_nested_branch_dag.py took 0.344 seconds
[2023-10-28T08:20:36.758+0000] {processor.py:156} INFO - Started process (PID=1503555) to work on /usr/local/lib/python3.10/dist-packages/airflow/example_dags/example_nested_branch_dag.py
[2023-10-28T08:20:36.799+0000] {processor.py:799} INFO - Processing file /usr/local/lib/python3.10/dist-packages/airflow/example_dags/example_nested_branch_dag.py for tasks to queue
[2023-10-28T08:20:36.801+0000] {logging_mixin.py:149} INFO - [2023-10-28T08:20:36.801+0000] {dagbag.py:541} INFO - Filling up the DagBag from /usr/local/lib/python3.10/dist-packages/airflow/example_dags/example_nested_branch_dag.py
[2023-10-28T08:20:36.824+0000] {processor.py:809} INFO - DAG(s) dict_keys(['example_nested_branch_dag']) retrieved from /usr/local/lib/python3.10/dist-packages/airflow/example_dags/example_nested_branch_dag.py
[2023-10-28T08:20:36.912+0000] {logging_mixin.py:149} INFO - [2023-10-28T08:20:36.911+0000] {dag.py:2726} INFO - Sync 1 DAGs
[2023-10-28T08:20:36.992+0000] {logging_mixin.py:149} INFO - [2023-10-28T08:20:36.991+0000] {dag.py:3486} INFO - Setting next_dagrun for example_nested_branch_dag to 2023-10-27T00:00:00+00:00, run_after=2023-10-28T00:00:00+00:00
[2023-10-28T08:20:37.124+0000] {processor.py:178} INFO - Processing /usr/local/lib/python3.10/dist-packages/airflow/example_dags/example_nested_branch_dag.py took 0.373 seconds
[2023-10-28T08:21:07.439+0000] {processor.py:156} INFO - Started process (PID=1504010) to work on /usr/local/lib/python3.10/dist-packages/airflow/example_dags/example_nested_branch_dag.py
[2023-10-28T08:21:07.441+0000] {processor.py:799} INFO - Processing file /usr/local/lib/python3.10/dist-packages/airflow/example_dags/example_nested_branch_dag.py for tasks to queue
[2023-10-28T08:21:07.443+0000] {logging_mixin.py:149} INFO - [2023-10-28T08:21:07.443+0000] {dagbag.py:541} INFO - Filling up the DagBag from /usr/local/lib/python3.10/dist-packages/airflow/example_dags/example_nested_branch_dag.py
[2023-10-28T08:21:07.467+0000] {processor.py:809} INFO - DAG(s) dict_keys(['example_nested_branch_dag']) retrieved from /usr/local/lib/python3.10/dist-packages/airflow/example_dags/example_nested_branch_dag.py
[2023-10-28T08:21:07.550+0000] {logging_mixin.py:149} INFO - [2023-10-28T08:21:07.549+0000] {dag.py:2726} INFO - Sync 1 DAGs
[2023-10-28T08:21:07.628+0000] {logging_mixin.py:149} INFO - [2023-10-28T08:21:07.628+0000] {dag.py:3486} INFO - Setting next_dagrun for example_nested_branch_dag to 2023-10-27T00:00:00+00:00, run_after=2023-10-28T00:00:00+00:00
[2023-10-28T08:21:07.739+0000] {processor.py:178} INFO - Processing /usr/local/lib/python3.10/dist-packages/airflow/example_dags/example_nested_branch_dag.py took 0.307 seconds
[2023-10-28T08:21:38.129+0000] {processor.py:156} INFO - Started process (PID=1504717) to work on /usr/local/lib/python3.10/dist-packages/airflow/example_dags/example_nested_branch_dag.py
[2023-10-28T08:21:38.131+0000] {processor.py:799} INFO - Processing file /usr/local/lib/python3.10/dist-packages/airflow/example_dags/example_nested_branch_dag.py for tasks to queue
[2023-10-28T08:21:38.133+0000] {logging_mixin.py:149} INFO - [2023-10-28T08:21:38.132+0000] {dagbag.py:541} INFO - Filling up the DagBag from /usr/local/lib/python3.10/dist-packages/airflow/example_dags/example_nested_branch_dag.py
[2023-10-28T08:21:38.156+0000] {processor.py:809} INFO - DAG(s) dict_keys(['example_nested_branch_dag']) retrieved from /usr/local/lib/python3.10/dist-packages/airflow/example_dags/example_nested_branch_dag.py
[2023-10-28T08:21:38.242+0000] {logging_mixin.py:149} INFO - [2023-10-28T08:21:38.242+0000] {dag.py:2726} INFO - Sync 1 DAGs
[2023-10-28T08:21:38.323+0000] {logging_mixin.py:149} INFO - [2023-10-28T08:21:38.323+0000] {dag.py:3486} INFO - Setting next_dagrun for example_nested_branch_dag to 2023-10-27T00:00:00+00:00, run_after=2023-10-28T00:00:00+00:00
[2023-10-28T08:21:38.392+0000] {processor.py:178} INFO - Processing /usr/local/lib/python3.10/dist-packages/airflow/example_dags/example_nested_branch_dag.py took 0.272 seconds
[2023-10-28T08:22:08.747+0000] {processor.py:156} INFO - Started process (PID=1505467) to work on /usr/local/lib/python3.10/dist-packages/airflow/example_dags/example_nested_branch_dag.py
[2023-10-28T08:22:08.750+0000] {processor.py:799} INFO - Processing file /usr/local/lib/python3.10/dist-packages/airflow/example_dags/example_nested_branch_dag.py for tasks to queue
[2023-10-28T08:22:08.752+0000] {logging_mixin.py:149} INFO - [2023-10-28T08:22:08.751+0000] {dagbag.py:541} INFO - Filling up the DagBag from /usr/local/lib/python3.10/dist-packages/airflow/example_dags/example_nested_branch_dag.py
[2023-10-28T08:22:08.778+0000] {processor.py:809} INFO - DAG(s) dict_keys(['example_nested_branch_dag']) retrieved from /usr/local/lib/python3.10/dist-packages/airflow/example_dags/example_nested_branch_dag.py
[2023-10-28T08:22:08.864+0000] {logging_mixin.py:149} INFO - [2023-10-28T08:22:08.863+0000] {dag.py:2726} INFO - Sync 1 DAGs
[2023-10-28T08:22:08.944+0000] {logging_mixin.py:149} INFO - [2023-10-28T08:22:08.943+0000] {dag.py:3486} INFO - Setting next_dagrun for example_nested_branch_dag to 2023-10-27T00:00:00+00:00, run_after=2023-10-28T00:00:00+00:00
[2023-10-28T08:22:09.044+0000] {processor.py:178} INFO - Processing /usr/local/lib/python3.10/dist-packages/airflow/example_dags/example_nested_branch_dag.py took 0.305 seconds
[2023-10-28T08:22:39.277+0000] {processor.py:156} INFO - Started process (PID=1506034) to work on /usr/local/lib/python3.10/dist-packages/airflow/example_dags/example_nested_branch_dag.py
[2023-10-28T08:22:39.336+0000] {processor.py:799} INFO - Processing file /usr/local/lib/python3.10/dist-packages/airflow/example_dags/example_nested_branch_dag.py for tasks to queue
[2023-10-28T08:22:39.338+0000] {logging_mixin.py:149} INFO - [2023-10-28T08:22:39.338+0000] {dagbag.py:541} INFO - Filling up the DagBag from /usr/local/lib/python3.10/dist-packages/airflow/example_dags/example_nested_branch_dag.py
[2023-10-28T08:22:39.367+0000] {processor.py:809} INFO - DAG(s) dict_keys(['example_nested_branch_dag']) retrieved from /usr/local/lib/python3.10/dist-packages/airflow/example_dags/example_nested_branch_dag.py
[2023-10-28T08:22:39.454+0000] {logging_mixin.py:149} INFO - [2023-10-28T08:22:39.453+0000] {dag.py:2726} INFO - Sync 1 DAGs
[2023-10-28T08:22:39.533+0000] {logging_mixin.py:149} INFO - [2023-10-28T08:22:39.533+0000] {dag.py:3486} INFO - Setting next_dagrun for example_nested_branch_dag to 2023-10-27T00:00:00+00:00, run_after=2023-10-28T00:00:00+00:00
[2023-10-28T08:22:39.641+0000] {processor.py:178} INFO - Processing /usr/local/lib/python3.10/dist-packages/airflow/example_dags/example_nested_branch_dag.py took 0.370 seconds
[2023-10-28T08:23:10.176+0000] {processor.py:156} INFO - Started process (PID=1506450) to work on /usr/local/lib/python3.10/dist-packages/airflow/example_dags/example_nested_branch_dag.py
[2023-10-28T08:23:10.218+0000] {processor.py:799} INFO - Processing file /usr/local/lib/python3.10/dist-packages/airflow/example_dags/example_nested_branch_dag.py for tasks to queue
[2023-10-28T08:23:10.220+0000] {logging_mixin.py:149} INFO - [2023-10-28T08:23:10.220+0000] {dagbag.py:541} INFO - Filling up the DagBag from /usr/local/lib/python3.10/dist-packages/airflow/example_dags/example_nested_branch_dag.py
[2023-10-28T08:23:10.243+0000] {processor.py:809} INFO - DAG(s) dict_keys(['example_nested_branch_dag']) retrieved from /usr/local/lib/python3.10/dist-packages/airflow/example_dags/example_nested_branch_dag.py
[2023-10-28T08:23:10.328+0000] {logging_mixin.py:149} INFO - [2023-10-28T08:23:10.328+0000] {dag.py:2726} INFO - Sync 1 DAGs
[2023-10-28T08:23:10.406+0000] {logging_mixin.py:149} INFO - [2023-10-28T08:23:10.406+0000] {dag.py:3486} INFO - Setting next_dagrun for example_nested_branch_dag to 2023-10-27T00:00:00+00:00, run_after=2023-10-28T00:00:00+00:00
[2023-10-28T08:23:10.505+0000] {processor.py:178} INFO - Processing /usr/local/lib/python3.10/dist-packages/airflow/example_dags/example_nested_branch_dag.py took 0.335 seconds
[2023-10-28T08:23:40.768+0000] {processor.py:156} INFO - Started process (PID=1506958) to work on /usr/local/lib/python3.10/dist-packages/airflow/example_dags/example_nested_branch_dag.py
[2023-10-28T08:23:40.833+0000] {processor.py:799} INFO - Processing file /usr/local/lib/python3.10/dist-packages/airflow/example_dags/example_nested_branch_dag.py for tasks to queue
[2023-10-28T08:23:40.835+0000] {logging_mixin.py:149} INFO - [2023-10-28T08:23:40.834+0000] {dagbag.py:541} INFO - Filling up the DagBag from /usr/local/lib/python3.10/dist-packages/airflow/example_dags/example_nested_branch_dag.py
[2023-10-28T08:23:40.862+0000] {processor.py:809} INFO - DAG(s) dict_keys(['example_nested_branch_dag']) retrieved from /usr/local/lib/python3.10/dist-packages/airflow/example_dags/example_nested_branch_dag.py
[2023-10-28T08:23:40.940+0000] {logging_mixin.py:149} INFO - [2023-10-28T08:23:40.940+0000] {dag.py:2726} INFO - Sync 1 DAGs
[2023-10-28T08:23:41.024+0000] {logging_mixin.py:149} INFO - [2023-10-28T08:23:41.024+0000] {dag.py:3486} INFO - Setting next_dagrun for example_nested_branch_dag to 2023-10-27T00:00:00+00:00, run_after=2023-10-28T00:00:00+00:00
[2023-10-28T08:23:41.088+0000] {processor.py:178} INFO - Processing /usr/local/lib/python3.10/dist-packages/airflow/example_dags/example_nested_branch_dag.py took 0.327 seconds
[2023-10-28T08:24:11.577+0000] {processor.py:156} INFO - Started process (PID=1507500) to work on /usr/local/lib/python3.10/dist-packages/airflow/example_dags/example_nested_branch_dag.py
[2023-10-28T08:24:11.617+0000] {processor.py:799} INFO - Processing file /usr/local/lib/python3.10/dist-packages/airflow/example_dags/example_nested_branch_dag.py for tasks to queue
[2023-10-28T08:24:11.619+0000] {logging_mixin.py:149} INFO - [2023-10-28T08:24:11.619+0000] {dagbag.py:541} INFO - Filling up the DagBag from /usr/local/lib/python3.10/dist-packages/airflow/example_dags/example_nested_branch_dag.py
[2023-10-28T08:24:11.645+0000] {processor.py:809} INFO - DAG(s) dict_keys(['example_nested_branch_dag']) retrieved from /usr/local/lib/python3.10/dist-packages/airflow/example_dags/example_nested_branch_dag.py
[2023-10-28T08:24:11.739+0000] {logging_mixin.py:149} INFO - [2023-10-28T08:24:11.739+0000] {dag.py:2726} INFO - Sync 1 DAGs
[2023-10-28T08:24:11.819+0000] {logging_mixin.py:149} INFO - [2023-10-28T08:24:11.819+0000] {dag.py:3486} INFO - Setting next_dagrun for example_nested_branch_dag to 2023-10-27T00:00:00+00:00, run_after=2023-10-28T00:00:00+00:00
[2023-10-28T08:24:11.919+0000] {processor.py:178} INFO - Processing /usr/local/lib/python3.10/dist-packages/airflow/example_dags/example_nested_branch_dag.py took 0.349 seconds
[2023-10-28T08:24:42.062+0000] {processor.py:156} INFO - Started process (PID=1508063) to work on /usr/local/lib/python3.10/dist-packages/airflow/example_dags/example_nested_branch_dag.py
[2023-10-28T08:24:42.098+0000] {processor.py:799} INFO - Processing file /usr/local/lib/python3.10/dist-packages/airflow/example_dags/example_nested_branch_dag.py for tasks to queue
[2023-10-28T08:24:42.100+0000] {logging_mixin.py:149} INFO - [2023-10-28T08:24:42.099+0000] {dagbag.py:541} INFO - Filling up the DagBag from /usr/local/lib/python3.10/dist-packages/airflow/example_dags/example_nested_branch_dag.py
[2023-10-28T08:24:42.125+0000] {processor.py:809} INFO - DAG(s) dict_keys(['example_nested_branch_dag']) retrieved from /usr/local/lib/python3.10/dist-packages/airflow/example_dags/example_nested_branch_dag.py
[2023-10-28T08:24:42.213+0000] {logging_mixin.py:149} INFO - [2023-10-28T08:24:42.212+0000] {dag.py:2726} INFO - Sync 1 DAGs
[2023-10-28T08:24:42.294+0000] {logging_mixin.py:149} INFO - [2023-10-28T08:24:42.293+0000] {dag.py:3486} INFO - Setting next_dagrun for example_nested_branch_dag to 2023-10-27T00:00:00+00:00, run_after=2023-10-28T00:00:00+00:00
[2023-10-28T08:24:42.411+0000] {processor.py:178} INFO - Processing /usr/local/lib/python3.10/dist-packages/airflow/example_dags/example_nested_branch_dag.py took 0.356 seconds
[2023-10-28T08:25:12.596+0000] {processor.py:156} INFO - Started process (PID=1508578) to work on /usr/local/lib/python3.10/dist-packages/airflow/example_dags/example_nested_branch_dag.py
[2023-10-28T08:25:12.598+0000] {processor.py:799} INFO - Processing file /usr/local/lib/python3.10/dist-packages/airflow/example_dags/example_nested_branch_dag.py for tasks to queue
[2023-10-28T08:25:12.600+0000] {logging_mixin.py:149} INFO - [2023-10-28T08:25:12.599+0000] {dagbag.py:541} INFO - Filling up the DagBag from /usr/local/lib/python3.10/dist-packages/airflow/example_dags/example_nested_branch_dag.py
[2023-10-28T08:25:12.623+0000] {processor.py:809} INFO - DAG(s) dict_keys(['example_nested_branch_dag']) retrieved from /usr/local/lib/python3.10/dist-packages/airflow/example_dags/example_nested_branch_dag.py
[2023-10-28T08:25:12.701+0000] {logging_mixin.py:149} INFO - [2023-10-28T08:25:12.700+0000] {dag.py:2726} INFO - Sync 1 DAGs
[2023-10-28T08:25:12.777+0000] {logging_mixin.py:149} INFO - [2023-10-28T08:25:12.776+0000] {dag.py:3486} INFO - Setting next_dagrun for example_nested_branch_dag to 2023-10-27T00:00:00+00:00, run_after=2023-10-28T00:00:00+00:00
[2023-10-28T08:25:12.838+0000] {processor.py:178} INFO - Processing /usr/local/lib/python3.10/dist-packages/airflow/example_dags/example_nested_branch_dag.py took 0.249 seconds
[2023-10-28T08:25:43.234+0000] {processor.py:156} INFO - Started process (PID=1509304) to work on /usr/local/lib/python3.10/dist-packages/airflow/example_dags/example_nested_branch_dag.py
[2023-10-28T08:25:43.268+0000] {processor.py:799} INFO - Processing file /usr/local/lib/python3.10/dist-packages/airflow/example_dags/example_nested_branch_dag.py for tasks to queue
[2023-10-28T08:25:43.270+0000] {logging_mixin.py:149} INFO - [2023-10-28T08:25:43.269+0000] {dagbag.py:541} INFO - Filling up the DagBag from /usr/local/lib/python3.10/dist-packages/airflow/example_dags/example_nested_branch_dag.py
[2023-10-28T08:25:43.293+0000] {processor.py:809} INFO - DAG(s) dict_keys(['example_nested_branch_dag']) retrieved from /usr/local/lib/python3.10/dist-packages/airflow/example_dags/example_nested_branch_dag.py
[2023-10-28T08:25:43.375+0000] {logging_mixin.py:149} INFO - [2023-10-28T08:25:43.374+0000] {dag.py:2726} INFO - Sync 1 DAGs
[2023-10-28T08:25:43.459+0000] {logging_mixin.py:149} INFO - [2023-10-28T08:25:43.458+0000] {dag.py:3486} INFO - Setting next_dagrun for example_nested_branch_dag to 2023-10-27T00:00:00+00:00, run_after=2023-10-28T00:00:00+00:00
[2023-10-28T08:25:43.562+0000] {processor.py:178} INFO - Processing /usr/local/lib/python3.10/dist-packages/airflow/example_dags/example_nested_branch_dag.py took 0.334 seconds
[2023-10-28T08:26:13.885+0000] {processor.py:156} INFO - Started process (PID=1509683) to work on /usr/local/lib/python3.10/dist-packages/airflow/example_dags/example_nested_branch_dag.py
[2023-10-28T08:26:13.928+0000] {processor.py:799} INFO - Processing file /usr/local/lib/python3.10/dist-packages/airflow/example_dags/example_nested_branch_dag.py for tasks to queue
[2023-10-28T08:26:13.930+0000] {logging_mixin.py:149} INFO - [2023-10-28T08:26:13.930+0000] {dagbag.py:541} INFO - Filling up the DagBag from /usr/local/lib/python3.10/dist-packages/airflow/example_dags/example_nested_branch_dag.py
[2023-10-28T08:26:13.953+0000] {processor.py:809} INFO - DAG(s) dict_keys(['example_nested_branch_dag']) retrieved from /usr/local/lib/python3.10/dist-packages/airflow/example_dags/example_nested_branch_dag.py
[2023-10-28T08:26:14.037+0000] {logging_mixin.py:149} INFO - [2023-10-28T08:26:14.037+0000] {dag.py:2726} INFO - Sync 1 DAGs
[2023-10-28T08:26:14.119+0000] {logging_mixin.py:149} INFO - [2023-10-28T08:26:14.119+0000] {dag.py:3486} INFO - Setting next_dagrun for example_nested_branch_dag to 2023-10-27T00:00:00+00:00, run_after=2023-10-28T00:00:00+00:00
[2023-10-28T08:26:14.185+0000] {processor.py:178} INFO - Processing /usr/local/lib/python3.10/dist-packages/airflow/example_dags/example_nested_branch_dag.py took 0.307 seconds
[2023-10-28T08:26:44.527+0000] {processor.py:156} INFO - Started process (PID=1510038) to work on /usr/local/lib/python3.10/dist-packages/airflow/example_dags/example_nested_branch_dag.py
[2023-10-28T08:26:44.568+0000] {processor.py:799} INFO - Processing file /usr/local/lib/python3.10/dist-packages/airflow/example_dags/example_nested_branch_dag.py for tasks to queue
[2023-10-28T08:26:44.570+0000] {logging_mixin.py:149} INFO - [2023-10-28T08:26:44.570+0000] {dagbag.py:541} INFO - Filling up the DagBag from /usr/local/lib/python3.10/dist-packages/airflow/example_dags/example_nested_branch_dag.py
[2023-10-28T08:26:44.593+0000] {processor.py:809} INFO - DAG(s) dict_keys(['example_nested_branch_dag']) retrieved from /usr/local/lib/python3.10/dist-packages/airflow/example_dags/example_nested_branch_dag.py
[2023-10-28T08:26:44.675+0000] {logging_mixin.py:149} INFO - [2023-10-28T08:26:44.674+0000] {dag.py:2726} INFO - Sync 1 DAGs
[2023-10-28T08:26:44.758+0000] {logging_mixin.py:149} INFO - [2023-10-28T08:26:44.757+0000] {dag.py:3486} INFO - Setting next_dagrun for example_nested_branch_dag to 2023-10-27T00:00:00+00:00, run_after=2023-10-28T00:00:00+00:00
[2023-10-28T08:26:44.827+0000] {processor.py:178} INFO - Processing /usr/local/lib/python3.10/dist-packages/airflow/example_dags/example_nested_branch_dag.py took 0.307 seconds
[2023-10-28T08:27:15.173+0000] {processor.py:156} INFO - Started process (PID=1510618) to work on /usr/local/lib/python3.10/dist-packages/airflow/example_dags/example_nested_branch_dag.py
[2023-10-28T08:27:15.208+0000] {processor.py:799} INFO - Processing file /usr/local/lib/python3.10/dist-packages/airflow/example_dags/example_nested_branch_dag.py for tasks to queue
[2023-10-28T08:27:15.210+0000] {logging_mixin.py:149} INFO - [2023-10-28T08:27:15.210+0000] {dagbag.py:541} INFO - Filling up the DagBag from /usr/local/lib/python3.10/dist-packages/airflow/example_dags/example_nested_branch_dag.py
[2023-10-28T08:27:15.239+0000] {processor.py:809} INFO - DAG(s) dict_keys(['example_nested_branch_dag']) retrieved from /usr/local/lib/python3.10/dist-packages/airflow/example_dags/example_nested_branch_dag.py
[2023-10-28T08:27:15.327+0000] {logging_mixin.py:149} INFO - [2023-10-28T08:27:15.326+0000] {dag.py:2726} INFO - Sync 1 DAGs
[2023-10-28T08:27:15.410+0000] {logging_mixin.py:149} INFO - [2023-10-28T08:27:15.410+0000] {dag.py:3486} INFO - Setting next_dagrun for example_nested_branch_dag to 2023-10-27T00:00:00+00:00, run_after=2023-10-28T00:00:00+00:00
[2023-10-28T08:27:15.516+0000] {processor.py:178} INFO - Processing /usr/local/lib/python3.10/dist-packages/airflow/example_dags/example_nested_branch_dag.py took 0.351 seconds
[2023-10-28T08:27:45.889+0000] {processor.py:156} INFO - Started process (PID=1510973) to work on /usr/local/lib/python3.10/dist-packages/airflow/example_dags/example_nested_branch_dag.py
[2023-10-28T08:27:45.928+0000] {processor.py:799} INFO - Processing file /usr/local/lib/python3.10/dist-packages/airflow/example_dags/example_nested_branch_dag.py for tasks to queue
[2023-10-28T08:27:45.930+0000] {logging_mixin.py:149} INFO - [2023-10-28T08:27:45.929+0000] {dagbag.py:541} INFO - Filling up the DagBag from /usr/local/lib/python3.10/dist-packages/airflow/example_dags/example_nested_branch_dag.py
[2023-10-28T08:27:45.953+0000] {processor.py:809} INFO - DAG(s) dict_keys(['example_nested_branch_dag']) retrieved from /usr/local/lib/python3.10/dist-packages/airflow/example_dags/example_nested_branch_dag.py
[2023-10-28T08:27:46.036+0000] {logging_mixin.py:149} INFO - [2023-10-28T08:27:46.036+0000] {dag.py:2726} INFO - Sync 1 DAGs
[2023-10-28T08:27:46.113+0000] {logging_mixin.py:149} INFO - [2023-10-28T08:27:46.113+0000] {dag.py:3486} INFO - Setting next_dagrun for example_nested_branch_dag to 2023-10-27T00:00:00+00:00, run_after=2023-10-28T00:00:00+00:00
[2023-10-28T08:27:46.180+0000] {processor.py:178} INFO - Processing /usr/local/lib/python3.10/dist-packages/airflow/example_dags/example_nested_branch_dag.py took 0.298 seconds
[2023-10-28T08:28:16.428+0000] {processor.py:156} INFO - Started process (PID=1511357) to work on /usr/local/lib/python3.10/dist-packages/airflow/example_dags/example_nested_branch_dag.py
[2023-10-28T08:28:16.431+0000] {processor.py:799} INFO - Processing file /usr/local/lib/python3.10/dist-packages/airflow/example_dags/example_nested_branch_dag.py for tasks to queue
[2023-10-28T08:28:16.433+0000] {logging_mixin.py:149} INFO - [2023-10-28T08:28:16.433+0000] {dagbag.py:541} INFO - Filling up the DagBag from /usr/local/lib/python3.10/dist-packages/airflow/example_dags/example_nested_branch_dag.py
[2023-10-28T08:28:16.459+0000] {processor.py:809} INFO - DAG(s) dict_keys(['example_nested_branch_dag']) retrieved from /usr/local/lib/python3.10/dist-packages/airflow/example_dags/example_nested_branch_dag.py
[2023-10-28T08:28:16.551+0000] {logging_mixin.py:149} INFO - [2023-10-28T08:28:16.551+0000] {dag.py:2726} INFO - Sync 1 DAGs
[2023-10-28T08:28:16.632+0000] {logging_mixin.py:149} INFO - [2023-10-28T08:28:16.632+0000] {dag.py:3486} INFO - Setting next_dagrun for example_nested_branch_dag to 2023-10-27T00:00:00+00:00, run_after=2023-10-28T00:00:00+00:00
[2023-10-28T08:28:16.694+0000] {processor.py:178} INFO - Processing /usr/local/lib/python3.10/dist-packages/airflow/example_dags/example_nested_branch_dag.py took 0.273 seconds
[2023-10-28T08:28:46.924+0000] {processor.py:156} INFO - Started process (PID=1511713) to work on /usr/local/lib/python3.10/dist-packages/airflow/example_dags/example_nested_branch_dag.py
[2023-10-28T08:28:46.926+0000] {processor.py:799} INFO - Processing file /usr/local/lib/python3.10/dist-packages/airflow/example_dags/example_nested_branch_dag.py for tasks to queue
[2023-10-28T08:28:46.928+0000] {logging_mixin.py:149} INFO - [2023-10-28T08:28:46.927+0000] {dagbag.py:541} INFO - Filling up the DagBag from /usr/local/lib/python3.10/dist-packages/airflow/example_dags/example_nested_branch_dag.py
[2023-10-28T08:28:46.954+0000] {processor.py:809} INFO - DAG(s) dict_keys(['example_nested_branch_dag']) retrieved from /usr/local/lib/python3.10/dist-packages/airflow/example_dags/example_nested_branch_dag.py
[2023-10-28T08:28:47.030+0000] {logging_mixin.py:149} INFO - [2023-10-28T08:28:47.030+0000] {dag.py:2726} INFO - Sync 1 DAGs
[2023-10-28T08:28:47.112+0000] {logging_mixin.py:149} INFO - [2023-10-28T08:28:47.111+0000] {dag.py:3486} INFO - Setting next_dagrun for example_nested_branch_dag to 2023-10-27T00:00:00+00:00, run_after=2023-10-28T00:00:00+00:00
[2023-10-28T08:28:47.179+0000] {processor.py:178} INFO - Processing /usr/local/lib/python3.10/dist-packages/airflow/example_dags/example_nested_branch_dag.py took 0.263 seconds
[2023-10-28T08:29:17.590+0000] {processor.py:156} INFO - Started process (PID=1512110) to work on /usr/local/lib/python3.10/dist-packages/airflow/example_dags/example_nested_branch_dag.py
[2023-10-28T08:29:17.624+0000] {processor.py:799} INFO - Processing file /usr/local/lib/python3.10/dist-packages/airflow/example_dags/example_nested_branch_dag.py for tasks to queue
[2023-10-28T08:29:17.626+0000] {logging_mixin.py:149} INFO - [2023-10-28T08:29:17.625+0000] {dagbag.py:541} INFO - Filling up the DagBag from /usr/local/lib/python3.10/dist-packages/airflow/example_dags/example_nested_branch_dag.py
[2023-10-28T08:29:17.649+0000] {processor.py:809} INFO - DAG(s) dict_keys(['example_nested_branch_dag']) retrieved from /usr/local/lib/python3.10/dist-packages/airflow/example_dags/example_nested_branch_dag.py
[2023-10-28T08:29:17.733+0000] {logging_mixin.py:149} INFO - [2023-10-28T08:29:17.732+0000] {dag.py:2726} INFO - Sync 1 DAGs
[2023-10-28T08:29:17.816+0000] {logging_mixin.py:149} INFO - [2023-10-28T08:29:17.815+0000] {dag.py:3486} INFO - Setting next_dagrun for example_nested_branch_dag to 2023-10-27T00:00:00+00:00, run_after=2023-10-28T00:00:00+00:00
[2023-10-28T08:29:17.909+0000] {processor.py:178} INFO - Processing /usr/local/lib/python3.10/dist-packages/airflow/example_dags/example_nested_branch_dag.py took 0.326 seconds
[2023-10-28T08:29:48.136+0000] {processor.py:156} INFO - Started process (PID=1512466) to work on /usr/local/lib/python3.10/dist-packages/airflow/example_dags/example_nested_branch_dag.py
[2023-10-28T08:29:48.173+0000] {processor.py:799} INFO - Processing file /usr/local/lib/python3.10/dist-packages/airflow/example_dags/example_nested_branch_dag.py for tasks to queue
[2023-10-28T08:29:48.174+0000] {logging_mixin.py:149} INFO - [2023-10-28T08:29:48.174+0000] {dagbag.py:541} INFO - Filling up the DagBag from /usr/local/lib/python3.10/dist-packages/airflow/example_dags/example_nested_branch_dag.py
[2023-10-28T08:29:48.197+0000] {processor.py:809} INFO - DAG(s) dict_keys(['example_nested_branch_dag']) retrieved from /usr/local/lib/python3.10/dist-packages/airflow/example_dags/example_nested_branch_dag.py
[2023-10-28T08:29:48.275+0000] {logging_mixin.py:149} INFO - [2023-10-28T08:29:48.274+0000] {dag.py:2726} INFO - Sync 1 DAGs
[2023-10-28T08:29:48.354+0000] {logging_mixin.py:149} INFO - [2023-10-28T08:29:48.354+0000] {dag.py:3486} INFO - Setting next_dagrun for example_nested_branch_dag to 2023-10-27T00:00:00+00:00, run_after=2023-10-28T00:00:00+00:00
[2023-10-28T08:29:48.419+0000] {processor.py:178} INFO - Processing /usr/local/lib/python3.10/dist-packages/airflow/example_dags/example_nested_branch_dag.py took 0.290 seconds
[2023-10-28T08:30:18.983+0000] {processor.py:156} INFO - Started process (PID=1512849) to work on /usr/local/lib/python3.10/dist-packages/airflow/example_dags/example_nested_branch_dag.py
[2023-10-28T08:30:19.023+0000] {processor.py:799} INFO - Processing file /usr/local/lib/python3.10/dist-packages/airflow/example_dags/example_nested_branch_dag.py for tasks to queue
[2023-10-28T08:30:19.025+0000] {logging_mixin.py:149} INFO - [2023-10-28T08:30:19.024+0000] {dagbag.py:541} INFO - Filling up the DagBag from /usr/local/lib/python3.10/dist-packages/airflow/example_dags/example_nested_branch_dag.py
[2023-10-28T08:30:19.053+0000] {processor.py:809} INFO - DAG(s) dict_keys(['example_nested_branch_dag']) retrieved from /usr/local/lib/python3.10/dist-packages/airflow/example_dags/example_nested_branch_dag.py
[2023-10-28T08:30:19.139+0000] {logging_mixin.py:149} INFO - [2023-10-28T08:30:19.138+0000] {dag.py:2726} INFO - Sync 1 DAGs
[2023-10-28T08:30:19.232+0000] {logging_mixin.py:149} INFO - [2023-10-28T08:30:19.231+0000] {dag.py:3486} INFO - Setting next_dagrun for example_nested_branch_dag to 2023-10-27T00:00:00+00:00, run_after=2023-10-28T00:00:00+00:00
[2023-10-28T08:30:19.320+0000] {processor.py:178} INFO - Processing /usr/local/lib/python3.10/dist-packages/airflow/example_dags/example_nested_branch_dag.py took 0.344 seconds
[2023-10-28T08:30:49.616+0000] {processor.py:156} INFO - Started process (PID=1513461) to work on /usr/local/lib/python3.10/dist-packages/airflow/example_dags/example_nested_branch_dag.py
[2023-10-28T08:30:49.618+0000] {processor.py:799} INFO - Processing file /usr/local/lib/python3.10/dist-packages/airflow/example_dags/example_nested_branch_dag.py for tasks to queue
[2023-10-28T08:30:49.621+0000] {logging_mixin.py:149} INFO - [2023-10-28T08:30:49.620+0000] {dagbag.py:541} INFO - Filling up the DagBag from /usr/local/lib/python3.10/dist-packages/airflow/example_dags/example_nested_branch_dag.py
[2023-10-28T08:30:49.649+0000] {processor.py:809} INFO - DAG(s) dict_keys(['example_nested_branch_dag']) retrieved from /usr/local/lib/python3.10/dist-packages/airflow/example_dags/example_nested_branch_dag.py
[2023-10-28T08:30:49.729+0000] {logging_mixin.py:149} INFO - [2023-10-28T08:30:49.728+0000] {dag.py:2726} INFO - Sync 1 DAGs
[2023-10-28T08:30:49.810+0000] {logging_mixin.py:149} INFO - [2023-10-28T08:30:49.810+0000] {dag.py:3486} INFO - Setting next_dagrun for example_nested_branch_dag to 2023-10-27T00:00:00+00:00, run_after=2023-10-28T00:00:00+00:00
[2023-10-28T08:30:49.921+0000] {processor.py:178} INFO - Processing /usr/local/lib/python3.10/dist-packages/airflow/example_dags/example_nested_branch_dag.py took 0.315 seconds
[2023-10-28T08:31:20.098+0000] {processor.py:156} INFO - Started process (PID=1513949) to work on /usr/local/lib/python3.10/dist-packages/airflow/example_dags/example_nested_branch_dag.py
[2023-10-28T08:31:20.132+0000] {processor.py:799} INFO - Processing file /usr/local/lib/python3.10/dist-packages/airflow/example_dags/example_nested_branch_dag.py for tasks to queue
[2023-10-28T08:31:20.134+0000] {logging_mixin.py:149} INFO - [2023-10-28T08:31:20.133+0000] {dagbag.py:541} INFO - Filling up the DagBag from /usr/local/lib/python3.10/dist-packages/airflow/example_dags/example_nested_branch_dag.py
[2023-10-28T08:31:20.157+0000] {processor.py:809} INFO - DAG(s) dict_keys(['example_nested_branch_dag']) retrieved from /usr/local/lib/python3.10/dist-packages/airflow/example_dags/example_nested_branch_dag.py
[2023-10-28T08:31:20.249+0000] {logging_mixin.py:149} INFO - [2023-10-28T08:31:20.249+0000] {dag.py:2726} INFO - Sync 1 DAGs
[2023-10-28T08:31:20.333+0000] {logging_mixin.py:149} INFO - [2023-10-28T08:31:20.333+0000] {dag.py:3486} INFO - Setting next_dagrun for example_nested_branch_dag to 2023-10-27T00:00:00+00:00, run_after=2023-10-28T00:00:00+00:00
[2023-10-28T08:31:20.439+0000] {processor.py:178} INFO - Processing /usr/local/lib/python3.10/dist-packages/airflow/example_dags/example_nested_branch_dag.py took 0.349 seconds
[2023-10-28T08:31:50.738+0000] {processor.py:156} INFO - Started process (PID=1514575) to work on /usr/local/lib/python3.10/dist-packages/airflow/example_dags/example_nested_branch_dag.py
[2023-10-28T08:31:50.739+0000] {processor.py:799} INFO - Processing file /usr/local/lib/python3.10/dist-packages/airflow/example_dags/example_nested_branch_dag.py for tasks to queue
[2023-10-28T08:31:50.742+0000] {logging_mixin.py:149} INFO - [2023-10-28T08:31:50.741+0000] {dagbag.py:541} INFO - Filling up the DagBag from /usr/local/lib/python3.10/dist-packages/airflow/example_dags/example_nested_branch_dag.py
[2023-10-28T08:31:50.767+0000] {processor.py:809} INFO - DAG(s) dict_keys(['example_nested_branch_dag']) retrieved from /usr/local/lib/python3.10/dist-packages/airflow/example_dags/example_nested_branch_dag.py
[2023-10-28T08:31:50.846+0000] {logging_mixin.py:149} INFO - [2023-10-28T08:31:50.846+0000] {dag.py:2726} INFO - Sync 1 DAGs
[2023-10-28T08:31:50.928+0000] {logging_mixin.py:149} INFO - [2023-10-28T08:31:50.928+0000] {dag.py:3486} INFO - Setting next_dagrun for example_nested_branch_dag to 2023-10-27T00:00:00+00:00, run_after=2023-10-28T00:00:00+00:00
[2023-10-28T08:31:51.043+0000] {processor.py:178} INFO - Processing /usr/local/lib/python3.10/dist-packages/airflow/example_dags/example_nested_branch_dag.py took 0.313 seconds
[2023-10-28T08:32:21.733+0000] {processor.py:156} INFO - Started process (PID=1515182) to work on /usr/local/lib/python3.10/dist-packages/airflow/example_dags/example_nested_branch_dag.py
[2023-10-28T08:32:21.770+0000] {processor.py:799} INFO - Processing file /usr/local/lib/python3.10/dist-packages/airflow/example_dags/example_nested_branch_dag.py for tasks to queue
[2023-10-28T08:32:21.772+0000] {logging_mixin.py:149} INFO - [2023-10-28T08:32:21.771+0000] {dagbag.py:541} INFO - Filling up the DagBag from /usr/local/lib/python3.10/dist-packages/airflow/example_dags/example_nested_branch_dag.py
[2023-10-28T08:32:21.802+0000] {processor.py:809} INFO - DAG(s) dict_keys(['example_nested_branch_dag']) retrieved from /usr/local/lib/python3.10/dist-packages/airflow/example_dags/example_nested_branch_dag.py
[2023-10-28T08:32:21.896+0000] {logging_mixin.py:149} INFO - [2023-10-28T08:32:21.895+0000] {dag.py:2726} INFO - Sync 1 DAGs
[2023-10-28T08:32:21.976+0000] {logging_mixin.py:149} INFO - [2023-10-28T08:32:21.975+0000] {dag.py:3486} INFO - Setting next_dagrun for example_nested_branch_dag to 2023-10-27T00:00:00+00:00, run_after=2023-10-28T00:00:00+00:00
[2023-10-28T08:32:22.042+0000] {processor.py:178} INFO - Processing /usr/local/lib/python3.10/dist-packages/airflow/example_dags/example_nested_branch_dag.py took 0.317 seconds
[2023-10-28T08:32:52.312+0000] {processor.py:156} INFO - Started process (PID=1515824) to work on /usr/local/lib/python3.10/dist-packages/airflow/example_dags/example_nested_branch_dag.py
[2023-10-28T08:32:52.316+0000] {processor.py:799} INFO - Processing file /usr/local/lib/python3.10/dist-packages/airflow/example_dags/example_nested_branch_dag.py for tasks to queue
[2023-10-28T08:32:52.318+0000] {logging_mixin.py:149} INFO - [2023-10-28T08:32:52.318+0000] {dagbag.py:541} INFO - Filling up the DagBag from /usr/local/lib/python3.10/dist-packages/airflow/example_dags/example_nested_branch_dag.py
[2023-10-28T08:32:52.344+0000] {processor.py:809} INFO - DAG(s) dict_keys(['example_nested_branch_dag']) retrieved from /usr/local/lib/python3.10/dist-packages/airflow/example_dags/example_nested_branch_dag.py
[2023-10-28T08:32:52.429+0000] {logging_mixin.py:149} INFO - [2023-10-28T08:32:52.428+0000] {dag.py:2726} INFO - Sync 1 DAGs
[2023-10-28T08:32:52.513+0000] {logging_mixin.py:149} INFO - [2023-10-28T08:32:52.513+0000] {dag.py:3486} INFO - Setting next_dagrun for example_nested_branch_dag to 2023-10-27T00:00:00+00:00, run_after=2023-10-28T00:00:00+00:00
[2023-10-28T08:32:52.578+0000] {processor.py:178} INFO - Processing /usr/local/lib/python3.10/dist-packages/airflow/example_dags/example_nested_branch_dag.py took 0.275 seconds
[2023-10-28T08:33:22.869+0000] {processor.py:156} INFO - Started process (PID=1516224) to work on /usr/local/lib/python3.10/dist-packages/airflow/example_dags/example_nested_branch_dag.py
[2023-10-28T08:33:22.871+0000] {processor.py:799} INFO - Processing file /usr/local/lib/python3.10/dist-packages/airflow/example_dags/example_nested_branch_dag.py for tasks to queue
[2023-10-28T08:33:22.873+0000] {logging_mixin.py:149} INFO - [2023-10-28T08:33:22.872+0000] {dagbag.py:541} INFO - Filling up the DagBag from /usr/local/lib/python3.10/dist-packages/airflow/example_dags/example_nested_branch_dag.py
[2023-10-28T08:33:22.899+0000] {processor.py:809} INFO - DAG(s) dict_keys(['example_nested_branch_dag']) retrieved from /usr/local/lib/python3.10/dist-packages/airflow/example_dags/example_nested_branch_dag.py
[2023-10-28T08:33:22.983+0000] {logging_mixin.py:149} INFO - [2023-10-28T08:33:22.982+0000] {dag.py:2726} INFO - Sync 1 DAGs
[2023-10-28T08:33:23.068+0000] {logging_mixin.py:149} INFO - [2023-10-28T08:33:23.067+0000] {dag.py:3486} INFO - Setting next_dagrun for example_nested_branch_dag to 2023-10-27T00:00:00+00:00, run_after=2023-10-28T00:00:00+00:00
[2023-10-28T08:33:23.135+0000] {processor.py:178} INFO - Processing /usr/local/lib/python3.10/dist-packages/airflow/example_dags/example_nested_branch_dag.py took 0.273 seconds
[2023-10-28T08:33:53.752+0000] {processor.py:156} INFO - Started process (PID=1516581) to work on /usr/local/lib/python3.10/dist-packages/airflow/example_dags/example_nested_branch_dag.py
[2023-10-28T08:33:53.754+0000] {processor.py:799} INFO - Processing file /usr/local/lib/python3.10/dist-packages/airflow/example_dags/example_nested_branch_dag.py for tasks to queue
[2023-10-28T08:33:53.756+0000] {logging_mixin.py:149} INFO - [2023-10-28T08:33:53.756+0000] {dagbag.py:541} INFO - Filling up the DagBag from /usr/local/lib/python3.10/dist-packages/airflow/example_dags/example_nested_branch_dag.py
[2023-10-28T08:33:53.779+0000] {processor.py:809} INFO - DAG(s) dict_keys(['example_nested_branch_dag']) retrieved from /usr/local/lib/python3.10/dist-packages/airflow/example_dags/example_nested_branch_dag.py
[2023-10-28T08:33:53.862+0000] {logging_mixin.py:149} INFO - [2023-10-28T08:33:53.862+0000] {dag.py:2726} INFO - Sync 1 DAGs
[2023-10-28T08:33:53.941+0000] {logging_mixin.py:149} INFO - [2023-10-28T08:33:53.940+0000] {dag.py:3486} INFO - Setting next_dagrun for example_nested_branch_dag to 2023-10-27T00:00:00+00:00, run_after=2023-10-28T00:00:00+00:00
[2023-10-28T08:33:54.037+0000] {processor.py:178} INFO - Processing /usr/local/lib/python3.10/dist-packages/airflow/example_dags/example_nested_branch_dag.py took 0.291 seconds
[2023-10-28T08:34:24.470+0000] {processor.py:156} INFO - Started process (PID=1516978) to work on /usr/local/lib/python3.10/dist-packages/airflow/example_dags/example_nested_branch_dag.py
[2023-10-28T08:34:24.505+0000] {processor.py:799} INFO - Processing file /usr/local/lib/python3.10/dist-packages/airflow/example_dags/example_nested_branch_dag.py for tasks to queue
[2023-10-28T08:34:24.507+0000] {logging_mixin.py:149} INFO - [2023-10-28T08:34:24.506+0000] {dagbag.py:541} INFO - Filling up the DagBag from /usr/local/lib/python3.10/dist-packages/airflow/example_dags/example_nested_branch_dag.py
[2023-10-28T08:34:24.530+0000] {processor.py:809} INFO - DAG(s) dict_keys(['example_nested_branch_dag']) retrieved from /usr/local/lib/python3.10/dist-packages/airflow/example_dags/example_nested_branch_dag.py
[2023-10-28T08:34:24.615+0000] {logging_mixin.py:149} INFO - [2023-10-28T08:34:24.614+0000] {dag.py:2726} INFO - Sync 1 DAGs
[2023-10-28T08:34:24.707+0000] {logging_mixin.py:149} INFO - [2023-10-28T08:34:24.707+0000] {dag.py:3486} INFO - Setting next_dagrun for example_nested_branch_dag to 2023-10-27T00:00:00+00:00, run_after=2023-10-28T00:00:00+00:00
[2023-10-28T08:34:24.797+0000] {processor.py:178} INFO - Processing /usr/local/lib/python3.10/dist-packages/airflow/example_dags/example_nested_branch_dag.py took 0.333 seconds
[2023-10-28T08:34:54.879+0000] {processor.py:156} INFO - Started process (PID=1517336) to work on /usr/local/lib/python3.10/dist-packages/airflow/example_dags/example_nested_branch_dag.py
[2023-10-28T08:34:54.920+0000] {processor.py:799} INFO - Processing file /usr/local/lib/python3.10/dist-packages/airflow/example_dags/example_nested_branch_dag.py for tasks to queue
[2023-10-28T08:34:54.922+0000] {logging_mixin.py:149} INFO - [2023-10-28T08:34:54.922+0000] {dagbag.py:541} INFO - Filling up the DagBag from /usr/local/lib/python3.10/dist-packages/airflow/example_dags/example_nested_branch_dag.py
[2023-10-28T08:34:54.945+0000] {processor.py:809} INFO - DAG(s) dict_keys(['example_nested_branch_dag']) retrieved from /usr/local/lib/python3.10/dist-packages/airflow/example_dags/example_nested_branch_dag.py
[2023-10-28T08:34:55.027+0000] {logging_mixin.py:149} INFO - [2023-10-28T08:34:55.026+0000] {dag.py:2726} INFO - Sync 1 DAGs
[2023-10-28T08:34:55.103+0000] {logging_mixin.py:149} INFO - [2023-10-28T08:34:55.102+0000] {dag.py:3486} INFO - Setting next_dagrun for example_nested_branch_dag to 2023-10-27T00:00:00+00:00, run_after=2023-10-28T00:00:00+00:00
[2023-10-28T08:34:55.194+0000] {processor.py:178} INFO - Processing /usr/local/lib/python3.10/dist-packages/airflow/example_dags/example_nested_branch_dag.py took 0.322 seconds
[2023-10-28T08:35:25.969+0000] {processor.py:156} INFO - Started process (PID=1517930) to work on /usr/local/lib/python3.10/dist-packages/airflow/example_dags/example_nested_branch_dag.py
[2023-10-28T08:35:26.005+0000] {processor.py:799} INFO - Processing file /usr/local/lib/python3.10/dist-packages/airflow/example_dags/example_nested_branch_dag.py for tasks to queue
[2023-10-28T08:35:26.007+0000] {logging_mixin.py:149} INFO - [2023-10-28T08:35:26.006+0000] {dagbag.py:541} INFO - Filling up the DagBag from /usr/local/lib/python3.10/dist-packages/airflow/example_dags/example_nested_branch_dag.py
[2023-10-28T08:35:26.030+0000] {processor.py:809} INFO - DAG(s) dict_keys(['example_nested_branch_dag']) retrieved from /usr/local/lib/python3.10/dist-packages/airflow/example_dags/example_nested_branch_dag.py
[2023-10-28T08:35:26.117+0000] {logging_mixin.py:149} INFO - [2023-10-28T08:35:26.117+0000] {dag.py:2726} INFO - Sync 1 DAGs
[2023-10-28T08:35:26.198+0000] {logging_mixin.py:149} INFO - [2023-10-28T08:35:26.198+0000] {dag.py:3486} INFO - Setting next_dagrun for example_nested_branch_dag to 2023-10-27T00:00:00+00:00, run_after=2023-10-28T00:00:00+00:00
[2023-10-28T08:35:26.319+0000] {processor.py:178} INFO - Processing /usr/local/lib/python3.10/dist-packages/airflow/example_dags/example_nested_branch_dag.py took 0.358 seconds
[2023-10-28T08:35:56.705+0000] {processor.py:156} INFO - Started process (PID=1518350) to work on /usr/local/lib/python3.10/dist-packages/airflow/example_dags/example_nested_branch_dag.py
[2023-10-28T08:35:56.707+0000] {processor.py:799} INFO - Processing file /usr/local/lib/python3.10/dist-packages/airflow/example_dags/example_nested_branch_dag.py for tasks to queue
[2023-10-28T08:35:56.709+0000] {logging_mixin.py:149} INFO - [2023-10-28T08:35:56.708+0000] {dagbag.py:541} INFO - Filling up the DagBag from /usr/local/lib/python3.10/dist-packages/airflow/example_dags/example_nested_branch_dag.py
[2023-10-28T08:35:56.732+0000] {processor.py:809} INFO - DAG(s) dict_keys(['example_nested_branch_dag']) retrieved from /usr/local/lib/python3.10/dist-packages/airflow/example_dags/example_nested_branch_dag.py
[2023-10-28T08:35:56.814+0000] {logging_mixin.py:149} INFO - [2023-10-28T08:35:56.813+0000] {dag.py:2726} INFO - Sync 1 DAGs
[2023-10-28T08:35:56.897+0000] {logging_mixin.py:149} INFO - [2023-10-28T08:35:56.896+0000] {dag.py:3486} INFO - Setting next_dagrun for example_nested_branch_dag to 2023-10-27T00:00:00+00:00, run_after=2023-10-28T00:00:00+00:00
[2023-10-28T08:35:56.966+0000] {processor.py:178} INFO - Processing /usr/local/lib/python3.10/dist-packages/airflow/example_dags/example_nested_branch_dag.py took 0.268 seconds
[2023-10-28T08:36:27.686+0000] {processor.py:156} INFO - Started process (PID=1518741) to work on /usr/local/lib/python3.10/dist-packages/airflow/example_dags/example_nested_branch_dag.py
[2023-10-28T08:36:27.720+0000] {processor.py:799} INFO - Processing file /usr/local/lib/python3.10/dist-packages/airflow/example_dags/example_nested_branch_dag.py for tasks to queue
[2023-10-28T08:36:27.722+0000] {logging_mixin.py:149} INFO - [2023-10-28T08:36:27.721+0000] {dagbag.py:541} INFO - Filling up the DagBag from /usr/local/lib/python3.10/dist-packages/airflow/example_dags/example_nested_branch_dag.py
[2023-10-28T08:36:27.747+0000] {processor.py:809} INFO - DAG(s) dict_keys(['example_nested_branch_dag']) retrieved from /usr/local/lib/python3.10/dist-packages/airflow/example_dags/example_nested_branch_dag.py
[2023-10-28T08:36:27.831+0000] {logging_mixin.py:149} INFO - [2023-10-28T08:36:27.831+0000] {dag.py:2726} INFO - Sync 1 DAGs
[2023-10-28T08:36:27.909+0000] {logging_mixin.py:149} INFO - [2023-10-28T08:36:27.908+0000] {dag.py:3486} INFO - Setting next_dagrun for example_nested_branch_dag to 2023-10-27T00:00:00+00:00, run_after=2023-10-28T00:00:00+00:00
[2023-10-28T08:36:28.012+0000] {processor.py:178} INFO - Processing /usr/local/lib/python3.10/dist-packages/airflow/example_dags/example_nested_branch_dag.py took 0.334 seconds
[2023-10-28T08:36:58.468+0000] {processor.py:156} INFO - Started process (PID=1519209) to work on /usr/local/lib/python3.10/dist-packages/airflow/example_dags/example_nested_branch_dag.py
[2023-10-28T08:36:58.469+0000] {processor.py:799} INFO - Processing file /usr/local/lib/python3.10/dist-packages/airflow/example_dags/example_nested_branch_dag.py for tasks to queue
[2023-10-28T08:36:58.471+0000] {logging_mixin.py:149} INFO - [2023-10-28T08:36:58.471+0000] {dagbag.py:541} INFO - Filling up the DagBag from /usr/local/lib/python3.10/dist-packages/airflow/example_dags/example_nested_branch_dag.py
[2023-10-28T08:36:58.494+0000] {processor.py:809} INFO - DAG(s) dict_keys(['example_nested_branch_dag']) retrieved from /usr/local/lib/python3.10/dist-packages/airflow/example_dags/example_nested_branch_dag.py
[2023-10-28T08:36:58.578+0000] {logging_mixin.py:149} INFO - [2023-10-28T08:36:58.578+0000] {dag.py:2726} INFO - Sync 1 DAGs
[2023-10-28T08:36:58.656+0000] {logging_mixin.py:149} INFO - [2023-10-28T08:36:58.656+0000] {dag.py:3486} INFO - Setting next_dagrun for example_nested_branch_dag to 2023-10-27T00:00:00+00:00, run_after=2023-10-28T00:00:00+00:00
[2023-10-28T08:36:58.756+0000] {processor.py:178} INFO - Processing /usr/local/lib/python3.10/dist-packages/airflow/example_dags/example_nested_branch_dag.py took 0.294 seconds
[2023-10-28T08:37:28.838+0000] {processor.py:156} INFO - Started process (PID=1519584) to work on /usr/local/lib/python3.10/dist-packages/airflow/example_dags/example_nested_branch_dag.py
[2023-10-28T08:37:28.877+0000] {processor.py:799} INFO - Processing file /usr/local/lib/python3.10/dist-packages/airflow/example_dags/example_nested_branch_dag.py for tasks to queue
[2023-10-28T08:37:28.879+0000] {logging_mixin.py:149} INFO - [2023-10-28T08:37:28.878+0000] {dagbag.py:541} INFO - Filling up the DagBag from /usr/local/lib/python3.10/dist-packages/airflow/example_dags/example_nested_branch_dag.py
[2023-10-28T08:37:28.907+0000] {processor.py:809} INFO - DAG(s) dict_keys(['example_nested_branch_dag']) retrieved from /usr/local/lib/python3.10/dist-packages/airflow/example_dags/example_nested_branch_dag.py
[2023-10-28T08:37:29.007+0000] {logging_mixin.py:149} INFO - [2023-10-28T08:37:29.007+0000] {dag.py:2726} INFO - Sync 1 DAGs
[2023-10-28T08:37:29.091+0000] {logging_mixin.py:149} INFO - [2023-10-28T08:37:29.090+0000] {dag.py:3486} INFO - Setting next_dagrun for example_nested_branch_dag to 2023-10-27T00:00:00+00:00, run_after=2023-10-28T00:00:00+00:00
[2023-10-28T08:37:29.198+0000] {processor.py:178} INFO - Processing /usr/local/lib/python3.10/dist-packages/airflow/example_dags/example_nested_branch_dag.py took 0.368 seconds
[2023-10-28T08:37:59.531+0000] {processor.py:156} INFO - Started process (PID=1519989) to work on /usr/local/lib/python3.10/dist-packages/airflow/example_dags/example_nested_branch_dag.py
[2023-10-28T08:37:59.533+0000] {processor.py:799} INFO - Processing file /usr/local/lib/python3.10/dist-packages/airflow/example_dags/example_nested_branch_dag.py for tasks to queue
[2023-10-28T08:37:59.535+0000] {logging_mixin.py:149} INFO - [2023-10-28T08:37:59.534+0000] {dagbag.py:541} INFO - Filling up the DagBag from /usr/local/lib/python3.10/dist-packages/airflow/example_dags/example_nested_branch_dag.py
[2023-10-28T08:37:59.559+0000] {processor.py:809} INFO - DAG(s) dict_keys(['example_nested_branch_dag']) retrieved from /usr/local/lib/python3.10/dist-packages/airflow/example_dags/example_nested_branch_dag.py
[2023-10-28T08:37:59.642+0000] {logging_mixin.py:149} INFO - [2023-10-28T08:37:59.642+0000] {dag.py:2726} INFO - Sync 1 DAGs
[2023-10-28T08:37:59.726+0000] {logging_mixin.py:149} INFO - [2023-10-28T08:37:59.725+0000] {dag.py:3486} INFO - Setting next_dagrun for example_nested_branch_dag to 2023-10-27T00:00:00+00:00, run_after=2023-10-28T00:00:00+00:00
[2023-10-28T08:37:59.855+0000] {processor.py:178} INFO - Processing /usr/local/lib/python3.10/dist-packages/airflow/example_dags/example_nested_branch_dag.py took 0.331 seconds
[2023-10-28T08:38:30.132+0000] {processor.py:156} INFO - Started process (PID=1520517) to work on /usr/local/lib/python3.10/dist-packages/airflow/example_dags/example_nested_branch_dag.py
[2023-10-28T08:38:30.172+0000] {processor.py:799} INFO - Processing file /usr/local/lib/python3.10/dist-packages/airflow/example_dags/example_nested_branch_dag.py for tasks to queue
[2023-10-28T08:38:30.174+0000] {logging_mixin.py:149} INFO - [2023-10-28T08:38:30.174+0000] {dagbag.py:541} INFO - Filling up the DagBag from /usr/local/lib/python3.10/dist-packages/airflow/example_dags/example_nested_branch_dag.py
[2023-10-28T08:38:30.198+0000] {processor.py:809} INFO - DAG(s) dict_keys(['example_nested_branch_dag']) retrieved from /usr/local/lib/python3.10/dist-packages/airflow/example_dags/example_nested_branch_dag.py
[2023-10-28T08:38:30.280+0000] {logging_mixin.py:149} INFO - [2023-10-28T08:38:30.280+0000] {dag.py:2726} INFO - Sync 1 DAGs
[2023-10-28T08:38:30.359+0000] {logging_mixin.py:149} INFO - [2023-10-28T08:38:30.359+0000] {dag.py:3486} INFO - Setting next_dagrun for example_nested_branch_dag to 2023-10-27T00:00:00+00:00, run_after=2023-10-28T00:00:00+00:00
[2023-10-28T08:38:30.420+0000] {processor.py:178} INFO - Processing /usr/local/lib/python3.10/dist-packages/airflow/example_dags/example_nested_branch_dag.py took 0.295 seconds
[2023-10-28T08:39:00.555+0000] {processor.py:156} INFO - Started process (PID=1521042) to work on /usr/local/lib/python3.10/dist-packages/airflow/example_dags/example_nested_branch_dag.py
[2023-10-28T08:39:00.557+0000] {processor.py:799} INFO - Processing file /usr/local/lib/python3.10/dist-packages/airflow/example_dags/example_nested_branch_dag.py for tasks to queue
[2023-10-28T08:39:00.559+0000] {logging_mixin.py:149} INFO - [2023-10-28T08:39:00.558+0000] {dagbag.py:541} INFO - Filling up the DagBag from /usr/local/lib/python3.10/dist-packages/airflow/example_dags/example_nested_branch_dag.py
[2023-10-28T08:39:00.582+0000] {processor.py:809} INFO - DAG(s) dict_keys(['example_nested_branch_dag']) retrieved from /usr/local/lib/python3.10/dist-packages/airflow/example_dags/example_nested_branch_dag.py
[2023-10-28T08:39:00.664+0000] {logging_mixin.py:149} INFO - [2023-10-28T08:39:00.663+0000] {dag.py:2726} INFO - Sync 1 DAGs
[2023-10-28T08:39:00.742+0000] {logging_mixin.py:149} INFO - [2023-10-28T08:39:00.742+0000] {dag.py:3486} INFO - Setting next_dagrun for example_nested_branch_dag to 2023-10-27T00:00:00+00:00, run_after=2023-10-28T00:00:00+00:00
[2023-10-28T08:39:00.839+0000] {processor.py:178} INFO - Processing /usr/local/lib/python3.10/dist-packages/airflow/example_dags/example_nested_branch_dag.py took 0.291 seconds
[2023-10-28T08:39:31.044+0000] {processor.py:156} INFO - Started process (PID=1521528) to work on /usr/local/lib/python3.10/dist-packages/airflow/example_dags/example_nested_branch_dag.py
[2023-10-28T08:39:31.081+0000] {processor.py:799} INFO - Processing file /usr/local/lib/python3.10/dist-packages/airflow/example_dags/example_nested_branch_dag.py for tasks to queue
[2023-10-28T08:39:31.083+0000] {logging_mixin.py:149} INFO - [2023-10-28T08:39:31.083+0000] {dagbag.py:541} INFO - Filling up the DagBag from /usr/local/lib/python3.10/dist-packages/airflow/example_dags/example_nested_branch_dag.py
[2023-10-28T08:39:31.110+0000] {processor.py:809} INFO - DAG(s) dict_keys(['example_nested_branch_dag']) retrieved from /usr/local/lib/python3.10/dist-packages/airflow/example_dags/example_nested_branch_dag.py
[2023-10-28T08:39:31.202+0000] {logging_mixin.py:149} INFO - [2023-10-28T08:39:31.201+0000] {dag.py:2726} INFO - Sync 1 DAGs
[2023-10-28T08:39:31.281+0000] {logging_mixin.py:149} INFO - [2023-10-28T08:39:31.281+0000] {dag.py:3486} INFO - Setting next_dagrun for example_nested_branch_dag to 2023-10-27T00:00:00+00:00, run_after=2023-10-28T00:00:00+00:00
[2023-10-28T08:39:31.390+0000] {processor.py:178} INFO - Processing /usr/local/lib/python3.10/dist-packages/airflow/example_dags/example_nested_branch_dag.py took 0.354 seconds
