[2023-10-28T07:58:12.860+0000] {processor.py:156} INFO - Started process (PID=1491786) to work on /usr/local/lib/python3.10/dist-packages/airflow/example_dags/example_branch_labels.py
[2023-10-28T07:58:12.862+0000] {processor.py:799} INFO - Processing file /usr/local/lib/python3.10/dist-packages/airflow/example_dags/example_branch_labels.py for tasks to queue
[2023-10-28T07:58:12.864+0000] {logging_mixin.py:149} INFO - [2023-10-28T07:58:12.863+0000] {dagbag.py:541} INFO - Filling up the DagBag from /usr/local/lib/python3.10/dist-packages/airflow/example_dags/example_branch_labels.py
[2023-10-28T07:58:12.884+0000] {processor.py:809} INFO - DAG(s) dict_keys(['example_branch_labels']) retrieved from /usr/local/lib/python3.10/dist-packages/airflow/example_dags/example_branch_labels.py
[2023-10-28T07:58:13.394+0000] {logging_mixin.py:149} INFO - [2023-10-28T07:58:13.393+0000] {manager.py:504} INFO - Created Permission View: can read on DAG:example_branch_labels
[2023-10-28T07:58:13.421+0000] {logging_mixin.py:149} INFO - [2023-10-28T07:58:13.420+0000] {manager.py:504} INFO - Created Permission View: can edit on DAG:example_branch_labels
[2023-10-28T07:58:13.444+0000] {logging_mixin.py:149} INFO - [2023-10-28T07:58:13.443+0000] {manager.py:504} INFO - Created Permission View: can delete on DAG:example_branch_labels
[2023-10-28T07:58:13.445+0000] {logging_mixin.py:149} INFO - [2023-10-28T07:58:13.445+0000] {dag.py:2726} INFO - Sync 1 DAGs
[2023-10-28T07:58:13.473+0000] {logging_mixin.py:149} INFO - [2023-10-28T07:58:13.472+0000] {dag.py:2747} INFO - Creating ORM DAG for example_branch_labels
[2023-10-28T07:58:13.501+0000] {logging_mixin.py:149} INFO - [2023-10-28T07:58:13.500+0000] {dag.py:3486} INFO - Setting next_dagrun for example_branch_labels to 2023-10-27T00:00:00+00:00, run_after=2023-10-28T00:00:00+00:00
[2023-10-28T07:58:13.596+0000] {processor.py:178} INFO - Processing /usr/local/lib/python3.10/dist-packages/airflow/example_dags/example_branch_labels.py took 0.744 seconds
[2023-10-28T07:59:23.971+0000] {processor.py:156} INFO - Started process (PID=1492390) to work on /usr/local/lib/python3.10/dist-packages/airflow/example_dags/example_branch_labels.py
[2023-10-28T07:59:24.010+0000] {processor.py:799} INFO - Processing file /usr/local/lib/python3.10/dist-packages/airflow/example_dags/example_branch_labels.py for tasks to queue
[2023-10-28T07:59:24.012+0000] {logging_mixin.py:149} INFO - [2023-10-28T07:59:24.011+0000] {dagbag.py:541} INFO - Filling up the DagBag from /usr/local/lib/python3.10/dist-packages/airflow/example_dags/example_branch_labels.py
[2023-10-28T07:59:24.034+0000] {processor.py:809} INFO - DAG(s) dict_keys(['example_branch_labels']) retrieved from /usr/local/lib/python3.10/dist-packages/airflow/example_dags/example_branch_labels.py
[2023-10-28T07:59:24.087+0000] {logging_mixin.py:149} INFO - [2023-10-28T07:59:24.087+0000] {dag.py:2726} INFO - Sync 1 DAGs
[2023-10-28T07:59:24.151+0000] {logging_mixin.py:149} INFO - [2023-10-28T07:59:24.150+0000] {dag.py:3486} INFO - Setting next_dagrun for example_branch_labels to 2023-10-27T00:00:00+00:00, run_after=2023-10-28T00:00:00+00:00
[2023-10-28T07:59:24.244+0000] {processor.py:178} INFO - Processing /usr/local/lib/python3.10/dist-packages/airflow/example_dags/example_branch_labels.py took 0.280 seconds
[2023-10-28T08:15:34.851+0000] {processor.py:156} INFO - Started process (PID=1498198) to work on /usr/local/lib/python3.10/dist-packages/airflow/example_dags/example_branch_labels.py
[2023-10-28T08:15:34.892+0000] {processor.py:799} INFO - Processing file /usr/local/lib/python3.10/dist-packages/airflow/example_dags/example_branch_labels.py for tasks to queue
[2023-10-28T08:15:34.894+0000] {logging_mixin.py:149} INFO - [2023-10-28T08:15:34.894+0000] {dagbag.py:541} INFO - Filling up the DagBag from /usr/local/lib/python3.10/dist-packages/airflow/example_dags/example_branch_labels.py
[2023-10-28T08:15:35.127+0000] {processor.py:809} INFO - DAG(s) dict_keys(['example_branch_labels']) retrieved from /usr/local/lib/python3.10/dist-packages/airflow/example_dags/example_branch_labels.py
[2023-10-28T08:15:35.476+0000] {logging_mixin.py:149} INFO - [2023-10-28T08:15:35.475+0000] {manager.py:504} INFO - Created Permission View: can read on DAG:example_branch_labels
[2023-10-28T08:15:35.506+0000] {logging_mixin.py:149} INFO - [2023-10-28T08:15:35.506+0000] {manager.py:504} INFO - Created Permission View: can delete on DAG:example_branch_labels
[2023-10-28T08:15:35.531+0000] {logging_mixin.py:149} INFO - [2023-10-28T08:15:35.530+0000] {manager.py:504} INFO - Created Permission View: can edit on DAG:example_branch_labels
[2023-10-28T08:15:35.532+0000] {logging_mixin.py:149} INFO - [2023-10-28T08:15:35.531+0000] {dag.py:2726} INFO - Sync 1 DAGs
[2023-10-28T08:15:35.570+0000] {logging_mixin.py:149} INFO - [2023-10-28T08:15:35.570+0000] {dag.py:2747} INFO - Creating ORM DAG for example_branch_labels
[2023-10-28T08:15:35.607+0000] {logging_mixin.py:149} INFO - [2023-10-28T08:15:35.606+0000] {dag.py:3486} INFO - Setting next_dagrun for example_branch_labels to 2023-10-27T00:00:00+00:00, run_after=2023-10-28T00:00:00+00:00
[2023-10-28T08:15:35.710+0000] {processor.py:178} INFO - Processing /usr/local/lib/python3.10/dist-packages/airflow/example_dags/example_branch_labels.py took 0.865 seconds
[2023-10-28T08:16:06.162+0000] {processor.py:156} INFO - Started process (PID=1499124) to work on /usr/local/lib/python3.10/dist-packages/airflow/example_dags/example_branch_labels.py
[2023-10-28T08:16:06.164+0000] {processor.py:799} INFO - Processing file /usr/local/lib/python3.10/dist-packages/airflow/example_dags/example_branch_labels.py for tasks to queue
[2023-10-28T08:16:06.166+0000] {logging_mixin.py:149} INFO - [2023-10-28T08:16:06.166+0000] {dagbag.py:541} INFO - Filling up the DagBag from /usr/local/lib/python3.10/dist-packages/airflow/example_dags/example_branch_labels.py
[2023-10-28T08:16:06.184+0000] {processor.py:809} INFO - DAG(s) dict_keys(['example_branch_labels']) retrieved from /usr/local/lib/python3.10/dist-packages/airflow/example_dags/example_branch_labels.py
[2023-10-28T08:16:06.263+0000] {logging_mixin.py:149} INFO - [2023-10-28T08:16:06.263+0000] {dag.py:2726} INFO - Sync 1 DAGs
[2023-10-28T08:16:06.347+0000] {logging_mixin.py:149} INFO - [2023-10-28T08:16:06.346+0000] {dag.py:3486} INFO - Setting next_dagrun for example_branch_labels to 2023-10-27T00:00:00+00:00, run_after=2023-10-28T00:00:00+00:00
[2023-10-28T08:16:06.439+0000] {processor.py:178} INFO - Processing /usr/local/lib/python3.10/dist-packages/airflow/example_dags/example_branch_labels.py took 0.284 seconds
[2023-10-28T08:16:37.109+0000] {processor.py:156} INFO - Started process (PID=1500212) to work on /usr/local/lib/python3.10/dist-packages/airflow/example_dags/example_branch_labels.py
[2023-10-28T08:16:37.116+0000] {processor.py:799} INFO - Processing file /usr/local/lib/python3.10/dist-packages/airflow/example_dags/example_branch_labels.py for tasks to queue
[2023-10-28T08:16:37.118+0000] {logging_mixin.py:149} INFO - [2023-10-28T08:16:37.117+0000] {dagbag.py:541} INFO - Filling up the DagBag from /usr/local/lib/python3.10/dist-packages/airflow/example_dags/example_branch_labels.py
[2023-10-28T08:16:37.139+0000] {processor.py:809} INFO - DAG(s) dict_keys(['example_branch_labels']) retrieved from /usr/local/lib/python3.10/dist-packages/airflow/example_dags/example_branch_labels.py
[2023-10-28T08:16:37.224+0000] {logging_mixin.py:149} INFO - [2023-10-28T08:16:37.223+0000] {dag.py:2726} INFO - Sync 1 DAGs
[2023-10-28T08:16:37.302+0000] {logging_mixin.py:149} INFO - [2023-10-28T08:16:37.301+0000] {dag.py:3486} INFO - Setting next_dagrun for example_branch_labels to 2023-10-27T00:00:00+00:00, run_after=2023-10-28T00:00:00+00:00
[2023-10-28T08:16:37.397+0000] {processor.py:178} INFO - Processing /usr/local/lib/python3.10/dist-packages/airflow/example_dags/example_branch_labels.py took 0.296 seconds
[2023-10-28T08:17:07.680+0000] {processor.py:156} INFO - Started process (PID=1500897) to work on /usr/local/lib/python3.10/dist-packages/airflow/example_dags/example_branch_labels.py
[2023-10-28T08:17:07.682+0000] {processor.py:799} INFO - Processing file /usr/local/lib/python3.10/dist-packages/airflow/example_dags/example_branch_labels.py for tasks to queue
[2023-10-28T08:17:07.683+0000] {logging_mixin.py:149} INFO - [2023-10-28T08:17:07.683+0000] {dagbag.py:541} INFO - Filling up the DagBag from /usr/local/lib/python3.10/dist-packages/airflow/example_dags/example_branch_labels.py
[2023-10-28T08:17:07.701+0000] {processor.py:809} INFO - DAG(s) dict_keys(['example_branch_labels']) retrieved from /usr/local/lib/python3.10/dist-packages/airflow/example_dags/example_branch_labels.py
[2023-10-28T08:17:07.783+0000] {logging_mixin.py:149} INFO - [2023-10-28T08:17:07.782+0000] {dag.py:2726} INFO - Sync 1 DAGs
[2023-10-28T08:17:07.870+0000] {logging_mixin.py:149} INFO - [2023-10-28T08:17:07.869+0000] {dag.py:3486} INFO - Setting next_dagrun for example_branch_labels to 2023-10-27T00:00:00+00:00, run_after=2023-10-28T00:00:00+00:00
[2023-10-28T08:17:07.965+0000] {processor.py:178} INFO - Processing /usr/local/lib/python3.10/dist-packages/airflow/example_dags/example_branch_labels.py took 0.291 seconds
[2023-10-28T08:17:38.433+0000] {processor.py:156} INFO - Started process (PID=1501284) to work on /usr/local/lib/python3.10/dist-packages/airflow/example_dags/example_branch_labels.py
[2023-10-28T08:17:38.456+0000] {processor.py:799} INFO - Processing file /usr/local/lib/python3.10/dist-packages/airflow/example_dags/example_branch_labels.py for tasks to queue
[2023-10-28T08:17:38.458+0000] {logging_mixin.py:149} INFO - [2023-10-28T08:17:38.458+0000] {dagbag.py:541} INFO - Filling up the DagBag from /usr/local/lib/python3.10/dist-packages/airflow/example_dags/example_branch_labels.py
[2023-10-28T08:17:38.478+0000] {processor.py:809} INFO - DAG(s) dict_keys(['example_branch_labels']) retrieved from /usr/local/lib/python3.10/dist-packages/airflow/example_dags/example_branch_labels.py
[2023-10-28T08:17:38.566+0000] {logging_mixin.py:149} INFO - [2023-10-28T08:17:38.566+0000] {dag.py:2726} INFO - Sync 1 DAGs
[2023-10-28T08:17:38.646+0000] {logging_mixin.py:149} INFO - [2023-10-28T08:17:38.645+0000] {dag.py:3486} INFO - Setting next_dagrun for example_branch_labels to 2023-10-27T00:00:00+00:00, run_after=2023-10-28T00:00:00+00:00
[2023-10-28T08:17:38.709+0000] {processor.py:178} INFO - Processing /usr/local/lib/python3.10/dist-packages/airflow/example_dags/example_branch_labels.py took 0.282 seconds
[2023-10-28T08:18:09.018+0000] {processor.py:156} INFO - Started process (PID=1501662) to work on /usr/local/lib/python3.10/dist-packages/airflow/example_dags/example_branch_labels.py
[2023-10-28T08:18:09.056+0000] {processor.py:799} INFO - Processing file /usr/local/lib/python3.10/dist-packages/airflow/example_dags/example_branch_labels.py for tasks to queue
[2023-10-28T08:18:09.058+0000] {logging_mixin.py:149} INFO - [2023-10-28T08:18:09.058+0000] {dagbag.py:541} INFO - Filling up the DagBag from /usr/local/lib/python3.10/dist-packages/airflow/example_dags/example_branch_labels.py
[2023-10-28T08:18:09.079+0000] {processor.py:809} INFO - DAG(s) dict_keys(['example_branch_labels']) retrieved from /usr/local/lib/python3.10/dist-packages/airflow/example_dags/example_branch_labels.py
[2023-10-28T08:18:09.173+0000] {logging_mixin.py:149} INFO - [2023-10-28T08:18:09.173+0000] {dag.py:2726} INFO - Sync 1 DAGs
[2023-10-28T08:18:09.257+0000] {logging_mixin.py:149} INFO - [2023-10-28T08:18:09.256+0000] {dag.py:3486} INFO - Setting next_dagrun for example_branch_labels to 2023-10-27T00:00:00+00:00, run_after=2023-10-28T00:00:00+00:00
[2023-10-28T08:18:09.364+0000] {processor.py:178} INFO - Processing /usr/local/lib/python3.10/dist-packages/airflow/example_dags/example_branch_labels.py took 0.354 seconds
[2023-10-28T08:18:40.088+0000] {processor.py:156} INFO - Started process (PID=1502037) to work on /usr/local/lib/python3.10/dist-packages/airflow/example_dags/example_branch_labels.py
[2023-10-28T08:18:40.112+0000] {processor.py:799} INFO - Processing file /usr/local/lib/python3.10/dist-packages/airflow/example_dags/example_branch_labels.py for tasks to queue
[2023-10-28T08:18:40.114+0000] {logging_mixin.py:149} INFO - [2023-10-28T08:18:40.113+0000] {dagbag.py:541} INFO - Filling up the DagBag from /usr/local/lib/python3.10/dist-packages/airflow/example_dags/example_branch_labels.py
[2023-10-28T08:18:40.131+0000] {processor.py:809} INFO - DAG(s) dict_keys(['example_branch_labels']) retrieved from /usr/local/lib/python3.10/dist-packages/airflow/example_dags/example_branch_labels.py
[2023-10-28T08:18:40.213+0000] {logging_mixin.py:149} INFO - [2023-10-28T08:18:40.213+0000] {dag.py:2726} INFO - Sync 1 DAGs
[2023-10-28T08:18:40.291+0000] {logging_mixin.py:149} INFO - [2023-10-28T08:18:40.291+0000] {dag.py:3486} INFO - Setting next_dagrun for example_branch_labels to 2023-10-27T00:00:00+00:00, run_after=2023-10-28T00:00:00+00:00
[2023-10-28T08:18:40.395+0000] {processor.py:178} INFO - Processing /usr/local/lib/python3.10/dist-packages/airflow/example_dags/example_branch_labels.py took 0.313 seconds
[2023-10-28T08:19:10.767+0000] {processor.py:156} INFO - Started process (PID=1502429) to work on /usr/local/lib/python3.10/dist-packages/airflow/example_dags/example_branch_labels.py
[2023-10-28T08:19:10.780+0000] {processor.py:799} INFO - Processing file /usr/local/lib/python3.10/dist-packages/airflow/example_dags/example_branch_labels.py for tasks to queue
[2023-10-28T08:19:10.782+0000] {logging_mixin.py:149} INFO - [2023-10-28T08:19:10.782+0000] {dagbag.py:541} INFO - Filling up the DagBag from /usr/local/lib/python3.10/dist-packages/airflow/example_dags/example_branch_labels.py
[2023-10-28T08:19:10.800+0000] {processor.py:809} INFO - DAG(s) dict_keys(['example_branch_labels']) retrieved from /usr/local/lib/python3.10/dist-packages/airflow/example_dags/example_branch_labels.py
[2023-10-28T08:19:10.879+0000] {logging_mixin.py:149} INFO - [2023-10-28T08:19:10.878+0000] {dag.py:2726} INFO - Sync 1 DAGs
[2023-10-28T08:19:10.954+0000] {logging_mixin.py:149} INFO - [2023-10-28T08:19:10.954+0000] {dag.py:3486} INFO - Setting next_dagrun for example_branch_labels to 2023-10-27T00:00:00+00:00, run_after=2023-10-28T00:00:00+00:00
[2023-10-28T08:19:11.051+0000] {processor.py:178} INFO - Processing /usr/local/lib/python3.10/dist-packages/airflow/example_dags/example_branch_labels.py took 0.292 seconds
[2023-10-28T08:19:41.114+0000] {processor.py:156} INFO - Started process (PID=1502784) to work on /usr/local/lib/python3.10/dist-packages/airflow/example_dags/example_branch_labels.py
[2023-10-28T08:19:41.148+0000] {processor.py:799} INFO - Processing file /usr/local/lib/python3.10/dist-packages/airflow/example_dags/example_branch_labels.py for tasks to queue
[2023-10-28T08:19:41.150+0000] {logging_mixin.py:149} INFO - [2023-10-28T08:19:41.150+0000] {dagbag.py:541} INFO - Filling up the DagBag from /usr/local/lib/python3.10/dist-packages/airflow/example_dags/example_branch_labels.py
[2023-10-28T08:19:41.170+0000] {processor.py:809} INFO - DAG(s) dict_keys(['example_branch_labels']) retrieved from /usr/local/lib/python3.10/dist-packages/airflow/example_dags/example_branch_labels.py
[2023-10-28T08:19:41.257+0000] {logging_mixin.py:149} INFO - [2023-10-28T08:19:41.257+0000] {dag.py:2726} INFO - Sync 1 DAGs
[2023-10-28T08:19:41.334+0000] {logging_mixin.py:149} INFO - [2023-10-28T08:19:41.334+0000] {dag.py:3486} INFO - Setting next_dagrun for example_branch_labels to 2023-10-27T00:00:00+00:00, run_after=2023-10-28T00:00:00+00:00
[2023-10-28T08:19:41.438+0000] {processor.py:178} INFO - Processing /usr/local/lib/python3.10/dist-packages/airflow/example_dags/example_branch_labels.py took 0.332 seconds
[2023-10-28T08:20:11.568+0000] {processor.py:156} INFO - Started process (PID=1503165) to work on /usr/local/lib/python3.10/dist-packages/airflow/example_dags/example_branch_labels.py
[2023-10-28T08:20:11.570+0000] {processor.py:799} INFO - Processing file /usr/local/lib/python3.10/dist-packages/airflow/example_dags/example_branch_labels.py for tasks to queue
[2023-10-28T08:20:11.572+0000] {logging_mixin.py:149} INFO - [2023-10-28T08:20:11.572+0000] {dagbag.py:541} INFO - Filling up the DagBag from /usr/local/lib/python3.10/dist-packages/airflow/example_dags/example_branch_labels.py
[2023-10-28T08:20:11.590+0000] {processor.py:809} INFO - DAG(s) dict_keys(['example_branch_labels']) retrieved from /usr/local/lib/python3.10/dist-packages/airflow/example_dags/example_branch_labels.py
[2023-10-28T08:20:11.667+0000] {logging_mixin.py:149} INFO - [2023-10-28T08:20:11.666+0000] {dag.py:2726} INFO - Sync 1 DAGs
[2023-10-28T08:20:11.744+0000] {logging_mixin.py:149} INFO - [2023-10-28T08:20:11.744+0000] {dag.py:3486} INFO - Setting next_dagrun for example_branch_labels to 2023-10-27T00:00:00+00:00, run_after=2023-10-28T00:00:00+00:00
[2023-10-28T08:20:11.848+0000] {processor.py:178} INFO - Processing /usr/local/lib/python3.10/dist-packages/airflow/example_dags/example_branch_labels.py took 0.289 seconds
[2023-10-28T08:20:42.430+0000] {processor.py:156} INFO - Started process (PID=1503653) to work on /usr/local/lib/python3.10/dist-packages/airflow/example_dags/example_branch_labels.py
[2023-10-28T08:20:42.485+0000] {processor.py:799} INFO - Processing file /usr/local/lib/python3.10/dist-packages/airflow/example_dags/example_branch_labels.py for tasks to queue
[2023-10-28T08:20:42.487+0000] {logging_mixin.py:149} INFO - [2023-10-28T08:20:42.486+0000] {dagbag.py:541} INFO - Filling up the DagBag from /usr/local/lib/python3.10/dist-packages/airflow/example_dags/example_branch_labels.py
[2023-10-28T08:20:42.504+0000] {processor.py:809} INFO - DAG(s) dict_keys(['example_branch_labels']) retrieved from /usr/local/lib/python3.10/dist-packages/airflow/example_dags/example_branch_labels.py
[2023-10-28T08:20:42.583+0000] {logging_mixin.py:149} INFO - [2023-10-28T08:20:42.582+0000] {dag.py:2726} INFO - Sync 1 DAGs
[2023-10-28T08:20:42.660+0000] {logging_mixin.py:149} INFO - [2023-10-28T08:20:42.660+0000] {dag.py:3486} INFO - Setting next_dagrun for example_branch_labels to 2023-10-27T00:00:00+00:00, run_after=2023-10-28T00:00:00+00:00
[2023-10-28T08:20:42.761+0000] {processor.py:178} INFO - Processing /usr/local/lib/python3.10/dist-packages/airflow/example_dags/example_branch_labels.py took 0.337 seconds
[2023-10-28T08:21:13.094+0000] {processor.py:156} INFO - Started process (PID=1504161) to work on /usr/local/lib/python3.10/dist-packages/airflow/example_dags/example_branch_labels.py
[2023-10-28T08:21:13.131+0000] {processor.py:799} INFO - Processing file /usr/local/lib/python3.10/dist-packages/airflow/example_dags/example_branch_labels.py for tasks to queue
[2023-10-28T08:21:13.133+0000] {logging_mixin.py:149} INFO - [2023-10-28T08:21:13.132+0000] {dagbag.py:541} INFO - Filling up the DagBag from /usr/local/lib/python3.10/dist-packages/airflow/example_dags/example_branch_labels.py
[2023-10-28T08:21:13.152+0000] {processor.py:809} INFO - DAG(s) dict_keys(['example_branch_labels']) retrieved from /usr/local/lib/python3.10/dist-packages/airflow/example_dags/example_branch_labels.py
[2023-10-28T08:21:13.240+0000] {logging_mixin.py:149} INFO - [2023-10-28T08:21:13.239+0000] {dag.py:2726} INFO - Sync 1 DAGs
[2023-10-28T08:21:13.317+0000] {logging_mixin.py:149} INFO - [2023-10-28T08:21:13.317+0000] {dag.py:3486} INFO - Setting next_dagrun for example_branch_labels to 2023-10-27T00:00:00+00:00, run_after=2023-10-28T00:00:00+00:00
[2023-10-28T08:21:13.388+0000] {processor.py:178} INFO - Processing /usr/local/lib/python3.10/dist-packages/airflow/example_dags/example_branch_labels.py took 0.301 seconds
[2023-10-28T08:21:43.968+0000] {processor.py:156} INFO - Started process (PID=1505001) to work on /usr/local/lib/python3.10/dist-packages/airflow/example_dags/example_branch_labels.py
[2023-10-28T08:21:43.973+0000] {processor.py:799} INFO - Processing file /usr/local/lib/python3.10/dist-packages/airflow/example_dags/example_branch_labels.py for tasks to queue
[2023-10-28T08:21:43.975+0000] {logging_mixin.py:149} INFO - [2023-10-28T08:21:43.975+0000] {dagbag.py:541} INFO - Filling up the DagBag from /usr/local/lib/python3.10/dist-packages/airflow/example_dags/example_branch_labels.py
[2023-10-28T08:21:43.997+0000] {processor.py:809} INFO - DAG(s) dict_keys(['example_branch_labels']) retrieved from /usr/local/lib/python3.10/dist-packages/airflow/example_dags/example_branch_labels.py
[2023-10-28T08:21:44.091+0000] {logging_mixin.py:149} INFO - [2023-10-28T08:21:44.090+0000] {dag.py:2726} INFO - Sync 1 DAGs
[2023-10-28T08:21:44.175+0000] {logging_mixin.py:149} INFO - [2023-10-28T08:21:44.174+0000] {dag.py:3486} INFO - Setting next_dagrun for example_branch_labels to 2023-10-27T00:00:00+00:00, run_after=2023-10-28T00:00:00+00:00
[2023-10-28T08:21:44.278+0000] {processor.py:178} INFO - Processing /usr/local/lib/python3.10/dist-packages/airflow/example_dags/example_branch_labels.py took 0.317 seconds
[2023-10-28T08:22:14.847+0000] {processor.py:156} INFO - Started process (PID=1505558) to work on /usr/local/lib/python3.10/dist-packages/airflow/example_dags/example_branch_labels.py
[2023-10-28T08:22:14.865+0000] {processor.py:799} INFO - Processing file /usr/local/lib/python3.10/dist-packages/airflow/example_dags/example_branch_labels.py for tasks to queue
[2023-10-28T08:22:14.866+0000] {logging_mixin.py:149} INFO - [2023-10-28T08:22:14.866+0000] {dagbag.py:541} INFO - Filling up the DagBag from /usr/local/lib/python3.10/dist-packages/airflow/example_dags/example_branch_labels.py
[2023-10-28T08:22:14.884+0000] {processor.py:809} INFO - DAG(s) dict_keys(['example_branch_labels']) retrieved from /usr/local/lib/python3.10/dist-packages/airflow/example_dags/example_branch_labels.py
[2023-10-28T08:22:14.971+0000] {logging_mixin.py:149} INFO - [2023-10-28T08:22:14.971+0000] {dag.py:2726} INFO - Sync 1 DAGs
[2023-10-28T08:22:15.056+0000] {logging_mixin.py:149} INFO - [2023-10-28T08:22:15.056+0000] {dag.py:3486} INFO - Setting next_dagrun for example_branch_labels to 2023-10-27T00:00:00+00:00, run_after=2023-10-28T00:00:00+00:00
[2023-10-28T08:22:15.157+0000] {processor.py:178} INFO - Processing /usr/local/lib/python3.10/dist-packages/airflow/example_dags/example_branch_labels.py took 0.318 seconds
[2023-10-28T08:22:45.815+0000] {processor.py:156} INFO - Started process (PID=1506150) to work on /usr/local/lib/python3.10/dist-packages/airflow/example_dags/example_branch_labels.py
[2023-10-28T08:22:45.818+0000] {processor.py:799} INFO - Processing file /usr/local/lib/python3.10/dist-packages/airflow/example_dags/example_branch_labels.py for tasks to queue
[2023-10-28T08:22:45.821+0000] {logging_mixin.py:149} INFO - [2023-10-28T08:22:45.820+0000] {dagbag.py:541} INFO - Filling up the DagBag from /usr/local/lib/python3.10/dist-packages/airflow/example_dags/example_branch_labels.py
[2023-10-28T08:22:45.848+0000] {processor.py:809} INFO - DAG(s) dict_keys(['example_branch_labels']) retrieved from /usr/local/lib/python3.10/dist-packages/airflow/example_dags/example_branch_labels.py
[2023-10-28T08:22:45.931+0000] {logging_mixin.py:149} INFO - [2023-10-28T08:22:45.931+0000] {dag.py:2726} INFO - Sync 1 DAGs
[2023-10-28T08:22:46.009+0000] {logging_mixin.py:149} INFO - [2023-10-28T08:22:46.008+0000] {dag.py:3486} INFO - Setting next_dagrun for example_branch_labels to 2023-10-27T00:00:00+00:00, run_after=2023-10-28T00:00:00+00:00
[2023-10-28T08:22:46.114+0000] {processor.py:178} INFO - Processing /usr/local/lib/python3.10/dist-packages/airflow/example_dags/example_branch_labels.py took 0.307 seconds
[2023-10-28T08:23:16.524+0000] {processor.py:156} INFO - Started process (PID=1506575) to work on /usr/local/lib/python3.10/dist-packages/airflow/example_dags/example_branch_labels.py
[2023-10-28T08:23:16.526+0000] {processor.py:799} INFO - Processing file /usr/local/lib/python3.10/dist-packages/airflow/example_dags/example_branch_labels.py for tasks to queue
[2023-10-28T08:23:16.528+0000] {logging_mixin.py:149} INFO - [2023-10-28T08:23:16.527+0000] {dagbag.py:541} INFO - Filling up the DagBag from /usr/local/lib/python3.10/dist-packages/airflow/example_dags/example_branch_labels.py
[2023-10-28T08:23:16.549+0000] {processor.py:809} INFO - DAG(s) dict_keys(['example_branch_labels']) retrieved from /usr/local/lib/python3.10/dist-packages/airflow/example_dags/example_branch_labels.py
[2023-10-28T08:23:16.630+0000] {logging_mixin.py:149} INFO - [2023-10-28T08:23:16.630+0000] {dag.py:2726} INFO - Sync 1 DAGs
[2023-10-28T08:23:16.708+0000] {logging_mixin.py:149} INFO - [2023-10-28T08:23:16.708+0000] {dag.py:3486} INFO - Setting next_dagrun for example_branch_labels to 2023-10-27T00:00:00+00:00, run_after=2023-10-28T00:00:00+00:00
[2023-10-28T08:23:16.809+0000] {processor.py:178} INFO - Processing /usr/local/lib/python3.10/dist-packages/airflow/example_dags/example_branch_labels.py took 0.293 seconds
[2023-10-28T08:23:47.242+0000] {processor.py:156} INFO - Started process (PID=1507085) to work on /usr/local/lib/python3.10/dist-packages/airflow/example_dags/example_branch_labels.py
[2023-10-28T08:23:47.290+0000] {processor.py:799} INFO - Processing file /usr/local/lib/python3.10/dist-packages/airflow/example_dags/example_branch_labels.py for tasks to queue
[2023-10-28T08:23:47.292+0000] {logging_mixin.py:149} INFO - [2023-10-28T08:23:47.291+0000] {dagbag.py:541} INFO - Filling up the DagBag from /usr/local/lib/python3.10/dist-packages/airflow/example_dags/example_branch_labels.py
[2023-10-28T08:23:47.312+0000] {processor.py:809} INFO - DAG(s) dict_keys(['example_branch_labels']) retrieved from /usr/local/lib/python3.10/dist-packages/airflow/example_dags/example_branch_labels.py
[2023-10-28T08:23:47.400+0000] {logging_mixin.py:149} INFO - [2023-10-28T08:23:47.400+0000] {dag.py:2726} INFO - Sync 1 DAGs
[2023-10-28T08:23:47.480+0000] {logging_mixin.py:149} INFO - [2023-10-28T08:23:47.479+0000] {dag.py:3486} INFO - Setting next_dagrun for example_branch_labels to 2023-10-27T00:00:00+00:00, run_after=2023-10-28T00:00:00+00:00
[2023-10-28T08:23:47.576+0000] {processor.py:178} INFO - Processing /usr/local/lib/python3.10/dist-packages/airflow/example_dags/example_branch_labels.py took 0.342 seconds
[2023-10-28T08:24:18.120+0000] {processor.py:156} INFO - Started process (PID=1507697) to work on /usr/local/lib/python3.10/dist-packages/airflow/example_dags/example_branch_labels.py
[2023-10-28T08:24:18.123+0000] {processor.py:799} INFO - Processing file /usr/local/lib/python3.10/dist-packages/airflow/example_dags/example_branch_labels.py for tasks to queue
[2023-10-28T08:24:18.126+0000] {logging_mixin.py:149} INFO - [2023-10-28T08:24:18.125+0000] {dagbag.py:541} INFO - Filling up the DagBag from /usr/local/lib/python3.10/dist-packages/airflow/example_dags/example_branch_labels.py
[2023-10-28T08:24:18.144+0000] {processor.py:809} INFO - DAG(s) dict_keys(['example_branch_labels']) retrieved from /usr/local/lib/python3.10/dist-packages/airflow/example_dags/example_branch_labels.py
[2023-10-28T08:24:18.227+0000] {logging_mixin.py:149} INFO - [2023-10-28T08:24:18.226+0000] {dag.py:2726} INFO - Sync 1 DAGs
[2023-10-28T08:24:18.304+0000] {logging_mixin.py:149} INFO - [2023-10-28T08:24:18.303+0000] {dag.py:3486} INFO - Setting next_dagrun for example_branch_labels to 2023-10-27T00:00:00+00:00, run_after=2023-10-28T00:00:00+00:00
[2023-10-28T08:24:18.407+0000] {processor.py:178} INFO - Processing /usr/local/lib/python3.10/dist-packages/airflow/example_dags/example_branch_labels.py took 0.294 seconds
[2023-10-28T08:24:48.618+0000] {processor.py:156} INFO - Started process (PID=1508157) to work on /usr/local/lib/python3.10/dist-packages/airflow/example_dags/example_branch_labels.py
[2023-10-28T08:24:48.621+0000] {processor.py:799} INFO - Processing file /usr/local/lib/python3.10/dist-packages/airflow/example_dags/example_branch_labels.py for tasks to queue
[2023-10-28T08:24:48.623+0000] {logging_mixin.py:149} INFO - [2023-10-28T08:24:48.622+0000] {dagbag.py:541} INFO - Filling up the DagBag from /usr/local/lib/python3.10/dist-packages/airflow/example_dags/example_branch_labels.py
[2023-10-28T08:24:48.644+0000] {processor.py:809} INFO - DAG(s) dict_keys(['example_branch_labels']) retrieved from /usr/local/lib/python3.10/dist-packages/airflow/example_dags/example_branch_labels.py
[2023-10-28T08:24:48.727+0000] {logging_mixin.py:149} INFO - [2023-10-28T08:24:48.726+0000] {dag.py:2726} INFO - Sync 1 DAGs
[2023-10-28T08:24:48.804+0000] {logging_mixin.py:149} INFO - [2023-10-28T08:24:48.803+0000] {dag.py:3486} INFO - Setting next_dagrun for example_branch_labels to 2023-10-27T00:00:00+00:00, run_after=2023-10-28T00:00:00+00:00
[2023-10-28T08:24:48.908+0000] {processor.py:178} INFO - Processing /usr/local/lib/python3.10/dist-packages/airflow/example_dags/example_branch_labels.py took 0.297 seconds
[2023-10-28T08:25:19.272+0000] {processor.py:156} INFO - Started process (PID=1508814) to work on /usr/local/lib/python3.10/dist-packages/airflow/example_dags/example_branch_labels.py
[2023-10-28T08:25:19.312+0000] {processor.py:799} INFO - Processing file /usr/local/lib/python3.10/dist-packages/airflow/example_dags/example_branch_labels.py for tasks to queue
[2023-10-28T08:25:19.315+0000] {logging_mixin.py:149} INFO - [2023-10-28T08:25:19.314+0000] {dagbag.py:541} INFO - Filling up the DagBag from /usr/local/lib/python3.10/dist-packages/airflow/example_dags/example_branch_labels.py
[2023-10-28T08:25:19.333+0000] {processor.py:809} INFO - DAG(s) dict_keys(['example_branch_labels']) retrieved from /usr/local/lib/python3.10/dist-packages/airflow/example_dags/example_branch_labels.py
[2023-10-28T08:25:19.413+0000] {logging_mixin.py:149} INFO - [2023-10-28T08:25:19.412+0000] {dag.py:2726} INFO - Sync 1 DAGs
[2023-10-28T08:25:19.489+0000] {logging_mixin.py:149} INFO - [2023-10-28T08:25:19.489+0000] {dag.py:3486} INFO - Setting next_dagrun for example_branch_labels to 2023-10-27T00:00:00+00:00, run_after=2023-10-28T00:00:00+00:00
[2023-10-28T08:25:19.591+0000] {processor.py:178} INFO - Processing /usr/local/lib/python3.10/dist-packages/airflow/example_dags/example_branch_labels.py took 0.326 seconds
[2023-10-28T08:25:49.766+0000] {processor.py:156} INFO - Started process (PID=1509403) to work on /usr/local/lib/python3.10/dist-packages/airflow/example_dags/example_branch_labels.py
[2023-10-28T08:25:49.813+0000] {processor.py:799} INFO - Processing file /usr/local/lib/python3.10/dist-packages/airflow/example_dags/example_branch_labels.py for tasks to queue
[2023-10-28T08:25:49.815+0000] {logging_mixin.py:149} INFO - [2023-10-28T08:25:49.814+0000] {dagbag.py:541} INFO - Filling up the DagBag from /usr/local/lib/python3.10/dist-packages/airflow/example_dags/example_branch_labels.py
[2023-10-28T08:25:49.833+0000] {processor.py:809} INFO - DAG(s) dict_keys(['example_branch_labels']) retrieved from /usr/local/lib/python3.10/dist-packages/airflow/example_dags/example_branch_labels.py
[2023-10-28T08:25:49.927+0000] {logging_mixin.py:149} INFO - [2023-10-28T08:25:49.926+0000] {dag.py:2726} INFO - Sync 1 DAGs
[2023-10-28T08:25:50.005+0000] {logging_mixin.py:149} INFO - [2023-10-28T08:25:50.005+0000] {dag.py:3486} INFO - Setting next_dagrun for example_branch_labels to 2023-10-27T00:00:00+00:00, run_after=2023-10-28T00:00:00+00:00
[2023-10-28T08:25:50.114+0000] {processor.py:178} INFO - Processing /usr/local/lib/python3.10/dist-packages/airflow/example_dags/example_branch_labels.py took 0.355 seconds
[2023-10-28T08:26:20.337+0000] {processor.py:156} INFO - Started process (PID=1509783) to work on /usr/local/lib/python3.10/dist-packages/airflow/example_dags/example_branch_labels.py
[2023-10-28T08:26:20.393+0000] {processor.py:799} INFO - Processing file /usr/local/lib/python3.10/dist-packages/airflow/example_dags/example_branch_labels.py for tasks to queue
[2023-10-28T08:26:20.395+0000] {logging_mixin.py:149} INFO - [2023-10-28T08:26:20.394+0000] {dagbag.py:541} INFO - Filling up the DagBag from /usr/local/lib/python3.10/dist-packages/airflow/example_dags/example_branch_labels.py
[2023-10-28T08:26:20.412+0000] {processor.py:809} INFO - DAG(s) dict_keys(['example_branch_labels']) retrieved from /usr/local/lib/python3.10/dist-packages/airflow/example_dags/example_branch_labels.py
[2023-10-28T08:26:20.501+0000] {logging_mixin.py:149} INFO - [2023-10-28T08:26:20.500+0000] {dag.py:2726} INFO - Sync 1 DAGs
[2023-10-28T08:26:20.580+0000] {logging_mixin.py:149} INFO - [2023-10-28T08:26:20.580+0000] {dag.py:3486} INFO - Setting next_dagrun for example_branch_labels to 2023-10-27T00:00:00+00:00, run_after=2023-10-28T00:00:00+00:00
[2023-10-28T08:26:20.687+0000] {processor.py:178} INFO - Processing /usr/local/lib/python3.10/dist-packages/airflow/example_dags/example_branch_labels.py took 0.356 seconds
[2023-10-28T08:26:50.965+0000] {processor.py:156} INFO - Started process (PID=1510256) to work on /usr/local/lib/python3.10/dist-packages/airflow/example_dags/example_branch_labels.py
[2023-10-28T08:26:51.008+0000] {processor.py:799} INFO - Processing file /usr/local/lib/python3.10/dist-packages/airflow/example_dags/example_branch_labels.py for tasks to queue
[2023-10-28T08:26:51.011+0000] {logging_mixin.py:149} INFO - [2023-10-28T08:26:51.011+0000] {dagbag.py:541} INFO - Filling up the DagBag from /usr/local/lib/python3.10/dist-packages/airflow/example_dags/example_branch_labels.py
[2023-10-28T08:26:51.031+0000] {processor.py:809} INFO - DAG(s) dict_keys(['example_branch_labels']) retrieved from /usr/local/lib/python3.10/dist-packages/airflow/example_dags/example_branch_labels.py
[2023-10-28T08:26:51.118+0000] {logging_mixin.py:149} INFO - [2023-10-28T08:26:51.118+0000] {dag.py:2726} INFO - Sync 1 DAGs
[2023-10-28T08:26:51.199+0000] {logging_mixin.py:149} INFO - [2023-10-28T08:26:51.199+0000] {dag.py:3486} INFO - Setting next_dagrun for example_branch_labels to 2023-10-27T00:00:00+00:00, run_after=2023-10-28T00:00:00+00:00
[2023-10-28T08:26:51.306+0000] {processor.py:178} INFO - Processing /usr/local/lib/python3.10/dist-packages/airflow/example_dags/example_branch_labels.py took 0.348 seconds
[2023-10-28T08:27:21.713+0000] {processor.py:156} INFO - Started process (PID=1510714) to work on /usr/local/lib/python3.10/dist-packages/airflow/example_dags/example_branch_labels.py
[2023-10-28T08:27:21.733+0000] {processor.py:799} INFO - Processing file /usr/local/lib/python3.10/dist-packages/airflow/example_dags/example_branch_labels.py for tasks to queue
[2023-10-28T08:27:21.735+0000] {logging_mixin.py:149} INFO - [2023-10-28T08:27:21.734+0000] {dagbag.py:541} INFO - Filling up the DagBag from /usr/local/lib/python3.10/dist-packages/airflow/example_dags/example_branch_labels.py
[2023-10-28T08:27:21.753+0000] {processor.py:809} INFO - DAG(s) dict_keys(['example_branch_labels']) retrieved from /usr/local/lib/python3.10/dist-packages/airflow/example_dags/example_branch_labels.py
[2023-10-28T08:27:21.836+0000] {logging_mixin.py:149} INFO - [2023-10-28T08:27:21.835+0000] {dag.py:2726} INFO - Sync 1 DAGs
[2023-10-28T08:27:21.914+0000] {logging_mixin.py:149} INFO - [2023-10-28T08:27:21.914+0000] {dag.py:3486} INFO - Setting next_dagrun for example_branch_labels to 2023-10-27T00:00:00+00:00, run_after=2023-10-28T00:00:00+00:00
[2023-10-28T08:27:22.008+0000] {processor.py:178} INFO - Processing /usr/local/lib/python3.10/dist-packages/airflow/example_dags/example_branch_labels.py took 0.303 seconds
[2023-10-28T08:27:52.381+0000] {processor.py:156} INFO - Started process (PID=1511072) to work on /usr/local/lib/python3.10/dist-packages/airflow/example_dags/example_branch_labels.py
[2023-10-28T08:27:52.426+0000] {processor.py:799} INFO - Processing file /usr/local/lib/python3.10/dist-packages/airflow/example_dags/example_branch_labels.py for tasks to queue
[2023-10-28T08:27:52.428+0000] {logging_mixin.py:149} INFO - [2023-10-28T08:27:52.427+0000] {dagbag.py:541} INFO - Filling up the DagBag from /usr/local/lib/python3.10/dist-packages/airflow/example_dags/example_branch_labels.py
[2023-10-28T08:27:52.445+0000] {processor.py:809} INFO - DAG(s) dict_keys(['example_branch_labels']) retrieved from /usr/local/lib/python3.10/dist-packages/airflow/example_dags/example_branch_labels.py
[2023-10-28T08:27:52.530+0000] {logging_mixin.py:149} INFO - [2023-10-28T08:27:52.530+0000] {dag.py:2726} INFO - Sync 1 DAGs
[2023-10-28T08:27:52.611+0000] {logging_mixin.py:149} INFO - [2023-10-28T08:27:52.611+0000] {dag.py:3486} INFO - Setting next_dagrun for example_branch_labels to 2023-10-27T00:00:00+00:00, run_after=2023-10-28T00:00:00+00:00
[2023-10-28T08:27:52.710+0000] {processor.py:178} INFO - Processing /usr/local/lib/python3.10/dist-packages/airflow/example_dags/example_branch_labels.py took 0.336 seconds
[2023-10-28T08:28:22.956+0000] {processor.py:156} INFO - Started process (PID=1511455) to work on /usr/local/lib/python3.10/dist-packages/airflow/example_dags/example_branch_labels.py
[2023-10-28T08:28:22.997+0000] {processor.py:799} INFO - Processing file /usr/local/lib/python3.10/dist-packages/airflow/example_dags/example_branch_labels.py for tasks to queue
[2023-10-28T08:28:22.999+0000] {logging_mixin.py:149} INFO - [2023-10-28T08:28:22.998+0000] {dagbag.py:541} INFO - Filling up the DagBag from /usr/local/lib/python3.10/dist-packages/airflow/example_dags/example_branch_labels.py
[2023-10-28T08:28:23.017+0000] {processor.py:809} INFO - DAG(s) dict_keys(['example_branch_labels']) retrieved from /usr/local/lib/python3.10/dist-packages/airflow/example_dags/example_branch_labels.py
[2023-10-28T08:28:23.106+0000] {logging_mixin.py:149} INFO - [2023-10-28T08:28:23.106+0000] {dag.py:2726} INFO - Sync 1 DAGs
[2023-10-28T08:28:23.183+0000] {logging_mixin.py:149} INFO - [2023-10-28T08:28:23.183+0000] {dag.py:3486} INFO - Setting next_dagrun for example_branch_labels to 2023-10-27T00:00:00+00:00, run_after=2023-10-28T00:00:00+00:00
[2023-10-28T08:28:23.290+0000] {processor.py:178} INFO - Processing /usr/local/lib/python3.10/dist-packages/airflow/example_dags/example_branch_labels.py took 0.341 seconds
[2023-10-28T08:28:53.647+0000] {processor.py:156} INFO - Started process (PID=1511810) to work on /usr/local/lib/python3.10/dist-packages/airflow/example_dags/example_branch_labels.py
[2023-10-28T08:28:53.676+0000] {processor.py:799} INFO - Processing file /usr/local/lib/python3.10/dist-packages/airflow/example_dags/example_branch_labels.py for tasks to queue
[2023-10-28T08:28:53.678+0000] {logging_mixin.py:149} INFO - [2023-10-28T08:28:53.678+0000] {dagbag.py:541} INFO - Filling up the DagBag from /usr/local/lib/python3.10/dist-packages/airflow/example_dags/example_branch_labels.py
[2023-10-28T08:28:53.695+0000] {processor.py:809} INFO - DAG(s) dict_keys(['example_branch_labels']) retrieved from /usr/local/lib/python3.10/dist-packages/airflow/example_dags/example_branch_labels.py
[2023-10-28T08:28:53.778+0000] {logging_mixin.py:149} INFO - [2023-10-28T08:28:53.777+0000] {dag.py:2726} INFO - Sync 1 DAGs
[2023-10-28T08:28:53.858+0000] {logging_mixin.py:149} INFO - [2023-10-28T08:28:53.857+0000] {dag.py:3486} INFO - Setting next_dagrun for example_branch_labels to 2023-10-27T00:00:00+00:00, run_after=2023-10-28T00:00:00+00:00
[2023-10-28T08:28:53.952+0000] {processor.py:178} INFO - Processing /usr/local/lib/python3.10/dist-packages/airflow/example_dags/example_branch_labels.py took 0.312 seconds
[2023-10-28T08:29:24.466+0000] {processor.py:156} INFO - Started process (PID=1512205) to work on /usr/local/lib/python3.10/dist-packages/airflow/example_dags/example_branch_labels.py
[2023-10-28T08:29:24.489+0000] {processor.py:799} INFO - Processing file /usr/local/lib/python3.10/dist-packages/airflow/example_dags/example_branch_labels.py for tasks to queue
[2023-10-28T08:29:24.491+0000] {logging_mixin.py:149} INFO - [2023-10-28T08:29:24.490+0000] {dagbag.py:541} INFO - Filling up the DagBag from /usr/local/lib/python3.10/dist-packages/airflow/example_dags/example_branch_labels.py
[2023-10-28T08:29:24.508+0000] {processor.py:809} INFO - DAG(s) dict_keys(['example_branch_labels']) retrieved from /usr/local/lib/python3.10/dist-packages/airflow/example_dags/example_branch_labels.py
[2023-10-28T08:29:24.605+0000] {logging_mixin.py:149} INFO - [2023-10-28T08:29:24.604+0000] {dag.py:2726} INFO - Sync 1 DAGs
[2023-10-28T08:29:24.691+0000] {logging_mixin.py:149} INFO - [2023-10-28T08:29:24.691+0000] {dag.py:3486} INFO - Setting next_dagrun for example_branch_labels to 2023-10-27T00:00:00+00:00, run_after=2023-10-28T00:00:00+00:00
[2023-10-28T08:29:24.751+0000] {processor.py:178} INFO - Processing /usr/local/lib/python3.10/dist-packages/airflow/example_dags/example_branch_labels.py took 0.292 seconds
[2023-10-28T08:29:54.986+0000] {processor.py:156} INFO - Started process (PID=1512560) to work on /usr/local/lib/python3.10/dist-packages/airflow/example_dags/example_branch_labels.py
[2023-10-28T08:29:55.013+0000] {processor.py:799} INFO - Processing file /usr/local/lib/python3.10/dist-packages/airflow/example_dags/example_branch_labels.py for tasks to queue
[2023-10-28T08:29:55.015+0000] {logging_mixin.py:149} INFO - [2023-10-28T08:29:55.015+0000] {dagbag.py:541} INFO - Filling up the DagBag from /usr/local/lib/python3.10/dist-packages/airflow/example_dags/example_branch_labels.py
[2023-10-28T08:29:55.033+0000] {processor.py:809} INFO - DAG(s) dict_keys(['example_branch_labels']) retrieved from /usr/local/lib/python3.10/dist-packages/airflow/example_dags/example_branch_labels.py
[2023-10-28T08:29:55.119+0000] {logging_mixin.py:149} INFO - [2023-10-28T08:29:55.118+0000] {dag.py:2726} INFO - Sync 1 DAGs
[2023-10-28T08:29:55.198+0000] {logging_mixin.py:149} INFO - [2023-10-28T08:29:55.197+0000] {dag.py:3486} INFO - Setting next_dagrun for example_branch_labels to 2023-10-27T00:00:00+00:00, run_after=2023-10-28T00:00:00+00:00
[2023-10-28T08:29:55.292+0000] {processor.py:178} INFO - Processing /usr/local/lib/python3.10/dist-packages/airflow/example_dags/example_branch_labels.py took 0.314 seconds
[2023-10-28T08:30:25.511+0000] {processor.py:156} INFO - Started process (PID=1513138) to work on /usr/local/lib/python3.10/dist-packages/airflow/example_dags/example_branch_labels.py
[2023-10-28T08:30:25.530+0000] {processor.py:799} INFO - Processing file /usr/local/lib/python3.10/dist-packages/airflow/example_dags/example_branch_labels.py for tasks to queue
[2023-10-28T08:30:25.532+0000] {logging_mixin.py:149} INFO - [2023-10-28T08:30:25.532+0000] {dagbag.py:541} INFO - Filling up the DagBag from /usr/local/lib/python3.10/dist-packages/airflow/example_dags/example_branch_labels.py
[2023-10-28T08:30:25.549+0000] {processor.py:809} INFO - DAG(s) dict_keys(['example_branch_labels']) retrieved from /usr/local/lib/python3.10/dist-packages/airflow/example_dags/example_branch_labels.py
[2023-10-28T08:30:25.631+0000] {logging_mixin.py:149} INFO - [2023-10-28T08:30:25.630+0000] {dag.py:2726} INFO - Sync 1 DAGs
[2023-10-28T08:30:25.713+0000] {logging_mixin.py:149} INFO - [2023-10-28T08:30:25.713+0000] {dag.py:3486} INFO - Setting next_dagrun for example_branch_labels to 2023-10-27T00:00:00+00:00, run_after=2023-10-28T00:00:00+00:00
[2023-10-28T08:30:25.808+0000] {processor.py:178} INFO - Processing /usr/local/lib/python3.10/dist-packages/airflow/example_dags/example_branch_labels.py took 0.305 seconds
[2023-10-28T08:30:56.161+0000] {processor.py:156} INFO - Started process (PID=1513557) to work on /usr/local/lib/python3.10/dist-packages/airflow/example_dags/example_branch_labels.py
[2023-10-28T08:30:56.185+0000] {processor.py:799} INFO - Processing file /usr/local/lib/python3.10/dist-packages/airflow/example_dags/example_branch_labels.py for tasks to queue
[2023-10-28T08:30:56.187+0000] {logging_mixin.py:149} INFO - [2023-10-28T08:30:56.187+0000] {dagbag.py:541} INFO - Filling up the DagBag from /usr/local/lib/python3.10/dist-packages/airflow/example_dags/example_branch_labels.py
[2023-10-28T08:30:56.205+0000] {processor.py:809} INFO - DAG(s) dict_keys(['example_branch_labels']) retrieved from /usr/local/lib/python3.10/dist-packages/airflow/example_dags/example_branch_labels.py
[2023-10-28T08:30:56.283+0000] {logging_mixin.py:149} INFO - [2023-10-28T08:30:56.283+0000] {dag.py:2726} INFO - Sync 1 DAGs
[2023-10-28T08:30:56.368+0000] {logging_mixin.py:149} INFO - [2023-10-28T08:30:56.367+0000] {dag.py:3486} INFO - Setting next_dagrun for example_branch_labels to 2023-10-27T00:00:00+00:00, run_after=2023-10-28T00:00:00+00:00
[2023-10-28T08:30:56.467+0000] {processor.py:178} INFO - Processing /usr/local/lib/python3.10/dist-packages/airflow/example_dags/example_branch_labels.py took 0.313 seconds
[2023-10-28T08:31:27.087+0000] {processor.py:156} INFO - Started process (PID=1514111) to work on /usr/local/lib/python3.10/dist-packages/airflow/example_dags/example_branch_labels.py
[2023-10-28T08:31:27.096+0000] {processor.py:799} INFO - Processing file /usr/local/lib/python3.10/dist-packages/airflow/example_dags/example_branch_labels.py for tasks to queue
[2023-10-28T08:31:27.099+0000] {logging_mixin.py:149} INFO - [2023-10-28T08:31:27.098+0000] {dagbag.py:541} INFO - Filling up the DagBag from /usr/local/lib/python3.10/dist-packages/airflow/example_dags/example_branch_labels.py
[2023-10-28T08:31:27.121+0000] {processor.py:809} INFO - DAG(s) dict_keys(['example_branch_labels']) retrieved from /usr/local/lib/python3.10/dist-packages/airflow/example_dags/example_branch_labels.py
[2023-10-28T08:31:27.213+0000] {logging_mixin.py:149} INFO - [2023-10-28T08:31:27.213+0000] {dag.py:2726} INFO - Sync 1 DAGs
[2023-10-28T08:31:27.293+0000] {logging_mixin.py:149} INFO - [2023-10-28T08:31:27.293+0000] {dag.py:3486} INFO - Setting next_dagrun for example_branch_labels to 2023-10-27T00:00:00+00:00, run_after=2023-10-28T00:00:00+00:00
[2023-10-28T08:31:27.399+0000] {processor.py:178} INFO - Processing /usr/local/lib/python3.10/dist-packages/airflow/example_dags/example_branch_labels.py took 0.319 seconds
[2023-10-28T08:31:58.194+0000] {processor.py:156} INFO - Started process (PID=1514769) to work on /usr/local/lib/python3.10/dist-packages/airflow/example_dags/example_branch_labels.py
[2023-10-28T08:31:58.229+0000] {processor.py:799} INFO - Processing file /usr/local/lib/python3.10/dist-packages/airflow/example_dags/example_branch_labels.py for tasks to queue
[2023-10-28T08:31:58.231+0000] {logging_mixin.py:149} INFO - [2023-10-28T08:31:58.231+0000] {dagbag.py:541} INFO - Filling up the DagBag from /usr/local/lib/python3.10/dist-packages/airflow/example_dags/example_branch_labels.py
[2023-10-28T08:31:58.249+0000] {processor.py:809} INFO - DAG(s) dict_keys(['example_branch_labels']) retrieved from /usr/local/lib/python3.10/dist-packages/airflow/example_dags/example_branch_labels.py
[2023-10-28T08:31:58.335+0000] {logging_mixin.py:149} INFO - [2023-10-28T08:31:58.335+0000] {dag.py:2726} INFO - Sync 1 DAGs
[2023-10-28T08:31:58.416+0000] {logging_mixin.py:149} INFO - [2023-10-28T08:31:58.415+0000] {dag.py:3486} INFO - Setting next_dagrun for example_branch_labels to 2023-10-27T00:00:00+00:00, run_after=2023-10-28T00:00:00+00:00
[2023-10-28T08:31:58.517+0000] {processor.py:178} INFO - Processing /usr/local/lib/python3.10/dist-packages/airflow/example_dags/example_branch_labels.py took 0.330 seconds
[2023-10-28T08:32:28.982+0000] {processor.py:156} INFO - Started process (PID=1515309) to work on /usr/local/lib/python3.10/dist-packages/airflow/example_dags/example_branch_labels.py
[2023-10-28T08:32:29.000+0000] {processor.py:799} INFO - Processing file /usr/local/lib/python3.10/dist-packages/airflow/example_dags/example_branch_labels.py for tasks to queue
[2023-10-28T08:32:29.002+0000] {logging_mixin.py:149} INFO - [2023-10-28T08:32:29.002+0000] {dagbag.py:541} INFO - Filling up the DagBag from /usr/local/lib/python3.10/dist-packages/airflow/example_dags/example_branch_labels.py
[2023-10-28T08:32:29.021+0000] {processor.py:809} INFO - DAG(s) dict_keys(['example_branch_labels']) retrieved from /usr/local/lib/python3.10/dist-packages/airflow/example_dags/example_branch_labels.py
[2023-10-28T08:32:29.104+0000] {logging_mixin.py:149} INFO - [2023-10-28T08:32:29.103+0000] {dag.py:2726} INFO - Sync 1 DAGs
[2023-10-28T08:32:29.180+0000] {logging_mixin.py:149} INFO - [2023-10-28T08:32:29.180+0000] {dag.py:3486} INFO - Setting next_dagrun for example_branch_labels to 2023-10-27T00:00:00+00:00, run_after=2023-10-28T00:00:00+00:00
[2023-10-28T08:32:29.272+0000] {processor.py:178} INFO - Processing /usr/local/lib/python3.10/dist-packages/airflow/example_dags/example_branch_labels.py took 0.297 seconds
[2023-10-28T08:33:00.363+0000] {processor.py:156} INFO - Started process (PID=1515927) to work on /usr/local/lib/python3.10/dist-packages/airflow/example_dags/example_branch_labels.py
[2023-10-28T08:33:00.389+0000] {processor.py:799} INFO - Processing file /usr/local/lib/python3.10/dist-packages/airflow/example_dags/example_branch_labels.py for tasks to queue
[2023-10-28T08:33:00.391+0000] {logging_mixin.py:149} INFO - [2023-10-28T08:33:00.391+0000] {dagbag.py:541} INFO - Filling up the DagBag from /usr/local/lib/python3.10/dist-packages/airflow/example_dags/example_branch_labels.py
[2023-10-28T08:33:00.409+0000] {processor.py:809} INFO - DAG(s) dict_keys(['example_branch_labels']) retrieved from /usr/local/lib/python3.10/dist-packages/airflow/example_dags/example_branch_labels.py
[2023-10-28T08:33:00.507+0000] {logging_mixin.py:149} INFO - [2023-10-28T08:33:00.506+0000] {dag.py:2726} INFO - Sync 1 DAGs
[2023-10-28T08:33:00.592+0000] {logging_mixin.py:149} INFO - [2023-10-28T08:33:00.591+0000] {dag.py:3486} INFO - Setting next_dagrun for example_branch_labels to 2023-10-27T00:00:00+00:00, run_after=2023-10-28T00:00:00+00:00
[2023-10-28T08:33:00.680+0000] {processor.py:178} INFO - Processing /usr/local/lib/python3.10/dist-packages/airflow/example_dags/example_branch_labels.py took 0.324 seconds
[2023-10-28T08:33:30.828+0000] {processor.py:156} INFO - Started process (PID=1516309) to work on /usr/local/lib/python3.10/dist-packages/airflow/example_dags/example_branch_labels.py
[2023-10-28T08:33:30.830+0000] {processor.py:799} INFO - Processing file /usr/local/lib/python3.10/dist-packages/airflow/example_dags/example_branch_labels.py for tasks to queue
[2023-10-28T08:33:30.832+0000] {logging_mixin.py:149} INFO - [2023-10-28T08:33:30.832+0000] {dagbag.py:541} INFO - Filling up the DagBag from /usr/local/lib/python3.10/dist-packages/airflow/example_dags/example_branch_labels.py
[2023-10-28T08:33:30.851+0000] {processor.py:809} INFO - DAG(s) dict_keys(['example_branch_labels']) retrieved from /usr/local/lib/python3.10/dist-packages/airflow/example_dags/example_branch_labels.py
[2023-10-28T08:33:30.933+0000] {logging_mixin.py:149} INFO - [2023-10-28T08:33:30.932+0000] {dag.py:2726} INFO - Sync 1 DAGs
[2023-10-28T08:33:31.014+0000] {logging_mixin.py:149} INFO - [2023-10-28T08:33:31.013+0000] {dag.py:3486} INFO - Setting next_dagrun for example_branch_labels to 2023-10-27T00:00:00+00:00, run_after=2023-10-28T00:00:00+00:00
[2023-10-28T08:33:31.112+0000] {processor.py:178} INFO - Processing /usr/local/lib/python3.10/dist-packages/airflow/example_dags/example_branch_labels.py took 0.291 seconds
[2023-10-28T08:34:01.423+0000] {processor.py:156} INFO - Started process (PID=1516666) to work on /usr/local/lib/python3.10/dist-packages/airflow/example_dags/example_branch_labels.py
[2023-10-28T08:34:01.424+0000] {processor.py:799} INFO - Processing file /usr/local/lib/python3.10/dist-packages/airflow/example_dags/example_branch_labels.py for tasks to queue
[2023-10-28T08:34:01.426+0000] {logging_mixin.py:149} INFO - [2023-10-28T08:34:01.426+0000] {dagbag.py:541} INFO - Filling up the DagBag from /usr/local/lib/python3.10/dist-packages/airflow/example_dags/example_branch_labels.py
[2023-10-28T08:34:01.444+0000] {processor.py:809} INFO - DAG(s) dict_keys(['example_branch_labels']) retrieved from /usr/local/lib/python3.10/dist-packages/airflow/example_dags/example_branch_labels.py
[2023-10-28T08:34:01.533+0000] {logging_mixin.py:149} INFO - [2023-10-28T08:34:01.533+0000] {dag.py:2726} INFO - Sync 1 DAGs
[2023-10-28T08:34:01.611+0000] {logging_mixin.py:149} INFO - [2023-10-28T08:34:01.610+0000] {dag.py:3486} INFO - Setting next_dagrun for example_branch_labels to 2023-10-27T00:00:00+00:00, run_after=2023-10-28T00:00:00+00:00
[2023-10-28T08:34:01.696+0000] {processor.py:178} INFO - Processing /usr/local/lib/python3.10/dist-packages/airflow/example_dags/example_branch_labels.py took 0.280 seconds
[2023-10-28T08:34:32.512+0000] {processor.py:156} INFO - Started process (PID=1517072) to work on /usr/local/lib/python3.10/dist-packages/airflow/example_dags/example_branch_labels.py
[2023-10-28T08:34:32.557+0000] {processor.py:799} INFO - Processing file /usr/local/lib/python3.10/dist-packages/airflow/example_dags/example_branch_labels.py for tasks to queue
[2023-10-28T08:34:32.558+0000] {logging_mixin.py:149} INFO - [2023-10-28T08:34:32.558+0000] {dagbag.py:541} INFO - Filling up the DagBag from /usr/local/lib/python3.10/dist-packages/airflow/example_dags/example_branch_labels.py
[2023-10-28T08:34:32.576+0000] {processor.py:809} INFO - DAG(s) dict_keys(['example_branch_labels']) retrieved from /usr/local/lib/python3.10/dist-packages/airflow/example_dags/example_branch_labels.py
[2023-10-28T08:34:32.666+0000] {logging_mixin.py:149} INFO - [2023-10-28T08:34:32.666+0000] {dag.py:2726} INFO - Sync 1 DAGs
[2023-10-28T08:34:32.749+0000] {logging_mixin.py:149} INFO - [2023-10-28T08:34:32.748+0000] {dag.py:3486} INFO - Setting next_dagrun for example_branch_labels to 2023-10-27T00:00:00+00:00, run_after=2023-10-28T00:00:00+00:00
[2023-10-28T08:34:32.851+0000] {processor.py:178} INFO - Processing /usr/local/lib/python3.10/dist-packages/airflow/example_dags/example_branch_labels.py took 0.346 seconds
[2023-10-28T08:35:03.112+0000] {processor.py:156} INFO - Started process (PID=1517455) to work on /usr/local/lib/python3.10/dist-packages/airflow/example_dags/example_branch_labels.py
[2023-10-28T08:35:03.136+0000] {processor.py:799} INFO - Processing file /usr/local/lib/python3.10/dist-packages/airflow/example_dags/example_branch_labels.py for tasks to queue
[2023-10-28T08:35:03.138+0000] {logging_mixin.py:149} INFO - [2023-10-28T08:35:03.138+0000] {dagbag.py:541} INFO - Filling up the DagBag from /usr/local/lib/python3.10/dist-packages/airflow/example_dags/example_branch_labels.py
[2023-10-28T08:35:03.156+0000] {processor.py:809} INFO - DAG(s) dict_keys(['example_branch_labels']) retrieved from /usr/local/lib/python3.10/dist-packages/airflow/example_dags/example_branch_labels.py
[2023-10-28T08:35:03.241+0000] {logging_mixin.py:149} INFO - [2023-10-28T08:35:03.240+0000] {dag.py:2726} INFO - Sync 1 DAGs
[2023-10-28T08:35:03.319+0000] {logging_mixin.py:149} INFO - [2023-10-28T08:35:03.318+0000] {dag.py:3486} INFO - Setting next_dagrun for example_branch_labels to 2023-10-27T00:00:00+00:00, run_after=2023-10-28T00:00:00+00:00
[2023-10-28T08:35:03.423+0000] {processor.py:178} INFO - Processing /usr/local/lib/python3.10/dist-packages/airflow/example_dags/example_branch_labels.py took 0.318 seconds
[2023-10-28T08:35:33.626+0000] {processor.py:156} INFO - Started process (PID=1518027) to work on /usr/local/lib/python3.10/dist-packages/airflow/example_dags/example_branch_labels.py
[2023-10-28T08:35:33.653+0000] {processor.py:799} INFO - Processing file /usr/local/lib/python3.10/dist-packages/airflow/example_dags/example_branch_labels.py for tasks to queue
[2023-10-28T08:35:33.655+0000] {logging_mixin.py:149} INFO - [2023-10-28T08:35:33.654+0000] {dagbag.py:541} INFO - Filling up the DagBag from /usr/local/lib/python3.10/dist-packages/airflow/example_dags/example_branch_labels.py
[2023-10-28T08:35:33.672+0000] {processor.py:809} INFO - DAG(s) dict_keys(['example_branch_labels']) retrieved from /usr/local/lib/python3.10/dist-packages/airflow/example_dags/example_branch_labels.py
[2023-10-28T08:35:33.751+0000] {logging_mixin.py:149} INFO - [2023-10-28T08:35:33.751+0000] {dag.py:2726} INFO - Sync 1 DAGs
[2023-10-28T08:35:33.826+0000] {logging_mixin.py:149} INFO - [2023-10-28T08:35:33.826+0000] {dag.py:3486} INFO - Setting next_dagrun for example_branch_labels to 2023-10-27T00:00:00+00:00, run_after=2023-10-28T00:00:00+00:00
[2023-10-28T08:35:33.923+0000] {processor.py:178} INFO - Processing /usr/local/lib/python3.10/dist-packages/airflow/example_dags/example_branch_labels.py took 0.305 seconds
[2023-10-28T08:36:04.235+0000] {processor.py:156} INFO - Started process (PID=1518468) to work on /usr/local/lib/python3.10/dist-packages/airflow/example_dags/example_branch_labels.py
[2023-10-28T08:36:04.237+0000] {processor.py:799} INFO - Processing file /usr/local/lib/python3.10/dist-packages/airflow/example_dags/example_branch_labels.py for tasks to queue
[2023-10-28T08:36:04.239+0000] {logging_mixin.py:149} INFO - [2023-10-28T08:36:04.238+0000] {dagbag.py:541} INFO - Filling up the DagBag from /usr/local/lib/python3.10/dist-packages/airflow/example_dags/example_branch_labels.py
[2023-10-28T08:36:04.258+0000] {processor.py:809} INFO - DAG(s) dict_keys(['example_branch_labels']) retrieved from /usr/local/lib/python3.10/dist-packages/airflow/example_dags/example_branch_labels.py
[2023-10-28T08:36:04.340+0000] {logging_mixin.py:149} INFO - [2023-10-28T08:36:04.339+0000] {dag.py:2726} INFO - Sync 1 DAGs
[2023-10-28T08:36:04.423+0000] {logging_mixin.py:149} INFO - [2023-10-28T08:36:04.423+0000] {dag.py:3486} INFO - Setting next_dagrun for example_branch_labels to 2023-10-27T00:00:00+00:00, run_after=2023-10-28T00:00:00+00:00
[2023-10-28T08:36:04.523+0000] {processor.py:178} INFO - Processing /usr/local/lib/python3.10/dist-packages/airflow/example_dags/example_branch_labels.py took 0.296 seconds
[2023-10-28T08:36:35.229+0000] {processor.py:156} INFO - Started process (PID=1518824) to work on /usr/local/lib/python3.10/dist-packages/airflow/example_dags/example_branch_labels.py
[2023-10-28T08:36:35.248+0000] {processor.py:799} INFO - Processing file /usr/local/lib/python3.10/dist-packages/airflow/example_dags/example_branch_labels.py for tasks to queue
[2023-10-28T08:36:35.250+0000] {logging_mixin.py:149} INFO - [2023-10-28T08:36:35.249+0000] {dagbag.py:541} INFO - Filling up the DagBag from /usr/local/lib/python3.10/dist-packages/airflow/example_dags/example_branch_labels.py
[2023-10-28T08:36:35.269+0000] {processor.py:809} INFO - DAG(s) dict_keys(['example_branch_labels']) retrieved from /usr/local/lib/python3.10/dist-packages/airflow/example_dags/example_branch_labels.py
[2023-10-28T08:36:35.354+0000] {logging_mixin.py:149} INFO - [2023-10-28T08:36:35.354+0000] {dag.py:2726} INFO - Sync 1 DAGs
[2023-10-28T08:36:35.439+0000] {logging_mixin.py:149} INFO - [2023-10-28T08:36:35.439+0000] {dag.py:3486} INFO - Setting next_dagrun for example_branch_labels to 2023-10-27T00:00:00+00:00, run_after=2023-10-28T00:00:00+00:00
[2023-10-28T08:36:35.555+0000] {processor.py:178} INFO - Processing /usr/local/lib/python3.10/dist-packages/airflow/example_dags/example_branch_labels.py took 0.334 seconds
[2023-10-28T08:37:06.107+0000] {processor.py:156} INFO - Started process (PID=1519343) to work on /usr/local/lib/python3.10/dist-packages/airflow/example_dags/example_branch_labels.py
[2023-10-28T08:37:06.108+0000] {processor.py:799} INFO - Processing file /usr/local/lib/python3.10/dist-packages/airflow/example_dags/example_branch_labels.py for tasks to queue
[2023-10-28T08:37:06.110+0000] {logging_mixin.py:149} INFO - [2023-10-28T08:37:06.110+0000] {dagbag.py:541} INFO - Filling up the DagBag from /usr/local/lib/python3.10/dist-packages/airflow/example_dags/example_branch_labels.py
[2023-10-28T08:37:06.128+0000] {processor.py:809} INFO - DAG(s) dict_keys(['example_branch_labels']) retrieved from /usr/local/lib/python3.10/dist-packages/airflow/example_dags/example_branch_labels.py
[2023-10-28T08:37:06.212+0000] {logging_mixin.py:149} INFO - [2023-10-28T08:37:06.212+0000] {dag.py:2726} INFO - Sync 1 DAGs
[2023-10-28T08:37:06.301+0000] {logging_mixin.py:149} INFO - [2023-10-28T08:37:06.300+0000] {dag.py:3486} INFO - Setting next_dagrun for example_branch_labels to 2023-10-27T00:00:00+00:00, run_after=2023-10-28T00:00:00+00:00
[2023-10-28T08:37:06.363+0000] {processor.py:178} INFO - Processing /usr/local/lib/python3.10/dist-packages/airflow/example_dags/example_branch_labels.py took 0.264 seconds
[2023-10-28T08:37:37.226+0000] {processor.py:156} INFO - Started process (PID=1519702) to work on /usr/local/lib/python3.10/dist-packages/airflow/example_dags/example_branch_labels.py
[2023-10-28T08:37:37.265+0000] {processor.py:799} INFO - Processing file /usr/local/lib/python3.10/dist-packages/airflow/example_dags/example_branch_labels.py for tasks to queue
[2023-10-28T08:37:37.267+0000] {logging_mixin.py:149} INFO - [2023-10-28T08:37:37.267+0000] {dagbag.py:541} INFO - Filling up the DagBag from /usr/local/lib/python3.10/dist-packages/airflow/example_dags/example_branch_labels.py
[2023-10-28T08:37:37.287+0000] {processor.py:809} INFO - DAG(s) dict_keys(['example_branch_labels']) retrieved from /usr/local/lib/python3.10/dist-packages/airflow/example_dags/example_branch_labels.py
[2023-10-28T08:37:37.373+0000] {logging_mixin.py:149} INFO - [2023-10-28T08:37:37.373+0000] {dag.py:2726} INFO - Sync 1 DAGs
[2023-10-28T08:37:37.454+0000] {logging_mixin.py:149} INFO - [2023-10-28T08:37:37.453+0000] {dag.py:3486} INFO - Setting next_dagrun for example_branch_labels to 2023-10-27T00:00:00+00:00, run_after=2023-10-28T00:00:00+00:00
[2023-10-28T08:37:37.552+0000] {processor.py:178} INFO - Processing /usr/local/lib/python3.10/dist-packages/airflow/example_dags/example_branch_labels.py took 0.333 seconds
[2023-10-28T08:38:08.067+0000] {processor.py:156} INFO - Started process (PID=1520147) to work on /usr/local/lib/python3.10/dist-packages/airflow/example_dags/example_branch_labels.py
[2023-10-28T08:38:08.108+0000] {processor.py:799} INFO - Processing file /usr/local/lib/python3.10/dist-packages/airflow/example_dags/example_branch_labels.py for tasks to queue
[2023-10-28T08:38:08.110+0000] {logging_mixin.py:149} INFO - [2023-10-28T08:38:08.109+0000] {dagbag.py:541} INFO - Filling up the DagBag from /usr/local/lib/python3.10/dist-packages/airflow/example_dags/example_branch_labels.py
[2023-10-28T08:38:08.129+0000] {processor.py:809} INFO - DAG(s) dict_keys(['example_branch_labels']) retrieved from /usr/local/lib/python3.10/dist-packages/airflow/example_dags/example_branch_labels.py
[2023-10-28T08:38:08.214+0000] {logging_mixin.py:149} INFO - [2023-10-28T08:38:08.213+0000] {dag.py:2726} INFO - Sync 1 DAGs
[2023-10-28T08:38:08.300+0000] {logging_mixin.py:149} INFO - [2023-10-28T08:38:08.300+0000] {dag.py:3486} INFO - Setting next_dagrun for example_branch_labels to 2023-10-27T00:00:00+00:00, run_after=2023-10-28T00:00:00+00:00
[2023-10-28T08:38:08.396+0000] {processor.py:178} INFO - Processing /usr/local/lib/python3.10/dist-packages/airflow/example_dags/example_branch_labels.py took 0.337 seconds
[2023-10-28T08:38:38.972+0000] {processor.py:156} INFO - Started process (PID=1520637) to work on /usr/local/lib/python3.10/dist-packages/airflow/example_dags/example_branch_labels.py
[2023-10-28T08:38:39.009+0000] {processor.py:799} INFO - Processing file /usr/local/lib/python3.10/dist-packages/airflow/example_dags/example_branch_labels.py for tasks to queue
[2023-10-28T08:38:39.011+0000] {logging_mixin.py:149} INFO - [2023-10-28T08:38:39.010+0000] {dagbag.py:541} INFO - Filling up the DagBag from /usr/local/lib/python3.10/dist-packages/airflow/example_dags/example_branch_labels.py
[2023-10-28T08:38:39.030+0000] {processor.py:809} INFO - DAG(s) dict_keys(['example_branch_labels']) retrieved from /usr/local/lib/python3.10/dist-packages/airflow/example_dags/example_branch_labels.py
[2023-10-28T08:38:39.109+0000] {logging_mixin.py:149} INFO - [2023-10-28T08:38:39.108+0000] {dag.py:2726} INFO - Sync 1 DAGs
[2023-10-28T08:38:39.184+0000] {logging_mixin.py:149} INFO - [2023-10-28T08:38:39.184+0000] {dag.py:3486} INFO - Setting next_dagrun for example_branch_labels to 2023-10-27T00:00:00+00:00, run_after=2023-10-28T00:00:00+00:00
[2023-10-28T08:38:39.278+0000] {processor.py:178} INFO - Processing /usr/local/lib/python3.10/dist-packages/airflow/example_dags/example_branch_labels.py took 0.313 seconds
[2023-10-28T08:39:09.417+0000] {processor.py:156} INFO - Started process (PID=1521232) to work on /usr/local/lib/python3.10/dist-packages/airflow/example_dags/example_branch_labels.py
[2023-10-28T08:39:09.419+0000] {processor.py:799} INFO - Processing file /usr/local/lib/python3.10/dist-packages/airflow/example_dags/example_branch_labels.py for tasks to queue
[2023-10-28T08:39:09.421+0000] {logging_mixin.py:149} INFO - [2023-10-28T08:39:09.420+0000] {dagbag.py:541} INFO - Filling up the DagBag from /usr/local/lib/python3.10/dist-packages/airflow/example_dags/example_branch_labels.py
[2023-10-28T08:39:09.438+0000] {processor.py:809} INFO - DAG(s) dict_keys(['example_branch_labels']) retrieved from /usr/local/lib/python3.10/dist-packages/airflow/example_dags/example_branch_labels.py
[2023-10-28T08:39:09.521+0000] {logging_mixin.py:149} INFO - [2023-10-28T08:39:09.521+0000] {dag.py:2726} INFO - Sync 1 DAGs
[2023-10-28T08:39:09.599+0000] {logging_mixin.py:149} INFO - [2023-10-28T08:39:09.599+0000] {dag.py:3486} INFO - Setting next_dagrun for example_branch_labels to 2023-10-27T00:00:00+00:00, run_after=2023-10-28T00:00:00+00:00
[2023-10-28T08:39:09.697+0000] {processor.py:178} INFO - Processing /usr/local/lib/python3.10/dist-packages/airflow/example_dags/example_branch_labels.py took 0.287 seconds
[2023-10-28T08:39:39.779+0000] {processor.py:156} INFO - Started process (PID=1521633) to work on /usr/local/lib/python3.10/dist-packages/airflow/example_dags/example_branch_labels.py
[2023-10-28T08:39:39.781+0000] {processor.py:799} INFO - Processing file /usr/local/lib/python3.10/dist-packages/airflow/example_dags/example_branch_labels.py for tasks to queue
[2023-10-28T08:39:39.783+0000] {logging_mixin.py:149} INFO - [2023-10-28T08:39:39.782+0000] {dagbag.py:541} INFO - Filling up the DagBag from /usr/local/lib/python3.10/dist-packages/airflow/example_dags/example_branch_labels.py
[2023-10-28T08:39:39.801+0000] {processor.py:809} INFO - DAG(s) dict_keys(['example_branch_labels']) retrieved from /usr/local/lib/python3.10/dist-packages/airflow/example_dags/example_branch_labels.py
[2023-10-28T08:39:39.886+0000] {logging_mixin.py:149} INFO - [2023-10-28T08:39:39.886+0000] {dag.py:2726} INFO - Sync 1 DAGs
[2023-10-28T08:39:39.969+0000] {logging_mixin.py:149} INFO - [2023-10-28T08:39:39.968+0000] {dag.py:3486} INFO - Setting next_dagrun for example_branch_labels to 2023-10-27T00:00:00+00:00, run_after=2023-10-28T00:00:00+00:00
[2023-10-28T08:39:40.071+0000] {processor.py:178} INFO - Processing /usr/local/lib/python3.10/dist-packages/airflow/example_dags/example_branch_labels.py took 0.299 seconds
