[2023-10-28T07:57:44.806+0000] {processor.py:156} INFO - Started process (PID=1491600) to work on /usr/local/lib/python3.10/dist-packages/airflow/example_dags/example_sensor_decorator.py
[2023-10-28T07:57:44.808+0000] {processor.py:799} INFO - Processing file /usr/local/lib/python3.10/dist-packages/airflow/example_dags/example_sensor_decorator.py for tasks to queue
[2023-10-28T07:57:44.810+0000] {logging_mixin.py:149} INFO - [2023-10-28T07:57:44.809+0000] {dagbag.py:541} INFO - Filling up the DagBag from /usr/local/lib/python3.10/dist-packages/airflow/example_dags/example_sensor_decorator.py
[2023-10-28T07:57:44.824+0000] {processor.py:809} INFO - DAG(s) dict_keys(['example_sensor_decorator']) retrieved from /usr/local/lib/python3.10/dist-packages/airflow/example_dags/example_sensor_decorator.py
[2023-10-28T07:57:45.347+0000] {logging_mixin.py:149} INFO - [2023-10-28T07:57:45.346+0000] {manager.py:504} INFO - Created Permission View: can read on DAG:example_sensor_decorator
[2023-10-28T07:57:45.375+0000] {logging_mixin.py:149} INFO - [2023-10-28T07:57:45.374+0000] {manager.py:504} INFO - Created Permission View: can edit on DAG:example_sensor_decorator
[2023-10-28T07:57:45.398+0000] {logging_mixin.py:149} INFO - [2023-10-28T07:57:45.397+0000] {manager.py:504} INFO - Created Permission View: can delete on DAG:example_sensor_decorator
[2023-10-28T07:57:45.398+0000] {logging_mixin.py:149} INFO - [2023-10-28T07:57:45.398+0000] {dag.py:2726} INFO - Sync 1 DAGs
[2023-10-28T07:57:45.431+0000] {logging_mixin.py:149} INFO - [2023-10-28T07:57:45.431+0000] {dag.py:2747} INFO - Creating ORM DAG for example_sensor_decorator
[2023-10-28T07:57:45.455+0000] {logging_mixin.py:149} INFO - [2023-10-28T07:57:45.455+0000] {dag.py:3486} INFO - Setting next_dagrun for example_sensor_decorator to None, run_after=None
[2023-10-28T07:57:45.551+0000] {processor.py:178} INFO - Processing /usr/local/lib/python3.10/dist-packages/airflow/example_dags/example_sensor_decorator.py took 0.752 seconds
[2023-10-28T07:58:53.406+0000] {processor.py:156} INFO - Started process (PID=1492150) to work on /usr/local/lib/python3.10/dist-packages/airflow/example_dags/example_sensor_decorator.py
[2023-10-28T07:58:53.441+0000] {processor.py:799} INFO - Processing file /usr/local/lib/python3.10/dist-packages/airflow/example_dags/example_sensor_decorator.py for tasks to queue
[2023-10-28T07:58:53.443+0000] {logging_mixin.py:149} INFO - [2023-10-28T07:58:53.442+0000] {dagbag.py:541} INFO - Filling up the DagBag from /usr/local/lib/python3.10/dist-packages/airflow/example_dags/example_sensor_decorator.py
[2023-10-28T07:58:53.673+0000] {processor.py:809} INFO - DAG(s) dict_keys(['example_sensor_decorator']) retrieved from /usr/local/lib/python3.10/dist-packages/airflow/example_dags/example_sensor_decorator.py
[2023-10-28T07:58:53.710+0000] {logging_mixin.py:149} INFO - [2023-10-28T07:58:53.709+0000] {dag.py:2726} INFO - Sync 1 DAGs
[2023-10-28T07:58:53.762+0000] {logging_mixin.py:149} INFO - [2023-10-28T07:58:53.761+0000] {dag.py:3486} INFO - Setting next_dagrun for example_sensor_decorator to None, run_after=None
[2023-10-28T07:58:53.851+0000] {processor.py:178} INFO - Processing /usr/local/lib/python3.10/dist-packages/airflow/example_dags/example_sensor_decorator.py took 0.453 seconds
[2023-10-28T07:59:52.492+0000] {processor.py:156} INFO - Started process (PID=1492490) to work on /usr/local/lib/python3.10/dist-packages/airflow/example_dags/example_sensor_decorator.py
[2023-10-28T07:59:52.529+0000] {processor.py:799} INFO - Processing file /usr/local/lib/python3.10/dist-packages/airflow/example_dags/example_sensor_decorator.py for tasks to queue
[2023-10-28T07:59:52.531+0000] {logging_mixin.py:149} INFO - [2023-10-28T07:59:52.530+0000] {dagbag.py:541} INFO - Filling up the DagBag from /usr/local/lib/python3.10/dist-packages/airflow/example_dags/example_sensor_decorator.py
[2023-10-28T07:59:52.545+0000] {processor.py:809} INFO - DAG(s) dict_keys(['example_sensor_decorator']) retrieved from /usr/local/lib/python3.10/dist-packages/airflow/example_dags/example_sensor_decorator.py
[2023-10-28T07:59:52.595+0000] {logging_mixin.py:149} INFO - [2023-10-28T07:59:52.594+0000] {dag.py:2726} INFO - Sync 1 DAGs
[2023-10-28T07:59:52.652+0000] {logging_mixin.py:149} INFO - [2023-10-28T07:59:52.652+0000] {dag.py:3486} INFO - Setting next_dagrun for example_sensor_decorator to None, run_after=None
[2023-10-28T07:59:52.743+0000] {processor.py:178} INFO - Processing /usr/local/lib/python3.10/dist-packages/airflow/example_dags/example_sensor_decorator.py took 0.258 seconds
[2023-10-28T08:15:27.488+0000] {processor.py:156} INFO - Started process (PID=1497962) to work on /usr/local/lib/python3.10/dist-packages/airflow/example_dags/example_sensor_decorator.py
[2023-10-28T08:15:27.528+0000] {processor.py:799} INFO - Processing file /usr/local/lib/python3.10/dist-packages/airflow/example_dags/example_sensor_decorator.py for tasks to queue
[2023-10-28T08:15:27.530+0000] {logging_mixin.py:149} INFO - [2023-10-28T08:15:27.529+0000] {dagbag.py:541} INFO - Filling up the DagBag from /usr/local/lib/python3.10/dist-packages/airflow/example_dags/example_sensor_decorator.py
[2023-10-28T08:15:27.543+0000] {processor.py:809} INFO - DAG(s) dict_keys(['example_sensor_decorator']) retrieved from /usr/local/lib/python3.10/dist-packages/airflow/example_dags/example_sensor_decorator.py
[2023-10-28T08:15:28.146+0000] {logging_mixin.py:149} INFO - [2023-10-28T08:15:28.146+0000] {manager.py:504} INFO - Created Permission View: can read on DAG:example_sensor_decorator
[2023-10-28T08:15:28.175+0000] {logging_mixin.py:149} INFO - [2023-10-28T08:15:28.175+0000] {manager.py:504} INFO - Created Permission View: can delete on DAG:example_sensor_decorator
[2023-10-28T08:15:28.199+0000] {logging_mixin.py:149} INFO - [2023-10-28T08:15:28.199+0000] {manager.py:504} INFO - Created Permission View: can edit on DAG:example_sensor_decorator
[2023-10-28T08:15:28.200+0000] {logging_mixin.py:149} INFO - [2023-10-28T08:15:28.200+0000] {dag.py:2726} INFO - Sync 1 DAGs
[2023-10-28T08:15:28.233+0000] {logging_mixin.py:149} INFO - [2023-10-28T08:15:28.233+0000] {dag.py:2747} INFO - Creating ORM DAG for example_sensor_decorator
[2023-10-28T08:15:28.264+0000] {logging_mixin.py:149} INFO - [2023-10-28T08:15:28.264+0000] {dag.py:3486} INFO - Setting next_dagrun for example_sensor_decorator to None, run_after=None
[2023-10-28T08:15:28.362+0000] {processor.py:178} INFO - Processing /usr/local/lib/python3.10/dist-packages/airflow/example_dags/example_sensor_decorator.py took 0.881 seconds
[2023-10-28T08:15:58.427+0000] {processor.py:156} INFO - Started process (PID=1498710) to work on /usr/local/lib/python3.10/dist-packages/airflow/example_dags/example_sensor_decorator.py
[2023-10-28T08:15:58.461+0000] {processor.py:799} INFO - Processing file /usr/local/lib/python3.10/dist-packages/airflow/example_dags/example_sensor_decorator.py for tasks to queue
[2023-10-28T08:15:58.463+0000] {logging_mixin.py:149} INFO - [2023-10-28T08:15:58.463+0000] {dagbag.py:541} INFO - Filling up the DagBag from /usr/local/lib/python3.10/dist-packages/airflow/example_dags/example_sensor_decorator.py
[2023-10-28T08:15:58.476+0000] {processor.py:809} INFO - DAG(s) dict_keys(['example_sensor_decorator']) retrieved from /usr/local/lib/python3.10/dist-packages/airflow/example_dags/example_sensor_decorator.py
[2023-10-28T08:15:58.556+0000] {logging_mixin.py:149} INFO - [2023-10-28T08:15:58.555+0000] {dag.py:2726} INFO - Sync 1 DAGs
[2023-10-28T08:15:58.633+0000] {logging_mixin.py:149} INFO - [2023-10-28T08:15:58.632+0000] {dag.py:3486} INFO - Setting next_dagrun for example_sensor_decorator to None, run_after=None
[2023-10-28T08:15:58.734+0000] {processor.py:178} INFO - Processing /usr/local/lib/python3.10/dist-packages/airflow/example_dags/example_sensor_decorator.py took 0.313 seconds
[2023-10-28T08:16:29.120+0000] {processor.py:156} INFO - Started process (PID=1500052) to work on /usr/local/lib/python3.10/dist-packages/airflow/example_dags/example_sensor_decorator.py
[2023-10-28T08:16:29.156+0000] {processor.py:799} INFO - Processing file /usr/local/lib/python3.10/dist-packages/airflow/example_dags/example_sensor_decorator.py for tasks to queue
[2023-10-28T08:16:29.158+0000] {logging_mixin.py:149} INFO - [2023-10-28T08:16:29.158+0000] {dagbag.py:541} INFO - Filling up the DagBag from /usr/local/lib/python3.10/dist-packages/airflow/example_dags/example_sensor_decorator.py
[2023-10-28T08:16:29.171+0000] {processor.py:809} INFO - DAG(s) dict_keys(['example_sensor_decorator']) retrieved from /usr/local/lib/python3.10/dist-packages/airflow/example_dags/example_sensor_decorator.py
[2023-10-28T08:16:29.252+0000] {logging_mixin.py:149} INFO - [2023-10-28T08:16:29.252+0000] {dag.py:2726} INFO - Sync 1 DAGs
[2023-10-28T08:16:29.329+0000] {logging_mixin.py:149} INFO - [2023-10-28T08:16:29.329+0000] {dag.py:3486} INFO - Setting next_dagrun for example_sensor_decorator to None, run_after=None
[2023-10-28T08:16:29.439+0000] {processor.py:178} INFO - Processing /usr/local/lib/python3.10/dist-packages/airflow/example_dags/example_sensor_decorator.py took 0.326 seconds
[2023-10-28T08:16:59.532+0000] {processor.py:156} INFO - Started process (PID=1500711) to work on /usr/local/lib/python3.10/dist-packages/airflow/example_dags/example_sensor_decorator.py
[2023-10-28T08:16:59.535+0000] {processor.py:799} INFO - Processing file /usr/local/lib/python3.10/dist-packages/airflow/example_dags/example_sensor_decorator.py for tasks to queue
[2023-10-28T08:16:59.537+0000] {logging_mixin.py:149} INFO - [2023-10-28T08:16:59.536+0000] {dagbag.py:541} INFO - Filling up the DagBag from /usr/local/lib/python3.10/dist-packages/airflow/example_dags/example_sensor_decorator.py
[2023-10-28T08:16:59.550+0000] {processor.py:809} INFO - DAG(s) dict_keys(['example_sensor_decorator']) retrieved from /usr/local/lib/python3.10/dist-packages/airflow/example_dags/example_sensor_decorator.py
[2023-10-28T08:16:59.629+0000] {logging_mixin.py:149} INFO - [2023-10-28T08:16:59.629+0000] {dag.py:2726} INFO - Sync 1 DAGs
[2023-10-28T08:16:59.704+0000] {logging_mixin.py:149} INFO - [2023-10-28T08:16:59.703+0000] {dag.py:3486} INFO - Setting next_dagrun for example_sensor_decorator to None, run_after=None
[2023-10-28T08:16:59.807+0000] {processor.py:178} INFO - Processing /usr/local/lib/python3.10/dist-packages/airflow/example_dags/example_sensor_decorator.py took 0.283 seconds
[2023-10-28T08:17:30.434+0000] {processor.py:156} INFO - Started process (PID=1501179) to work on /usr/local/lib/python3.10/dist-packages/airflow/example_dags/example_sensor_decorator.py
[2023-10-28T08:17:30.457+0000] {processor.py:799} INFO - Processing file /usr/local/lib/python3.10/dist-packages/airflow/example_dags/example_sensor_decorator.py for tasks to queue
[2023-10-28T08:17:30.459+0000] {logging_mixin.py:149} INFO - [2023-10-28T08:17:30.458+0000] {dagbag.py:541} INFO - Filling up the DagBag from /usr/local/lib/python3.10/dist-packages/airflow/example_dags/example_sensor_decorator.py
[2023-10-28T08:17:30.473+0000] {processor.py:809} INFO - DAG(s) dict_keys(['example_sensor_decorator']) retrieved from /usr/local/lib/python3.10/dist-packages/airflow/example_dags/example_sensor_decorator.py
[2023-10-28T08:17:30.554+0000] {logging_mixin.py:149} INFO - [2023-10-28T08:17:30.554+0000] {dag.py:2726} INFO - Sync 1 DAGs
[2023-10-28T08:17:30.628+0000] {logging_mixin.py:149} INFO - [2023-10-28T08:17:30.627+0000] {dag.py:3486} INFO - Setting next_dagrun for example_sensor_decorator to None, run_after=None
[2023-10-28T08:17:30.732+0000] {processor.py:178} INFO - Processing /usr/local/lib/python3.10/dist-packages/airflow/example_dags/example_sensor_decorator.py took 0.305 seconds
[2023-10-28T08:18:01.057+0000] {processor.py:156} INFO - Started process (PID=1501535) to work on /usr/local/lib/python3.10/dist-packages/airflow/example_dags/example_sensor_decorator.py
[2023-10-28T08:18:01.093+0000] {processor.py:799} INFO - Processing file /usr/local/lib/python3.10/dist-packages/airflow/example_dags/example_sensor_decorator.py for tasks to queue
[2023-10-28T08:18:01.095+0000] {logging_mixin.py:149} INFO - [2023-10-28T08:18:01.094+0000] {dagbag.py:541} INFO - Filling up the DagBag from /usr/local/lib/python3.10/dist-packages/airflow/example_dags/example_sensor_decorator.py
[2023-10-28T08:18:01.108+0000] {processor.py:809} INFO - DAG(s) dict_keys(['example_sensor_decorator']) retrieved from /usr/local/lib/python3.10/dist-packages/airflow/example_dags/example_sensor_decorator.py
[2023-10-28T08:18:01.190+0000] {logging_mixin.py:149} INFO - [2023-10-28T08:18:01.190+0000] {dag.py:2726} INFO - Sync 1 DAGs
[2023-10-28T08:18:01.262+0000] {logging_mixin.py:149} INFO - [2023-10-28T08:18:01.262+0000] {dag.py:3486} INFO - Setting next_dagrun for example_sensor_decorator to None, run_after=None
[2023-10-28T08:18:01.360+0000] {processor.py:178} INFO - Processing /usr/local/lib/python3.10/dist-packages/airflow/example_dags/example_sensor_decorator.py took 0.312 seconds
[2023-10-28T08:18:31.976+0000] {processor.py:156} INFO - Started process (PID=1501915) to work on /usr/local/lib/python3.10/dist-packages/airflow/example_dags/example_sensor_decorator.py
[2023-10-28T08:18:32.012+0000] {processor.py:799} INFO - Processing file /usr/local/lib/python3.10/dist-packages/airflow/example_dags/example_sensor_decorator.py for tasks to queue
[2023-10-28T08:18:32.014+0000] {logging_mixin.py:149} INFO - [2023-10-28T08:18:32.013+0000] {dagbag.py:541} INFO - Filling up the DagBag from /usr/local/lib/python3.10/dist-packages/airflow/example_dags/example_sensor_decorator.py
[2023-10-28T08:18:32.027+0000] {processor.py:809} INFO - DAG(s) dict_keys(['example_sensor_decorator']) retrieved from /usr/local/lib/python3.10/dist-packages/airflow/example_dags/example_sensor_decorator.py
[2023-10-28T08:18:32.106+0000] {logging_mixin.py:149} INFO - [2023-10-28T08:18:32.106+0000] {dag.py:2726} INFO - Sync 1 DAGs
[2023-10-28T08:18:32.179+0000] {logging_mixin.py:149} INFO - [2023-10-28T08:18:32.178+0000] {dag.py:3486} INFO - Setting next_dagrun for example_sensor_decorator to None, run_after=None
[2023-10-28T08:18:32.279+0000] {processor.py:178} INFO - Processing /usr/local/lib/python3.10/dist-packages/airflow/example_dags/example_sensor_decorator.py took 0.313 seconds
[2023-10-28T08:19:02.566+0000] {processor.py:156} INFO - Started process (PID=1502285) to work on /usr/local/lib/python3.10/dist-packages/airflow/example_dags/example_sensor_decorator.py
[2023-10-28T08:19:02.572+0000] {processor.py:799} INFO - Processing file /usr/local/lib/python3.10/dist-packages/airflow/example_dags/example_sensor_decorator.py for tasks to queue
[2023-10-28T08:19:02.575+0000] {logging_mixin.py:149} INFO - [2023-10-28T08:19:02.574+0000] {dagbag.py:541} INFO - Filling up the DagBag from /usr/local/lib/python3.10/dist-packages/airflow/example_dags/example_sensor_decorator.py
[2023-10-28T08:19:02.589+0000] {processor.py:809} INFO - DAG(s) dict_keys(['example_sensor_decorator']) retrieved from /usr/local/lib/python3.10/dist-packages/airflow/example_dags/example_sensor_decorator.py
[2023-10-28T08:19:02.672+0000] {logging_mixin.py:149} INFO - [2023-10-28T08:19:02.671+0000] {dag.py:2726} INFO - Sync 1 DAGs
[2023-10-28T08:19:02.754+0000] {logging_mixin.py:149} INFO - [2023-10-28T08:19:02.753+0000] {dag.py:3486} INFO - Setting next_dagrun for example_sensor_decorator to None, run_after=None
[2023-10-28T08:19:02.852+0000] {processor.py:178} INFO - Processing /usr/local/lib/python3.10/dist-packages/airflow/example_dags/example_sensor_decorator.py took 0.293 seconds
[2023-10-28T08:19:33.577+0000] {processor.py:156} INFO - Started process (PID=1502665) to work on /usr/local/lib/python3.10/dist-packages/airflow/example_dags/example_sensor_decorator.py
[2023-10-28T08:19:33.612+0000] {processor.py:799} INFO - Processing file /usr/local/lib/python3.10/dist-packages/airflow/example_dags/example_sensor_decorator.py for tasks to queue
[2023-10-28T08:19:33.614+0000] {logging_mixin.py:149} INFO - [2023-10-28T08:19:33.613+0000] {dagbag.py:541} INFO - Filling up the DagBag from /usr/local/lib/python3.10/dist-packages/airflow/example_dags/example_sensor_decorator.py
[2023-10-28T08:19:33.627+0000] {processor.py:809} INFO - DAG(s) dict_keys(['example_sensor_decorator']) retrieved from /usr/local/lib/python3.10/dist-packages/airflow/example_dags/example_sensor_decorator.py
[2023-10-28T08:19:33.712+0000] {logging_mixin.py:149} INFO - [2023-10-28T08:19:33.712+0000] {dag.py:2726} INFO - Sync 1 DAGs
[2023-10-28T08:19:33.787+0000] {logging_mixin.py:149} INFO - [2023-10-28T08:19:33.786+0000] {dag.py:3486} INFO - Setting next_dagrun for example_sensor_decorator to None, run_after=None
[2023-10-28T08:19:33.852+0000] {processor.py:178} INFO - Processing /usr/local/lib/python3.10/dist-packages/airflow/example_dags/example_sensor_decorator.py took 0.281 seconds
[2023-10-28T08:20:04.503+0000] {processor.py:156} INFO - Started process (PID=1503048) to work on /usr/local/lib/python3.10/dist-packages/airflow/example_dags/example_sensor_decorator.py
[2023-10-28T08:20:04.545+0000] {processor.py:799} INFO - Processing file /usr/local/lib/python3.10/dist-packages/airflow/example_dags/example_sensor_decorator.py for tasks to queue
[2023-10-28T08:20:04.547+0000] {logging_mixin.py:149} INFO - [2023-10-28T08:20:04.546+0000] {dagbag.py:541} INFO - Filling up the DagBag from /usr/local/lib/python3.10/dist-packages/airflow/example_dags/example_sensor_decorator.py
[2023-10-28T08:20:04.561+0000] {processor.py:809} INFO - DAG(s) dict_keys(['example_sensor_decorator']) retrieved from /usr/local/lib/python3.10/dist-packages/airflow/example_dags/example_sensor_decorator.py
[2023-10-28T08:20:04.641+0000] {logging_mixin.py:149} INFO - [2023-10-28T08:20:04.640+0000] {dag.py:2726} INFO - Sync 1 DAGs
[2023-10-28T08:20:04.715+0000] {logging_mixin.py:149} INFO - [2023-10-28T08:20:04.714+0000] {dag.py:3486} INFO - Setting next_dagrun for example_sensor_decorator to None, run_after=None
[2023-10-28T08:20:04.809+0000] {processor.py:178} INFO - Processing /usr/local/lib/python3.10/dist-packages/airflow/example_dags/example_sensor_decorator.py took 0.313 seconds
[2023-10-28T08:20:35.243+0000] {processor.py:156} INFO - Started process (PID=1503533) to work on /usr/local/lib/python3.10/dist-packages/airflow/example_dags/example_sensor_decorator.py
[2023-10-28T08:20:35.284+0000] {processor.py:799} INFO - Processing file /usr/local/lib/python3.10/dist-packages/airflow/example_dags/example_sensor_decorator.py for tasks to queue
[2023-10-28T08:20:35.286+0000] {logging_mixin.py:149} INFO - [2023-10-28T08:20:35.286+0000] {dagbag.py:541} INFO - Filling up the DagBag from /usr/local/lib/python3.10/dist-packages/airflow/example_dags/example_sensor_decorator.py
[2023-10-28T08:20:35.299+0000] {processor.py:809} INFO - DAG(s) dict_keys(['example_sensor_decorator']) retrieved from /usr/local/lib/python3.10/dist-packages/airflow/example_dags/example_sensor_decorator.py
[2023-10-28T08:20:35.377+0000] {logging_mixin.py:149} INFO - [2023-10-28T08:20:35.376+0000] {dag.py:2726} INFO - Sync 1 DAGs
[2023-10-28T08:20:35.451+0000] {logging_mixin.py:149} INFO - [2023-10-28T08:20:35.450+0000] {dag.py:3486} INFO - Setting next_dagrun for example_sensor_decorator to None, run_after=None
[2023-10-28T08:20:35.544+0000] {processor.py:178} INFO - Processing /usr/local/lib/python3.10/dist-packages/airflow/example_dags/example_sensor_decorator.py took 0.308 seconds
[2023-10-28T08:21:05.906+0000] {processor.py:156} INFO - Started process (PID=1503989) to work on /usr/local/lib/python3.10/dist-packages/airflow/example_dags/example_sensor_decorator.py
[2023-10-28T08:21:05.944+0000] {processor.py:799} INFO - Processing file /usr/local/lib/python3.10/dist-packages/airflow/example_dags/example_sensor_decorator.py for tasks to queue
[2023-10-28T08:21:05.946+0000] {logging_mixin.py:149} INFO - [2023-10-28T08:21:05.946+0000] {dagbag.py:541} INFO - Filling up the DagBag from /usr/local/lib/python3.10/dist-packages/airflow/example_dags/example_sensor_decorator.py
[2023-10-28T08:21:05.958+0000] {processor.py:809} INFO - DAG(s) dict_keys(['example_sensor_decorator']) retrieved from /usr/local/lib/python3.10/dist-packages/airflow/example_dags/example_sensor_decorator.py
[2023-10-28T08:21:06.045+0000] {logging_mixin.py:149} INFO - [2023-10-28T08:21:06.045+0000] {dag.py:2726} INFO - Sync 1 DAGs
[2023-10-28T08:21:06.123+0000] {logging_mixin.py:149} INFO - [2023-10-28T08:21:06.122+0000] {dag.py:3486} INFO - Setting next_dagrun for example_sensor_decorator to None, run_after=None
[2023-10-28T08:21:06.193+0000] {processor.py:178} INFO - Processing /usr/local/lib/python3.10/dist-packages/airflow/example_dags/example_sensor_decorator.py took 0.294 seconds
[2023-10-28T08:21:36.544+0000] {processor.py:156} INFO - Started process (PID=1504662) to work on /usr/local/lib/python3.10/dist-packages/airflow/example_dags/example_sensor_decorator.py
[2023-10-28T08:21:36.546+0000] {processor.py:799} INFO - Processing file /usr/local/lib/python3.10/dist-packages/airflow/example_dags/example_sensor_decorator.py for tasks to queue
[2023-10-28T08:21:36.548+0000] {logging_mixin.py:149} INFO - [2023-10-28T08:21:36.547+0000] {dagbag.py:541} INFO - Filling up the DagBag from /usr/local/lib/python3.10/dist-packages/airflow/example_dags/example_sensor_decorator.py
[2023-10-28T08:21:36.561+0000] {processor.py:809} INFO - DAG(s) dict_keys(['example_sensor_decorator']) retrieved from /usr/local/lib/python3.10/dist-packages/airflow/example_dags/example_sensor_decorator.py
[2023-10-28T08:21:36.643+0000] {logging_mixin.py:149} INFO - [2023-10-28T08:21:36.643+0000] {dag.py:2726} INFO - Sync 1 DAGs
[2023-10-28T08:21:36.722+0000] {logging_mixin.py:149} INFO - [2023-10-28T08:21:36.722+0000] {dag.py:3486} INFO - Setting next_dagrun for example_sensor_decorator to None, run_after=None
[2023-10-28T08:21:36.851+0000] {processor.py:178} INFO - Processing /usr/local/lib/python3.10/dist-packages/airflow/example_dags/example_sensor_decorator.py took 0.314 seconds
[2023-10-28T08:22:07.219+0000] {processor.py:156} INFO - Started process (PID=1505446) to work on /usr/local/lib/python3.10/dist-packages/airflow/example_dags/example_sensor_decorator.py
[2023-10-28T08:22:07.257+0000] {processor.py:799} INFO - Processing file /usr/local/lib/python3.10/dist-packages/airflow/example_dags/example_sensor_decorator.py for tasks to queue
[2023-10-28T08:22:07.259+0000] {logging_mixin.py:149} INFO - [2023-10-28T08:22:07.258+0000] {dagbag.py:541} INFO - Filling up the DagBag from /usr/local/lib/python3.10/dist-packages/airflow/example_dags/example_sensor_decorator.py
[2023-10-28T08:22:07.272+0000] {processor.py:809} INFO - DAG(s) dict_keys(['example_sensor_decorator']) retrieved from /usr/local/lib/python3.10/dist-packages/airflow/example_dags/example_sensor_decorator.py
[2023-10-28T08:22:07.352+0000] {logging_mixin.py:149} INFO - [2023-10-28T08:22:07.351+0000] {dag.py:2726} INFO - Sync 1 DAGs
[2023-10-28T08:22:07.425+0000] {logging_mixin.py:149} INFO - [2023-10-28T08:22:07.425+0000] {dag.py:3486} INFO - Setting next_dagrun for example_sensor_decorator to None, run_after=None
[2023-10-28T08:22:07.529+0000] {processor.py:178} INFO - Processing /usr/local/lib/python3.10/dist-packages/airflow/example_dags/example_sensor_decorator.py took 0.318 seconds
[2023-10-28T08:22:37.769+0000] {processor.py:156} INFO - Started process (PID=1506012) to work on /usr/local/lib/python3.10/dist-packages/airflow/example_dags/example_sensor_decorator.py
[2023-10-28T08:22:37.771+0000] {processor.py:799} INFO - Processing file /usr/local/lib/python3.10/dist-packages/airflow/example_dags/example_sensor_decorator.py for tasks to queue
[2023-10-28T08:22:37.773+0000] {logging_mixin.py:149} INFO - [2023-10-28T08:22:37.772+0000] {dagbag.py:541} INFO - Filling up the DagBag from /usr/local/lib/python3.10/dist-packages/airflow/example_dags/example_sensor_decorator.py
[2023-10-28T08:22:37.788+0000] {processor.py:809} INFO - DAG(s) dict_keys(['example_sensor_decorator']) retrieved from /usr/local/lib/python3.10/dist-packages/airflow/example_dags/example_sensor_decorator.py
[2023-10-28T08:22:37.866+0000] {logging_mixin.py:149} INFO - [2023-10-28T08:22:37.865+0000] {dag.py:2726} INFO - Sync 1 DAGs
[2023-10-28T08:22:37.943+0000] {logging_mixin.py:149} INFO - [2023-10-28T08:22:37.942+0000] {dag.py:3486} INFO - Setting next_dagrun for example_sensor_decorator to None, run_after=None
[2023-10-28T08:22:38.045+0000] {processor.py:178} INFO - Processing /usr/local/lib/python3.10/dist-packages/airflow/example_dags/example_sensor_decorator.py took 0.284 seconds
[2023-10-28T08:23:08.557+0000] {processor.py:156} INFO - Started process (PID=1506417) to work on /usr/local/lib/python3.10/dist-packages/airflow/example_dags/example_sensor_decorator.py
[2023-10-28T08:23:08.560+0000] {processor.py:799} INFO - Processing file /usr/local/lib/python3.10/dist-packages/airflow/example_dags/example_sensor_decorator.py for tasks to queue
[2023-10-28T08:23:08.562+0000] {logging_mixin.py:149} INFO - [2023-10-28T08:23:08.561+0000] {dagbag.py:541} INFO - Filling up the DagBag from /usr/local/lib/python3.10/dist-packages/airflow/example_dags/example_sensor_decorator.py
[2023-10-28T08:23:08.574+0000] {processor.py:809} INFO - DAG(s) dict_keys(['example_sensor_decorator']) retrieved from /usr/local/lib/python3.10/dist-packages/airflow/example_dags/example_sensor_decorator.py
[2023-10-28T08:23:08.648+0000] {logging_mixin.py:149} INFO - [2023-10-28T08:23:08.647+0000] {dag.py:2726} INFO - Sync 1 DAGs
[2023-10-28T08:23:08.720+0000] {logging_mixin.py:149} INFO - [2023-10-28T08:23:08.719+0000] {dag.py:3486} INFO - Setting next_dagrun for example_sensor_decorator to None, run_after=None
[2023-10-28T08:23:08.780+0000] {processor.py:178} INFO - Processing /usr/local/lib/python3.10/dist-packages/airflow/example_dags/example_sensor_decorator.py took 0.230 seconds
[2023-10-28T08:23:39.123+0000] {processor.py:156} INFO - Started process (PID=1506923) to work on /usr/local/lib/python3.10/dist-packages/airflow/example_dags/example_sensor_decorator.py
[2023-10-28T08:23:39.125+0000] {processor.py:799} INFO - Processing file /usr/local/lib/python3.10/dist-packages/airflow/example_dags/example_sensor_decorator.py for tasks to queue
[2023-10-28T08:23:39.127+0000] {logging_mixin.py:149} INFO - [2023-10-28T08:23:39.127+0000] {dagbag.py:541} INFO - Filling up the DagBag from /usr/local/lib/python3.10/dist-packages/airflow/example_dags/example_sensor_decorator.py
[2023-10-28T08:23:39.141+0000] {processor.py:809} INFO - DAG(s) dict_keys(['example_sensor_decorator']) retrieved from /usr/local/lib/python3.10/dist-packages/airflow/example_dags/example_sensor_decorator.py
[2023-10-28T08:23:39.222+0000] {logging_mixin.py:149} INFO - [2023-10-28T08:23:39.221+0000] {dag.py:2726} INFO - Sync 1 DAGs
[2023-10-28T08:23:39.299+0000] {logging_mixin.py:149} INFO - [2023-10-28T08:23:39.299+0000] {dag.py:3486} INFO - Setting next_dagrun for example_sensor_decorator to None, run_after=None
[2023-10-28T08:23:39.397+0000] {processor.py:178} INFO - Processing /usr/local/lib/python3.10/dist-packages/airflow/example_dags/example_sensor_decorator.py took 0.282 seconds
[2023-10-28T08:24:09.819+0000] {processor.py:156} INFO - Started process (PID=1507477) to work on /usr/local/lib/python3.10/dist-packages/airflow/example_dags/example_sensor_decorator.py
[2023-10-28T08:24:09.845+0000] {processor.py:799} INFO - Processing file /usr/local/lib/python3.10/dist-packages/airflow/example_dags/example_sensor_decorator.py for tasks to queue
[2023-10-28T08:24:09.847+0000] {logging_mixin.py:149} INFO - [2023-10-28T08:24:09.847+0000] {dagbag.py:541} INFO - Filling up the DagBag from /usr/local/lib/python3.10/dist-packages/airflow/example_dags/example_sensor_decorator.py
[2023-10-28T08:24:09.860+0000] {processor.py:809} INFO - DAG(s) dict_keys(['example_sensor_decorator']) retrieved from /usr/local/lib/python3.10/dist-packages/airflow/example_dags/example_sensor_decorator.py
[2023-10-28T08:24:09.941+0000] {logging_mixin.py:149} INFO - [2023-10-28T08:24:09.941+0000] {dag.py:2726} INFO - Sync 1 DAGs
[2023-10-28T08:24:10.014+0000] {logging_mixin.py:149} INFO - [2023-10-28T08:24:10.014+0000] {dag.py:3486} INFO - Setting next_dagrun for example_sensor_decorator to None, run_after=None
[2023-10-28T08:24:10.116+0000] {processor.py:178} INFO - Processing /usr/local/lib/python3.10/dist-packages/airflow/example_dags/example_sensor_decorator.py took 0.304 seconds
[2023-10-28T08:24:40.343+0000] {processor.py:156} INFO - Started process (PID=1508037) to work on /usr/local/lib/python3.10/dist-packages/airflow/example_dags/example_sensor_decorator.py
[2023-10-28T08:24:40.347+0000] {processor.py:799} INFO - Processing file /usr/local/lib/python3.10/dist-packages/airflow/example_dags/example_sensor_decorator.py for tasks to queue
[2023-10-28T08:24:40.349+0000] {logging_mixin.py:149} INFO - [2023-10-28T08:24:40.348+0000] {dagbag.py:541} INFO - Filling up the DagBag from /usr/local/lib/python3.10/dist-packages/airflow/example_dags/example_sensor_decorator.py
[2023-10-28T08:24:40.362+0000] {processor.py:809} INFO - DAG(s) dict_keys(['example_sensor_decorator']) retrieved from /usr/local/lib/python3.10/dist-packages/airflow/example_dags/example_sensor_decorator.py
[2023-10-28T08:24:40.443+0000] {logging_mixin.py:149} INFO - [2023-10-28T08:24:40.442+0000] {dag.py:2726} INFO - Sync 1 DAGs
[2023-10-28T08:24:40.520+0000] {logging_mixin.py:149} INFO - [2023-10-28T08:24:40.519+0000] {dag.py:3486} INFO - Setting next_dagrun for example_sensor_decorator to None, run_after=None
[2023-10-28T08:24:40.620+0000] {processor.py:178} INFO - Processing /usr/local/lib/python3.10/dist-packages/airflow/example_dags/example_sensor_decorator.py took 0.284 seconds
[2023-10-28T08:25:10.863+0000] {processor.py:156} INFO - Started process (PID=1508536) to work on /usr/local/lib/python3.10/dist-packages/airflow/example_dags/example_sensor_decorator.py
[2023-10-28T08:25:10.896+0000] {processor.py:799} INFO - Processing file /usr/local/lib/python3.10/dist-packages/airflow/example_dags/example_sensor_decorator.py for tasks to queue
[2023-10-28T08:25:10.898+0000] {logging_mixin.py:149} INFO - [2023-10-28T08:25:10.898+0000] {dagbag.py:541} INFO - Filling up the DagBag from /usr/local/lib/python3.10/dist-packages/airflow/example_dags/example_sensor_decorator.py
[2023-10-28T08:25:10.911+0000] {processor.py:809} INFO - DAG(s) dict_keys(['example_sensor_decorator']) retrieved from /usr/local/lib/python3.10/dist-packages/airflow/example_dags/example_sensor_decorator.py
[2023-10-28T08:25:10.987+0000] {logging_mixin.py:149} INFO - [2023-10-28T08:25:10.987+0000] {dag.py:2726} INFO - Sync 1 DAGs
[2023-10-28T08:25:11.059+0000] {logging_mixin.py:149} INFO - [2023-10-28T08:25:11.059+0000] {dag.py:3486} INFO - Setting next_dagrun for example_sensor_decorator to None, run_after=None
[2023-10-28T08:25:11.122+0000] {processor.py:178} INFO - Processing /usr/local/lib/python3.10/dist-packages/airflow/example_dags/example_sensor_decorator.py took 0.267 seconds
[2023-10-28T08:25:41.542+0000] {processor.py:156} INFO - Started process (PID=1509276) to work on /usr/local/lib/python3.10/dist-packages/airflow/example_dags/example_sensor_decorator.py
[2023-10-28T08:25:41.592+0000] {processor.py:799} INFO - Processing file /usr/local/lib/python3.10/dist-packages/airflow/example_dags/example_sensor_decorator.py for tasks to queue
[2023-10-28T08:25:41.594+0000] {logging_mixin.py:149} INFO - [2023-10-28T08:25:41.594+0000] {dagbag.py:541} INFO - Filling up the DagBag from /usr/local/lib/python3.10/dist-packages/airflow/example_dags/example_sensor_decorator.py
[2023-10-28T08:25:41.608+0000] {processor.py:809} INFO - DAG(s) dict_keys(['example_sensor_decorator']) retrieved from /usr/local/lib/python3.10/dist-packages/airflow/example_dags/example_sensor_decorator.py
[2023-10-28T08:25:41.689+0000] {logging_mixin.py:149} INFO - [2023-10-28T08:25:41.688+0000] {dag.py:2726} INFO - Sync 1 DAGs
[2023-10-28T08:25:41.764+0000] {logging_mixin.py:149} INFO - [2023-10-28T08:25:41.764+0000] {dag.py:3486} INFO - Setting next_dagrun for example_sensor_decorator to None, run_after=None
[2023-10-28T08:25:41.874+0000] {processor.py:178} INFO - Processing /usr/local/lib/python3.10/dist-packages/airflow/example_dags/example_sensor_decorator.py took 0.339 seconds
[2023-10-28T08:26:11.983+0000] {processor.py:156} INFO - Started process (PID=1509657) to work on /usr/local/lib/python3.10/dist-packages/airflow/example_dags/example_sensor_decorator.py
[2023-10-28T08:26:12.009+0000] {processor.py:799} INFO - Processing file /usr/local/lib/python3.10/dist-packages/airflow/example_dags/example_sensor_decorator.py for tasks to queue
[2023-10-28T08:26:12.011+0000] {logging_mixin.py:149} INFO - [2023-10-28T08:26:12.011+0000] {dagbag.py:541} INFO - Filling up the DagBag from /usr/local/lib/python3.10/dist-packages/airflow/example_dags/example_sensor_decorator.py
[2023-10-28T08:26:12.024+0000] {processor.py:809} INFO - DAG(s) dict_keys(['example_sensor_decorator']) retrieved from /usr/local/lib/python3.10/dist-packages/airflow/example_dags/example_sensor_decorator.py
[2023-10-28T08:26:12.105+0000] {logging_mixin.py:149} INFO - [2023-10-28T08:26:12.104+0000] {dag.py:2726} INFO - Sync 1 DAGs
[2023-10-28T08:26:12.181+0000] {logging_mixin.py:149} INFO - [2023-10-28T08:26:12.181+0000] {dag.py:3486} INFO - Setting next_dagrun for example_sensor_decorator to None, run_after=None
[2023-10-28T08:26:12.277+0000] {processor.py:178} INFO - Processing /usr/local/lib/python3.10/dist-packages/airflow/example_dags/example_sensor_decorator.py took 0.301 seconds
[2023-10-28T08:26:42.601+0000] {processor.py:156} INFO - Started process (PID=1510011) to work on /usr/local/lib/python3.10/dist-packages/airflow/example_dags/example_sensor_decorator.py
[2023-10-28T08:26:42.626+0000] {processor.py:799} INFO - Processing file /usr/local/lib/python3.10/dist-packages/airflow/example_dags/example_sensor_decorator.py for tasks to queue
[2023-10-28T08:26:42.628+0000] {logging_mixin.py:149} INFO - [2023-10-28T08:26:42.627+0000] {dagbag.py:541} INFO - Filling up the DagBag from /usr/local/lib/python3.10/dist-packages/airflow/example_dags/example_sensor_decorator.py
[2023-10-28T08:26:42.640+0000] {processor.py:809} INFO - DAG(s) dict_keys(['example_sensor_decorator']) retrieved from /usr/local/lib/python3.10/dist-packages/airflow/example_dags/example_sensor_decorator.py
[2023-10-28T08:26:42.719+0000] {logging_mixin.py:149} INFO - [2023-10-28T08:26:42.719+0000] {dag.py:2726} INFO - Sync 1 DAGs
[2023-10-28T08:26:42.797+0000] {logging_mixin.py:149} INFO - [2023-10-28T08:26:42.796+0000] {dag.py:3486} INFO - Setting next_dagrun for example_sensor_decorator to None, run_after=None
[2023-10-28T08:26:42.902+0000] {processor.py:178} INFO - Processing /usr/local/lib/python3.10/dist-packages/airflow/example_dags/example_sensor_decorator.py took 0.308 seconds
[2023-10-28T08:27:13.133+0000] {processor.py:156} INFO - Started process (PID=1510586) to work on /usr/local/lib/python3.10/dist-packages/airflow/example_dags/example_sensor_decorator.py
[2023-10-28T08:27:13.135+0000] {processor.py:799} INFO - Processing file /usr/local/lib/python3.10/dist-packages/airflow/example_dags/example_sensor_decorator.py for tasks to queue
[2023-10-28T08:27:13.137+0000] {logging_mixin.py:149} INFO - [2023-10-28T08:27:13.137+0000] {dagbag.py:541} INFO - Filling up the DagBag from /usr/local/lib/python3.10/dist-packages/airflow/example_dags/example_sensor_decorator.py
[2023-10-28T08:27:13.152+0000] {processor.py:809} INFO - DAG(s) dict_keys(['example_sensor_decorator']) retrieved from /usr/local/lib/python3.10/dist-packages/airflow/example_dags/example_sensor_decorator.py
[2023-10-28T08:27:13.235+0000] {logging_mixin.py:149} INFO - [2023-10-28T08:27:13.235+0000] {dag.py:2726} INFO - Sync 1 DAGs
[2023-10-28T08:27:13.317+0000] {logging_mixin.py:149} INFO - [2023-10-28T08:27:13.317+0000] {dag.py:3486} INFO - Setting next_dagrun for example_sensor_decorator to None, run_after=None
[2023-10-28T08:27:13.418+0000] {processor.py:178} INFO - Processing /usr/local/lib/python3.10/dist-packages/airflow/example_dags/example_sensor_decorator.py took 0.293 seconds
[2023-10-28T08:27:44.160+0000] {processor.py:156} INFO - Started process (PID=1510947) to work on /usr/local/lib/python3.10/dist-packages/airflow/example_dags/example_sensor_decorator.py
[2023-10-28T08:27:44.200+0000] {processor.py:799} INFO - Processing file /usr/local/lib/python3.10/dist-packages/airflow/example_dags/example_sensor_decorator.py for tasks to queue
[2023-10-28T08:27:44.202+0000] {logging_mixin.py:149} INFO - [2023-10-28T08:27:44.202+0000] {dagbag.py:541} INFO - Filling up the DagBag from /usr/local/lib/python3.10/dist-packages/airflow/example_dags/example_sensor_decorator.py
[2023-10-28T08:27:44.215+0000] {processor.py:809} INFO - DAG(s) dict_keys(['example_sensor_decorator']) retrieved from /usr/local/lib/python3.10/dist-packages/airflow/example_dags/example_sensor_decorator.py
[2023-10-28T08:27:44.289+0000] {logging_mixin.py:149} INFO - [2023-10-28T08:27:44.288+0000] {dag.py:2726} INFO - Sync 1 DAGs
[2023-10-28T08:27:44.362+0000] {logging_mixin.py:149} INFO - [2023-10-28T08:27:44.361+0000] {dag.py:3486} INFO - Setting next_dagrun for example_sensor_decorator to None, run_after=None
[2023-10-28T08:27:44.429+0000] {processor.py:178} INFO - Processing /usr/local/lib/python3.10/dist-packages/airflow/example_dags/example_sensor_decorator.py took 0.276 seconds
[2023-10-28T08:28:14.725+0000] {processor.py:156} INFO - Started process (PID=1511331) to work on /usr/local/lib/python3.10/dist-packages/airflow/example_dags/example_sensor_decorator.py
[2023-10-28T08:28:14.768+0000] {processor.py:799} INFO - Processing file /usr/local/lib/python3.10/dist-packages/airflow/example_dags/example_sensor_decorator.py for tasks to queue
[2023-10-28T08:28:14.770+0000] {logging_mixin.py:149} INFO - [2023-10-28T08:28:14.770+0000] {dagbag.py:541} INFO - Filling up the DagBag from /usr/local/lib/python3.10/dist-packages/airflow/example_dags/example_sensor_decorator.py
[2023-10-28T08:28:14.782+0000] {processor.py:809} INFO - DAG(s) dict_keys(['example_sensor_decorator']) retrieved from /usr/local/lib/python3.10/dist-packages/airflow/example_dags/example_sensor_decorator.py
[2023-10-28T08:28:14.857+0000] {logging_mixin.py:149} INFO - [2023-10-28T08:28:14.857+0000] {dag.py:2726} INFO - Sync 1 DAGs
[2023-10-28T08:28:14.930+0000] {logging_mixin.py:149} INFO - [2023-10-28T08:28:14.930+0000] {dag.py:3486} INFO - Setting next_dagrun for example_sensor_decorator to None, run_after=None
[2023-10-28T08:28:15.038+0000] {processor.py:178} INFO - Processing /usr/local/lib/python3.10/dist-packages/airflow/example_dags/example_sensor_decorator.py took 0.321 seconds
[2023-10-28T08:28:45.283+0000] {processor.py:156} INFO - Started process (PID=1511687) to work on /usr/local/lib/python3.10/dist-packages/airflow/example_dags/example_sensor_decorator.py
[2023-10-28T08:28:45.285+0000] {processor.py:799} INFO - Processing file /usr/local/lib/python3.10/dist-packages/airflow/example_dags/example_sensor_decorator.py for tasks to queue
[2023-10-28T08:28:45.287+0000] {logging_mixin.py:149} INFO - [2023-10-28T08:28:45.286+0000] {dagbag.py:541} INFO - Filling up the DagBag from /usr/local/lib/python3.10/dist-packages/airflow/example_dags/example_sensor_decorator.py
[2023-10-28T08:28:45.301+0000] {processor.py:809} INFO - DAG(s) dict_keys(['example_sensor_decorator']) retrieved from /usr/local/lib/python3.10/dist-packages/airflow/example_dags/example_sensor_decorator.py
[2023-10-28T08:28:45.384+0000] {logging_mixin.py:149} INFO - [2023-10-28T08:28:45.383+0000] {dag.py:2726} INFO - Sync 1 DAGs
[2023-10-28T08:28:45.457+0000] {logging_mixin.py:149} INFO - [2023-10-28T08:28:45.457+0000] {dag.py:3486} INFO - Setting next_dagrun for example_sensor_decorator to None, run_after=None
[2023-10-28T08:28:45.560+0000] {processor.py:178} INFO - Processing /usr/local/lib/python3.10/dist-packages/airflow/example_dags/example_sensor_decorator.py took 0.285 seconds
[2023-10-28T08:29:15.908+0000] {processor.py:156} INFO - Started process (PID=1512083) to work on /usr/local/lib/python3.10/dist-packages/airflow/example_dags/example_sensor_decorator.py
[2023-10-28T08:29:15.947+0000] {processor.py:799} INFO - Processing file /usr/local/lib/python3.10/dist-packages/airflow/example_dags/example_sensor_decorator.py for tasks to queue
[2023-10-28T08:29:15.949+0000] {logging_mixin.py:149} INFO - [2023-10-28T08:29:15.949+0000] {dagbag.py:541} INFO - Filling up the DagBag from /usr/local/lib/python3.10/dist-packages/airflow/example_dags/example_sensor_decorator.py
[2023-10-28T08:29:15.962+0000] {processor.py:809} INFO - DAG(s) dict_keys(['example_sensor_decorator']) retrieved from /usr/local/lib/python3.10/dist-packages/airflow/example_dags/example_sensor_decorator.py
[2023-10-28T08:29:16.038+0000] {logging_mixin.py:149} INFO - [2023-10-28T08:29:16.037+0000] {dag.py:2726} INFO - Sync 1 DAGs
[2023-10-28T08:29:16.112+0000] {logging_mixin.py:149} INFO - [2023-10-28T08:29:16.111+0000] {dag.py:3486} INFO - Setting next_dagrun for example_sensor_decorator to None, run_after=None
[2023-10-28T08:29:16.175+0000] {processor.py:178} INFO - Processing /usr/local/lib/python3.10/dist-packages/airflow/example_dags/example_sensor_decorator.py took 0.275 seconds
[2023-10-28T08:29:46.389+0000] {processor.py:156} INFO - Started process (PID=1512440) to work on /usr/local/lib/python3.10/dist-packages/airflow/example_dags/example_sensor_decorator.py
[2023-10-28T08:29:46.432+0000] {processor.py:799} INFO - Processing file /usr/local/lib/python3.10/dist-packages/airflow/example_dags/example_sensor_decorator.py for tasks to queue
[2023-10-28T08:29:46.434+0000] {logging_mixin.py:149} INFO - [2023-10-28T08:29:46.434+0000] {dagbag.py:541} INFO - Filling up the DagBag from /usr/local/lib/python3.10/dist-packages/airflow/example_dags/example_sensor_decorator.py
[2023-10-28T08:29:46.449+0000] {processor.py:809} INFO - DAG(s) dict_keys(['example_sensor_decorator']) retrieved from /usr/local/lib/python3.10/dist-packages/airflow/example_dags/example_sensor_decorator.py
[2023-10-28T08:29:46.539+0000] {logging_mixin.py:149} INFO - [2023-10-28T08:29:46.538+0000] {dag.py:2726} INFO - Sync 1 DAGs
[2023-10-28T08:29:46.614+0000] {logging_mixin.py:149} INFO - [2023-10-28T08:29:46.614+0000] {dag.py:3486} INFO - Setting next_dagrun for example_sensor_decorator to None, run_after=None
[2023-10-28T08:29:46.719+0000] {processor.py:178} INFO - Processing /usr/local/lib/python3.10/dist-packages/airflow/example_dags/example_sensor_decorator.py took 0.337 seconds
[2023-10-28T08:30:16.905+0000] {processor.py:156} INFO - Started process (PID=1512822) to work on /usr/local/lib/python3.10/dist-packages/airflow/example_dags/example_sensor_decorator.py
[2023-10-28T08:30:16.925+0000] {processor.py:799} INFO - Processing file /usr/local/lib/python3.10/dist-packages/airflow/example_dags/example_sensor_decorator.py for tasks to queue
[2023-10-28T08:30:16.927+0000] {logging_mixin.py:149} INFO - [2023-10-28T08:30:16.927+0000] {dagbag.py:541} INFO - Filling up the DagBag from /usr/local/lib/python3.10/dist-packages/airflow/example_dags/example_sensor_decorator.py
[2023-10-28T08:30:16.940+0000] {processor.py:809} INFO - DAG(s) dict_keys(['example_sensor_decorator']) retrieved from /usr/local/lib/python3.10/dist-packages/airflow/example_dags/example_sensor_decorator.py
[2023-10-28T08:30:17.020+0000] {logging_mixin.py:149} INFO - [2023-10-28T08:30:17.019+0000] {dag.py:2726} INFO - Sync 1 DAGs
[2023-10-28T08:30:17.095+0000] {logging_mixin.py:149} INFO - [2023-10-28T08:30:17.094+0000] {dag.py:3486} INFO - Setting next_dagrun for example_sensor_decorator to None, run_after=None
[2023-10-28T08:30:17.196+0000] {processor.py:178} INFO - Processing /usr/local/lib/python3.10/dist-packages/airflow/example_dags/example_sensor_decorator.py took 0.298 seconds
[2023-10-28T08:30:47.437+0000] {processor.py:156} INFO - Started process (PID=1513428) to work on /usr/local/lib/python3.10/dist-packages/airflow/example_dags/example_sensor_decorator.py
[2023-10-28T08:30:47.439+0000] {processor.py:799} INFO - Processing file /usr/local/lib/python3.10/dist-packages/airflow/example_dags/example_sensor_decorator.py for tasks to queue
[2023-10-28T08:30:47.441+0000] {logging_mixin.py:149} INFO - [2023-10-28T08:30:47.441+0000] {dagbag.py:541} INFO - Filling up the DagBag from /usr/local/lib/python3.10/dist-packages/airflow/example_dags/example_sensor_decorator.py
[2023-10-28T08:30:47.454+0000] {processor.py:809} INFO - DAG(s) dict_keys(['example_sensor_decorator']) retrieved from /usr/local/lib/python3.10/dist-packages/airflow/example_dags/example_sensor_decorator.py
[2023-10-28T08:30:47.530+0000] {logging_mixin.py:149} INFO - [2023-10-28T08:30:47.530+0000] {dag.py:2726} INFO - Sync 1 DAGs
[2023-10-28T08:30:47.606+0000] {logging_mixin.py:149} INFO - [2023-10-28T08:30:47.605+0000] {dag.py:3486} INFO - Setting next_dagrun for example_sensor_decorator to None, run_after=None
[2023-10-28T08:30:47.717+0000] {processor.py:178} INFO - Processing /usr/local/lib/python3.10/dist-packages/airflow/example_dags/example_sensor_decorator.py took 0.286 seconds
[2023-10-28T08:31:17.958+0000] {processor.py:156} INFO - Started process (PID=1513899) to work on /usr/local/lib/python3.10/dist-packages/airflow/example_dags/example_sensor_decorator.py
[2023-10-28T08:31:17.980+0000] {processor.py:799} INFO - Processing file /usr/local/lib/python3.10/dist-packages/airflow/example_dags/example_sensor_decorator.py for tasks to queue
[2023-10-28T08:31:17.982+0000] {logging_mixin.py:149} INFO - [2023-10-28T08:31:17.982+0000] {dagbag.py:541} INFO - Filling up the DagBag from /usr/local/lib/python3.10/dist-packages/airflow/example_dags/example_sensor_decorator.py
[2023-10-28T08:31:17.997+0000] {processor.py:809} INFO - DAG(s) dict_keys(['example_sensor_decorator']) retrieved from /usr/local/lib/python3.10/dist-packages/airflow/example_dags/example_sensor_decorator.py
[2023-10-28T08:31:18.083+0000] {logging_mixin.py:149} INFO - [2023-10-28T08:31:18.082+0000] {dag.py:2726} INFO - Sync 1 DAGs
[2023-10-28T08:31:18.161+0000] {logging_mixin.py:149} INFO - [2023-10-28T08:31:18.160+0000] {dag.py:3486} INFO - Setting next_dagrun for example_sensor_decorator to None, run_after=None
[2023-10-28T08:31:18.238+0000] {processor.py:178} INFO - Processing /usr/local/lib/python3.10/dist-packages/airflow/example_dags/example_sensor_decorator.py took 0.287 seconds
[2023-10-28T08:31:48.870+0000] {processor.py:156} INFO - Started process (PID=1514469) to work on /usr/local/lib/python3.10/dist-packages/airflow/example_dags/example_sensor_decorator.py
[2023-10-28T08:31:48.872+0000] {processor.py:799} INFO - Processing file /usr/local/lib/python3.10/dist-packages/airflow/example_dags/example_sensor_decorator.py for tasks to queue
[2023-10-28T08:31:48.874+0000] {logging_mixin.py:149} INFO - [2023-10-28T08:31:48.874+0000] {dagbag.py:541} INFO - Filling up the DagBag from /usr/local/lib/python3.10/dist-packages/airflow/example_dags/example_sensor_decorator.py
[2023-10-28T08:31:48.890+0000] {processor.py:809} INFO - DAG(s) dict_keys(['example_sensor_decorator']) retrieved from /usr/local/lib/python3.10/dist-packages/airflow/example_dags/example_sensor_decorator.py
[2023-10-28T08:31:48.974+0000] {logging_mixin.py:149} INFO - [2023-10-28T08:31:48.973+0000] {dag.py:2726} INFO - Sync 1 DAGs
[2023-10-28T08:31:49.058+0000] {logging_mixin.py:149} INFO - [2023-10-28T08:31:49.058+0000] {dag.py:3486} INFO - Setting next_dagrun for example_sensor_decorator to None, run_after=None
[2023-10-28T08:31:49.152+0000] {processor.py:178} INFO - Processing /usr/local/lib/python3.10/dist-packages/airflow/example_dags/example_sensor_decorator.py took 0.291 seconds
[2023-10-28T08:32:19.961+0000] {processor.py:156} INFO - Started process (PID=1515139) to work on /usr/local/lib/python3.10/dist-packages/airflow/example_dags/example_sensor_decorator.py
[2023-10-28T08:32:19.963+0000] {processor.py:799} INFO - Processing file /usr/local/lib/python3.10/dist-packages/airflow/example_dags/example_sensor_decorator.py for tasks to queue
[2023-10-28T08:32:19.966+0000] {logging_mixin.py:149} INFO - [2023-10-28T08:32:19.965+0000] {dagbag.py:541} INFO - Filling up the DagBag from /usr/local/lib/python3.10/dist-packages/airflow/example_dags/example_sensor_decorator.py
[2023-10-28T08:32:19.979+0000] {processor.py:809} INFO - DAG(s) dict_keys(['example_sensor_decorator']) retrieved from /usr/local/lib/python3.10/dist-packages/airflow/example_dags/example_sensor_decorator.py
[2023-10-28T08:32:20.067+0000] {logging_mixin.py:149} INFO - [2023-10-28T08:32:20.066+0000] {dag.py:2726} INFO - Sync 1 DAGs
[2023-10-28T08:32:20.153+0000] {logging_mixin.py:149} INFO - [2023-10-28T08:32:20.153+0000] {dag.py:3486} INFO - Setting next_dagrun for example_sensor_decorator to None, run_after=None
[2023-10-28T08:32:20.250+0000] {processor.py:178} INFO - Processing /usr/local/lib/python3.10/dist-packages/airflow/example_dags/example_sensor_decorator.py took 0.300 seconds
[2023-10-28T08:32:50.344+0000] {processor.py:156} INFO - Started process (PID=1515775) to work on /usr/local/lib/python3.10/dist-packages/airflow/example_dags/example_sensor_decorator.py
[2023-10-28T08:32:50.369+0000] {processor.py:799} INFO - Processing file /usr/local/lib/python3.10/dist-packages/airflow/example_dags/example_sensor_decorator.py for tasks to queue
[2023-10-28T08:32:50.371+0000] {logging_mixin.py:149} INFO - [2023-10-28T08:32:50.371+0000] {dagbag.py:541} INFO - Filling up the DagBag from /usr/local/lib/python3.10/dist-packages/airflow/example_dags/example_sensor_decorator.py
[2023-10-28T08:32:50.384+0000] {processor.py:809} INFO - DAG(s) dict_keys(['example_sensor_decorator']) retrieved from /usr/local/lib/python3.10/dist-packages/airflow/example_dags/example_sensor_decorator.py
[2023-10-28T08:32:50.462+0000] {logging_mixin.py:149} INFO - [2023-10-28T08:32:50.461+0000] {dag.py:2726} INFO - Sync 1 DAGs
[2023-10-28T08:32:50.539+0000] {logging_mixin.py:149} INFO - [2023-10-28T08:32:50.539+0000] {dag.py:3486} INFO - Setting next_dagrun for example_sensor_decorator to None, run_after=None
[2023-10-28T08:32:50.648+0000] {processor.py:178} INFO - Processing /usr/local/lib/python3.10/dist-packages/airflow/example_dags/example_sensor_decorator.py took 0.312 seconds
[2023-10-28T08:33:20.996+0000] {processor.py:156} INFO - Started process (PID=1516178) to work on /usr/local/lib/python3.10/dist-packages/airflow/example_dags/example_sensor_decorator.py
[2023-10-28T08:33:21.026+0000] {processor.py:799} INFO - Processing file /usr/local/lib/python3.10/dist-packages/airflow/example_dags/example_sensor_decorator.py for tasks to queue
[2023-10-28T08:33:21.028+0000] {logging_mixin.py:149} INFO - [2023-10-28T08:33:21.027+0000] {dagbag.py:541} INFO - Filling up the DagBag from /usr/local/lib/python3.10/dist-packages/airflow/example_dags/example_sensor_decorator.py
[2023-10-28T08:33:21.042+0000] {processor.py:809} INFO - DAG(s) dict_keys(['example_sensor_decorator']) retrieved from /usr/local/lib/python3.10/dist-packages/airflow/example_dags/example_sensor_decorator.py
[2023-10-28T08:33:21.119+0000] {logging_mixin.py:149} INFO - [2023-10-28T08:33:21.118+0000] {dag.py:2726} INFO - Sync 1 DAGs
[2023-10-28T08:33:21.190+0000] {logging_mixin.py:149} INFO - [2023-10-28T08:33:21.190+0000] {dag.py:3486} INFO - Setting next_dagrun for example_sensor_decorator to None, run_after=None
[2023-10-28T08:33:21.289+0000] {processor.py:178} INFO - Processing /usr/local/lib/python3.10/dist-packages/airflow/example_dags/example_sensor_decorator.py took 0.301 seconds
[2023-10-28T08:33:52.192+0000] {processor.py:156} INFO - Started process (PID=1516535) to work on /usr/local/lib/python3.10/dist-packages/airflow/example_dags/example_sensor_decorator.py
[2023-10-28T08:33:52.217+0000] {processor.py:799} INFO - Processing file /usr/local/lib/python3.10/dist-packages/airflow/example_dags/example_sensor_decorator.py for tasks to queue
[2023-10-28T08:33:52.219+0000] {logging_mixin.py:149} INFO - [2023-10-28T08:33:52.218+0000] {dagbag.py:541} INFO - Filling up the DagBag from /usr/local/lib/python3.10/dist-packages/airflow/example_dags/example_sensor_decorator.py
[2023-10-28T08:33:52.232+0000] {processor.py:809} INFO - DAG(s) dict_keys(['example_sensor_decorator']) retrieved from /usr/local/lib/python3.10/dist-packages/airflow/example_dags/example_sensor_decorator.py
[2023-10-28T08:33:52.313+0000] {logging_mixin.py:149} INFO - [2023-10-28T08:33:52.312+0000] {dag.py:2726} INFO - Sync 1 DAGs
[2023-10-28T08:33:52.384+0000] {logging_mixin.py:149} INFO - [2023-10-28T08:33:52.384+0000] {dag.py:3486} INFO - Setting next_dagrun for example_sensor_decorator to None, run_after=None
[2023-10-28T08:33:52.482+0000] {processor.py:178} INFO - Processing /usr/local/lib/python3.10/dist-packages/airflow/example_dags/example_sensor_decorator.py took 0.296 seconds
[2023-10-28T08:34:22.685+0000] {processor.py:156} INFO - Started process (PID=1516933) to work on /usr/local/lib/python3.10/dist-packages/airflow/example_dags/example_sensor_decorator.py
[2023-10-28T08:34:22.709+0000] {processor.py:799} INFO - Processing file /usr/local/lib/python3.10/dist-packages/airflow/example_dags/example_sensor_decorator.py for tasks to queue
[2023-10-28T08:34:22.711+0000] {logging_mixin.py:149} INFO - [2023-10-28T08:34:22.711+0000] {dagbag.py:541} INFO - Filling up the DagBag from /usr/local/lib/python3.10/dist-packages/airflow/example_dags/example_sensor_decorator.py
[2023-10-28T08:34:22.725+0000] {processor.py:809} INFO - DAG(s) dict_keys(['example_sensor_decorator']) retrieved from /usr/local/lib/python3.10/dist-packages/airflow/example_dags/example_sensor_decorator.py
[2023-10-28T08:34:22.808+0000] {logging_mixin.py:149} INFO - [2023-10-28T08:34:22.807+0000] {dag.py:2726} INFO - Sync 1 DAGs
[2023-10-28T08:34:22.885+0000] {logging_mixin.py:149} INFO - [2023-10-28T08:34:22.884+0000] {dag.py:3486} INFO - Setting next_dagrun for example_sensor_decorator to None, run_after=None
[2023-10-28T08:34:22.981+0000] {processor.py:178} INFO - Processing /usr/local/lib/python3.10/dist-packages/airflow/example_dags/example_sensor_decorator.py took 0.302 seconds
[2023-10-28T08:34:53.189+0000] {processor.py:156} INFO - Started process (PID=1517290) to work on /usr/local/lib/python3.10/dist-packages/airflow/example_dags/example_sensor_decorator.py
[2023-10-28T08:34:53.219+0000] {processor.py:799} INFO - Processing file /usr/local/lib/python3.10/dist-packages/airflow/example_dags/example_sensor_decorator.py for tasks to queue
[2023-10-28T08:34:53.221+0000] {logging_mixin.py:149} INFO - [2023-10-28T08:34:53.221+0000] {dagbag.py:541} INFO - Filling up the DagBag from /usr/local/lib/python3.10/dist-packages/airflow/example_dags/example_sensor_decorator.py
[2023-10-28T08:34:53.235+0000] {processor.py:809} INFO - DAG(s) dict_keys(['example_sensor_decorator']) retrieved from /usr/local/lib/python3.10/dist-packages/airflow/example_dags/example_sensor_decorator.py
[2023-10-28T08:34:53.314+0000] {logging_mixin.py:149} INFO - [2023-10-28T08:34:53.313+0000] {dag.py:2726} INFO - Sync 1 DAGs
[2023-10-28T08:34:53.385+0000] {logging_mixin.py:149} INFO - [2023-10-28T08:34:53.384+0000] {dag.py:3486} INFO - Setting next_dagrun for example_sensor_decorator to None, run_after=None
[2023-10-28T08:34:53.483+0000] {processor.py:178} INFO - Processing /usr/local/lib/python3.10/dist-packages/airflow/example_dags/example_sensor_decorator.py took 0.301 seconds
[2023-10-28T08:35:23.688+0000] {processor.py:156} INFO - Started process (PID=1517859) to work on /usr/local/lib/python3.10/dist-packages/airflow/example_dags/example_sensor_decorator.py
[2023-10-28T08:35:23.709+0000] {processor.py:799} INFO - Processing file /usr/local/lib/python3.10/dist-packages/airflow/example_dags/example_sensor_decorator.py for tasks to queue
[2023-10-28T08:35:23.710+0000] {logging_mixin.py:149} INFO - [2023-10-28T08:35:23.710+0000] {dagbag.py:541} INFO - Filling up the DagBag from /usr/local/lib/python3.10/dist-packages/airflow/example_dags/example_sensor_decorator.py
[2023-10-28T08:35:23.725+0000] {processor.py:809} INFO - DAG(s) dict_keys(['example_sensor_decorator']) retrieved from /usr/local/lib/python3.10/dist-packages/airflow/example_dags/example_sensor_decorator.py
[2023-10-28T08:35:23.801+0000] {logging_mixin.py:149} INFO - [2023-10-28T08:35:23.801+0000] {dag.py:2726} INFO - Sync 1 DAGs
[2023-10-28T08:35:23.874+0000] {logging_mixin.py:149} INFO - [2023-10-28T08:35:23.873+0000] {dag.py:3486} INFO - Setting next_dagrun for example_sensor_decorator to None, run_after=None
[2023-10-28T08:35:23.969+0000] {processor.py:178} INFO - Processing /usr/local/lib/python3.10/dist-packages/airflow/example_dags/example_sensor_decorator.py took 0.288 seconds
[2023-10-28T08:35:54.669+0000] {processor.py:156} INFO - Started process (PID=1518303) to work on /usr/local/lib/python3.10/dist-packages/airflow/example_dags/example_sensor_decorator.py
[2023-10-28T08:35:54.672+0000] {processor.py:799} INFO - Processing file /usr/local/lib/python3.10/dist-packages/airflow/example_dags/example_sensor_decorator.py for tasks to queue
[2023-10-28T08:35:54.674+0000] {logging_mixin.py:149} INFO - [2023-10-28T08:35:54.673+0000] {dagbag.py:541} INFO - Filling up the DagBag from /usr/local/lib/python3.10/dist-packages/airflow/example_dags/example_sensor_decorator.py
[2023-10-28T08:35:54.688+0000] {processor.py:809} INFO - DAG(s) dict_keys(['example_sensor_decorator']) retrieved from /usr/local/lib/python3.10/dist-packages/airflow/example_dags/example_sensor_decorator.py
[2023-10-28T08:35:54.766+0000] {logging_mixin.py:149} INFO - [2023-10-28T08:35:54.765+0000] {dag.py:2726} INFO - Sync 1 DAGs
[2023-10-28T08:35:54.847+0000] {logging_mixin.py:149} INFO - [2023-10-28T08:35:54.846+0000] {dag.py:3486} INFO - Setting next_dagrun for example_sensor_decorator to None, run_after=None
[2023-10-28T08:35:54.963+0000] {processor.py:178} INFO - Processing /usr/local/lib/python3.10/dist-packages/airflow/example_dags/example_sensor_decorator.py took 0.302 seconds
[2023-10-28T08:36:25.527+0000] {processor.py:156} INFO - Started process (PID=1518706) to work on /usr/local/lib/python3.10/dist-packages/airflow/example_dags/example_sensor_decorator.py
[2023-10-28T08:36:25.549+0000] {processor.py:799} INFO - Processing file /usr/local/lib/python3.10/dist-packages/airflow/example_dags/example_sensor_decorator.py for tasks to queue
[2023-10-28T08:36:25.551+0000] {logging_mixin.py:149} INFO - [2023-10-28T08:36:25.551+0000] {dagbag.py:541} INFO - Filling up the DagBag from /usr/local/lib/python3.10/dist-packages/airflow/example_dags/example_sensor_decorator.py
[2023-10-28T08:36:25.565+0000] {processor.py:809} INFO - DAG(s) dict_keys(['example_sensor_decorator']) retrieved from /usr/local/lib/python3.10/dist-packages/airflow/example_dags/example_sensor_decorator.py
[2023-10-28T08:36:25.649+0000] {logging_mixin.py:149} INFO - [2023-10-28T08:36:25.649+0000] {dag.py:2726} INFO - Sync 1 DAGs
[2023-10-28T08:36:25.722+0000] {logging_mixin.py:149} INFO - [2023-10-28T08:36:25.722+0000] {dag.py:3486} INFO - Setting next_dagrun for example_sensor_decorator to None, run_after=None
[2023-10-28T08:36:25.819+0000] {processor.py:178} INFO - Processing /usr/local/lib/python3.10/dist-packages/airflow/example_dags/example_sensor_decorator.py took 0.298 seconds
[2023-10-28T08:36:56.081+0000] {processor.py:156} INFO - Started process (PID=1519168) to work on /usr/local/lib/python3.10/dist-packages/airflow/example_dags/example_sensor_decorator.py
[2023-10-28T08:36:56.083+0000] {processor.py:799} INFO - Processing file /usr/local/lib/python3.10/dist-packages/airflow/example_dags/example_sensor_decorator.py for tasks to queue
[2023-10-28T08:36:56.085+0000] {logging_mixin.py:149} INFO - [2023-10-28T08:36:56.084+0000] {dagbag.py:541} INFO - Filling up the DagBag from /usr/local/lib/python3.10/dist-packages/airflow/example_dags/example_sensor_decorator.py
[2023-10-28T08:36:56.099+0000] {processor.py:809} INFO - DAG(s) dict_keys(['example_sensor_decorator']) retrieved from /usr/local/lib/python3.10/dist-packages/airflow/example_dags/example_sensor_decorator.py
[2023-10-28T08:36:56.188+0000] {logging_mixin.py:149} INFO - [2023-10-28T08:36:56.187+0000] {dag.py:2726} INFO - Sync 1 DAGs
[2023-10-28T08:36:56.278+0000] {logging_mixin.py:149} INFO - [2023-10-28T08:36:56.277+0000] {dag.py:3486} INFO - Setting next_dagrun for example_sensor_decorator to None, run_after=None
[2023-10-28T08:36:56.349+0000] {processor.py:178} INFO - Processing /usr/local/lib/python3.10/dist-packages/airflow/example_dags/example_sensor_decorator.py took 0.276 seconds
[2023-10-28T08:37:26.483+0000] {processor.py:156} INFO - Started process (PID=1519561) to work on /usr/local/lib/python3.10/dist-packages/airflow/example_dags/example_sensor_decorator.py
[2023-10-28T08:37:26.485+0000] {processor.py:799} INFO - Processing file /usr/local/lib/python3.10/dist-packages/airflow/example_dags/example_sensor_decorator.py for tasks to queue
[2023-10-28T08:37:26.487+0000] {logging_mixin.py:149} INFO - [2023-10-28T08:37:26.486+0000] {dagbag.py:541} INFO - Filling up the DagBag from /usr/local/lib/python3.10/dist-packages/airflow/example_dags/example_sensor_decorator.py
[2023-10-28T08:37:26.500+0000] {processor.py:809} INFO - DAG(s) dict_keys(['example_sensor_decorator']) retrieved from /usr/local/lib/python3.10/dist-packages/airflow/example_dags/example_sensor_decorator.py
[2023-10-28T08:37:26.575+0000] {logging_mixin.py:149} INFO - [2023-10-28T08:37:26.575+0000] {dag.py:2726} INFO - Sync 1 DAGs
[2023-10-28T08:37:26.647+0000] {logging_mixin.py:149} INFO - [2023-10-28T08:37:26.646+0000] {dag.py:3486} INFO - Setting next_dagrun for example_sensor_decorator to None, run_after=None
[2023-10-28T08:37:26.740+0000] {processor.py:178} INFO - Processing /usr/local/lib/python3.10/dist-packages/airflow/example_dags/example_sensor_decorator.py took 0.264 seconds
[2023-10-28T08:37:57.127+0000] {processor.py:156} INFO - Started process (PID=1519950) to work on /usr/local/lib/python3.10/dist-packages/airflow/example_dags/example_sensor_decorator.py
[2023-10-28T08:37:57.157+0000] {processor.py:799} INFO - Processing file /usr/local/lib/python3.10/dist-packages/airflow/example_dags/example_sensor_decorator.py for tasks to queue
[2023-10-28T08:37:57.160+0000] {logging_mixin.py:149} INFO - [2023-10-28T08:37:57.159+0000] {dagbag.py:541} INFO - Filling up the DagBag from /usr/local/lib/python3.10/dist-packages/airflow/example_dags/example_sensor_decorator.py
[2023-10-28T08:37:57.174+0000] {processor.py:809} INFO - DAG(s) dict_keys(['example_sensor_decorator']) retrieved from /usr/local/lib/python3.10/dist-packages/airflow/example_dags/example_sensor_decorator.py
[2023-10-28T08:37:57.262+0000] {logging_mixin.py:149} INFO - [2023-10-28T08:37:57.262+0000] {dag.py:2726} INFO - Sync 1 DAGs
[2023-10-28T08:37:57.337+0000] {logging_mixin.py:149} INFO - [2023-10-28T08:37:57.337+0000] {dag.py:3486} INFO - Setting next_dagrun for example_sensor_decorator to None, run_after=None
[2023-10-28T08:37:57.432+0000] {processor.py:178} INFO - Processing /usr/local/lib/python3.10/dist-packages/airflow/example_dags/example_sensor_decorator.py took 0.312 seconds
[2023-10-28T08:38:27.790+0000] {processor.py:156} INFO - Started process (PID=1520494) to work on /usr/local/lib/python3.10/dist-packages/airflow/example_dags/example_sensor_decorator.py
[2023-10-28T08:38:27.792+0000] {processor.py:799} INFO - Processing file /usr/local/lib/python3.10/dist-packages/airflow/example_dags/example_sensor_decorator.py for tasks to queue
[2023-10-28T08:38:27.794+0000] {logging_mixin.py:149} INFO - [2023-10-28T08:38:27.793+0000] {dagbag.py:541} INFO - Filling up the DagBag from /usr/local/lib/python3.10/dist-packages/airflow/example_dags/example_sensor_decorator.py
[2023-10-28T08:38:27.808+0000] {processor.py:809} INFO - DAG(s) dict_keys(['example_sensor_decorator']) retrieved from /usr/local/lib/python3.10/dist-packages/airflow/example_dags/example_sensor_decorator.py
[2023-10-28T08:38:27.887+0000] {logging_mixin.py:149} INFO - [2023-10-28T08:38:27.887+0000] {dag.py:2726} INFO - Sync 1 DAGs
[2023-10-28T08:38:27.963+0000] {logging_mixin.py:149} INFO - [2023-10-28T08:38:27.963+0000] {dag.py:3486} INFO - Setting next_dagrun for example_sensor_decorator to None, run_after=None
[2023-10-28T08:38:28.049+0000] {processor.py:178} INFO - Processing /usr/local/lib/python3.10/dist-packages/airflow/example_dags/example_sensor_decorator.py took 0.266 seconds
[2023-10-28T08:38:58.624+0000] {processor.py:156} INFO - Started process (PID=1521007) to work on /usr/local/lib/python3.10/dist-packages/airflow/example_dags/example_sensor_decorator.py
[2023-10-28T08:38:58.648+0000] {processor.py:799} INFO - Processing file /usr/local/lib/python3.10/dist-packages/airflow/example_dags/example_sensor_decorator.py for tasks to queue
[2023-10-28T08:38:58.650+0000] {logging_mixin.py:149} INFO - [2023-10-28T08:38:58.650+0000] {dagbag.py:541} INFO - Filling up the DagBag from /usr/local/lib/python3.10/dist-packages/airflow/example_dags/example_sensor_decorator.py
[2023-10-28T08:38:58.663+0000] {processor.py:809} INFO - DAG(s) dict_keys(['example_sensor_decorator']) retrieved from /usr/local/lib/python3.10/dist-packages/airflow/example_dags/example_sensor_decorator.py
[2023-10-28T08:38:58.746+0000] {logging_mixin.py:149} INFO - [2023-10-28T08:38:58.745+0000] {dag.py:2726} INFO - Sync 1 DAGs
[2023-10-28T08:38:58.830+0000] {logging_mixin.py:149} INFO - [2023-10-28T08:38:58.829+0000] {dag.py:3486} INFO - Setting next_dagrun for example_sensor_decorator to None, run_after=None
[2023-10-28T08:38:58.895+0000] {processor.py:178} INFO - Processing /usr/local/lib/python3.10/dist-packages/airflow/example_dags/example_sensor_decorator.py took 0.277 seconds
[2023-10-28T08:39:29.079+0000] {processor.py:156} INFO - Started process (PID=1521493) to work on /usr/local/lib/python3.10/dist-packages/airflow/example_dags/example_sensor_decorator.py
[2023-10-28T08:39:29.080+0000] {processor.py:799} INFO - Processing file /usr/local/lib/python3.10/dist-packages/airflow/example_dags/example_sensor_decorator.py for tasks to queue
[2023-10-28T08:39:29.082+0000] {logging_mixin.py:149} INFO - [2023-10-28T08:39:29.082+0000] {dagbag.py:541} INFO - Filling up the DagBag from /usr/local/lib/python3.10/dist-packages/airflow/example_dags/example_sensor_decorator.py
[2023-10-28T08:39:29.095+0000] {processor.py:809} INFO - DAG(s) dict_keys(['example_sensor_decorator']) retrieved from /usr/local/lib/python3.10/dist-packages/airflow/example_dags/example_sensor_decorator.py
[2023-10-28T08:39:29.178+0000] {logging_mixin.py:149} INFO - [2023-10-28T08:39:29.178+0000] {dag.py:2726} INFO - Sync 1 DAGs
[2023-10-28T08:39:29.249+0000] {logging_mixin.py:149} INFO - [2023-10-28T08:39:29.248+0000] {dag.py:3486} INFO - Setting next_dagrun for example_sensor_decorator to None, run_after=None
[2023-10-28T08:39:29.314+0000] {processor.py:178} INFO - Processing /usr/local/lib/python3.10/dist-packages/airflow/example_dags/example_sensor_decorator.py took 0.243 seconds
