[2023-10-28T07:58:01.894+0000] {processor.py:156} INFO - Started process (PID=1491733) to work on /usr/local/lib/python3.10/dist-packages/airflow/example_dags/example_branch_operator_decorator.py
[2023-10-28T07:58:01.896+0000] {processor.py:799} INFO - Processing file /usr/local/lib/python3.10/dist-packages/airflow/example_dags/example_branch_operator_decorator.py for tasks to queue
[2023-10-28T07:58:01.898+0000] {logging_mixin.py:149} INFO - [2023-10-28T07:58:01.898+0000] {dagbag.py:541} INFO - Filling up the DagBag from /usr/local/lib/python3.10/dist-packages/airflow/example_dags/example_branch_operator_decorator.py
[2023-10-28T07:58:01.923+0000] {processor.py:809} INFO - DAG(s) dict_keys(['example_branch_python_operator_decorator']) retrieved from /usr/local/lib/python3.10/dist-packages/airflow/example_dags/example_branch_operator_decorator.py
[2023-10-28T07:58:02.440+0000] {logging_mixin.py:149} INFO - [2023-10-28T07:58:02.440+0000] {manager.py:504} INFO - Created Permission View: can read on DAG:example_branch_python_operator_decorator
[2023-10-28T07:58:02.472+0000] {logging_mixin.py:149} INFO - [2023-10-28T07:58:02.471+0000] {manager.py:504} INFO - Created Permission View: can edit on DAG:example_branch_python_operator_decorator
[2023-10-28T07:58:02.494+0000] {logging_mixin.py:149} INFO - [2023-10-28T07:58:02.493+0000] {manager.py:504} INFO - Created Permission View: can delete on DAG:example_branch_python_operator_decorator
[2023-10-28T07:58:02.494+0000] {logging_mixin.py:149} INFO - [2023-10-28T07:58:02.494+0000] {dag.py:2726} INFO - Sync 1 DAGs
[2023-10-28T07:58:02.522+0000] {logging_mixin.py:149} INFO - [2023-10-28T07:58:02.522+0000] {dag.py:2747} INFO - Creating ORM DAG for example_branch_python_operator_decorator
[2023-10-28T07:58:02.551+0000] {logging_mixin.py:149} INFO - [2023-10-28T07:58:02.551+0000] {dag.py:3486} INFO - Setting next_dagrun for example_branch_python_operator_decorator to 2023-10-27T00:00:00+00:00, run_after=2023-10-28T00:00:00+00:00
[2023-10-28T07:58:02.647+0000] {processor.py:178} INFO - Processing /usr/local/lib/python3.10/dist-packages/airflow/example_dags/example_branch_operator_decorator.py took 0.759 seconds
[2023-10-28T07:59:16.746+0000] {processor.py:156} INFO - Started process (PID=1492329) to work on /usr/local/lib/python3.10/dist-packages/airflow/example_dags/example_branch_operator_decorator.py
[2023-10-28T07:59:16.780+0000] {processor.py:799} INFO - Processing file /usr/local/lib/python3.10/dist-packages/airflow/example_dags/example_branch_operator_decorator.py for tasks to queue
[2023-10-28T07:59:16.782+0000] {logging_mixin.py:149} INFO - [2023-10-28T07:59:16.782+0000] {dagbag.py:541} INFO - Filling up the DagBag from /usr/local/lib/python3.10/dist-packages/airflow/example_dags/example_branch_operator_decorator.py
[2023-10-28T07:59:16.811+0000] {processor.py:809} INFO - DAG(s) dict_keys(['example_branch_python_operator_decorator']) retrieved from /usr/local/lib/python3.10/dist-packages/airflow/example_dags/example_branch_operator_decorator.py
[2023-10-28T07:59:16.866+0000] {logging_mixin.py:149} INFO - [2023-10-28T07:59:16.866+0000] {dag.py:2726} INFO - Sync 1 DAGs
[2023-10-28T07:59:16.931+0000] {logging_mixin.py:149} INFO - [2023-10-28T07:59:16.930+0000] {dag.py:3486} INFO - Setting next_dagrun for example_branch_python_operator_decorator to 2023-10-27T00:00:00+00:00, run_after=2023-10-28T00:00:00+00:00
[2023-10-28T07:59:17.023+0000] {processor.py:178} INFO - Processing /usr/local/lib/python3.10/dist-packages/airflow/example_dags/example_branch_operator_decorator.py took 0.285 seconds
[2023-10-28T08:00:11.603+0000] {processor.py:156} INFO - Started process (PID=1492633) to work on /usr/local/lib/python3.10/dist-packages/airflow/example_dags/example_branch_operator_decorator.py
[2023-10-28T08:00:11.640+0000] {processor.py:799} INFO - Processing file /usr/local/lib/python3.10/dist-packages/airflow/example_dags/example_branch_operator_decorator.py for tasks to queue
[2023-10-28T08:00:11.642+0000] {logging_mixin.py:149} INFO - [2023-10-28T08:00:11.642+0000] {dagbag.py:541} INFO - Filling up the DagBag from /usr/local/lib/python3.10/dist-packages/airflow/example_dags/example_branch_operator_decorator.py
[2023-10-28T08:00:11.671+0000] {processor.py:809} INFO - DAG(s) dict_keys(['example_branch_python_operator_decorator']) retrieved from /usr/local/lib/python3.10/dist-packages/airflow/example_dags/example_branch_operator_decorator.py
[2023-10-28T08:00:11.729+0000] {logging_mixin.py:149} INFO - [2023-10-28T08:00:11.728+0000] {dag.py:2726} INFO - Sync 1 DAGs
[2023-10-28T08:00:11.794+0000] {logging_mixin.py:149} INFO - [2023-10-28T08:00:11.793+0000] {dag.py:3486} INFO - Setting next_dagrun for example_branch_python_operator_decorator to 2023-10-27T00:00:00+00:00, run_after=2023-10-28T00:00:00+00:00
[2023-10-28T08:00:11.887+0000] {processor.py:178} INFO - Processing /usr/local/lib/python3.10/dist-packages/airflow/example_dags/example_branch_operator_decorator.py took 0.292 seconds
[2023-10-28T08:15:31.730+0000] {processor.py:156} INFO - Started process (PID=1498157) to work on /usr/local/lib/python3.10/dist-packages/airflow/example_dags/example_branch_operator_decorator.py
[2023-10-28T08:15:31.765+0000] {processor.py:799} INFO - Processing file /usr/local/lib/python3.10/dist-packages/airflow/example_dags/example_branch_operator_decorator.py for tasks to queue
[2023-10-28T08:15:31.767+0000] {logging_mixin.py:149} INFO - [2023-10-28T08:15:31.766+0000] {dagbag.py:541} INFO - Filling up the DagBag from /usr/local/lib/python3.10/dist-packages/airflow/example_dags/example_branch_operator_decorator.py
[2023-10-28T08:15:31.793+0000] {processor.py:809} INFO - DAG(s) dict_keys(['example_branch_python_operator_decorator']) retrieved from /usr/local/lib/python3.10/dist-packages/airflow/example_dags/example_branch_operator_decorator.py
[2023-10-28T08:15:32.342+0000] {logging_mixin.py:149} INFO - [2023-10-28T08:15:32.341+0000] {manager.py:504} INFO - Created Permission View: can read on DAG:example_branch_python_operator_decorator
[2023-10-28T08:15:32.372+0000] {logging_mixin.py:149} INFO - [2023-10-28T08:15:32.372+0000] {manager.py:504} INFO - Created Permission View: can delete on DAG:example_branch_python_operator_decorator
[2023-10-28T08:15:32.398+0000] {logging_mixin.py:149} INFO - [2023-10-28T08:15:32.398+0000] {manager.py:504} INFO - Created Permission View: can edit on DAG:example_branch_python_operator_decorator
[2023-10-28T08:15:32.399+0000] {logging_mixin.py:149} INFO - [2023-10-28T08:15:32.399+0000] {dag.py:2726} INFO - Sync 1 DAGs
[2023-10-28T08:15:32.439+0000] {logging_mixin.py:149} INFO - [2023-10-28T08:15:32.439+0000] {dag.py:2747} INFO - Creating ORM DAG for example_branch_python_operator_decorator
[2023-10-28T08:15:32.481+0000] {logging_mixin.py:149} INFO - [2023-10-28T08:15:32.481+0000] {dag.py:3486} INFO - Setting next_dagrun for example_branch_python_operator_decorator to 2023-10-27T00:00:00+00:00, run_after=2023-10-28T00:00:00+00:00
[2023-10-28T08:15:32.549+0000] {processor.py:178} INFO - Processing /usr/local/lib/python3.10/dist-packages/airflow/example_dags/example_branch_operator_decorator.py took 0.826 seconds
[2023-10-28T08:16:02.969+0000] {processor.py:156} INFO - Started process (PID=1498927) to work on /usr/local/lib/python3.10/dist-packages/airflow/example_dags/example_branch_operator_decorator.py
[2023-10-28T08:16:03.010+0000] {processor.py:799} INFO - Processing file /usr/local/lib/python3.10/dist-packages/airflow/example_dags/example_branch_operator_decorator.py for tasks to queue
[2023-10-28T08:16:03.012+0000] {logging_mixin.py:149} INFO - [2023-10-28T08:16:03.011+0000] {dagbag.py:541} INFO - Filling up the DagBag from /usr/local/lib/python3.10/dist-packages/airflow/example_dags/example_branch_operator_decorator.py
[2023-10-28T08:16:03.039+0000] {processor.py:809} INFO - DAG(s) dict_keys(['example_branch_python_operator_decorator']) retrieved from /usr/local/lib/python3.10/dist-packages/airflow/example_dags/example_branch_operator_decorator.py
[2023-10-28T08:16:03.122+0000] {logging_mixin.py:149} INFO - [2023-10-28T08:16:03.122+0000] {dag.py:2726} INFO - Sync 1 DAGs
[2023-10-28T08:16:03.201+0000] {logging_mixin.py:149} INFO - [2023-10-28T08:16:03.201+0000] {dag.py:3486} INFO - Setting next_dagrun for example_branch_python_operator_decorator to 2023-10-27T00:00:00+00:00, run_after=2023-10-28T00:00:00+00:00
[2023-10-28T08:16:03.265+0000] {processor.py:178} INFO - Processing /usr/local/lib/python3.10/dist-packages/airflow/example_dags/example_branch_operator_decorator.py took 0.304 seconds
[2023-10-28T08:16:33.353+0000] {processor.py:156} INFO - Started process (PID=1500142) to work on /usr/local/lib/python3.10/dist-packages/airflow/example_dags/example_branch_operator_decorator.py
[2023-10-28T08:16:33.389+0000] {processor.py:799} INFO - Processing file /usr/local/lib/python3.10/dist-packages/airflow/example_dags/example_branch_operator_decorator.py for tasks to queue
[2023-10-28T08:16:33.393+0000] {logging_mixin.py:149} INFO - [2023-10-28T08:16:33.390+0000] {dagbag.py:541} INFO - Filling up the DagBag from /usr/local/lib/python3.10/dist-packages/airflow/example_dags/example_branch_operator_decorator.py
[2023-10-28T08:16:33.420+0000] {processor.py:809} INFO - DAG(s) dict_keys(['example_branch_python_operator_decorator']) retrieved from /usr/local/lib/python3.10/dist-packages/airflow/example_dags/example_branch_operator_decorator.py
[2023-10-28T08:16:33.509+0000] {logging_mixin.py:149} INFO - [2023-10-28T08:16:33.508+0000] {dag.py:2726} INFO - Sync 1 DAGs
[2023-10-28T08:16:33.588+0000] {logging_mixin.py:149} INFO - [2023-10-28T08:16:33.588+0000] {dag.py:3486} INFO - Setting next_dagrun for example_branch_python_operator_decorator to 2023-10-27T00:00:00+00:00, run_after=2023-10-28T00:00:00+00:00
[2023-10-28T08:16:33.694+0000] {processor.py:178} INFO - Processing /usr/local/lib/python3.10/dist-packages/airflow/example_dags/example_branch_operator_decorator.py took 0.348 seconds
[2023-10-28T08:17:04.017+0000] {processor.py:156} INFO - Started process (PID=1500841) to work on /usr/local/lib/python3.10/dist-packages/airflow/example_dags/example_branch_operator_decorator.py
[2023-10-28T08:17:04.019+0000] {processor.py:799} INFO - Processing file /usr/local/lib/python3.10/dist-packages/airflow/example_dags/example_branch_operator_decorator.py for tasks to queue
[2023-10-28T08:17:04.021+0000] {logging_mixin.py:149} INFO - [2023-10-28T08:17:04.020+0000] {dagbag.py:541} INFO - Filling up the DagBag from /usr/local/lib/python3.10/dist-packages/airflow/example_dags/example_branch_operator_decorator.py
[2023-10-28T08:17:04.046+0000] {processor.py:809} INFO - DAG(s) dict_keys(['example_branch_python_operator_decorator']) retrieved from /usr/local/lib/python3.10/dist-packages/airflow/example_dags/example_branch_operator_decorator.py
[2023-10-28T08:17:04.131+0000] {logging_mixin.py:149} INFO - [2023-10-28T08:17:04.130+0000] {dag.py:2726} INFO - Sync 1 DAGs
[2023-10-28T08:17:04.211+0000] {logging_mixin.py:149} INFO - [2023-10-28T08:17:04.210+0000] {dag.py:3486} INFO - Setting next_dagrun for example_branch_python_operator_decorator to 2023-10-27T00:00:00+00:00, run_after=2023-10-28T00:00:00+00:00
[2023-10-28T08:17:04.302+0000] {processor.py:178} INFO - Processing /usr/local/lib/python3.10/dist-packages/airflow/example_dags/example_branch_operator_decorator.py took 0.293 seconds
[2023-10-28T08:17:34.689+0000] {processor.py:156} INFO - Started process (PID=1501239) to work on /usr/local/lib/python3.10/dist-packages/airflow/example_dags/example_branch_operator_decorator.py
[2023-10-28T08:17:34.727+0000] {processor.py:799} INFO - Processing file /usr/local/lib/python3.10/dist-packages/airflow/example_dags/example_branch_operator_decorator.py for tasks to queue
[2023-10-28T08:17:34.729+0000] {logging_mixin.py:149} INFO - [2023-10-28T08:17:34.728+0000] {dagbag.py:541} INFO - Filling up the DagBag from /usr/local/lib/python3.10/dist-packages/airflow/example_dags/example_branch_operator_decorator.py
[2023-10-28T08:17:34.757+0000] {processor.py:809} INFO - DAG(s) dict_keys(['example_branch_python_operator_decorator']) retrieved from /usr/local/lib/python3.10/dist-packages/airflow/example_dags/example_branch_operator_decorator.py
[2023-10-28T08:17:34.843+0000] {logging_mixin.py:149} INFO - [2023-10-28T08:17:34.843+0000] {dag.py:2726} INFO - Sync 1 DAGs
[2023-10-28T08:17:34.921+0000] {logging_mixin.py:149} INFO - [2023-10-28T08:17:34.920+0000] {dag.py:3486} INFO - Setting next_dagrun for example_branch_python_operator_decorator to 2023-10-27T00:00:00+00:00, run_after=2023-10-28T00:00:00+00:00
[2023-10-28T08:17:35.024+0000] {processor.py:178} INFO - Processing /usr/local/lib/python3.10/dist-packages/airflow/example_dags/example_branch_operator_decorator.py took 0.342 seconds
[2023-10-28T08:18:05.296+0000] {processor.py:156} INFO - Started process (PID=1501623) to work on /usr/local/lib/python3.10/dist-packages/airflow/example_dags/example_branch_operator_decorator.py
[2023-10-28T08:18:05.333+0000] {processor.py:799} INFO - Processing file /usr/local/lib/python3.10/dist-packages/airflow/example_dags/example_branch_operator_decorator.py for tasks to queue
[2023-10-28T08:18:05.335+0000] {logging_mixin.py:149} INFO - [2023-10-28T08:18:05.334+0000] {dagbag.py:541} INFO - Filling up the DagBag from /usr/local/lib/python3.10/dist-packages/airflow/example_dags/example_branch_operator_decorator.py
[2023-10-28T08:18:05.363+0000] {processor.py:809} INFO - DAG(s) dict_keys(['example_branch_python_operator_decorator']) retrieved from /usr/local/lib/python3.10/dist-packages/airflow/example_dags/example_branch_operator_decorator.py
[2023-10-28T08:18:05.461+0000] {logging_mixin.py:149} INFO - [2023-10-28T08:18:05.460+0000] {dag.py:2726} INFO - Sync 1 DAGs
[2023-10-28T08:18:05.540+0000] {logging_mixin.py:149} INFO - [2023-10-28T08:18:05.539+0000] {dag.py:3486} INFO - Setting next_dagrun for example_branch_python_operator_decorator to 2023-10-27T00:00:00+00:00, run_after=2023-10-28T00:00:00+00:00
[2023-10-28T08:18:05.645+0000] {processor.py:178} INFO - Processing /usr/local/lib/python3.10/dist-packages/airflow/example_dags/example_branch_operator_decorator.py took 0.357 seconds
[2023-10-28T08:18:35.703+0000] {processor.py:156} INFO - Started process (PID=1501975) to work on /usr/local/lib/python3.10/dist-packages/airflow/example_dags/example_branch_operator_decorator.py
[2023-10-28T08:18:35.737+0000] {processor.py:799} INFO - Processing file /usr/local/lib/python3.10/dist-packages/airflow/example_dags/example_branch_operator_decorator.py for tasks to queue
[2023-10-28T08:18:35.739+0000] {logging_mixin.py:149} INFO - [2023-10-28T08:18:35.738+0000] {dagbag.py:541} INFO - Filling up the DagBag from /usr/local/lib/python3.10/dist-packages/airflow/example_dags/example_branch_operator_decorator.py
[2023-10-28T08:18:35.765+0000] {processor.py:809} INFO - DAG(s) dict_keys(['example_branch_python_operator_decorator']) retrieved from /usr/local/lib/python3.10/dist-packages/airflow/example_dags/example_branch_operator_decorator.py
[2023-10-28T08:18:35.857+0000] {logging_mixin.py:149} INFO - [2023-10-28T08:18:35.857+0000] {dag.py:2726} INFO - Sync 1 DAGs
[2023-10-28T08:18:35.935+0000] {logging_mixin.py:149} INFO - [2023-10-28T08:18:35.934+0000] {dag.py:3486} INFO - Setting next_dagrun for example_branch_python_operator_decorator to 2023-10-27T00:00:00+00:00, run_after=2023-10-28T00:00:00+00:00
[2023-10-28T08:18:36.039+0000] {processor.py:178} INFO - Processing /usr/local/lib/python3.10/dist-packages/airflow/example_dags/example_branch_operator_decorator.py took 0.344 seconds
[2023-10-28T08:19:06.387+0000] {processor.py:156} INFO - Started process (PID=1502355) to work on /usr/local/lib/python3.10/dist-packages/airflow/example_dags/example_branch_operator_decorator.py
[2023-10-28T08:19:06.429+0000] {processor.py:799} INFO - Processing file /usr/local/lib/python3.10/dist-packages/airflow/example_dags/example_branch_operator_decorator.py for tasks to queue
[2023-10-28T08:19:06.431+0000] {logging_mixin.py:149} INFO - [2023-10-28T08:19:06.430+0000] {dagbag.py:541} INFO - Filling up the DagBag from /usr/local/lib/python3.10/dist-packages/airflow/example_dags/example_branch_operator_decorator.py
[2023-10-28T08:19:06.458+0000] {processor.py:809} INFO - DAG(s) dict_keys(['example_branch_python_operator_decorator']) retrieved from /usr/local/lib/python3.10/dist-packages/airflow/example_dags/example_branch_operator_decorator.py
[2023-10-28T08:19:06.544+0000] {logging_mixin.py:149} INFO - [2023-10-28T08:19:06.544+0000] {dag.py:2726} INFO - Sync 1 DAGs
[2023-10-28T08:19:06.626+0000] {logging_mixin.py:149} INFO - [2023-10-28T08:19:06.625+0000] {dag.py:3486} INFO - Setting next_dagrun for example_branch_python_operator_decorator to 2023-10-27T00:00:00+00:00, run_after=2023-10-28T00:00:00+00:00
[2023-10-28T08:19:06.734+0000] {processor.py:178} INFO - Processing /usr/local/lib/python3.10/dist-packages/airflow/example_dags/example_branch_operator_decorator.py took 0.354 seconds
[2023-10-28T08:19:37.321+0000] {processor.py:156} INFO - Started process (PID=1502725) to work on /usr/local/lib/python3.10/dist-packages/airflow/example_dags/example_branch_operator_decorator.py
[2023-10-28T08:19:37.358+0000] {processor.py:799} INFO - Processing file /usr/local/lib/python3.10/dist-packages/airflow/example_dags/example_branch_operator_decorator.py for tasks to queue
[2023-10-28T08:19:37.360+0000] {logging_mixin.py:149} INFO - [2023-10-28T08:19:37.359+0000] {dagbag.py:541} INFO - Filling up the DagBag from /usr/local/lib/python3.10/dist-packages/airflow/example_dags/example_branch_operator_decorator.py
[2023-10-28T08:19:37.387+0000] {processor.py:809} INFO - DAG(s) dict_keys(['example_branch_python_operator_decorator']) retrieved from /usr/local/lib/python3.10/dist-packages/airflow/example_dags/example_branch_operator_decorator.py
[2023-10-28T08:19:37.477+0000] {logging_mixin.py:149} INFO - [2023-10-28T08:19:37.476+0000] {dag.py:2726} INFO - Sync 1 DAGs
[2023-10-28T08:19:37.557+0000] {logging_mixin.py:149} INFO - [2023-10-28T08:19:37.557+0000] {dag.py:3486} INFO - Setting next_dagrun for example_branch_python_operator_decorator to 2023-10-27T00:00:00+00:00, run_after=2023-10-28T00:00:00+00:00
[2023-10-28T08:19:37.663+0000] {processor.py:178} INFO - Processing /usr/local/lib/python3.10/dist-packages/airflow/example_dags/example_branch_operator_decorator.py took 0.350 seconds
[2023-10-28T08:20:08.221+0000] {processor.py:156} INFO - Started process (PID=1503108) to work on /usr/local/lib/python3.10/dist-packages/airflow/example_dags/example_branch_operator_decorator.py
[2023-10-28T08:20:08.261+0000] {processor.py:799} INFO - Processing file /usr/local/lib/python3.10/dist-packages/airflow/example_dags/example_branch_operator_decorator.py for tasks to queue
[2023-10-28T08:20:08.263+0000] {logging_mixin.py:149} INFO - [2023-10-28T08:20:08.263+0000] {dagbag.py:541} INFO - Filling up the DagBag from /usr/local/lib/python3.10/dist-packages/airflow/example_dags/example_branch_operator_decorator.py
[2023-10-28T08:20:08.291+0000] {processor.py:809} INFO - DAG(s) dict_keys(['example_branch_python_operator_decorator']) retrieved from /usr/local/lib/python3.10/dist-packages/airflow/example_dags/example_branch_operator_decorator.py
[2023-10-28T08:20:08.384+0000] {logging_mixin.py:149} INFO - [2023-10-28T08:20:08.383+0000] {dag.py:2726} INFO - Sync 1 DAGs
[2023-10-28T08:20:08.463+0000] {logging_mixin.py:149} INFO - [2023-10-28T08:20:08.462+0000] {dag.py:3486} INFO - Setting next_dagrun for example_branch_python_operator_decorator to 2023-10-27T00:00:00+00:00, run_after=2023-10-28T00:00:00+00:00
[2023-10-28T08:20:08.566+0000] {processor.py:178} INFO - Processing /usr/local/lib/python3.10/dist-packages/airflow/example_dags/example_branch_operator_decorator.py took 0.353 seconds
[2023-10-28T08:20:39.009+0000] {processor.py:156} INFO - Started process (PID=1503595) to work on /usr/local/lib/python3.10/dist-packages/airflow/example_dags/example_branch_operator_decorator.py
[2023-10-28T08:20:39.045+0000] {processor.py:799} INFO - Processing file /usr/local/lib/python3.10/dist-packages/airflow/example_dags/example_branch_operator_decorator.py for tasks to queue
[2023-10-28T08:20:39.047+0000] {logging_mixin.py:149} INFO - [2023-10-28T08:20:39.047+0000] {dagbag.py:541} INFO - Filling up the DagBag from /usr/local/lib/python3.10/dist-packages/airflow/example_dags/example_branch_operator_decorator.py
[2023-10-28T08:20:39.074+0000] {processor.py:809} INFO - DAG(s) dict_keys(['example_branch_python_operator_decorator']) retrieved from /usr/local/lib/python3.10/dist-packages/airflow/example_dags/example_branch_operator_decorator.py
[2023-10-28T08:20:39.162+0000] {logging_mixin.py:149} INFO - [2023-10-28T08:20:39.161+0000] {dag.py:2726} INFO - Sync 1 DAGs
[2023-10-28T08:20:39.239+0000] {logging_mixin.py:149} INFO - [2023-10-28T08:20:39.239+0000] {dag.py:3486} INFO - Setting next_dagrun for example_branch_python_operator_decorator to 2023-10-27T00:00:00+00:00, run_after=2023-10-28T00:00:00+00:00
[2023-10-28T08:20:39.356+0000] {processor.py:178} INFO - Processing /usr/local/lib/python3.10/dist-packages/airflow/example_dags/example_branch_operator_decorator.py took 0.355 seconds
[2023-10-28T08:21:09.503+0000] {processor.py:156} INFO - Started process (PID=1504052) to work on /usr/local/lib/python3.10/dist-packages/airflow/example_dags/example_branch_operator_decorator.py
[2023-10-28T08:21:09.506+0000] {processor.py:799} INFO - Processing file /usr/local/lib/python3.10/dist-packages/airflow/example_dags/example_branch_operator_decorator.py for tasks to queue
[2023-10-28T08:21:09.507+0000] {logging_mixin.py:149} INFO - [2023-10-28T08:21:09.507+0000] {dagbag.py:541} INFO - Filling up the DagBag from /usr/local/lib/python3.10/dist-packages/airflow/example_dags/example_branch_operator_decorator.py
[2023-10-28T08:21:09.533+0000] {processor.py:809} INFO - DAG(s) dict_keys(['example_branch_python_operator_decorator']) retrieved from /usr/local/lib/python3.10/dist-packages/airflow/example_dags/example_branch_operator_decorator.py
[2023-10-28T08:21:09.623+0000] {logging_mixin.py:149} INFO - [2023-10-28T08:21:09.623+0000] {dag.py:2726} INFO - Sync 1 DAGs
[2023-10-28T08:21:09.701+0000] {logging_mixin.py:149} INFO - [2023-10-28T08:21:09.701+0000] {dag.py:3486} INFO - Setting next_dagrun for example_branch_python_operator_decorator to 2023-10-27T00:00:00+00:00, run_after=2023-10-28T00:00:00+00:00
[2023-10-28T08:21:09.812+0000] {processor.py:178} INFO - Processing /usr/local/lib/python3.10/dist-packages/airflow/example_dags/example_branch_operator_decorator.py took 0.316 seconds
[2023-10-28T08:21:40.259+0000] {processor.py:156} INFO - Started process (PID=1504789) to work on /usr/local/lib/python3.10/dist-packages/airflow/example_dags/example_branch_operator_decorator.py
[2023-10-28T08:21:40.297+0000] {processor.py:799} INFO - Processing file /usr/local/lib/python3.10/dist-packages/airflow/example_dags/example_branch_operator_decorator.py for tasks to queue
[2023-10-28T08:21:40.299+0000] {logging_mixin.py:149} INFO - [2023-10-28T08:21:40.298+0000] {dagbag.py:541} INFO - Filling up the DagBag from /usr/local/lib/python3.10/dist-packages/airflow/example_dags/example_branch_operator_decorator.py
[2023-10-28T08:21:40.327+0000] {processor.py:809} INFO - DAG(s) dict_keys(['example_branch_python_operator_decorator']) retrieved from /usr/local/lib/python3.10/dist-packages/airflow/example_dags/example_branch_operator_decorator.py
[2023-10-28T08:21:40.425+0000] {logging_mixin.py:149} INFO - [2023-10-28T08:21:40.424+0000] {dag.py:2726} INFO - Sync 1 DAGs
[2023-10-28T08:21:40.504+0000] {logging_mixin.py:149} INFO - [2023-10-28T08:21:40.503+0000] {dag.py:3486} INFO - Setting next_dagrun for example_branch_python_operator_decorator to 2023-10-27T00:00:00+00:00, run_after=2023-10-28T00:00:00+00:00
[2023-10-28T08:21:40.612+0000] {processor.py:178} INFO - Processing /usr/local/lib/python3.10/dist-packages/airflow/example_dags/example_branch_operator_decorator.py took 0.362 seconds
[2023-10-28T08:22:11.057+0000] {processor.py:156} INFO - Started process (PID=1505505) to work on /usr/local/lib/python3.10/dist-packages/airflow/example_dags/example_branch_operator_decorator.py
[2023-10-28T08:22:11.097+0000] {processor.py:799} INFO - Processing file /usr/local/lib/python3.10/dist-packages/airflow/example_dags/example_branch_operator_decorator.py for tasks to queue
[2023-10-28T08:22:11.099+0000] {logging_mixin.py:149} INFO - [2023-10-28T08:22:11.098+0000] {dagbag.py:541} INFO - Filling up the DagBag from /usr/local/lib/python3.10/dist-packages/airflow/example_dags/example_branch_operator_decorator.py
[2023-10-28T08:22:11.123+0000] {processor.py:809} INFO - DAG(s) dict_keys(['example_branch_python_operator_decorator']) retrieved from /usr/local/lib/python3.10/dist-packages/airflow/example_dags/example_branch_operator_decorator.py
[2023-10-28T08:22:11.218+0000] {logging_mixin.py:149} INFO - [2023-10-28T08:22:11.217+0000] {dag.py:2726} INFO - Sync 1 DAGs
[2023-10-28T08:22:11.300+0000] {logging_mixin.py:149} INFO - [2023-10-28T08:22:11.300+0000] {dag.py:3486} INFO - Setting next_dagrun for example_branch_python_operator_decorator to 2023-10-27T00:00:00+00:00, run_after=2023-10-28T00:00:00+00:00
[2023-10-28T08:22:11.367+0000] {processor.py:178} INFO - Processing /usr/local/lib/python3.10/dist-packages/airflow/example_dags/example_branch_operator_decorator.py took 0.317 seconds
[2023-10-28T08:22:41.508+0000] {processor.py:156} INFO - Started process (PID=1506093) to work on /usr/local/lib/python3.10/dist-packages/airflow/example_dags/example_branch_operator_decorator.py
[2023-10-28T08:22:41.547+0000] {processor.py:799} INFO - Processing file /usr/local/lib/python3.10/dist-packages/airflow/example_dags/example_branch_operator_decorator.py for tasks to queue
[2023-10-28T08:22:41.549+0000] {logging_mixin.py:149} INFO - [2023-10-28T08:22:41.548+0000] {dagbag.py:541} INFO - Filling up the DagBag from /usr/local/lib/python3.10/dist-packages/airflow/example_dags/example_branch_operator_decorator.py
[2023-10-28T08:22:41.576+0000] {processor.py:809} INFO - DAG(s) dict_keys(['example_branch_python_operator_decorator']) retrieved from /usr/local/lib/python3.10/dist-packages/airflow/example_dags/example_branch_operator_decorator.py
[2023-10-28T08:22:41.675+0000] {logging_mixin.py:149} INFO - [2023-10-28T08:22:41.674+0000] {dag.py:2726} INFO - Sync 1 DAGs
[2023-10-28T08:22:41.755+0000] {logging_mixin.py:149} INFO - [2023-10-28T08:22:41.755+0000] {dag.py:3486} INFO - Setting next_dagrun for example_branch_python_operator_decorator to 2023-10-27T00:00:00+00:00, run_after=2023-10-28T00:00:00+00:00
[2023-10-28T08:22:41.854+0000] {processor.py:178} INFO - Processing /usr/local/lib/python3.10/dist-packages/airflow/example_dags/example_branch_operator_decorator.py took 0.353 seconds
[2023-10-28T08:23:12.294+0000] {processor.py:156} INFO - Started process (PID=1506498) to work on /usr/local/lib/python3.10/dist-packages/airflow/example_dags/example_branch_operator_decorator.py
[2023-10-28T08:23:12.296+0000] {processor.py:799} INFO - Processing file /usr/local/lib/python3.10/dist-packages/airflow/example_dags/example_branch_operator_decorator.py for tasks to queue
[2023-10-28T08:23:12.298+0000] {logging_mixin.py:149} INFO - [2023-10-28T08:23:12.298+0000] {dagbag.py:541} INFO - Filling up the DagBag from /usr/local/lib/python3.10/dist-packages/airflow/example_dags/example_branch_operator_decorator.py
[2023-10-28T08:23:12.324+0000] {processor.py:809} INFO - DAG(s) dict_keys(['example_branch_python_operator_decorator']) retrieved from /usr/local/lib/python3.10/dist-packages/airflow/example_dags/example_branch_operator_decorator.py
[2023-10-28T08:23:12.411+0000] {logging_mixin.py:149} INFO - [2023-10-28T08:23:12.410+0000] {dag.py:2726} INFO - Sync 1 DAGs
[2023-10-28T08:23:12.489+0000] {logging_mixin.py:149} INFO - [2023-10-28T08:23:12.488+0000] {dag.py:3486} INFO - Setting next_dagrun for example_branch_python_operator_decorator to 2023-10-27T00:00:00+00:00, run_after=2023-10-28T00:00:00+00:00
[2023-10-28T08:23:12.604+0000] {processor.py:178} INFO - Processing /usr/local/lib/python3.10/dist-packages/airflow/example_dags/example_branch_operator_decorator.py took 0.316 seconds
[2023-10-28T08:23:42.865+0000] {processor.py:156} INFO - Started process (PID=1507009) to work on /usr/local/lib/python3.10/dist-packages/airflow/example_dags/example_branch_operator_decorator.py
[2023-10-28T08:23:42.867+0000] {processor.py:799} INFO - Processing file /usr/local/lib/python3.10/dist-packages/airflow/example_dags/example_branch_operator_decorator.py for tasks to queue
[2023-10-28T08:23:42.869+0000] {logging_mixin.py:149} INFO - [2023-10-28T08:23:42.869+0000] {dagbag.py:541} INFO - Filling up the DagBag from /usr/local/lib/python3.10/dist-packages/airflow/example_dags/example_branch_operator_decorator.py
[2023-10-28T08:23:42.894+0000] {processor.py:809} INFO - DAG(s) dict_keys(['example_branch_python_operator_decorator']) retrieved from /usr/local/lib/python3.10/dist-packages/airflow/example_dags/example_branch_operator_decorator.py
[2023-10-28T08:23:42.983+0000] {logging_mixin.py:149} INFO - [2023-10-28T08:23:42.983+0000] {dag.py:2726} INFO - Sync 1 DAGs
[2023-10-28T08:23:43.062+0000] {logging_mixin.py:149} INFO - [2023-10-28T08:23:43.062+0000] {dag.py:3486} INFO - Setting next_dagrun for example_branch_python_operator_decorator to 2023-10-27T00:00:00+00:00, run_after=2023-10-28T00:00:00+00:00
[2023-10-28T08:23:43.162+0000] {processor.py:178} INFO - Processing /usr/local/lib/python3.10/dist-packages/airflow/example_dags/example_branch_operator_decorator.py took 0.305 seconds
[2023-10-28T08:24:13.772+0000] {processor.py:156} INFO - Started process (PID=1507587) to work on /usr/local/lib/python3.10/dist-packages/airflow/example_dags/example_branch_operator_decorator.py
[2023-10-28T08:24:13.822+0000] {processor.py:799} INFO - Processing file /usr/local/lib/python3.10/dist-packages/airflow/example_dags/example_branch_operator_decorator.py for tasks to queue
[2023-10-28T08:24:13.824+0000] {logging_mixin.py:149} INFO - [2023-10-28T08:24:13.824+0000] {dagbag.py:541} INFO - Filling up the DagBag from /usr/local/lib/python3.10/dist-packages/airflow/example_dags/example_branch_operator_decorator.py
[2023-10-28T08:24:13.848+0000] {processor.py:809} INFO - DAG(s) dict_keys(['example_branch_python_operator_decorator']) retrieved from /usr/local/lib/python3.10/dist-packages/airflow/example_dags/example_branch_operator_decorator.py
[2023-10-28T08:24:13.942+0000] {logging_mixin.py:149} INFO - [2023-10-28T08:24:13.941+0000] {dag.py:2726} INFO - Sync 1 DAGs
[2023-10-28T08:24:14.021+0000] {logging_mixin.py:149} INFO - [2023-10-28T08:24:14.020+0000] {dag.py:3486} INFO - Setting next_dagrun for example_branch_python_operator_decorator to 2023-10-27T00:00:00+00:00, run_after=2023-10-28T00:00:00+00:00
[2023-10-28T08:24:14.125+0000] {processor.py:178} INFO - Processing /usr/local/lib/python3.10/dist-packages/airflow/example_dags/example_branch_operator_decorator.py took 0.360 seconds
[2023-10-28T08:24:44.285+0000] {processor.py:156} INFO - Started process (PID=1508101) to work on /usr/local/lib/python3.10/dist-packages/airflow/example_dags/example_branch_operator_decorator.py
[2023-10-28T08:24:44.305+0000] {processor.py:799} INFO - Processing file /usr/local/lib/python3.10/dist-packages/airflow/example_dags/example_branch_operator_decorator.py for tasks to queue
[2023-10-28T08:24:44.307+0000] {logging_mixin.py:149} INFO - [2023-10-28T08:24:44.306+0000] {dagbag.py:541} INFO - Filling up the DagBag from /usr/local/lib/python3.10/dist-packages/airflow/example_dags/example_branch_operator_decorator.py
[2023-10-28T08:24:44.334+0000] {processor.py:809} INFO - DAG(s) dict_keys(['example_branch_python_operator_decorator']) retrieved from /usr/local/lib/python3.10/dist-packages/airflow/example_dags/example_branch_operator_decorator.py
[2023-10-28T08:24:44.429+0000] {logging_mixin.py:149} INFO - [2023-10-28T08:24:44.429+0000] {dag.py:2726} INFO - Sync 1 DAGs
[2023-10-28T08:24:44.507+0000] {logging_mixin.py:149} INFO - [2023-10-28T08:24:44.507+0000] {dag.py:3486} INFO - Setting next_dagrun for example_branch_python_operator_decorator to 2023-10-27T00:00:00+00:00, run_after=2023-10-28T00:00:00+00:00
[2023-10-28T08:24:44.601+0000] {processor.py:178} INFO - Processing /usr/local/lib/python3.10/dist-packages/airflow/example_dags/example_branch_operator_decorator.py took 0.324 seconds
[2023-10-28T08:25:14.859+0000] {processor.py:156} INFO - Started process (PID=1508636) to work on /usr/local/lib/python3.10/dist-packages/airflow/example_dags/example_branch_operator_decorator.py
[2023-10-28T08:25:14.862+0000] {processor.py:799} INFO - Processing file /usr/local/lib/python3.10/dist-packages/airflow/example_dags/example_branch_operator_decorator.py for tasks to queue
[2023-10-28T08:25:14.864+0000] {logging_mixin.py:149} INFO - [2023-10-28T08:25:14.864+0000] {dagbag.py:541} INFO - Filling up the DagBag from /usr/local/lib/python3.10/dist-packages/airflow/example_dags/example_branch_operator_decorator.py
[2023-10-28T08:25:14.889+0000] {processor.py:809} INFO - DAG(s) dict_keys(['example_branch_python_operator_decorator']) retrieved from /usr/local/lib/python3.10/dist-packages/airflow/example_dags/example_branch_operator_decorator.py
[2023-10-28T08:25:14.978+0000] {logging_mixin.py:149} INFO - [2023-10-28T08:25:14.978+0000] {dag.py:2726} INFO - Sync 1 DAGs
[2023-10-28T08:25:15.057+0000] {logging_mixin.py:149} INFO - [2023-10-28T08:25:15.057+0000] {dag.py:3486} INFO - Setting next_dagrun for example_branch_python_operator_decorator to 2023-10-27T00:00:00+00:00, run_after=2023-10-28T00:00:00+00:00
[2023-10-28T08:25:15.160+0000] {processor.py:178} INFO - Processing /usr/local/lib/python3.10/dist-packages/airflow/example_dags/example_branch_operator_decorator.py took 0.309 seconds
[2023-10-28T08:25:45.423+0000] {processor.py:156} INFO - Started process (PID=1509344) to work on /usr/local/lib/python3.10/dist-packages/airflow/example_dags/example_branch_operator_decorator.py
[2023-10-28T08:25:45.465+0000] {processor.py:799} INFO - Processing file /usr/local/lib/python3.10/dist-packages/airflow/example_dags/example_branch_operator_decorator.py for tasks to queue
[2023-10-28T08:25:45.468+0000] {logging_mixin.py:149} INFO - [2023-10-28T08:25:45.467+0000] {dagbag.py:541} INFO - Filling up the DagBag from /usr/local/lib/python3.10/dist-packages/airflow/example_dags/example_branch_operator_decorator.py
[2023-10-28T08:25:45.494+0000] {processor.py:809} INFO - DAG(s) dict_keys(['example_branch_python_operator_decorator']) retrieved from /usr/local/lib/python3.10/dist-packages/airflow/example_dags/example_branch_operator_decorator.py
[2023-10-28T08:25:45.597+0000] {logging_mixin.py:149} INFO - [2023-10-28T08:25:45.596+0000] {dag.py:2726} INFO - Sync 1 DAGs
[2023-10-28T08:25:45.681+0000] {logging_mixin.py:149} INFO - [2023-10-28T08:25:45.680+0000] {dag.py:3486} INFO - Setting next_dagrun for example_branch_python_operator_decorator to 2023-10-27T00:00:00+00:00, run_after=2023-10-28T00:00:00+00:00
[2023-10-28T08:25:45.786+0000] {processor.py:178} INFO - Processing /usr/local/lib/python3.10/dist-packages/airflow/example_dags/example_branch_operator_decorator.py took 0.371 seconds
[2023-10-28T08:26:16.001+0000] {processor.py:156} INFO - Started process (PID=1509724) to work on /usr/local/lib/python3.10/dist-packages/airflow/example_dags/example_branch_operator_decorator.py
[2023-10-28T08:26:16.037+0000] {processor.py:799} INFO - Processing file /usr/local/lib/python3.10/dist-packages/airflow/example_dags/example_branch_operator_decorator.py for tasks to queue
[2023-10-28T08:26:16.039+0000] {logging_mixin.py:149} INFO - [2023-10-28T08:26:16.038+0000] {dagbag.py:541} INFO - Filling up the DagBag from /usr/local/lib/python3.10/dist-packages/airflow/example_dags/example_branch_operator_decorator.py
[2023-10-28T08:26:16.064+0000] {processor.py:809} INFO - DAG(s) dict_keys(['example_branch_python_operator_decorator']) retrieved from /usr/local/lib/python3.10/dist-packages/airflow/example_dags/example_branch_operator_decorator.py
[2023-10-28T08:26:16.158+0000] {logging_mixin.py:149} INFO - [2023-10-28T08:26:16.157+0000] {dag.py:2726} INFO - Sync 1 DAGs
[2023-10-28T08:26:16.237+0000] {logging_mixin.py:149} INFO - [2023-10-28T08:26:16.236+0000] {dag.py:3486} INFO - Setting next_dagrun for example_branch_python_operator_decorator to 2023-10-27T00:00:00+00:00, run_after=2023-10-28T00:00:00+00:00
[2023-10-28T08:26:16.337+0000] {processor.py:178} INFO - Processing /usr/local/lib/python3.10/dist-packages/airflow/example_dags/example_branch_operator_decorator.py took 0.343 seconds
[2023-10-28T08:26:46.639+0000] {processor.py:156} INFO - Started process (PID=1510078) to work on /usr/local/lib/python3.10/dist-packages/airflow/example_dags/example_branch_operator_decorator.py
[2023-10-28T08:26:46.673+0000] {processor.py:799} INFO - Processing file /usr/local/lib/python3.10/dist-packages/airflow/example_dags/example_branch_operator_decorator.py for tasks to queue
[2023-10-28T08:26:46.675+0000] {logging_mixin.py:149} INFO - [2023-10-28T08:26:46.675+0000] {dagbag.py:541} INFO - Filling up the DagBag from /usr/local/lib/python3.10/dist-packages/airflow/example_dags/example_branch_operator_decorator.py
[2023-10-28T08:26:46.699+0000] {processor.py:809} INFO - DAG(s) dict_keys(['example_branch_python_operator_decorator']) retrieved from /usr/local/lib/python3.10/dist-packages/airflow/example_dags/example_branch_operator_decorator.py
[2023-10-28T08:26:46.783+0000] {logging_mixin.py:149} INFO - [2023-10-28T08:26:46.783+0000] {dag.py:2726} INFO - Sync 1 DAGs
[2023-10-28T08:26:46.866+0000] {logging_mixin.py:149} INFO - [2023-10-28T08:26:46.866+0000] {dag.py:3486} INFO - Setting next_dagrun for example_branch_python_operator_decorator to 2023-10-27T00:00:00+00:00, run_after=2023-10-28T00:00:00+00:00
[2023-10-28T08:26:46.963+0000] {processor.py:178} INFO - Processing /usr/local/lib/python3.10/dist-packages/airflow/example_dags/example_branch_operator_decorator.py took 0.331 seconds
[2023-10-28T08:27:17.389+0000] {processor.py:156} INFO - Started process (PID=1510669) to work on /usr/local/lib/python3.10/dist-packages/airflow/example_dags/example_branch_operator_decorator.py
[2023-10-28T08:27:17.402+0000] {processor.py:799} INFO - Processing file /usr/local/lib/python3.10/dist-packages/airflow/example_dags/example_branch_operator_decorator.py for tasks to queue
[2023-10-28T08:27:17.404+0000] {logging_mixin.py:149} INFO - [2023-10-28T08:27:17.403+0000] {dagbag.py:541} INFO - Filling up the DagBag from /usr/local/lib/python3.10/dist-packages/airflow/example_dags/example_branch_operator_decorator.py
[2023-10-28T08:27:17.430+0000] {processor.py:809} INFO - DAG(s) dict_keys(['example_branch_python_operator_decorator']) retrieved from /usr/local/lib/python3.10/dist-packages/airflow/example_dags/example_branch_operator_decorator.py
[2023-10-28T08:27:17.510+0000] {logging_mixin.py:149} INFO - [2023-10-28T08:27:17.510+0000] {dag.py:2726} INFO - Sync 1 DAGs
[2023-10-28T08:27:17.588+0000] {logging_mixin.py:149} INFO - [2023-10-28T08:27:17.587+0000] {dag.py:3486} INFO - Setting next_dagrun for example_branch_python_operator_decorator to 2023-10-27T00:00:00+00:00, run_after=2023-10-28T00:00:00+00:00
[2023-10-28T08:27:17.703+0000] {processor.py:178} INFO - Processing /usr/local/lib/python3.10/dist-packages/airflow/example_dags/example_branch_operator_decorator.py took 0.321 seconds
[2023-10-28T08:27:47.989+0000] {processor.py:156} INFO - Started process (PID=1511031) to work on /usr/local/lib/python3.10/dist-packages/airflow/example_dags/example_branch_operator_decorator.py
[2023-10-28T08:27:48.032+0000] {processor.py:799} INFO - Processing file /usr/local/lib/python3.10/dist-packages/airflow/example_dags/example_branch_operator_decorator.py for tasks to queue
[2023-10-28T08:27:48.035+0000] {logging_mixin.py:149} INFO - [2023-10-28T08:27:48.034+0000] {dagbag.py:541} INFO - Filling up the DagBag from /usr/local/lib/python3.10/dist-packages/airflow/example_dags/example_branch_operator_decorator.py
[2023-10-28T08:27:48.062+0000] {processor.py:809} INFO - DAG(s) dict_keys(['example_branch_python_operator_decorator']) retrieved from /usr/local/lib/python3.10/dist-packages/airflow/example_dags/example_branch_operator_decorator.py
[2023-10-28T08:27:48.163+0000] {logging_mixin.py:149} INFO - [2023-10-28T08:27:48.163+0000] {dag.py:2726} INFO - Sync 1 DAGs
[2023-10-28T08:27:48.248+0000] {logging_mixin.py:149} INFO - [2023-10-28T08:27:48.248+0000] {dag.py:3486} INFO - Setting next_dagrun for example_branch_python_operator_decorator to 2023-10-27T00:00:00+00:00, run_after=2023-10-28T00:00:00+00:00
[2023-10-28T08:27:48.353+0000] {processor.py:178} INFO - Processing /usr/local/lib/python3.10/dist-packages/airflow/example_dags/example_branch_operator_decorator.py took 0.371 seconds
[2023-10-28T08:28:18.579+0000] {processor.py:156} INFO - Started process (PID=1511415) to work on /usr/local/lib/python3.10/dist-packages/airflow/example_dags/example_branch_operator_decorator.py
[2023-10-28T08:28:18.616+0000] {processor.py:799} INFO - Processing file /usr/local/lib/python3.10/dist-packages/airflow/example_dags/example_branch_operator_decorator.py for tasks to queue
[2023-10-28T08:28:18.618+0000] {logging_mixin.py:149} INFO - [2023-10-28T08:28:18.618+0000] {dagbag.py:541} INFO - Filling up the DagBag from /usr/local/lib/python3.10/dist-packages/airflow/example_dags/example_branch_operator_decorator.py
[2023-10-28T08:28:18.648+0000] {processor.py:809} INFO - DAG(s) dict_keys(['example_branch_python_operator_decorator']) retrieved from /usr/local/lib/python3.10/dist-packages/airflow/example_dags/example_branch_operator_decorator.py
[2023-10-28T08:28:18.737+0000] {logging_mixin.py:149} INFO - [2023-10-28T08:28:18.737+0000] {dag.py:2726} INFO - Sync 1 DAGs
[2023-10-28T08:28:18.815+0000] {logging_mixin.py:149} INFO - [2023-10-28T08:28:18.815+0000] {dag.py:3486} INFO - Setting next_dagrun for example_branch_python_operator_decorator to 2023-10-27T00:00:00+00:00, run_after=2023-10-28T00:00:00+00:00
[2023-10-28T08:28:18.924+0000] {processor.py:178} INFO - Processing /usr/local/lib/python3.10/dist-packages/airflow/example_dags/example_branch_operator_decorator.py took 0.354 seconds
[2023-10-28T08:28:49.007+0000] {processor.py:156} INFO - Started process (PID=1511772) to work on /usr/local/lib/python3.10/dist-packages/airflow/example_dags/example_branch_operator_decorator.py
[2023-10-28T08:28:49.009+0000] {processor.py:799} INFO - Processing file /usr/local/lib/python3.10/dist-packages/airflow/example_dags/example_branch_operator_decorator.py for tasks to queue
[2023-10-28T08:28:49.011+0000] {logging_mixin.py:149} INFO - [2023-10-28T08:28:49.011+0000] {dagbag.py:541} INFO - Filling up the DagBag from /usr/local/lib/python3.10/dist-packages/airflow/example_dags/example_branch_operator_decorator.py
[2023-10-28T08:28:49.037+0000] {processor.py:809} INFO - DAG(s) dict_keys(['example_branch_python_operator_decorator']) retrieved from /usr/local/lib/python3.10/dist-packages/airflow/example_dags/example_branch_operator_decorator.py
[2023-10-28T08:28:49.127+0000] {logging_mixin.py:149} INFO - [2023-10-28T08:28:49.127+0000] {dag.py:2726} INFO - Sync 1 DAGs
[2023-10-28T08:28:49.206+0000] {logging_mixin.py:149} INFO - [2023-10-28T08:28:49.206+0000] {dag.py:3486} INFO - Setting next_dagrun for example_branch_python_operator_decorator to 2023-10-27T00:00:00+00:00, run_after=2023-10-28T00:00:00+00:00
[2023-10-28T08:28:49.317+0000] {processor.py:178} INFO - Processing /usr/local/lib/python3.10/dist-packages/airflow/example_dags/example_branch_operator_decorator.py took 0.318 seconds
[2023-10-28T08:29:19.674+0000] {processor.py:156} INFO - Started process (PID=1512168) to work on /usr/local/lib/python3.10/dist-packages/airflow/example_dags/example_branch_operator_decorator.py
[2023-10-28T08:29:19.714+0000] {processor.py:799} INFO - Processing file /usr/local/lib/python3.10/dist-packages/airflow/example_dags/example_branch_operator_decorator.py for tasks to queue
[2023-10-28T08:29:19.716+0000] {logging_mixin.py:149} INFO - [2023-10-28T08:29:19.715+0000] {dagbag.py:541} INFO - Filling up the DagBag from /usr/local/lib/python3.10/dist-packages/airflow/example_dags/example_branch_operator_decorator.py
[2023-10-28T08:29:19.740+0000] {processor.py:809} INFO - DAG(s) dict_keys(['example_branch_python_operator_decorator']) retrieved from /usr/local/lib/python3.10/dist-packages/airflow/example_dags/example_branch_operator_decorator.py
[2023-10-28T08:29:19.826+0000] {logging_mixin.py:149} INFO - [2023-10-28T08:29:19.826+0000] {dag.py:2726} INFO - Sync 1 DAGs
[2023-10-28T08:29:19.904+0000] {logging_mixin.py:149} INFO - [2023-10-28T08:29:19.904+0000] {dag.py:3486} INFO - Setting next_dagrun for example_branch_python_operator_decorator to 2023-10-27T00:00:00+00:00, run_after=2023-10-28T00:00:00+00:00
[2023-10-28T08:29:20.005+0000] {processor.py:178} INFO - Processing /usr/local/lib/python3.10/dist-packages/airflow/example_dags/example_branch_operator_decorator.py took 0.338 seconds
[2023-10-28T08:29:50.189+0000] {processor.py:156} INFO - Started process (PID=1512522) to work on /usr/local/lib/python3.10/dist-packages/airflow/example_dags/example_branch_operator_decorator.py
[2023-10-28T08:29:50.224+0000] {processor.py:799} INFO - Processing file /usr/local/lib/python3.10/dist-packages/airflow/example_dags/example_branch_operator_decorator.py for tasks to queue
[2023-10-28T08:29:50.226+0000] {logging_mixin.py:149} INFO - [2023-10-28T08:29:50.226+0000] {dagbag.py:541} INFO - Filling up the DagBag from /usr/local/lib/python3.10/dist-packages/airflow/example_dags/example_branch_operator_decorator.py
[2023-10-28T08:29:50.251+0000] {processor.py:809} INFO - DAG(s) dict_keys(['example_branch_python_operator_decorator']) retrieved from /usr/local/lib/python3.10/dist-packages/airflow/example_dags/example_branch_operator_decorator.py
[2023-10-28T08:29:50.341+0000] {logging_mixin.py:149} INFO - [2023-10-28T08:29:50.341+0000] {dag.py:2726} INFO - Sync 1 DAGs
[2023-10-28T08:29:50.419+0000] {logging_mixin.py:149} INFO - [2023-10-28T08:29:50.418+0000] {dag.py:3486} INFO - Setting next_dagrun for example_branch_python_operator_decorator to 2023-10-27T00:00:00+00:00, run_after=2023-10-28T00:00:00+00:00
[2023-10-28T08:29:50.524+0000] {processor.py:178} INFO - Processing /usr/local/lib/python3.10/dist-packages/airflow/example_dags/example_branch_operator_decorator.py took 0.342 seconds
[2023-10-28T08:30:21.124+0000] {processor.py:156} INFO - Started process (PID=1513071) to work on /usr/local/lib/python3.10/dist-packages/airflow/example_dags/example_branch_operator_decorator.py
[2023-10-28T08:30:21.161+0000] {processor.py:799} INFO - Processing file /usr/local/lib/python3.10/dist-packages/airflow/example_dags/example_branch_operator_decorator.py for tasks to queue
[2023-10-28T08:30:21.163+0000] {logging_mixin.py:149} INFO - [2023-10-28T08:30:21.162+0000] {dagbag.py:541} INFO - Filling up the DagBag from /usr/local/lib/python3.10/dist-packages/airflow/example_dags/example_branch_operator_decorator.py
[2023-10-28T08:30:21.189+0000] {processor.py:809} INFO - DAG(s) dict_keys(['example_branch_python_operator_decorator']) retrieved from /usr/local/lib/python3.10/dist-packages/airflow/example_dags/example_branch_operator_decorator.py
[2023-10-28T08:30:21.288+0000] {logging_mixin.py:149} INFO - [2023-10-28T08:30:21.288+0000] {dag.py:2726} INFO - Sync 1 DAGs
[2023-10-28T08:30:21.368+0000] {logging_mixin.py:149} INFO - [2023-10-28T08:30:21.368+0000] {dag.py:3486} INFO - Setting next_dagrun for example_branch_python_operator_decorator to 2023-10-27T00:00:00+00:00, run_after=2023-10-28T00:00:00+00:00
[2023-10-28T08:30:21.467+0000] {processor.py:178} INFO - Processing /usr/local/lib/python3.10/dist-packages/airflow/example_dags/example_branch_operator_decorator.py took 0.350 seconds
[2023-10-28T08:30:51.745+0000] {processor.py:156} INFO - Started process (PID=1513519) to work on /usr/local/lib/python3.10/dist-packages/airflow/example_dags/example_branch_operator_decorator.py
[2023-10-28T08:30:51.780+0000] {processor.py:799} INFO - Processing file /usr/local/lib/python3.10/dist-packages/airflow/example_dags/example_branch_operator_decorator.py for tasks to queue
[2023-10-28T08:30:51.783+0000] {logging_mixin.py:149} INFO - [2023-10-28T08:30:51.782+0000] {dagbag.py:541} INFO - Filling up the DagBag from /usr/local/lib/python3.10/dist-packages/airflow/example_dags/example_branch_operator_decorator.py
[2023-10-28T08:30:51.810+0000] {processor.py:809} INFO - DAG(s) dict_keys(['example_branch_python_operator_decorator']) retrieved from /usr/local/lib/python3.10/dist-packages/airflow/example_dags/example_branch_operator_decorator.py
[2023-10-28T08:30:51.900+0000] {logging_mixin.py:149} INFO - [2023-10-28T08:30:51.899+0000] {dag.py:2726} INFO - Sync 1 DAGs
[2023-10-28T08:30:51.982+0000] {logging_mixin.py:149} INFO - [2023-10-28T08:30:51.982+0000] {dag.py:3486} INFO - Setting next_dagrun for example_branch_python_operator_decorator to 2023-10-27T00:00:00+00:00, run_after=2023-10-28T00:00:00+00:00
[2023-10-28T08:30:52.098+0000] {processor.py:178} INFO - Processing /usr/local/lib/python3.10/dist-packages/airflow/example_dags/example_branch_operator_decorator.py took 0.360 seconds
[2023-10-28T08:31:22.221+0000] {processor.py:156} INFO - Started process (PID=1514022) to work on /usr/local/lib/python3.10/dist-packages/airflow/example_dags/example_branch_operator_decorator.py
[2023-10-28T08:31:22.260+0000] {processor.py:799} INFO - Processing file /usr/local/lib/python3.10/dist-packages/airflow/example_dags/example_branch_operator_decorator.py for tasks to queue
[2023-10-28T08:31:22.262+0000] {logging_mixin.py:149} INFO - [2023-10-28T08:31:22.261+0000] {dagbag.py:541} INFO - Filling up the DagBag from /usr/local/lib/python3.10/dist-packages/airflow/example_dags/example_branch_operator_decorator.py
[2023-10-28T08:31:22.288+0000] {processor.py:809} INFO - DAG(s) dict_keys(['example_branch_python_operator_decorator']) retrieved from /usr/local/lib/python3.10/dist-packages/airflow/example_dags/example_branch_operator_decorator.py
[2023-10-28T08:31:22.387+0000] {logging_mixin.py:149} INFO - [2023-10-28T08:31:22.387+0000] {dag.py:2726} INFO - Sync 1 DAGs
[2023-10-28T08:31:22.468+0000] {logging_mixin.py:149} INFO - [2023-10-28T08:31:22.467+0000] {dag.py:3486} INFO - Setting next_dagrun for example_branch_python_operator_decorator to 2023-10-27T00:00:00+00:00, run_after=2023-10-28T00:00:00+00:00
[2023-10-28T08:31:22.575+0000] {processor.py:178} INFO - Processing /usr/local/lib/python3.10/dist-packages/airflow/example_dags/example_branch_operator_decorator.py took 0.361 seconds
[2023-10-28T08:31:52.677+0000] {processor.py:156} INFO - Started process (PID=1514662) to work on /usr/local/lib/python3.10/dist-packages/airflow/example_dags/example_branch_operator_decorator.py
[2023-10-28T08:31:52.679+0000] {processor.py:799} INFO - Processing file /usr/local/lib/python3.10/dist-packages/airflow/example_dags/example_branch_operator_decorator.py for tasks to queue
[2023-10-28T08:31:52.681+0000] {logging_mixin.py:149} INFO - [2023-10-28T08:31:52.681+0000] {dagbag.py:541} INFO - Filling up the DagBag from /usr/local/lib/python3.10/dist-packages/airflow/example_dags/example_branch_operator_decorator.py
[2023-10-28T08:31:52.709+0000] {processor.py:809} INFO - DAG(s) dict_keys(['example_branch_python_operator_decorator']) retrieved from /usr/local/lib/python3.10/dist-packages/airflow/example_dags/example_branch_operator_decorator.py
[2023-10-28T08:31:52.805+0000] {logging_mixin.py:149} INFO - [2023-10-28T08:31:52.805+0000] {dag.py:2726} INFO - Sync 1 DAGs
[2023-10-28T08:31:52.911+0000] {logging_mixin.py:149} INFO - [2023-10-28T08:31:52.911+0000] {dag.py:3486} INFO - Setting next_dagrun for example_branch_python_operator_decorator to 2023-10-27T00:00:00+00:00, run_after=2023-10-28T00:00:00+00:00
[2023-10-28T08:31:52.993+0000] {processor.py:178} INFO - Processing /usr/local/lib/python3.10/dist-packages/airflow/example_dags/example_branch_operator_decorator.py took 0.326 seconds
[2023-10-28T08:32:24.146+0000] {processor.py:156} INFO - Started process (PID=1515264) to work on /usr/local/lib/python3.10/dist-packages/airflow/example_dags/example_branch_operator_decorator.py
[2023-10-28T08:32:24.173+0000] {processor.py:799} INFO - Processing file /usr/local/lib/python3.10/dist-packages/airflow/example_dags/example_branch_operator_decorator.py for tasks to queue
[2023-10-28T08:32:24.175+0000] {logging_mixin.py:149} INFO - [2023-10-28T08:32:24.174+0000] {dagbag.py:541} INFO - Filling up the DagBag from /usr/local/lib/python3.10/dist-packages/airflow/example_dags/example_branch_operator_decorator.py
[2023-10-28T08:32:24.202+0000] {processor.py:809} INFO - DAG(s) dict_keys(['example_branch_python_operator_decorator']) retrieved from /usr/local/lib/python3.10/dist-packages/airflow/example_dags/example_branch_operator_decorator.py
[2023-10-28T08:32:24.303+0000] {logging_mixin.py:149} INFO - [2023-10-28T08:32:24.302+0000] {dag.py:2726} INFO - Sync 1 DAGs
[2023-10-28T08:32:24.383+0000] {logging_mixin.py:149} INFO - [2023-10-28T08:32:24.383+0000] {dag.py:3486} INFO - Setting next_dagrun for example_branch_python_operator_decorator to 2023-10-27T00:00:00+00:00, run_after=2023-10-28T00:00:00+00:00
[2023-10-28T08:32:24.494+0000] {processor.py:178} INFO - Processing /usr/local/lib/python3.10/dist-packages/airflow/example_dags/example_branch_operator_decorator.py took 0.355 seconds
[2023-10-28T08:32:54.650+0000] {processor.py:156} INFO - Started process (PID=1515884) to work on /usr/local/lib/python3.10/dist-packages/airflow/example_dags/example_branch_operator_decorator.py
[2023-10-28T08:32:54.673+0000] {processor.py:799} INFO - Processing file /usr/local/lib/python3.10/dist-packages/airflow/example_dags/example_branch_operator_decorator.py for tasks to queue
[2023-10-28T08:32:54.674+0000] {logging_mixin.py:149} INFO - [2023-10-28T08:32:54.674+0000] {dagbag.py:541} INFO - Filling up the DagBag from /usr/local/lib/python3.10/dist-packages/airflow/example_dags/example_branch_operator_decorator.py
[2023-10-28T08:32:54.702+0000] {processor.py:809} INFO - DAG(s) dict_keys(['example_branch_python_operator_decorator']) retrieved from /usr/local/lib/python3.10/dist-packages/airflow/example_dags/example_branch_operator_decorator.py
[2023-10-28T08:32:54.788+0000] {logging_mixin.py:149} INFO - [2023-10-28T08:32:54.787+0000] {dag.py:2726} INFO - Sync 1 DAGs
[2023-10-28T08:32:54.868+0000] {logging_mixin.py:149} INFO - [2023-10-28T08:32:54.868+0000] {dag.py:3486} INFO - Setting next_dagrun for example_branch_python_operator_decorator to 2023-10-27T00:00:00+00:00, run_after=2023-10-28T00:00:00+00:00
[2023-10-28T08:32:54.930+0000] {processor.py:178} INFO - Processing /usr/local/lib/python3.10/dist-packages/airflow/example_dags/example_branch_operator_decorator.py took 0.286 seconds
[2023-10-28T08:33:25.513+0000] {processor.py:156} INFO - Started process (PID=1516271) to work on /usr/local/lib/python3.10/dist-packages/airflow/example_dags/example_branch_operator_decorator.py
[2023-10-28T08:33:25.514+0000] {processor.py:799} INFO - Processing file /usr/local/lib/python3.10/dist-packages/airflow/example_dags/example_branch_operator_decorator.py for tasks to queue
[2023-10-28T08:33:25.517+0000] {logging_mixin.py:149} INFO - [2023-10-28T08:33:25.516+0000] {dagbag.py:541} INFO - Filling up the DagBag from /usr/local/lib/python3.10/dist-packages/airflow/example_dags/example_branch_operator_decorator.py
[2023-10-28T08:33:25.543+0000] {processor.py:809} INFO - DAG(s) dict_keys(['example_branch_python_operator_decorator']) retrieved from /usr/local/lib/python3.10/dist-packages/airflow/example_dags/example_branch_operator_decorator.py
[2023-10-28T08:33:25.637+0000] {logging_mixin.py:149} INFO - [2023-10-28T08:33:25.636+0000] {dag.py:2726} INFO - Sync 1 DAGs
[2023-10-28T08:33:25.715+0000] {logging_mixin.py:149} INFO - [2023-10-28T08:33:25.715+0000] {dag.py:3486} INFO - Setting next_dagrun for example_branch_python_operator_decorator to 2023-10-27T00:00:00+00:00, run_after=2023-10-28T00:00:00+00:00
[2023-10-28T08:33:25.785+0000] {processor.py:178} INFO - Processing /usr/local/lib/python3.10/dist-packages/airflow/example_dags/example_branch_operator_decorator.py took 0.280 seconds
[2023-10-28T08:33:56.026+0000] {processor.py:156} INFO - Started process (PID=1516627) to work on /usr/local/lib/python3.10/dist-packages/airflow/example_dags/example_branch_operator_decorator.py
[2023-10-28T08:33:56.027+0000] {processor.py:799} INFO - Processing file /usr/local/lib/python3.10/dist-packages/airflow/example_dags/example_branch_operator_decorator.py for tasks to queue
[2023-10-28T08:33:56.029+0000] {logging_mixin.py:149} INFO - [2023-10-28T08:33:56.029+0000] {dagbag.py:541} INFO - Filling up the DagBag from /usr/local/lib/python3.10/dist-packages/airflow/example_dags/example_branch_operator_decorator.py
[2023-10-28T08:33:56.054+0000] {processor.py:809} INFO - DAG(s) dict_keys(['example_branch_python_operator_decorator']) retrieved from /usr/local/lib/python3.10/dist-packages/airflow/example_dags/example_branch_operator_decorator.py
[2023-10-28T08:33:56.138+0000] {logging_mixin.py:149} INFO - [2023-10-28T08:33:56.137+0000] {dag.py:2726} INFO - Sync 1 DAGs
[2023-10-28T08:33:56.215+0000] {logging_mixin.py:149} INFO - [2023-10-28T08:33:56.215+0000] {dag.py:3486} INFO - Setting next_dagrun for example_branch_python_operator_decorator to 2023-10-27T00:00:00+00:00, run_after=2023-10-28T00:00:00+00:00
[2023-10-28T08:33:56.321+0000] {processor.py:178} INFO - Processing /usr/local/lib/python3.10/dist-packages/airflow/example_dags/example_branch_operator_decorator.py took 0.303 seconds
[2023-10-28T08:34:26.634+0000] {processor.py:156} INFO - Started process (PID=1517025) to work on /usr/local/lib/python3.10/dist-packages/airflow/example_dags/example_branch_operator_decorator.py
[2023-10-28T08:34:26.669+0000] {processor.py:799} INFO - Processing file /usr/local/lib/python3.10/dist-packages/airflow/example_dags/example_branch_operator_decorator.py for tasks to queue
[2023-10-28T08:34:26.671+0000] {logging_mixin.py:149} INFO - [2023-10-28T08:34:26.671+0000] {dagbag.py:541} INFO - Filling up the DagBag from /usr/local/lib/python3.10/dist-packages/airflow/example_dags/example_branch_operator_decorator.py
[2023-10-28T08:34:26.696+0000] {processor.py:809} INFO - DAG(s) dict_keys(['example_branch_python_operator_decorator']) retrieved from /usr/local/lib/python3.10/dist-packages/airflow/example_dags/example_branch_operator_decorator.py
[2023-10-28T08:34:26.781+0000] {logging_mixin.py:149} INFO - [2023-10-28T08:34:26.780+0000] {dag.py:2726} INFO - Sync 1 DAGs
[2023-10-28T08:34:26.860+0000] {logging_mixin.py:149} INFO - [2023-10-28T08:34:26.860+0000] {dag.py:3486} INFO - Setting next_dagrun for example_branch_python_operator_decorator to 2023-10-27T00:00:00+00:00, run_after=2023-10-28T00:00:00+00:00
[2023-10-28T08:34:26.959+0000] {processor.py:178} INFO - Processing /usr/local/lib/python3.10/dist-packages/airflow/example_dags/example_branch_operator_decorator.py took 0.333 seconds
[2023-10-28T08:34:57.111+0000] {processor.py:156} INFO - Started process (PID=1517381) to work on /usr/local/lib/python3.10/dist-packages/airflow/example_dags/example_branch_operator_decorator.py
[2023-10-28T08:34:57.133+0000] {processor.py:799} INFO - Processing file /usr/local/lib/python3.10/dist-packages/airflow/example_dags/example_branch_operator_decorator.py for tasks to queue
[2023-10-28T08:34:57.134+0000] {logging_mixin.py:149} INFO - [2023-10-28T08:34:57.134+0000] {dagbag.py:541} INFO - Filling up the DagBag from /usr/local/lib/python3.10/dist-packages/airflow/example_dags/example_branch_operator_decorator.py
[2023-10-28T08:34:57.158+0000] {processor.py:809} INFO - DAG(s) dict_keys(['example_branch_python_operator_decorator']) retrieved from /usr/local/lib/python3.10/dist-packages/airflow/example_dags/example_branch_operator_decorator.py
[2023-10-28T08:34:57.240+0000] {logging_mixin.py:149} INFO - [2023-10-28T08:34:57.240+0000] {dag.py:2726} INFO - Sync 1 DAGs
[2023-10-28T08:34:57.319+0000] {logging_mixin.py:149} INFO - [2023-10-28T08:34:57.319+0000] {dag.py:3486} INFO - Setting next_dagrun for example_branch_python_operator_decorator to 2023-10-27T00:00:00+00:00, run_after=2023-10-28T00:00:00+00:00
[2023-10-28T08:34:57.421+0000] {processor.py:178} INFO - Processing /usr/local/lib/python3.10/dist-packages/airflow/example_dags/example_branch_operator_decorator.py took 0.317 seconds
[2023-10-28T08:35:28.050+0000] {processor.py:156} INFO - Started process (PID=1517981) to work on /usr/local/lib/python3.10/dist-packages/airflow/example_dags/example_branch_operator_decorator.py
[2023-10-28T08:35:28.084+0000] {processor.py:799} INFO - Processing file /usr/local/lib/python3.10/dist-packages/airflow/example_dags/example_branch_operator_decorator.py for tasks to queue
[2023-10-28T08:35:28.086+0000] {logging_mixin.py:149} INFO - [2023-10-28T08:35:28.086+0000] {dagbag.py:541} INFO - Filling up the DagBag from /usr/local/lib/python3.10/dist-packages/airflow/example_dags/example_branch_operator_decorator.py
[2023-10-28T08:35:28.114+0000] {processor.py:809} INFO - DAG(s) dict_keys(['example_branch_python_operator_decorator']) retrieved from /usr/local/lib/python3.10/dist-packages/airflow/example_dags/example_branch_operator_decorator.py
[2023-10-28T08:35:28.201+0000] {logging_mixin.py:149} INFO - [2023-10-28T08:35:28.200+0000] {dag.py:2726} INFO - Sync 1 DAGs
[2023-10-28T08:35:28.279+0000] {logging_mixin.py:149} INFO - [2023-10-28T08:35:28.279+0000] {dag.py:3486} INFO - Setting next_dagrun for example_branch_python_operator_decorator to 2023-10-27T00:00:00+00:00, run_after=2023-10-28T00:00:00+00:00
[2023-10-28T08:35:28.380+0000] {processor.py:178} INFO - Processing /usr/local/lib/python3.10/dist-packages/airflow/example_dags/example_branch_operator_decorator.py took 0.338 seconds
[2023-10-28T08:35:58.696+0000] {processor.py:156} INFO - Started process (PID=1518392) to work on /usr/local/lib/python3.10/dist-packages/airflow/example_dags/example_branch_operator_decorator.py
[2023-10-28T08:35:58.698+0000] {processor.py:799} INFO - Processing file /usr/local/lib/python3.10/dist-packages/airflow/example_dags/example_branch_operator_decorator.py for tasks to queue
[2023-10-28T08:35:58.699+0000] {logging_mixin.py:149} INFO - [2023-10-28T08:35:58.699+0000] {dagbag.py:541} INFO - Filling up the DagBag from /usr/local/lib/python3.10/dist-packages/airflow/example_dags/example_branch_operator_decorator.py
[2023-10-28T08:35:58.725+0000] {processor.py:809} INFO - DAG(s) dict_keys(['example_branch_python_operator_decorator']) retrieved from /usr/local/lib/python3.10/dist-packages/airflow/example_dags/example_branch_operator_decorator.py
[2023-10-28T08:35:58.818+0000] {logging_mixin.py:149} INFO - [2023-10-28T08:35:58.817+0000] {dag.py:2726} INFO - Sync 1 DAGs
[2023-10-28T08:35:58.897+0000] {logging_mixin.py:149} INFO - [2023-10-28T08:35:58.896+0000] {dag.py:3486} INFO - Setting next_dagrun for example_branch_python_operator_decorator to 2023-10-27T00:00:00+00:00, run_after=2023-10-28T00:00:00+00:00
[2023-10-28T08:35:58.997+0000] {processor.py:178} INFO - Processing /usr/local/lib/python3.10/dist-packages/airflow/example_dags/example_branch_operator_decorator.py took 0.308 seconds
[2023-10-28T08:36:29.661+0000] {processor.py:156} INFO - Started process (PID=1518777) to work on /usr/local/lib/python3.10/dist-packages/airflow/example_dags/example_branch_operator_decorator.py
[2023-10-28T08:36:29.680+0000] {processor.py:799} INFO - Processing file /usr/local/lib/python3.10/dist-packages/airflow/example_dags/example_branch_operator_decorator.py for tasks to queue
[2023-10-28T08:36:29.682+0000] {logging_mixin.py:149} INFO - [2023-10-28T08:36:29.682+0000] {dagbag.py:541} INFO - Filling up the DagBag from /usr/local/lib/python3.10/dist-packages/airflow/example_dags/example_branch_operator_decorator.py
[2023-10-28T08:36:29.707+0000] {processor.py:809} INFO - DAG(s) dict_keys(['example_branch_python_operator_decorator']) retrieved from /usr/local/lib/python3.10/dist-packages/airflow/example_dags/example_branch_operator_decorator.py
[2023-10-28T08:36:29.794+0000] {logging_mixin.py:149} INFO - [2023-10-28T08:36:29.793+0000] {dag.py:2726} INFO - Sync 1 DAGs
[2023-10-28T08:36:29.881+0000] {logging_mixin.py:149} INFO - [2023-10-28T08:36:29.880+0000] {dag.py:3486} INFO - Setting next_dagrun for example_branch_python_operator_decorator to 2023-10-27T00:00:00+00:00, run_after=2023-10-28T00:00:00+00:00
[2023-10-28T08:36:29.946+0000] {processor.py:178} INFO - Processing /usr/local/lib/python3.10/dist-packages/airflow/example_dags/example_branch_operator_decorator.py took 0.293 seconds
[2023-10-28T08:37:00.744+0000] {processor.py:156} INFO - Started process (PID=1519254) to work on /usr/local/lib/python3.10/dist-packages/airflow/example_dags/example_branch_operator_decorator.py
[2023-10-28T08:37:00.746+0000] {processor.py:799} INFO - Processing file /usr/local/lib/python3.10/dist-packages/airflow/example_dags/example_branch_operator_decorator.py for tasks to queue
[2023-10-28T08:37:00.748+0000] {logging_mixin.py:149} INFO - [2023-10-28T08:37:00.747+0000] {dagbag.py:541} INFO - Filling up the DagBag from /usr/local/lib/python3.10/dist-packages/airflow/example_dags/example_branch_operator_decorator.py
[2023-10-28T08:37:00.777+0000] {processor.py:809} INFO - DAG(s) dict_keys(['example_branch_python_operator_decorator']) retrieved from /usr/local/lib/python3.10/dist-packages/airflow/example_dags/example_branch_operator_decorator.py
[2023-10-28T08:37:00.860+0000] {logging_mixin.py:149} INFO - [2023-10-28T08:37:00.859+0000] {dag.py:2726} INFO - Sync 1 DAGs
[2023-10-28T08:37:00.943+0000] {logging_mixin.py:149} INFO - [2023-10-28T08:37:00.943+0000] {dag.py:3486} INFO - Setting next_dagrun for example_branch_python_operator_decorator to 2023-10-27T00:00:00+00:00, run_after=2023-10-28T00:00:00+00:00
[2023-10-28T08:37:01.013+0000] {processor.py:178} INFO - Processing /usr/local/lib/python3.10/dist-packages/airflow/example_dags/example_branch_operator_decorator.py took 0.276 seconds
[2023-10-28T08:37:31.374+0000] {processor.py:156} INFO - Started process (PID=1519633) to work on /usr/local/lib/python3.10/dist-packages/airflow/example_dags/example_branch_operator_decorator.py
[2023-10-28T08:37:31.376+0000] {processor.py:799} INFO - Processing file /usr/local/lib/python3.10/dist-packages/airflow/example_dags/example_branch_operator_decorator.py for tasks to queue
[2023-10-28T08:37:31.378+0000] {logging_mixin.py:149} INFO - [2023-10-28T08:37:31.378+0000] {dagbag.py:541} INFO - Filling up the DagBag from /usr/local/lib/python3.10/dist-packages/airflow/example_dags/example_branch_operator_decorator.py
[2023-10-28T08:37:31.403+0000] {processor.py:809} INFO - DAG(s) dict_keys(['example_branch_python_operator_decorator']) retrieved from /usr/local/lib/python3.10/dist-packages/airflow/example_dags/example_branch_operator_decorator.py
[2023-10-28T08:37:31.489+0000] {logging_mixin.py:149} INFO - [2023-10-28T08:37:31.489+0000] {dag.py:2726} INFO - Sync 1 DAGs
[2023-10-28T08:37:31.574+0000] {logging_mixin.py:149} INFO - [2023-10-28T08:37:31.573+0000] {dag.py:3486} INFO - Setting next_dagrun for example_branch_python_operator_decorator to 2023-10-27T00:00:00+00:00, run_after=2023-10-28T00:00:00+00:00
[2023-10-28T08:37:31.660+0000] {processor.py:178} INFO - Processing /usr/local/lib/python3.10/dist-packages/airflow/example_dags/example_branch_operator_decorator.py took 0.293 seconds
[2023-10-28T08:38:02.240+0000] {processor.py:156} INFO - Started process (PID=1520070) to work on /usr/local/lib/python3.10/dist-packages/airflow/example_dags/example_branch_operator_decorator.py
[2023-10-28T08:38:02.242+0000] {processor.py:799} INFO - Processing file /usr/local/lib/python3.10/dist-packages/airflow/example_dags/example_branch_operator_decorator.py for tasks to queue
[2023-10-28T08:38:02.244+0000] {logging_mixin.py:149} INFO - [2023-10-28T08:38:02.243+0000] {dagbag.py:541} INFO - Filling up the DagBag from /usr/local/lib/python3.10/dist-packages/airflow/example_dags/example_branch_operator_decorator.py
[2023-10-28T08:38:02.270+0000] {processor.py:809} INFO - DAG(s) dict_keys(['example_branch_python_operator_decorator']) retrieved from /usr/local/lib/python3.10/dist-packages/airflow/example_dags/example_branch_operator_decorator.py
[2023-10-28T08:38:02.354+0000] {logging_mixin.py:149} INFO - [2023-10-28T08:38:02.353+0000] {dag.py:2726} INFO - Sync 1 DAGs
[2023-10-28T08:38:02.429+0000] {logging_mixin.py:149} INFO - [2023-10-28T08:38:02.429+0000] {dag.py:3486} INFO - Setting next_dagrun for example_branch_python_operator_decorator to 2023-10-27T00:00:00+00:00, run_after=2023-10-28T00:00:00+00:00
[2023-10-28T08:38:02.490+0000] {processor.py:178} INFO - Processing /usr/local/lib/python3.10/dist-packages/airflow/example_dags/example_branch_operator_decorator.py took 0.257 seconds
[2023-10-28T08:38:32.898+0000] {processor.py:156} INFO - Started process (PID=1520566) to work on /usr/local/lib/python3.10/dist-packages/airflow/example_dags/example_branch_operator_decorator.py
[2023-10-28T08:38:32.936+0000] {processor.py:799} INFO - Processing file /usr/local/lib/python3.10/dist-packages/airflow/example_dags/example_branch_operator_decorator.py for tasks to queue
[2023-10-28T08:38:32.938+0000] {logging_mixin.py:149} INFO - [2023-10-28T08:38:32.938+0000] {dagbag.py:541} INFO - Filling up the DagBag from /usr/local/lib/python3.10/dist-packages/airflow/example_dags/example_branch_operator_decorator.py
[2023-10-28T08:38:32.962+0000] {processor.py:809} INFO - DAG(s) dict_keys(['example_branch_python_operator_decorator']) retrieved from /usr/local/lib/python3.10/dist-packages/airflow/example_dags/example_branch_operator_decorator.py
[2023-10-28T08:38:33.043+0000] {logging_mixin.py:149} INFO - [2023-10-28T08:38:33.043+0000] {dag.py:2726} INFO - Sync 1 DAGs
[2023-10-28T08:38:33.123+0000] {logging_mixin.py:149} INFO - [2023-10-28T08:38:33.122+0000] {dag.py:3486} INFO - Setting next_dagrun for example_branch_python_operator_decorator to 2023-10-27T00:00:00+00:00, run_after=2023-10-28T00:00:00+00:00
[2023-10-28T08:38:33.225+0000] {processor.py:178} INFO - Processing /usr/local/lib/python3.10/dist-packages/airflow/example_dags/example_branch_operator_decorator.py took 0.334 seconds
[2023-10-28T08:39:03.696+0000] {processor.py:156} INFO - Started process (PID=1521149) to work on /usr/local/lib/python3.10/dist-packages/airflow/example_dags/example_branch_operator_decorator.py
[2023-10-28T08:39:03.698+0000] {processor.py:799} INFO - Processing file /usr/local/lib/python3.10/dist-packages/airflow/example_dags/example_branch_operator_decorator.py for tasks to queue
[2023-10-28T08:39:03.700+0000] {logging_mixin.py:149} INFO - [2023-10-28T08:39:03.700+0000] {dagbag.py:541} INFO - Filling up the DagBag from /usr/local/lib/python3.10/dist-packages/airflow/example_dags/example_branch_operator_decorator.py
[2023-10-28T08:39:03.730+0000] {processor.py:809} INFO - DAG(s) dict_keys(['example_branch_python_operator_decorator']) retrieved from /usr/local/lib/python3.10/dist-packages/airflow/example_dags/example_branch_operator_decorator.py
[2023-10-28T08:39:03.810+0000] {logging_mixin.py:149} INFO - [2023-10-28T08:39:03.810+0000] {dag.py:2726} INFO - Sync 1 DAGs
[2023-10-28T08:39:03.887+0000] {logging_mixin.py:149} INFO - [2023-10-28T08:39:03.887+0000] {dag.py:3486} INFO - Setting next_dagrun for example_branch_python_operator_decorator to 2023-10-27T00:00:00+00:00, run_after=2023-10-28T00:00:00+00:00
[2023-10-28T08:39:03.994+0000] {processor.py:178} INFO - Processing /usr/local/lib/python3.10/dist-packages/airflow/example_dags/example_branch_operator_decorator.py took 0.306 seconds
[2023-10-28T08:39:34.250+0000] {processor.py:156} INFO - Started process (PID=1521565) to work on /usr/local/lib/python3.10/dist-packages/airflow/example_dags/example_branch_operator_decorator.py
[2023-10-28T08:39:34.284+0000] {processor.py:799} INFO - Processing file /usr/local/lib/python3.10/dist-packages/airflow/example_dags/example_branch_operator_decorator.py for tasks to queue
[2023-10-28T08:39:34.286+0000] {logging_mixin.py:149} INFO - [2023-10-28T08:39:34.286+0000] {dagbag.py:541} INFO - Filling up the DagBag from /usr/local/lib/python3.10/dist-packages/airflow/example_dags/example_branch_operator_decorator.py
[2023-10-28T08:39:34.309+0000] {processor.py:809} INFO - DAG(s) dict_keys(['example_branch_python_operator_decorator']) retrieved from /usr/local/lib/python3.10/dist-packages/airflow/example_dags/example_branch_operator_decorator.py
[2023-10-28T08:39:34.389+0000] {logging_mixin.py:149} INFO - [2023-10-28T08:39:34.389+0000] {dag.py:2726} INFO - Sync 1 DAGs
[2023-10-28T08:39:34.467+0000] {logging_mixin.py:149} INFO - [2023-10-28T08:39:34.467+0000] {dag.py:3486} INFO - Setting next_dagrun for example_branch_python_operator_decorator to 2023-10-27T00:00:00+00:00, run_after=2023-10-28T00:00:00+00:00
[2023-10-28T08:39:34.581+0000] {processor.py:178} INFO - Processing /usr/local/lib/python3.10/dist-packages/airflow/example_dags/example_branch_operator_decorator.py took 0.338 seconds
