[2023-10-28T07:57:37.114+0000] {processor.py:156} INFO - Started process (PID=1491549) to work on /usr/local/lib/python3.10/dist-packages/airflow/example_dags/example_sensors.py
[2023-10-28T07:57:37.116+0000] {processor.py:799} INFO - Processing file /usr/local/lib/python3.10/dist-packages/airflow/example_dags/example_sensors.py for tasks to queue
[2023-10-28T07:57:37.118+0000] {logging_mixin.py:149} INFO - [2023-10-28T07:57:37.117+0000] {dagbag.py:541} INFO - Filling up the DagBag from /usr/local/lib/python3.10/dist-packages/airflow/example_dags/example_sensors.py
[2023-10-28T07:57:37.144+0000] {processor.py:809} INFO - DAG(s) dict_keys(['example_sensors']) retrieved from /usr/local/lib/python3.10/dist-packages/airflow/example_dags/example_sensors.py
[2023-10-28T07:57:37.666+0000] {logging_mixin.py:149} INFO - [2023-10-28T07:57:37.666+0000] {manager.py:504} INFO - Created Permission View: can read on DAG:example_sensors
[2023-10-28T07:57:37.694+0000] {logging_mixin.py:149} INFO - [2023-10-28T07:57:37.694+0000] {manager.py:504} INFO - Created Permission View: can edit on DAG:example_sensors
[2023-10-28T07:57:37.718+0000] {logging_mixin.py:149} INFO - [2023-10-28T07:57:37.717+0000] {manager.py:504} INFO - Created Permission View: can delete on DAG:example_sensors
[2023-10-28T07:57:37.718+0000] {logging_mixin.py:149} INFO - [2023-10-28T07:57:37.718+0000] {dag.py:2726} INFO - Sync 1 DAGs
[2023-10-28T07:57:37.751+0000] {logging_mixin.py:149} INFO - [2023-10-28T07:57:37.751+0000] {dag.py:2747} INFO - Creating ORM DAG for example_sensors
[2023-10-28T07:57:37.775+0000] {logging_mixin.py:149} INFO - [2023-10-28T07:57:37.774+0000] {dag.py:3486} INFO - Setting next_dagrun for example_sensors to None, run_after=None
[2023-10-28T07:57:37.868+0000] {processor.py:178} INFO - Processing /usr/local/lib/python3.10/dist-packages/airflow/example_dags/example_sensors.py took 0.761 seconds
[2023-10-28T07:58:46.518+0000] {processor.py:156} INFO - Started process (PID=1492076) to work on /usr/local/lib/python3.10/dist-packages/airflow/example_dags/example_sensors.py
[2023-10-28T07:58:46.554+0000] {processor.py:799} INFO - Processing file /usr/local/lib/python3.10/dist-packages/airflow/example_dags/example_sensors.py for tasks to queue
[2023-10-28T07:58:46.557+0000] {logging_mixin.py:149} INFO - [2023-10-28T07:58:46.556+0000] {dagbag.py:541} INFO - Filling up the DagBag from /usr/local/lib/python3.10/dist-packages/airflow/example_dags/example_sensors.py
[2023-10-28T07:58:46.585+0000] {processor.py:809} INFO - DAG(s) dict_keys(['example_sensors']) retrieved from /usr/local/lib/python3.10/dist-packages/airflow/example_dags/example_sensors.py
[2023-10-28T07:58:46.853+0000] {logging_mixin.py:149} INFO - [2023-10-28T07:58:46.852+0000] {dag.py:2726} INFO - Sync 1 DAGs
[2023-10-28T07:58:46.904+0000] {logging_mixin.py:149} INFO - [2023-10-28T07:58:46.903+0000] {dag.py:3486} INFO - Setting next_dagrun for example_sensors to None, run_after=None
[2023-10-28T07:58:46.995+0000] {processor.py:178} INFO - Processing /usr/local/lib/python3.10/dist-packages/airflow/example_dags/example_sensors.py took 0.483 seconds
[2023-10-28T07:59:47.902+0000] {processor.py:156} INFO - Started process (PID=1492466) to work on /usr/local/lib/python3.10/dist-packages/airflow/example_dags/example_sensors.py
[2023-10-28T07:59:47.938+0000] {processor.py:799} INFO - Processing file /usr/local/lib/python3.10/dist-packages/airflow/example_dags/example_sensors.py for tasks to queue
[2023-10-28T07:59:47.941+0000] {logging_mixin.py:149} INFO - [2023-10-28T07:59:47.940+0000] {dagbag.py:541} INFO - Filling up the DagBag from /usr/local/lib/python3.10/dist-packages/airflow/example_dags/example_sensors.py
[2023-10-28T07:59:47.969+0000] {processor.py:809} INFO - DAG(s) dict_keys(['example_sensors']) retrieved from /usr/local/lib/python3.10/dist-packages/airflow/example_dags/example_sensors.py
[2023-10-28T07:59:48.030+0000] {logging_mixin.py:149} INFO - [2023-10-28T07:59:48.030+0000] {dag.py:2726} INFO - Sync 1 DAGs
[2023-10-28T07:59:48.086+0000] {logging_mixin.py:149} INFO - [2023-10-28T07:59:48.086+0000] {dag.py:3486} INFO - Setting next_dagrun for example_sensors to None, run_after=None
[2023-10-28T07:59:48.183+0000] {processor.py:178} INFO - Processing /usr/local/lib/python3.10/dist-packages/airflow/example_dags/example_sensors.py took 0.289 seconds
[2023-10-28T08:15:25.696+0000] {processor.py:156} INFO - Started process (PID=1497916) to work on /usr/local/lib/python3.10/dist-packages/airflow/example_dags/example_sensors.py
[2023-10-28T08:15:25.699+0000] {processor.py:799} INFO - Processing file /usr/local/lib/python3.10/dist-packages/airflow/example_dags/example_sensors.py for tasks to queue
[2023-10-28T08:15:25.701+0000] {logging_mixin.py:149} INFO - [2023-10-28T08:15:25.700+0000] {dagbag.py:541} INFO - Filling up the DagBag from /usr/local/lib/python3.10/dist-packages/airflow/example_dags/example_sensors.py
[2023-10-28T08:15:25.725+0000] {processor.py:809} INFO - DAG(s) dict_keys(['example_sensors']) retrieved from /usr/local/lib/python3.10/dist-packages/airflow/example_dags/example_sensors.py
[2023-10-28T08:15:26.291+0000] {logging_mixin.py:149} INFO - [2023-10-28T08:15:26.291+0000] {manager.py:504} INFO - Created Permission View: can read on DAG:example_sensors
[2023-10-28T08:15:26.321+0000] {logging_mixin.py:149} INFO - [2023-10-28T08:15:26.320+0000] {manager.py:504} INFO - Created Permission View: can delete on DAG:example_sensors
[2023-10-28T08:15:26.346+0000] {logging_mixin.py:149} INFO - [2023-10-28T08:15:26.345+0000] {manager.py:504} INFO - Created Permission View: can edit on DAG:example_sensors
[2023-10-28T08:15:26.346+0000] {logging_mixin.py:149} INFO - [2023-10-28T08:15:26.346+0000] {dag.py:2726} INFO - Sync 1 DAGs
[2023-10-28T08:15:26.380+0000] {logging_mixin.py:149} INFO - [2023-10-28T08:15:26.380+0000] {dag.py:2747} INFO - Creating ORM DAG for example_sensors
[2023-10-28T08:15:26.412+0000] {logging_mixin.py:149} INFO - [2023-10-28T08:15:26.412+0000] {dag.py:3486} INFO - Setting next_dagrun for example_sensors to None, run_after=None
[2023-10-28T08:15:26.505+0000] {processor.py:178} INFO - Processing /usr/local/lib/python3.10/dist-packages/airflow/example_dags/example_sensors.py took 0.816 seconds
[2023-10-28T08:15:56.619+0000] {processor.py:156} INFO - Started process (PID=1498666) to work on /usr/local/lib/python3.10/dist-packages/airflow/example_dags/example_sensors.py
[2023-10-28T08:15:56.656+0000] {processor.py:799} INFO - Processing file /usr/local/lib/python3.10/dist-packages/airflow/example_dags/example_sensors.py for tasks to queue
[2023-10-28T08:15:56.658+0000] {logging_mixin.py:149} INFO - [2023-10-28T08:15:56.657+0000] {dagbag.py:541} INFO - Filling up the DagBag from /usr/local/lib/python3.10/dist-packages/airflow/example_dags/example_sensors.py
[2023-10-28T08:15:56.681+0000] {processor.py:809} INFO - DAG(s) dict_keys(['example_sensors']) retrieved from /usr/local/lib/python3.10/dist-packages/airflow/example_dags/example_sensors.py
[2023-10-28T08:15:56.772+0000] {logging_mixin.py:149} INFO - [2023-10-28T08:15:56.771+0000] {dag.py:2726} INFO - Sync 1 DAGs
[2023-10-28T08:15:56.848+0000] {logging_mixin.py:149} INFO - [2023-10-28T08:15:56.847+0000] {dag.py:3486} INFO - Setting next_dagrun for example_sensors to None, run_after=None
[2023-10-28T08:15:56.949+0000] {processor.py:178} INFO - Processing /usr/local/lib/python3.10/dist-packages/airflow/example_dags/example_sensors.py took 0.339 seconds
[2023-10-28T08:16:27.342+0000] {processor.py:156} INFO - Started process (PID=1500005) to work on /usr/local/lib/python3.10/dist-packages/airflow/example_dags/example_sensors.py
[2023-10-28T08:16:27.380+0000] {processor.py:799} INFO - Processing file /usr/local/lib/python3.10/dist-packages/airflow/example_dags/example_sensors.py for tasks to queue
[2023-10-28T08:16:27.382+0000] {logging_mixin.py:149} INFO - [2023-10-28T08:16:27.381+0000] {dagbag.py:541} INFO - Filling up the DagBag from /usr/local/lib/python3.10/dist-packages/airflow/example_dags/example_sensors.py
[2023-10-28T08:16:27.405+0000] {processor.py:809} INFO - DAG(s) dict_keys(['example_sensors']) retrieved from /usr/local/lib/python3.10/dist-packages/airflow/example_dags/example_sensors.py
[2023-10-28T08:16:27.502+0000] {logging_mixin.py:149} INFO - [2023-10-28T08:16:27.502+0000] {dag.py:2726} INFO - Sync 1 DAGs
[2023-10-28T08:16:27.573+0000] {logging_mixin.py:149} INFO - [2023-10-28T08:16:27.573+0000] {dag.py:3486} INFO - Setting next_dagrun for example_sensors to None, run_after=None
[2023-10-28T08:16:27.644+0000] {processor.py:178} INFO - Processing /usr/local/lib/python3.10/dist-packages/airflow/example_dags/example_sensors.py took 0.309 seconds
[2023-10-28T08:16:57.755+0000] {processor.py:156} INFO - Started process (PID=1500646) to work on /usr/local/lib/python3.10/dist-packages/airflow/example_dags/example_sensors.py
[2023-10-28T08:16:57.757+0000] {processor.py:799} INFO - Processing file /usr/local/lib/python3.10/dist-packages/airflow/example_dags/example_sensors.py for tasks to queue
[2023-10-28T08:16:57.759+0000] {logging_mixin.py:149} INFO - [2023-10-28T08:16:57.758+0000] {dagbag.py:541} INFO - Filling up the DagBag from /usr/local/lib/python3.10/dist-packages/airflow/example_dags/example_sensors.py
[2023-10-28T08:16:57.782+0000] {processor.py:809} INFO - DAG(s) dict_keys(['example_sensors']) retrieved from /usr/local/lib/python3.10/dist-packages/airflow/example_dags/example_sensors.py
[2023-10-28T08:16:57.876+0000] {logging_mixin.py:149} INFO - [2023-10-28T08:16:57.875+0000] {dag.py:2726} INFO - Sync 1 DAGs
[2023-10-28T08:16:57.954+0000] {logging_mixin.py:149} INFO - [2023-10-28T08:16:57.954+0000] {dag.py:3486} INFO - Setting next_dagrun for example_sensors to None, run_after=None
[2023-10-28T08:16:58.062+0000] {processor.py:178} INFO - Processing /usr/local/lib/python3.10/dist-packages/airflow/example_dags/example_sensors.py took 0.314 seconds
[2023-10-28T08:17:28.573+0000] {processor.py:156} INFO - Started process (PID=1501135) to work on /usr/local/lib/python3.10/dist-packages/airflow/example_dags/example_sensors.py
[2023-10-28T08:17:28.604+0000] {processor.py:799} INFO - Processing file /usr/local/lib/python3.10/dist-packages/airflow/example_dags/example_sensors.py for tasks to queue
[2023-10-28T08:17:28.607+0000] {logging_mixin.py:149} INFO - [2023-10-28T08:17:28.606+0000] {dagbag.py:541} INFO - Filling up the DagBag from /usr/local/lib/python3.10/dist-packages/airflow/example_dags/example_sensors.py
[2023-10-28T08:17:28.631+0000] {processor.py:809} INFO - DAG(s) dict_keys(['example_sensors']) retrieved from /usr/local/lib/python3.10/dist-packages/airflow/example_dags/example_sensors.py
[2023-10-28T08:17:28.746+0000] {logging_mixin.py:149} INFO - [2023-10-28T08:17:28.746+0000] {dag.py:2726} INFO - Sync 1 DAGs
[2023-10-28T08:17:28.837+0000] {logging_mixin.py:149} INFO - [2023-10-28T08:17:28.836+0000] {dag.py:3486} INFO - Setting next_dagrun for example_sensors to None, run_after=None
[2023-10-28T08:17:28.916+0000] {processor.py:178} INFO - Processing /usr/local/lib/python3.10/dist-packages/airflow/example_dags/example_sensors.py took 0.350 seconds
[2023-10-28T08:17:59.141+0000] {processor.py:156} INFO - Started process (PID=1501493) to work on /usr/local/lib/python3.10/dist-packages/airflow/example_dags/example_sensors.py
[2023-10-28T08:17:59.180+0000] {processor.py:799} INFO - Processing file /usr/local/lib/python3.10/dist-packages/airflow/example_dags/example_sensors.py for tasks to queue
[2023-10-28T08:17:59.183+0000] {logging_mixin.py:149} INFO - [2023-10-28T08:17:59.182+0000] {dagbag.py:541} INFO - Filling up the DagBag from /usr/local/lib/python3.10/dist-packages/airflow/example_dags/example_sensors.py
[2023-10-28T08:17:59.211+0000] {processor.py:809} INFO - DAG(s) dict_keys(['example_sensors']) retrieved from /usr/local/lib/python3.10/dist-packages/airflow/example_dags/example_sensors.py
[2023-10-28T08:17:59.340+0000] {logging_mixin.py:149} INFO - [2023-10-28T08:17:59.339+0000] {dag.py:2726} INFO - Sync 1 DAGs
[2023-10-28T08:17:59.428+0000] {logging_mixin.py:149} INFO - [2023-10-28T08:17:59.427+0000] {dag.py:3486} INFO - Setting next_dagrun for example_sensors to None, run_after=None
[2023-10-28T08:17:59.506+0000] {processor.py:178} INFO - Processing /usr/local/lib/python3.10/dist-packages/airflow/example_dags/example_sensors.py took 0.373 seconds
[2023-10-28T08:18:29.596+0000] {processor.py:156} INFO - Started process (PID=1501864) to work on /usr/local/lib/python3.10/dist-packages/airflow/example_dags/example_sensors.py
[2023-10-28T08:18:29.618+0000] {processor.py:799} INFO - Processing file /usr/local/lib/python3.10/dist-packages/airflow/example_dags/example_sensors.py for tasks to queue
[2023-10-28T08:18:29.620+0000] {logging_mixin.py:149} INFO - [2023-10-28T08:18:29.620+0000] {dagbag.py:541} INFO - Filling up the DagBag from /usr/local/lib/python3.10/dist-packages/airflow/example_dags/example_sensors.py
[2023-10-28T08:18:29.648+0000] {processor.py:809} INFO - DAG(s) dict_keys(['example_sensors']) retrieved from /usr/local/lib/python3.10/dist-packages/airflow/example_dags/example_sensors.py
[2023-10-28T08:18:29.749+0000] {logging_mixin.py:149} INFO - [2023-10-28T08:18:29.749+0000] {dag.py:2726} INFO - Sync 1 DAGs
[2023-10-28T08:18:29.833+0000] {logging_mixin.py:149} INFO - [2023-10-28T08:18:29.833+0000] {dag.py:3486} INFO - Setting next_dagrun for example_sensors to None, run_after=None
[2023-10-28T08:18:29.932+0000] {processor.py:178} INFO - Processing /usr/local/lib/python3.10/dist-packages/airflow/example_dags/example_sensors.py took 0.343 seconds
[2023-10-28T08:19:00.230+0000] {processor.py:156} INFO - Started process (PID=1502235) to work on /usr/local/lib/python3.10/dist-packages/airflow/example_dags/example_sensors.py
[2023-10-28T08:19:00.232+0000] {processor.py:799} INFO - Processing file /usr/local/lib/python3.10/dist-packages/airflow/example_dags/example_sensors.py for tasks to queue
[2023-10-28T08:19:00.235+0000] {logging_mixin.py:149} INFO - [2023-10-28T08:19:00.234+0000] {dagbag.py:541} INFO - Filling up the DagBag from /usr/local/lib/python3.10/dist-packages/airflow/example_dags/example_sensors.py
[2023-10-28T08:19:00.259+0000] {processor.py:809} INFO - DAG(s) dict_keys(['example_sensors']) retrieved from /usr/local/lib/python3.10/dist-packages/airflow/example_dags/example_sensors.py
[2023-10-28T08:19:00.360+0000] {logging_mixin.py:149} INFO - [2023-10-28T08:19:00.360+0000] {dag.py:2726} INFO - Sync 1 DAGs
[2023-10-28T08:19:00.446+0000] {logging_mixin.py:149} INFO - [2023-10-28T08:19:00.445+0000] {dag.py:3486} INFO - Setting next_dagrun for example_sensors to None, run_after=None
[2023-10-28T08:19:00.510+0000] {processor.py:178} INFO - Processing /usr/local/lib/python3.10/dist-packages/airflow/example_dags/example_sensors.py took 0.289 seconds
[2023-10-28T08:19:30.694+0000] {processor.py:156} INFO - Started process (PID=1502631) to work on /usr/local/lib/python3.10/dist-packages/airflow/example_dags/example_sensors.py
[2023-10-28T08:19:30.721+0000] {processor.py:799} INFO - Processing file /usr/local/lib/python3.10/dist-packages/airflow/example_dags/example_sensors.py for tasks to queue
[2023-10-28T08:19:30.723+0000] {logging_mixin.py:149} INFO - [2023-10-28T08:19:30.722+0000] {dagbag.py:541} INFO - Filling up the DagBag from /usr/local/lib/python3.10/dist-packages/airflow/example_dags/example_sensors.py
[2023-10-28T08:19:30.746+0000] {processor.py:809} INFO - DAG(s) dict_keys(['example_sensors']) retrieved from /usr/local/lib/python3.10/dist-packages/airflow/example_dags/example_sensors.py
[2023-10-28T08:19:30.838+0000] {logging_mixin.py:149} INFO - [2023-10-28T08:19:30.837+0000] {dag.py:2726} INFO - Sync 1 DAGs
[2023-10-28T08:19:30.917+0000] {logging_mixin.py:149} INFO - [2023-10-28T08:19:30.916+0000] {dag.py:3486} INFO - Setting next_dagrun for example_sensors to None, run_after=None
[2023-10-28T08:19:31.017+0000] {processor.py:178} INFO - Processing /usr/local/lib/python3.10/dist-packages/airflow/example_dags/example_sensors.py took 0.331 seconds
[2023-10-28T08:20:01.667+0000] {processor.py:156} INFO - Started process (PID=1502999) to work on /usr/local/lib/python3.10/dist-packages/airflow/example_dags/example_sensors.py
[2023-10-28T08:20:01.704+0000] {processor.py:799} INFO - Processing file /usr/local/lib/python3.10/dist-packages/airflow/example_dags/example_sensors.py for tasks to queue
[2023-10-28T08:20:01.706+0000] {logging_mixin.py:149} INFO - [2023-10-28T08:20:01.705+0000] {dagbag.py:541} INFO - Filling up the DagBag from /usr/local/lib/python3.10/dist-packages/airflow/example_dags/example_sensors.py
[2023-10-28T08:20:01.729+0000] {processor.py:809} INFO - DAG(s) dict_keys(['example_sensors']) retrieved from /usr/local/lib/python3.10/dist-packages/airflow/example_dags/example_sensors.py
[2023-10-28T08:20:01.820+0000] {logging_mixin.py:149} INFO - [2023-10-28T08:20:01.820+0000] {dag.py:2726} INFO - Sync 1 DAGs
[2023-10-28T08:20:01.895+0000] {logging_mixin.py:149} INFO - [2023-10-28T08:20:01.895+0000] {dag.py:3486} INFO - Setting next_dagrun for example_sensors to None, run_after=None
[2023-10-28T08:20:01.993+0000] {processor.py:178} INFO - Processing /usr/local/lib/python3.10/dist-packages/airflow/example_dags/example_sensors.py took 0.333 seconds
[2023-10-28T08:20:32.391+0000] {processor.py:156} INFO - Started process (PID=1503502) to work on /usr/local/lib/python3.10/dist-packages/airflow/example_dags/example_sensors.py
[2023-10-28T08:20:32.430+0000] {processor.py:799} INFO - Processing file /usr/local/lib/python3.10/dist-packages/airflow/example_dags/example_sensors.py for tasks to queue
[2023-10-28T08:20:32.432+0000] {logging_mixin.py:149} INFO - [2023-10-28T08:20:32.432+0000] {dagbag.py:541} INFO - Filling up the DagBag from /usr/local/lib/python3.10/dist-packages/airflow/example_dags/example_sensors.py
[2023-10-28T08:20:32.456+0000] {processor.py:809} INFO - DAG(s) dict_keys(['example_sensors']) retrieved from /usr/local/lib/python3.10/dist-packages/airflow/example_dags/example_sensors.py
[2023-10-28T08:20:32.549+0000] {logging_mixin.py:149} INFO - [2023-10-28T08:20:32.549+0000] {dag.py:2726} INFO - Sync 1 DAGs
[2023-10-28T08:20:32.624+0000] {logging_mixin.py:149} INFO - [2023-10-28T08:20:32.624+0000] {dag.py:3486} INFO - Setting next_dagrun for example_sensors to None, run_after=None
[2023-10-28T08:20:32.724+0000] {processor.py:178} INFO - Processing /usr/local/lib/python3.10/dist-packages/airflow/example_dags/example_sensors.py took 0.341 seconds
[2023-10-28T08:21:03.094+0000] {processor.py:156} INFO - Started process (PID=1503929) to work on /usr/local/lib/python3.10/dist-packages/airflow/example_dags/example_sensors.py
[2023-10-28T08:21:03.097+0000] {processor.py:799} INFO - Processing file /usr/local/lib/python3.10/dist-packages/airflow/example_dags/example_sensors.py for tasks to queue
[2023-10-28T08:21:03.100+0000] {logging_mixin.py:149} INFO - [2023-10-28T08:21:03.099+0000] {dagbag.py:541} INFO - Filling up the DagBag from /usr/local/lib/python3.10/dist-packages/airflow/example_dags/example_sensors.py
[2023-10-28T08:21:03.124+0000] {processor.py:809} INFO - DAG(s) dict_keys(['example_sensors']) retrieved from /usr/local/lib/python3.10/dist-packages/airflow/example_dags/example_sensors.py
[2023-10-28T08:21:03.223+0000] {logging_mixin.py:149} INFO - [2023-10-28T08:21:03.222+0000] {dag.py:2726} INFO - Sync 1 DAGs
[2023-10-28T08:21:03.300+0000] {logging_mixin.py:149} INFO - [2023-10-28T08:21:03.300+0000] {dag.py:3486} INFO - Setting next_dagrun for example_sensors to None, run_after=None
[2023-10-28T08:21:03.397+0000] {processor.py:178} INFO - Processing /usr/local/lib/python3.10/dist-packages/airflow/example_dags/example_sensors.py took 0.311 seconds
[2023-10-28T08:21:33.758+0000] {processor.py:156} INFO - Started process (PID=1504564) to work on /usr/local/lib/python3.10/dist-packages/airflow/example_dags/example_sensors.py
[2023-10-28T08:21:33.761+0000] {processor.py:799} INFO - Processing file /usr/local/lib/python3.10/dist-packages/airflow/example_dags/example_sensors.py for tasks to queue
[2023-10-28T08:21:33.763+0000] {logging_mixin.py:149} INFO - [2023-10-28T08:21:33.762+0000] {dagbag.py:541} INFO - Filling up the DagBag from /usr/local/lib/python3.10/dist-packages/airflow/example_dags/example_sensors.py
[2023-10-28T08:21:33.786+0000] {processor.py:809} INFO - DAG(s) dict_keys(['example_sensors']) retrieved from /usr/local/lib/python3.10/dist-packages/airflow/example_dags/example_sensors.py
[2023-10-28T08:21:33.881+0000] {logging_mixin.py:149} INFO - [2023-10-28T08:21:33.880+0000] {dag.py:2726} INFO - Sync 1 DAGs
[2023-10-28T08:21:33.971+0000] {logging_mixin.py:149} INFO - [2023-10-28T08:21:33.970+0000] {dag.py:3486} INFO - Setting next_dagrun for example_sensors to None, run_after=None
[2023-10-28T08:21:34.035+0000] {processor.py:178} INFO - Processing /usr/local/lib/python3.10/dist-packages/airflow/example_dags/example_sensors.py took 0.284 seconds
[2023-10-28T08:22:04.365+0000] {processor.py:156} INFO - Started process (PID=1505415) to work on /usr/local/lib/python3.10/dist-packages/airflow/example_dags/example_sensors.py
[2023-10-28T08:22:04.405+0000] {processor.py:799} INFO - Processing file /usr/local/lib/python3.10/dist-packages/airflow/example_dags/example_sensors.py for tasks to queue
[2023-10-28T08:22:04.407+0000] {logging_mixin.py:149} INFO - [2023-10-28T08:22:04.406+0000] {dagbag.py:541} INFO - Filling up the DagBag from /usr/local/lib/python3.10/dist-packages/airflow/example_dags/example_sensors.py
[2023-10-28T08:22:04.430+0000] {processor.py:809} INFO - DAG(s) dict_keys(['example_sensors']) retrieved from /usr/local/lib/python3.10/dist-packages/airflow/example_dags/example_sensors.py
[2023-10-28T08:22:04.524+0000] {logging_mixin.py:149} INFO - [2023-10-28T08:22:04.523+0000] {dag.py:2726} INFO - Sync 1 DAGs
[2023-10-28T08:22:04.597+0000] {logging_mixin.py:149} INFO - [2023-10-28T08:22:04.596+0000] {dag.py:3486} INFO - Setting next_dagrun for example_sensors to None, run_after=None
[2023-10-28T08:22:04.704+0000] {processor.py:178} INFO - Processing /usr/local/lib/python3.10/dist-packages/airflow/example_dags/example_sensors.py took 0.346 seconds
[2023-10-28T08:22:34.945+0000] {processor.py:156} INFO - Started process (PID=1505898) to work on /usr/local/lib/python3.10/dist-packages/airflow/example_dags/example_sensors.py
[2023-10-28T08:22:34.947+0000] {processor.py:799} INFO - Processing file /usr/local/lib/python3.10/dist-packages/airflow/example_dags/example_sensors.py for tasks to queue
[2023-10-28T08:22:34.949+0000] {logging_mixin.py:149} INFO - [2023-10-28T08:22:34.949+0000] {dagbag.py:541} INFO - Filling up the DagBag from /usr/local/lib/python3.10/dist-packages/airflow/example_dags/example_sensors.py
[2023-10-28T08:22:34.973+0000] {processor.py:809} INFO - DAG(s) dict_keys(['example_sensors']) retrieved from /usr/local/lib/python3.10/dist-packages/airflow/example_dags/example_sensors.py
[2023-10-28T08:22:35.069+0000] {logging_mixin.py:149} INFO - [2023-10-28T08:22:35.069+0000] {dag.py:2726} INFO - Sync 1 DAGs
[2023-10-28T08:22:35.146+0000] {logging_mixin.py:149} INFO - [2023-10-28T08:22:35.145+0000] {dag.py:3486} INFO - Setting next_dagrun for example_sensors to None, run_after=None
[2023-10-28T08:22:35.215+0000] {processor.py:178} INFO - Processing /usr/local/lib/python3.10/dist-packages/airflow/example_dags/example_sensors.py took 0.277 seconds
[2023-10-28T08:23:05.350+0000] {processor.py:156} INFO - Started process (PID=1506383) to work on /usr/local/lib/python3.10/dist-packages/airflow/example_dags/example_sensors.py
[2023-10-28T08:23:05.389+0000] {processor.py:799} INFO - Processing file /usr/local/lib/python3.10/dist-packages/airflow/example_dags/example_sensors.py for tasks to queue
[2023-10-28T08:23:05.391+0000] {logging_mixin.py:149} INFO - [2023-10-28T08:23:05.391+0000] {dagbag.py:541} INFO - Filling up the DagBag from /usr/local/lib/python3.10/dist-packages/airflow/example_dags/example_sensors.py
[2023-10-28T08:23:05.416+0000] {processor.py:809} INFO - DAG(s) dict_keys(['example_sensors']) retrieved from /usr/local/lib/python3.10/dist-packages/airflow/example_dags/example_sensors.py
[2023-10-28T08:23:05.513+0000] {logging_mixin.py:149} INFO - [2023-10-28T08:23:05.513+0000] {dag.py:2726} INFO - Sync 1 DAGs
[2023-10-28T08:23:05.586+0000] {logging_mixin.py:149} INFO - [2023-10-28T08:23:05.585+0000] {dag.py:3486} INFO - Setting next_dagrun for example_sensors to None, run_after=None
[2023-10-28T08:23:05.694+0000] {processor.py:178} INFO - Processing /usr/local/lib/python3.10/dist-packages/airflow/example_dags/example_sensors.py took 0.351 seconds
[2023-10-28T08:23:35.892+0000] {processor.py:156} INFO - Started process (PID=1506871) to work on /usr/local/lib/python3.10/dist-packages/airflow/example_dags/example_sensors.py
[2023-10-28T08:23:35.929+0000] {processor.py:799} INFO - Processing file /usr/local/lib/python3.10/dist-packages/airflow/example_dags/example_sensors.py for tasks to queue
[2023-10-28T08:23:35.931+0000] {logging_mixin.py:149} INFO - [2023-10-28T08:23:35.931+0000] {dagbag.py:541} INFO - Filling up the DagBag from /usr/local/lib/python3.10/dist-packages/airflow/example_dags/example_sensors.py
[2023-10-28T08:23:35.956+0000] {processor.py:809} INFO - DAG(s) dict_keys(['example_sensors']) retrieved from /usr/local/lib/python3.10/dist-packages/airflow/example_dags/example_sensors.py
[2023-10-28T08:23:36.059+0000] {logging_mixin.py:149} INFO - [2023-10-28T08:23:36.059+0000] {dag.py:2726} INFO - Sync 1 DAGs
[2023-10-28T08:23:36.134+0000] {logging_mixin.py:149} INFO - [2023-10-28T08:23:36.134+0000] {dag.py:3486} INFO - Setting next_dagrun for example_sensors to None, run_after=None
[2023-10-28T08:23:36.246+0000] {processor.py:178} INFO - Processing /usr/local/lib/python3.10/dist-packages/airflow/example_dags/example_sensors.py took 0.361 seconds
[2023-10-28T08:24:06.543+0000] {processor.py:156} INFO - Started process (PID=1507433) to work on /usr/local/lib/python3.10/dist-packages/airflow/example_dags/example_sensors.py
[2023-10-28T08:24:06.581+0000] {processor.py:799} INFO - Processing file /usr/local/lib/python3.10/dist-packages/airflow/example_dags/example_sensors.py for tasks to queue
[2023-10-28T08:24:06.583+0000] {logging_mixin.py:149} INFO - [2023-10-28T08:24:06.582+0000] {dagbag.py:541} INFO - Filling up the DagBag from /usr/local/lib/python3.10/dist-packages/airflow/example_dags/example_sensors.py
[2023-10-28T08:24:06.606+0000] {processor.py:809} INFO - DAG(s) dict_keys(['example_sensors']) retrieved from /usr/local/lib/python3.10/dist-packages/airflow/example_dags/example_sensors.py
[2023-10-28T08:24:06.706+0000] {logging_mixin.py:149} INFO - [2023-10-28T08:24:06.706+0000] {dag.py:2726} INFO - Sync 1 DAGs
[2023-10-28T08:24:06.781+0000] {logging_mixin.py:149} INFO - [2023-10-28T08:24:06.780+0000] {dag.py:3486} INFO - Setting next_dagrun for example_sensors to None, run_after=None
[2023-10-28T08:24:06.853+0000] {processor.py:178} INFO - Processing /usr/local/lib/python3.10/dist-packages/airflow/example_dags/example_sensors.py took 0.317 seconds
[2023-10-28T08:24:37.500+0000] {processor.py:156} INFO - Started process (PID=1508010) to work on /usr/local/lib/python3.10/dist-packages/airflow/example_dags/example_sensors.py
[2023-10-28T08:24:37.541+0000] {processor.py:799} INFO - Processing file /usr/local/lib/python3.10/dist-packages/airflow/example_dags/example_sensors.py for tasks to queue
[2023-10-28T08:24:37.543+0000] {logging_mixin.py:149} INFO - [2023-10-28T08:24:37.542+0000] {dagbag.py:541} INFO - Filling up the DagBag from /usr/local/lib/python3.10/dist-packages/airflow/example_dags/example_sensors.py
[2023-10-28T08:24:37.567+0000] {processor.py:809} INFO - DAG(s) dict_keys(['example_sensors']) retrieved from /usr/local/lib/python3.10/dist-packages/airflow/example_dags/example_sensors.py
[2023-10-28T08:24:37.657+0000] {logging_mixin.py:149} INFO - [2023-10-28T08:24:37.657+0000] {dag.py:2726} INFO - Sync 1 DAGs
[2023-10-28T08:24:37.732+0000] {logging_mixin.py:149} INFO - [2023-10-28T08:24:37.731+0000] {dag.py:3486} INFO - Setting next_dagrun for example_sensors to None, run_after=None
[2023-10-28T08:24:37.799+0000] {processor.py:178} INFO - Processing /usr/local/lib/python3.10/dist-packages/airflow/example_dags/example_sensors.py took 0.307 seconds
[2023-10-28T08:25:08.062+0000] {processor.py:156} INFO - Started process (PID=1508460) to work on /usr/local/lib/python3.10/dist-packages/airflow/example_dags/example_sensors.py
[2023-10-28T08:25:08.101+0000] {processor.py:799} INFO - Processing file /usr/local/lib/python3.10/dist-packages/airflow/example_dags/example_sensors.py for tasks to queue
[2023-10-28T08:25:08.103+0000] {logging_mixin.py:149} INFO - [2023-10-28T08:25:08.103+0000] {dagbag.py:541} INFO - Filling up the DagBag from /usr/local/lib/python3.10/dist-packages/airflow/example_dags/example_sensors.py
[2023-10-28T08:25:08.127+0000] {processor.py:809} INFO - DAG(s) dict_keys(['example_sensors']) retrieved from /usr/local/lib/python3.10/dist-packages/airflow/example_dags/example_sensors.py
[2023-10-28T08:25:08.221+0000] {logging_mixin.py:149} INFO - [2023-10-28T08:25:08.221+0000] {dag.py:2726} INFO - Sync 1 DAGs
[2023-10-28T08:25:08.294+0000] {logging_mixin.py:149} INFO - [2023-10-28T08:25:08.293+0000] {dag.py:3486} INFO - Setting next_dagrun for example_sensors to None, run_after=None
[2023-10-28T08:25:08.392+0000] {processor.py:178} INFO - Processing /usr/local/lib/python3.10/dist-packages/airflow/example_dags/example_sensors.py took 0.338 seconds
[2023-10-28T08:25:38.712+0000] {processor.py:156} INFO - Started process (PID=1509251) to work on /usr/local/lib/python3.10/dist-packages/airflow/example_dags/example_sensors.py
[2023-10-28T08:25:38.737+0000] {processor.py:799} INFO - Processing file /usr/local/lib/python3.10/dist-packages/airflow/example_dags/example_sensors.py for tasks to queue
[2023-10-28T08:25:38.739+0000] {logging_mixin.py:149} INFO - [2023-10-28T08:25:38.739+0000] {dagbag.py:541} INFO - Filling up the DagBag from /usr/local/lib/python3.10/dist-packages/airflow/example_dags/example_sensors.py
[2023-10-28T08:25:38.765+0000] {processor.py:809} INFO - DAG(s) dict_keys(['example_sensors']) retrieved from /usr/local/lib/python3.10/dist-packages/airflow/example_dags/example_sensors.py
[2023-10-28T08:25:38.861+0000] {logging_mixin.py:149} INFO - [2023-10-28T08:25:38.861+0000] {dag.py:2726} INFO - Sync 1 DAGs
[2023-10-28T08:25:38.937+0000] {logging_mixin.py:149} INFO - [2023-10-28T08:25:38.936+0000] {dag.py:3486} INFO - Setting next_dagrun for example_sensors to None, run_after=None
[2023-10-28T08:25:39.040+0000] {processor.py:178} INFO - Processing /usr/local/lib/python3.10/dist-packages/airflow/example_dags/example_sensors.py took 0.335 seconds
[2023-10-28T08:26:09.137+0000] {processor.py:156} INFO - Started process (PID=1509633) to work on /usr/local/lib/python3.10/dist-packages/airflow/example_dags/example_sensors.py
[2023-10-28T08:26:09.179+0000] {processor.py:799} INFO - Processing file /usr/local/lib/python3.10/dist-packages/airflow/example_dags/example_sensors.py for tasks to queue
[2023-10-28T08:26:09.181+0000] {logging_mixin.py:149} INFO - [2023-10-28T08:26:09.181+0000] {dagbag.py:541} INFO - Filling up the DagBag from /usr/local/lib/python3.10/dist-packages/airflow/example_dags/example_sensors.py
[2023-10-28T08:26:09.205+0000] {processor.py:809} INFO - DAG(s) dict_keys(['example_sensors']) retrieved from /usr/local/lib/python3.10/dist-packages/airflow/example_dags/example_sensors.py
[2023-10-28T08:26:09.294+0000] {logging_mixin.py:149} INFO - [2023-10-28T08:26:09.294+0000] {dag.py:2726} INFO - Sync 1 DAGs
[2023-10-28T08:26:09.366+0000] {logging_mixin.py:149} INFO - [2023-10-28T08:26:09.366+0000] {dag.py:3486} INFO - Setting next_dagrun for example_sensors to None, run_after=None
[2023-10-28T08:26:09.471+0000] {processor.py:178} INFO - Processing /usr/local/lib/python3.10/dist-packages/airflow/example_dags/example_sensors.py took 0.341 seconds
[2023-10-28T08:26:39.744+0000] {processor.py:156} INFO - Started process (PID=1509987) to work on /usr/local/lib/python3.10/dist-packages/airflow/example_dags/example_sensors.py
[2023-10-28T08:26:39.789+0000] {processor.py:799} INFO - Processing file /usr/local/lib/python3.10/dist-packages/airflow/example_dags/example_sensors.py for tasks to queue
[2023-10-28T08:26:39.791+0000] {logging_mixin.py:149} INFO - [2023-10-28T08:26:39.791+0000] {dagbag.py:541} INFO - Filling up the DagBag from /usr/local/lib/python3.10/dist-packages/airflow/example_dags/example_sensors.py
[2023-10-28T08:26:39.816+0000] {processor.py:809} INFO - DAG(s) dict_keys(['example_sensors']) retrieved from /usr/local/lib/python3.10/dist-packages/airflow/example_dags/example_sensors.py
[2023-10-28T08:26:39.913+0000] {logging_mixin.py:149} INFO - [2023-10-28T08:26:39.913+0000] {dag.py:2726} INFO - Sync 1 DAGs
[2023-10-28T08:26:39.990+0000] {logging_mixin.py:149} INFO - [2023-10-28T08:26:39.989+0000] {dag.py:3486} INFO - Setting next_dagrun for example_sensors to None, run_after=None
[2023-10-28T08:26:40.098+0000] {processor.py:178} INFO - Processing /usr/local/lib/python3.10/dist-packages/airflow/example_dags/example_sensors.py took 0.362 seconds
[2023-10-28T08:27:10.738+0000] {processor.py:156} INFO - Started process (PID=1510567) to work on /usr/local/lib/python3.10/dist-packages/airflow/example_dags/example_sensors.py
[2023-10-28T08:27:10.739+0000] {processor.py:799} INFO - Processing file /usr/local/lib/python3.10/dist-packages/airflow/example_dags/example_sensors.py for tasks to queue
[2023-10-28T08:27:10.741+0000] {logging_mixin.py:149} INFO - [2023-10-28T08:27:10.741+0000] {dagbag.py:541} INFO - Filling up the DagBag from /usr/local/lib/python3.10/dist-packages/airflow/example_dags/example_sensors.py
[2023-10-28T08:27:10.766+0000] {processor.py:809} INFO - DAG(s) dict_keys(['example_sensors']) retrieved from /usr/local/lib/python3.10/dist-packages/airflow/example_dags/example_sensors.py
[2023-10-28T08:27:10.863+0000] {logging_mixin.py:149} INFO - [2023-10-28T08:27:10.863+0000] {dag.py:2726} INFO - Sync 1 DAGs
[2023-10-28T08:27:10.936+0000] {logging_mixin.py:149} INFO - [2023-10-28T08:27:10.935+0000] {dag.py:3486} INFO - Setting next_dagrun for example_sensors to None, run_after=None
[2023-10-28T08:27:11.045+0000] {processor.py:178} INFO - Processing /usr/local/lib/python3.10/dist-packages/airflow/example_dags/example_sensors.py took 0.314 seconds
[2023-10-28T08:27:41.314+0000] {processor.py:156} INFO - Started process (PID=1510923) to work on /usr/local/lib/python3.10/dist-packages/airflow/example_dags/example_sensors.py
[2023-10-28T08:27:41.368+0000] {processor.py:799} INFO - Processing file /usr/local/lib/python3.10/dist-packages/airflow/example_dags/example_sensors.py for tasks to queue
[2023-10-28T08:27:41.370+0000] {logging_mixin.py:149} INFO - [2023-10-28T08:27:41.370+0000] {dagbag.py:541} INFO - Filling up the DagBag from /usr/local/lib/python3.10/dist-packages/airflow/example_dags/example_sensors.py
[2023-10-28T08:27:41.393+0000] {processor.py:809} INFO - DAG(s) dict_keys(['example_sensors']) retrieved from /usr/local/lib/python3.10/dist-packages/airflow/example_dags/example_sensors.py
[2023-10-28T08:27:41.487+0000] {logging_mixin.py:149} INFO - [2023-10-28T08:27:41.487+0000] {dag.py:2726} INFO - Sync 1 DAGs
[2023-10-28T08:27:41.560+0000] {logging_mixin.py:149} INFO - [2023-10-28T08:27:41.560+0000] {dag.py:3486} INFO - Setting next_dagrun for example_sensors to None, run_after=None
[2023-10-28T08:27:41.663+0000] {processor.py:178} INFO - Processing /usr/local/lib/python3.10/dist-packages/airflow/example_dags/example_sensors.py took 0.355 seconds
[2023-10-28T08:28:11.929+0000] {processor.py:156} INFO - Started process (PID=1511306) to work on /usr/local/lib/python3.10/dist-packages/airflow/example_dags/example_sensors.py
[2023-10-28T08:28:11.956+0000] {processor.py:799} INFO - Processing file /usr/local/lib/python3.10/dist-packages/airflow/example_dags/example_sensors.py for tasks to queue
[2023-10-28T08:28:11.958+0000] {logging_mixin.py:149} INFO - [2023-10-28T08:28:11.958+0000] {dagbag.py:541} INFO - Filling up the DagBag from /usr/local/lib/python3.10/dist-packages/airflow/example_dags/example_sensors.py
[2023-10-28T08:28:11.982+0000] {processor.py:809} INFO - DAG(s) dict_keys(['example_sensors']) retrieved from /usr/local/lib/python3.10/dist-packages/airflow/example_dags/example_sensors.py
[2023-10-28T08:28:12.077+0000] {logging_mixin.py:149} INFO - [2023-10-28T08:28:12.076+0000] {dag.py:2726} INFO - Sync 1 DAGs
[2023-10-28T08:28:12.149+0000] {logging_mixin.py:149} INFO - [2023-10-28T08:28:12.149+0000] {dag.py:3486} INFO - Setting next_dagrun for example_sensors to None, run_after=None
[2023-10-28T08:28:12.255+0000] {processor.py:178} INFO - Processing /usr/local/lib/python3.10/dist-packages/airflow/example_dags/example_sensors.py took 0.333 seconds
[2023-10-28T08:28:42.442+0000] {processor.py:156} INFO - Started process (PID=1511663) to work on /usr/local/lib/python3.10/dist-packages/airflow/example_dags/example_sensors.py
[2023-10-28T08:28:42.486+0000] {processor.py:799} INFO - Processing file /usr/local/lib/python3.10/dist-packages/airflow/example_dags/example_sensors.py for tasks to queue
[2023-10-28T08:28:42.488+0000] {logging_mixin.py:149} INFO - [2023-10-28T08:28:42.487+0000] {dagbag.py:541} INFO - Filling up the DagBag from /usr/local/lib/python3.10/dist-packages/airflow/example_dags/example_sensors.py
[2023-10-28T08:28:42.512+0000] {processor.py:809} INFO - DAG(s) dict_keys(['example_sensors']) retrieved from /usr/local/lib/python3.10/dist-packages/airflow/example_dags/example_sensors.py
[2023-10-28T08:28:42.615+0000] {logging_mixin.py:149} INFO - [2023-10-28T08:28:42.614+0000] {dag.py:2726} INFO - Sync 1 DAGs
[2023-10-28T08:28:42.687+0000] {logging_mixin.py:149} INFO - [2023-10-28T08:28:42.686+0000] {dag.py:3486} INFO - Setting next_dagrun for example_sensors to None, run_after=None
[2023-10-28T08:28:42.802+0000] {processor.py:178} INFO - Processing /usr/local/lib/python3.10/dist-packages/airflow/example_dags/example_sensors.py took 0.368 seconds
[2023-10-28T08:29:13.156+0000] {processor.py:156} INFO - Started process (PID=1512058) to work on /usr/local/lib/python3.10/dist-packages/airflow/example_dags/example_sensors.py
[2023-10-28T08:29:13.193+0000] {processor.py:799} INFO - Processing file /usr/local/lib/python3.10/dist-packages/airflow/example_dags/example_sensors.py for tasks to queue
[2023-10-28T08:29:13.195+0000] {logging_mixin.py:149} INFO - [2023-10-28T08:29:13.194+0000] {dagbag.py:541} INFO - Filling up the DagBag from /usr/local/lib/python3.10/dist-packages/airflow/example_dags/example_sensors.py
[2023-10-28T08:29:13.218+0000] {processor.py:809} INFO - DAG(s) dict_keys(['example_sensors']) retrieved from /usr/local/lib/python3.10/dist-packages/airflow/example_dags/example_sensors.py
[2023-10-28T08:29:13.314+0000] {logging_mixin.py:149} INFO - [2023-10-28T08:29:13.313+0000] {dag.py:2726} INFO - Sync 1 DAGs
[2023-10-28T08:29:13.386+0000] {logging_mixin.py:149} INFO - [2023-10-28T08:29:13.385+0000] {dag.py:3486} INFO - Setting next_dagrun for example_sensors to None, run_after=None
[2023-10-28T08:29:13.470+0000] {processor.py:178} INFO - Processing /usr/local/lib/python3.10/dist-packages/airflow/example_dags/example_sensors.py took 0.321 seconds
[2023-10-28T08:29:43.583+0000] {processor.py:156} INFO - Started process (PID=1512415) to work on /usr/local/lib/python3.10/dist-packages/airflow/example_dags/example_sensors.py
[2023-10-28T08:29:43.585+0000] {processor.py:799} INFO - Processing file /usr/local/lib/python3.10/dist-packages/airflow/example_dags/example_sensors.py for tasks to queue
[2023-10-28T08:29:43.587+0000] {logging_mixin.py:149} INFO - [2023-10-28T08:29:43.587+0000] {dagbag.py:541} INFO - Filling up the DagBag from /usr/local/lib/python3.10/dist-packages/airflow/example_dags/example_sensors.py
[2023-10-28T08:29:43.611+0000] {processor.py:809} INFO - DAG(s) dict_keys(['example_sensors']) retrieved from /usr/local/lib/python3.10/dist-packages/airflow/example_dags/example_sensors.py
[2023-10-28T08:29:43.704+0000] {logging_mixin.py:149} INFO - [2023-10-28T08:29:43.704+0000] {dag.py:2726} INFO - Sync 1 DAGs
[2023-10-28T08:29:43.777+0000] {logging_mixin.py:149} INFO - [2023-10-28T08:29:43.776+0000] {dag.py:3486} INFO - Setting next_dagrun for example_sensors to None, run_after=None
[2023-10-28T08:29:43.891+0000] {processor.py:178} INFO - Processing /usr/local/lib/python3.10/dist-packages/airflow/example_dags/example_sensors.py took 0.316 seconds
[2023-10-28T08:30:14.092+0000] {processor.py:156} INFO - Started process (PID=1512796) to work on /usr/local/lib/python3.10/dist-packages/airflow/example_dags/example_sensors.py
[2023-10-28T08:30:14.116+0000] {processor.py:799} INFO - Processing file /usr/local/lib/python3.10/dist-packages/airflow/example_dags/example_sensors.py for tasks to queue
[2023-10-28T08:30:14.118+0000] {logging_mixin.py:149} INFO - [2023-10-28T08:30:14.118+0000] {dagbag.py:541} INFO - Filling up the DagBag from /usr/local/lib/python3.10/dist-packages/airflow/example_dags/example_sensors.py
[2023-10-28T08:30:14.142+0000] {processor.py:809} INFO - DAG(s) dict_keys(['example_sensors']) retrieved from /usr/local/lib/python3.10/dist-packages/airflow/example_dags/example_sensors.py
[2023-10-28T08:30:14.238+0000] {logging_mixin.py:149} INFO - [2023-10-28T08:30:14.238+0000] {dag.py:2726} INFO - Sync 1 DAGs
[2023-10-28T08:30:14.311+0000] {logging_mixin.py:149} INFO - [2023-10-28T08:30:14.310+0000] {dag.py:3486} INFO - Setting next_dagrun for example_sensors to None, run_after=None
[2023-10-28T08:30:14.419+0000] {processor.py:178} INFO - Processing /usr/local/lib/python3.10/dist-packages/airflow/example_dags/example_sensors.py took 0.334 seconds
[2023-10-28T08:30:44.963+0000] {processor.py:156} INFO - Started process (PID=1513410) to work on /usr/local/lib/python3.10/dist-packages/airflow/example_dags/example_sensors.py
[2023-10-28T08:30:45.005+0000] {processor.py:799} INFO - Processing file /usr/local/lib/python3.10/dist-packages/airflow/example_dags/example_sensors.py for tasks to queue
[2023-10-28T08:30:45.007+0000] {logging_mixin.py:149} INFO - [2023-10-28T08:30:45.007+0000] {dagbag.py:541} INFO - Filling up the DagBag from /usr/local/lib/python3.10/dist-packages/airflow/example_dags/example_sensors.py
[2023-10-28T08:30:45.031+0000] {processor.py:809} INFO - DAG(s) dict_keys(['example_sensors']) retrieved from /usr/local/lib/python3.10/dist-packages/airflow/example_dags/example_sensors.py
[2023-10-28T08:30:45.120+0000] {logging_mixin.py:149} INFO - [2023-10-28T08:30:45.120+0000] {dag.py:2726} INFO - Sync 1 DAGs
[2023-10-28T08:30:45.193+0000] {logging_mixin.py:149} INFO - [2023-10-28T08:30:45.193+0000] {dag.py:3486} INFO - Setting next_dagrun for example_sensors to None, run_after=None
[2023-10-28T08:30:45.319+0000] {processor.py:178} INFO - Processing /usr/local/lib/python3.10/dist-packages/airflow/example_dags/example_sensors.py took 0.364 seconds
[2023-10-28T08:31:15.580+0000] {processor.py:156} INFO - Started process (PID=1513864) to work on /usr/local/lib/python3.10/dist-packages/airflow/example_dags/example_sensors.py
[2023-10-28T08:31:15.582+0000] {processor.py:799} INFO - Processing file /usr/local/lib/python3.10/dist-packages/airflow/example_dags/example_sensors.py for tasks to queue
[2023-10-28T08:31:15.584+0000] {logging_mixin.py:149} INFO - [2023-10-28T08:31:15.583+0000] {dagbag.py:541} INFO - Filling up the DagBag from /usr/local/lib/python3.10/dist-packages/airflow/example_dags/example_sensors.py
[2023-10-28T08:31:15.609+0000] {processor.py:809} INFO - DAG(s) dict_keys(['example_sensors']) retrieved from /usr/local/lib/python3.10/dist-packages/airflow/example_dags/example_sensors.py
[2023-10-28T08:31:15.706+0000] {logging_mixin.py:149} INFO - [2023-10-28T08:31:15.705+0000] {dag.py:2726} INFO - Sync 1 DAGs
[2023-10-28T08:31:15.779+0000] {logging_mixin.py:149} INFO - [2023-10-28T08:31:15.779+0000] {dag.py:3486} INFO - Setting next_dagrun for example_sensors to None, run_after=None
[2023-10-28T08:31:15.857+0000] {processor.py:178} INFO - Processing /usr/local/lib/python3.10/dist-packages/airflow/example_dags/example_sensors.py took 0.285 seconds
[2023-10-28T08:31:46.385+0000] {processor.py:156} INFO - Started process (PID=1514450) to work on /usr/local/lib/python3.10/dist-packages/airflow/example_dags/example_sensors.py
[2023-10-28T08:31:46.425+0000] {processor.py:799} INFO - Processing file /usr/local/lib/python3.10/dist-packages/airflow/example_dags/example_sensors.py for tasks to queue
[2023-10-28T08:31:46.427+0000] {logging_mixin.py:149} INFO - [2023-10-28T08:31:46.426+0000] {dagbag.py:541} INFO - Filling up the DagBag from /usr/local/lib/python3.10/dist-packages/airflow/example_dags/example_sensors.py
[2023-10-28T08:31:46.453+0000] {processor.py:809} INFO - DAG(s) dict_keys(['example_sensors']) retrieved from /usr/local/lib/python3.10/dist-packages/airflow/example_dags/example_sensors.py
[2023-10-28T08:31:46.545+0000] {logging_mixin.py:149} INFO - [2023-10-28T08:31:46.544+0000] {dag.py:2726} INFO - Sync 1 DAGs
[2023-10-28T08:31:46.617+0000] {logging_mixin.py:149} INFO - [2023-10-28T08:31:46.616+0000] {dag.py:3486} INFO - Setting next_dagrun for example_sensors to None, run_after=None
[2023-10-28T08:31:46.751+0000] {processor.py:178} INFO - Processing /usr/local/lib/python3.10/dist-packages/airflow/example_dags/example_sensors.py took 0.374 seconds
[2023-10-28T08:32:17.507+0000] {processor.py:156} INFO - Started process (PID=1515087) to work on /usr/local/lib/python3.10/dist-packages/airflow/example_dags/example_sensors.py
[2023-10-28T08:32:17.544+0000] {processor.py:799} INFO - Processing file /usr/local/lib/python3.10/dist-packages/airflow/example_dags/example_sensors.py for tasks to queue
[2023-10-28T08:32:17.546+0000] {logging_mixin.py:149} INFO - [2023-10-28T08:32:17.546+0000] {dagbag.py:541} INFO - Filling up the DagBag from /usr/local/lib/python3.10/dist-packages/airflow/example_dags/example_sensors.py
[2023-10-28T08:32:17.570+0000] {processor.py:809} INFO - DAG(s) dict_keys(['example_sensors']) retrieved from /usr/local/lib/python3.10/dist-packages/airflow/example_dags/example_sensors.py
[2023-10-28T08:32:17.660+0000] {logging_mixin.py:149} INFO - [2023-10-28T08:32:17.660+0000] {dag.py:2726} INFO - Sync 1 DAGs
[2023-10-28T08:32:17.743+0000] {logging_mixin.py:149} INFO - [2023-10-28T08:32:17.742+0000] {dag.py:3486} INFO - Setting next_dagrun for example_sensors to None, run_after=None
[2023-10-28T08:32:17.849+0000] {processor.py:178} INFO - Processing /usr/local/lib/python3.10/dist-packages/airflow/example_dags/example_sensors.py took 0.349 seconds
[2023-10-28T08:32:47.957+0000] {processor.py:156} INFO - Started process (PID=1515685) to work on /usr/local/lib/python3.10/dist-packages/airflow/example_dags/example_sensors.py
[2023-10-28T08:32:47.969+0000] {processor.py:799} INFO - Processing file /usr/local/lib/python3.10/dist-packages/airflow/example_dags/example_sensors.py for tasks to queue
[2023-10-28T08:32:47.971+0000] {logging_mixin.py:149} INFO - [2023-10-28T08:32:47.970+0000] {dagbag.py:541} INFO - Filling up the DagBag from /usr/local/lib/python3.10/dist-packages/airflow/example_dags/example_sensors.py
[2023-10-28T08:32:47.995+0000] {processor.py:809} INFO - DAG(s) dict_keys(['example_sensors']) retrieved from /usr/local/lib/python3.10/dist-packages/airflow/example_dags/example_sensors.py
[2023-10-28T08:32:48.081+0000] {logging_mixin.py:149} INFO - [2023-10-28T08:32:48.081+0000] {dag.py:2726} INFO - Sync 1 DAGs
[2023-10-28T08:32:48.161+0000] {logging_mixin.py:149} INFO - [2023-10-28T08:32:48.159+0000] {dag.py:3486} INFO - Setting next_dagrun for example_sensors to None, run_after=None
[2023-10-28T08:32:48.247+0000] {processor.py:178} INFO - Processing /usr/local/lib/python3.10/dist-packages/airflow/example_dags/example_sensors.py took 0.297 seconds
[2023-10-28T08:33:18.586+0000] {processor.py:156} INFO - Started process (PID=1516158) to work on /usr/local/lib/python3.10/dist-packages/airflow/example_dags/example_sensors.py
[2023-10-28T08:33:18.587+0000] {processor.py:799} INFO - Processing file /usr/local/lib/python3.10/dist-packages/airflow/example_dags/example_sensors.py for tasks to queue
[2023-10-28T08:33:18.589+0000] {logging_mixin.py:149} INFO - [2023-10-28T08:33:18.589+0000] {dagbag.py:541} INFO - Filling up the DagBag from /usr/local/lib/python3.10/dist-packages/airflow/example_dags/example_sensors.py
[2023-10-28T08:33:18.613+0000] {processor.py:809} INFO - DAG(s) dict_keys(['example_sensors']) retrieved from /usr/local/lib/python3.10/dist-packages/airflow/example_dags/example_sensors.py
[2023-10-28T08:33:18.699+0000] {logging_mixin.py:149} INFO - [2023-10-28T08:33:18.698+0000] {dag.py:2726} INFO - Sync 1 DAGs
[2023-10-28T08:33:18.773+0000] {logging_mixin.py:149} INFO - [2023-10-28T08:33:18.773+0000] {dag.py:3486} INFO - Setting next_dagrun for example_sensors to None, run_after=None
[2023-10-28T08:33:18.858+0000] {processor.py:178} INFO - Processing /usr/local/lib/python3.10/dist-packages/airflow/example_dags/example_sensors.py took 0.279 seconds
[2023-10-28T08:33:49.736+0000] {processor.py:156} INFO - Started process (PID=1516518) to work on /usr/local/lib/python3.10/dist-packages/airflow/example_dags/example_sensors.py
[2023-10-28T08:33:49.777+0000] {processor.py:799} INFO - Processing file /usr/local/lib/python3.10/dist-packages/airflow/example_dags/example_sensors.py for tasks to queue
[2023-10-28T08:33:49.780+0000] {logging_mixin.py:149} INFO - [2023-10-28T08:33:49.779+0000] {dagbag.py:541} INFO - Filling up the DagBag from /usr/local/lib/python3.10/dist-packages/airflow/example_dags/example_sensors.py
[2023-10-28T08:33:49.805+0000] {processor.py:809} INFO - DAG(s) dict_keys(['example_sensors']) retrieved from /usr/local/lib/python3.10/dist-packages/airflow/example_dags/example_sensors.py
[2023-10-28T08:33:49.905+0000] {logging_mixin.py:149} INFO - [2023-10-28T08:33:49.905+0000] {dag.py:2726} INFO - Sync 1 DAGs
[2023-10-28T08:33:49.979+0000] {logging_mixin.py:149} INFO - [2023-10-28T08:33:49.978+0000] {dag.py:3486} INFO - Setting next_dagrun for example_sensors to None, run_after=None
[2023-10-28T08:33:50.079+0000] {processor.py:178} INFO - Processing /usr/local/lib/python3.10/dist-packages/airflow/example_dags/example_sensors.py took 0.350 seconds
[2023-10-28T08:34:20.235+0000] {processor.py:156} INFO - Started process (PID=1516915) to work on /usr/local/lib/python3.10/dist-packages/airflow/example_dags/example_sensors.py
[2023-10-28T08:34:20.269+0000] {processor.py:799} INFO - Processing file /usr/local/lib/python3.10/dist-packages/airflow/example_dags/example_sensors.py for tasks to queue
[2023-10-28T08:34:20.271+0000] {logging_mixin.py:149} INFO - [2023-10-28T08:34:20.271+0000] {dagbag.py:541} INFO - Filling up the DagBag from /usr/local/lib/python3.10/dist-packages/airflow/example_dags/example_sensors.py
[2023-10-28T08:34:20.296+0000] {processor.py:809} INFO - DAG(s) dict_keys(['example_sensors']) retrieved from /usr/local/lib/python3.10/dist-packages/airflow/example_dags/example_sensors.py
[2023-10-28T08:34:20.398+0000] {logging_mixin.py:149} INFO - [2023-10-28T08:34:20.397+0000] {dag.py:2726} INFO - Sync 1 DAGs
[2023-10-28T08:34:20.473+0000] {logging_mixin.py:149} INFO - [2023-10-28T08:34:20.473+0000] {dag.py:3486} INFO - Setting next_dagrun for example_sensors to None, run_after=None
[2023-10-28T08:34:20.573+0000] {processor.py:178} INFO - Processing /usr/local/lib/python3.10/dist-packages/airflow/example_dags/example_sensors.py took 0.346 seconds
[2023-10-28T08:34:50.794+0000] {processor.py:156} INFO - Started process (PID=1517270) to work on /usr/local/lib/python3.10/dist-packages/airflow/example_dags/example_sensors.py
[2023-10-28T08:34:50.796+0000] {processor.py:799} INFO - Processing file /usr/local/lib/python3.10/dist-packages/airflow/example_dags/example_sensors.py for tasks to queue
[2023-10-28T08:34:50.798+0000] {logging_mixin.py:149} INFO - [2023-10-28T08:34:50.798+0000] {dagbag.py:541} INFO - Filling up the DagBag from /usr/local/lib/python3.10/dist-packages/airflow/example_dags/example_sensors.py
[2023-10-28T08:34:50.825+0000] {processor.py:809} INFO - DAG(s) dict_keys(['example_sensors']) retrieved from /usr/local/lib/python3.10/dist-packages/airflow/example_dags/example_sensors.py
[2023-10-28T08:34:50.916+0000] {logging_mixin.py:149} INFO - [2023-10-28T08:34:50.915+0000] {dag.py:2726} INFO - Sync 1 DAGs
[2023-10-28T08:34:50.989+0000] {logging_mixin.py:149} INFO - [2023-10-28T08:34:50.988+0000] {dag.py:3486} INFO - Setting next_dagrun for example_sensors to None, run_after=None
[2023-10-28T08:34:51.050+0000] {processor.py:178} INFO - Processing /usr/local/lib/python3.10/dist-packages/airflow/example_dags/example_sensors.py took 0.264 seconds
[2023-10-28T08:35:22.235+0000] {processor.py:156} INFO - Started process (PID=1517831) to work on /usr/local/lib/python3.10/dist-packages/airflow/example_dags/example_sensors.py
[2023-10-28T08:35:22.274+0000] {processor.py:799} INFO - Processing file /usr/local/lib/python3.10/dist-packages/airflow/example_dags/example_sensors.py for tasks to queue
[2023-10-28T08:35:22.276+0000] {logging_mixin.py:149} INFO - [2023-10-28T08:35:22.276+0000] {dagbag.py:541} INFO - Filling up the DagBag from /usr/local/lib/python3.10/dist-packages/airflow/example_dags/example_sensors.py
[2023-10-28T08:35:22.303+0000] {processor.py:809} INFO - DAG(s) dict_keys(['example_sensors']) retrieved from /usr/local/lib/python3.10/dist-packages/airflow/example_dags/example_sensors.py
[2023-10-28T08:35:22.400+0000] {logging_mixin.py:149} INFO - [2023-10-28T08:35:22.400+0000] {dag.py:2726} INFO - Sync 1 DAGs
[2023-10-28T08:35:22.474+0000] {logging_mixin.py:149} INFO - [2023-10-28T08:35:22.473+0000] {dag.py:3486} INFO - Setting next_dagrun for example_sensors to None, run_after=None
[2023-10-28T08:35:22.575+0000] {processor.py:178} INFO - Processing /usr/local/lib/python3.10/dist-packages/airflow/example_dags/example_sensors.py took 0.348 seconds
[2023-10-28T08:35:53.429+0000] {processor.py:156} INFO - Started process (PID=1518287) to work on /usr/local/lib/python3.10/dist-packages/airflow/example_dags/example_sensors.py
[2023-10-28T08:35:53.469+0000] {processor.py:799} INFO - Processing file /usr/local/lib/python3.10/dist-packages/airflow/example_dags/example_sensors.py for tasks to queue
[2023-10-28T08:35:53.471+0000] {logging_mixin.py:149} INFO - [2023-10-28T08:35:53.470+0000] {dagbag.py:541} INFO - Filling up the DagBag from /usr/local/lib/python3.10/dist-packages/airflow/example_dags/example_sensors.py
[2023-10-28T08:35:53.496+0000] {processor.py:809} INFO - DAG(s) dict_keys(['example_sensors']) retrieved from /usr/local/lib/python3.10/dist-packages/airflow/example_dags/example_sensors.py
[2023-10-28T08:35:53.596+0000] {logging_mixin.py:149} INFO - [2023-10-28T08:35:53.595+0000] {dag.py:2726} INFO - Sync 1 DAGs
[2023-10-28T08:35:53.674+0000] {logging_mixin.py:149} INFO - [2023-10-28T08:35:53.674+0000] {dag.py:3486} INFO - Setting next_dagrun for example_sensors to None, run_after=None
[2023-10-28T08:35:53.786+0000] {processor.py:178} INFO - Processing /usr/local/lib/python3.10/dist-packages/airflow/example_dags/example_sensors.py took 0.364 seconds
[2023-10-28T08:36:24.155+0000] {processor.py:156} INFO - Started process (PID=1518672) to work on /usr/local/lib/python3.10/dist-packages/airflow/example_dags/example_sensors.py
[2023-10-28T08:36:24.157+0000] {processor.py:799} INFO - Processing file /usr/local/lib/python3.10/dist-packages/airflow/example_dags/example_sensors.py for tasks to queue
[2023-10-28T08:36:24.159+0000] {logging_mixin.py:149} INFO - [2023-10-28T08:36:24.159+0000] {dagbag.py:541} INFO - Filling up the DagBag from /usr/local/lib/python3.10/dist-packages/airflow/example_dags/example_sensors.py
[2023-10-28T08:36:24.183+0000] {processor.py:809} INFO - DAG(s) dict_keys(['example_sensors']) retrieved from /usr/local/lib/python3.10/dist-packages/airflow/example_dags/example_sensors.py
[2023-10-28T08:36:24.270+0000] {logging_mixin.py:149} INFO - [2023-10-28T08:36:24.270+0000] {dag.py:2726} INFO - Sync 1 DAGs
[2023-10-28T08:36:24.341+0000] {logging_mixin.py:149} INFO - [2023-10-28T08:36:24.340+0000] {dag.py:3486} INFO - Setting next_dagrun for example_sensors to None, run_after=None
[2023-10-28T08:36:24.435+0000] {processor.py:178} INFO - Processing /usr/local/lib/python3.10/dist-packages/airflow/example_dags/example_sensors.py took 0.288 seconds
[2023-10-28T08:36:54.648+0000] {processor.py:156} INFO - Started process (PID=1519101) to work on /usr/local/lib/python3.10/dist-packages/airflow/example_dags/example_sensors.py
[2023-10-28T08:36:54.688+0000] {processor.py:799} INFO - Processing file /usr/local/lib/python3.10/dist-packages/airflow/example_dags/example_sensors.py for tasks to queue
[2023-10-28T08:36:54.690+0000] {logging_mixin.py:149} INFO - [2023-10-28T08:36:54.690+0000] {dagbag.py:541} INFO - Filling up the DagBag from /usr/local/lib/python3.10/dist-packages/airflow/example_dags/example_sensors.py
[2023-10-28T08:36:54.720+0000] {processor.py:809} INFO - DAG(s) dict_keys(['example_sensors']) retrieved from /usr/local/lib/python3.10/dist-packages/airflow/example_dags/example_sensors.py
[2023-10-28T08:36:54.816+0000] {logging_mixin.py:149} INFO - [2023-10-28T08:36:54.815+0000] {dag.py:2726} INFO - Sync 1 DAGs
[2023-10-28T08:36:54.894+0000] {logging_mixin.py:149} INFO - [2023-10-28T08:36:54.894+0000] {dag.py:3486} INFO - Setting next_dagrun for example_sensors to None, run_after=None
[2023-10-28T08:36:55.003+0000] {processor.py:178} INFO - Processing /usr/local/lib/python3.10/dist-packages/airflow/example_dags/example_sensors.py took 0.362 seconds
[2023-10-28T08:37:25.082+0000] {processor.py:156} INFO - Started process (PID=1519528) to work on /usr/local/lib/python3.10/dist-packages/airflow/example_dags/example_sensors.py
[2023-10-28T08:37:25.084+0000] {processor.py:799} INFO - Processing file /usr/local/lib/python3.10/dist-packages/airflow/example_dags/example_sensors.py for tasks to queue
[2023-10-28T08:37:25.086+0000] {logging_mixin.py:149} INFO - [2023-10-28T08:37:25.085+0000] {dagbag.py:541} INFO - Filling up the DagBag from /usr/local/lib/python3.10/dist-packages/airflow/example_dags/example_sensors.py
[2023-10-28T08:37:25.108+0000] {processor.py:809} INFO - DAG(s) dict_keys(['example_sensors']) retrieved from /usr/local/lib/python3.10/dist-packages/airflow/example_dags/example_sensors.py
[2023-10-28T08:37:25.201+0000] {logging_mixin.py:149} INFO - [2023-10-28T08:37:25.201+0000] {dag.py:2726} INFO - Sync 1 DAGs
[2023-10-28T08:37:25.278+0000] {logging_mixin.py:149} INFO - [2023-10-28T08:37:25.277+0000] {dag.py:3486} INFO - Setting next_dagrun for example_sensors to None, run_after=None
[2023-10-28T08:37:25.380+0000] {processor.py:178} INFO - Processing /usr/local/lib/python3.10/dist-packages/airflow/example_dags/example_sensors.py took 0.304 seconds
[2023-10-28T08:37:55.685+0000] {processor.py:156} INFO - Started process (PID=1519917) to work on /usr/local/lib/python3.10/dist-packages/airflow/example_dags/example_sensors.py
[2023-10-28T08:37:55.725+0000] {processor.py:799} INFO - Processing file /usr/local/lib/python3.10/dist-packages/airflow/example_dags/example_sensors.py for tasks to queue
[2023-10-28T08:37:55.727+0000] {logging_mixin.py:149} INFO - [2023-10-28T08:37:55.726+0000] {dagbag.py:541} INFO - Filling up the DagBag from /usr/local/lib/python3.10/dist-packages/airflow/example_dags/example_sensors.py
[2023-10-28T08:37:55.752+0000] {processor.py:809} INFO - DAG(s) dict_keys(['example_sensors']) retrieved from /usr/local/lib/python3.10/dist-packages/airflow/example_dags/example_sensors.py
[2023-10-28T08:37:55.855+0000] {logging_mixin.py:149} INFO - [2023-10-28T08:37:55.854+0000] {dag.py:2726} INFO - Sync 1 DAGs
[2023-10-28T08:37:55.935+0000] {logging_mixin.py:149} INFO - [2023-10-28T08:37:55.934+0000] {dag.py:3486} INFO - Setting next_dagrun for example_sensors to None, run_after=None
[2023-10-28T08:37:56.027+0000] {processor.py:178} INFO - Processing /usr/local/lib/python3.10/dist-packages/airflow/example_dags/example_sensors.py took 0.351 seconds
[2023-10-28T08:38:26.419+0000] {processor.py:156} INFO - Started process (PID=1520450) to work on /usr/local/lib/python3.10/dist-packages/airflow/example_dags/example_sensors.py
[2023-10-28T08:38:26.421+0000] {processor.py:799} INFO - Processing file /usr/local/lib/python3.10/dist-packages/airflow/example_dags/example_sensors.py for tasks to queue
[2023-10-28T08:38:26.423+0000] {logging_mixin.py:149} INFO - [2023-10-28T08:38:26.422+0000] {dagbag.py:541} INFO - Filling up the DagBag from /usr/local/lib/python3.10/dist-packages/airflow/example_dags/example_sensors.py
[2023-10-28T08:38:26.449+0000] {processor.py:809} INFO - DAG(s) dict_keys(['example_sensors']) retrieved from /usr/local/lib/python3.10/dist-packages/airflow/example_dags/example_sensors.py
[2023-10-28T08:38:26.546+0000] {logging_mixin.py:149} INFO - [2023-10-28T08:38:26.545+0000] {dag.py:2726} INFO - Sync 1 DAGs
[2023-10-28T08:38:26.626+0000] {logging_mixin.py:149} INFO - [2023-10-28T08:38:26.626+0000] {dag.py:3486} INFO - Setting next_dagrun for example_sensors to None, run_after=None
[2023-10-28T08:38:26.727+0000] {processor.py:178} INFO - Processing /usr/local/lib/python3.10/dist-packages/airflow/example_dags/example_sensors.py took 0.316 seconds
[2023-10-28T08:38:57.210+0000] {processor.py:156} INFO - Started process (PID=1520952) to work on /usr/local/lib/python3.10/dist-packages/airflow/example_dags/example_sensors.py
[2023-10-28T08:38:57.213+0000] {processor.py:799} INFO - Processing file /usr/local/lib/python3.10/dist-packages/airflow/example_dags/example_sensors.py for tasks to queue
[2023-10-28T08:38:57.216+0000] {logging_mixin.py:149} INFO - [2023-10-28T08:38:57.215+0000] {dagbag.py:541} INFO - Filling up the DagBag from /usr/local/lib/python3.10/dist-packages/airflow/example_dags/example_sensors.py
[2023-10-28T08:38:57.245+0000] {processor.py:809} INFO - DAG(s) dict_keys(['example_sensors']) retrieved from /usr/local/lib/python3.10/dist-packages/airflow/example_dags/example_sensors.py
[2023-10-28T08:38:57.343+0000] {logging_mixin.py:149} INFO - [2023-10-28T08:38:57.343+0000] {dag.py:2726} INFO - Sync 1 DAGs
[2023-10-28T08:38:57.415+0000] {logging_mixin.py:149} INFO - [2023-10-28T08:38:57.415+0000] {dag.py:3486} INFO - Setting next_dagrun for example_sensors to None, run_after=None
[2023-10-28T08:38:57.525+0000] {processor.py:178} INFO - Processing /usr/local/lib/python3.10/dist-packages/airflow/example_dags/example_sensors.py took 0.323 seconds
[2023-10-28T08:39:27.661+0000] {processor.py:156} INFO - Started process (PID=1521461) to work on /usr/local/lib/python3.10/dist-packages/airflow/example_dags/example_sensors.py
[2023-10-28T08:39:27.663+0000] {processor.py:799} INFO - Processing file /usr/local/lib/python3.10/dist-packages/airflow/example_dags/example_sensors.py for tasks to queue
[2023-10-28T08:39:27.665+0000] {logging_mixin.py:149} INFO - [2023-10-28T08:39:27.664+0000] {dagbag.py:541} INFO - Filling up the DagBag from /usr/local/lib/python3.10/dist-packages/airflow/example_dags/example_sensors.py
[2023-10-28T08:39:27.691+0000] {processor.py:809} INFO - DAG(s) dict_keys(['example_sensors']) retrieved from /usr/local/lib/python3.10/dist-packages/airflow/example_dags/example_sensors.py
[2023-10-28T08:39:27.792+0000] {logging_mixin.py:149} INFO - [2023-10-28T08:39:27.792+0000] {dag.py:2726} INFO - Sync 1 DAGs
[2023-10-28T08:39:27.868+0000] {logging_mixin.py:149} INFO - [2023-10-28T08:39:27.867+0000] {dag.py:3486} INFO - Setting next_dagrun for example_sensors to None, run_after=None
[2023-10-28T08:39:27.970+0000] {processor.py:178} INFO - Processing /usr/local/lib/python3.10/dist-packages/airflow/example_dags/example_sensors.py took 0.318 seconds
