[2023-10-28T07:58:07.674+0000] {processor.py:156} INFO - Started process (PID=1491759) to work on /usr/local/lib/python3.10/dist-packages/airflow/example_dags/example_bash_operator.py
[2023-10-28T07:58:07.676+0000] {processor.py:799} INFO - Processing file /usr/local/lib/python3.10/dist-packages/airflow/example_dags/example_bash_operator.py for tasks to queue
[2023-10-28T07:58:07.678+0000] {logging_mixin.py:149} INFO - [2023-10-28T07:58:07.678+0000] {dagbag.py:541} INFO - Filling up the DagBag from /usr/local/lib/python3.10/dist-packages/airflow/example_dags/example_bash_operator.py
[2023-10-28T07:58:07.714+0000] {processor.py:809} INFO - DAG(s) dict_keys(['example_bash_operator']) retrieved from /usr/local/lib/python3.10/dist-packages/airflow/example_dags/example_bash_operator.py
[2023-10-28T07:58:08.257+0000] {logging_mixin.py:149} INFO - [2023-10-28T07:58:08.257+0000] {manager.py:504} INFO - Created Permission View: can read on DAG:example_bash_operator
[2023-10-28T07:58:08.284+0000] {logging_mixin.py:149} INFO - [2023-10-28T07:58:08.284+0000] {manager.py:504} INFO - Created Permission View: can edit on DAG:example_bash_operator
[2023-10-28T07:58:08.309+0000] {logging_mixin.py:149} INFO - [2023-10-28T07:58:08.308+0000] {manager.py:504} INFO - Created Permission View: can delete on DAG:example_bash_operator
[2023-10-28T07:58:08.310+0000] {logging_mixin.py:149} INFO - [2023-10-28T07:58:08.309+0000] {dag.py:2726} INFO - Sync 1 DAGs
[2023-10-28T07:58:08.337+0000] {logging_mixin.py:149} INFO - [2023-10-28T07:58:08.337+0000] {dag.py:2747} INFO - Creating ORM DAG for example_bash_operator
[2023-10-28T07:58:08.366+0000] {logging_mixin.py:149} INFO - [2023-10-28T07:58:08.365+0000] {dag.py:3486} INFO - Setting next_dagrun for example_bash_operator to 2023-10-27T00:00:00+00:00, run_after=2023-10-28T00:00:00+00:00
[2023-10-28T07:58:08.462+0000] {processor.py:178} INFO - Processing /usr/local/lib/python3.10/dist-packages/airflow/example_dags/example_bash_operator.py took 0.795 seconds
[2023-10-28T07:59:19.978+0000] {processor.py:156} INFO - Started process (PID=1492350) to work on /usr/local/lib/python3.10/dist-packages/airflow/example_dags/example_bash_operator.py
[2023-10-28T07:59:20.013+0000] {processor.py:799} INFO - Processing file /usr/local/lib/python3.10/dist-packages/airflow/example_dags/example_bash_operator.py for tasks to queue
[2023-10-28T07:59:20.015+0000] {logging_mixin.py:149} INFO - [2023-10-28T07:59:20.014+0000] {dagbag.py:541} INFO - Filling up the DagBag from /usr/local/lib/python3.10/dist-packages/airflow/example_dags/example_bash_operator.py
[2023-10-28T07:59:20.055+0000] {processor.py:809} INFO - DAG(s) dict_keys(['example_bash_operator']) retrieved from /usr/local/lib/python3.10/dist-packages/airflow/example_dags/example_bash_operator.py
[2023-10-28T07:59:20.143+0000] {logging_mixin.py:149} INFO - [2023-10-28T07:59:20.143+0000] {dag.py:2726} INFO - Sync 1 DAGs
[2023-10-28T07:59:20.206+0000] {logging_mixin.py:149} INFO - [2023-10-28T07:59:20.205+0000] {dag.py:3486} INFO - Setting next_dagrun for example_bash_operator to 2023-10-27T00:00:00+00:00, run_after=2023-10-28T00:00:00+00:00
[2023-10-28T07:59:20.301+0000] {processor.py:178} INFO - Processing /usr/local/lib/python3.10/dist-packages/airflow/example_dags/example_bash_operator.py took 0.330 seconds
[2023-10-28T08:15:33.495+0000] {processor.py:156} INFO - Started process (PID=1498178) to work on /usr/local/lib/python3.10/dist-packages/airflow/example_dags/example_bash_operator.py
[2023-10-28T08:15:33.533+0000] {processor.py:799} INFO - Processing file /usr/local/lib/python3.10/dist-packages/airflow/example_dags/example_bash_operator.py for tasks to queue
[2023-10-28T08:15:33.534+0000] {logging_mixin.py:149} INFO - [2023-10-28T08:15:33.534+0000] {dagbag.py:541} INFO - Filling up the DagBag from /usr/local/lib/python3.10/dist-packages/airflow/example_dags/example_bash_operator.py
[2023-10-28T08:15:33.778+0000] {processor.py:809} INFO - DAG(s) dict_keys(['example_bash_operator']) retrieved from /usr/local/lib/python3.10/dist-packages/airflow/example_dags/example_bash_operator.py
[2023-10-28T08:15:34.163+0000] {logging_mixin.py:149} INFO - [2023-10-28T08:15:34.162+0000] {manager.py:504} INFO - Created Permission View: can read on DAG:example_bash_operator
[2023-10-28T08:15:34.195+0000] {logging_mixin.py:149} INFO - [2023-10-28T08:15:34.194+0000] {manager.py:504} INFO - Created Permission View: can delete on DAG:example_bash_operator
[2023-10-28T08:15:34.222+0000] {logging_mixin.py:149} INFO - [2023-10-28T08:15:34.221+0000] {manager.py:504} INFO - Created Permission View: can edit on DAG:example_bash_operator
[2023-10-28T08:15:34.223+0000] {logging_mixin.py:149} INFO - [2023-10-28T08:15:34.223+0000] {dag.py:2726} INFO - Sync 1 DAGs
[2023-10-28T08:15:34.261+0000] {logging_mixin.py:149} INFO - [2023-10-28T08:15:34.260+0000] {dag.py:2747} INFO - Creating ORM DAG for example_bash_operator
[2023-10-28T08:15:34.297+0000] {logging_mixin.py:149} INFO - [2023-10-28T08:15:34.297+0000] {dag.py:3486} INFO - Setting next_dagrun for example_bash_operator to 2023-10-27T00:00:00+00:00, run_after=2023-10-28T00:00:00+00:00
[2023-10-28T08:15:34.398+0000] {processor.py:178} INFO - Processing /usr/local/lib/python3.10/dist-packages/airflow/example_dags/example_bash_operator.py took 0.910 seconds
[2023-10-28T08:16:04.717+0000] {processor.py:156} INFO - Started process (PID=1499017) to work on /usr/local/lib/python3.10/dist-packages/airflow/example_dags/example_bash_operator.py
[2023-10-28T08:16:04.719+0000] {processor.py:799} INFO - Processing file /usr/local/lib/python3.10/dist-packages/airflow/example_dags/example_bash_operator.py for tasks to queue
[2023-10-28T08:16:04.722+0000] {logging_mixin.py:149} INFO - [2023-10-28T08:16:04.721+0000] {dagbag.py:541} INFO - Filling up the DagBag from /usr/local/lib/python3.10/dist-packages/airflow/example_dags/example_bash_operator.py
[2023-10-28T08:16:04.758+0000] {processor.py:809} INFO - DAG(s) dict_keys(['example_bash_operator']) retrieved from /usr/local/lib/python3.10/dist-packages/airflow/example_dags/example_bash_operator.py
[2023-10-28T08:16:04.876+0000] {logging_mixin.py:149} INFO - [2023-10-28T08:16:04.876+0000] {dag.py:2726} INFO - Sync 1 DAGs
[2023-10-28T08:16:04.953+0000] {logging_mixin.py:149} INFO - [2023-10-28T08:16:04.952+0000] {dag.py:3486} INFO - Setting next_dagrun for example_bash_operator to 2023-10-27T00:00:00+00:00, run_after=2023-10-28T00:00:00+00:00
[2023-10-28T08:16:05.051+0000] {processor.py:178} INFO - Processing /usr/local/lib/python3.10/dist-packages/airflow/example_dags/example_bash_operator.py took 0.341 seconds
[2023-10-28T08:16:35.738+0000] {processor.py:156} INFO - Started process (PID=1500189) to work on /usr/local/lib/python3.10/dist-packages/airflow/example_dags/example_bash_operator.py
[2023-10-28T08:16:35.773+0000] {processor.py:799} INFO - Processing file /usr/local/lib/python3.10/dist-packages/airflow/example_dags/example_bash_operator.py for tasks to queue
[2023-10-28T08:16:35.775+0000] {logging_mixin.py:149} INFO - [2023-10-28T08:16:35.775+0000] {dagbag.py:541} INFO - Filling up the DagBag from /usr/local/lib/python3.10/dist-packages/airflow/example_dags/example_bash_operator.py
[2023-10-28T08:16:35.809+0000] {processor.py:809} INFO - DAG(s) dict_keys(['example_bash_operator']) retrieved from /usr/local/lib/python3.10/dist-packages/airflow/example_dags/example_bash_operator.py
[2023-10-28T08:16:35.937+0000] {logging_mixin.py:149} INFO - [2023-10-28T08:16:35.936+0000] {dag.py:2726} INFO - Sync 1 DAGs
[2023-10-28T08:16:36.014+0000] {logging_mixin.py:149} INFO - [2023-10-28T08:16:36.013+0000] {dag.py:3486} INFO - Setting next_dagrun for example_bash_operator to 2023-10-27T00:00:00+00:00, run_after=2023-10-28T00:00:00+00:00
[2023-10-28T08:16:36.082+0000] {processor.py:178} INFO - Processing /usr/local/lib/python3.10/dist-packages/airflow/example_dags/example_bash_operator.py took 0.352 seconds
[2023-10-28T08:17:06.283+0000] {processor.py:156} INFO - Started process (PID=1500868) to work on /usr/local/lib/python3.10/dist-packages/airflow/example_dags/example_bash_operator.py
[2023-10-28T08:17:06.285+0000] {processor.py:799} INFO - Processing file /usr/local/lib/python3.10/dist-packages/airflow/example_dags/example_bash_operator.py for tasks to queue
[2023-10-28T08:17:06.287+0000] {logging_mixin.py:149} INFO - [2023-10-28T08:17:06.286+0000] {dagbag.py:541} INFO - Filling up the DagBag from /usr/local/lib/python3.10/dist-packages/airflow/example_dags/example_bash_operator.py
[2023-10-28T08:17:06.324+0000] {processor.py:809} INFO - DAG(s) dict_keys(['example_bash_operator']) retrieved from /usr/local/lib/python3.10/dist-packages/airflow/example_dags/example_bash_operator.py
[2023-10-28T08:17:06.449+0000] {logging_mixin.py:149} INFO - [2023-10-28T08:17:06.448+0000] {dag.py:2726} INFO - Sync 1 DAGs
[2023-10-28T08:17:06.537+0000] {logging_mixin.py:149} INFO - [2023-10-28T08:17:06.537+0000] {dag.py:3486} INFO - Setting next_dagrun for example_bash_operator to 2023-10-27T00:00:00+00:00, run_after=2023-10-28T00:00:00+00:00
[2023-10-28T08:17:06.616+0000] {processor.py:178} INFO - Processing /usr/local/lib/python3.10/dist-packages/airflow/example_dags/example_bash_operator.py took 0.343 seconds
[2023-10-28T08:17:37.032+0000] {processor.py:156} INFO - Started process (PID=1501266) to work on /usr/local/lib/python3.10/dist-packages/airflow/example_dags/example_bash_operator.py
[2023-10-28T08:17:37.069+0000] {processor.py:799} INFO - Processing file /usr/local/lib/python3.10/dist-packages/airflow/example_dags/example_bash_operator.py for tasks to queue
[2023-10-28T08:17:37.071+0000] {logging_mixin.py:149} INFO - [2023-10-28T08:17:37.071+0000] {dagbag.py:541} INFO - Filling up the DagBag from /usr/local/lib/python3.10/dist-packages/airflow/example_dags/example_bash_operator.py
[2023-10-28T08:17:37.111+0000] {processor.py:809} INFO - DAG(s) dict_keys(['example_bash_operator']) retrieved from /usr/local/lib/python3.10/dist-packages/airflow/example_dags/example_bash_operator.py
[2023-10-28T08:17:37.226+0000] {logging_mixin.py:149} INFO - [2023-10-28T08:17:37.226+0000] {dag.py:2726} INFO - Sync 1 DAGs
[2023-10-28T08:17:37.302+0000] {logging_mixin.py:149} INFO - [2023-10-28T08:17:37.302+0000] {dag.py:3486} INFO - Setting next_dagrun for example_bash_operator to 2023-10-27T00:00:00+00:00, run_after=2023-10-28T00:00:00+00:00
[2023-10-28T08:17:37.363+0000] {processor.py:178} INFO - Processing /usr/local/lib/python3.10/dist-packages/airflow/example_dags/example_bash_operator.py took 0.340 seconds
[2023-10-28T08:18:07.612+0000] {processor.py:156} INFO - Started process (PID=1501649) to work on /usr/local/lib/python3.10/dist-packages/airflow/example_dags/example_bash_operator.py
[2023-10-28T08:18:07.644+0000] {processor.py:799} INFO - Processing file /usr/local/lib/python3.10/dist-packages/airflow/example_dags/example_bash_operator.py for tasks to queue
[2023-10-28T08:18:07.646+0000] {logging_mixin.py:149} INFO - [2023-10-28T08:18:07.646+0000] {dagbag.py:541} INFO - Filling up the DagBag from /usr/local/lib/python3.10/dist-packages/airflow/example_dags/example_bash_operator.py
[2023-10-28T08:18:07.680+0000] {processor.py:809} INFO - DAG(s) dict_keys(['example_bash_operator']) retrieved from /usr/local/lib/python3.10/dist-packages/airflow/example_dags/example_bash_operator.py
[2023-10-28T08:18:07.798+0000] {logging_mixin.py:149} INFO - [2023-10-28T08:18:07.798+0000] {dag.py:2726} INFO - Sync 1 DAGs
[2023-10-28T08:18:07.878+0000] {logging_mixin.py:149} INFO - [2023-10-28T08:18:07.878+0000] {dag.py:3486} INFO - Setting next_dagrun for example_bash_operator to 2023-10-27T00:00:00+00:00, run_after=2023-10-28T00:00:00+00:00
[2023-10-28T08:18:07.940+0000] {processor.py:178} INFO - Processing /usr/local/lib/python3.10/dist-packages/airflow/example_dags/example_bash_operator.py took 0.335 seconds
[2023-10-28T08:18:38.666+0000] {processor.py:156} INFO - Started process (PID=1502003) to work on /usr/local/lib/python3.10/dist-packages/airflow/example_dags/example_bash_operator.py
[2023-10-28T08:18:38.713+0000] {processor.py:799} INFO - Processing file /usr/local/lib/python3.10/dist-packages/airflow/example_dags/example_bash_operator.py for tasks to queue
[2023-10-28T08:18:38.714+0000] {logging_mixin.py:149} INFO - [2023-10-28T08:18:38.714+0000] {dagbag.py:541} INFO - Filling up the DagBag from /usr/local/lib/python3.10/dist-packages/airflow/example_dags/example_bash_operator.py
[2023-10-28T08:18:38.749+0000] {processor.py:809} INFO - DAG(s) dict_keys(['example_bash_operator']) retrieved from /usr/local/lib/python3.10/dist-packages/airflow/example_dags/example_bash_operator.py
[2023-10-28T08:18:38.865+0000] {logging_mixin.py:149} INFO - [2023-10-28T08:18:38.864+0000] {dag.py:2726} INFO - Sync 1 DAGs
[2023-10-28T08:18:38.943+0000] {logging_mixin.py:149} INFO - [2023-10-28T08:18:38.943+0000] {dag.py:3486} INFO - Setting next_dagrun for example_bash_operator to 2023-10-27T00:00:00+00:00, run_after=2023-10-28T00:00:00+00:00
[2023-10-28T08:18:39.006+0000] {processor.py:178} INFO - Processing /usr/local/lib/python3.10/dist-packages/airflow/example_dags/example_bash_operator.py took 0.348 seconds
[2023-10-28T08:19:09.384+0000] {processor.py:156} INFO - Started process (PID=1502396) to work on /usr/local/lib/python3.10/dist-packages/airflow/example_dags/example_bash_operator.py
[2023-10-28T08:19:09.404+0000] {processor.py:799} INFO - Processing file /usr/local/lib/python3.10/dist-packages/airflow/example_dags/example_bash_operator.py for tasks to queue
[2023-10-28T08:19:09.406+0000] {logging_mixin.py:149} INFO - [2023-10-28T08:19:09.406+0000] {dagbag.py:541} INFO - Filling up the DagBag from /usr/local/lib/python3.10/dist-packages/airflow/example_dags/example_bash_operator.py
[2023-10-28T08:19:09.441+0000] {processor.py:809} INFO - DAG(s) dict_keys(['example_bash_operator']) retrieved from /usr/local/lib/python3.10/dist-packages/airflow/example_dags/example_bash_operator.py
[2023-10-28T08:19:09.576+0000] {logging_mixin.py:149} INFO - [2023-10-28T08:19:09.575+0000] {dag.py:2726} INFO - Sync 1 DAGs
[2023-10-28T08:19:09.662+0000] {logging_mixin.py:149} INFO - [2023-10-28T08:19:09.661+0000] {dag.py:3486} INFO - Setting next_dagrun for example_bash_operator to 2023-10-27T00:00:00+00:00, run_after=2023-10-28T00:00:00+00:00
[2023-10-28T08:19:09.731+0000] {processor.py:178} INFO - Processing /usr/local/lib/python3.10/dist-packages/airflow/example_dags/example_bash_operator.py took 0.354 seconds
[2023-10-28T08:19:40.661+0000] {processor.py:156} INFO - Started process (PID=1502759) to work on /usr/local/lib/python3.10/dist-packages/airflow/example_dags/example_bash_operator.py
[2023-10-28T08:19:40.713+0000] {processor.py:799} INFO - Processing file /usr/local/lib/python3.10/dist-packages/airflow/example_dags/example_bash_operator.py for tasks to queue
[2023-10-28T08:19:40.715+0000] {logging_mixin.py:149} INFO - [2023-10-28T08:19:40.714+0000] {dagbag.py:541} INFO - Filling up the DagBag from /usr/local/lib/python3.10/dist-packages/airflow/example_dags/example_bash_operator.py
[2023-10-28T08:19:40.754+0000] {processor.py:809} INFO - DAG(s) dict_keys(['example_bash_operator']) retrieved from /usr/local/lib/python3.10/dist-packages/airflow/example_dags/example_bash_operator.py
[2023-10-28T08:19:40.875+0000] {logging_mixin.py:149} INFO - [2023-10-28T08:19:40.874+0000] {dag.py:2726} INFO - Sync 1 DAGs
[2023-10-28T08:19:40.952+0000] {logging_mixin.py:149} INFO - [2023-10-28T08:19:40.951+0000] {dag.py:3486} INFO - Setting next_dagrun for example_bash_operator to 2023-10-27T00:00:00+00:00, run_after=2023-10-28T00:00:00+00:00
[2023-10-28T08:19:41.052+0000] {processor.py:178} INFO - Processing /usr/local/lib/python3.10/dist-packages/airflow/example_dags/example_bash_operator.py took 0.398 seconds
[2023-10-28T08:20:11.233+0000] {processor.py:156} INFO - Started process (PID=1503152) to work on /usr/local/lib/python3.10/dist-packages/airflow/example_dags/example_bash_operator.py
[2023-10-28T08:20:11.236+0000] {processor.py:799} INFO - Processing file /usr/local/lib/python3.10/dist-packages/airflow/example_dags/example_bash_operator.py for tasks to queue
[2023-10-28T08:20:11.238+0000] {logging_mixin.py:149} INFO - [2023-10-28T08:20:11.238+0000] {dagbag.py:541} INFO - Filling up the DagBag from /usr/local/lib/python3.10/dist-packages/airflow/example_dags/example_bash_operator.py
[2023-10-28T08:20:11.280+0000] {processor.py:809} INFO - DAG(s) dict_keys(['example_bash_operator']) retrieved from /usr/local/lib/python3.10/dist-packages/airflow/example_dags/example_bash_operator.py
[2023-10-28T08:20:11.407+0000] {logging_mixin.py:149} INFO - [2023-10-28T08:20:11.406+0000] {dag.py:2726} INFO - Sync 1 DAGs
[2023-10-28T08:20:11.492+0000] {logging_mixin.py:149} INFO - [2023-10-28T08:20:11.491+0000] {dag.py:3486} INFO - Setting next_dagrun for example_bash_operator to 2023-10-27T00:00:00+00:00, run_after=2023-10-28T00:00:00+00:00
[2023-10-28T08:20:11.562+0000] {processor.py:178} INFO - Processing /usr/local/lib/python3.10/dist-packages/airflow/example_dags/example_bash_operator.py took 0.337 seconds
[2023-10-28T08:20:42.020+0000] {processor.py:156} INFO - Started process (PID=1503641) to work on /usr/local/lib/python3.10/dist-packages/airflow/example_dags/example_bash_operator.py
[2023-10-28T08:20:42.079+0000] {processor.py:799} INFO - Processing file /usr/local/lib/python3.10/dist-packages/airflow/example_dags/example_bash_operator.py for tasks to queue
[2023-10-28T08:20:42.081+0000] {logging_mixin.py:149} INFO - [2023-10-28T08:20:42.080+0000] {dagbag.py:541} INFO - Filling up the DagBag from /usr/local/lib/python3.10/dist-packages/airflow/example_dags/example_bash_operator.py
[2023-10-28T08:20:42.124+0000] {processor.py:809} INFO - DAG(s) dict_keys(['example_bash_operator']) retrieved from /usr/local/lib/python3.10/dist-packages/airflow/example_dags/example_bash_operator.py
[2023-10-28T08:20:42.249+0000] {logging_mixin.py:149} INFO - [2023-10-28T08:20:42.248+0000] {dag.py:2726} INFO - Sync 1 DAGs
[2023-10-28T08:20:42.336+0000] {logging_mixin.py:149} INFO - [2023-10-28T08:20:42.336+0000] {dag.py:3486} INFO - Setting next_dagrun for example_bash_operator to 2023-10-27T00:00:00+00:00, run_after=2023-10-28T00:00:00+00:00
[2023-10-28T08:20:42.398+0000] {processor.py:178} INFO - Processing /usr/local/lib/python3.10/dist-packages/airflow/example_dags/example_bash_operator.py took 0.384 seconds
[2023-10-28T08:21:12.744+0000] {processor.py:156} INFO - Started process (PID=1504148) to work on /usr/local/lib/python3.10/dist-packages/airflow/example_dags/example_bash_operator.py
[2023-10-28T08:21:12.746+0000] {processor.py:799} INFO - Processing file /usr/local/lib/python3.10/dist-packages/airflow/example_dags/example_bash_operator.py for tasks to queue
[2023-10-28T08:21:12.748+0000] {logging_mixin.py:149} INFO - [2023-10-28T08:21:12.748+0000] {dagbag.py:541} INFO - Filling up the DagBag from /usr/local/lib/python3.10/dist-packages/airflow/example_dags/example_bash_operator.py
[2023-10-28T08:21:12.782+0000] {processor.py:809} INFO - DAG(s) dict_keys(['example_bash_operator']) retrieved from /usr/local/lib/python3.10/dist-packages/airflow/example_dags/example_bash_operator.py
[2023-10-28T08:21:12.900+0000] {logging_mixin.py:149} INFO - [2023-10-28T08:21:12.900+0000] {dag.py:2726} INFO - Sync 1 DAGs
[2023-10-28T08:21:12.979+0000] {logging_mixin.py:149} INFO - [2023-10-28T08:21:12.978+0000] {dag.py:3486} INFO - Setting next_dagrun for example_bash_operator to 2023-10-27T00:00:00+00:00, run_after=2023-10-28T00:00:00+00:00
[2023-10-28T08:21:13.041+0000] {processor.py:178} INFO - Processing /usr/local/lib/python3.10/dist-packages/airflow/example_dags/example_bash_operator.py took 0.305 seconds
[2023-10-28T08:21:43.562+0000] {processor.py:156} INFO - Started process (PID=1504973) to work on /usr/local/lib/python3.10/dist-packages/airflow/example_dags/example_bash_operator.py
[2023-10-28T08:21:43.601+0000] {processor.py:799} INFO - Processing file /usr/local/lib/python3.10/dist-packages/airflow/example_dags/example_bash_operator.py for tasks to queue
[2023-10-28T08:21:43.603+0000] {logging_mixin.py:149} INFO - [2023-10-28T08:21:43.602+0000] {dagbag.py:541} INFO - Filling up the DagBag from /usr/local/lib/python3.10/dist-packages/airflow/example_dags/example_bash_operator.py
[2023-10-28T08:21:43.644+0000] {processor.py:809} INFO - DAG(s) dict_keys(['example_bash_operator']) retrieved from /usr/local/lib/python3.10/dist-packages/airflow/example_dags/example_bash_operator.py
[2023-10-28T08:21:43.795+0000] {logging_mixin.py:149} INFO - [2023-10-28T08:21:43.795+0000] {dag.py:2726} INFO - Sync 1 DAGs
[2023-10-28T08:21:43.883+0000] {logging_mixin.py:149} INFO - [2023-10-28T08:21:43.882+0000] {dag.py:3486} INFO - Setting next_dagrun for example_bash_operator to 2023-10-27T00:00:00+00:00, run_after=2023-10-28T00:00:00+00:00
[2023-10-28T08:21:43.956+0000] {processor.py:178} INFO - Processing /usr/local/lib/python3.10/dist-packages/airflow/example_dags/example_bash_operator.py took 0.402 seconds
[2023-10-28T08:22:14.830+0000] {processor.py:156} INFO - Started process (PID=1505555) to work on /usr/local/lib/python3.10/dist-packages/airflow/example_dags/example_bash_operator.py
[2023-10-28T08:22:14.864+0000] {processor.py:799} INFO - Processing file /usr/local/lib/python3.10/dist-packages/airflow/example_dags/example_bash_operator.py for tasks to queue
[2023-10-28T08:22:14.866+0000] {logging_mixin.py:149} INFO - [2023-10-28T08:22:14.866+0000] {dagbag.py:541} INFO - Filling up the DagBag from /usr/local/lib/python3.10/dist-packages/airflow/example_dags/example_bash_operator.py
[2023-10-28T08:22:14.901+0000] {processor.py:809} INFO - DAG(s) dict_keys(['example_bash_operator']) retrieved from /usr/local/lib/python3.10/dist-packages/airflow/example_dags/example_bash_operator.py
[2023-10-28T08:22:15.023+0000] {logging_mixin.py:149} INFO - [2023-10-28T08:22:15.022+0000] {dag.py:2726} INFO - Sync 1 DAGs
[2023-10-28T08:22:15.108+0000] {logging_mixin.py:149} INFO - [2023-10-28T08:22:15.107+0000] {dag.py:3486} INFO - Setting next_dagrun for example_bash_operator to 2023-10-27T00:00:00+00:00, run_after=2023-10-28T00:00:00+00:00
[2023-10-28T08:22:15.171+0000] {processor.py:178} INFO - Processing /usr/local/lib/python3.10/dist-packages/airflow/example_dags/example_bash_operator.py took 0.348 seconds
[2023-10-28T08:22:45.471+0000] {processor.py:156} INFO - Started process (PID=1506140) to work on /usr/local/lib/python3.10/dist-packages/airflow/example_dags/example_bash_operator.py
[2023-10-28T08:22:45.505+0000] {processor.py:799} INFO - Processing file /usr/local/lib/python3.10/dist-packages/airflow/example_dags/example_bash_operator.py for tasks to queue
[2023-10-28T08:22:45.507+0000] {logging_mixin.py:149} INFO - [2023-10-28T08:22:45.506+0000] {dagbag.py:541} INFO - Filling up the DagBag from /usr/local/lib/python3.10/dist-packages/airflow/example_dags/example_bash_operator.py
[2023-10-28T08:22:45.548+0000] {processor.py:809} INFO - DAG(s) dict_keys(['example_bash_operator']) retrieved from /usr/local/lib/python3.10/dist-packages/airflow/example_dags/example_bash_operator.py
[2023-10-28T08:22:45.674+0000] {logging_mixin.py:149} INFO - [2023-10-28T08:22:45.674+0000] {dag.py:2726} INFO - Sync 1 DAGs
[2023-10-28T08:22:45.751+0000] {logging_mixin.py:149} INFO - [2023-10-28T08:22:45.751+0000] {dag.py:3486} INFO - Setting next_dagrun for example_bash_operator to 2023-10-27T00:00:00+00:00, run_after=2023-10-28T00:00:00+00:00
[2023-10-28T08:22:45.815+0000] {processor.py:178} INFO - Processing /usr/local/lib/python3.10/dist-packages/airflow/example_dags/example_bash_operator.py took 0.352 seconds
[2023-10-28T08:23:16.208+0000] {processor.py:156} INFO - Started process (PID=1506563) to work on /usr/local/lib/python3.10/dist-packages/airflow/example_dags/example_bash_operator.py
[2023-10-28T08:23:16.210+0000] {processor.py:799} INFO - Processing file /usr/local/lib/python3.10/dist-packages/airflow/example_dags/example_bash_operator.py for tasks to queue
[2023-10-28T08:23:16.211+0000] {logging_mixin.py:149} INFO - [2023-10-28T08:23:16.211+0000] {dagbag.py:541} INFO - Filling up the DagBag from /usr/local/lib/python3.10/dist-packages/airflow/example_dags/example_bash_operator.py
[2023-10-28T08:23:16.248+0000] {processor.py:809} INFO - DAG(s) dict_keys(['example_bash_operator']) retrieved from /usr/local/lib/python3.10/dist-packages/airflow/example_dags/example_bash_operator.py
[2023-10-28T08:23:16.366+0000] {logging_mixin.py:149} INFO - [2023-10-28T08:23:16.365+0000] {dag.py:2726} INFO - Sync 1 DAGs
[2023-10-28T08:23:16.448+0000] {logging_mixin.py:149} INFO - [2023-10-28T08:23:16.447+0000] {dag.py:3486} INFO - Setting next_dagrun for example_bash_operator to 2023-10-27T00:00:00+00:00, run_after=2023-10-28T00:00:00+00:00
[2023-10-28T08:23:16.510+0000] {processor.py:178} INFO - Processing /usr/local/lib/python3.10/dist-packages/airflow/example_dags/example_bash_operator.py took 0.310 seconds
[2023-10-28T08:23:46.863+0000] {processor.py:156} INFO - Started process (PID=1507073) to work on /usr/local/lib/python3.10/dist-packages/airflow/example_dags/example_bash_operator.py
[2023-10-28T08:23:46.901+0000] {processor.py:799} INFO - Processing file /usr/local/lib/python3.10/dist-packages/airflow/example_dags/example_bash_operator.py for tasks to queue
[2023-10-28T08:23:46.903+0000] {logging_mixin.py:149} INFO - [2023-10-28T08:23:46.902+0000] {dagbag.py:541} INFO - Filling up the DagBag from /usr/local/lib/python3.10/dist-packages/airflow/example_dags/example_bash_operator.py
[2023-10-28T08:23:46.937+0000] {processor.py:809} INFO - DAG(s) dict_keys(['example_bash_operator']) retrieved from /usr/local/lib/python3.10/dist-packages/airflow/example_dags/example_bash_operator.py
[2023-10-28T08:23:47.060+0000] {logging_mixin.py:149} INFO - [2023-10-28T08:23:47.059+0000] {dag.py:2726} INFO - Sync 1 DAGs
[2023-10-28T08:23:47.139+0000] {logging_mixin.py:149} INFO - [2023-10-28T08:23:47.138+0000] {dag.py:3486} INFO - Setting next_dagrun for example_bash_operator to 2023-10-27T00:00:00+00:00, run_after=2023-10-28T00:00:00+00:00
[2023-10-28T08:23:47.203+0000] {processor.py:178} INFO - Processing /usr/local/lib/python3.10/dist-packages/airflow/example_dags/example_bash_operator.py took 0.348 seconds
[2023-10-28T08:24:17.738+0000] {processor.py:156} INFO - Started process (PID=1507685) to work on /usr/local/lib/python3.10/dist-packages/airflow/example_dags/example_bash_operator.py
[2023-10-28T08:24:17.781+0000] {processor.py:799} INFO - Processing file /usr/local/lib/python3.10/dist-packages/airflow/example_dags/example_bash_operator.py for tasks to queue
[2023-10-28T08:24:17.783+0000] {logging_mixin.py:149} INFO - [2023-10-28T08:24:17.782+0000] {dagbag.py:541} INFO - Filling up the DagBag from /usr/local/lib/python3.10/dist-packages/airflow/example_dags/example_bash_operator.py
[2023-10-28T08:24:17.817+0000] {processor.py:809} INFO - DAG(s) dict_keys(['example_bash_operator']) retrieved from /usr/local/lib/python3.10/dist-packages/airflow/example_dags/example_bash_operator.py
[2023-10-28T08:24:17.937+0000] {logging_mixin.py:149} INFO - [2023-10-28T08:24:17.937+0000] {dag.py:2726} INFO - Sync 1 DAGs
[2023-10-28T08:24:18.020+0000] {logging_mixin.py:149} INFO - [2023-10-28T08:24:18.019+0000] {dag.py:3486} INFO - Setting next_dagrun for example_bash_operator to 2023-10-27T00:00:00+00:00, run_after=2023-10-28T00:00:00+00:00
[2023-10-28T08:24:18.087+0000] {processor.py:178} INFO - Processing /usr/local/lib/python3.10/dist-packages/airflow/example_dags/example_bash_operator.py took 0.356 seconds
[2023-10-28T08:24:48.266+0000] {processor.py:156} INFO - Started process (PID=1508146) to work on /usr/local/lib/python3.10/dist-packages/airflow/example_dags/example_bash_operator.py
[2023-10-28T08:24:48.306+0000] {processor.py:799} INFO - Processing file /usr/local/lib/python3.10/dist-packages/airflow/example_dags/example_bash_operator.py for tasks to queue
[2023-10-28T08:24:48.308+0000] {logging_mixin.py:149} INFO - [2023-10-28T08:24:48.307+0000] {dagbag.py:541} INFO - Filling up the DagBag from /usr/local/lib/python3.10/dist-packages/airflow/example_dags/example_bash_operator.py
[2023-10-28T08:24:48.345+0000] {processor.py:809} INFO - DAG(s) dict_keys(['example_bash_operator']) retrieved from /usr/local/lib/python3.10/dist-packages/airflow/example_dags/example_bash_operator.py
[2023-10-28T08:24:48.461+0000] {logging_mixin.py:149} INFO - [2023-10-28T08:24:48.460+0000] {dag.py:2726} INFO - Sync 1 DAGs
[2023-10-28T08:24:48.538+0000] {logging_mixin.py:149} INFO - [2023-10-28T08:24:48.538+0000] {dag.py:3486} INFO - Setting next_dagrun for example_bash_operator to 2023-10-27T00:00:00+00:00, run_after=2023-10-28T00:00:00+00:00
[2023-10-28T08:24:48.609+0000] {processor.py:178} INFO - Processing /usr/local/lib/python3.10/dist-packages/airflow/example_dags/example_bash_operator.py took 0.350 seconds
[2023-10-28T08:25:18.852+0000] {processor.py:156} INFO - Started process (PID=1508743) to work on /usr/local/lib/python3.10/dist-packages/airflow/example_dags/example_bash_operator.py
[2023-10-28T08:25:18.896+0000] {processor.py:799} INFO - Processing file /usr/local/lib/python3.10/dist-packages/airflow/example_dags/example_bash_operator.py for tasks to queue
[2023-10-28T08:25:18.898+0000] {logging_mixin.py:149} INFO - [2023-10-28T08:25:18.898+0000] {dagbag.py:541} INFO - Filling up the DagBag from /usr/local/lib/python3.10/dist-packages/airflow/example_dags/example_bash_operator.py
[2023-10-28T08:25:18.938+0000] {processor.py:809} INFO - DAG(s) dict_keys(['example_bash_operator']) retrieved from /usr/local/lib/python3.10/dist-packages/airflow/example_dags/example_bash_operator.py
[2023-10-28T08:25:19.063+0000] {logging_mixin.py:149} INFO - [2023-10-28T08:25:19.062+0000] {dag.py:2726} INFO - Sync 1 DAGs
[2023-10-28T08:25:19.148+0000] {logging_mixin.py:149} INFO - [2023-10-28T08:25:19.148+0000] {dag.py:3486} INFO - Setting next_dagrun for example_bash_operator to 2023-10-27T00:00:00+00:00, run_after=2023-10-28T00:00:00+00:00
[2023-10-28T08:25:19.214+0000] {processor.py:178} INFO - Processing /usr/local/lib/python3.10/dist-packages/airflow/example_dags/example_bash_operator.py took 0.370 seconds
[2023-10-28T08:25:49.405+0000] {processor.py:156} INFO - Started process (PID=1509391) to work on /usr/local/lib/python3.10/dist-packages/airflow/example_dags/example_bash_operator.py
[2023-10-28T08:25:49.437+0000] {processor.py:799} INFO - Processing file /usr/local/lib/python3.10/dist-packages/airflow/example_dags/example_bash_operator.py for tasks to queue
[2023-10-28T08:25:49.440+0000] {logging_mixin.py:149} INFO - [2023-10-28T08:25:49.439+0000] {dagbag.py:541} INFO - Filling up the DagBag from /usr/local/lib/python3.10/dist-packages/airflow/example_dags/example_bash_operator.py
[2023-10-28T08:25:49.474+0000] {processor.py:809} INFO - DAG(s) dict_keys(['example_bash_operator']) retrieved from /usr/local/lib/python3.10/dist-packages/airflow/example_dags/example_bash_operator.py
[2023-10-28T08:25:49.590+0000] {logging_mixin.py:149} INFO - [2023-10-28T08:25:49.589+0000] {dag.py:2726} INFO - Sync 1 DAGs
[2023-10-28T08:25:49.666+0000] {logging_mixin.py:149} INFO - [2023-10-28T08:25:49.665+0000] {dag.py:3486} INFO - Setting next_dagrun for example_bash_operator to 2023-10-27T00:00:00+00:00, run_after=2023-10-28T00:00:00+00:00
[2023-10-28T08:25:49.727+0000] {processor.py:178} INFO - Processing /usr/local/lib/python3.10/dist-packages/airflow/example_dags/example_bash_operator.py took 0.331 seconds
[2023-10-28T08:26:19.955+0000] {processor.py:156} INFO - Started process (PID=1509770) to work on /usr/local/lib/python3.10/dist-packages/airflow/example_dags/example_bash_operator.py
[2023-10-28T08:26:19.993+0000] {processor.py:799} INFO - Processing file /usr/local/lib/python3.10/dist-packages/airflow/example_dags/example_bash_operator.py for tasks to queue
[2023-10-28T08:26:19.995+0000] {logging_mixin.py:149} INFO - [2023-10-28T08:26:19.994+0000] {dagbag.py:541} INFO - Filling up the DagBag from /usr/local/lib/python3.10/dist-packages/airflow/example_dags/example_bash_operator.py
[2023-10-28T08:26:20.034+0000] {processor.py:809} INFO - DAG(s) dict_keys(['example_bash_operator']) retrieved from /usr/local/lib/python3.10/dist-packages/airflow/example_dags/example_bash_operator.py
[2023-10-28T08:26:20.155+0000] {logging_mixin.py:149} INFO - [2023-10-28T08:26:20.154+0000] {dag.py:2726} INFO - Sync 1 DAGs
[2023-10-28T08:26:20.234+0000] {logging_mixin.py:149} INFO - [2023-10-28T08:26:20.233+0000] {dag.py:3486} INFO - Setting next_dagrun for example_bash_operator to 2023-10-27T00:00:00+00:00, run_after=2023-10-28T00:00:00+00:00
[2023-10-28T08:26:20.300+0000] {processor.py:178} INFO - Processing /usr/local/lib/python3.10/dist-packages/airflow/example_dags/example_bash_operator.py took 0.351 seconds
[2023-10-28T08:26:50.587+0000] {processor.py:156} INFO - Started process (PID=1510244) to work on /usr/local/lib/python3.10/dist-packages/airflow/example_dags/example_bash_operator.py
[2023-10-28T08:26:50.628+0000] {processor.py:799} INFO - Processing file /usr/local/lib/python3.10/dist-packages/airflow/example_dags/example_bash_operator.py for tasks to queue
[2023-10-28T08:26:50.630+0000] {logging_mixin.py:149} INFO - [2023-10-28T08:26:50.629+0000] {dagbag.py:541} INFO - Filling up the DagBag from /usr/local/lib/python3.10/dist-packages/airflow/example_dags/example_bash_operator.py
[2023-10-28T08:26:50.663+0000] {processor.py:809} INFO - DAG(s) dict_keys(['example_bash_operator']) retrieved from /usr/local/lib/python3.10/dist-packages/airflow/example_dags/example_bash_operator.py
[2023-10-28T08:26:50.786+0000] {logging_mixin.py:149} INFO - [2023-10-28T08:26:50.785+0000] {dag.py:2726} INFO - Sync 1 DAGs
[2023-10-28T08:26:50.863+0000] {logging_mixin.py:149} INFO - [2023-10-28T08:26:50.862+0000] {dag.py:3486} INFO - Setting next_dagrun for example_bash_operator to 2023-10-27T00:00:00+00:00, run_after=2023-10-28T00:00:00+00:00
[2023-10-28T08:26:50.924+0000] {processor.py:178} INFO - Processing /usr/local/lib/python3.10/dist-packages/airflow/example_dags/example_bash_operator.py took 0.345 seconds
[2023-10-28T08:27:21.365+0000] {processor.py:156} INFO - Started process (PID=1510704) to work on /usr/local/lib/python3.10/dist-packages/airflow/example_dags/example_bash_operator.py
[2023-10-28T08:27:21.405+0000] {processor.py:799} INFO - Processing file /usr/local/lib/python3.10/dist-packages/airflow/example_dags/example_bash_operator.py for tasks to queue
[2023-10-28T08:27:21.407+0000] {logging_mixin.py:149} INFO - [2023-10-28T08:27:21.406+0000] {dagbag.py:541} INFO - Filling up the DagBag from /usr/local/lib/python3.10/dist-packages/airflow/example_dags/example_bash_operator.py
[2023-10-28T08:27:21.446+0000] {processor.py:809} INFO - DAG(s) dict_keys(['example_bash_operator']) retrieved from /usr/local/lib/python3.10/dist-packages/airflow/example_dags/example_bash_operator.py
[2023-10-28T08:27:21.583+0000] {logging_mixin.py:149} INFO - [2023-10-28T08:27:21.583+0000] {dag.py:2726} INFO - Sync 1 DAGs
[2023-10-28T08:27:21.661+0000] {logging_mixin.py:149} INFO - [2023-10-28T08:27:21.660+0000] {dag.py:3486} INFO - Setting next_dagrun for example_bash_operator to 2023-10-27T00:00:00+00:00, run_after=2023-10-28T00:00:00+00:00
[2023-10-28T08:27:21.774+0000] {processor.py:178} INFO - Processing /usr/local/lib/python3.10/dist-packages/airflow/example_dags/example_bash_operator.py took 0.415 seconds
[2023-10-28T08:27:51.995+0000] {processor.py:156} INFO - Started process (PID=1511059) to work on /usr/local/lib/python3.10/dist-packages/airflow/example_dags/example_bash_operator.py
[2023-10-28T08:27:52.041+0000] {processor.py:799} INFO - Processing file /usr/local/lib/python3.10/dist-packages/airflow/example_dags/example_bash_operator.py for tasks to queue
[2023-10-28T08:27:52.043+0000] {logging_mixin.py:149} INFO - [2023-10-28T08:27:52.042+0000] {dagbag.py:541} INFO - Filling up the DagBag from /usr/local/lib/python3.10/dist-packages/airflow/example_dags/example_bash_operator.py
[2023-10-28T08:27:52.080+0000] {processor.py:809} INFO - DAG(s) dict_keys(['example_bash_operator']) retrieved from /usr/local/lib/python3.10/dist-packages/airflow/example_dags/example_bash_operator.py
[2023-10-28T08:27:52.200+0000] {logging_mixin.py:149} INFO - [2023-10-28T08:27:52.199+0000] {dag.py:2726} INFO - Sync 1 DAGs
[2023-10-28T08:27:52.276+0000] {logging_mixin.py:149} INFO - [2023-10-28T08:27:52.276+0000] {dag.py:3486} INFO - Setting next_dagrun for example_bash_operator to 2023-10-27T00:00:00+00:00, run_after=2023-10-28T00:00:00+00:00
[2023-10-28T08:27:52.339+0000] {processor.py:178} INFO - Processing /usr/local/lib/python3.10/dist-packages/airflow/example_dags/example_bash_operator.py took 0.350 seconds
[2023-10-28T08:28:22.553+0000] {processor.py:156} INFO - Started process (PID=1511443) to work on /usr/local/lib/python3.10/dist-packages/airflow/example_dags/example_bash_operator.py
[2023-10-28T08:28:22.592+0000] {processor.py:799} INFO - Processing file /usr/local/lib/python3.10/dist-packages/airflow/example_dags/example_bash_operator.py for tasks to queue
[2023-10-28T08:28:22.594+0000] {logging_mixin.py:149} INFO - [2023-10-28T08:28:22.594+0000] {dagbag.py:541} INFO - Filling up the DagBag from /usr/local/lib/python3.10/dist-packages/airflow/example_dags/example_bash_operator.py
[2023-10-28T08:28:22.636+0000] {processor.py:809} INFO - DAG(s) dict_keys(['example_bash_operator']) retrieved from /usr/local/lib/python3.10/dist-packages/airflow/example_dags/example_bash_operator.py
[2023-10-28T08:28:22.763+0000] {logging_mixin.py:149} INFO - [2023-10-28T08:28:22.762+0000] {dag.py:2726} INFO - Sync 1 DAGs
[2023-10-28T08:28:22.845+0000] {logging_mixin.py:149} INFO - [2023-10-28T08:28:22.844+0000] {dag.py:3486} INFO - Setting next_dagrun for example_bash_operator to 2023-10-27T00:00:00+00:00, run_after=2023-10-28T00:00:00+00:00
[2023-10-28T08:28:22.916+0000] {processor.py:178} INFO - Processing /usr/local/lib/python3.10/dist-packages/airflow/example_dags/example_bash_operator.py took 0.370 seconds
[2023-10-28T08:28:53.634+0000] {processor.py:156} INFO - Started process (PID=1511807) to work on /usr/local/lib/python3.10/dist-packages/airflow/example_dags/example_bash_operator.py
[2023-10-28T08:28:53.677+0000] {processor.py:799} INFO - Processing file /usr/local/lib/python3.10/dist-packages/airflow/example_dags/example_bash_operator.py for tasks to queue
[2023-10-28T08:28:53.679+0000] {logging_mixin.py:149} INFO - [2023-10-28T08:28:53.678+0000] {dagbag.py:541} INFO - Filling up the DagBag from /usr/local/lib/python3.10/dist-packages/airflow/example_dags/example_bash_operator.py
[2023-10-28T08:28:53.721+0000] {processor.py:809} INFO - DAG(s) dict_keys(['example_bash_operator']) retrieved from /usr/local/lib/python3.10/dist-packages/airflow/example_dags/example_bash_operator.py
[2023-10-28T08:28:53.841+0000] {logging_mixin.py:149} INFO - [2023-10-28T08:28:53.840+0000] {dag.py:2726} INFO - Sync 1 DAGs
[2023-10-28T08:28:53.922+0000] {logging_mixin.py:149} INFO - [2023-10-28T08:28:53.922+0000] {dag.py:3486} INFO - Setting next_dagrun for example_bash_operator to 2023-10-27T00:00:00+00:00, run_after=2023-10-28T00:00:00+00:00
[2023-10-28T08:28:53.983+0000] {processor.py:178} INFO - Processing /usr/local/lib/python3.10/dist-packages/airflow/example_dags/example_bash_operator.py took 0.357 seconds
[2023-10-28T08:29:24.450+0000] {processor.py:156} INFO - Started process (PID=1512202) to work on /usr/local/lib/python3.10/dist-packages/airflow/example_dags/example_bash_operator.py
[2023-10-28T08:29:24.489+0000] {processor.py:799} INFO - Processing file /usr/local/lib/python3.10/dist-packages/airflow/example_dags/example_bash_operator.py for tasks to queue
[2023-10-28T08:29:24.490+0000] {logging_mixin.py:149} INFO - [2023-10-28T08:29:24.490+0000] {dagbag.py:541} INFO - Filling up the DagBag from /usr/local/lib/python3.10/dist-packages/airflow/example_dags/example_bash_operator.py
[2023-10-28T08:29:24.525+0000] {processor.py:809} INFO - DAG(s) dict_keys(['example_bash_operator']) retrieved from /usr/local/lib/python3.10/dist-packages/airflow/example_dags/example_bash_operator.py
[2023-10-28T08:29:24.642+0000] {logging_mixin.py:149} INFO - [2023-10-28T08:29:24.642+0000] {dag.py:2726} INFO - Sync 1 DAGs
[2023-10-28T08:29:24.718+0000] {logging_mixin.py:149} INFO - [2023-10-28T08:29:24.717+0000] {dag.py:3486} INFO - Setting next_dagrun for example_bash_operator to 2023-10-27T00:00:00+00:00, run_after=2023-10-28T00:00:00+00:00
[2023-10-28T08:29:24.782+0000] {processor.py:178} INFO - Processing /usr/local/lib/python3.10/dist-packages/airflow/example_dags/example_bash_operator.py took 0.339 seconds
[2023-10-28T08:29:54.972+0000] {processor.py:156} INFO - Started process (PID=1512557) to work on /usr/local/lib/python3.10/dist-packages/airflow/example_dags/example_bash_operator.py
[2023-10-28T08:29:55.013+0000] {processor.py:799} INFO - Processing file /usr/local/lib/python3.10/dist-packages/airflow/example_dags/example_bash_operator.py for tasks to queue
[2023-10-28T08:29:55.015+0000] {logging_mixin.py:149} INFO - [2023-10-28T08:29:55.014+0000] {dagbag.py:541} INFO - Filling up the DagBag from /usr/local/lib/python3.10/dist-packages/airflow/example_dags/example_bash_operator.py
[2023-10-28T08:29:55.050+0000] {processor.py:809} INFO - DAG(s) dict_keys(['example_bash_operator']) retrieved from /usr/local/lib/python3.10/dist-packages/airflow/example_dags/example_bash_operator.py
[2023-10-28T08:29:55.168+0000] {logging_mixin.py:149} INFO - [2023-10-28T08:29:55.167+0000] {dag.py:2726} INFO - Sync 1 DAGs
[2023-10-28T08:29:55.247+0000] {logging_mixin.py:149} INFO - [2023-10-28T08:29:55.247+0000] {dag.py:3486} INFO - Setting next_dagrun for example_bash_operator to 2023-10-27T00:00:00+00:00, run_after=2023-10-28T00:00:00+00:00
[2023-10-28T08:29:55.312+0000] {processor.py:178} INFO - Processing /usr/local/lib/python3.10/dist-packages/airflow/example_dags/example_bash_operator.py took 0.347 seconds
[2023-10-28T08:30:25.496+0000] {processor.py:156} INFO - Started process (PID=1513135) to work on /usr/local/lib/python3.10/dist-packages/airflow/example_dags/example_bash_operator.py
[2023-10-28T08:30:25.529+0000] {processor.py:799} INFO - Processing file /usr/local/lib/python3.10/dist-packages/airflow/example_dags/example_bash_operator.py for tasks to queue
[2023-10-28T08:30:25.531+0000] {logging_mixin.py:149} INFO - [2023-10-28T08:30:25.530+0000] {dagbag.py:541} INFO - Filling up the DagBag from /usr/local/lib/python3.10/dist-packages/airflow/example_dags/example_bash_operator.py
[2023-10-28T08:30:25.569+0000] {processor.py:809} INFO - DAG(s) dict_keys(['example_bash_operator']) retrieved from /usr/local/lib/python3.10/dist-packages/airflow/example_dags/example_bash_operator.py
[2023-10-28T08:30:25.701+0000] {logging_mixin.py:149} INFO - [2023-10-28T08:30:25.701+0000] {dag.py:2726} INFO - Sync 1 DAGs
[2023-10-28T08:30:25.782+0000] {logging_mixin.py:149} INFO - [2023-10-28T08:30:25.781+0000] {dag.py:3486} INFO - Setting next_dagrun for example_bash_operator to 2023-10-27T00:00:00+00:00, run_after=2023-10-28T00:00:00+00:00
[2023-10-28T08:30:25.844+0000] {processor.py:178} INFO - Processing /usr/local/lib/python3.10/dist-packages/airflow/example_dags/example_bash_operator.py took 0.355 seconds
[2023-10-28T08:30:56.149+0000] {processor.py:156} INFO - Started process (PID=1513554) to work on /usr/local/lib/python3.10/dist-packages/airflow/example_dags/example_bash_operator.py
[2023-10-28T08:30:56.185+0000] {processor.py:799} INFO - Processing file /usr/local/lib/python3.10/dist-packages/airflow/example_dags/example_bash_operator.py for tasks to queue
[2023-10-28T08:30:56.187+0000] {logging_mixin.py:149} INFO - [2023-10-28T08:30:56.186+0000] {dagbag.py:541} INFO - Filling up the DagBag from /usr/local/lib/python3.10/dist-packages/airflow/example_dags/example_bash_operator.py
[2023-10-28T08:30:56.221+0000] {processor.py:809} INFO - DAG(s) dict_keys(['example_bash_operator']) retrieved from /usr/local/lib/python3.10/dist-packages/airflow/example_dags/example_bash_operator.py
[2023-10-28T08:30:56.334+0000] {logging_mixin.py:149} INFO - [2023-10-28T08:30:56.333+0000] {dag.py:2726} INFO - Sync 1 DAGs
[2023-10-28T08:30:56.413+0000] {logging_mixin.py:149} INFO - [2023-10-28T08:30:56.412+0000] {dag.py:3486} INFO - Setting next_dagrun for example_bash_operator to 2023-10-27T00:00:00+00:00, run_after=2023-10-28T00:00:00+00:00
[2023-10-28T08:30:56.475+0000] {processor.py:178} INFO - Processing /usr/local/lib/python3.10/dist-packages/airflow/example_dags/example_bash_operator.py took 0.335 seconds
[2023-10-28T08:31:26.825+0000] {processor.py:156} INFO - Started process (PID=1514087) to work on /usr/local/lib/python3.10/dist-packages/airflow/example_dags/example_bash_operator.py
[2023-10-28T08:31:26.864+0000] {processor.py:799} INFO - Processing file /usr/local/lib/python3.10/dist-packages/airflow/example_dags/example_bash_operator.py for tasks to queue
[2023-10-28T08:31:26.866+0000] {logging_mixin.py:149} INFO - [2023-10-28T08:31:26.866+0000] {dagbag.py:541} INFO - Filling up the DagBag from /usr/local/lib/python3.10/dist-packages/airflow/example_dags/example_bash_operator.py
[2023-10-28T08:31:26.902+0000] {processor.py:809} INFO - DAG(s) dict_keys(['example_bash_operator']) retrieved from /usr/local/lib/python3.10/dist-packages/airflow/example_dags/example_bash_operator.py
[2023-10-28T08:31:27.028+0000] {logging_mixin.py:149} INFO - [2023-10-28T08:31:27.027+0000] {dag.py:2726} INFO - Sync 1 DAGs
[2023-10-28T08:31:27.108+0000] {logging_mixin.py:149} INFO - [2023-10-28T08:31:27.107+0000] {dag.py:3486} INFO - Setting next_dagrun for example_bash_operator to 2023-10-27T00:00:00+00:00, run_after=2023-10-28T00:00:00+00:00
[2023-10-28T08:31:27.172+0000] {processor.py:178} INFO - Processing /usr/local/lib/python3.10/dist-packages/airflow/example_dags/example_bash_operator.py took 0.354 seconds
[2023-10-28T08:31:57.521+0000] {processor.py:156} INFO - Started process (PID=1514737) to work on /usr/local/lib/python3.10/dist-packages/airflow/example_dags/example_bash_operator.py
[2023-10-28T08:31:57.523+0000] {processor.py:799} INFO - Processing file /usr/local/lib/python3.10/dist-packages/airflow/example_dags/example_bash_operator.py for tasks to queue
[2023-10-28T08:31:57.525+0000] {logging_mixin.py:149} INFO - [2023-10-28T08:31:57.525+0000] {dagbag.py:541} INFO - Filling up the DagBag from /usr/local/lib/python3.10/dist-packages/airflow/example_dags/example_bash_operator.py
[2023-10-28T08:31:57.563+0000] {processor.py:809} INFO - DAG(s) dict_keys(['example_bash_operator']) retrieved from /usr/local/lib/python3.10/dist-packages/airflow/example_dags/example_bash_operator.py
[2023-10-28T08:31:57.684+0000] {logging_mixin.py:149} INFO - [2023-10-28T08:31:57.683+0000] {dag.py:2726} INFO - Sync 1 DAGs
[2023-10-28T08:31:57.765+0000] {logging_mixin.py:149} INFO - [2023-10-28T08:31:57.764+0000] {dag.py:3486} INFO - Setting next_dagrun for example_bash_operator to 2023-10-27T00:00:00+00:00, run_after=2023-10-28T00:00:00+00:00
[2023-10-28T08:31:57.831+0000] {processor.py:178} INFO - Processing /usr/local/lib/python3.10/dist-packages/airflow/example_dags/example_bash_operator.py took 0.317 seconds
[2023-10-28T08:32:28.528+0000] {processor.py:156} INFO - Started process (PID=1515292) to work on /usr/local/lib/python3.10/dist-packages/airflow/example_dags/example_bash_operator.py
[2023-10-28T08:32:28.569+0000] {processor.py:799} INFO - Processing file /usr/local/lib/python3.10/dist-packages/airflow/example_dags/example_bash_operator.py for tasks to queue
[2023-10-28T08:32:28.571+0000] {logging_mixin.py:149} INFO - [2023-10-28T08:32:28.570+0000] {dagbag.py:541} INFO - Filling up the DagBag from /usr/local/lib/python3.10/dist-packages/airflow/example_dags/example_bash_operator.py
[2023-10-28T08:32:28.609+0000] {processor.py:809} INFO - DAG(s) dict_keys(['example_bash_operator']) retrieved from /usr/local/lib/python3.10/dist-packages/airflow/example_dags/example_bash_operator.py
[2023-10-28T08:32:28.746+0000] {logging_mixin.py:149} INFO - [2023-10-28T08:32:28.744+0000] {dag.py:2726} INFO - Sync 1 DAGs
[2023-10-28T08:32:28.830+0000] {logging_mixin.py:149} INFO - [2023-10-28T08:32:28.830+0000] {dag.py:3486} INFO - Setting next_dagrun for example_bash_operator to 2023-10-27T00:00:00+00:00, run_after=2023-10-28T00:00:00+00:00
[2023-10-28T08:32:28.905+0000] {processor.py:178} INFO - Processing /usr/local/lib/python3.10/dist-packages/airflow/example_dags/example_bash_operator.py took 0.383 seconds
[2023-10-28T08:32:59.929+0000] {processor.py:156} INFO - Started process (PID=1515917) to work on /usr/local/lib/python3.10/dist-packages/airflow/example_dags/example_bash_operator.py
[2023-10-28T08:32:59.953+0000] {processor.py:799} INFO - Processing file /usr/local/lib/python3.10/dist-packages/airflow/example_dags/example_bash_operator.py for tasks to queue
[2023-10-28T08:32:59.955+0000] {logging_mixin.py:149} INFO - [2023-10-28T08:32:59.955+0000] {dagbag.py:541} INFO - Filling up the DagBag from /usr/local/lib/python3.10/dist-packages/airflow/example_dags/example_bash_operator.py
[2023-10-28T08:32:59.995+0000] {processor.py:809} INFO - DAG(s) dict_keys(['example_bash_operator']) retrieved from /usr/local/lib/python3.10/dist-packages/airflow/example_dags/example_bash_operator.py
[2023-10-28T08:33:00.113+0000] {logging_mixin.py:149} INFO - [2023-10-28T08:33:00.112+0000] {dag.py:2726} INFO - Sync 1 DAGs
[2023-10-28T08:33:00.189+0000] {logging_mixin.py:149} INFO - [2023-10-28T08:33:00.189+0000] {dag.py:3486} INFO - Setting next_dagrun for example_bash_operator to 2023-10-27T00:00:00+00:00, run_after=2023-10-28T00:00:00+00:00
[2023-10-28T08:33:00.287+0000] {processor.py:178} INFO - Processing /usr/local/lib/python3.10/dist-packages/airflow/example_dags/example_bash_operator.py took 0.365 seconds
[2023-10-28T08:33:30.450+0000] {processor.py:156} INFO - Started process (PID=1516300) to work on /usr/local/lib/python3.10/dist-packages/airflow/example_dags/example_bash_operator.py
[2023-10-28T08:33:30.451+0000] {processor.py:799} INFO - Processing file /usr/local/lib/python3.10/dist-packages/airflow/example_dags/example_bash_operator.py for tasks to queue
[2023-10-28T08:33:30.453+0000] {logging_mixin.py:149} INFO - [2023-10-28T08:33:30.453+0000] {dagbag.py:541} INFO - Filling up the DagBag from /usr/local/lib/python3.10/dist-packages/airflow/example_dags/example_bash_operator.py
[2023-10-28T08:33:30.490+0000] {processor.py:809} INFO - DAG(s) dict_keys(['example_bash_operator']) retrieved from /usr/local/lib/python3.10/dist-packages/airflow/example_dags/example_bash_operator.py
[2023-10-28T08:33:30.612+0000] {logging_mixin.py:149} INFO - [2023-10-28T08:33:30.612+0000] {dag.py:2726} INFO - Sync 1 DAGs
[2023-10-28T08:33:30.691+0000] {logging_mixin.py:149} INFO - [2023-10-28T08:33:30.691+0000] {dag.py:3486} INFO - Setting next_dagrun for example_bash_operator to 2023-10-27T00:00:00+00:00, run_after=2023-10-28T00:00:00+00:00
[2023-10-28T08:33:30.752+0000] {processor.py:178} INFO - Processing /usr/local/lib/python3.10/dist-packages/airflow/example_dags/example_bash_operator.py took 0.310 seconds
[2023-10-28T08:34:01.012+0000] {processor.py:156} INFO - Started process (PID=1516657) to work on /usr/local/lib/python3.10/dist-packages/airflow/example_dags/example_bash_operator.py
[2023-10-28T08:34:01.014+0000] {processor.py:799} INFO - Processing file /usr/local/lib/python3.10/dist-packages/airflow/example_dags/example_bash_operator.py for tasks to queue
[2023-10-28T08:34:01.016+0000] {logging_mixin.py:149} INFO - [2023-10-28T08:34:01.015+0000] {dagbag.py:541} INFO - Filling up the DagBag from /usr/local/lib/python3.10/dist-packages/airflow/example_dags/example_bash_operator.py
[2023-10-28T08:34:01.050+0000] {processor.py:809} INFO - DAG(s) dict_keys(['example_bash_operator']) retrieved from /usr/local/lib/python3.10/dist-packages/airflow/example_dags/example_bash_operator.py
[2023-10-28T08:34:01.165+0000] {logging_mixin.py:149} INFO - [2023-10-28T08:34:01.165+0000] {dag.py:2726} INFO - Sync 1 DAGs
[2023-10-28T08:34:01.242+0000] {logging_mixin.py:149} INFO - [2023-10-28T08:34:01.241+0000] {dag.py:3486} INFO - Setting next_dagrun for example_bash_operator to 2023-10-27T00:00:00+00:00, run_after=2023-10-28T00:00:00+00:00
[2023-10-28T08:34:01.344+0000] {processor.py:178} INFO - Processing /usr/local/lib/python3.10/dist-packages/airflow/example_dags/example_bash_operator.py took 0.340 seconds
[2023-10-28T08:34:31.697+0000] {processor.py:156} INFO - Started process (PID=1517054) to work on /usr/local/lib/python3.10/dist-packages/airflow/example_dags/example_bash_operator.py
[2023-10-28T08:34:31.733+0000] {processor.py:799} INFO - Processing file /usr/local/lib/python3.10/dist-packages/airflow/example_dags/example_bash_operator.py for tasks to queue
[2023-10-28T08:34:31.735+0000] {logging_mixin.py:149} INFO - [2023-10-28T08:34:31.734+0000] {dagbag.py:541} INFO - Filling up the DagBag from /usr/local/lib/python3.10/dist-packages/airflow/example_dags/example_bash_operator.py
[2023-10-28T08:34:31.771+0000] {processor.py:809} INFO - DAG(s) dict_keys(['example_bash_operator']) retrieved from /usr/local/lib/python3.10/dist-packages/airflow/example_dags/example_bash_operator.py
[2023-10-28T08:34:31.897+0000] {logging_mixin.py:149} INFO - [2023-10-28T08:34:31.896+0000] {dag.py:2726} INFO - Sync 1 DAGs
[2023-10-28T08:34:31.973+0000] {logging_mixin.py:149} INFO - [2023-10-28T08:34:31.973+0000] {dag.py:3486} INFO - Setting next_dagrun for example_bash_operator to 2023-10-27T00:00:00+00:00, run_after=2023-10-28T00:00:00+00:00
[2023-10-28T08:34:32.072+0000] {processor.py:178} INFO - Processing /usr/local/lib/python3.10/dist-packages/airflow/example_dags/example_bash_operator.py took 0.383 seconds
[2023-10-28T08:35:02.248+0000] {processor.py:156} INFO - Started process (PID=1517427) to work on /usr/local/lib/python3.10/dist-packages/airflow/example_dags/example_bash_operator.py
[2023-10-28T08:35:02.284+0000] {processor.py:799} INFO - Processing file /usr/local/lib/python3.10/dist-packages/airflow/example_dags/example_bash_operator.py for tasks to queue
[2023-10-28T08:35:02.287+0000] {logging_mixin.py:149} INFO - [2023-10-28T08:35:02.286+0000] {dagbag.py:541} INFO - Filling up the DagBag from /usr/local/lib/python3.10/dist-packages/airflow/example_dags/example_bash_operator.py
[2023-10-28T08:35:02.326+0000] {processor.py:809} INFO - DAG(s) dict_keys(['example_bash_operator']) retrieved from /usr/local/lib/python3.10/dist-packages/airflow/example_dags/example_bash_operator.py
[2023-10-28T08:35:02.446+0000] {logging_mixin.py:149} INFO - [2023-10-28T08:35:02.445+0000] {dag.py:2726} INFO - Sync 1 DAGs
[2023-10-28T08:35:02.530+0000] {logging_mixin.py:149} INFO - [2023-10-28T08:35:02.529+0000] {dag.py:3486} INFO - Setting next_dagrun for example_bash_operator to 2023-10-27T00:00:00+00:00, run_after=2023-10-28T00:00:00+00:00
[2023-10-28T08:35:02.631+0000] {processor.py:178} INFO - Processing /usr/local/lib/python3.10/dist-packages/airflow/example_dags/example_bash_operator.py took 0.392 seconds
[2023-10-28T08:35:33.211+0000] {processor.py:156} INFO - Started process (PID=1518012) to work on /usr/local/lib/python3.10/dist-packages/airflow/example_dags/example_bash_operator.py
[2023-10-28T08:35:33.249+0000] {processor.py:799} INFO - Processing file /usr/local/lib/python3.10/dist-packages/airflow/example_dags/example_bash_operator.py for tasks to queue
[2023-10-28T08:35:33.250+0000] {logging_mixin.py:149} INFO - [2023-10-28T08:35:33.250+0000] {dagbag.py:541} INFO - Filling up the DagBag from /usr/local/lib/python3.10/dist-packages/airflow/example_dags/example_bash_operator.py
[2023-10-28T08:35:33.286+0000] {processor.py:809} INFO - DAG(s) dict_keys(['example_bash_operator']) retrieved from /usr/local/lib/python3.10/dist-packages/airflow/example_dags/example_bash_operator.py
[2023-10-28T08:35:33.413+0000] {logging_mixin.py:149} INFO - [2023-10-28T08:35:33.412+0000] {dag.py:2726} INFO - Sync 1 DAGs
[2023-10-28T08:35:33.491+0000] {logging_mixin.py:149} INFO - [2023-10-28T08:35:33.491+0000] {dag.py:3486} INFO - Setting next_dagrun for example_bash_operator to 2023-10-27T00:00:00+00:00, run_after=2023-10-28T00:00:00+00:00
[2023-10-28T08:35:33.560+0000] {processor.py:178} INFO - Processing /usr/local/lib/python3.10/dist-packages/airflow/example_dags/example_bash_operator.py took 0.357 seconds
[2023-10-28T08:36:03.848+0000] {processor.py:156} INFO - Started process (PID=1518452) to work on /usr/local/lib/python3.10/dist-packages/airflow/example_dags/example_bash_operator.py
[2023-10-28T08:36:03.850+0000] {processor.py:799} INFO - Processing file /usr/local/lib/python3.10/dist-packages/airflow/example_dags/example_bash_operator.py for tasks to queue
[2023-10-28T08:36:03.851+0000] {logging_mixin.py:149} INFO - [2023-10-28T08:36:03.851+0000] {dagbag.py:541} INFO - Filling up the DagBag from /usr/local/lib/python3.10/dist-packages/airflow/example_dags/example_bash_operator.py
[2023-10-28T08:36:03.887+0000] {processor.py:809} INFO - DAG(s) dict_keys(['example_bash_operator']) retrieved from /usr/local/lib/python3.10/dist-packages/airflow/example_dags/example_bash_operator.py
[2023-10-28T08:36:04.013+0000] {logging_mixin.py:149} INFO - [2023-10-28T08:36:04.013+0000] {dag.py:2726} INFO - Sync 1 DAGs
[2023-10-28T08:36:04.105+0000] {logging_mixin.py:149} INFO - [2023-10-28T08:36:04.105+0000] {dag.py:3486} INFO - Setting next_dagrun for example_bash_operator to 2023-10-27T00:00:00+00:00, run_after=2023-10-28T00:00:00+00:00
[2023-10-28T08:36:04.171+0000] {processor.py:178} INFO - Processing /usr/local/lib/python3.10/dist-packages/airflow/example_dags/example_bash_operator.py took 0.331 seconds
[2023-10-28T08:36:34.820+0000] {processor.py:156} INFO - Started process (PID=1518808) to work on /usr/local/lib/python3.10/dist-packages/airflow/example_dags/example_bash_operator.py
[2023-10-28T08:36:34.861+0000] {processor.py:799} INFO - Processing file /usr/local/lib/python3.10/dist-packages/airflow/example_dags/example_bash_operator.py for tasks to queue
[2023-10-28T08:36:34.863+0000] {logging_mixin.py:149} INFO - [2023-10-28T08:36:34.862+0000] {dagbag.py:541} INFO - Filling up the DagBag from /usr/local/lib/python3.10/dist-packages/airflow/example_dags/example_bash_operator.py
[2023-10-28T08:36:34.898+0000] {processor.py:809} INFO - DAG(s) dict_keys(['example_bash_operator']) retrieved from /usr/local/lib/python3.10/dist-packages/airflow/example_dags/example_bash_operator.py
[2023-10-28T08:36:35.016+0000] {logging_mixin.py:149} INFO - [2023-10-28T08:36:35.015+0000] {dag.py:2726} INFO - Sync 1 DAGs
[2023-10-28T08:36:35.096+0000] {logging_mixin.py:149} INFO - [2023-10-28T08:36:35.095+0000] {dag.py:3486} INFO - Setting next_dagrun for example_bash_operator to 2023-10-27T00:00:00+00:00, run_after=2023-10-28T00:00:00+00:00
[2023-10-28T08:36:35.159+0000] {processor.py:178} INFO - Processing /usr/local/lib/python3.10/dist-packages/airflow/example_dags/example_bash_operator.py took 0.347 seconds
[2023-10-28T08:37:05.719+0000] {processor.py:156} INFO - Started process (PID=1519312) to work on /usr/local/lib/python3.10/dist-packages/airflow/example_dags/example_bash_operator.py
[2023-10-28T08:37:05.721+0000] {processor.py:799} INFO - Processing file /usr/local/lib/python3.10/dist-packages/airflow/example_dags/example_bash_operator.py for tasks to queue
[2023-10-28T08:37:05.722+0000] {logging_mixin.py:149} INFO - [2023-10-28T08:37:05.722+0000] {dagbag.py:541} INFO - Filling up the DagBag from /usr/local/lib/python3.10/dist-packages/airflow/example_dags/example_bash_operator.py
[2023-10-28T08:37:05.759+0000] {processor.py:809} INFO - DAG(s) dict_keys(['example_bash_operator']) retrieved from /usr/local/lib/python3.10/dist-packages/airflow/example_dags/example_bash_operator.py
[2023-10-28T08:37:05.886+0000] {logging_mixin.py:149} INFO - [2023-10-28T08:37:05.886+0000] {dag.py:2726} INFO - Sync 1 DAGs
[2023-10-28T08:37:05.980+0000] {logging_mixin.py:149} INFO - [2023-10-28T08:37:05.979+0000] {dag.py:3486} INFO - Setting next_dagrun for example_bash_operator to 2023-10-27T00:00:00+00:00, run_after=2023-10-28T00:00:00+00:00
[2023-10-28T08:37:06.044+0000] {processor.py:178} INFO - Processing /usr/local/lib/python3.10/dist-packages/airflow/example_dags/example_bash_operator.py took 0.332 seconds
[2023-10-28T08:37:36.427+0000] {processor.py:156} INFO - Started process (PID=1519677) to work on /usr/local/lib/python3.10/dist-packages/airflow/example_dags/example_bash_operator.py
[2023-10-28T08:37:36.430+0000] {processor.py:799} INFO - Processing file /usr/local/lib/python3.10/dist-packages/airflow/example_dags/example_bash_operator.py for tasks to queue
[2023-10-28T08:37:36.432+0000] {logging_mixin.py:149} INFO - [2023-10-28T08:37:36.431+0000] {dagbag.py:541} INFO - Filling up the DagBag from /usr/local/lib/python3.10/dist-packages/airflow/example_dags/example_bash_operator.py
[2023-10-28T08:37:36.476+0000] {processor.py:809} INFO - DAG(s) dict_keys(['example_bash_operator']) retrieved from /usr/local/lib/python3.10/dist-packages/airflow/example_dags/example_bash_operator.py
[2023-10-28T08:37:36.598+0000] {logging_mixin.py:149} INFO - [2023-10-28T08:37:36.598+0000] {dag.py:2726} INFO - Sync 1 DAGs
[2023-10-28T08:37:36.680+0000] {logging_mixin.py:149} INFO - [2023-10-28T08:37:36.679+0000] {dag.py:3486} INFO - Setting next_dagrun for example_bash_operator to 2023-10-27T00:00:00+00:00, run_after=2023-10-28T00:00:00+00:00
[2023-10-28T08:37:36.742+0000] {processor.py:178} INFO - Processing /usr/local/lib/python3.10/dist-packages/airflow/example_dags/example_bash_operator.py took 0.324 seconds
[2023-10-28T08:38:07.316+0000] {processor.py:156} INFO - Started process (PID=1520129) to work on /usr/local/lib/python3.10/dist-packages/airflow/example_dags/example_bash_operator.py
[2023-10-28T08:38:07.317+0000] {processor.py:799} INFO - Processing file /usr/local/lib/python3.10/dist-packages/airflow/example_dags/example_bash_operator.py for tasks to queue
[2023-10-28T08:38:07.319+0000] {logging_mixin.py:149} INFO - [2023-10-28T08:38:07.319+0000] {dagbag.py:541} INFO - Filling up the DagBag from /usr/local/lib/python3.10/dist-packages/airflow/example_dags/example_bash_operator.py
[2023-10-28T08:38:07.354+0000] {processor.py:809} INFO - DAG(s) dict_keys(['example_bash_operator']) retrieved from /usr/local/lib/python3.10/dist-packages/airflow/example_dags/example_bash_operator.py
[2023-10-28T08:38:07.469+0000] {logging_mixin.py:149} INFO - [2023-10-28T08:38:07.469+0000] {dag.py:2726} INFO - Sync 1 DAGs
[2023-10-28T08:38:07.546+0000] {logging_mixin.py:149} INFO - [2023-10-28T08:38:07.545+0000] {dag.py:3486} INFO - Setting next_dagrun for example_bash_operator to 2023-10-27T00:00:00+00:00, run_after=2023-10-28T00:00:00+00:00
[2023-10-28T08:38:07.612+0000] {processor.py:178} INFO - Processing /usr/local/lib/python3.10/dist-packages/airflow/example_dags/example_bash_operator.py took 0.304 seconds
[2023-10-28T08:38:38.170+0000] {processor.py:156} INFO - Started process (PID=1520618) to work on /usr/local/lib/python3.10/dist-packages/airflow/example_dags/example_bash_operator.py
[2023-10-28T08:38:38.208+0000] {processor.py:799} INFO - Processing file /usr/local/lib/python3.10/dist-packages/airflow/example_dags/example_bash_operator.py for tasks to queue
[2023-10-28T08:38:38.210+0000] {logging_mixin.py:149} INFO - [2023-10-28T08:38:38.209+0000] {dagbag.py:541} INFO - Filling up the DagBag from /usr/local/lib/python3.10/dist-packages/airflow/example_dags/example_bash_operator.py
[2023-10-28T08:38:38.246+0000] {processor.py:809} INFO - DAG(s) dict_keys(['example_bash_operator']) retrieved from /usr/local/lib/python3.10/dist-packages/airflow/example_dags/example_bash_operator.py
[2023-10-28T08:38:38.368+0000] {logging_mixin.py:149} INFO - [2023-10-28T08:38:38.367+0000] {dag.py:2726} INFO - Sync 1 DAGs
[2023-10-28T08:38:38.448+0000] {logging_mixin.py:149} INFO - [2023-10-28T08:38:38.447+0000] {dag.py:3486} INFO - Setting next_dagrun for example_bash_operator to 2023-10-27T00:00:00+00:00, run_after=2023-10-28T00:00:00+00:00
[2023-10-28T08:38:38.518+0000] {processor.py:178} INFO - Processing /usr/local/lib/python3.10/dist-packages/airflow/example_dags/example_bash_operator.py took 0.356 seconds
[2023-10-28T08:39:08.654+0000] {processor.py:156} INFO - Started process (PID=1521214) to work on /usr/local/lib/python3.10/dist-packages/airflow/example_dags/example_bash_operator.py
[2023-10-28T08:39:08.656+0000] {processor.py:799} INFO - Processing file /usr/local/lib/python3.10/dist-packages/airflow/example_dags/example_bash_operator.py for tasks to queue
[2023-10-28T08:39:08.658+0000] {logging_mixin.py:149} INFO - [2023-10-28T08:39:08.658+0000] {dagbag.py:541} INFO - Filling up the DagBag from /usr/local/lib/python3.10/dist-packages/airflow/example_dags/example_bash_operator.py
[2023-10-28T08:39:08.695+0000] {processor.py:809} INFO - DAG(s) dict_keys(['example_bash_operator']) retrieved from /usr/local/lib/python3.10/dist-packages/airflow/example_dags/example_bash_operator.py
[2023-10-28T08:39:08.810+0000] {logging_mixin.py:149} INFO - [2023-10-28T08:39:08.810+0000] {dag.py:2726} INFO - Sync 1 DAGs
[2023-10-28T08:39:08.890+0000] {logging_mixin.py:149} INFO - [2023-10-28T08:39:08.889+0000] {dag.py:3486} INFO - Setting next_dagrun for example_bash_operator to 2023-10-27T00:00:00+00:00, run_after=2023-10-28T00:00:00+00:00
[2023-10-28T08:39:08.952+0000] {processor.py:178} INFO - Processing /usr/local/lib/python3.10/dist-packages/airflow/example_dags/example_bash_operator.py took 0.305 seconds
[2023-10-28T08:39:39.377+0000] {processor.py:156} INFO - Started process (PID=1521617) to work on /usr/local/lib/python3.10/dist-packages/airflow/example_dags/example_bash_operator.py
[2023-10-28T08:39:39.404+0000] {processor.py:799} INFO - Processing file /usr/local/lib/python3.10/dist-packages/airflow/example_dags/example_bash_operator.py for tasks to queue
[2023-10-28T08:39:39.407+0000] {logging_mixin.py:149} INFO - [2023-10-28T08:39:39.406+0000] {dagbag.py:541} INFO - Filling up the DagBag from /usr/local/lib/python3.10/dist-packages/airflow/example_dags/example_bash_operator.py
[2023-10-28T08:39:39.447+0000] {processor.py:809} INFO - DAG(s) dict_keys(['example_bash_operator']) retrieved from /usr/local/lib/python3.10/dist-packages/airflow/example_dags/example_bash_operator.py
[2023-10-28T08:39:39.567+0000] {logging_mixin.py:149} INFO - [2023-10-28T08:39:39.566+0000] {dag.py:2726} INFO - Sync 1 DAGs
[2023-10-28T08:39:39.645+0000] {logging_mixin.py:149} INFO - [2023-10-28T08:39:39.645+0000] {dag.py:3486} INFO - Setting next_dagrun for example_bash_operator to 2023-10-27T00:00:00+00:00, run_after=2023-10-28T00:00:00+00:00
[2023-10-28T08:39:39.715+0000] {processor.py:178} INFO - Processing /usr/local/lib/python3.10/dist-packages/airflow/example_dags/example_bash_operator.py took 0.345 seconds
