[2023-10-28T07:57:17.821+0000] {processor.py:156} INFO - Started process (PID=1491482) to work on /usr/local/lib/python3.10/dist-packages/airflow/example_dags/example_task_group.py
[2023-10-28T07:57:17.823+0000] {processor.py:799} INFO - Processing file /usr/local/lib/python3.10/dist-packages/airflow/example_dags/example_task_group.py for tasks to queue
[2023-10-28T07:57:17.826+0000] {logging_mixin.py:149} INFO - [2023-10-28T07:57:17.825+0000] {dagbag.py:541} INFO - Filling up the DagBag from /usr/local/lib/python3.10/dist-packages/airflow/example_dags/example_task_group.py
[2023-10-28T07:57:17.851+0000] {processor.py:809} INFO - DAG(s) dict_keys(['example_task_group']) retrieved from /usr/local/lib/python3.10/dist-packages/airflow/example_dags/example_task_group.py
[2023-10-28T07:57:18.368+0000] {logging_mixin.py:149} INFO - [2023-10-28T07:57:18.367+0000] {manager.py:504} INFO - Created Permission View: can read on DAG:example_task_group
[2023-10-28T07:57:18.396+0000] {logging_mixin.py:149} INFO - [2023-10-28T07:57:18.395+0000] {manager.py:504} INFO - Created Permission View: can edit on DAG:example_task_group
[2023-10-28T07:57:18.419+0000] {logging_mixin.py:149} INFO - [2023-10-28T07:57:18.418+0000] {manager.py:504} INFO - Created Permission View: can delete on DAG:example_task_group
[2023-10-28T07:57:18.419+0000] {logging_mixin.py:149} INFO - [2023-10-28T07:57:18.419+0000] {dag.py:2726} INFO - Sync 1 DAGs
[2023-10-28T07:57:18.448+0000] {logging_mixin.py:149} INFO - [2023-10-28T07:57:18.448+0000] {dag.py:2747} INFO - Creating ORM DAG for example_task_group
[2023-10-28T07:57:18.473+0000] {logging_mixin.py:149} INFO - [2023-10-28T07:57:18.472+0000] {dag.py:3486} INFO - Setting next_dagrun for example_task_group to 2023-10-27T07:57:18.472017+00:00, run_after=2023-10-28T07:57:18.472017+00:00
[2023-10-28T07:57:18.570+0000] {processor.py:178} INFO - Processing /usr/local/lib/python3.10/dist-packages/airflow/example_dags/example_task_group.py took 0.755 seconds
[2023-10-28T07:58:31.100+0000] {processor.py:156} INFO - Started process (PID=1491933) to work on /usr/local/lib/python3.10/dist-packages/airflow/example_dags/example_task_group.py
[2023-10-28T07:58:31.103+0000] {processor.py:799} INFO - Processing file /usr/local/lib/python3.10/dist-packages/airflow/example_dags/example_task_group.py for tasks to queue
[2023-10-28T07:58:31.105+0000] {logging_mixin.py:149} INFO - [2023-10-28T07:58:31.104+0000] {dagbag.py:541} INFO - Filling up the DagBag from /usr/local/lib/python3.10/dist-packages/airflow/example_dags/example_task_group.py
[2023-10-28T07:58:31.127+0000] {processor.py:809} INFO - DAG(s) dict_keys(['example_task_group']) retrieved from /usr/local/lib/python3.10/dist-packages/airflow/example_dags/example_task_group.py
[2023-10-28T07:58:31.411+0000] {logging_mixin.py:149} INFO - [2023-10-28T07:58:31.410+0000] {dag.py:2726} INFO - Sync 1 DAGs
[2023-10-28T07:58:31.465+0000] {logging_mixin.py:149} INFO - [2023-10-28T07:58:31.465+0000] {dag.py:3486} INFO - Setting next_dagrun for example_task_group to 2023-10-27T07:58:31.464712+00:00, run_after=2023-10-28T07:58:31.464712+00:00
[2023-10-28T07:58:31.539+0000] {processor.py:178} INFO - Processing /usr/local/lib/python3.10/dist-packages/airflow/example_dags/example_task_group.py took 0.446 seconds
[2023-10-28T07:59:33.164+0000] {processor.py:156} INFO - Started process (PID=1492414) to work on /usr/local/lib/python3.10/dist-packages/airflow/example_dags/example_task_group.py
[2023-10-28T07:59:33.204+0000] {processor.py:799} INFO - Processing file /usr/local/lib/python3.10/dist-packages/airflow/example_dags/example_task_group.py for tasks to queue
[2023-10-28T07:59:33.206+0000] {logging_mixin.py:149} INFO - [2023-10-28T07:59:33.206+0000] {dagbag.py:541} INFO - Filling up the DagBag from /usr/local/lib/python3.10/dist-packages/airflow/example_dags/example_task_group.py
[2023-10-28T07:59:33.225+0000] {processor.py:809} INFO - DAG(s) dict_keys(['example_task_group']) retrieved from /usr/local/lib/python3.10/dist-packages/airflow/example_dags/example_task_group.py
[2023-10-28T07:59:33.281+0000] {logging_mixin.py:149} INFO - [2023-10-28T07:59:33.281+0000] {dag.py:2726} INFO - Sync 1 DAGs
[2023-10-28T07:59:33.341+0000] {logging_mixin.py:149} INFO - [2023-10-28T07:59:33.341+0000] {dag.py:3486} INFO - Setting next_dagrun for example_task_group to 2023-10-27T07:59:33.340873+00:00, run_after=2023-10-28T07:59:33.340873+00:00
[2023-10-28T07:59:33.440+0000] {processor.py:178} INFO - Processing /usr/local/lib/python3.10/dist-packages/airflow/example_dags/example_task_group.py took 0.283 seconds
[2023-10-28T08:15:21.125+0000] {processor.py:156} INFO - Started process (PID=1497714) to work on /usr/local/lib/python3.10/dist-packages/airflow/example_dags/example_task_group.py
[2023-10-28T08:15:21.160+0000] {processor.py:799} INFO - Processing file /usr/local/lib/python3.10/dist-packages/airflow/example_dags/example_task_group.py for tasks to queue
[2023-10-28T08:15:21.162+0000] {logging_mixin.py:149} INFO - [2023-10-28T08:15:21.162+0000] {dagbag.py:541} INFO - Filling up the DagBag from /usr/local/lib/python3.10/dist-packages/airflow/example_dags/example_task_group.py
[2023-10-28T08:15:21.184+0000] {processor.py:809} INFO - DAG(s) dict_keys(['example_task_group']) retrieved from /usr/local/lib/python3.10/dist-packages/airflow/example_dags/example_task_group.py
[2023-10-28T08:15:21.699+0000] {logging_mixin.py:149} INFO - [2023-10-28T08:15:21.698+0000] {manager.py:504} INFO - Created Permission View: can read on DAG:example_task_group
[2023-10-28T08:15:21.729+0000] {logging_mixin.py:149} INFO - [2023-10-28T08:15:21.729+0000] {manager.py:504} INFO - Created Permission View: can delete on DAG:example_task_group
[2023-10-28T08:15:21.754+0000] {logging_mixin.py:149} INFO - [2023-10-28T08:15:21.753+0000] {manager.py:504} INFO - Created Permission View: can edit on DAG:example_task_group
[2023-10-28T08:15:21.755+0000] {logging_mixin.py:149} INFO - [2023-10-28T08:15:21.754+0000] {dag.py:2726} INFO - Sync 1 DAGs
[2023-10-28T08:15:21.793+0000] {logging_mixin.py:149} INFO - [2023-10-28T08:15:21.792+0000] {dag.py:2747} INFO - Creating ORM DAG for example_task_group
[2023-10-28T08:15:21.825+0000] {logging_mixin.py:149} INFO - [2023-10-28T08:15:21.824+0000] {dag.py:3486} INFO - Setting next_dagrun for example_task_group to 2023-10-27T08:15:21.824143+00:00, run_after=2023-10-28T08:15:21.824143+00:00
[2023-10-28T08:15:21.882+0000] {processor.py:178} INFO - Processing /usr/local/lib/python3.10/dist-packages/airflow/example_dags/example_task_group.py took 0.764 seconds
[2023-10-28T08:15:52.459+0000] {processor.py:156} INFO - Started process (PID=1498597) to work on /usr/local/lib/python3.10/dist-packages/airflow/example_dags/example_task_group.py
[2023-10-28T08:15:52.499+0000] {processor.py:799} INFO - Processing file /usr/local/lib/python3.10/dist-packages/airflow/example_dags/example_task_group.py for tasks to queue
[2023-10-28T08:15:52.501+0000] {logging_mixin.py:149} INFO - [2023-10-28T08:15:52.500+0000] {dagbag.py:541} INFO - Filling up the DagBag from /usr/local/lib/python3.10/dist-packages/airflow/example_dags/example_task_group.py
[2023-10-28T08:15:52.520+0000] {processor.py:809} INFO - DAG(s) dict_keys(['example_task_group']) retrieved from /usr/local/lib/python3.10/dist-packages/airflow/example_dags/example_task_group.py
[2023-10-28T08:15:52.599+0000] {logging_mixin.py:149} INFO - [2023-10-28T08:15:52.598+0000] {dag.py:2726} INFO - Sync 1 DAGs
[2023-10-28T08:15:52.672+0000] {logging_mixin.py:149} INFO - [2023-10-28T08:15:52.671+0000] {dag.py:3486} INFO - Setting next_dagrun for example_task_group to 2023-10-27T08:15:52.670941+00:00, run_after=2023-10-28T08:15:52.670941+00:00
[2023-10-28T08:15:52.777+0000] {processor.py:178} INFO - Processing /usr/local/lib/python3.10/dist-packages/airflow/example_dags/example_task_group.py took 0.326 seconds
[2023-10-28T08:16:23.671+0000] {processor.py:156} INFO - Started process (PID=1499936) to work on /usr/local/lib/python3.10/dist-packages/airflow/example_dags/example_task_group.py
[2023-10-28T08:16:23.709+0000] {processor.py:799} INFO - Processing file /usr/local/lib/python3.10/dist-packages/airflow/example_dags/example_task_group.py for tasks to queue
[2023-10-28T08:16:23.712+0000] {logging_mixin.py:149} INFO - [2023-10-28T08:16:23.711+0000] {dagbag.py:541} INFO - Filling up the DagBag from /usr/local/lib/python3.10/dist-packages/airflow/example_dags/example_task_group.py
[2023-10-28T08:16:23.733+0000] {processor.py:809} INFO - DAG(s) dict_keys(['example_task_group']) retrieved from /usr/local/lib/python3.10/dist-packages/airflow/example_dags/example_task_group.py
[2023-10-28T08:16:23.815+0000] {logging_mixin.py:149} INFO - [2023-10-28T08:16:23.815+0000] {dag.py:2726} INFO - Sync 1 DAGs
[2023-10-28T08:16:23.898+0000] {logging_mixin.py:149} INFO - [2023-10-28T08:16:23.898+0000] {dag.py:3486} INFO - Setting next_dagrun for example_task_group to 2023-10-27T08:16:23.897316+00:00, run_after=2023-10-28T08:16:23.897316+00:00
[2023-10-28T08:16:23.984+0000] {processor.py:178} INFO - Processing /usr/local/lib/python3.10/dist-packages/airflow/example_dags/example_task_group.py took 0.320 seconds
[2023-10-28T08:16:54.711+0000] {processor.py:156} INFO - Started process (PID=1500563) to work on /usr/local/lib/python3.10/dist-packages/airflow/example_dags/example_task_group.py
[2023-10-28T08:16:54.756+0000] {processor.py:799} INFO - Processing file /usr/local/lib/python3.10/dist-packages/airflow/example_dags/example_task_group.py for tasks to queue
[2023-10-28T08:16:54.758+0000] {logging_mixin.py:149} INFO - [2023-10-28T08:16:54.757+0000] {dagbag.py:541} INFO - Filling up the DagBag from /usr/local/lib/python3.10/dist-packages/airflow/example_dags/example_task_group.py
[2023-10-28T08:16:54.781+0000] {processor.py:809} INFO - DAG(s) dict_keys(['example_task_group']) retrieved from /usr/local/lib/python3.10/dist-packages/airflow/example_dags/example_task_group.py
[2023-10-28T08:16:54.862+0000] {logging_mixin.py:149} INFO - [2023-10-28T08:16:54.862+0000] {dag.py:2726} INFO - Sync 1 DAGs
[2023-10-28T08:16:54.939+0000] {logging_mixin.py:149} INFO - [2023-10-28T08:16:54.938+0000] {dag.py:3486} INFO - Setting next_dagrun for example_task_group to 2023-10-27T08:16:54.937634+00:00, run_after=2023-10-28T08:16:54.937634+00:00
[2023-10-28T08:16:55.050+0000] {processor.py:178} INFO - Processing /usr/local/lib/python3.10/dist-packages/airflow/example_dags/example_task_group.py took 0.346 seconds
[2023-10-28T08:17:25.754+0000] {processor.py:156} INFO - Started process (PID=1501067) to work on /usr/local/lib/python3.10/dist-packages/airflow/example_dags/example_task_group.py
[2023-10-28T08:17:25.788+0000] {processor.py:799} INFO - Processing file /usr/local/lib/python3.10/dist-packages/airflow/example_dags/example_task_group.py for tasks to queue
[2023-10-28T08:17:25.790+0000] {logging_mixin.py:149} INFO - [2023-10-28T08:17:25.790+0000] {dagbag.py:541} INFO - Filling up the DagBag from /usr/local/lib/python3.10/dist-packages/airflow/example_dags/example_task_group.py
[2023-10-28T08:17:25.809+0000] {processor.py:809} INFO - DAG(s) dict_keys(['example_task_group']) retrieved from /usr/local/lib/python3.10/dist-packages/airflow/example_dags/example_task_group.py
[2023-10-28T08:17:25.896+0000] {logging_mixin.py:149} INFO - [2023-10-28T08:17:25.895+0000] {dag.py:2726} INFO - Sync 1 DAGs
[2023-10-28T08:17:25.970+0000] {logging_mixin.py:149} INFO - [2023-10-28T08:17:25.969+0000] {dag.py:3486} INFO - Setting next_dagrun for example_task_group to 2023-10-27T08:17:25.968971+00:00, run_after=2023-10-28T08:17:25.968971+00:00
[2023-10-28T08:17:26.035+0000] {processor.py:178} INFO - Processing /usr/local/lib/python3.10/dist-packages/airflow/example_dags/example_task_group.py took 0.289 seconds
[2023-10-28T08:17:56.095+0000] {processor.py:156} INFO - Started process (PID=1501425) to work on /usr/local/lib/python3.10/dist-packages/airflow/example_dags/example_task_group.py
[2023-10-28T08:17:56.137+0000] {processor.py:799} INFO - Processing file /usr/local/lib/python3.10/dist-packages/airflow/example_dags/example_task_group.py for tasks to queue
[2023-10-28T08:17:56.139+0000] {logging_mixin.py:149} INFO - [2023-10-28T08:17:56.138+0000] {dagbag.py:541} INFO - Filling up the DagBag from /usr/local/lib/python3.10/dist-packages/airflow/example_dags/example_task_group.py
[2023-10-28T08:17:56.160+0000] {processor.py:809} INFO - DAG(s) dict_keys(['example_task_group']) retrieved from /usr/local/lib/python3.10/dist-packages/airflow/example_dags/example_task_group.py
[2023-10-28T08:17:56.251+0000] {logging_mixin.py:149} INFO - [2023-10-28T08:17:56.250+0000] {dag.py:2726} INFO - Sync 1 DAGs
[2023-10-28T08:17:56.328+0000] {logging_mixin.py:149} INFO - [2023-10-28T08:17:56.328+0000] {dag.py:3486} INFO - Setting next_dagrun for example_task_group to 2023-10-27T08:17:56.327486+00:00, run_after=2023-10-28T08:17:56.327486+00:00
[2023-10-28T08:17:56.394+0000] {processor.py:178} INFO - Processing /usr/local/lib/python3.10/dist-packages/airflow/example_dags/example_task_group.py took 0.307 seconds
[2023-10-28T08:18:26.712+0000] {processor.py:156} INFO - Started process (PID=1501804) to work on /usr/local/lib/python3.10/dist-packages/airflow/example_dags/example_task_group.py
[2023-10-28T08:18:26.750+0000] {processor.py:799} INFO - Processing file /usr/local/lib/python3.10/dist-packages/airflow/example_dags/example_task_group.py for tasks to queue
[2023-10-28T08:18:26.753+0000] {logging_mixin.py:149} INFO - [2023-10-28T08:18:26.752+0000] {dagbag.py:541} INFO - Filling up the DagBag from /usr/local/lib/python3.10/dist-packages/airflow/example_dags/example_task_group.py
[2023-10-28T08:18:26.775+0000] {processor.py:809} INFO - DAG(s) dict_keys(['example_task_group']) retrieved from /usr/local/lib/python3.10/dist-packages/airflow/example_dags/example_task_group.py
[2023-10-28T08:18:26.869+0000] {logging_mixin.py:149} INFO - [2023-10-28T08:18:26.868+0000] {dag.py:2726} INFO - Sync 1 DAGs
[2023-10-28T08:18:26.947+0000] {logging_mixin.py:149} INFO - [2023-10-28T08:18:26.946+0000] {dag.py:3486} INFO - Setting next_dagrun for example_task_group to 2023-10-27T08:18:26.946275+00:00, run_after=2023-10-28T08:18:26.946275+00:00
[2023-10-28T08:18:27.057+0000] {processor.py:178} INFO - Processing /usr/local/lib/python3.10/dist-packages/airflow/example_dags/example_task_group.py took 0.353 seconds
[2023-10-28T08:18:57.209+0000] {processor.py:156} INFO - Started process (PID=1502158) to work on /usr/local/lib/python3.10/dist-packages/airflow/example_dags/example_task_group.py
[2023-10-28T08:18:57.249+0000] {processor.py:799} INFO - Processing file /usr/local/lib/python3.10/dist-packages/airflow/example_dags/example_task_group.py for tasks to queue
[2023-10-28T08:18:57.252+0000] {logging_mixin.py:149} INFO - [2023-10-28T08:18:57.251+0000] {dagbag.py:541} INFO - Filling up the DagBag from /usr/local/lib/python3.10/dist-packages/airflow/example_dags/example_task_group.py
[2023-10-28T08:18:57.273+0000] {processor.py:809} INFO - DAG(s) dict_keys(['example_task_group']) retrieved from /usr/local/lib/python3.10/dist-packages/airflow/example_dags/example_task_group.py
[2023-10-28T08:18:57.363+0000] {logging_mixin.py:149} INFO - [2023-10-28T08:18:57.363+0000] {dag.py:2726} INFO - Sync 1 DAGs
[2023-10-28T08:18:57.438+0000] {logging_mixin.py:149} INFO - [2023-10-28T08:18:57.437+0000] {dag.py:3486} INFO - Setting next_dagrun for example_task_group to 2023-10-27T08:18:57.437307+00:00, run_after=2023-10-28T08:18:57.437307+00:00
[2023-10-28T08:18:57.502+0000] {processor.py:178} INFO - Processing /usr/local/lib/python3.10/dist-packages/airflow/example_dags/example_task_group.py took 0.302 seconds
[2023-10-28T08:19:27.613+0000] {processor.py:156} INFO - Started process (PID=1502550) to work on /usr/local/lib/python3.10/dist-packages/airflow/example_dags/example_task_group.py
[2023-10-28T08:19:27.636+0000] {processor.py:799} INFO - Processing file /usr/local/lib/python3.10/dist-packages/airflow/example_dags/example_task_group.py for tasks to queue
[2023-10-28T08:19:27.638+0000] {logging_mixin.py:149} INFO - [2023-10-28T08:19:27.638+0000] {dagbag.py:541} INFO - Filling up the DagBag from /usr/local/lib/python3.10/dist-packages/airflow/example_dags/example_task_group.py
[2023-10-28T08:19:27.660+0000] {processor.py:809} INFO - DAG(s) dict_keys(['example_task_group']) retrieved from /usr/local/lib/python3.10/dist-packages/airflow/example_dags/example_task_group.py
[2023-10-28T08:19:27.743+0000] {logging_mixin.py:149} INFO - [2023-10-28T08:19:27.743+0000] {dag.py:2726} INFO - Sync 1 DAGs
[2023-10-28T08:19:27.825+0000] {logging_mixin.py:149} INFO - [2023-10-28T08:19:27.824+0000] {dag.py:3486} INFO - Setting next_dagrun for example_task_group to 2023-10-27T08:19:27.824352+00:00, run_after=2023-10-28T08:19:27.824352+00:00
[2023-10-28T08:19:27.904+0000] {processor.py:178} INFO - Processing /usr/local/lib/python3.10/dist-packages/airflow/example_dags/example_task_group.py took 0.298 seconds
[2023-10-28T08:19:58.105+0000] {processor.py:156} INFO - Started process (PID=1502905) to work on /usr/local/lib/python3.10/dist-packages/airflow/example_dags/example_task_group.py
[2023-10-28T08:19:58.108+0000] {processor.py:799} INFO - Processing file /usr/local/lib/python3.10/dist-packages/airflow/example_dags/example_task_group.py for tasks to queue
[2023-10-28T08:19:58.110+0000] {logging_mixin.py:149} INFO - [2023-10-28T08:19:58.109+0000] {dagbag.py:541} INFO - Filling up the DagBag from /usr/local/lib/python3.10/dist-packages/airflow/example_dags/example_task_group.py
[2023-10-28T08:19:58.128+0000] {processor.py:809} INFO - DAG(s) dict_keys(['example_task_group']) retrieved from /usr/local/lib/python3.10/dist-packages/airflow/example_dags/example_task_group.py
[2023-10-28T08:19:58.213+0000] {logging_mixin.py:149} INFO - [2023-10-28T08:19:58.212+0000] {dag.py:2726} INFO - Sync 1 DAGs
[2023-10-28T08:19:58.293+0000] {logging_mixin.py:149} INFO - [2023-10-28T08:19:58.293+0000] {dag.py:3486} INFO - Setting next_dagrun for example_task_group to 2023-10-27T08:19:58.292592+00:00, run_after=2023-10-28T08:19:58.292592+00:00
[2023-10-28T08:19:58.357+0000] {processor.py:178} INFO - Processing /usr/local/lib/python3.10/dist-packages/airflow/example_dags/example_task_group.py took 0.259 seconds
[2023-10-28T08:20:29.198+0000] {processor.py:156} INFO - Started process (PID=1503423) to work on /usr/local/lib/python3.10/dist-packages/airflow/example_dags/example_task_group.py
[2023-10-28T08:20:29.236+0000] {processor.py:799} INFO - Processing file /usr/local/lib/python3.10/dist-packages/airflow/example_dags/example_task_group.py for tasks to queue
[2023-10-28T08:20:29.238+0000] {logging_mixin.py:149} INFO - [2023-10-28T08:20:29.238+0000] {dagbag.py:541} INFO - Filling up the DagBag from /usr/local/lib/python3.10/dist-packages/airflow/example_dags/example_task_group.py
[2023-10-28T08:20:29.257+0000] {processor.py:809} INFO - DAG(s) dict_keys(['example_task_group']) retrieved from /usr/local/lib/python3.10/dist-packages/airflow/example_dags/example_task_group.py
[2023-10-28T08:20:29.336+0000] {logging_mixin.py:149} INFO - [2023-10-28T08:20:29.335+0000] {dag.py:2726} INFO - Sync 1 DAGs
[2023-10-28T08:20:29.412+0000] {logging_mixin.py:149} INFO - [2023-10-28T08:20:29.412+0000] {dag.py:3486} INFO - Setting next_dagrun for example_task_group to 2023-10-27T08:20:29.411649+00:00, run_after=2023-10-28T08:20:29.411649+00:00
[2023-10-28T08:20:29.514+0000] {processor.py:178} INFO - Processing /usr/local/lib/python3.10/dist-packages/airflow/example_dags/example_task_group.py took 0.324 seconds
[2023-10-28T08:20:59.980+0000] {processor.py:156} INFO - Started process (PID=1503815) to work on /usr/local/lib/python3.10/dist-packages/airflow/example_dags/example_task_group.py
[2023-10-28T08:21:00.020+0000] {processor.py:799} INFO - Processing file /usr/local/lib/python3.10/dist-packages/airflow/example_dags/example_task_group.py for tasks to queue
[2023-10-28T08:21:00.022+0000] {logging_mixin.py:149} INFO - [2023-10-28T08:21:00.022+0000] {dagbag.py:541} INFO - Filling up the DagBag from /usr/local/lib/python3.10/dist-packages/airflow/example_dags/example_task_group.py
[2023-10-28T08:21:00.042+0000] {processor.py:809} INFO - DAG(s) dict_keys(['example_task_group']) retrieved from /usr/local/lib/python3.10/dist-packages/airflow/example_dags/example_task_group.py
[2023-10-28T08:21:00.133+0000] {logging_mixin.py:149} INFO - [2023-10-28T08:21:00.132+0000] {dag.py:2726} INFO - Sync 1 DAGs
[2023-10-28T08:21:00.213+0000] {logging_mixin.py:149} INFO - [2023-10-28T08:21:00.213+0000] {dag.py:3486} INFO - Setting next_dagrun for example_task_group to 2023-10-27T08:21:00.212272+00:00, run_after=2023-10-28T08:21:00.212272+00:00
[2023-10-28T08:21:00.277+0000] {processor.py:178} INFO - Processing /usr/local/lib/python3.10/dist-packages/airflow/example_dags/example_task_group.py took 0.304 seconds
[2023-10-28T08:21:30.368+0000] {processor.py:156} INFO - Started process (PID=1504434) to work on /usr/local/lib/python3.10/dist-packages/airflow/example_dags/example_task_group.py
[2023-10-28T08:21:30.370+0000] {processor.py:799} INFO - Processing file /usr/local/lib/python3.10/dist-packages/airflow/example_dags/example_task_group.py for tasks to queue
[2023-10-28T08:21:30.372+0000] {logging_mixin.py:149} INFO - [2023-10-28T08:21:30.371+0000] {dagbag.py:541} INFO - Filling up the DagBag from /usr/local/lib/python3.10/dist-packages/airflow/example_dags/example_task_group.py
[2023-10-28T08:21:30.390+0000] {processor.py:809} INFO - DAG(s) dict_keys(['example_task_group']) retrieved from /usr/local/lib/python3.10/dist-packages/airflow/example_dags/example_task_group.py
[2023-10-28T08:21:30.474+0000] {logging_mixin.py:149} INFO - [2023-10-28T08:21:30.474+0000] {dag.py:2726} INFO - Sync 1 DAGs
[2023-10-28T08:21:30.553+0000] {logging_mixin.py:149} INFO - [2023-10-28T08:21:30.552+0000] {dag.py:3486} INFO - Setting next_dagrun for example_task_group to 2023-10-27T08:21:30.551866+00:00, run_after=2023-10-28T08:21:30.551866+00:00
[2023-10-28T08:21:30.654+0000] {processor.py:178} INFO - Processing /usr/local/lib/python3.10/dist-packages/airflow/example_dags/example_task_group.py took 0.294 seconds
[2023-10-28T08:22:01.549+0000] {processor.py:156} INFO - Started process (PID=1505284) to work on /usr/local/lib/python3.10/dist-packages/airflow/example_dags/example_task_group.py
[2023-10-28T08:22:01.588+0000] {processor.py:799} INFO - Processing file /usr/local/lib/python3.10/dist-packages/airflow/example_dags/example_task_group.py for tasks to queue
[2023-10-28T08:22:01.590+0000] {logging_mixin.py:149} INFO - [2023-10-28T08:22:01.590+0000] {dagbag.py:541} INFO - Filling up the DagBag from /usr/local/lib/python3.10/dist-packages/airflow/example_dags/example_task_group.py
[2023-10-28T08:22:01.613+0000] {processor.py:809} INFO - DAG(s) dict_keys(['example_task_group']) retrieved from /usr/local/lib/python3.10/dist-packages/airflow/example_dags/example_task_group.py
[2023-10-28T08:22:01.714+0000] {logging_mixin.py:149} INFO - [2023-10-28T08:22:01.713+0000] {dag.py:2726} INFO - Sync 1 DAGs
[2023-10-28T08:22:01.801+0000] {logging_mixin.py:149} INFO - [2023-10-28T08:22:01.800+0000] {dag.py:3486} INFO - Setting next_dagrun for example_task_group to 2023-10-27T08:22:01.800201+00:00, run_after=2023-10-28T08:22:01.800201+00:00
[2023-10-28T08:22:01.875+0000] {processor.py:178} INFO - Processing /usr/local/lib/python3.10/dist-packages/airflow/example_dags/example_task_group.py took 0.333 seconds
[2023-10-28T08:22:32.041+0000] {processor.py:156} INFO - Started process (PID=1505785) to work on /usr/local/lib/python3.10/dist-packages/airflow/example_dags/example_task_group.py
[2023-10-28T08:22:32.052+0000] {processor.py:799} INFO - Processing file /usr/local/lib/python3.10/dist-packages/airflow/example_dags/example_task_group.py for tasks to queue
[2023-10-28T08:22:32.054+0000] {logging_mixin.py:149} INFO - [2023-10-28T08:22:32.054+0000] {dagbag.py:541} INFO - Filling up the DagBag from /usr/local/lib/python3.10/dist-packages/airflow/example_dags/example_task_group.py
[2023-10-28T08:22:32.072+0000] {processor.py:809} INFO - DAG(s) dict_keys(['example_task_group']) retrieved from /usr/local/lib/python3.10/dist-packages/airflow/example_dags/example_task_group.py
[2023-10-28T08:22:32.155+0000] {logging_mixin.py:149} INFO - [2023-10-28T08:22:32.155+0000] {dag.py:2726} INFO - Sync 1 DAGs
[2023-10-28T08:22:32.237+0000] {logging_mixin.py:149} INFO - [2023-10-28T08:22:32.237+0000] {dag.py:3486} INFO - Setting next_dagrun for example_task_group to 2023-10-27T08:22:32.236417+00:00, run_after=2023-10-28T08:22:32.236417+00:00
[2023-10-28T08:22:32.326+0000] {processor.py:178} INFO - Processing /usr/local/lib/python3.10/dist-packages/airflow/example_dags/example_task_group.py took 0.293 seconds
[2023-10-28T08:23:02.420+0000] {processor.py:156} INFO - Started process (PID=1506286) to work on /usr/local/lib/python3.10/dist-packages/airflow/example_dags/example_task_group.py
[2023-10-28T08:23:02.464+0000] {processor.py:799} INFO - Processing file /usr/local/lib/python3.10/dist-packages/airflow/example_dags/example_task_group.py for tasks to queue
[2023-10-28T08:23:02.466+0000] {logging_mixin.py:149} INFO - [2023-10-28T08:23:02.466+0000] {dagbag.py:541} INFO - Filling up the DagBag from /usr/local/lib/python3.10/dist-packages/airflow/example_dags/example_task_group.py
[2023-10-28T08:23:02.489+0000] {processor.py:809} INFO - DAG(s) dict_keys(['example_task_group']) retrieved from /usr/local/lib/python3.10/dist-packages/airflow/example_dags/example_task_group.py
[2023-10-28T08:23:02.591+0000] {logging_mixin.py:149} INFO - [2023-10-28T08:23:02.591+0000] {dag.py:2726} INFO - Sync 1 DAGs
[2023-10-28T08:23:02.679+0000] {logging_mixin.py:149} INFO - [2023-10-28T08:23:02.679+0000] {dag.py:3486} INFO - Setting next_dagrun for example_task_group to 2023-10-27T08:23:02.678518+00:00, run_after=2023-10-28T08:23:02.678518+00:00
[2023-10-28T08:23:02.748+0000] {processor.py:178} INFO - Processing /usr/local/lib/python3.10/dist-packages/airflow/example_dags/example_task_group.py took 0.337 seconds
[2023-10-28T08:23:32.880+0000] {processor.py:156} INFO - Started process (PID=1506779) to work on /usr/local/lib/python3.10/dist-packages/airflow/example_dags/example_task_group.py
[2023-10-28T08:23:32.882+0000] {processor.py:799} INFO - Processing file /usr/local/lib/python3.10/dist-packages/airflow/example_dags/example_task_group.py for tasks to queue
[2023-10-28T08:23:32.884+0000] {logging_mixin.py:149} INFO - [2023-10-28T08:23:32.883+0000] {dagbag.py:541} INFO - Filling up the DagBag from /usr/local/lib/python3.10/dist-packages/airflow/example_dags/example_task_group.py
[2023-10-28T08:23:32.902+0000] {processor.py:809} INFO - DAG(s) dict_keys(['example_task_group']) retrieved from /usr/local/lib/python3.10/dist-packages/airflow/example_dags/example_task_group.py
[2023-10-28T08:23:32.987+0000] {logging_mixin.py:149} INFO - [2023-10-28T08:23:32.987+0000] {dag.py:2726} INFO - Sync 1 DAGs
[2023-10-28T08:23:33.065+0000] {logging_mixin.py:149} INFO - [2023-10-28T08:23:33.064+0000] {dag.py:3486} INFO - Setting next_dagrun for example_task_group to 2023-10-27T08:23:33.064283+00:00, run_after=2023-10-28T08:23:33.064283+00:00
[2023-10-28T08:23:33.127+0000] {processor.py:178} INFO - Processing /usr/local/lib/python3.10/dist-packages/airflow/example_dags/example_task_group.py took 0.254 seconds
[2023-10-28T08:24:03.798+0000] {processor.py:156} INFO - Started process (PID=1507336) to work on /usr/local/lib/python3.10/dist-packages/airflow/example_dags/example_task_group.py
[2023-10-28T08:24:03.837+0000] {processor.py:799} INFO - Processing file /usr/local/lib/python3.10/dist-packages/airflow/example_dags/example_task_group.py for tasks to queue
[2023-10-28T08:24:03.839+0000] {logging_mixin.py:149} INFO - [2023-10-28T08:24:03.838+0000] {dagbag.py:541} INFO - Filling up the DagBag from /usr/local/lib/python3.10/dist-packages/airflow/example_dags/example_task_group.py
[2023-10-28T08:24:03.860+0000] {processor.py:809} INFO - DAG(s) dict_keys(['example_task_group']) retrieved from /usr/local/lib/python3.10/dist-packages/airflow/example_dags/example_task_group.py
[2023-10-28T08:24:03.943+0000] {logging_mixin.py:149} INFO - [2023-10-28T08:24:03.943+0000] {dag.py:2726} INFO - Sync 1 DAGs
[2023-10-28T08:24:04.016+0000] {logging_mixin.py:149} INFO - [2023-10-28T08:24:04.016+0000] {dag.py:3486} INFO - Setting next_dagrun for example_task_group to 2023-10-27T08:24:04.015663+00:00, run_after=2023-10-28T08:24:04.015663+00:00
[2023-10-28T08:24:04.098+0000] {processor.py:178} INFO - Processing /usr/local/lib/python3.10/dist-packages/airflow/example_dags/example_task_group.py took 0.308 seconds
[2023-10-28T08:24:34.722+0000] {processor.py:156} INFO - Started process (PID=1507929) to work on /usr/local/lib/python3.10/dist-packages/airflow/example_dags/example_task_group.py
[2023-10-28T08:24:34.761+0000] {processor.py:799} INFO - Processing file /usr/local/lib/python3.10/dist-packages/airflow/example_dags/example_task_group.py for tasks to queue
[2023-10-28T08:24:34.763+0000] {logging_mixin.py:149} INFO - [2023-10-28T08:24:34.763+0000] {dagbag.py:541} INFO - Filling up the DagBag from /usr/local/lib/python3.10/dist-packages/airflow/example_dags/example_task_group.py
[2023-10-28T08:24:34.785+0000] {processor.py:809} INFO - DAG(s) dict_keys(['example_task_group']) retrieved from /usr/local/lib/python3.10/dist-packages/airflow/example_dags/example_task_group.py
[2023-10-28T08:24:34.866+0000] {logging_mixin.py:149} INFO - [2023-10-28T08:24:34.866+0000] {dag.py:2726} INFO - Sync 1 DAGs
[2023-10-28T08:24:34.940+0000] {logging_mixin.py:149} INFO - [2023-10-28T08:24:34.939+0000] {dag.py:3486} INFO - Setting next_dagrun for example_task_group to 2023-10-27T08:24:34.939184+00:00, run_after=2023-10-28T08:24:34.939184+00:00
[2023-10-28T08:24:35.023+0000] {processor.py:178} INFO - Processing /usr/local/lib/python3.10/dist-packages/airflow/example_dags/example_task_group.py took 0.307 seconds
[2023-10-28T08:25:05.234+0000] {processor.py:156} INFO - Started process (PID=1508355) to work on /usr/local/lib/python3.10/dist-packages/airflow/example_dags/example_task_group.py
[2023-10-28T08:25:05.285+0000] {processor.py:799} INFO - Processing file /usr/local/lib/python3.10/dist-packages/airflow/example_dags/example_task_group.py for tasks to queue
[2023-10-28T08:25:05.287+0000] {logging_mixin.py:149} INFO - [2023-10-28T08:25:05.287+0000] {dagbag.py:541} INFO - Filling up the DagBag from /usr/local/lib/python3.10/dist-packages/airflow/example_dags/example_task_group.py
[2023-10-28T08:25:05.308+0000] {processor.py:809} INFO - DAG(s) dict_keys(['example_task_group']) retrieved from /usr/local/lib/python3.10/dist-packages/airflow/example_dags/example_task_group.py
[2023-10-28T08:25:05.388+0000] {logging_mixin.py:149} INFO - [2023-10-28T08:25:05.387+0000] {dag.py:2726} INFO - Sync 1 DAGs
[2023-10-28T08:25:05.466+0000] {logging_mixin.py:149} INFO - [2023-10-28T08:25:05.466+0000] {dag.py:3486} INFO - Setting next_dagrun for example_task_group to 2023-10-27T08:25:05.465693+00:00, run_after=2023-10-28T08:25:05.465693+00:00
[2023-10-28T08:25:05.580+0000] {processor.py:178} INFO - Processing /usr/local/lib/python3.10/dist-packages/airflow/example_dags/example_task_group.py took 0.353 seconds
[2023-10-28T08:25:35.861+0000] {processor.py:156} INFO - Started process (PID=1509170) to work on /usr/local/lib/python3.10/dist-packages/airflow/example_dags/example_task_group.py
[2023-10-28T08:25:35.904+0000] {processor.py:799} INFO - Processing file /usr/local/lib/python3.10/dist-packages/airflow/example_dags/example_task_group.py for tasks to queue
[2023-10-28T08:25:35.906+0000] {logging_mixin.py:149} INFO - [2023-10-28T08:25:35.905+0000] {dagbag.py:541} INFO - Filling up the DagBag from /usr/local/lib/python3.10/dist-packages/airflow/example_dags/example_task_group.py
[2023-10-28T08:25:35.925+0000] {processor.py:809} INFO - DAG(s) dict_keys(['example_task_group']) retrieved from /usr/local/lib/python3.10/dist-packages/airflow/example_dags/example_task_group.py
[2023-10-28T08:25:36.010+0000] {logging_mixin.py:149} INFO - [2023-10-28T08:25:36.010+0000] {dag.py:2726} INFO - Sync 1 DAGs
[2023-10-28T08:25:36.091+0000] {logging_mixin.py:149} INFO - [2023-10-28T08:25:36.090+0000] {dag.py:3486} INFO - Setting next_dagrun for example_task_group to 2023-10-27T08:25:36.089697+00:00, run_after=2023-10-28T08:25:36.089697+00:00
[2023-10-28T08:25:36.179+0000] {processor.py:178} INFO - Processing /usr/local/lib/python3.10/dist-packages/airflow/example_dags/example_task_group.py took 0.326 seconds
[2023-10-28T08:26:06.367+0000] {processor.py:156} INFO - Started process (PID=1509566) to work on /usr/local/lib/python3.10/dist-packages/airflow/example_dags/example_task_group.py
[2023-10-28T08:26:06.369+0000] {processor.py:799} INFO - Processing file /usr/local/lib/python3.10/dist-packages/airflow/example_dags/example_task_group.py for tasks to queue
[2023-10-28T08:26:06.371+0000] {logging_mixin.py:149} INFO - [2023-10-28T08:26:06.371+0000] {dagbag.py:541} INFO - Filling up the DagBag from /usr/local/lib/python3.10/dist-packages/airflow/example_dags/example_task_group.py
[2023-10-28T08:26:06.394+0000] {processor.py:809} INFO - DAG(s) dict_keys(['example_task_group']) retrieved from /usr/local/lib/python3.10/dist-packages/airflow/example_dags/example_task_group.py
[2023-10-28T08:26:06.485+0000] {logging_mixin.py:149} INFO - [2023-10-28T08:26:06.484+0000] {dag.py:2726} INFO - Sync 1 DAGs
[2023-10-28T08:26:06.565+0000] {logging_mixin.py:149} INFO - [2023-10-28T08:26:06.564+0000] {dag.py:3486} INFO - Setting next_dagrun for example_task_group to 2023-10-27T08:26:06.564268+00:00, run_after=2023-10-28T08:26:06.564268+00:00
[2023-10-28T08:26:06.627+0000] {processor.py:178} INFO - Processing /usr/local/lib/python3.10/dist-packages/airflow/example_dags/example_task_group.py took 0.267 seconds
[2023-10-28T08:26:36.951+0000] {processor.py:156} INFO - Started process (PID=1509924) to work on /usr/local/lib/python3.10/dist-packages/airflow/example_dags/example_task_group.py
[2023-10-28T08:26:37.006+0000] {processor.py:799} INFO - Processing file /usr/local/lib/python3.10/dist-packages/airflow/example_dags/example_task_group.py for tasks to queue
[2023-10-28T08:26:37.008+0000] {logging_mixin.py:149} INFO - [2023-10-28T08:26:37.007+0000] {dagbag.py:541} INFO - Filling up the DagBag from /usr/local/lib/python3.10/dist-packages/airflow/example_dags/example_task_group.py
[2023-10-28T08:26:37.030+0000] {processor.py:809} INFO - DAG(s) dict_keys(['example_task_group']) retrieved from /usr/local/lib/python3.10/dist-packages/airflow/example_dags/example_task_group.py
[2023-10-28T08:26:37.117+0000] {logging_mixin.py:149} INFO - [2023-10-28T08:26:37.117+0000] {dag.py:2726} INFO - Sync 1 DAGs
[2023-10-28T08:26:37.193+0000] {logging_mixin.py:149} INFO - [2023-10-28T08:26:37.192+0000] {dag.py:3486} INFO - Setting next_dagrun for example_task_group to 2023-10-27T08:26:37.192152+00:00, run_after=2023-10-28T08:26:37.192152+00:00
[2023-10-28T08:26:37.284+0000] {processor.py:178} INFO - Processing /usr/local/lib/python3.10/dist-packages/airflow/example_dags/example_task_group.py took 0.340 seconds
[2023-10-28T08:27:08.005+0000] {processor.py:156} INFO - Started process (PID=1510451) to work on /usr/local/lib/python3.10/dist-packages/airflow/example_dags/example_task_group.py
[2023-10-28T08:27:08.007+0000] {processor.py:799} INFO - Processing file /usr/local/lib/python3.10/dist-packages/airflow/example_dags/example_task_group.py for tasks to queue
[2023-10-28T08:27:08.009+0000] {logging_mixin.py:149} INFO - [2023-10-28T08:27:08.008+0000] {dagbag.py:541} INFO - Filling up the DagBag from /usr/local/lib/python3.10/dist-packages/airflow/example_dags/example_task_group.py
[2023-10-28T08:27:08.027+0000] {processor.py:809} INFO - DAG(s) dict_keys(['example_task_group']) retrieved from /usr/local/lib/python3.10/dist-packages/airflow/example_dags/example_task_group.py
[2023-10-28T08:27:08.109+0000] {logging_mixin.py:149} INFO - [2023-10-28T08:27:08.109+0000] {dag.py:2726} INFO - Sync 1 DAGs
[2023-10-28T08:27:08.194+0000] {logging_mixin.py:149} INFO - [2023-10-28T08:27:08.193+0000] {dag.py:3486} INFO - Setting next_dagrun for example_task_group to 2023-10-27T08:27:08.193000+00:00, run_after=2023-10-28T08:27:08.193000+00:00
[2023-10-28T08:27:08.284+0000] {processor.py:178} INFO - Processing /usr/local/lib/python3.10/dist-packages/airflow/example_dags/example_task_group.py took 0.286 seconds
[2023-10-28T08:27:38.606+0000] {processor.py:156} INFO - Started process (PID=1510860) to work on /usr/local/lib/python3.10/dist-packages/airflow/example_dags/example_task_group.py
[2023-10-28T08:27:38.648+0000] {processor.py:799} INFO - Processing file /usr/local/lib/python3.10/dist-packages/airflow/example_dags/example_task_group.py for tasks to queue
[2023-10-28T08:27:38.651+0000] {logging_mixin.py:149} INFO - [2023-10-28T08:27:38.650+0000] {dagbag.py:541} INFO - Filling up the DagBag from /usr/local/lib/python3.10/dist-packages/airflow/example_dags/example_task_group.py
[2023-10-28T08:27:38.673+0000] {processor.py:809} INFO - DAG(s) dict_keys(['example_task_group']) retrieved from /usr/local/lib/python3.10/dist-packages/airflow/example_dags/example_task_group.py
[2023-10-28T08:27:38.760+0000] {logging_mixin.py:149} INFO - [2023-10-28T08:27:38.760+0000] {dag.py:2726} INFO - Sync 1 DAGs
[2023-10-28T08:27:38.835+0000] {logging_mixin.py:149} INFO - [2023-10-28T08:27:38.835+0000] {dag.py:3486} INFO - Setting next_dagrun for example_task_group to 2023-10-27T08:27:38.834783+00:00, run_after=2023-10-28T08:27:38.834783+00:00
[2023-10-28T08:27:38.922+0000] {processor.py:178} INFO - Processing /usr/local/lib/python3.10/dist-packages/airflow/example_dags/example_task_group.py took 0.323 seconds
[2023-10-28T08:28:09.069+0000] {processor.py:156} INFO - Started process (PID=1511243) to work on /usr/local/lib/python3.10/dist-packages/airflow/example_dags/example_task_group.py
[2023-10-28T08:28:09.108+0000] {processor.py:799} INFO - Processing file /usr/local/lib/python3.10/dist-packages/airflow/example_dags/example_task_group.py for tasks to queue
[2023-10-28T08:28:09.110+0000] {logging_mixin.py:149} INFO - [2023-10-28T08:28:09.110+0000] {dagbag.py:541} INFO - Filling up the DagBag from /usr/local/lib/python3.10/dist-packages/airflow/example_dags/example_task_group.py
[2023-10-28T08:28:09.128+0000] {processor.py:809} INFO - DAG(s) dict_keys(['example_task_group']) retrieved from /usr/local/lib/python3.10/dist-packages/airflow/example_dags/example_task_group.py
[2023-10-28T08:28:09.213+0000] {logging_mixin.py:149} INFO - [2023-10-28T08:28:09.212+0000] {dag.py:2726} INFO - Sync 1 DAGs
[2023-10-28T08:28:09.297+0000] {logging_mixin.py:149} INFO - [2023-10-28T08:28:09.296+0000] {dag.py:3486} INFO - Setting next_dagrun for example_task_group to 2023-10-27T08:28:09.295779+00:00, run_after=2023-10-28T08:28:09.295779+00:00
[2023-10-28T08:28:09.358+0000] {processor.py:178} INFO - Processing /usr/local/lib/python3.10/dist-packages/airflow/example_dags/example_task_group.py took 0.296 seconds
[2023-10-28T08:28:39.459+0000] {processor.py:156} INFO - Started process (PID=1511600) to work on /usr/local/lib/python3.10/dist-packages/airflow/example_dags/example_task_group.py
[2023-10-28T08:28:39.462+0000] {processor.py:799} INFO - Processing file /usr/local/lib/python3.10/dist-packages/airflow/example_dags/example_task_group.py for tasks to queue
[2023-10-28T08:28:39.465+0000] {logging_mixin.py:149} INFO - [2023-10-28T08:28:39.464+0000] {dagbag.py:541} INFO - Filling up the DagBag from /usr/local/lib/python3.10/dist-packages/airflow/example_dags/example_task_group.py
[2023-10-28T08:28:39.487+0000] {processor.py:809} INFO - DAG(s) dict_keys(['example_task_group']) retrieved from /usr/local/lib/python3.10/dist-packages/airflow/example_dags/example_task_group.py
[2023-10-28T08:28:39.572+0000] {logging_mixin.py:149} INFO - [2023-10-28T08:28:39.572+0000] {dag.py:2726} INFO - Sync 1 DAGs
[2023-10-28T08:28:39.651+0000] {logging_mixin.py:149} INFO - [2023-10-28T08:28:39.650+0000] {dag.py:3486} INFO - Setting next_dagrun for example_task_group to 2023-10-27T08:28:39.649974+00:00, run_after=2023-10-28T08:28:39.649974+00:00
[2023-10-28T08:28:39.755+0000] {processor.py:178} INFO - Processing /usr/local/lib/python3.10/dist-packages/airflow/example_dags/example_task_group.py took 0.302 seconds
[2023-10-28T08:29:10.417+0000] {processor.py:156} INFO - Started process (PID=1511995) to work on /usr/local/lib/python3.10/dist-packages/airflow/example_dags/example_task_group.py
[2023-10-28T08:29:10.456+0000] {processor.py:799} INFO - Processing file /usr/local/lib/python3.10/dist-packages/airflow/example_dags/example_task_group.py for tasks to queue
[2023-10-28T08:29:10.458+0000] {logging_mixin.py:149} INFO - [2023-10-28T08:29:10.458+0000] {dagbag.py:541} INFO - Filling up the DagBag from /usr/local/lib/python3.10/dist-packages/airflow/example_dags/example_task_group.py
[2023-10-28T08:29:10.477+0000] {processor.py:809} INFO - DAG(s) dict_keys(['example_task_group']) retrieved from /usr/local/lib/python3.10/dist-packages/airflow/example_dags/example_task_group.py
[2023-10-28T08:29:10.557+0000] {logging_mixin.py:149} INFO - [2023-10-28T08:29:10.557+0000] {dag.py:2726} INFO - Sync 1 DAGs
[2023-10-28T08:29:10.632+0000] {logging_mixin.py:149} INFO - [2023-10-28T08:29:10.631+0000] {dag.py:3486} INFO - Setting next_dagrun for example_task_group to 2023-10-27T08:29:10.631334+00:00, run_after=2023-10-28T08:29:10.631334+00:00
[2023-10-28T08:29:10.717+0000] {processor.py:178} INFO - Processing /usr/local/lib/python3.10/dist-packages/airflow/example_dags/example_task_group.py took 0.307 seconds
[2023-10-28T08:29:40.904+0000] {processor.py:156} INFO - Started process (PID=1512353) to work on /usr/local/lib/python3.10/dist-packages/airflow/example_dags/example_task_group.py
[2023-10-28T08:29:40.940+0000] {processor.py:799} INFO - Processing file /usr/local/lib/python3.10/dist-packages/airflow/example_dags/example_task_group.py for tasks to queue
[2023-10-28T08:29:40.942+0000] {logging_mixin.py:149} INFO - [2023-10-28T08:29:40.941+0000] {dagbag.py:541} INFO - Filling up the DagBag from /usr/local/lib/python3.10/dist-packages/airflow/example_dags/example_task_group.py
[2023-10-28T08:29:40.964+0000] {processor.py:809} INFO - DAG(s) dict_keys(['example_task_group']) retrieved from /usr/local/lib/python3.10/dist-packages/airflow/example_dags/example_task_group.py
[2023-10-28T08:29:41.054+0000] {logging_mixin.py:149} INFO - [2023-10-28T08:29:41.054+0000] {dag.py:2726} INFO - Sync 1 DAGs
[2023-10-28T08:29:41.134+0000] {logging_mixin.py:149} INFO - [2023-10-28T08:29:41.134+0000] {dag.py:3486} INFO - Setting next_dagrun for example_task_group to 2023-10-27T08:29:41.133520+00:00, run_after=2023-10-28T08:29:41.133520+00:00
[2023-10-28T08:29:41.224+0000] {processor.py:178} INFO - Processing /usr/local/lib/python3.10/dist-packages/airflow/example_dags/example_task_group.py took 0.326 seconds
[2023-10-28T08:30:11.400+0000] {processor.py:156} INFO - Started process (PID=1512733) to work on /usr/local/lib/python3.10/dist-packages/airflow/example_dags/example_task_group.py
[2023-10-28T08:30:11.436+0000] {processor.py:799} INFO - Processing file /usr/local/lib/python3.10/dist-packages/airflow/example_dags/example_task_group.py for tasks to queue
[2023-10-28T08:30:11.438+0000] {logging_mixin.py:149} INFO - [2023-10-28T08:30:11.437+0000] {dagbag.py:541} INFO - Filling up the DagBag from /usr/local/lib/python3.10/dist-packages/airflow/example_dags/example_task_group.py
[2023-10-28T08:30:11.460+0000] {processor.py:809} INFO - DAG(s) dict_keys(['example_task_group']) retrieved from /usr/local/lib/python3.10/dist-packages/airflow/example_dags/example_task_group.py
[2023-10-28T08:30:11.543+0000] {logging_mixin.py:149} INFO - [2023-10-28T08:30:11.542+0000] {dag.py:2726} INFO - Sync 1 DAGs
[2023-10-28T08:30:11.629+0000] {logging_mixin.py:149} INFO - [2023-10-28T08:30:11.628+0000] {dag.py:3486} INFO - Setting next_dagrun for example_task_group to 2023-10-27T08:30:11.628022+00:00, run_after=2023-10-28T08:30:11.628022+00:00
[2023-10-28T08:30:11.714+0000] {processor.py:178} INFO - Processing /usr/local/lib/python3.10/dist-packages/airflow/example_dags/example_task_group.py took 0.321 seconds
[2023-10-28T08:30:42.147+0000] {processor.py:156} INFO - Started process (PID=1513344) to work on /usr/local/lib/python3.10/dist-packages/airflow/example_dags/example_task_group.py
[2023-10-28T08:30:42.173+0000] {processor.py:799} INFO - Processing file /usr/local/lib/python3.10/dist-packages/airflow/example_dags/example_task_group.py for tasks to queue
[2023-10-28T08:30:42.175+0000] {logging_mixin.py:149} INFO - [2023-10-28T08:30:42.175+0000] {dagbag.py:541} INFO - Filling up the DagBag from /usr/local/lib/python3.10/dist-packages/airflow/example_dags/example_task_group.py
[2023-10-28T08:30:42.199+0000] {processor.py:809} INFO - DAG(s) dict_keys(['example_task_group']) retrieved from /usr/local/lib/python3.10/dist-packages/airflow/example_dags/example_task_group.py
[2023-10-28T08:30:42.280+0000] {logging_mixin.py:149} INFO - [2023-10-28T08:30:42.279+0000] {dag.py:2726} INFO - Sync 1 DAGs
[2023-10-28T08:30:42.354+0000] {logging_mixin.py:149} INFO - [2023-10-28T08:30:42.354+0000] {dag.py:3486} INFO - Setting next_dagrun for example_task_group to 2023-10-27T08:30:42.353902+00:00, run_after=2023-10-28T08:30:42.353902+00:00
[2023-10-28T08:30:42.445+0000] {processor.py:178} INFO - Processing /usr/local/lib/python3.10/dist-packages/airflow/example_dags/example_task_group.py took 0.304 seconds
[2023-10-28T08:31:12.552+0000] {processor.py:156} INFO - Started process (PID=1513765) to work on /usr/local/lib/python3.10/dist-packages/airflow/example_dags/example_task_group.py
[2023-10-28T08:31:12.554+0000] {processor.py:799} INFO - Processing file /usr/local/lib/python3.10/dist-packages/airflow/example_dags/example_task_group.py for tasks to queue
[2023-10-28T08:31:12.556+0000] {logging_mixin.py:149} INFO - [2023-10-28T08:31:12.556+0000] {dagbag.py:541} INFO - Filling up the DagBag from /usr/local/lib/python3.10/dist-packages/airflow/example_dags/example_task_group.py
[2023-10-28T08:31:12.578+0000] {processor.py:809} INFO - DAG(s) dict_keys(['example_task_group']) retrieved from /usr/local/lib/python3.10/dist-packages/airflow/example_dags/example_task_group.py
[2023-10-28T08:31:12.657+0000] {logging_mixin.py:149} INFO - [2023-10-28T08:31:12.657+0000] {dag.py:2726} INFO - Sync 1 DAGs
[2023-10-28T08:31:12.729+0000] {logging_mixin.py:149} INFO - [2023-10-28T08:31:12.729+0000] {dag.py:3486} INFO - Setting next_dagrun for example_task_group to 2023-10-27T08:31:12.728573+00:00, run_after=2023-10-28T08:31:12.728573+00:00
[2023-10-28T08:31:12.791+0000] {processor.py:178} INFO - Processing /usr/local/lib/python3.10/dist-packages/airflow/example_dags/example_task_group.py took 0.247 seconds
[2023-10-28T08:31:43.683+0000] {processor.py:156} INFO - Started process (PID=1514353) to work on /usr/local/lib/python3.10/dist-packages/airflow/example_dags/example_task_group.py
[2023-10-28T08:31:43.704+0000] {processor.py:799} INFO - Processing file /usr/local/lib/python3.10/dist-packages/airflow/example_dags/example_task_group.py for tasks to queue
[2023-10-28T08:31:43.706+0000] {logging_mixin.py:149} INFO - [2023-10-28T08:31:43.706+0000] {dagbag.py:541} INFO - Filling up the DagBag from /usr/local/lib/python3.10/dist-packages/airflow/example_dags/example_task_group.py
[2023-10-28T08:31:43.728+0000] {processor.py:809} INFO - DAG(s) dict_keys(['example_task_group']) retrieved from /usr/local/lib/python3.10/dist-packages/airflow/example_dags/example_task_group.py
[2023-10-28T08:31:43.810+0000] {logging_mixin.py:149} INFO - [2023-10-28T08:31:43.809+0000] {dag.py:2726} INFO - Sync 1 DAGs
[2023-10-28T08:31:43.889+0000] {logging_mixin.py:149} INFO - [2023-10-28T08:31:43.889+0000] {dag.py:3486} INFO - Setting next_dagrun for example_task_group to 2023-10-27T08:31:43.888476+00:00, run_after=2023-10-28T08:31:43.888476+00:00
[2023-10-28T08:31:43.973+0000] {processor.py:178} INFO - Processing /usr/local/lib/python3.10/dist-packages/airflow/example_dags/example_task_group.py took 0.298 seconds
[2023-10-28T08:32:14.109+0000] {processor.py:156} INFO - Started process (PID=1514989) to work on /usr/local/lib/python3.10/dist-packages/airflow/example_dags/example_task_group.py
[2023-10-28T08:32:14.125+0000] {processor.py:799} INFO - Processing file /usr/local/lib/python3.10/dist-packages/airflow/example_dags/example_task_group.py for tasks to queue
[2023-10-28T08:32:14.127+0000] {logging_mixin.py:149} INFO - [2023-10-28T08:32:14.126+0000] {dagbag.py:541} INFO - Filling up the DagBag from /usr/local/lib/python3.10/dist-packages/airflow/example_dags/example_task_group.py
[2023-10-28T08:32:14.146+0000] {processor.py:809} INFO - DAG(s) dict_keys(['example_task_group']) retrieved from /usr/local/lib/python3.10/dist-packages/airflow/example_dags/example_task_group.py
[2023-10-28T08:32:14.232+0000] {logging_mixin.py:149} INFO - [2023-10-28T08:32:14.232+0000] {dag.py:2726} INFO - Sync 1 DAGs
[2023-10-28T08:32:14.314+0000] {logging_mixin.py:149} INFO - [2023-10-28T08:32:14.313+0000] {dag.py:3486} INFO - Setting next_dagrun for example_task_group to 2023-10-27T08:32:14.312949+00:00, run_after=2023-10-28T08:32:14.312949+00:00
[2023-10-28T08:32:14.403+0000] {processor.py:178} INFO - Processing /usr/local/lib/python3.10/dist-packages/airflow/example_dags/example_task_group.py took 0.302 seconds
[2023-10-28T08:32:44.595+0000] {processor.py:156} INFO - Started process (PID=1515572) to work on /usr/local/lib/python3.10/dist-packages/airflow/example_dags/example_task_group.py
[2023-10-28T08:32:44.598+0000] {processor.py:799} INFO - Processing file /usr/local/lib/python3.10/dist-packages/airflow/example_dags/example_task_group.py for tasks to queue
[2023-10-28T08:32:44.599+0000] {logging_mixin.py:149} INFO - [2023-10-28T08:32:44.599+0000] {dagbag.py:541} INFO - Filling up the DagBag from /usr/local/lib/python3.10/dist-packages/airflow/example_dags/example_task_group.py
[2023-10-28T08:32:44.621+0000] {processor.py:809} INFO - DAG(s) dict_keys(['example_task_group']) retrieved from /usr/local/lib/python3.10/dist-packages/airflow/example_dags/example_task_group.py
[2023-10-28T08:32:44.711+0000] {logging_mixin.py:149} INFO - [2023-10-28T08:32:44.711+0000] {dag.py:2726} INFO - Sync 1 DAGs
[2023-10-28T08:32:44.788+0000] {logging_mixin.py:149} INFO - [2023-10-28T08:32:44.788+0000] {dag.py:3486} INFO - Setting next_dagrun for example_task_group to 2023-10-27T08:32:44.787652+00:00, run_after=2023-10-28T08:32:44.787652+00:00
[2023-10-28T08:32:44.859+0000] {processor.py:178} INFO - Processing /usr/local/lib/python3.10/dist-packages/airflow/example_dags/example_task_group.py took 0.271 seconds
[2023-10-28T08:33:15.529+0000] {processor.py:156} INFO - Started process (PID=1516094) to work on /usr/local/lib/python3.10/dist-packages/airflow/example_dags/example_task_group.py
[2023-10-28T08:33:15.548+0000] {processor.py:799} INFO - Processing file /usr/local/lib/python3.10/dist-packages/airflow/example_dags/example_task_group.py for tasks to queue
[2023-10-28T08:33:15.550+0000] {logging_mixin.py:149} INFO - [2023-10-28T08:33:15.549+0000] {dagbag.py:541} INFO - Filling up the DagBag from /usr/local/lib/python3.10/dist-packages/airflow/example_dags/example_task_group.py
[2023-10-28T08:33:15.571+0000] {processor.py:809} INFO - DAG(s) dict_keys(['example_task_group']) retrieved from /usr/local/lib/python3.10/dist-packages/airflow/example_dags/example_task_group.py
[2023-10-28T08:33:15.652+0000] {logging_mixin.py:149} INFO - [2023-10-28T08:33:15.651+0000] {dag.py:2726} INFO - Sync 1 DAGs
[2023-10-28T08:33:15.730+0000] {logging_mixin.py:149} INFO - [2023-10-28T08:33:15.729+0000] {dag.py:3486} INFO - Setting next_dagrun for example_task_group to 2023-10-27T08:33:15.729054+00:00, run_after=2023-10-28T08:33:15.729054+00:00
[2023-10-28T08:33:15.813+0000] {processor.py:178} INFO - Processing /usr/local/lib/python3.10/dist-packages/airflow/example_dags/example_task_group.py took 0.291 seconds
[2023-10-28T08:33:46.100+0000] {processor.py:156} INFO - Started process (PID=1516452) to work on /usr/local/lib/python3.10/dist-packages/airflow/example_dags/example_task_group.py
[2023-10-28T08:33:46.102+0000] {processor.py:799} INFO - Processing file /usr/local/lib/python3.10/dist-packages/airflow/example_dags/example_task_group.py for tasks to queue
[2023-10-28T08:33:46.103+0000] {logging_mixin.py:149} INFO - [2023-10-28T08:33:46.103+0000] {dagbag.py:541} INFO - Filling up the DagBag from /usr/local/lib/python3.10/dist-packages/airflow/example_dags/example_task_group.py
[2023-10-28T08:33:46.121+0000] {processor.py:809} INFO - DAG(s) dict_keys(['example_task_group']) retrieved from /usr/local/lib/python3.10/dist-packages/airflow/example_dags/example_task_group.py
[2023-10-28T08:33:46.213+0000] {logging_mixin.py:149} INFO - [2023-10-28T08:33:46.212+0000] {dag.py:2726} INFO - Sync 1 DAGs
[2023-10-28T08:33:46.288+0000] {logging_mixin.py:149} INFO - [2023-10-28T08:33:46.287+0000] {dag.py:3486} INFO - Setting next_dagrun for example_task_group to 2023-10-27T08:33:46.287008+00:00, run_after=2023-10-28T08:33:46.287008+00:00
[2023-10-28T08:33:46.351+0000] {processor.py:178} INFO - Processing /usr/local/lib/python3.10/dist-packages/airflow/example_dags/example_task_group.py took 0.258 seconds
[2023-10-28T08:34:16.638+0000] {processor.py:156} INFO - Started process (PID=1516850) to work on /usr/local/lib/python3.10/dist-packages/airflow/example_dags/example_task_group.py
[2023-10-28T08:34:16.640+0000] {processor.py:799} INFO - Processing file /usr/local/lib/python3.10/dist-packages/airflow/example_dags/example_task_group.py for tasks to queue
[2023-10-28T08:34:16.642+0000] {logging_mixin.py:149} INFO - [2023-10-28T08:34:16.642+0000] {dagbag.py:541} INFO - Filling up the DagBag from /usr/local/lib/python3.10/dist-packages/airflow/example_dags/example_task_group.py
[2023-10-28T08:34:16.661+0000] {processor.py:809} INFO - DAG(s) dict_keys(['example_task_group']) retrieved from /usr/local/lib/python3.10/dist-packages/airflow/example_dags/example_task_group.py
[2023-10-28T08:34:16.746+0000] {logging_mixin.py:149} INFO - [2023-10-28T08:34:16.746+0000] {dag.py:2726} INFO - Sync 1 DAGs
[2023-10-28T08:34:16.821+0000] {logging_mixin.py:149} INFO - [2023-10-28T08:34:16.820+0000] {dag.py:3486} INFO - Setting next_dagrun for example_task_group to 2023-10-27T08:34:16.819837+00:00, run_after=2023-10-28T08:34:16.819837+00:00
[2023-10-28T08:34:16.920+0000] {processor.py:178} INFO - Processing /usr/local/lib/python3.10/dist-packages/airflow/example_dags/example_task_group.py took 0.289 seconds
[2023-10-28T08:34:47.544+0000] {processor.py:156} INFO - Started process (PID=1517209) to work on /usr/local/lib/python3.10/dist-packages/airflow/example_dags/example_task_group.py
[2023-10-28T08:34:47.548+0000] {processor.py:799} INFO - Processing file /usr/local/lib/python3.10/dist-packages/airflow/example_dags/example_task_group.py for tasks to queue
[2023-10-28T08:34:47.550+0000] {logging_mixin.py:149} INFO - [2023-10-28T08:34:47.549+0000] {dagbag.py:541} INFO - Filling up the DagBag from /usr/local/lib/python3.10/dist-packages/airflow/example_dags/example_task_group.py
[2023-10-28T08:34:47.568+0000] {processor.py:809} INFO - DAG(s) dict_keys(['example_task_group']) retrieved from /usr/local/lib/python3.10/dist-packages/airflow/example_dags/example_task_group.py
[2023-10-28T08:34:47.650+0000] {logging_mixin.py:149} INFO - [2023-10-28T08:34:47.650+0000] {dag.py:2726} INFO - Sync 1 DAGs
[2023-10-28T08:34:47.723+0000] {logging_mixin.py:149} INFO - [2023-10-28T08:34:47.722+0000] {dag.py:3486} INFO - Setting next_dagrun for example_task_group to 2023-10-27T08:34:47.722191+00:00, run_after=2023-10-28T08:34:47.722191+00:00
[2023-10-28T08:34:47.824+0000] {processor.py:178} INFO - Processing /usr/local/lib/python3.10/dist-packages/airflow/example_dags/example_task_group.py took 0.287 seconds
[2023-10-28T08:35:18.591+0000] {processor.py:156} INFO - Started process (PID=1517618) to work on /usr/local/lib/python3.10/dist-packages/airflow/example_dags/example_task_group.py
[2023-10-28T08:35:18.593+0000] {processor.py:799} INFO - Processing file /usr/local/lib/python3.10/dist-packages/airflow/example_dags/example_task_group.py for tasks to queue
[2023-10-28T08:35:18.595+0000] {logging_mixin.py:149} INFO - [2023-10-28T08:35:18.595+0000] {dagbag.py:541} INFO - Filling up the DagBag from /usr/local/lib/python3.10/dist-packages/airflow/example_dags/example_task_group.py
[2023-10-28T08:35:18.614+0000] {processor.py:809} INFO - DAG(s) dict_keys(['example_task_group']) retrieved from /usr/local/lib/python3.10/dist-packages/airflow/example_dags/example_task_group.py
[2023-10-28T08:35:18.694+0000] {logging_mixin.py:149} INFO - [2023-10-28T08:35:18.694+0000] {dag.py:2726} INFO - Sync 1 DAGs
[2023-10-28T08:35:18.773+0000] {logging_mixin.py:149} INFO - [2023-10-28T08:35:18.773+0000] {dag.py:3486} INFO - Setting next_dagrun for example_task_group to 2023-10-27T08:35:18.772428+00:00, run_after=2023-10-28T08:35:18.772428+00:00
[2023-10-28T08:35:18.871+0000] {processor.py:178} INFO - Processing /usr/local/lib/python3.10/dist-packages/airflow/example_dags/example_task_group.py took 0.287 seconds
[2023-10-28T08:35:48.963+0000] {processor.py:156} INFO - Started process (PID=1518223) to work on /usr/local/lib/python3.10/dist-packages/airflow/example_dags/example_task_group.py
[2023-10-28T08:35:48.965+0000] {processor.py:799} INFO - Processing file /usr/local/lib/python3.10/dist-packages/airflow/example_dags/example_task_group.py for tasks to queue
[2023-10-28T08:35:48.967+0000] {logging_mixin.py:149} INFO - [2023-10-28T08:35:48.966+0000] {dagbag.py:541} INFO - Filling up the DagBag from /usr/local/lib/python3.10/dist-packages/airflow/example_dags/example_task_group.py
[2023-10-28T08:35:48.986+0000] {processor.py:809} INFO - DAG(s) dict_keys(['example_task_group']) retrieved from /usr/local/lib/python3.10/dist-packages/airflow/example_dags/example_task_group.py
[2023-10-28T08:35:49.066+0000] {logging_mixin.py:149} INFO - [2023-10-28T08:35:49.066+0000] {dag.py:2726} INFO - Sync 1 DAGs
[2023-10-28T08:35:49.139+0000] {logging_mixin.py:149} INFO - [2023-10-28T08:35:49.138+0000] {dag.py:3486} INFO - Setting next_dagrun for example_task_group to 2023-10-27T08:35:49.137973+00:00, run_after=2023-10-28T08:35:49.137973+00:00
[2023-10-28T08:35:49.245+0000] {processor.py:178} INFO - Processing /usr/local/lib/python3.10/dist-packages/airflow/example_dags/example_task_group.py took 0.289 seconds
[2023-10-28T08:36:20.069+0000] {processor.py:156} INFO - Started process (PID=1518608) to work on /usr/local/lib/python3.10/dist-packages/airflow/example_dags/example_task_group.py
[2023-10-28T08:36:20.107+0000] {processor.py:799} INFO - Processing file /usr/local/lib/python3.10/dist-packages/airflow/example_dags/example_task_group.py for tasks to queue
[2023-10-28T08:36:20.109+0000] {logging_mixin.py:149} INFO - [2023-10-28T08:36:20.109+0000] {dagbag.py:541} INFO - Filling up the DagBag from /usr/local/lib/python3.10/dist-packages/airflow/example_dags/example_task_group.py
[2023-10-28T08:36:20.130+0000] {processor.py:809} INFO - DAG(s) dict_keys(['example_task_group']) retrieved from /usr/local/lib/python3.10/dist-packages/airflow/example_dags/example_task_group.py
[2023-10-28T08:36:20.229+0000] {logging_mixin.py:149} INFO - [2023-10-28T08:36:20.229+0000] {dag.py:2726} INFO - Sync 1 DAGs
[2023-10-28T08:36:20.307+0000] {logging_mixin.py:149} INFO - [2023-10-28T08:36:20.306+0000] {dag.py:3486} INFO - Setting next_dagrun for example_task_group to 2023-10-27T08:36:20.305887+00:00, run_after=2023-10-28T08:36:20.305887+00:00
[2023-10-28T08:36:20.379+0000] {processor.py:178} INFO - Processing /usr/local/lib/python3.10/dist-packages/airflow/example_dags/example_task_group.py took 0.317 seconds
[2023-10-28T08:36:50.642+0000] {processor.py:156} INFO - Started process (PID=1518960) to work on /usr/local/lib/python3.10/dist-packages/airflow/example_dags/example_task_group.py
[2023-10-28T08:36:50.643+0000] {processor.py:799} INFO - Processing file /usr/local/lib/python3.10/dist-packages/airflow/example_dags/example_task_group.py for tasks to queue
[2023-10-28T08:36:50.645+0000] {logging_mixin.py:149} INFO - [2023-10-28T08:36:50.645+0000] {dagbag.py:541} INFO - Filling up the DagBag from /usr/local/lib/python3.10/dist-packages/airflow/example_dags/example_task_group.py
[2023-10-28T08:36:50.666+0000] {processor.py:809} INFO - DAG(s) dict_keys(['example_task_group']) retrieved from /usr/local/lib/python3.10/dist-packages/airflow/example_dags/example_task_group.py
[2023-10-28T08:36:50.749+0000] {logging_mixin.py:149} INFO - [2023-10-28T08:36:50.748+0000] {dag.py:2726} INFO - Sync 1 DAGs
[2023-10-28T08:36:50.824+0000] {logging_mixin.py:149} INFO - [2023-10-28T08:36:50.824+0000] {dag.py:3486} INFO - Setting next_dagrun for example_task_group to 2023-10-27T08:36:50.823839+00:00, run_after=2023-10-28T08:36:50.823839+00:00
[2023-10-28T08:36:50.885+0000] {processor.py:178} INFO - Processing /usr/local/lib/python3.10/dist-packages/airflow/example_dags/example_task_group.py took 0.251 seconds
[2023-10-28T08:37:21.441+0000] {processor.py:156} INFO - Started process (PID=1519462) to work on /usr/local/lib/python3.10/dist-packages/airflow/example_dags/example_task_group.py
[2023-10-28T08:37:21.445+0000] {processor.py:799} INFO - Processing file /usr/local/lib/python3.10/dist-packages/airflow/example_dags/example_task_group.py for tasks to queue
[2023-10-28T08:37:21.448+0000] {logging_mixin.py:149} INFO - [2023-10-28T08:37:21.447+0000] {dagbag.py:541} INFO - Filling up the DagBag from /usr/local/lib/python3.10/dist-packages/airflow/example_dags/example_task_group.py
[2023-10-28T08:37:21.471+0000] {processor.py:809} INFO - DAG(s) dict_keys(['example_task_group']) retrieved from /usr/local/lib/python3.10/dist-packages/airflow/example_dags/example_task_group.py
[2023-10-28T08:37:21.558+0000] {logging_mixin.py:149} INFO - [2023-10-28T08:37:21.557+0000] {dag.py:2726} INFO - Sync 1 DAGs
[2023-10-28T08:37:21.635+0000] {logging_mixin.py:149} INFO - [2023-10-28T08:37:21.635+0000] {dag.py:3486} INFO - Setting next_dagrun for example_task_group to 2023-10-27T08:37:21.634905+00:00, run_after=2023-10-28T08:37:21.634905+00:00
[2023-10-28T08:37:21.739+0000] {processor.py:178} INFO - Processing /usr/local/lib/python3.10/dist-packages/airflow/example_dags/example_task_group.py took 0.305 seconds
[2023-10-28T08:37:51.803+0000] {processor.py:156} INFO - Started process (PID=1519817) to work on /usr/local/lib/python3.10/dist-packages/airflow/example_dags/example_task_group.py
[2023-10-28T08:37:51.805+0000] {processor.py:799} INFO - Processing file /usr/local/lib/python3.10/dist-packages/airflow/example_dags/example_task_group.py for tasks to queue
[2023-10-28T08:37:51.807+0000] {logging_mixin.py:149} INFO - [2023-10-28T08:37:51.806+0000] {dagbag.py:541} INFO - Filling up the DagBag from /usr/local/lib/python3.10/dist-packages/airflow/example_dags/example_task_group.py
[2023-10-28T08:37:51.825+0000] {processor.py:809} INFO - DAG(s) dict_keys(['example_task_group']) retrieved from /usr/local/lib/python3.10/dist-packages/airflow/example_dags/example_task_group.py
[2023-10-28T08:37:51.905+0000] {logging_mixin.py:149} INFO - [2023-10-28T08:37:51.904+0000] {dag.py:2726} INFO - Sync 1 DAGs
[2023-10-28T08:37:51.977+0000] {logging_mixin.py:149} INFO - [2023-10-28T08:37:51.976+0000] {dag.py:3486} INFO - Setting next_dagrun for example_task_group to 2023-10-27T08:37:51.976037+00:00, run_after=2023-10-28T08:37:51.976037+00:00
[2023-10-28T08:37:52.038+0000] {processor.py:178} INFO - Processing /usr/local/lib/python3.10/dist-packages/airflow/example_dags/example_task_group.py took 0.243 seconds
[2023-10-28T08:38:23.009+0000] {processor.py:156} INFO - Started process (PID=1520339) to work on /usr/local/lib/python3.10/dist-packages/airflow/example_dags/example_task_group.py
[2023-10-28T08:38:23.041+0000] {processor.py:799} INFO - Processing file /usr/local/lib/python3.10/dist-packages/airflow/example_dags/example_task_group.py for tasks to queue
[2023-10-28T08:38:23.043+0000] {logging_mixin.py:149} INFO - [2023-10-28T08:38:23.043+0000] {dagbag.py:541} INFO - Filling up the DagBag from /usr/local/lib/python3.10/dist-packages/airflow/example_dags/example_task_group.py
[2023-10-28T08:38:23.061+0000] {processor.py:809} INFO - DAG(s) dict_keys(['example_task_group']) retrieved from /usr/local/lib/python3.10/dist-packages/airflow/example_dags/example_task_group.py
[2023-10-28T08:38:23.143+0000] {logging_mixin.py:149} INFO - [2023-10-28T08:38:23.143+0000] {dag.py:2726} INFO - Sync 1 DAGs
[2023-10-28T08:38:23.217+0000] {logging_mixin.py:149} INFO - [2023-10-28T08:38:23.217+0000] {dag.py:3486} INFO - Setting next_dagrun for example_task_group to 2023-10-27T08:38:23.216391+00:00, run_after=2023-10-28T08:38:23.216391+00:00
[2023-10-28T08:38:23.315+0000] {processor.py:178} INFO - Processing /usr/local/lib/python3.10/dist-packages/airflow/example_dags/example_task_group.py took 0.314 seconds
[2023-10-28T08:38:53.503+0000] {processor.py:156} INFO - Started process (PID=1520878) to work on /usr/local/lib/python3.10/dist-packages/airflow/example_dags/example_task_group.py
[2023-10-28T08:38:53.505+0000] {processor.py:799} INFO - Processing file /usr/local/lib/python3.10/dist-packages/airflow/example_dags/example_task_group.py for tasks to queue
[2023-10-28T08:38:53.507+0000] {logging_mixin.py:149} INFO - [2023-10-28T08:38:53.506+0000] {dagbag.py:541} INFO - Filling up the DagBag from /usr/local/lib/python3.10/dist-packages/airflow/example_dags/example_task_group.py
[2023-10-28T08:38:53.526+0000] {processor.py:809} INFO - DAG(s) dict_keys(['example_task_group']) retrieved from /usr/local/lib/python3.10/dist-packages/airflow/example_dags/example_task_group.py
[2023-10-28T08:38:53.606+0000] {logging_mixin.py:149} INFO - [2023-10-28T08:38:53.606+0000] {dag.py:2726} INFO - Sync 1 DAGs
[2023-10-28T08:38:53.679+0000] {logging_mixin.py:149} INFO - [2023-10-28T08:38:53.679+0000] {dag.py:3486} INFO - Setting next_dagrun for example_task_group to 2023-10-27T08:38:53.678860+00:00, run_after=2023-10-28T08:38:53.678860+00:00
[2023-10-28T08:38:53.779+0000] {processor.py:178} INFO - Processing /usr/local/lib/python3.10/dist-packages/airflow/example_dags/example_task_group.py took 0.283 seconds
[2023-10-28T08:39:24.736+0000] {processor.py:156} INFO - Started process (PID=1521375) to work on /usr/local/lib/python3.10/dist-packages/airflow/example_dags/example_task_group.py
[2023-10-28T08:39:24.761+0000] {processor.py:799} INFO - Processing file /usr/local/lib/python3.10/dist-packages/airflow/example_dags/example_task_group.py for tasks to queue
[2023-10-28T08:39:24.763+0000] {logging_mixin.py:149} INFO - [2023-10-28T08:39:24.762+0000] {dagbag.py:541} INFO - Filling up the DagBag from /usr/local/lib/python3.10/dist-packages/airflow/example_dags/example_task_group.py
[2023-10-28T08:39:24.784+0000] {processor.py:809} INFO - DAG(s) dict_keys(['example_task_group']) retrieved from /usr/local/lib/python3.10/dist-packages/airflow/example_dags/example_task_group.py
[2023-10-28T08:39:24.873+0000] {logging_mixin.py:149} INFO - [2023-10-28T08:39:24.872+0000] {dag.py:2726} INFO - Sync 1 DAGs
[2023-10-28T08:39:24.952+0000] {logging_mixin.py:149} INFO - [2023-10-28T08:39:24.951+0000] {dag.py:3486} INFO - Setting next_dagrun for example_task_group to 2023-10-27T08:39:24.951259+00:00, run_after=2023-10-28T08:39:24.951259+00:00
[2023-10-28T08:39:25.049+0000] {processor.py:178} INFO - Processing /usr/local/lib/python3.10/dist-packages/airflow/example_dags/example_task_group.py took 0.321 seconds
