[2023-10-28T07:58:14.852+0000] {processor.py:156} INFO - Started process (PID=1491801) to work on /usr/local/lib/python3.10/dist-packages/airflow/example_dags/example_branch_operator.py
[2023-10-28T07:58:14.854+0000] {processor.py:799} INFO - Processing file /usr/local/lib/python3.10/dist-packages/airflow/example_dags/example_branch_operator.py for tasks to queue
[2023-10-28T07:58:14.856+0000] {logging_mixin.py:149} INFO - [2023-10-28T07:58:14.855+0000] {dagbag.py:541} INFO - Filling up the DagBag from /usr/local/lib/python3.10/dist-packages/airflow/example_dags/example_branch_operator.py
[2023-10-28T07:58:14.880+0000] {processor.py:809} INFO - DAG(s) dict_keys(['example_branch_operator']) retrieved from /usr/local/lib/python3.10/dist-packages/airflow/example_dags/example_branch_operator.py
[2023-10-28T07:58:15.394+0000] {logging_mixin.py:149} INFO - [2023-10-28T07:58:15.394+0000] {manager.py:504} INFO - Created Permission View: can read on DAG:example_branch_operator
[2023-10-28T07:58:15.424+0000] {logging_mixin.py:149} INFO - [2023-10-28T07:58:15.423+0000] {manager.py:504} INFO - Created Permission View: can edit on DAG:example_branch_operator
[2023-10-28T07:58:15.447+0000] {logging_mixin.py:149} INFO - [2023-10-28T07:58:15.446+0000] {manager.py:504} INFO - Created Permission View: can delete on DAG:example_branch_operator
[2023-10-28T07:58:15.448+0000] {logging_mixin.py:149} INFO - [2023-10-28T07:58:15.448+0000] {dag.py:2726} INFO - Sync 1 DAGs
[2023-10-28T07:58:15.476+0000] {logging_mixin.py:149} INFO - [2023-10-28T07:58:15.475+0000] {dag.py:2747} INFO - Creating ORM DAG for example_branch_operator
[2023-10-28T07:58:15.504+0000] {logging_mixin.py:149} INFO - [2023-10-28T07:58:15.503+0000] {dag.py:3486} INFO - Setting next_dagrun for example_branch_operator to 2023-10-27T00:00:00+00:00, run_after=2023-10-28T00:00:00+00:00
[2023-10-28T07:58:15.595+0000] {processor.py:178} INFO - Processing /usr/local/lib/python3.10/dist-packages/airflow/example_dags/example_branch_operator.py took 0.751 seconds
[2023-10-28T07:59:25.443+0000] {processor.py:156} INFO - Started process (PID=1492393) to work on /usr/local/lib/python3.10/dist-packages/airflow/example_dags/example_branch_operator.py
[2023-10-28T07:59:25.480+0000] {processor.py:799} INFO - Processing file /usr/local/lib/python3.10/dist-packages/airflow/example_dags/example_branch_operator.py for tasks to queue
[2023-10-28T07:59:25.482+0000] {logging_mixin.py:149} INFO - [2023-10-28T07:59:25.482+0000] {dagbag.py:541} INFO - Filling up the DagBag from /usr/local/lib/python3.10/dist-packages/airflow/example_dags/example_branch_operator.py
[2023-10-28T07:59:25.504+0000] {processor.py:809} INFO - DAG(s) dict_keys(['example_branch_operator']) retrieved from /usr/local/lib/python3.10/dist-packages/airflow/example_dags/example_branch_operator.py
[2023-10-28T07:59:25.558+0000] {logging_mixin.py:149} INFO - [2023-10-28T07:59:25.558+0000] {dag.py:2726} INFO - Sync 1 DAGs
[2023-10-28T07:59:25.621+0000] {logging_mixin.py:149} INFO - [2023-10-28T07:59:25.621+0000] {dag.py:3486} INFO - Setting next_dagrun for example_branch_operator to 2023-10-27T00:00:00+00:00, run_after=2023-10-28T00:00:00+00:00
[2023-10-28T07:59:25.719+0000] {processor.py:178} INFO - Processing /usr/local/lib/python3.10/dist-packages/airflow/example_dags/example_branch_operator.py took 0.283 seconds
[2023-10-28T08:15:35.558+0000] {processor.py:156} INFO - Started process (PID=1498204) to work on /usr/local/lib/python3.10/dist-packages/airflow/example_dags/example_branch_operator.py
[2023-10-28T08:15:35.561+0000] {processor.py:799} INFO - Processing file /usr/local/lib/python3.10/dist-packages/airflow/example_dags/example_branch_operator.py for tasks to queue
[2023-10-28T08:15:35.563+0000] {logging_mixin.py:149} INFO - [2023-10-28T08:15:35.562+0000] {dagbag.py:541} INFO - Filling up the DagBag from /usr/local/lib/python3.10/dist-packages/airflow/example_dags/example_branch_operator.py
[2023-10-28T08:15:35.799+0000] {processor.py:809} INFO - DAG(s) dict_keys(['example_branch_operator']) retrieved from /usr/local/lib/python3.10/dist-packages/airflow/example_dags/example_branch_operator.py
[2023-10-28T08:15:36.149+0000] {logging_mixin.py:149} INFO - [2023-10-28T08:15:36.149+0000] {manager.py:504} INFO - Created Permission View: can read on DAG:example_branch_operator
[2023-10-28T08:15:36.185+0000] {logging_mixin.py:149} INFO - [2023-10-28T08:15:36.184+0000] {manager.py:504} INFO - Created Permission View: can delete on DAG:example_branch_operator
[2023-10-28T08:15:36.214+0000] {logging_mixin.py:149} INFO - [2023-10-28T08:15:36.214+0000] {manager.py:504} INFO - Created Permission View: can edit on DAG:example_branch_operator
[2023-10-28T08:15:36.215+0000] {logging_mixin.py:149} INFO - [2023-10-28T08:15:36.215+0000] {dag.py:2726} INFO - Sync 1 DAGs
[2023-10-28T08:15:36.256+0000] {logging_mixin.py:149} INFO - [2023-10-28T08:15:36.255+0000] {dag.py:2747} INFO - Creating ORM DAG for example_branch_operator
[2023-10-28T08:15:36.304+0000] {logging_mixin.py:149} INFO - [2023-10-28T08:15:36.304+0000] {dag.py:3486} INFO - Setting next_dagrun for example_branch_operator to 2023-10-27T00:00:00+00:00, run_after=2023-10-28T00:00:00+00:00
[2023-10-28T08:15:36.417+0000] {processor.py:178} INFO - Processing /usr/local/lib/python3.10/dist-packages/airflow/example_dags/example_branch_operator.py took 0.866 seconds
[2023-10-28T08:16:06.497+0000] {processor.py:156} INFO - Started process (PID=1499133) to work on /usr/local/lib/python3.10/dist-packages/airflow/example_dags/example_branch_operator.py
[2023-10-28T08:16:06.498+0000] {processor.py:799} INFO - Processing file /usr/local/lib/python3.10/dist-packages/airflow/example_dags/example_branch_operator.py for tasks to queue
[2023-10-28T08:16:06.500+0000] {logging_mixin.py:149} INFO - [2023-10-28T08:16:06.500+0000] {dagbag.py:541} INFO - Filling up the DagBag from /usr/local/lib/python3.10/dist-packages/airflow/example_dags/example_branch_operator.py
[2023-10-28T08:16:06.523+0000] {processor.py:809} INFO - DAG(s) dict_keys(['example_branch_operator']) retrieved from /usr/local/lib/python3.10/dist-packages/airflow/example_dags/example_branch_operator.py
[2023-10-28T08:16:06.608+0000] {logging_mixin.py:149} INFO - [2023-10-28T08:16:06.608+0000] {dag.py:2726} INFO - Sync 1 DAGs
[2023-10-28T08:16:06.687+0000] {logging_mixin.py:149} INFO - [2023-10-28T08:16:06.687+0000] {dag.py:3486} INFO - Setting next_dagrun for example_branch_operator to 2023-10-27T00:00:00+00:00, run_after=2023-10-28T00:00:00+00:00
[2023-10-28T08:16:06.789+0000] {processor.py:178} INFO - Processing /usr/local/lib/python3.10/dist-packages/airflow/example_dags/example_branch_operator.py took 0.301 seconds
[2023-10-28T08:16:37.453+0000] {processor.py:156} INFO - Started process (PID=1500228) to work on /usr/local/lib/python3.10/dist-packages/airflow/example_dags/example_branch_operator.py
[2023-10-28T08:16:37.505+0000] {processor.py:799} INFO - Processing file /usr/local/lib/python3.10/dist-packages/airflow/example_dags/example_branch_operator.py for tasks to queue
[2023-10-28T08:16:37.507+0000] {logging_mixin.py:149} INFO - [2023-10-28T08:16:37.507+0000] {dagbag.py:541} INFO - Filling up the DagBag from /usr/local/lib/python3.10/dist-packages/airflow/example_dags/example_branch_operator.py
[2023-10-28T08:16:37.529+0000] {processor.py:809} INFO - DAG(s) dict_keys(['example_branch_operator']) retrieved from /usr/local/lib/python3.10/dist-packages/airflow/example_dags/example_branch_operator.py
[2023-10-28T08:16:37.617+0000] {logging_mixin.py:149} INFO - [2023-10-28T08:16:37.616+0000] {dag.py:2726} INFO - Sync 1 DAGs
[2023-10-28T08:16:37.694+0000] {logging_mixin.py:149} INFO - [2023-10-28T08:16:37.694+0000] {dag.py:3486} INFO - Setting next_dagrun for example_branch_operator to 2023-10-27T00:00:00+00:00, run_after=2023-10-28T00:00:00+00:00
[2023-10-28T08:16:37.795+0000] {processor.py:178} INFO - Processing /usr/local/lib/python3.10/dist-packages/airflow/example_dags/example_branch_operator.py took 0.350 seconds
[2023-10-28T08:17:08.024+0000] {processor.py:156} INFO - Started process (PID=1500904) to work on /usr/local/lib/python3.10/dist-packages/airflow/example_dags/example_branch_operator.py
[2023-10-28T08:17:08.026+0000] {processor.py:799} INFO - Processing file /usr/local/lib/python3.10/dist-packages/airflow/example_dags/example_branch_operator.py for tasks to queue
[2023-10-28T08:17:08.028+0000] {logging_mixin.py:149} INFO - [2023-10-28T08:17:08.027+0000] {dagbag.py:541} INFO - Filling up the DagBag from /usr/local/lib/python3.10/dist-packages/airflow/example_dags/example_branch_operator.py
[2023-10-28T08:17:08.055+0000] {processor.py:809} INFO - DAG(s) dict_keys(['example_branch_operator']) retrieved from /usr/local/lib/python3.10/dist-packages/airflow/example_dags/example_branch_operator.py
[2023-10-28T08:17:08.137+0000] {logging_mixin.py:149} INFO - [2023-10-28T08:17:08.136+0000] {dag.py:2726} INFO - Sync 1 DAGs
[2023-10-28T08:17:08.218+0000] {logging_mixin.py:149} INFO - [2023-10-28T08:17:08.217+0000] {dag.py:3486} INFO - Setting next_dagrun for example_branch_operator to 2023-10-27T00:00:00+00:00, run_after=2023-10-28T00:00:00+00:00
[2023-10-28T08:17:08.317+0000] {processor.py:178} INFO - Processing /usr/local/lib/python3.10/dist-packages/airflow/example_dags/example_branch_operator.py took 0.300 seconds
[2023-10-28T08:17:38.779+0000] {processor.py:156} INFO - Started process (PID=1501291) to work on /usr/local/lib/python3.10/dist-packages/airflow/example_dags/example_branch_operator.py
[2023-10-28T08:17:38.782+0000] {processor.py:799} INFO - Processing file /usr/local/lib/python3.10/dist-packages/airflow/example_dags/example_branch_operator.py for tasks to queue
[2023-10-28T08:17:38.784+0000] {logging_mixin.py:149} INFO - [2023-10-28T08:17:38.784+0000] {dagbag.py:541} INFO - Filling up the DagBag from /usr/local/lib/python3.10/dist-packages/airflow/example_dags/example_branch_operator.py
[2023-10-28T08:17:38.812+0000] {processor.py:809} INFO - DAG(s) dict_keys(['example_branch_operator']) retrieved from /usr/local/lib/python3.10/dist-packages/airflow/example_dags/example_branch_operator.py
[2023-10-28T08:17:38.973+0000] {logging_mixin.py:149} INFO - [2023-10-28T08:17:38.972+0000] {dag.py:2726} INFO - Sync 1 DAGs
[2023-10-28T08:17:39.118+0000] {logging_mixin.py:149} INFO - [2023-10-28T08:17:39.117+0000] {dag.py:3486} INFO - Setting next_dagrun for example_branch_operator to 2023-10-27T00:00:00+00:00, run_after=2023-10-28T00:00:00+00:00
[2023-10-28T08:17:39.186+0000] {processor.py:178} INFO - Processing /usr/local/lib/python3.10/dist-packages/airflow/example_dags/example_branch_operator.py took 0.416 seconds
[2023-10-28T08:18:09.450+0000] {processor.py:156} INFO - Started process (PID=1501687) to work on /usr/local/lib/python3.10/dist-packages/airflow/example_dags/example_branch_operator.py
[2023-10-28T08:18:09.464+0000] {processor.py:799} INFO - Processing file /usr/local/lib/python3.10/dist-packages/airflow/example_dags/example_branch_operator.py for tasks to queue
[2023-10-28T08:18:09.467+0000] {logging_mixin.py:149} INFO - [2023-10-28T08:18:09.466+0000] {dagbag.py:541} INFO - Filling up the DagBag from /usr/local/lib/python3.10/dist-packages/airflow/example_dags/example_branch_operator.py
[2023-10-28T08:18:09.491+0000] {processor.py:809} INFO - DAG(s) dict_keys(['example_branch_operator']) retrieved from /usr/local/lib/python3.10/dist-packages/airflow/example_dags/example_branch_operator.py
[2023-10-28T08:18:09.575+0000] {logging_mixin.py:149} INFO - [2023-10-28T08:18:09.574+0000] {dag.py:2726} INFO - Sync 1 DAGs
[2023-10-28T08:18:09.653+0000] {logging_mixin.py:149} INFO - [2023-10-28T08:18:09.653+0000] {dag.py:3486} INFO - Setting next_dagrun for example_branch_operator to 2023-10-27T00:00:00+00:00, run_after=2023-10-28T00:00:00+00:00
[2023-10-28T08:18:09.748+0000] {processor.py:178} INFO - Processing /usr/local/lib/python3.10/dist-packages/airflow/example_dags/example_branch_operator.py took 0.305 seconds
[2023-10-28T08:18:40.450+0000] {processor.py:156} INFO - Started process (PID=1502047) to work on /usr/local/lib/python3.10/dist-packages/airflow/example_dags/example_branch_operator.py
[2023-10-28T08:18:40.493+0000] {processor.py:799} INFO - Processing file /usr/local/lib/python3.10/dist-packages/airflow/example_dags/example_branch_operator.py for tasks to queue
[2023-10-28T08:18:40.495+0000] {logging_mixin.py:149} INFO - [2023-10-28T08:18:40.495+0000] {dagbag.py:541} INFO - Filling up the DagBag from /usr/local/lib/python3.10/dist-packages/airflow/example_dags/example_branch_operator.py
[2023-10-28T08:18:40.518+0000] {processor.py:809} INFO - DAG(s) dict_keys(['example_branch_operator']) retrieved from /usr/local/lib/python3.10/dist-packages/airflow/example_dags/example_branch_operator.py
[2023-10-28T08:18:40.606+0000] {logging_mixin.py:149} INFO - [2023-10-28T08:18:40.605+0000] {dag.py:2726} INFO - Sync 1 DAGs
[2023-10-28T08:18:40.684+0000] {logging_mixin.py:149} INFO - [2023-10-28T08:18:40.683+0000] {dag.py:3486} INFO - Setting next_dagrun for example_branch_operator to 2023-10-27T00:00:00+00:00, run_after=2023-10-28T00:00:00+00:00
[2023-10-28T08:18:40.791+0000] {processor.py:178} INFO - Processing /usr/local/lib/python3.10/dist-packages/airflow/example_dags/example_branch_operator.py took 0.349 seconds
[2023-10-28T08:19:11.107+0000] {processor.py:156} INFO - Started process (PID=1502438) to work on /usr/local/lib/python3.10/dist-packages/airflow/example_dags/example_branch_operator.py
[2023-10-28T08:19:11.161+0000] {processor.py:799} INFO - Processing file /usr/local/lib/python3.10/dist-packages/airflow/example_dags/example_branch_operator.py for tasks to queue
[2023-10-28T08:19:11.163+0000] {logging_mixin.py:149} INFO - [2023-10-28T08:19:11.162+0000] {dagbag.py:541} INFO - Filling up the DagBag from /usr/local/lib/python3.10/dist-packages/airflow/example_dags/example_branch_operator.py
[2023-10-28T08:19:11.184+0000] {processor.py:809} INFO - DAG(s) dict_keys(['example_branch_operator']) retrieved from /usr/local/lib/python3.10/dist-packages/airflow/example_dags/example_branch_operator.py
[2023-10-28T08:19:11.277+0000] {logging_mixin.py:149} INFO - [2023-10-28T08:19:11.276+0000] {dag.py:2726} INFO - Sync 1 DAGs
[2023-10-28T08:19:11.355+0000] {logging_mixin.py:149} INFO - [2023-10-28T08:19:11.355+0000] {dag.py:3486} INFO - Setting next_dagrun for example_branch_operator to 2023-10-27T00:00:00+00:00, run_after=2023-10-28T00:00:00+00:00
[2023-10-28T08:19:11.463+0000] {processor.py:178} INFO - Processing /usr/local/lib/python3.10/dist-packages/airflow/example_dags/example_branch_operator.py took 0.363 seconds
[2023-10-28T08:19:41.945+0000] {processor.py:156} INFO - Started process (PID=1502797) to work on /usr/local/lib/python3.10/dist-packages/airflow/example_dags/example_branch_operator.py
[2023-10-28T08:19:41.984+0000] {processor.py:799} INFO - Processing file /usr/local/lib/python3.10/dist-packages/airflow/example_dags/example_branch_operator.py for tasks to queue
[2023-10-28T08:19:41.986+0000] {logging_mixin.py:149} INFO - [2023-10-28T08:19:41.986+0000] {dagbag.py:541} INFO - Filling up the DagBag from /usr/local/lib/python3.10/dist-packages/airflow/example_dags/example_branch_operator.py
[2023-10-28T08:19:42.008+0000] {processor.py:809} INFO - DAG(s) dict_keys(['example_branch_operator']) retrieved from /usr/local/lib/python3.10/dist-packages/airflow/example_dags/example_branch_operator.py
[2023-10-28T08:19:42.097+0000] {logging_mixin.py:149} INFO - [2023-10-28T08:19:42.096+0000] {dag.py:2726} INFO - Sync 1 DAGs
[2023-10-28T08:19:42.176+0000] {logging_mixin.py:149} INFO - [2023-10-28T08:19:42.176+0000] {dag.py:3486} INFO - Setting next_dagrun for example_branch_operator to 2023-10-27T00:00:00+00:00, run_after=2023-10-28T00:00:00+00:00
[2023-10-28T08:19:42.281+0000] {processor.py:178} INFO - Processing /usr/local/lib/python3.10/dist-packages/airflow/example_dags/example_branch_operator.py took 0.343 seconds
[2023-10-28T08:20:12.667+0000] {processor.py:156} INFO - Started process (PID=1503177) to work on /usr/local/lib/python3.10/dist-packages/airflow/example_dags/example_branch_operator.py
[2023-10-28T08:20:12.689+0000] {processor.py:799} INFO - Processing file /usr/local/lib/python3.10/dist-packages/airflow/example_dags/example_branch_operator.py for tasks to queue
[2023-10-28T08:20:12.691+0000] {logging_mixin.py:149} INFO - [2023-10-28T08:20:12.691+0000] {dagbag.py:541} INFO - Filling up the DagBag from /usr/local/lib/python3.10/dist-packages/airflow/example_dags/example_branch_operator.py
[2023-10-28T08:20:12.713+0000] {processor.py:809} INFO - DAG(s) dict_keys(['example_branch_operator']) retrieved from /usr/local/lib/python3.10/dist-packages/airflow/example_dags/example_branch_operator.py
[2023-10-28T08:20:12.794+0000] {logging_mixin.py:149} INFO - [2023-10-28T08:20:12.794+0000] {dag.py:2726} INFO - Sync 1 DAGs
[2023-10-28T08:20:12.871+0000] {logging_mixin.py:149} INFO - [2023-10-28T08:20:12.870+0000] {dag.py:3486} INFO - Setting next_dagrun for example_branch_operator to 2023-10-27T00:00:00+00:00, run_after=2023-10-28T00:00:00+00:00
[2023-10-28T08:20:12.980+0000] {processor.py:178} INFO - Processing /usr/local/lib/python3.10/dist-packages/airflow/example_dags/example_branch_operator.py took 0.321 seconds
[2023-10-28T08:20:43.502+0000] {processor.py:156} INFO - Started process (PID=1503663) to work on /usr/local/lib/python3.10/dist-packages/airflow/example_dags/example_branch_operator.py
[2023-10-28T08:20:43.533+0000] {processor.py:799} INFO - Processing file /usr/local/lib/python3.10/dist-packages/airflow/example_dags/example_branch_operator.py for tasks to queue
[2023-10-28T08:20:43.535+0000] {logging_mixin.py:149} INFO - [2023-10-28T08:20:43.534+0000] {dagbag.py:541} INFO - Filling up the DagBag from /usr/local/lib/python3.10/dist-packages/airflow/example_dags/example_branch_operator.py
[2023-10-28T08:20:43.558+0000] {processor.py:809} INFO - DAG(s) dict_keys(['example_branch_operator']) retrieved from /usr/local/lib/python3.10/dist-packages/airflow/example_dags/example_branch_operator.py
[2023-10-28T08:20:43.642+0000] {logging_mixin.py:149} INFO - [2023-10-28T08:20:43.641+0000] {dag.py:2726} INFO - Sync 1 DAGs
[2023-10-28T08:20:43.718+0000] {logging_mixin.py:149} INFO - [2023-10-28T08:20:43.717+0000] {dag.py:3486} INFO - Setting next_dagrun for example_branch_operator to 2023-10-27T00:00:00+00:00, run_after=2023-10-28T00:00:00+00:00
[2023-10-28T08:20:43.822+0000] {processor.py:178} INFO - Processing /usr/local/lib/python3.10/dist-packages/airflow/example_dags/example_branch_operator.py took 0.327 seconds
[2023-10-28T08:21:14.145+0000] {processor.py:156} INFO - Started process (PID=1504188) to work on /usr/local/lib/python3.10/dist-packages/airflow/example_dags/example_branch_operator.py
[2023-10-28T08:21:14.146+0000] {processor.py:799} INFO - Processing file /usr/local/lib/python3.10/dist-packages/airflow/example_dags/example_branch_operator.py for tasks to queue
[2023-10-28T08:21:14.148+0000] {logging_mixin.py:149} INFO - [2023-10-28T08:21:14.148+0000] {dagbag.py:541} INFO - Filling up the DagBag from /usr/local/lib/python3.10/dist-packages/airflow/example_dags/example_branch_operator.py
[2023-10-28T08:21:14.171+0000] {processor.py:809} INFO - DAG(s) dict_keys(['example_branch_operator']) retrieved from /usr/local/lib/python3.10/dist-packages/airflow/example_dags/example_branch_operator.py
[2023-10-28T08:21:14.255+0000] {logging_mixin.py:149} INFO - [2023-10-28T08:21:14.254+0000] {dag.py:2726} INFO - Sync 1 DAGs
[2023-10-28T08:21:14.332+0000] {logging_mixin.py:149} INFO - [2023-10-28T08:21:14.331+0000] {dag.py:3486} INFO - Setting next_dagrun for example_branch_operator to 2023-10-27T00:00:00+00:00, run_after=2023-10-28T00:00:00+00:00
[2023-10-28T08:21:14.431+0000] {processor.py:178} INFO - Processing /usr/local/lib/python3.10/dist-packages/airflow/example_dags/example_branch_operator.py took 0.293 seconds
[2023-10-28T08:21:45.047+0000] {processor.py:156} INFO - Started process (PID=1505046) to work on /usr/local/lib/python3.10/dist-packages/airflow/example_dags/example_branch_operator.py
[2023-10-28T08:21:45.074+0000] {processor.py:799} INFO - Processing file /usr/local/lib/python3.10/dist-packages/airflow/example_dags/example_branch_operator.py for tasks to queue
[2023-10-28T08:21:45.076+0000] {logging_mixin.py:149} INFO - [2023-10-28T08:21:45.076+0000] {dagbag.py:541} INFO - Filling up the DagBag from /usr/local/lib/python3.10/dist-packages/airflow/example_dags/example_branch_operator.py
[2023-10-28T08:21:45.098+0000] {processor.py:809} INFO - DAG(s) dict_keys(['example_branch_operator']) retrieved from /usr/local/lib/python3.10/dist-packages/airflow/example_dags/example_branch_operator.py
[2023-10-28T08:21:45.183+0000] {logging_mixin.py:149} INFO - [2023-10-28T08:21:45.182+0000] {dag.py:2726} INFO - Sync 1 DAGs
[2023-10-28T08:21:45.259+0000] {logging_mixin.py:149} INFO - [2023-10-28T08:21:45.259+0000] {dag.py:3486} INFO - Setting next_dagrun for example_branch_operator to 2023-10-27T00:00:00+00:00, run_after=2023-10-28T00:00:00+00:00
[2023-10-28T08:21:45.341+0000] {processor.py:178} INFO - Processing /usr/local/lib/python3.10/dist-packages/airflow/example_dags/example_branch_operator.py took 0.301 seconds
[2023-10-28T08:22:16.251+0000] {processor.py:156} INFO - Started process (PID=1505572) to work on /usr/local/lib/python3.10/dist-packages/airflow/example_dags/example_branch_operator.py
[2023-10-28T08:22:16.277+0000] {processor.py:799} INFO - Processing file /usr/local/lib/python3.10/dist-packages/airflow/example_dags/example_branch_operator.py for tasks to queue
[2023-10-28T08:22:16.279+0000] {logging_mixin.py:149} INFO - [2023-10-28T08:22:16.279+0000] {dagbag.py:541} INFO - Filling up the DagBag from /usr/local/lib/python3.10/dist-packages/airflow/example_dags/example_branch_operator.py
[2023-10-28T08:22:16.302+0000] {processor.py:809} INFO - DAG(s) dict_keys(['example_branch_operator']) retrieved from /usr/local/lib/python3.10/dist-packages/airflow/example_dags/example_branch_operator.py
[2023-10-28T08:22:16.395+0000] {logging_mixin.py:149} INFO - [2023-10-28T08:22:16.395+0000] {dag.py:2726} INFO - Sync 1 DAGs
[2023-10-28T08:22:16.481+0000] {logging_mixin.py:149} INFO - [2023-10-28T08:22:16.480+0000] {dag.py:3486} INFO - Setting next_dagrun for example_branch_operator to 2023-10-27T00:00:00+00:00, run_after=2023-10-28T00:00:00+00:00
[2023-10-28T08:22:16.589+0000] {processor.py:178} INFO - Processing /usr/local/lib/python3.10/dist-packages/airflow/example_dags/example_branch_operator.py took 0.345 seconds
[2023-10-28T08:22:46.912+0000] {processor.py:156} INFO - Started process (PID=1506162) to work on /usr/local/lib/python3.10/dist-packages/airflow/example_dags/example_branch_operator.py
[2023-10-28T08:22:46.937+0000] {processor.py:799} INFO - Processing file /usr/local/lib/python3.10/dist-packages/airflow/example_dags/example_branch_operator.py for tasks to queue
[2023-10-28T08:22:46.939+0000] {logging_mixin.py:149} INFO - [2023-10-28T08:22:46.938+0000] {dagbag.py:541} INFO - Filling up the DagBag from /usr/local/lib/python3.10/dist-packages/airflow/example_dags/example_branch_operator.py
[2023-10-28T08:22:46.961+0000] {processor.py:809} INFO - DAG(s) dict_keys(['example_branch_operator']) retrieved from /usr/local/lib/python3.10/dist-packages/airflow/example_dags/example_branch_operator.py
[2023-10-28T08:22:47.052+0000] {logging_mixin.py:149} INFO - [2023-10-28T08:22:47.052+0000] {dag.py:2726} INFO - Sync 1 DAGs
[2023-10-28T08:22:47.128+0000] {logging_mixin.py:149} INFO - [2023-10-28T08:22:47.128+0000] {dag.py:3486} INFO - Setting next_dagrun for example_branch_operator to 2023-10-27T00:00:00+00:00, run_after=2023-10-28T00:00:00+00:00
[2023-10-28T08:22:47.231+0000] {processor.py:178} INFO - Processing /usr/local/lib/python3.10/dist-packages/airflow/example_dags/example_branch_operator.py took 0.327 seconds
[2023-10-28T08:23:17.609+0000] {processor.py:156} INFO - Started process (PID=1506587) to work on /usr/local/lib/python3.10/dist-packages/airflow/example_dags/example_branch_operator.py
[2023-10-28T08:23:17.611+0000] {processor.py:799} INFO - Processing file /usr/local/lib/python3.10/dist-packages/airflow/example_dags/example_branch_operator.py for tasks to queue
[2023-10-28T08:23:17.613+0000] {logging_mixin.py:149} INFO - [2023-10-28T08:23:17.612+0000] {dagbag.py:541} INFO - Filling up the DagBag from /usr/local/lib/python3.10/dist-packages/airflow/example_dags/example_branch_operator.py
[2023-10-28T08:23:17.635+0000] {processor.py:809} INFO - DAG(s) dict_keys(['example_branch_operator']) retrieved from /usr/local/lib/python3.10/dist-packages/airflow/example_dags/example_branch_operator.py
[2023-10-28T08:23:17.721+0000] {logging_mixin.py:149} INFO - [2023-10-28T08:23:17.721+0000] {dag.py:2726} INFO - Sync 1 DAGs
[2023-10-28T08:23:17.808+0000] {logging_mixin.py:149} INFO - [2023-10-28T08:23:17.808+0000] {dag.py:3486} INFO - Setting next_dagrun for example_branch_operator to 2023-10-27T00:00:00+00:00, run_after=2023-10-28T00:00:00+00:00
[2023-10-28T08:23:17.914+0000] {processor.py:178} INFO - Processing /usr/local/lib/python3.10/dist-packages/airflow/example_dags/example_branch_operator.py took 0.312 seconds
[2023-10-28T08:23:48.293+0000] {processor.py:156} INFO - Started process (PID=1507112) to work on /usr/local/lib/python3.10/dist-packages/airflow/example_dags/example_branch_operator.py
[2023-10-28T08:23:48.313+0000] {processor.py:799} INFO - Processing file /usr/local/lib/python3.10/dist-packages/airflow/example_dags/example_branch_operator.py for tasks to queue
[2023-10-28T08:23:48.315+0000] {logging_mixin.py:149} INFO - [2023-10-28T08:23:48.315+0000] {dagbag.py:541} INFO - Filling up the DagBag from /usr/local/lib/python3.10/dist-packages/airflow/example_dags/example_branch_operator.py
[2023-10-28T08:23:48.337+0000] {processor.py:809} INFO - DAG(s) dict_keys(['example_branch_operator']) retrieved from /usr/local/lib/python3.10/dist-packages/airflow/example_dags/example_branch_operator.py
[2023-10-28T08:23:48.418+0000] {logging_mixin.py:149} INFO - [2023-10-28T08:23:48.418+0000] {dag.py:2726} INFO - Sync 1 DAGs
[2023-10-28T08:23:48.493+0000] {logging_mixin.py:149} INFO - [2023-10-28T08:23:48.493+0000] {dag.py:3486} INFO - Setting next_dagrun for example_branch_operator to 2023-10-27T00:00:00+00:00, run_after=2023-10-28T00:00:00+00:00
[2023-10-28T08:23:48.587+0000] {processor.py:178} INFO - Processing /usr/local/lib/python3.10/dist-packages/airflow/example_dags/example_branch_operator.py took 0.301 seconds
[2023-10-28T08:24:19.197+0000] {processor.py:156} INFO - Started process (PID=1507723) to work on /usr/local/lib/python3.10/dist-packages/airflow/example_dags/example_branch_operator.py
[2023-10-28T08:24:19.222+0000] {processor.py:799} INFO - Processing file /usr/local/lib/python3.10/dist-packages/airflow/example_dags/example_branch_operator.py for tasks to queue
[2023-10-28T08:24:19.224+0000] {logging_mixin.py:149} INFO - [2023-10-28T08:24:19.223+0000] {dagbag.py:541} INFO - Filling up the DagBag from /usr/local/lib/python3.10/dist-packages/airflow/example_dags/example_branch_operator.py
[2023-10-28T08:24:19.247+0000] {processor.py:809} INFO - DAG(s) dict_keys(['example_branch_operator']) retrieved from /usr/local/lib/python3.10/dist-packages/airflow/example_dags/example_branch_operator.py
[2023-10-28T08:24:19.331+0000] {logging_mixin.py:149} INFO - [2023-10-28T08:24:19.331+0000] {dag.py:2726} INFO - Sync 1 DAGs
[2023-10-28T08:24:19.410+0000] {logging_mixin.py:149} INFO - [2023-10-28T08:24:19.409+0000] {dag.py:3486} INFO - Setting next_dagrun for example_branch_operator to 2023-10-27T00:00:00+00:00, run_after=2023-10-28T00:00:00+00:00
[2023-10-28T08:24:19.508+0000] {processor.py:178} INFO - Processing /usr/local/lib/python3.10/dist-packages/airflow/example_dags/example_branch_operator.py took 0.319 seconds
[2023-10-28T08:24:49.702+0000] {processor.py:156} INFO - Started process (PID=1508169) to work on /usr/local/lib/python3.10/dist-packages/airflow/example_dags/example_branch_operator.py
[2023-10-28T08:24:49.729+0000] {processor.py:799} INFO - Processing file /usr/local/lib/python3.10/dist-packages/airflow/example_dags/example_branch_operator.py for tasks to queue
[2023-10-28T08:24:49.731+0000] {logging_mixin.py:149} INFO - [2023-10-28T08:24:49.731+0000] {dagbag.py:541} INFO - Filling up the DagBag from /usr/local/lib/python3.10/dist-packages/airflow/example_dags/example_branch_operator.py
[2023-10-28T08:24:49.756+0000] {processor.py:809} INFO - DAG(s) dict_keys(['example_branch_operator']) retrieved from /usr/local/lib/python3.10/dist-packages/airflow/example_dags/example_branch_operator.py
[2023-10-28T08:24:49.838+0000] {logging_mixin.py:149} INFO - [2023-10-28T08:24:49.838+0000] {dag.py:2726} INFO - Sync 1 DAGs
[2023-10-28T08:24:49.914+0000] {logging_mixin.py:149} INFO - [2023-10-28T08:24:49.914+0000] {dag.py:3486} INFO - Setting next_dagrun for example_branch_operator to 2023-10-27T00:00:00+00:00, run_after=2023-10-28T00:00:00+00:00
[2023-10-28T08:24:50.007+0000] {processor.py:178} INFO - Processing /usr/local/lib/python3.10/dist-packages/airflow/example_dags/example_branch_operator.py took 0.313 seconds
[2023-10-28T08:25:20.315+0000] {processor.py:156} INFO - Started process (PID=1508865) to work on /usr/local/lib/python3.10/dist-packages/airflow/example_dags/example_branch_operator.py
[2023-10-28T08:25:20.348+0000] {processor.py:799} INFO - Processing file /usr/local/lib/python3.10/dist-packages/airflow/example_dags/example_branch_operator.py for tasks to queue
[2023-10-28T08:25:20.350+0000] {logging_mixin.py:149} INFO - [2023-10-28T08:25:20.350+0000] {dagbag.py:541} INFO - Filling up the DagBag from /usr/local/lib/python3.10/dist-packages/airflow/example_dags/example_branch_operator.py
[2023-10-28T08:25:20.376+0000] {processor.py:809} INFO - DAG(s) dict_keys(['example_branch_operator']) retrieved from /usr/local/lib/python3.10/dist-packages/airflow/example_dags/example_branch_operator.py
[2023-10-28T08:25:20.465+0000] {logging_mixin.py:149} INFO - [2023-10-28T08:25:20.464+0000] {dag.py:2726} INFO - Sync 1 DAGs
[2023-10-28T08:25:20.557+0000] {logging_mixin.py:149} INFO - [2023-10-28T08:25:20.556+0000] {dag.py:3486} INFO - Setting next_dagrun for example_branch_operator to 2023-10-27T00:00:00+00:00, run_after=2023-10-28T00:00:00+00:00
[2023-10-28T08:25:20.665+0000] {processor.py:178} INFO - Processing /usr/local/lib/python3.10/dist-packages/airflow/example_dags/example_branch_operator.py took 0.358 seconds
[2023-10-28T08:25:50.817+0000] {processor.py:156} INFO - Started process (PID=1509413) to work on /usr/local/lib/python3.10/dist-packages/airflow/example_dags/example_branch_operator.py
[2023-10-28T08:25:50.843+0000] {processor.py:799} INFO - Processing file /usr/local/lib/python3.10/dist-packages/airflow/example_dags/example_branch_operator.py for tasks to queue
[2023-10-28T08:25:50.845+0000] {logging_mixin.py:149} INFO - [2023-10-28T08:25:50.844+0000] {dagbag.py:541} INFO - Filling up the DagBag from /usr/local/lib/python3.10/dist-packages/airflow/example_dags/example_branch_operator.py
[2023-10-28T08:25:50.869+0000] {processor.py:809} INFO - DAG(s) dict_keys(['example_branch_operator']) retrieved from /usr/local/lib/python3.10/dist-packages/airflow/example_dags/example_branch_operator.py
[2023-10-28T08:25:50.952+0000] {logging_mixin.py:149} INFO - [2023-10-28T08:25:50.952+0000] {dag.py:2726} INFO - Sync 1 DAGs
[2023-10-28T08:25:51.028+0000] {logging_mixin.py:149} INFO - [2023-10-28T08:25:51.028+0000] {dag.py:3486} INFO - Setting next_dagrun for example_branch_operator to 2023-10-27T00:00:00+00:00, run_after=2023-10-28T00:00:00+00:00
[2023-10-28T08:25:51.127+0000] {processor.py:178} INFO - Processing /usr/local/lib/python3.10/dist-packages/airflow/example_dags/example_branch_operator.py took 0.317 seconds
[2023-10-28T08:26:21.401+0000] {processor.py:156} INFO - Started process (PID=1509793) to work on /usr/local/lib/python3.10/dist-packages/airflow/example_dags/example_branch_operator.py
[2023-10-28T08:26:21.413+0000] {processor.py:799} INFO - Processing file /usr/local/lib/python3.10/dist-packages/airflow/example_dags/example_branch_operator.py for tasks to queue
[2023-10-28T08:26:21.415+0000] {logging_mixin.py:149} INFO - [2023-10-28T08:26:21.414+0000] {dagbag.py:541} INFO - Filling up the DagBag from /usr/local/lib/python3.10/dist-packages/airflow/example_dags/example_branch_operator.py
[2023-10-28T08:26:21.437+0000] {processor.py:809} INFO - DAG(s) dict_keys(['example_branch_operator']) retrieved from /usr/local/lib/python3.10/dist-packages/airflow/example_dags/example_branch_operator.py
[2023-10-28T08:26:21.520+0000] {logging_mixin.py:149} INFO - [2023-10-28T08:26:21.519+0000] {dag.py:2726} INFO - Sync 1 DAGs
[2023-10-28T08:26:21.601+0000] {logging_mixin.py:149} INFO - [2023-10-28T08:26:21.601+0000] {dag.py:3486} INFO - Setting next_dagrun for example_branch_operator to 2023-10-27T00:00:00+00:00, run_after=2023-10-28T00:00:00+00:00
[2023-10-28T08:26:21.672+0000] {processor.py:178} INFO - Processing /usr/local/lib/python3.10/dist-packages/airflow/example_dags/example_branch_operator.py took 0.279 seconds
[2023-10-28T08:26:52.017+0000] {processor.py:156} INFO - Started process (PID=1510267) to work on /usr/local/lib/python3.10/dist-packages/airflow/example_dags/example_branch_operator.py
[2023-10-28T08:26:52.041+0000] {processor.py:799} INFO - Processing file /usr/local/lib/python3.10/dist-packages/airflow/example_dags/example_branch_operator.py for tasks to queue
[2023-10-28T08:26:52.043+0000] {logging_mixin.py:149} INFO - [2023-10-28T08:26:52.042+0000] {dagbag.py:541} INFO - Filling up the DagBag from /usr/local/lib/python3.10/dist-packages/airflow/example_dags/example_branch_operator.py
[2023-10-28T08:26:52.064+0000] {processor.py:809} INFO - DAG(s) dict_keys(['example_branch_operator']) retrieved from /usr/local/lib/python3.10/dist-packages/airflow/example_dags/example_branch_operator.py
[2023-10-28T08:26:52.152+0000] {logging_mixin.py:149} INFO - [2023-10-28T08:26:52.151+0000] {dag.py:2726} INFO - Sync 1 DAGs
[2023-10-28T08:26:52.229+0000] {logging_mixin.py:149} INFO - [2023-10-28T08:26:52.229+0000] {dag.py:3486} INFO - Setting next_dagrun for example_branch_operator to 2023-10-27T00:00:00+00:00, run_after=2023-10-28T00:00:00+00:00
[2023-10-28T08:26:52.323+0000] {processor.py:178} INFO - Processing /usr/local/lib/python3.10/dist-packages/airflow/example_dags/example_branch_operator.py took 0.314 seconds
[2023-10-28T08:27:22.887+0000] {processor.py:156} INFO - Started process (PID=1510726) to work on /usr/local/lib/python3.10/dist-packages/airflow/example_dags/example_branch_operator.py
[2023-10-28T08:27:22.913+0000] {processor.py:799} INFO - Processing file /usr/local/lib/python3.10/dist-packages/airflow/example_dags/example_branch_operator.py for tasks to queue
[2023-10-28T08:27:22.916+0000] {logging_mixin.py:149} INFO - [2023-10-28T08:27:22.915+0000] {dagbag.py:541} INFO - Filling up the DagBag from /usr/local/lib/python3.10/dist-packages/airflow/example_dags/example_branch_operator.py
[2023-10-28T08:27:22.942+0000] {processor.py:809} INFO - DAG(s) dict_keys(['example_branch_operator']) retrieved from /usr/local/lib/python3.10/dist-packages/airflow/example_dags/example_branch_operator.py
[2023-10-28T08:27:23.035+0000] {logging_mixin.py:149} INFO - [2023-10-28T08:27:23.034+0000] {dag.py:2726} INFO - Sync 1 DAGs
[2023-10-28T08:27:23.114+0000] {logging_mixin.py:149} INFO - [2023-10-28T08:27:23.114+0000] {dag.py:3486} INFO - Setting next_dagrun for example_branch_operator to 2023-10-27T00:00:00+00:00, run_after=2023-10-28T00:00:00+00:00
[2023-10-28T08:27:23.218+0000] {processor.py:178} INFO - Processing /usr/local/lib/python3.10/dist-packages/airflow/example_dags/example_branch_operator.py took 0.340 seconds
[2023-10-28T08:27:53.431+0000] {processor.py:156} INFO - Started process (PID=1511082) to work on /usr/local/lib/python3.10/dist-packages/airflow/example_dags/example_branch_operator.py
[2023-10-28T08:27:53.434+0000] {processor.py:799} INFO - Processing file /usr/local/lib/python3.10/dist-packages/airflow/example_dags/example_branch_operator.py for tasks to queue
[2023-10-28T08:27:53.435+0000] {logging_mixin.py:149} INFO - [2023-10-28T08:27:53.435+0000] {dagbag.py:541} INFO - Filling up the DagBag from /usr/local/lib/python3.10/dist-packages/airflow/example_dags/example_branch_operator.py
[2023-10-28T08:27:53.458+0000] {processor.py:809} INFO - DAG(s) dict_keys(['example_branch_operator']) retrieved from /usr/local/lib/python3.10/dist-packages/airflow/example_dags/example_branch_operator.py
[2023-10-28T08:27:53.547+0000] {logging_mixin.py:149} INFO - [2023-10-28T08:27:53.546+0000] {dag.py:2726} INFO - Sync 1 DAGs
[2023-10-28T08:27:53.628+0000] {logging_mixin.py:149} INFO - [2023-10-28T08:27:53.627+0000] {dag.py:3486} INFO - Setting next_dagrun for example_branch_operator to 2023-10-27T00:00:00+00:00, run_after=2023-10-28T00:00:00+00:00
[2023-10-28T08:27:53.720+0000] {processor.py:178} INFO - Processing /usr/local/lib/python3.10/dist-packages/airflow/example_dags/example_branch_operator.py took 0.296 seconds
[2023-10-28T08:28:23.999+0000] {processor.py:156} INFO - Started process (PID=1511465) to work on /usr/local/lib/python3.10/dist-packages/airflow/example_dags/example_branch_operator.py
[2023-10-28T08:28:24.025+0000] {processor.py:799} INFO - Processing file /usr/local/lib/python3.10/dist-packages/airflow/example_dags/example_branch_operator.py for tasks to queue
[2023-10-28T08:28:24.027+0000] {logging_mixin.py:149} INFO - [2023-10-28T08:28:24.026+0000] {dagbag.py:541} INFO - Filling up the DagBag from /usr/local/lib/python3.10/dist-packages/airflow/example_dags/example_branch_operator.py
[2023-10-28T08:28:24.049+0000] {processor.py:809} INFO - DAG(s) dict_keys(['example_branch_operator']) retrieved from /usr/local/lib/python3.10/dist-packages/airflow/example_dags/example_branch_operator.py
[2023-10-28T08:28:24.129+0000] {logging_mixin.py:149} INFO - [2023-10-28T08:28:24.128+0000] {dag.py:2726} INFO - Sync 1 DAGs
[2023-10-28T08:28:24.204+0000] {logging_mixin.py:149} INFO - [2023-10-28T08:28:24.203+0000] {dag.py:3486} INFO - Setting next_dagrun for example_branch_operator to 2023-10-27T00:00:00+00:00, run_after=2023-10-28T00:00:00+00:00
[2023-10-28T08:28:24.295+0000] {processor.py:178} INFO - Processing /usr/local/lib/python3.10/dist-packages/airflow/example_dags/example_branch_operator.py took 0.304 seconds
[2023-10-28T08:28:55.045+0000] {processor.py:156} INFO - Started process (PID=1511823) to work on /usr/local/lib/python3.10/dist-packages/airflow/example_dags/example_branch_operator.py
[2023-10-28T08:28:55.046+0000] {processor.py:799} INFO - Processing file /usr/local/lib/python3.10/dist-packages/airflow/example_dags/example_branch_operator.py for tasks to queue
[2023-10-28T08:28:55.048+0000] {logging_mixin.py:149} INFO - [2023-10-28T08:28:55.048+0000] {dagbag.py:541} INFO - Filling up the DagBag from /usr/local/lib/python3.10/dist-packages/airflow/example_dags/example_branch_operator.py
[2023-10-28T08:28:55.071+0000] {processor.py:809} INFO - DAG(s) dict_keys(['example_branch_operator']) retrieved from /usr/local/lib/python3.10/dist-packages/airflow/example_dags/example_branch_operator.py
[2023-10-28T08:28:55.165+0000] {logging_mixin.py:149} INFO - [2023-10-28T08:28:55.164+0000] {dag.py:2726} INFO - Sync 1 DAGs
[2023-10-28T08:28:55.247+0000] {logging_mixin.py:149} INFO - [2023-10-28T08:28:55.246+0000] {dag.py:3486} INFO - Setting next_dagrun for example_branch_operator to 2023-10-27T00:00:00+00:00, run_after=2023-10-28T00:00:00+00:00
[2023-10-28T08:28:55.344+0000] {processor.py:178} INFO - Processing /usr/local/lib/python3.10/dist-packages/airflow/example_dags/example_branch_operator.py took 0.305 seconds
[2023-10-28T08:29:25.849+0000] {processor.py:156} INFO - Started process (PID=1512219) to work on /usr/local/lib/python3.10/dist-packages/airflow/example_dags/example_branch_operator.py
[2023-10-28T08:29:25.852+0000] {processor.py:799} INFO - Processing file /usr/local/lib/python3.10/dist-packages/airflow/example_dags/example_branch_operator.py for tasks to queue
[2023-10-28T08:29:25.854+0000] {logging_mixin.py:149} INFO - [2023-10-28T08:29:25.854+0000] {dagbag.py:541} INFO - Filling up the DagBag from /usr/local/lib/python3.10/dist-packages/airflow/example_dags/example_branch_operator.py
[2023-10-28T08:29:25.879+0000] {processor.py:809} INFO - DAG(s) dict_keys(['example_branch_operator']) retrieved from /usr/local/lib/python3.10/dist-packages/airflow/example_dags/example_branch_operator.py
[2023-10-28T08:29:25.962+0000] {logging_mixin.py:149} INFO - [2023-10-28T08:29:25.961+0000] {dag.py:2726} INFO - Sync 1 DAGs
[2023-10-28T08:29:26.047+0000] {logging_mixin.py:149} INFO - [2023-10-28T08:29:26.046+0000] {dag.py:3486} INFO - Setting next_dagrun for example_branch_operator to 2023-10-27T00:00:00+00:00, run_after=2023-10-28T00:00:00+00:00
[2023-10-28T08:29:26.154+0000] {processor.py:178} INFO - Processing /usr/local/lib/python3.10/dist-packages/airflow/example_dags/example_branch_operator.py took 0.311 seconds
[2023-10-28T08:29:56.380+0000] {processor.py:156} INFO - Started process (PID=1512573) to work on /usr/local/lib/python3.10/dist-packages/airflow/example_dags/example_branch_operator.py
[2023-10-28T08:29:56.390+0000] {processor.py:799} INFO - Processing file /usr/local/lib/python3.10/dist-packages/airflow/example_dags/example_branch_operator.py for tasks to queue
[2023-10-28T08:29:56.392+0000] {logging_mixin.py:149} INFO - [2023-10-28T08:29:56.392+0000] {dagbag.py:541} INFO - Filling up the DagBag from /usr/local/lib/python3.10/dist-packages/airflow/example_dags/example_branch_operator.py
[2023-10-28T08:29:56.415+0000] {processor.py:809} INFO - DAG(s) dict_keys(['example_branch_operator']) retrieved from /usr/local/lib/python3.10/dist-packages/airflow/example_dags/example_branch_operator.py
[2023-10-28T08:29:56.501+0000] {logging_mixin.py:149} INFO - [2023-10-28T08:29:56.501+0000] {dag.py:2726} INFO - Sync 1 DAGs
[2023-10-28T08:29:56.589+0000] {logging_mixin.py:149} INFO - [2023-10-28T08:29:56.588+0000] {dag.py:3486} INFO - Setting next_dagrun for example_branch_operator to 2023-10-27T00:00:00+00:00, run_after=2023-10-28T00:00:00+00:00
[2023-10-28T08:29:56.688+0000] {processor.py:178} INFO - Processing /usr/local/lib/python3.10/dist-packages/airflow/example_dags/example_branch_operator.py took 0.314 seconds
[2023-10-28T08:30:26.904+0000] {processor.py:156} INFO - Started process (PID=1513152) to work on /usr/local/lib/python3.10/dist-packages/airflow/example_dags/example_branch_operator.py
[2023-10-28T08:30:26.933+0000] {processor.py:799} INFO - Processing file /usr/local/lib/python3.10/dist-packages/airflow/example_dags/example_branch_operator.py for tasks to queue
[2023-10-28T08:30:26.935+0000] {logging_mixin.py:149} INFO - [2023-10-28T08:30:26.935+0000] {dagbag.py:541} INFO - Filling up the DagBag from /usr/local/lib/python3.10/dist-packages/airflow/example_dags/example_branch_operator.py
[2023-10-28T08:30:26.962+0000] {processor.py:809} INFO - DAG(s) dict_keys(['example_branch_operator']) retrieved from /usr/local/lib/python3.10/dist-packages/airflow/example_dags/example_branch_operator.py
[2023-10-28T08:30:27.049+0000] {logging_mixin.py:149} INFO - [2023-10-28T08:30:27.049+0000] {dag.py:2726} INFO - Sync 1 DAGs
[2023-10-28T08:30:27.137+0000] {logging_mixin.py:149} INFO - [2023-10-28T08:30:27.136+0000] {dag.py:3486} INFO - Setting next_dagrun for example_branch_operator to 2023-10-27T00:00:00+00:00, run_after=2023-10-28T00:00:00+00:00
[2023-10-28T08:30:27.235+0000] {processor.py:178} INFO - Processing /usr/local/lib/python3.10/dist-packages/airflow/example_dags/example_branch_operator.py took 0.337 seconds
[2023-10-28T08:30:57.571+0000] {processor.py:156} INFO - Started process (PID=1513571) to work on /usr/local/lib/python3.10/dist-packages/airflow/example_dags/example_branch_operator.py
[2023-10-28T08:30:57.597+0000] {processor.py:799} INFO - Processing file /usr/local/lib/python3.10/dist-packages/airflow/example_dags/example_branch_operator.py for tasks to queue
[2023-10-28T08:30:57.599+0000] {logging_mixin.py:149} INFO - [2023-10-28T08:30:57.598+0000] {dagbag.py:541} INFO - Filling up the DagBag from /usr/local/lib/python3.10/dist-packages/airflow/example_dags/example_branch_operator.py
[2023-10-28T08:30:57.623+0000] {processor.py:809} INFO - DAG(s) dict_keys(['example_branch_operator']) retrieved from /usr/local/lib/python3.10/dist-packages/airflow/example_dags/example_branch_operator.py
[2023-10-28T08:30:57.709+0000] {logging_mixin.py:149} INFO - [2023-10-28T08:30:57.708+0000] {dag.py:2726} INFO - Sync 1 DAGs
[2023-10-28T08:30:57.794+0000] {logging_mixin.py:149} INFO - [2023-10-28T08:30:57.794+0000] {dag.py:3486} INFO - Setting next_dagrun for example_branch_operator to 2023-10-27T00:00:00+00:00, run_after=2023-10-28T00:00:00+00:00
[2023-10-28T08:30:57.891+0000] {processor.py:178} INFO - Processing /usr/local/lib/python3.10/dist-packages/airflow/example_dags/example_branch_operator.py took 0.329 seconds
[2023-10-28T08:31:28.275+0000] {processor.py:156} INFO - Started process (PID=1514126) to work on /usr/local/lib/python3.10/dist-packages/airflow/example_dags/example_branch_operator.py
[2023-10-28T08:31:28.289+0000] {processor.py:799} INFO - Processing file /usr/local/lib/python3.10/dist-packages/airflow/example_dags/example_branch_operator.py for tasks to queue
[2023-10-28T08:31:28.291+0000] {logging_mixin.py:149} INFO - [2023-10-28T08:31:28.290+0000] {dagbag.py:541} INFO - Filling up the DagBag from /usr/local/lib/python3.10/dist-packages/airflow/example_dags/example_branch_operator.py
[2023-10-28T08:31:28.315+0000] {processor.py:809} INFO - DAG(s) dict_keys(['example_branch_operator']) retrieved from /usr/local/lib/python3.10/dist-packages/airflow/example_dags/example_branch_operator.py
[2023-10-28T08:31:28.403+0000] {logging_mixin.py:149} INFO - [2023-10-28T08:31:28.403+0000] {dag.py:2726} INFO - Sync 1 DAGs
[2023-10-28T08:31:28.490+0000] {logging_mixin.py:149} INFO - [2023-10-28T08:31:28.489+0000] {dag.py:3486} INFO - Setting next_dagrun for example_branch_operator to 2023-10-27T00:00:00+00:00, run_after=2023-10-28T00:00:00+00:00
[2023-10-28T08:31:28.593+0000] {processor.py:178} INFO - Processing /usr/local/lib/python3.10/dist-packages/airflow/example_dags/example_branch_operator.py took 0.326 seconds
[2023-10-28T08:31:59.231+0000] {processor.py:156} INFO - Started process (PID=1514796) to work on /usr/local/lib/python3.10/dist-packages/airflow/example_dags/example_branch_operator.py
[2023-10-28T08:31:59.234+0000] {processor.py:799} INFO - Processing file /usr/local/lib/python3.10/dist-packages/airflow/example_dags/example_branch_operator.py for tasks to queue
[2023-10-28T08:31:59.236+0000] {logging_mixin.py:149} INFO - [2023-10-28T08:31:59.235+0000] {dagbag.py:541} INFO - Filling up the DagBag from /usr/local/lib/python3.10/dist-packages/airflow/example_dags/example_branch_operator.py
[2023-10-28T08:31:59.258+0000] {processor.py:809} INFO - DAG(s) dict_keys(['example_branch_operator']) retrieved from /usr/local/lib/python3.10/dist-packages/airflow/example_dags/example_branch_operator.py
[2023-10-28T08:31:59.347+0000] {logging_mixin.py:149} INFO - [2023-10-28T08:31:59.346+0000] {dag.py:2726} INFO - Sync 1 DAGs
[2023-10-28T08:31:59.439+0000] {logging_mixin.py:149} INFO - [2023-10-28T08:31:59.439+0000] {dag.py:3486} INFO - Setting next_dagrun for example_branch_operator to 2023-10-27T00:00:00+00:00, run_after=2023-10-28T00:00:00+00:00
[2023-10-28T08:31:59.532+0000] {processor.py:178} INFO - Processing /usr/local/lib/python3.10/dist-packages/airflow/example_dags/example_branch_operator.py took 0.308 seconds
[2023-10-28T08:32:30.027+0000] {processor.py:156} INFO - Started process (PID=1515338) to work on /usr/local/lib/python3.10/dist-packages/airflow/example_dags/example_branch_operator.py
[2023-10-28T08:32:30.056+0000] {processor.py:799} INFO - Processing file /usr/local/lib/python3.10/dist-packages/airflow/example_dags/example_branch_operator.py for tasks to queue
[2023-10-28T08:32:30.058+0000] {logging_mixin.py:149} INFO - [2023-10-28T08:32:30.058+0000] {dagbag.py:541} INFO - Filling up the DagBag from /usr/local/lib/python3.10/dist-packages/airflow/example_dags/example_branch_operator.py
[2023-10-28T08:32:30.080+0000] {processor.py:809} INFO - DAG(s) dict_keys(['example_branch_operator']) retrieved from /usr/local/lib/python3.10/dist-packages/airflow/example_dags/example_branch_operator.py
[2023-10-28T08:32:30.164+0000] {logging_mixin.py:149} INFO - [2023-10-28T08:32:30.163+0000] {dag.py:2726} INFO - Sync 1 DAGs
[2023-10-28T08:32:30.239+0000] {logging_mixin.py:149} INFO - [2023-10-28T08:32:30.238+0000] {dag.py:3486} INFO - Setting next_dagrun for example_branch_operator to 2023-10-27T00:00:00+00:00, run_after=2023-10-28T00:00:00+00:00
[2023-10-28T08:32:30.336+0000] {processor.py:178} INFO - Processing /usr/local/lib/python3.10/dist-packages/airflow/example_dags/example_branch_operator.py took 0.317 seconds
[2023-10-28T08:33:01.176+0000] {processor.py:156} INFO - Started process (PID=1515942) to work on /usr/local/lib/python3.10/dist-packages/airflow/example_dags/example_branch_operator.py
[2023-10-28T08:33:01.217+0000] {processor.py:799} INFO - Processing file /usr/local/lib/python3.10/dist-packages/airflow/example_dags/example_branch_operator.py for tasks to queue
[2023-10-28T08:33:01.219+0000] {logging_mixin.py:149} INFO - [2023-10-28T08:33:01.218+0000] {dagbag.py:541} INFO - Filling up the DagBag from /usr/local/lib/python3.10/dist-packages/airflow/example_dags/example_branch_operator.py
[2023-10-28T08:33:01.243+0000] {processor.py:809} INFO - DAG(s) dict_keys(['example_branch_operator']) retrieved from /usr/local/lib/python3.10/dist-packages/airflow/example_dags/example_branch_operator.py
[2023-10-28T08:33:01.334+0000] {logging_mixin.py:149} INFO - [2023-10-28T08:33:01.333+0000] {dag.py:2726} INFO - Sync 1 DAGs
[2023-10-28T08:33:01.417+0000] {logging_mixin.py:149} INFO - [2023-10-28T08:33:01.416+0000] {dag.py:3486} INFO - Setting next_dagrun for example_branch_operator to 2023-10-27T00:00:00+00:00, run_after=2023-10-28T00:00:00+00:00
[2023-10-28T08:33:01.532+0000] {processor.py:178} INFO - Processing /usr/local/lib/python3.10/dist-packages/airflow/example_dags/example_branch_operator.py took 0.364 seconds
[2023-10-28T08:33:32.212+0000] {processor.py:156} INFO - Started process (PID=1516325) to work on /usr/local/lib/python3.10/dist-packages/airflow/example_dags/example_branch_operator.py
[2023-10-28T08:33:32.214+0000] {processor.py:799} INFO - Processing file /usr/local/lib/python3.10/dist-packages/airflow/example_dags/example_branch_operator.py for tasks to queue
[2023-10-28T08:33:32.216+0000] {logging_mixin.py:149} INFO - [2023-10-28T08:33:32.216+0000] {dagbag.py:541} INFO - Filling up the DagBag from /usr/local/lib/python3.10/dist-packages/airflow/example_dags/example_branch_operator.py
[2023-10-28T08:33:32.241+0000] {processor.py:809} INFO - DAG(s) dict_keys(['example_branch_operator']) retrieved from /usr/local/lib/python3.10/dist-packages/airflow/example_dags/example_branch_operator.py
[2023-10-28T08:33:32.329+0000] {logging_mixin.py:149} INFO - [2023-10-28T08:33:32.328+0000] {dag.py:2726} INFO - Sync 1 DAGs
[2023-10-28T08:33:32.412+0000] {logging_mixin.py:149} INFO - [2023-10-28T08:33:32.411+0000] {dag.py:3486} INFO - Setting next_dagrun for example_branch_operator to 2023-10-27T00:00:00+00:00, run_after=2023-10-28T00:00:00+00:00
[2023-10-28T08:33:32.521+0000] {processor.py:178} INFO - Processing /usr/local/lib/python3.10/dist-packages/airflow/example_dags/example_branch_operator.py took 0.316 seconds
[2023-10-28T08:34:02.781+0000] {processor.py:156} INFO - Started process (PID=1516701) to work on /usr/local/lib/python3.10/dist-packages/airflow/example_dags/example_branch_operator.py
[2023-10-28T08:34:02.820+0000] {processor.py:799} INFO - Processing file /usr/local/lib/python3.10/dist-packages/airflow/example_dags/example_branch_operator.py for tasks to queue
[2023-10-28T08:34:02.822+0000] {logging_mixin.py:149} INFO - [2023-10-28T08:34:02.821+0000] {dagbag.py:541} INFO - Filling up the DagBag from /usr/local/lib/python3.10/dist-packages/airflow/example_dags/example_branch_operator.py
[2023-10-28T08:34:02.843+0000] {processor.py:809} INFO - DAG(s) dict_keys(['example_branch_operator']) retrieved from /usr/local/lib/python3.10/dist-packages/airflow/example_dags/example_branch_operator.py
[2023-10-28T08:34:02.928+0000] {logging_mixin.py:149} INFO - [2023-10-28T08:34:02.927+0000] {dag.py:2726} INFO - Sync 1 DAGs
[2023-10-28T08:34:03.006+0000] {logging_mixin.py:149} INFO - [2023-10-28T08:34:03.006+0000] {dag.py:3486} INFO - Setting next_dagrun for example_branch_operator to 2023-10-27T00:00:00+00:00, run_after=2023-10-28T00:00:00+00:00
[2023-10-28T08:34:03.105+0000] {processor.py:178} INFO - Processing /usr/local/lib/python3.10/dist-packages/airflow/example_dags/example_branch_operator.py took 0.331 seconds
[2023-10-28T08:34:33.550+0000] {processor.py:156} INFO - Started process (PID=1517079) to work on /usr/local/lib/python3.10/dist-packages/airflow/example_dags/example_branch_operator.py
[2023-10-28T08:34:33.589+0000] {processor.py:799} INFO - Processing file /usr/local/lib/python3.10/dist-packages/airflow/example_dags/example_branch_operator.py for tasks to queue
[2023-10-28T08:34:33.591+0000] {logging_mixin.py:149} INFO - [2023-10-28T08:34:33.591+0000] {dagbag.py:541} INFO - Filling up the DagBag from /usr/local/lib/python3.10/dist-packages/airflow/example_dags/example_branch_operator.py
[2023-10-28T08:34:33.616+0000] {processor.py:809} INFO - DAG(s) dict_keys(['example_branch_operator']) retrieved from /usr/local/lib/python3.10/dist-packages/airflow/example_dags/example_branch_operator.py
[2023-10-28T08:34:33.709+0000] {logging_mixin.py:149} INFO - [2023-10-28T08:34:33.708+0000] {dag.py:2726} INFO - Sync 1 DAGs
[2023-10-28T08:34:33.795+0000] {logging_mixin.py:149} INFO - [2023-10-28T08:34:33.795+0000] {dag.py:3486} INFO - Setting next_dagrun for example_branch_operator to 2023-10-27T00:00:00+00:00, run_after=2023-10-28T00:00:00+00:00
[2023-10-28T08:34:33.863+0000] {processor.py:178} INFO - Processing /usr/local/lib/python3.10/dist-packages/airflow/example_dags/example_branch_operator.py took 0.321 seconds
[2023-10-28T08:35:04.151+0000] {processor.py:156} INFO - Started process (PID=1517478) to work on /usr/local/lib/python3.10/dist-packages/airflow/example_dags/example_branch_operator.py
[2023-10-28T08:35:04.192+0000] {processor.py:799} INFO - Processing file /usr/local/lib/python3.10/dist-packages/airflow/example_dags/example_branch_operator.py for tasks to queue
[2023-10-28T08:35:04.194+0000] {logging_mixin.py:149} INFO - [2023-10-28T08:35:04.193+0000] {dagbag.py:541} INFO - Filling up the DagBag from /usr/local/lib/python3.10/dist-packages/airflow/example_dags/example_branch_operator.py
[2023-10-28T08:35:04.217+0000] {processor.py:809} INFO - DAG(s) dict_keys(['example_branch_operator']) retrieved from /usr/local/lib/python3.10/dist-packages/airflow/example_dags/example_branch_operator.py
[2023-10-28T08:35:04.302+0000] {logging_mixin.py:149} INFO - [2023-10-28T08:35:04.301+0000] {dag.py:2726} INFO - Sync 1 DAGs
[2023-10-28T08:35:04.380+0000] {logging_mixin.py:149} INFO - [2023-10-28T08:35:04.380+0000] {dag.py:3486} INFO - Setting next_dagrun for example_branch_operator to 2023-10-27T00:00:00+00:00, run_after=2023-10-28T00:00:00+00:00
[2023-10-28T08:35:04.485+0000] {processor.py:178} INFO - Processing /usr/local/lib/python3.10/dist-packages/airflow/example_dags/example_branch_operator.py took 0.341 seconds
[2023-10-28T08:35:35.003+0000] {processor.py:156} INFO - Started process (PID=1518055) to work on /usr/local/lib/python3.10/dist-packages/airflow/example_dags/example_branch_operator.py
[2023-10-28T08:35:35.045+0000] {processor.py:799} INFO - Processing file /usr/local/lib/python3.10/dist-packages/airflow/example_dags/example_branch_operator.py for tasks to queue
[2023-10-28T08:35:35.047+0000] {logging_mixin.py:149} INFO - [2023-10-28T08:35:35.047+0000] {dagbag.py:541} INFO - Filling up the DagBag from /usr/local/lib/python3.10/dist-packages/airflow/example_dags/example_branch_operator.py
[2023-10-28T08:35:35.071+0000] {processor.py:809} INFO - DAG(s) dict_keys(['example_branch_operator']) retrieved from /usr/local/lib/python3.10/dist-packages/airflow/example_dags/example_branch_operator.py
[2023-10-28T08:35:35.154+0000] {logging_mixin.py:149} INFO - [2023-10-28T08:35:35.154+0000] {dag.py:2726} INFO - Sync 1 DAGs
[2023-10-28T08:35:35.234+0000] {logging_mixin.py:149} INFO - [2023-10-28T08:35:35.233+0000] {dag.py:3486} INFO - Setting next_dagrun for example_branch_operator to 2023-10-27T00:00:00+00:00, run_after=2023-10-28T00:00:00+00:00
[2023-10-28T08:35:35.338+0000] {processor.py:178} INFO - Processing /usr/local/lib/python3.10/dist-packages/airflow/example_dags/example_branch_operator.py took 0.341 seconds
[2023-10-28T08:36:05.609+0000] {processor.py:156} INFO - Started process (PID=1518496) to work on /usr/local/lib/python3.10/dist-packages/airflow/example_dags/example_branch_operator.py
[2023-10-28T08:36:05.639+0000] {processor.py:799} INFO - Processing file /usr/local/lib/python3.10/dist-packages/airflow/example_dags/example_branch_operator.py for tasks to queue
[2023-10-28T08:36:05.641+0000] {logging_mixin.py:149} INFO - [2023-10-28T08:36:05.641+0000] {dagbag.py:541} INFO - Filling up the DagBag from /usr/local/lib/python3.10/dist-packages/airflow/example_dags/example_branch_operator.py
[2023-10-28T08:36:05.663+0000] {processor.py:809} INFO - DAG(s) dict_keys(['example_branch_operator']) retrieved from /usr/local/lib/python3.10/dist-packages/airflow/example_dags/example_branch_operator.py
[2023-10-28T08:36:05.750+0000] {logging_mixin.py:149} INFO - [2023-10-28T08:36:05.750+0000] {dag.py:2726} INFO - Sync 1 DAGs
[2023-10-28T08:36:05.829+0000] {logging_mixin.py:149} INFO - [2023-10-28T08:36:05.828+0000] {dag.py:3486} INFO - Setting next_dagrun for example_branch_operator to 2023-10-27T00:00:00+00:00, run_after=2023-10-28T00:00:00+00:00
[2023-10-28T08:36:05.894+0000] {processor.py:178} INFO - Processing /usr/local/lib/python3.10/dist-packages/airflow/example_dags/example_branch_operator.py took 0.292 seconds
[2023-10-28T08:36:36.268+0000] {processor.py:156} INFO - Started process (PID=1518850) to work on /usr/local/lib/python3.10/dist-packages/airflow/example_dags/example_branch_operator.py
[2023-10-28T08:36:36.305+0000] {processor.py:799} INFO - Processing file /usr/local/lib/python3.10/dist-packages/airflow/example_dags/example_branch_operator.py for tasks to queue
[2023-10-28T08:36:36.308+0000] {logging_mixin.py:149} INFO - [2023-10-28T08:36:36.307+0000] {dagbag.py:541} INFO - Filling up the DagBag from /usr/local/lib/python3.10/dist-packages/airflow/example_dags/example_branch_operator.py
[2023-10-28T08:36:36.337+0000] {processor.py:809} INFO - DAG(s) dict_keys(['example_branch_operator']) retrieved from /usr/local/lib/python3.10/dist-packages/airflow/example_dags/example_branch_operator.py
[2023-10-28T08:36:36.424+0000] {logging_mixin.py:149} INFO - [2023-10-28T08:36:36.424+0000] {dag.py:2726} INFO - Sync 1 DAGs
[2023-10-28T08:36:36.502+0000] {logging_mixin.py:149} INFO - [2023-10-28T08:36:36.502+0000] {dag.py:3486} INFO - Setting next_dagrun for example_branch_operator to 2023-10-27T00:00:00+00:00, run_after=2023-10-28T00:00:00+00:00
[2023-10-28T08:36:36.581+0000] {processor.py:178} INFO - Processing /usr/local/lib/python3.10/dist-packages/airflow/example_dags/example_branch_operator.py took 0.321 seconds
[2023-10-28T08:37:07.129+0000] {processor.py:156} INFO - Started process (PID=1519353) to work on /usr/local/lib/python3.10/dist-packages/airflow/example_dags/example_branch_operator.py
[2023-10-28T08:37:07.161+0000] {processor.py:799} INFO - Processing file /usr/local/lib/python3.10/dist-packages/airflow/example_dags/example_branch_operator.py for tasks to queue
[2023-10-28T08:37:07.163+0000] {logging_mixin.py:149} INFO - [2023-10-28T08:37:07.162+0000] {dagbag.py:541} INFO - Filling up the DagBag from /usr/local/lib/python3.10/dist-packages/airflow/example_dags/example_branch_operator.py
[2023-10-28T08:37:07.185+0000] {processor.py:809} INFO - DAG(s) dict_keys(['example_branch_operator']) retrieved from /usr/local/lib/python3.10/dist-packages/airflow/example_dags/example_branch_operator.py
[2023-10-28T08:37:07.271+0000] {logging_mixin.py:149} INFO - [2023-10-28T08:37:07.270+0000] {dag.py:2726} INFO - Sync 1 DAGs
[2023-10-28T08:37:07.348+0000] {logging_mixin.py:149} INFO - [2023-10-28T08:37:07.348+0000] {dag.py:3486} INFO - Setting next_dagrun for example_branch_operator to 2023-10-27T00:00:00+00:00, run_after=2023-10-28T00:00:00+00:00
[2023-10-28T08:37:07.446+0000] {processor.py:178} INFO - Processing /usr/local/lib/python3.10/dist-packages/airflow/example_dags/example_branch_operator.py took 0.325 seconds
[2023-10-28T08:37:37.611+0000] {processor.py:156} INFO - Started process (PID=1519708) to work on /usr/local/lib/python3.10/dist-packages/airflow/example_dags/example_branch_operator.py
[2023-10-28T08:37:37.648+0000] {processor.py:799} INFO - Processing file /usr/local/lib/python3.10/dist-packages/airflow/example_dags/example_branch_operator.py for tasks to queue
[2023-10-28T08:37:37.650+0000] {logging_mixin.py:149} INFO - [2023-10-28T08:37:37.649+0000] {dagbag.py:541} INFO - Filling up the DagBag from /usr/local/lib/python3.10/dist-packages/airflow/example_dags/example_branch_operator.py
[2023-10-28T08:37:37.673+0000] {processor.py:809} INFO - DAG(s) dict_keys(['example_branch_operator']) retrieved from /usr/local/lib/python3.10/dist-packages/airflow/example_dags/example_branch_operator.py
[2023-10-28T08:37:37.768+0000] {logging_mixin.py:149} INFO - [2023-10-28T08:37:37.767+0000] {dag.py:2726} INFO - Sync 1 DAGs
[2023-10-28T08:37:37.849+0000] {logging_mixin.py:149} INFO - [2023-10-28T08:37:37.848+0000] {dag.py:3486} INFO - Setting next_dagrun for example_branch_operator to 2023-10-27T00:00:00+00:00, run_after=2023-10-28T00:00:00+00:00
[2023-10-28T08:37:37.956+0000] {processor.py:178} INFO - Processing /usr/local/lib/python3.10/dist-packages/airflow/example_dags/example_branch_operator.py took 0.353 seconds
[2023-10-28T08:38:08.081+0000] {processor.py:156} INFO - Started process (PID=1520150) to work on /usr/local/lib/python3.10/dist-packages/airflow/example_dags/example_branch_operator.py
[2023-10-28T08:38:08.108+0000] {processor.py:799} INFO - Processing file /usr/local/lib/python3.10/dist-packages/airflow/example_dags/example_branch_operator.py for tasks to queue
[2023-10-28T08:38:08.110+0000] {logging_mixin.py:149} INFO - [2023-10-28T08:38:08.109+0000] {dagbag.py:541} INFO - Filling up the DagBag from /usr/local/lib/python3.10/dist-packages/airflow/example_dags/example_branch_operator.py
[2023-10-28T08:38:08.135+0000] {processor.py:809} INFO - DAG(s) dict_keys(['example_branch_operator']) retrieved from /usr/local/lib/python3.10/dist-packages/airflow/example_dags/example_branch_operator.py
[2023-10-28T08:38:08.221+0000] {logging_mixin.py:149} INFO - [2023-10-28T08:38:08.221+0000] {dag.py:2726} INFO - Sync 1 DAGs
[2023-10-28T08:38:08.305+0000] {logging_mixin.py:149} INFO - [2023-10-28T08:38:08.305+0000] {dag.py:3486} INFO - Setting next_dagrun for example_branch_operator to 2023-10-27T00:00:00+00:00, run_after=2023-10-28T00:00:00+00:00
[2023-10-28T08:38:08.396+0000] {processor.py:178} INFO - Processing /usr/local/lib/python3.10/dist-packages/airflow/example_dags/example_branch_operator.py took 0.322 seconds
[2023-10-28T08:38:38.988+0000] {processor.py:156} INFO - Started process (PID=1520640) to work on /usr/local/lib/python3.10/dist-packages/airflow/example_dags/example_branch_operator.py
[2023-10-28T08:38:39.009+0000] {processor.py:799} INFO - Processing file /usr/local/lib/python3.10/dist-packages/airflow/example_dags/example_branch_operator.py for tasks to queue
[2023-10-28T08:38:39.011+0000] {logging_mixin.py:149} INFO - [2023-10-28T08:38:39.010+0000] {dagbag.py:541} INFO - Filling up the DagBag from /usr/local/lib/python3.10/dist-packages/airflow/example_dags/example_branch_operator.py
[2023-10-28T08:38:39.034+0000] {processor.py:809} INFO - DAG(s) dict_keys(['example_branch_operator']) retrieved from /usr/local/lib/python3.10/dist-packages/airflow/example_dags/example_branch_operator.py
[2023-10-28T08:38:39.118+0000] {logging_mixin.py:149} INFO - [2023-10-28T08:38:39.117+0000] {dag.py:2726} INFO - Sync 1 DAGs
[2023-10-28T08:38:39.195+0000] {logging_mixin.py:149} INFO - [2023-10-28T08:38:39.195+0000] {dag.py:3486} INFO - Setting next_dagrun for example_branch_operator to 2023-10-27T00:00:00+00:00, run_after=2023-10-28T00:00:00+00:00
[2023-10-28T08:38:39.280+0000] {processor.py:178} INFO - Processing /usr/local/lib/python3.10/dist-packages/airflow/example_dags/example_branch_operator.py took 0.299 seconds
[2023-10-28T08:39:09.430+0000] {processor.py:156} INFO - Started process (PID=1521235) to work on /usr/local/lib/python3.10/dist-packages/airflow/example_dags/example_branch_operator.py
[2023-10-28T08:39:09.432+0000] {processor.py:799} INFO - Processing file /usr/local/lib/python3.10/dist-packages/airflow/example_dags/example_branch_operator.py for tasks to queue
[2023-10-28T08:39:09.434+0000] {logging_mixin.py:149} INFO - [2023-10-28T08:39:09.433+0000] {dagbag.py:541} INFO - Filling up the DagBag from /usr/local/lib/python3.10/dist-packages/airflow/example_dags/example_branch_operator.py
[2023-10-28T08:39:09.457+0000] {processor.py:809} INFO - DAG(s) dict_keys(['example_branch_operator']) retrieved from /usr/local/lib/python3.10/dist-packages/airflow/example_dags/example_branch_operator.py
[2023-10-28T08:39:09.542+0000] {logging_mixin.py:149} INFO - [2023-10-28T08:39:09.542+0000] {dag.py:2726} INFO - Sync 1 DAGs
[2023-10-28T08:39:09.622+0000] {logging_mixin.py:149} INFO - [2023-10-28T08:39:09.622+0000] {dag.py:3486} INFO - Setting next_dagrun for example_branch_operator to 2023-10-27T00:00:00+00:00, run_after=2023-10-28T00:00:00+00:00
[2023-10-28T08:39:09.702+0000] {processor.py:178} INFO - Processing /usr/local/lib/python3.10/dist-packages/airflow/example_dags/example_branch_operator.py took 0.279 seconds
[2023-10-28T08:39:40.129+0000] {processor.py:156} INFO - Started process (PID=1521640) to work on /usr/local/lib/python3.10/dist-packages/airflow/example_dags/example_branch_operator.py
[2023-10-28T08:39:40.131+0000] {processor.py:799} INFO - Processing file /usr/local/lib/python3.10/dist-packages/airflow/example_dags/example_branch_operator.py for tasks to queue
[2023-10-28T08:39:40.133+0000] {logging_mixin.py:149} INFO - [2023-10-28T08:39:40.133+0000] {dagbag.py:541} INFO - Filling up the DagBag from /usr/local/lib/python3.10/dist-packages/airflow/example_dags/example_branch_operator.py
[2023-10-28T08:39:40.156+0000] {processor.py:809} INFO - DAG(s) dict_keys(['example_branch_operator']) retrieved from /usr/local/lib/python3.10/dist-packages/airflow/example_dags/example_branch_operator.py
[2023-10-28T08:39:40.242+0000] {logging_mixin.py:149} INFO - [2023-10-28T08:39:40.242+0000] {dag.py:2726} INFO - Sync 1 DAGs
[2023-10-28T08:39:40.319+0000] {logging_mixin.py:149} INFO - [2023-10-28T08:39:40.319+0000] {dag.py:3486} INFO - Setting next_dagrun for example_branch_operator to 2023-10-27T00:00:00+00:00, run_after=2023-10-28T00:00:00+00:00
[2023-10-28T08:39:40.421+0000] {processor.py:178} INFO - Processing /usr/local/lib/python3.10/dist-packages/airflow/example_dags/example_branch_operator.py took 0.299 seconds
