[2023-10-28T07:57:48.719+0000] {processor.py:156} INFO - Started process (PID=1491618) to work on /usr/local/lib/python3.10/dist-packages/airflow/example_dags/example_external_task_marker_dag.py
[2023-10-28T07:57:48.721+0000] {processor.py:799} INFO - Processing file /usr/local/lib/python3.10/dist-packages/airflow/example_dags/example_external_task_marker_dag.py for tasks to queue
[2023-10-28T07:57:48.723+0000] {logging_mixin.py:149} INFO - [2023-10-28T07:57:48.723+0000] {dagbag.py:541} INFO - Filling up the DagBag from /usr/local/lib/python3.10/dist-packages/airflow/example_dags/example_external_task_marker_dag.py
[2023-10-28T07:57:48.738+0000] {processor.py:809} INFO - DAG(s) dict_keys(['example_external_task_marker_parent', 'example_external_task_marker_child']) retrieved from /usr/local/lib/python3.10/dist-packages/airflow/example_dags/example_external_task_marker_dag.py
[2023-10-28T07:57:49.256+0000] {logging_mixin.py:149} INFO - [2023-10-28T07:57:49.255+0000] {manager.py:504} INFO - Created Permission View: can read on DAG:example_external_task_marker_parent
[2023-10-28T07:57:49.285+0000] {logging_mixin.py:149} INFO - [2023-10-28T07:57:49.284+0000] {manager.py:504} INFO - Created Permission View: can edit on DAG:example_external_task_marker_parent
[2023-10-28T07:57:49.309+0000] {logging_mixin.py:149} INFO - [2023-10-28T07:57:49.308+0000] {manager.py:504} INFO - Created Permission View: can delete on DAG:example_external_task_marker_parent
[2023-10-28T07:57:49.360+0000] {logging_mixin.py:149} INFO - [2023-10-28T07:57:49.359+0000] {manager.py:504} INFO - Created Permission View: can read on DAG:example_external_task_marker_child
[2023-10-28T07:57:49.386+0000] {logging_mixin.py:149} INFO - [2023-10-28T07:57:49.385+0000] {manager.py:504} INFO - Created Permission View: can edit on DAG:example_external_task_marker_child
[2023-10-28T07:57:49.409+0000] {logging_mixin.py:149} INFO - [2023-10-28T07:57:49.408+0000] {manager.py:504} INFO - Created Permission View: can delete on DAG:example_external_task_marker_child
[2023-10-28T07:57:49.410+0000] {logging_mixin.py:149} INFO - [2023-10-28T07:57:49.409+0000] {dag.py:2726} INFO - Sync 2 DAGs
[2023-10-28T07:57:49.442+0000] {logging_mixin.py:149} INFO - [2023-10-28T07:57:49.442+0000] {dag.py:2747} INFO - Creating ORM DAG for example_external_task_marker_child
[2023-10-28T07:57:49.444+0000] {logging_mixin.py:149} INFO - [2023-10-28T07:57:49.443+0000] {dag.py:2747} INFO - Creating ORM DAG for example_external_task_marker_parent
[2023-10-28T07:57:49.468+0000] {logging_mixin.py:149} INFO - [2023-10-28T07:57:49.467+0000] {dag.py:3486} INFO - Setting next_dagrun for example_external_task_marker_child to None, run_after=None
[2023-10-28T07:57:49.469+0000] {logging_mixin.py:149} INFO - [2023-10-28T07:57:49.469+0000] {dag.py:3486} INFO - Setting next_dagrun for example_external_task_marker_parent to None, run_after=None
[2023-10-28T07:57:49.559+0000] {processor.py:178} INFO - Processing /usr/local/lib/python3.10/dist-packages/airflow/example_dags/example_external_task_marker_dag.py took 0.848 seconds
[2023-10-28T07:59:06.338+0000] {processor.py:156} INFO - Started process (PID=1492218) to work on /usr/local/lib/python3.10/dist-packages/airflow/example_dags/example_external_task_marker_dag.py
[2023-10-28T07:59:06.373+0000] {processor.py:799} INFO - Processing file /usr/local/lib/python3.10/dist-packages/airflow/example_dags/example_external_task_marker_dag.py for tasks to queue
[2023-10-28T07:59:06.375+0000] {logging_mixin.py:149} INFO - [2023-10-28T07:59:06.375+0000] {dagbag.py:541} INFO - Filling up the DagBag from /usr/local/lib/python3.10/dist-packages/airflow/example_dags/example_external_task_marker_dag.py
[2023-10-28T07:59:06.391+0000] {processor.py:809} INFO - DAG(s) dict_keys(['example_external_task_marker_child', 'example_external_task_marker_parent']) retrieved from /usr/local/lib/python3.10/dist-packages/airflow/example_dags/example_external_task_marker_dag.py
[2023-10-28T07:59:06.453+0000] {logging_mixin.py:149} INFO - [2023-10-28T07:59:06.452+0000] {dag.py:2726} INFO - Sync 2 DAGs
[2023-10-28T07:59:06.509+0000] {logging_mixin.py:149} INFO - [2023-10-28T07:59:06.508+0000] {dag.py:3486} INFO - Setting next_dagrun for example_external_task_marker_child to None, run_after=None
[2023-10-28T07:59:06.518+0000] {logging_mixin.py:149} INFO - [2023-10-28T07:59:06.518+0000] {dag.py:3486} INFO - Setting next_dagrun for example_external_task_marker_parent to None, run_after=None
[2023-10-28T07:59:06.609+0000] {processor.py:178} INFO - Processing /usr/local/lib/python3.10/dist-packages/airflow/example_dags/example_external_task_marker_dag.py took 0.278 seconds
[2023-10-28T08:00:01.771+0000] {processor.py:156} INFO - Started process (PID=1492570) to work on /usr/local/lib/python3.10/dist-packages/airflow/example_dags/example_external_task_marker_dag.py
[2023-10-28T08:00:01.812+0000] {processor.py:799} INFO - Processing file /usr/local/lib/python3.10/dist-packages/airflow/example_dags/example_external_task_marker_dag.py for tasks to queue
[2023-10-28T08:00:01.814+0000] {logging_mixin.py:149} INFO - [2023-10-28T08:00:01.813+0000] {dagbag.py:541} INFO - Filling up the DagBag from /usr/local/lib/python3.10/dist-packages/airflow/example_dags/example_external_task_marker_dag.py
[2023-10-28T08:00:01.829+0000] {processor.py:809} INFO - DAG(s) dict_keys(['example_external_task_marker_child', 'example_external_task_marker_parent']) retrieved from /usr/local/lib/python3.10/dist-packages/airflow/example_dags/example_external_task_marker_dag.py
[2023-10-28T08:00:01.887+0000] {logging_mixin.py:149} INFO - [2023-10-28T08:00:01.887+0000] {dag.py:2726} INFO - Sync 2 DAGs
[2023-10-28T08:00:01.943+0000] {logging_mixin.py:149} INFO - [2023-10-28T08:00:01.943+0000] {dag.py:3486} INFO - Setting next_dagrun for example_external_task_marker_child to None, run_after=None
[2023-10-28T08:00:01.952+0000] {logging_mixin.py:149} INFO - [2023-10-28T08:00:01.952+0000] {dag.py:3486} INFO - Setting next_dagrun for example_external_task_marker_parent to None, run_after=None
[2023-10-28T08:00:02.038+0000] {processor.py:178} INFO - Processing /usr/local/lib/python3.10/dist-packages/airflow/example_dags/example_external_task_marker_dag.py took 0.274 seconds
[2023-10-28T08:15:28.430+0000] {processor.py:156} INFO - Started process (PID=1498023) to work on /usr/local/lib/python3.10/dist-packages/airflow/example_dags/example_external_task_marker_dag.py
[2023-10-28T08:15:28.468+0000] {processor.py:799} INFO - Processing file /usr/local/lib/python3.10/dist-packages/airflow/example_dags/example_external_task_marker_dag.py for tasks to queue
[2023-10-28T08:15:28.470+0000] {logging_mixin.py:149} INFO - [2023-10-28T08:15:28.470+0000] {dagbag.py:541} INFO - Filling up the DagBag from /usr/local/lib/python3.10/dist-packages/airflow/example_dags/example_external_task_marker_dag.py
[2023-10-28T08:15:28.483+0000] {processor.py:809} INFO - DAG(s) dict_keys(['example_external_task_marker_child', 'example_external_task_marker_parent']) retrieved from /usr/local/lib/python3.10/dist-packages/airflow/example_dags/example_external_task_marker_dag.py
[2023-10-28T08:15:29.067+0000] {logging_mixin.py:149} INFO - [2023-10-28T08:15:29.066+0000] {manager.py:504} INFO - Created Permission View: can read on DAG:example_external_task_marker_child
[2023-10-28T08:15:29.095+0000] {logging_mixin.py:149} INFO - [2023-10-28T08:15:29.095+0000] {manager.py:504} INFO - Created Permission View: can delete on DAG:example_external_task_marker_child
[2023-10-28T08:15:29.120+0000] {logging_mixin.py:149} INFO - [2023-10-28T08:15:29.119+0000] {manager.py:504} INFO - Created Permission View: can edit on DAG:example_external_task_marker_child
[2023-10-28T08:15:29.166+0000] {logging_mixin.py:149} INFO - [2023-10-28T08:15:29.166+0000] {manager.py:504} INFO - Created Permission View: can read on DAG:example_external_task_marker_parent
[2023-10-28T08:15:29.191+0000] {logging_mixin.py:149} INFO - [2023-10-28T08:15:29.190+0000] {manager.py:504} INFO - Created Permission View: can delete on DAG:example_external_task_marker_parent
[2023-10-28T08:15:29.216+0000] {logging_mixin.py:149} INFO - [2023-10-28T08:15:29.215+0000] {manager.py:504} INFO - Created Permission View: can edit on DAG:example_external_task_marker_parent
[2023-10-28T08:15:29.217+0000] {logging_mixin.py:149} INFO - [2023-10-28T08:15:29.216+0000] {dag.py:2726} INFO - Sync 2 DAGs
[2023-10-28T08:15:29.251+0000] {logging_mixin.py:149} INFO - [2023-10-28T08:15:29.251+0000] {dag.py:2747} INFO - Creating ORM DAG for example_external_task_marker_parent
[2023-10-28T08:15:29.253+0000] {logging_mixin.py:149} INFO - [2023-10-28T08:15:29.253+0000] {dag.py:2747} INFO - Creating ORM DAG for example_external_task_marker_child
[2023-10-28T08:15:29.286+0000] {logging_mixin.py:149} INFO - [2023-10-28T08:15:29.286+0000] {dag.py:3486} INFO - Setting next_dagrun for example_external_task_marker_child to None, run_after=None
[2023-10-28T08:15:29.288+0000] {logging_mixin.py:149} INFO - [2023-10-28T08:15:29.288+0000] {dag.py:3486} INFO - Setting next_dagrun for example_external_task_marker_parent to None, run_after=None
[2023-10-28T08:15:29.388+0000] {processor.py:178} INFO - Processing /usr/local/lib/python3.10/dist-packages/airflow/example_dags/example_external_task_marker_dag.py took 0.965 seconds
[2023-10-28T08:15:59.621+0000] {processor.py:156} INFO - Started process (PID=1498722) to work on /usr/local/lib/python3.10/dist-packages/airflow/example_dags/example_external_task_marker_dag.py
[2023-10-28T08:15:59.646+0000] {processor.py:799} INFO - Processing file /usr/local/lib/python3.10/dist-packages/airflow/example_dags/example_external_task_marker_dag.py for tasks to queue
[2023-10-28T08:15:59.648+0000] {logging_mixin.py:149} INFO - [2023-10-28T08:15:59.648+0000] {dagbag.py:541} INFO - Filling up the DagBag from /usr/local/lib/python3.10/dist-packages/airflow/example_dags/example_external_task_marker_dag.py
[2023-10-28T08:15:59.663+0000] {processor.py:809} INFO - DAG(s) dict_keys(['example_external_task_marker_child', 'example_external_task_marker_parent']) retrieved from /usr/local/lib/python3.10/dist-packages/airflow/example_dags/example_external_task_marker_dag.py
[2023-10-28T08:15:59.755+0000] {logging_mixin.py:149} INFO - [2023-10-28T08:15:59.755+0000] {dag.py:2726} INFO - Sync 2 DAGs
[2023-10-28T08:15:59.833+0000] {logging_mixin.py:149} INFO - [2023-10-28T08:15:59.833+0000] {dag.py:3486} INFO - Setting next_dagrun for example_external_task_marker_child to None, run_after=None
[2023-10-28T08:15:59.846+0000] {logging_mixin.py:149} INFO - [2023-10-28T08:15:59.846+0000] {dag.py:3486} INFO - Setting next_dagrun for example_external_task_marker_parent to None, run_after=None
[2023-10-28T08:15:59.933+0000] {processor.py:178} INFO - Processing /usr/local/lib/python3.10/dist-packages/airflow/example_dags/example_external_task_marker_dag.py took 0.319 seconds
[2023-10-28T08:16:30.290+0000] {processor.py:156} INFO - Started process (PID=1500077) to work on /usr/local/lib/python3.10/dist-packages/airflow/example_dags/example_external_task_marker_dag.py
[2023-10-28T08:16:30.320+0000] {processor.py:799} INFO - Processing file /usr/local/lib/python3.10/dist-packages/airflow/example_dags/example_external_task_marker_dag.py for tasks to queue
[2023-10-28T08:16:30.322+0000] {logging_mixin.py:149} INFO - [2023-10-28T08:16:30.322+0000] {dagbag.py:541} INFO - Filling up the DagBag from /usr/local/lib/python3.10/dist-packages/airflow/example_dags/example_external_task_marker_dag.py
[2023-10-28T08:16:30.338+0000] {processor.py:809} INFO - DAG(s) dict_keys(['example_external_task_marker_parent', 'example_external_task_marker_child']) retrieved from /usr/local/lib/python3.10/dist-packages/airflow/example_dags/example_external_task_marker_dag.py
[2023-10-28T08:16:30.435+0000] {logging_mixin.py:149} INFO - [2023-10-28T08:16:30.434+0000] {dag.py:2726} INFO - Sync 2 DAGs
[2023-10-28T08:16:30.514+0000] {logging_mixin.py:149} INFO - [2023-10-28T08:16:30.514+0000] {dag.py:3486} INFO - Setting next_dagrun for example_external_task_marker_child to None, run_after=None
[2023-10-28T08:16:30.526+0000] {logging_mixin.py:149} INFO - [2023-10-28T08:16:30.526+0000] {dag.py:3486} INFO - Setting next_dagrun for example_external_task_marker_parent to None, run_after=None
[2023-10-28T08:16:30.591+0000] {processor.py:178} INFO - Processing /usr/local/lib/python3.10/dist-packages/airflow/example_dags/example_external_task_marker_dag.py took 0.308 seconds
[2023-10-28T08:17:00.904+0000] {processor.py:156} INFO - Started process (PID=1500733) to work on /usr/local/lib/python3.10/dist-packages/airflow/example_dags/example_external_task_marker_dag.py
[2023-10-28T08:17:00.905+0000] {processor.py:799} INFO - Processing file /usr/local/lib/python3.10/dist-packages/airflow/example_dags/example_external_task_marker_dag.py for tasks to queue
[2023-10-28T08:17:00.907+0000] {logging_mixin.py:149} INFO - [2023-10-28T08:17:00.907+0000] {dagbag.py:541} INFO - Filling up the DagBag from /usr/local/lib/python3.10/dist-packages/airflow/example_dags/example_external_task_marker_dag.py
[2023-10-28T08:17:00.921+0000] {processor.py:809} INFO - DAG(s) dict_keys(['example_external_task_marker_child', 'example_external_task_marker_parent']) retrieved from /usr/local/lib/python3.10/dist-packages/airflow/example_dags/example_external_task_marker_dag.py
[2023-10-28T08:17:01.010+0000] {logging_mixin.py:149} INFO - [2023-10-28T08:17:01.009+0000] {dag.py:2726} INFO - Sync 2 DAGs
[2023-10-28T08:17:01.082+0000] {logging_mixin.py:149} INFO - [2023-10-28T08:17:01.082+0000] {dag.py:3486} INFO - Setting next_dagrun for example_external_task_marker_child to None, run_after=None
[2023-10-28T08:17:01.098+0000] {logging_mixin.py:149} INFO - [2023-10-28T08:17:01.097+0000] {dag.py:3486} INFO - Setting next_dagrun for example_external_task_marker_parent to None, run_after=None
[2023-10-28T08:17:01.155+0000] {processor.py:178} INFO - Processing /usr/local/lib/python3.10/dist-packages/airflow/example_dags/example_external_task_marker_dag.py took 0.258 seconds
[2023-10-28T08:17:31.632+0000] {processor.py:156} INFO - Started process (PID=1501191) to work on /usr/local/lib/python3.10/dist-packages/airflow/example_dags/example_external_task_marker_dag.py
[2023-10-28T08:17:31.657+0000] {processor.py:799} INFO - Processing file /usr/local/lib/python3.10/dist-packages/airflow/example_dags/example_external_task_marker_dag.py for tasks to queue
[2023-10-28T08:17:31.660+0000] {logging_mixin.py:149} INFO - [2023-10-28T08:17:31.659+0000] {dagbag.py:541} INFO - Filling up the DagBag from /usr/local/lib/python3.10/dist-packages/airflow/example_dags/example_external_task_marker_dag.py
[2023-10-28T08:17:31.676+0000] {processor.py:809} INFO - DAG(s) dict_keys(['example_external_task_marker_parent', 'example_external_task_marker_child']) retrieved from /usr/local/lib/python3.10/dist-packages/airflow/example_dags/example_external_task_marker_dag.py
[2023-10-28T08:17:31.766+0000] {logging_mixin.py:149} INFO - [2023-10-28T08:17:31.766+0000] {dag.py:2726} INFO - Sync 2 DAGs
[2023-10-28T08:17:31.842+0000] {logging_mixin.py:149} INFO - [2023-10-28T08:17:31.841+0000] {dag.py:3486} INFO - Setting next_dagrun for example_external_task_marker_child to None, run_after=None
[2023-10-28T08:17:31.854+0000] {logging_mixin.py:149} INFO - [2023-10-28T08:17:31.853+0000] {dag.py:3486} INFO - Setting next_dagrun for example_external_task_marker_parent to None, run_after=None
[2023-10-28T08:17:31.919+0000] {processor.py:178} INFO - Processing /usr/local/lib/python3.10/dist-packages/airflow/example_dags/example_external_task_marker_dag.py took 0.294 seconds
[2023-10-28T08:18:02.224+0000] {processor.py:156} INFO - Started process (PID=1501565) to work on /usr/local/lib/python3.10/dist-packages/airflow/example_dags/example_external_task_marker_dag.py
[2023-10-28T08:18:02.248+0000] {processor.py:799} INFO - Processing file /usr/local/lib/python3.10/dist-packages/airflow/example_dags/example_external_task_marker_dag.py for tasks to queue
[2023-10-28T08:18:02.250+0000] {logging_mixin.py:149} INFO - [2023-10-28T08:18:02.250+0000] {dagbag.py:541} INFO - Filling up the DagBag from /usr/local/lib/python3.10/dist-packages/airflow/example_dags/example_external_task_marker_dag.py
[2023-10-28T08:18:02.267+0000] {processor.py:809} INFO - DAG(s) dict_keys(['example_external_task_marker_parent', 'example_external_task_marker_child']) retrieved from /usr/local/lib/python3.10/dist-packages/airflow/example_dags/example_external_task_marker_dag.py
[2023-10-28T08:18:02.383+0000] {logging_mixin.py:149} INFO - [2023-10-28T08:18:02.382+0000] {dag.py:2726} INFO - Sync 2 DAGs
[2023-10-28T08:18:02.469+0000] {logging_mixin.py:149} INFO - [2023-10-28T08:18:02.469+0000] {dag.py:3486} INFO - Setting next_dagrun for example_external_task_marker_child to None, run_after=None
[2023-10-28T08:18:02.481+0000] {logging_mixin.py:149} INFO - [2023-10-28T08:18:02.480+0000] {dag.py:3486} INFO - Setting next_dagrun for example_external_task_marker_parent to None, run_after=None
[2023-10-28T08:18:02.543+0000] {processor.py:178} INFO - Processing /usr/local/lib/python3.10/dist-packages/airflow/example_dags/example_external_task_marker_dag.py took 0.328 seconds
[2023-10-28T08:18:33.152+0000] {processor.py:156} INFO - Started process (PID=1501927) to work on /usr/local/lib/python3.10/dist-packages/airflow/example_dags/example_external_task_marker_dag.py
[2023-10-28T08:18:33.173+0000] {processor.py:799} INFO - Processing file /usr/local/lib/python3.10/dist-packages/airflow/example_dags/example_external_task_marker_dag.py for tasks to queue
[2023-10-28T08:18:33.175+0000] {logging_mixin.py:149} INFO - [2023-10-28T08:18:33.174+0000] {dagbag.py:541} INFO - Filling up the DagBag from /usr/local/lib/python3.10/dist-packages/airflow/example_dags/example_external_task_marker_dag.py
[2023-10-28T08:18:33.189+0000] {processor.py:809} INFO - DAG(s) dict_keys(['example_external_task_marker_parent', 'example_external_task_marker_child']) retrieved from /usr/local/lib/python3.10/dist-packages/airflow/example_dags/example_external_task_marker_dag.py
[2023-10-28T08:18:33.282+0000] {logging_mixin.py:149} INFO - [2023-10-28T08:18:33.281+0000] {dag.py:2726} INFO - Sync 2 DAGs
[2023-10-28T08:18:33.360+0000] {logging_mixin.py:149} INFO - [2023-10-28T08:18:33.360+0000] {dag.py:3486} INFO - Setting next_dagrun for example_external_task_marker_child to None, run_after=None
[2023-10-28T08:18:33.375+0000] {logging_mixin.py:149} INFO - [2023-10-28T08:18:33.374+0000] {dag.py:3486} INFO - Setting next_dagrun for example_external_task_marker_parent to None, run_after=None
[2023-10-28T08:18:33.461+0000] {processor.py:178} INFO - Processing /usr/local/lib/python3.10/dist-packages/airflow/example_dags/example_external_task_marker_dag.py took 0.316 seconds
[2023-10-28T08:19:03.831+0000] {processor.py:156} INFO - Started process (PID=1502308) to work on /usr/local/lib/python3.10/dist-packages/airflow/example_dags/example_external_task_marker_dag.py
[2023-10-28T08:19:03.871+0000] {processor.py:799} INFO - Processing file /usr/local/lib/python3.10/dist-packages/airflow/example_dags/example_external_task_marker_dag.py for tasks to queue
[2023-10-28T08:19:03.873+0000] {logging_mixin.py:149} INFO - [2023-10-28T08:19:03.873+0000] {dagbag.py:541} INFO - Filling up the DagBag from /usr/local/lib/python3.10/dist-packages/airflow/example_dags/example_external_task_marker_dag.py
[2023-10-28T08:19:03.892+0000] {processor.py:809} INFO - DAG(s) dict_keys(['example_external_task_marker_child', 'example_external_task_marker_parent']) retrieved from /usr/local/lib/python3.10/dist-packages/airflow/example_dags/example_external_task_marker_dag.py
[2023-10-28T08:19:03.983+0000] {logging_mixin.py:149} INFO - [2023-10-28T08:19:03.983+0000] {dag.py:2726} INFO - Sync 2 DAGs
[2023-10-28T08:19:04.068+0000] {logging_mixin.py:149} INFO - [2023-10-28T08:19:04.067+0000] {dag.py:3486} INFO - Setting next_dagrun for example_external_task_marker_child to None, run_after=None
[2023-10-28T08:19:04.081+0000] {logging_mixin.py:149} INFO - [2023-10-28T08:19:04.080+0000] {dag.py:3486} INFO - Setting next_dagrun for example_external_task_marker_parent to None, run_after=None
[2023-10-28T08:19:04.154+0000] {processor.py:178} INFO - Processing /usr/local/lib/python3.10/dist-packages/airflow/example_dags/example_external_task_marker_dag.py took 0.330 seconds
[2023-10-28T08:19:34.772+0000] {processor.py:156} INFO - Started process (PID=1502677) to work on /usr/local/lib/python3.10/dist-packages/airflow/example_dags/example_external_task_marker_dag.py
[2023-10-28T08:19:34.795+0000] {processor.py:799} INFO - Processing file /usr/local/lib/python3.10/dist-packages/airflow/example_dags/example_external_task_marker_dag.py for tasks to queue
[2023-10-28T08:19:34.797+0000] {logging_mixin.py:149} INFO - [2023-10-28T08:19:34.797+0000] {dagbag.py:541} INFO - Filling up the DagBag from /usr/local/lib/python3.10/dist-packages/airflow/example_dags/example_external_task_marker_dag.py
[2023-10-28T08:19:34.812+0000] {processor.py:809} INFO - DAG(s) dict_keys(['example_external_task_marker_parent', 'example_external_task_marker_child']) retrieved from /usr/local/lib/python3.10/dist-packages/airflow/example_dags/example_external_task_marker_dag.py
[2023-10-28T08:19:34.906+0000] {logging_mixin.py:149} INFO - [2023-10-28T08:19:34.906+0000] {dag.py:2726} INFO - Sync 2 DAGs
[2023-10-28T08:19:34.986+0000] {logging_mixin.py:149} INFO - [2023-10-28T08:19:34.986+0000] {dag.py:3486} INFO - Setting next_dagrun for example_external_task_marker_child to None, run_after=None
[2023-10-28T08:19:35.000+0000] {logging_mixin.py:149} INFO - [2023-10-28T08:19:34.999+0000] {dag.py:3486} INFO - Setting next_dagrun for example_external_task_marker_parent to None, run_after=None
[2023-10-28T08:19:35.083+0000] {processor.py:178} INFO - Processing /usr/local/lib/python3.10/dist-packages/airflow/example_dags/example_external_task_marker_dag.py took 0.318 seconds
[2023-10-28T08:20:05.691+0000] {processor.py:156} INFO - Started process (PID=1503061) to work on /usr/local/lib/python3.10/dist-packages/airflow/example_dags/example_external_task_marker_dag.py
[2023-10-28T08:20:05.719+0000] {processor.py:799} INFO - Processing file /usr/local/lib/python3.10/dist-packages/airflow/example_dags/example_external_task_marker_dag.py for tasks to queue
[2023-10-28T08:20:05.720+0000] {logging_mixin.py:149} INFO - [2023-10-28T08:20:05.720+0000] {dagbag.py:541} INFO - Filling up the DagBag from /usr/local/lib/python3.10/dist-packages/airflow/example_dags/example_external_task_marker_dag.py
[2023-10-28T08:20:05.734+0000] {processor.py:809} INFO - DAG(s) dict_keys(['example_external_task_marker_child', 'example_external_task_marker_parent']) retrieved from /usr/local/lib/python3.10/dist-packages/airflow/example_dags/example_external_task_marker_dag.py
[2023-10-28T08:20:05.824+0000] {logging_mixin.py:149} INFO - [2023-10-28T08:20:05.824+0000] {dag.py:2726} INFO - Sync 2 DAGs
[2023-10-28T08:20:05.905+0000] {logging_mixin.py:149} INFO - [2023-10-28T08:20:05.905+0000] {dag.py:3486} INFO - Setting next_dagrun for example_external_task_marker_child to None, run_after=None
[2023-10-28T08:20:05.916+0000] {logging_mixin.py:149} INFO - [2023-10-28T08:20:05.916+0000] {dag.py:3486} INFO - Setting next_dagrun for example_external_task_marker_parent to None, run_after=None
[2023-10-28T08:20:05.995+0000] {processor.py:178} INFO - Processing /usr/local/lib/python3.10/dist-packages/airflow/example_dags/example_external_task_marker_dag.py took 0.311 seconds
[2023-10-28T08:20:36.411+0000] {processor.py:156} INFO - Started process (PID=1503546) to work on /usr/local/lib/python3.10/dist-packages/airflow/example_dags/example_external_task_marker_dag.py
[2023-10-28T08:20:36.441+0000] {processor.py:799} INFO - Processing file /usr/local/lib/python3.10/dist-packages/airflow/example_dags/example_external_task_marker_dag.py for tasks to queue
[2023-10-28T08:20:36.443+0000] {logging_mixin.py:149} INFO - [2023-10-28T08:20:36.442+0000] {dagbag.py:541} INFO - Filling up the DagBag from /usr/local/lib/python3.10/dist-packages/airflow/example_dags/example_external_task_marker_dag.py
[2023-10-28T08:20:36.458+0000] {processor.py:809} INFO - DAG(s) dict_keys(['example_external_task_marker_parent', 'example_external_task_marker_child']) retrieved from /usr/local/lib/python3.10/dist-packages/airflow/example_dags/example_external_task_marker_dag.py
[2023-10-28T08:20:36.545+0000] {logging_mixin.py:149} INFO - [2023-10-28T08:20:36.545+0000] {dag.py:2726} INFO - Sync 2 DAGs
[2023-10-28T08:20:36.619+0000] {logging_mixin.py:149} INFO - [2023-10-28T08:20:36.618+0000] {dag.py:3486} INFO - Setting next_dagrun for example_external_task_marker_child to None, run_after=None
[2023-10-28T08:20:36.630+0000] {logging_mixin.py:149} INFO - [2023-10-28T08:20:36.629+0000] {dag.py:3486} INFO - Setting next_dagrun for example_external_task_marker_parent to None, run_after=None
[2023-10-28T08:20:36.702+0000] {processor.py:178} INFO - Processing /usr/local/lib/python3.10/dist-packages/airflow/example_dags/example_external_task_marker_dag.py took 0.298 seconds
[2023-10-28T08:21:07.100+0000] {processor.py:156} INFO - Started process (PID=1504001) to work on /usr/local/lib/python3.10/dist-packages/airflow/example_dags/example_external_task_marker_dag.py
[2023-10-28T08:21:07.102+0000] {processor.py:799} INFO - Processing file /usr/local/lib/python3.10/dist-packages/airflow/example_dags/example_external_task_marker_dag.py for tasks to queue
[2023-10-28T08:21:07.104+0000] {logging_mixin.py:149} INFO - [2023-10-28T08:21:07.103+0000] {dagbag.py:541} INFO - Filling up the DagBag from /usr/local/lib/python3.10/dist-packages/airflow/example_dags/example_external_task_marker_dag.py
[2023-10-28T08:21:07.119+0000] {processor.py:809} INFO - DAG(s) dict_keys(['example_external_task_marker_parent', 'example_external_task_marker_child']) retrieved from /usr/local/lib/python3.10/dist-packages/airflow/example_dags/example_external_task_marker_dag.py
[2023-10-28T08:21:07.215+0000] {logging_mixin.py:149} INFO - [2023-10-28T08:21:07.215+0000] {dag.py:2726} INFO - Sync 2 DAGs
[2023-10-28T08:21:07.292+0000] {logging_mixin.py:149} INFO - [2023-10-28T08:21:07.291+0000] {dag.py:3486} INFO - Setting next_dagrun for example_external_task_marker_child to None, run_after=None
[2023-10-28T08:21:07.304+0000] {logging_mixin.py:149} INFO - [2023-10-28T08:21:07.303+0000] {dag.py:3486} INFO - Setting next_dagrun for example_external_task_marker_parent to None, run_after=None
[2023-10-28T08:21:07.383+0000] {processor.py:178} INFO - Processing /usr/local/lib/python3.10/dist-packages/airflow/example_dags/example_external_task_marker_dag.py took 0.291 seconds
[2023-10-28T08:21:37.809+0000] {processor.py:156} INFO - Started process (PID=1504707) to work on /usr/local/lib/python3.10/dist-packages/airflow/example_dags/example_external_task_marker_dag.py
[2023-10-28T08:21:37.811+0000] {processor.py:799} INFO - Processing file /usr/local/lib/python3.10/dist-packages/airflow/example_dags/example_external_task_marker_dag.py for tasks to queue
[2023-10-28T08:21:37.813+0000] {logging_mixin.py:149} INFO - [2023-10-28T08:21:37.812+0000] {dagbag.py:541} INFO - Filling up the DagBag from /usr/local/lib/python3.10/dist-packages/airflow/example_dags/example_external_task_marker_dag.py
[2023-10-28T08:21:37.826+0000] {processor.py:809} INFO - DAG(s) dict_keys(['example_external_task_marker_parent', 'example_external_task_marker_child']) retrieved from /usr/local/lib/python3.10/dist-packages/airflow/example_dags/example_external_task_marker_dag.py
[2023-10-28T08:21:37.918+0000] {logging_mixin.py:149} INFO - [2023-10-28T08:21:37.918+0000] {dag.py:2726} INFO - Sync 2 DAGs
[2023-10-28T08:21:37.995+0000] {logging_mixin.py:149} INFO - [2023-10-28T08:21:37.995+0000] {dag.py:3486} INFO - Setting next_dagrun for example_external_task_marker_child to None, run_after=None
[2023-10-28T08:21:38.006+0000] {logging_mixin.py:149} INFO - [2023-10-28T08:21:38.006+0000] {dag.py:3486} INFO - Setting next_dagrun for example_external_task_marker_parent to None, run_after=None
[2023-10-28T08:21:38.073+0000] {processor.py:178} INFO - Processing /usr/local/lib/python3.10/dist-packages/airflow/example_dags/example_external_task_marker_dag.py took 0.271 seconds
[2023-10-28T08:22:08.405+0000] {processor.py:156} INFO - Started process (PID=1505458) to work on /usr/local/lib/python3.10/dist-packages/airflow/example_dags/example_external_task_marker_dag.py
[2023-10-28T08:22:08.425+0000] {processor.py:799} INFO - Processing file /usr/local/lib/python3.10/dist-packages/airflow/example_dags/example_external_task_marker_dag.py for tasks to queue
[2023-10-28T08:22:08.427+0000] {logging_mixin.py:149} INFO - [2023-10-28T08:22:08.427+0000] {dagbag.py:541} INFO - Filling up the DagBag from /usr/local/lib/python3.10/dist-packages/airflow/example_dags/example_external_task_marker_dag.py
[2023-10-28T08:22:08.440+0000] {processor.py:809} INFO - DAG(s) dict_keys(['example_external_task_marker_parent', 'example_external_task_marker_child']) retrieved from /usr/local/lib/python3.10/dist-packages/airflow/example_dags/example_external_task_marker_dag.py
[2023-10-28T08:22:08.530+0000] {logging_mixin.py:149} INFO - [2023-10-28T08:22:08.529+0000] {dag.py:2726} INFO - Sync 2 DAGs
[2023-10-28T08:22:08.605+0000] {logging_mixin.py:149} INFO - [2023-10-28T08:22:08.605+0000] {dag.py:3486} INFO - Setting next_dagrun for example_external_task_marker_child to None, run_after=None
[2023-10-28T08:22:08.616+0000] {logging_mixin.py:149} INFO - [2023-10-28T08:22:08.616+0000] {dag.py:3486} INFO - Setting next_dagrun for example_external_task_marker_parent to None, run_after=None
[2023-10-28T08:22:08.687+0000] {processor.py:178} INFO - Processing /usr/local/lib/python3.10/dist-packages/airflow/example_dags/example_external_task_marker_dag.py took 0.289 seconds
[2023-10-28T08:22:38.962+0000] {processor.py:156} INFO - Started process (PID=1506024) to work on /usr/local/lib/python3.10/dist-packages/airflow/example_dags/example_external_task_marker_dag.py
[2023-10-28T08:22:38.963+0000] {processor.py:799} INFO - Processing file /usr/local/lib/python3.10/dist-packages/airflow/example_dags/example_external_task_marker_dag.py for tasks to queue
[2023-10-28T08:22:38.965+0000] {logging_mixin.py:149} INFO - [2023-10-28T08:22:38.965+0000] {dagbag.py:541} INFO - Filling up the DagBag from /usr/local/lib/python3.10/dist-packages/airflow/example_dags/example_external_task_marker_dag.py
[2023-10-28T08:22:38.980+0000] {processor.py:809} INFO - DAG(s) dict_keys(['example_external_task_marker_child', 'example_external_task_marker_parent']) retrieved from /usr/local/lib/python3.10/dist-packages/airflow/example_dags/example_external_task_marker_dag.py
[2023-10-28T08:22:39.074+0000] {logging_mixin.py:149} INFO - [2023-10-28T08:22:39.074+0000] {dag.py:2726} INFO - Sync 2 DAGs
[2023-10-28T08:22:39.156+0000] {logging_mixin.py:149} INFO - [2023-10-28T08:22:39.155+0000] {dag.py:3486} INFO - Setting next_dagrun for example_external_task_marker_child to None, run_after=None
[2023-10-28T08:22:39.167+0000] {logging_mixin.py:149} INFO - [2023-10-28T08:22:39.167+0000] {dag.py:3486} INFO - Setting next_dagrun for example_external_task_marker_parent to None, run_after=None
[2023-10-28T08:22:39.231+0000] {processor.py:178} INFO - Processing /usr/local/lib/python3.10/dist-packages/airflow/example_dags/example_external_task_marker_dag.py took 0.276 seconds
[2023-10-28T08:23:09.835+0000] {processor.py:156} INFO - Started process (PID=1506441) to work on /usr/local/lib/python3.10/dist-packages/airflow/example_dags/example_external_task_marker_dag.py
[2023-10-28T08:23:09.836+0000] {processor.py:799} INFO - Processing file /usr/local/lib/python3.10/dist-packages/airflow/example_dags/example_external_task_marker_dag.py for tasks to queue
[2023-10-28T08:23:09.838+0000] {logging_mixin.py:149} INFO - [2023-10-28T08:23:09.838+0000] {dagbag.py:541} INFO - Filling up the DagBag from /usr/local/lib/python3.10/dist-packages/airflow/example_dags/example_external_task_marker_dag.py
[2023-10-28T08:23:09.853+0000] {processor.py:809} INFO - DAG(s) dict_keys(['example_external_task_marker_child', 'example_external_task_marker_parent']) retrieved from /usr/local/lib/python3.10/dist-packages/airflow/example_dags/example_external_task_marker_dag.py
[2023-10-28T08:23:09.950+0000] {logging_mixin.py:149} INFO - [2023-10-28T08:23:09.949+0000] {dag.py:2726} INFO - Sync 2 DAGs
[2023-10-28T08:23:10.033+0000] {logging_mixin.py:149} INFO - [2023-10-28T08:23:10.033+0000] {dag.py:3486} INFO - Setting next_dagrun for example_external_task_marker_child to None, run_after=None
[2023-10-28T08:23:10.046+0000] {logging_mixin.py:149} INFO - [2023-10-28T08:23:10.045+0000] {dag.py:3486} INFO - Setting next_dagrun for example_external_task_marker_parent to None, run_after=None
[2023-10-28T08:23:10.120+0000] {processor.py:178} INFO - Processing /usr/local/lib/python3.10/dist-packages/airflow/example_dags/example_external_task_marker_dag.py took 0.293 seconds
[2023-10-28T08:23:40.491+0000] {processor.py:156} INFO - Started process (PID=1506949) to work on /usr/local/lib/python3.10/dist-packages/airflow/example_dags/example_external_task_marker_dag.py
[2023-10-28T08:23:40.493+0000] {processor.py:799} INFO - Processing file /usr/local/lib/python3.10/dist-packages/airflow/example_dags/example_external_task_marker_dag.py for tasks to queue
[2023-10-28T08:23:40.494+0000] {logging_mixin.py:149} INFO - [2023-10-28T08:23:40.494+0000] {dagbag.py:541} INFO - Filling up the DagBag from /usr/local/lib/python3.10/dist-packages/airflow/example_dags/example_external_task_marker_dag.py
[2023-10-28T08:23:40.508+0000] {processor.py:809} INFO - DAG(s) dict_keys(['example_external_task_marker_child', 'example_external_task_marker_parent']) retrieved from /usr/local/lib/python3.10/dist-packages/airflow/example_dags/example_external_task_marker_dag.py
[2023-10-28T08:23:40.599+0000] {logging_mixin.py:149} INFO - [2023-10-28T08:23:40.599+0000] {dag.py:2726} INFO - Sync 2 DAGs
[2023-10-28T08:23:40.673+0000] {logging_mixin.py:149} INFO - [2023-10-28T08:23:40.672+0000] {dag.py:3486} INFO - Setting next_dagrun for example_external_task_marker_child to None, run_after=None
[2023-10-28T08:23:40.684+0000] {logging_mixin.py:149} INFO - [2023-10-28T08:23:40.684+0000] {dag.py:3486} INFO - Setting next_dagrun for example_external_task_marker_parent to None, run_after=None
[2023-10-28T08:23:40.739+0000] {processor.py:178} INFO - Processing /usr/local/lib/python3.10/dist-packages/airflow/example_dags/example_external_task_marker_dag.py took 0.255 seconds
[2023-10-28T08:24:11.211+0000] {processor.py:156} INFO - Started process (PID=1507490) to work on /usr/local/lib/python3.10/dist-packages/airflow/example_dags/example_external_task_marker_dag.py
[2023-10-28T08:24:11.234+0000] {processor.py:799} INFO - Processing file /usr/local/lib/python3.10/dist-packages/airflow/example_dags/example_external_task_marker_dag.py for tasks to queue
[2023-10-28T08:24:11.236+0000] {logging_mixin.py:149} INFO - [2023-10-28T08:24:11.235+0000] {dagbag.py:541} INFO - Filling up the DagBag from /usr/local/lib/python3.10/dist-packages/airflow/example_dags/example_external_task_marker_dag.py
[2023-10-28T08:24:11.250+0000] {processor.py:809} INFO - DAG(s) dict_keys(['example_external_task_marker_child', 'example_external_task_marker_parent']) retrieved from /usr/local/lib/python3.10/dist-packages/airflow/example_dags/example_external_task_marker_dag.py
[2023-10-28T08:24:11.346+0000] {logging_mixin.py:149} INFO - [2023-10-28T08:24:11.346+0000] {dag.py:2726} INFO - Sync 2 DAGs
[2023-10-28T08:24:11.423+0000] {logging_mixin.py:149} INFO - [2023-10-28T08:24:11.422+0000] {dag.py:3486} INFO - Setting next_dagrun for example_external_task_marker_child to None, run_after=None
[2023-10-28T08:24:11.436+0000] {logging_mixin.py:149} INFO - [2023-10-28T08:24:11.436+0000] {dag.py:3486} INFO - Setting next_dagrun for example_external_task_marker_parent to None, run_after=None
[2023-10-28T08:24:11.518+0000] {processor.py:178} INFO - Processing /usr/local/lib/python3.10/dist-packages/airflow/example_dags/example_external_task_marker_dag.py took 0.314 seconds
[2023-10-28T08:24:41.724+0000] {processor.py:156} INFO - Started process (PID=1508054) to work on /usr/local/lib/python3.10/dist-packages/airflow/example_dags/example_external_task_marker_dag.py
[2023-10-28T08:24:41.746+0000] {processor.py:799} INFO - Processing file /usr/local/lib/python3.10/dist-packages/airflow/example_dags/example_external_task_marker_dag.py for tasks to queue
[2023-10-28T08:24:41.748+0000] {logging_mixin.py:149} INFO - [2023-10-28T08:24:41.747+0000] {dagbag.py:541} INFO - Filling up the DagBag from /usr/local/lib/python3.10/dist-packages/airflow/example_dags/example_external_task_marker_dag.py
[2023-10-28T08:24:41.761+0000] {processor.py:809} INFO - DAG(s) dict_keys(['example_external_task_marker_child', 'example_external_task_marker_parent']) retrieved from /usr/local/lib/python3.10/dist-packages/airflow/example_dags/example_external_task_marker_dag.py
[2023-10-28T08:24:41.848+0000] {logging_mixin.py:149} INFO - [2023-10-28T08:24:41.848+0000] {dag.py:2726} INFO - Sync 2 DAGs
[2023-10-28T08:24:41.921+0000] {logging_mixin.py:149} INFO - [2023-10-28T08:24:41.921+0000] {dag.py:3486} INFO - Setting next_dagrun for example_external_task_marker_child to None, run_after=None
[2023-10-28T08:24:41.933+0000] {logging_mixin.py:149} INFO - [2023-10-28T08:24:41.933+0000] {dag.py:3486} INFO - Setting next_dagrun for example_external_task_marker_parent to None, run_after=None
[2023-10-28T08:24:42.002+0000] {processor.py:178} INFO - Processing /usr/local/lib/python3.10/dist-packages/airflow/example_dags/example_external_task_marker_dag.py took 0.285 seconds
[2023-10-28T08:25:12.538+0000] {processor.py:156} INFO - Started process (PID=1508572) to work on /usr/local/lib/python3.10/dist-packages/airflow/example_dags/example_external_task_marker_dag.py
[2023-10-28T08:25:12.541+0000] {processor.py:799} INFO - Processing file /usr/local/lib/python3.10/dist-packages/airflow/example_dags/example_external_task_marker_dag.py for tasks to queue
[2023-10-28T08:25:12.543+0000] {logging_mixin.py:149} INFO - [2023-10-28T08:25:12.542+0000] {dagbag.py:541} INFO - Filling up the DagBag from /usr/local/lib/python3.10/dist-packages/airflow/example_dags/example_external_task_marker_dag.py
[2023-10-28T08:25:12.558+0000] {processor.py:809} INFO - DAG(s) dict_keys(['example_external_task_marker_parent', 'example_external_task_marker_child']) retrieved from /usr/local/lib/python3.10/dist-packages/airflow/example_dags/example_external_task_marker_dag.py
[2023-10-28T08:25:12.647+0000] {logging_mixin.py:149} INFO - [2023-10-28T08:25:12.646+0000] {dag.py:2726} INFO - Sync 2 DAGs
[2023-10-28T08:25:12.719+0000] {logging_mixin.py:149} INFO - [2023-10-28T08:25:12.718+0000] {dag.py:3486} INFO - Setting next_dagrun for example_external_task_marker_child to None, run_after=None
[2023-10-28T08:25:12.731+0000] {logging_mixin.py:149} INFO - [2023-10-28T08:25:12.731+0000] {dag.py:3486} INFO - Setting next_dagrun for example_external_task_marker_parent to None, run_after=None
[2023-10-28T08:25:12.820+0000] {processor.py:178} INFO - Processing /usr/local/lib/python3.10/dist-packages/airflow/example_dags/example_external_task_marker_dag.py took 0.290 seconds
[2023-10-28T08:25:43.081+0000] {processor.py:156} INFO - Started process (PID=1509298) to work on /usr/local/lib/python3.10/dist-packages/airflow/example_dags/example_external_task_marker_dag.py
[2023-10-28T08:25:43.120+0000] {processor.py:799} INFO - Processing file /usr/local/lib/python3.10/dist-packages/airflow/example_dags/example_external_task_marker_dag.py for tasks to queue
[2023-10-28T08:25:43.122+0000] {logging_mixin.py:149} INFO - [2023-10-28T08:25:43.122+0000] {dagbag.py:541} INFO - Filling up the DagBag from /usr/local/lib/python3.10/dist-packages/airflow/example_dags/example_external_task_marker_dag.py
[2023-10-28T08:25:43.136+0000] {processor.py:809} INFO - DAG(s) dict_keys(['example_external_task_marker_child', 'example_external_task_marker_parent']) retrieved from /usr/local/lib/python3.10/dist-packages/airflow/example_dags/example_external_task_marker_dag.py
[2023-10-28T08:25:43.235+0000] {logging_mixin.py:149} INFO - [2023-10-28T08:25:43.235+0000] {dag.py:2726} INFO - Sync 2 DAGs
[2023-10-28T08:25:43.313+0000] {logging_mixin.py:149} INFO - [2023-10-28T08:25:43.312+0000] {dag.py:3486} INFO - Setting next_dagrun for example_external_task_marker_child to None, run_after=None
[2023-10-28T08:25:43.324+0000] {logging_mixin.py:149} INFO - [2023-10-28T08:25:43.324+0000] {dag.py:3486} INFO - Setting next_dagrun for example_external_task_marker_parent to None, run_after=None
[2023-10-28T08:25:43.427+0000] {processor.py:178} INFO - Processing /usr/local/lib/python3.10/dist-packages/airflow/example_dags/example_external_task_marker_dag.py took 0.353 seconds
[2023-10-28T08:26:13.715+0000] {processor.py:156} INFO - Started process (PID=1509677) to work on /usr/local/lib/python3.10/dist-packages/airflow/example_dags/example_external_task_marker_dag.py
[2023-10-28T08:26:13.752+0000] {processor.py:799} INFO - Processing file /usr/local/lib/python3.10/dist-packages/airflow/example_dags/example_external_task_marker_dag.py for tasks to queue
[2023-10-28T08:26:13.754+0000] {logging_mixin.py:149} INFO - [2023-10-28T08:26:13.753+0000] {dagbag.py:541} INFO - Filling up the DagBag from /usr/local/lib/python3.10/dist-packages/airflow/example_dags/example_external_task_marker_dag.py
[2023-10-28T08:26:13.767+0000] {processor.py:809} INFO - DAG(s) dict_keys(['example_external_task_marker_parent', 'example_external_task_marker_child']) retrieved from /usr/local/lib/python3.10/dist-packages/airflow/example_dags/example_external_task_marker_dag.py
[2023-10-28T08:26:13.861+0000] {logging_mixin.py:149} INFO - [2023-10-28T08:26:13.860+0000] {dag.py:2726} INFO - Sync 2 DAGs
[2023-10-28T08:26:13.936+0000] {logging_mixin.py:149} INFO - [2023-10-28T08:26:13.936+0000] {dag.py:3486} INFO - Setting next_dagrun for example_external_task_marker_child to None, run_after=None
[2023-10-28T08:26:13.947+0000] {logging_mixin.py:149} INFO - [2023-10-28T08:26:13.947+0000] {dag.py:3486} INFO - Setting next_dagrun for example_external_task_marker_parent to None, run_after=None
[2023-10-28T08:26:14.006+0000] {processor.py:178} INFO - Processing /usr/local/lib/python3.10/dist-packages/airflow/example_dags/example_external_task_marker_dag.py took 0.298 seconds
[2023-10-28T08:26:44.344+0000] {processor.py:156} INFO - Started process (PID=1510032) to work on /usr/local/lib/python3.10/dist-packages/airflow/example_dags/example_external_task_marker_dag.py
[2023-10-28T08:26:44.384+0000] {processor.py:799} INFO - Processing file /usr/local/lib/python3.10/dist-packages/airflow/example_dags/example_external_task_marker_dag.py for tasks to queue
[2023-10-28T08:26:44.386+0000] {logging_mixin.py:149} INFO - [2023-10-28T08:26:44.385+0000] {dagbag.py:541} INFO - Filling up the DagBag from /usr/local/lib/python3.10/dist-packages/airflow/example_dags/example_external_task_marker_dag.py
[2023-10-28T08:26:44.401+0000] {processor.py:809} INFO - DAG(s) dict_keys(['example_external_task_marker_parent', 'example_external_task_marker_child']) retrieved from /usr/local/lib/python3.10/dist-packages/airflow/example_dags/example_external_task_marker_dag.py
[2023-10-28T08:26:44.489+0000] {logging_mixin.py:149} INFO - [2023-10-28T08:26:44.489+0000] {dag.py:2726} INFO - Sync 2 DAGs
[2023-10-28T08:26:44.566+0000] {logging_mixin.py:149} INFO - [2023-10-28T08:26:44.565+0000] {dag.py:3486} INFO - Setting next_dagrun for example_external_task_marker_child to None, run_after=None
[2023-10-28T08:26:44.577+0000] {logging_mixin.py:149} INFO - [2023-10-28T08:26:44.577+0000] {dag.py:3486} INFO - Setting next_dagrun for example_external_task_marker_parent to None, run_after=None
[2023-10-28T08:26:44.632+0000] {processor.py:178} INFO - Processing /usr/local/lib/python3.10/dist-packages/airflow/example_dags/example_external_task_marker_dag.py took 0.295 seconds
[2023-10-28T08:27:14.799+0000] {processor.py:156} INFO - Started process (PID=1510610) to work on /usr/local/lib/python3.10/dist-packages/airflow/example_dags/example_external_task_marker_dag.py
[2023-10-28T08:27:14.817+0000] {processor.py:799} INFO - Processing file /usr/local/lib/python3.10/dist-packages/airflow/example_dags/example_external_task_marker_dag.py for tasks to queue
[2023-10-28T08:27:14.819+0000] {logging_mixin.py:149} INFO - [2023-10-28T08:27:14.818+0000] {dagbag.py:541} INFO - Filling up the DagBag from /usr/local/lib/python3.10/dist-packages/airflow/example_dags/example_external_task_marker_dag.py
[2023-10-28T08:27:14.834+0000] {processor.py:809} INFO - DAG(s) dict_keys(['example_external_task_marker_parent', 'example_external_task_marker_child']) retrieved from /usr/local/lib/python3.10/dist-packages/airflow/example_dags/example_external_task_marker_dag.py
[2023-10-28T08:27:14.927+0000] {logging_mixin.py:149} INFO - [2023-10-28T08:27:14.927+0000] {dag.py:2726} INFO - Sync 2 DAGs
[2023-10-28T08:27:15.002+0000] {logging_mixin.py:149} INFO - [2023-10-28T08:27:15.001+0000] {dag.py:3486} INFO - Setting next_dagrun for example_external_task_marker_child to None, run_after=None
[2023-10-28T08:27:15.014+0000] {logging_mixin.py:149} INFO - [2023-10-28T08:27:15.013+0000] {dag.py:3486} INFO - Setting next_dagrun for example_external_task_marker_parent to None, run_after=None
[2023-10-28T08:27:15.108+0000] {processor.py:178} INFO - Processing /usr/local/lib/python3.10/dist-packages/airflow/example_dags/example_external_task_marker_dag.py took 0.317 seconds
[2023-10-28T08:27:45.728+0000] {processor.py:156} INFO - Started process (PID=1510967) to work on /usr/local/lib/python3.10/dist-packages/airflow/example_dags/example_external_task_marker_dag.py
[2023-10-28T08:27:45.764+0000] {processor.py:799} INFO - Processing file /usr/local/lib/python3.10/dist-packages/airflow/example_dags/example_external_task_marker_dag.py for tasks to queue
[2023-10-28T08:27:45.766+0000] {logging_mixin.py:149} INFO - [2023-10-28T08:27:45.766+0000] {dagbag.py:541} INFO - Filling up the DagBag from /usr/local/lib/python3.10/dist-packages/airflow/example_dags/example_external_task_marker_dag.py
[2023-10-28T08:27:45.779+0000] {processor.py:809} INFO - DAG(s) dict_keys(['example_external_task_marker_child', 'example_external_task_marker_parent']) retrieved from /usr/local/lib/python3.10/dist-packages/airflow/example_dags/example_external_task_marker_dag.py
[2023-10-28T08:27:45.867+0000] {logging_mixin.py:149} INFO - [2023-10-28T08:27:45.867+0000] {dag.py:2726} INFO - Sync 2 DAGs
[2023-10-28T08:27:45.943+0000] {logging_mixin.py:149} INFO - [2023-10-28T08:27:45.943+0000] {dag.py:3486} INFO - Setting next_dagrun for example_external_task_marker_child to None, run_after=None
[2023-10-28T08:27:45.958+0000] {logging_mixin.py:149} INFO - [2023-10-28T08:27:45.957+0000] {dag.py:3486} INFO - Setting next_dagrun for example_external_task_marker_parent to None, run_after=None
[2023-10-28T08:27:46.020+0000] {processor.py:178} INFO - Processing /usr/local/lib/python3.10/dist-packages/airflow/example_dags/example_external_task_marker_dag.py took 0.301 seconds
[2023-10-28T08:28:16.261+0000] {processor.py:156} INFO - Started process (PID=1511350) to work on /usr/local/lib/python3.10/dist-packages/airflow/example_dags/example_external_task_marker_dag.py
[2023-10-28T08:28:16.300+0000] {processor.py:799} INFO - Processing file /usr/local/lib/python3.10/dist-packages/airflow/example_dags/example_external_task_marker_dag.py for tasks to queue
[2023-10-28T08:28:16.303+0000] {logging_mixin.py:149} INFO - [2023-10-28T08:28:16.302+0000] {dagbag.py:541} INFO - Filling up the DagBag from /usr/local/lib/python3.10/dist-packages/airflow/example_dags/example_external_task_marker_dag.py
[2023-10-28T08:28:16.325+0000] {processor.py:809} INFO - DAG(s) dict_keys(['example_external_task_marker_child', 'example_external_task_marker_parent']) retrieved from /usr/local/lib/python3.10/dist-packages/airflow/example_dags/example_external_task_marker_dag.py
[2023-10-28T08:28:16.421+0000] {logging_mixin.py:149} INFO - [2023-10-28T08:28:16.421+0000] {dag.py:2726} INFO - Sync 2 DAGs
[2023-10-28T08:28:16.498+0000] {logging_mixin.py:149} INFO - [2023-10-28T08:28:16.498+0000] {dag.py:3486} INFO - Setting next_dagrun for example_external_task_marker_child to None, run_after=None
[2023-10-28T08:28:16.510+0000] {logging_mixin.py:149} INFO - [2023-10-28T08:28:16.510+0000] {dag.py:3486} INFO - Setting next_dagrun for example_external_task_marker_parent to None, run_after=None
[2023-10-28T08:28:16.570+0000] {processor.py:178} INFO - Processing /usr/local/lib/python3.10/dist-packages/airflow/example_dags/example_external_task_marker_dag.py took 0.316 seconds
[2023-10-28T08:28:46.770+0000] {processor.py:156} INFO - Started process (PID=1511707) to work on /usr/local/lib/python3.10/dist-packages/airflow/example_dags/example_external_task_marker_dag.py
[2023-10-28T08:28:46.772+0000] {processor.py:799} INFO - Processing file /usr/local/lib/python3.10/dist-packages/airflow/example_dags/example_external_task_marker_dag.py for tasks to queue
[2023-10-28T08:28:46.774+0000] {logging_mixin.py:149} INFO - [2023-10-28T08:28:46.774+0000] {dagbag.py:541} INFO - Filling up the DagBag from /usr/local/lib/python3.10/dist-packages/airflow/example_dags/example_external_task_marker_dag.py
[2023-10-28T08:28:46.789+0000] {processor.py:809} INFO - DAG(s) dict_keys(['example_external_task_marker_parent', 'example_external_task_marker_child']) retrieved from /usr/local/lib/python3.10/dist-packages/airflow/example_dags/example_external_task_marker_dag.py
[2023-10-28T08:28:46.882+0000] {logging_mixin.py:149} INFO - [2023-10-28T08:28:46.882+0000] {dag.py:2726} INFO - Sync 2 DAGs
[2023-10-28T08:28:46.963+0000] {logging_mixin.py:149} INFO - [2023-10-28T08:28:46.962+0000] {dag.py:3486} INFO - Setting next_dagrun for example_external_task_marker_child to None, run_after=None
[2023-10-28T08:28:46.974+0000] {logging_mixin.py:149} INFO - [2023-10-28T08:28:46.974+0000] {dag.py:3486} INFO - Setting next_dagrun for example_external_task_marker_parent to None, run_after=None
[2023-10-28T08:28:47.034+0000] {processor.py:178} INFO - Processing /usr/local/lib/python3.10/dist-packages/airflow/example_dags/example_external_task_marker_dag.py took 0.272 seconds
[2023-10-28T08:29:17.436+0000] {processor.py:156} INFO - Started process (PID=1512103) to work on /usr/local/lib/python3.10/dist-packages/airflow/example_dags/example_external_task_marker_dag.py
[2023-10-28T08:29:17.472+0000] {processor.py:799} INFO - Processing file /usr/local/lib/python3.10/dist-packages/airflow/example_dags/example_external_task_marker_dag.py for tasks to queue
[2023-10-28T08:29:17.474+0000] {logging_mixin.py:149} INFO - [2023-10-28T08:29:17.474+0000] {dagbag.py:541} INFO - Filling up the DagBag from /usr/local/lib/python3.10/dist-packages/airflow/example_dags/example_external_task_marker_dag.py
[2023-10-28T08:29:17.487+0000] {processor.py:809} INFO - DAG(s) dict_keys(['example_external_task_marker_parent', 'example_external_task_marker_child']) retrieved from /usr/local/lib/python3.10/dist-packages/airflow/example_dags/example_external_task_marker_dag.py
[2023-10-28T08:29:17.580+0000] {logging_mixin.py:149} INFO - [2023-10-28T08:29:17.579+0000] {dag.py:2726} INFO - Sync 2 DAGs
[2023-10-28T08:29:17.653+0000] {logging_mixin.py:149} INFO - [2023-10-28T08:29:17.653+0000] {dag.py:3486} INFO - Setting next_dagrun for example_external_task_marker_child to None, run_after=None
[2023-10-28T08:29:17.667+0000] {logging_mixin.py:149} INFO - [2023-10-28T08:29:17.666+0000] {dag.py:3486} INFO - Setting next_dagrun for example_external_task_marker_parent to None, run_after=None
[2023-10-28T08:29:17.775+0000] {processor.py:178} INFO - Processing /usr/local/lib/python3.10/dist-packages/airflow/example_dags/example_external_task_marker_dag.py took 0.346 seconds
[2023-10-28T08:29:47.971+0000] {processor.py:156} INFO - Started process (PID=1512460) to work on /usr/local/lib/python3.10/dist-packages/airflow/example_dags/example_external_task_marker_dag.py
[2023-10-28T08:29:48.009+0000] {processor.py:799} INFO - Processing file /usr/local/lib/python3.10/dist-packages/airflow/example_dags/example_external_task_marker_dag.py for tasks to queue
[2023-10-28T08:29:48.011+0000] {logging_mixin.py:149} INFO - [2023-10-28T08:29:48.010+0000] {dagbag.py:541} INFO - Filling up the DagBag from /usr/local/lib/python3.10/dist-packages/airflow/example_dags/example_external_task_marker_dag.py
[2023-10-28T08:29:48.026+0000] {processor.py:809} INFO - DAG(s) dict_keys(['example_external_task_marker_child', 'example_external_task_marker_parent']) retrieved from /usr/local/lib/python3.10/dist-packages/airflow/example_dags/example_external_task_marker_dag.py
[2023-10-28T08:29:48.123+0000] {logging_mixin.py:149} INFO - [2023-10-28T08:29:48.122+0000] {dag.py:2726} INFO - Sync 2 DAGs
[2023-10-28T08:29:48.198+0000] {logging_mixin.py:149} INFO - [2023-10-28T08:29:48.197+0000] {dag.py:3486} INFO - Setting next_dagrun for example_external_task_marker_child to None, run_after=None
[2023-10-28T08:29:48.209+0000] {logging_mixin.py:149} INFO - [2023-10-28T08:29:48.209+0000] {dag.py:3486} INFO - Setting next_dagrun for example_external_task_marker_parent to None, run_after=None
[2023-10-28T08:29:48.268+0000] {processor.py:178} INFO - Processing /usr/local/lib/python3.10/dist-packages/airflow/example_dags/example_external_task_marker_dag.py took 0.305 seconds
[2023-10-28T08:30:18.764+0000] {processor.py:156} INFO - Started process (PID=1512843) to work on /usr/local/lib/python3.10/dist-packages/airflow/example_dags/example_external_task_marker_dag.py
[2023-10-28T08:30:18.767+0000] {processor.py:799} INFO - Processing file /usr/local/lib/python3.10/dist-packages/airflow/example_dags/example_external_task_marker_dag.py for tasks to queue
[2023-10-28T08:30:18.769+0000] {logging_mixin.py:149} INFO - [2023-10-28T08:30:18.769+0000] {dagbag.py:541} INFO - Filling up the DagBag from /usr/local/lib/python3.10/dist-packages/airflow/example_dags/example_external_task_marker_dag.py
[2023-10-28T08:30:18.783+0000] {processor.py:809} INFO - DAG(s) dict_keys(['example_external_task_marker_child', 'example_external_task_marker_parent']) retrieved from /usr/local/lib/python3.10/dist-packages/airflow/example_dags/example_external_task_marker_dag.py
[2023-10-28T08:30:18.880+0000] {logging_mixin.py:149} INFO - [2023-10-28T08:30:18.879+0000] {dag.py:2726} INFO - Sync 2 DAGs
[2023-10-28T08:30:18.957+0000] {logging_mixin.py:149} INFO - [2023-10-28T08:30:18.956+0000] {dag.py:3486} INFO - Setting next_dagrun for example_external_task_marker_child to None, run_after=None
[2023-10-28T08:30:18.968+0000] {logging_mixin.py:149} INFO - [2023-10-28T08:30:18.968+0000] {dag.py:3486} INFO - Setting next_dagrun for example_external_task_marker_parent to None, run_after=None
[2023-10-28T08:30:19.062+0000] {processor.py:178} INFO - Processing /usr/local/lib/python3.10/dist-packages/airflow/example_dags/example_external_task_marker_dag.py took 0.306 seconds
[2023-10-28T08:30:49.237+0000] {processor.py:156} INFO - Started process (PID=1513454) to work on /usr/local/lib/python3.10/dist-packages/airflow/example_dags/example_external_task_marker_dag.py
[2023-10-28T08:30:49.257+0000] {processor.py:799} INFO - Processing file /usr/local/lib/python3.10/dist-packages/airflow/example_dags/example_external_task_marker_dag.py for tasks to queue
[2023-10-28T08:30:49.258+0000] {logging_mixin.py:149} INFO - [2023-10-28T08:30:49.258+0000] {dagbag.py:541} INFO - Filling up the DagBag from /usr/local/lib/python3.10/dist-packages/airflow/example_dags/example_external_task_marker_dag.py
[2023-10-28T08:30:49.272+0000] {processor.py:809} INFO - DAG(s) dict_keys(['example_external_task_marker_child', 'example_external_task_marker_parent']) retrieved from /usr/local/lib/python3.10/dist-packages/airflow/example_dags/example_external_task_marker_dag.py
[2023-10-28T08:30:49.359+0000] {logging_mixin.py:149} INFO - [2023-10-28T08:30:49.359+0000] {dag.py:2726} INFO - Sync 2 DAGs
[2023-10-28T08:30:49.439+0000] {logging_mixin.py:149} INFO - [2023-10-28T08:30:49.438+0000] {dag.py:3486} INFO - Setting next_dagrun for example_external_task_marker_child to None, run_after=None
[2023-10-28T08:30:49.454+0000] {logging_mixin.py:149} INFO - [2023-10-28T08:30:49.453+0000] {dag.py:3486} INFO - Setting next_dagrun for example_external_task_marker_parent to None, run_after=None
[2023-10-28T08:30:49.544+0000] {processor.py:178} INFO - Processing /usr/local/lib/python3.10/dist-packages/airflow/example_dags/example_external_task_marker_dag.py took 0.315 seconds
[2023-10-28T08:31:19.692+0000] {processor.py:156} INFO - Started process (PID=1513936) to work on /usr/local/lib/python3.10/dist-packages/airflow/example_dags/example_external_task_marker_dag.py
[2023-10-28T08:31:19.728+0000] {processor.py:799} INFO - Processing file /usr/local/lib/python3.10/dist-packages/airflow/example_dags/example_external_task_marker_dag.py for tasks to queue
[2023-10-28T08:31:19.730+0000] {logging_mixin.py:149} INFO - [2023-10-28T08:31:19.729+0000] {dagbag.py:541} INFO - Filling up the DagBag from /usr/local/lib/python3.10/dist-packages/airflow/example_dags/example_external_task_marker_dag.py
[2023-10-28T08:31:19.743+0000] {processor.py:809} INFO - DAG(s) dict_keys(['example_external_task_marker_parent', 'example_external_task_marker_child']) retrieved from /usr/local/lib/python3.10/dist-packages/airflow/example_dags/example_external_task_marker_dag.py
[2023-10-28T08:31:19.842+0000] {logging_mixin.py:149} INFO - [2023-10-28T08:31:19.841+0000] {dag.py:2726} INFO - Sync 2 DAGs
[2023-10-28T08:31:19.923+0000] {logging_mixin.py:149} INFO - [2023-10-28T08:31:19.922+0000] {dag.py:3486} INFO - Setting next_dagrun for example_external_task_marker_child to None, run_after=None
[2023-10-28T08:31:19.935+0000] {logging_mixin.py:149} INFO - [2023-10-28T08:31:19.934+0000] {dag.py:3486} INFO - Setting next_dagrun for example_external_task_marker_parent to None, run_after=None
[2023-10-28T08:31:20.033+0000] {processor.py:178} INFO - Processing /usr/local/lib/python3.10/dist-packages/airflow/example_dags/example_external_task_marker_dag.py took 0.348 seconds
[2023-10-28T08:31:50.396+0000] {processor.py:156} INFO - Started process (PID=1514564) to work on /usr/local/lib/python3.10/dist-packages/airflow/example_dags/example_external_task_marker_dag.py
[2023-10-28T08:31:50.398+0000] {processor.py:799} INFO - Processing file /usr/local/lib/python3.10/dist-packages/airflow/example_dags/example_external_task_marker_dag.py for tasks to queue
[2023-10-28T08:31:50.400+0000] {logging_mixin.py:149} INFO - [2023-10-28T08:31:50.399+0000] {dagbag.py:541} INFO - Filling up the DagBag from /usr/local/lib/python3.10/dist-packages/airflow/example_dags/example_external_task_marker_dag.py
[2023-10-28T08:31:50.414+0000] {processor.py:809} INFO - DAG(s) dict_keys(['example_external_task_marker_parent', 'example_external_task_marker_child']) retrieved from /usr/local/lib/python3.10/dist-packages/airflow/example_dags/example_external_task_marker_dag.py
[2023-10-28T08:31:50.506+0000] {logging_mixin.py:149} INFO - [2023-10-28T08:31:50.506+0000] {dag.py:2726} INFO - Sync 2 DAGs
[2023-10-28T08:31:50.600+0000] {logging_mixin.py:149} INFO - [2023-10-28T08:31:50.600+0000] {dag.py:3486} INFO - Setting next_dagrun for example_external_task_marker_child to None, run_after=None
[2023-10-28T08:31:50.615+0000] {logging_mixin.py:149} INFO - [2023-10-28T08:31:50.614+0000] {dag.py:3486} INFO - Setting next_dagrun for example_external_task_marker_parent to None, run_after=None
[2023-10-28T08:31:50.676+0000] {processor.py:178} INFO - Processing /usr/local/lib/python3.10/dist-packages/airflow/example_dags/example_external_task_marker_dag.py took 0.286 seconds
[2023-10-28T08:32:21.563+0000] {processor.py:156} INFO - Started process (PID=1515176) to work on /usr/local/lib/python3.10/dist-packages/airflow/example_dags/example_external_task_marker_dag.py
[2023-10-28T08:32:21.601+0000] {processor.py:799} INFO - Processing file /usr/local/lib/python3.10/dist-packages/airflow/example_dags/example_external_task_marker_dag.py for tasks to queue
[2023-10-28T08:32:21.603+0000] {logging_mixin.py:149} INFO - [2023-10-28T08:32:21.602+0000] {dagbag.py:541} INFO - Filling up the DagBag from /usr/local/lib/python3.10/dist-packages/airflow/example_dags/example_external_task_marker_dag.py
[2023-10-28T08:32:21.618+0000] {processor.py:809} INFO - DAG(s) dict_keys(['example_external_task_marker_child', 'example_external_task_marker_parent']) retrieved from /usr/local/lib/python3.10/dist-packages/airflow/example_dags/example_external_task_marker_dag.py
[2023-10-28T08:32:21.714+0000] {logging_mixin.py:149} INFO - [2023-10-28T08:32:21.713+0000] {dag.py:2726} INFO - Sync 2 DAGs
[2023-10-28T08:32:21.807+0000] {logging_mixin.py:149} INFO - [2023-10-28T08:32:21.807+0000] {dag.py:3486} INFO - Setting next_dagrun for example_external_task_marker_child to None, run_after=None
[2023-10-28T08:32:21.820+0000] {logging_mixin.py:149} INFO - [2023-10-28T08:32:21.819+0000] {dag.py:3486} INFO - Setting next_dagrun for example_external_task_marker_parent to None, run_after=None
[2023-10-28T08:32:21.886+0000] {processor.py:178} INFO - Processing /usr/local/lib/python3.10/dist-packages/airflow/example_dags/example_external_task_marker_dag.py took 0.331 seconds
[2023-10-28T08:32:51.990+0000] {processor.py:156} INFO - Started process (PID=1515795) to work on /usr/local/lib/python3.10/dist-packages/airflow/example_dags/example_external_task_marker_dag.py
[2023-10-28T08:32:52.024+0000] {processor.py:799} INFO - Processing file /usr/local/lib/python3.10/dist-packages/airflow/example_dags/example_external_task_marker_dag.py for tasks to queue
[2023-10-28T08:32:52.026+0000] {logging_mixin.py:149} INFO - [2023-10-28T08:32:52.026+0000] {dagbag.py:541} INFO - Filling up the DagBag from /usr/local/lib/python3.10/dist-packages/airflow/example_dags/example_external_task_marker_dag.py
[2023-10-28T08:32:52.041+0000] {processor.py:809} INFO - DAG(s) dict_keys(['example_external_task_marker_parent', 'example_external_task_marker_child']) retrieved from /usr/local/lib/python3.10/dist-packages/airflow/example_dags/example_external_task_marker_dag.py
[2023-10-28T08:32:52.131+0000] {logging_mixin.py:149} INFO - [2023-10-28T08:32:52.130+0000] {dag.py:2726} INFO - Sync 2 DAGs
[2023-10-28T08:32:52.221+0000] {logging_mixin.py:149} INFO - [2023-10-28T08:32:52.220+0000] {dag.py:3486} INFO - Setting next_dagrun for example_external_task_marker_child to None, run_after=None
[2023-10-28T08:32:52.236+0000] {logging_mixin.py:149} INFO - [2023-10-28T08:32:52.236+0000] {dag.py:3486} INFO - Setting next_dagrun for example_external_task_marker_parent to None, run_after=None
[2023-10-28T08:32:52.310+0000] {processor.py:178} INFO - Processing /usr/local/lib/python3.10/dist-packages/airflow/example_dags/example_external_task_marker_dag.py took 0.328 seconds
[2023-10-28T08:33:22.725+0000] {processor.py:156} INFO - Started process (PID=1516217) to work on /usr/local/lib/python3.10/dist-packages/airflow/example_dags/example_external_task_marker_dag.py
[2023-10-28T08:33:22.726+0000] {processor.py:799} INFO - Processing file /usr/local/lib/python3.10/dist-packages/airflow/example_dags/example_external_task_marker_dag.py for tasks to queue
[2023-10-28T08:33:22.729+0000] {logging_mixin.py:149} INFO - [2023-10-28T08:33:22.728+0000] {dagbag.py:541} INFO - Filling up the DagBag from /usr/local/lib/python3.10/dist-packages/airflow/example_dags/example_external_task_marker_dag.py
[2023-10-28T08:33:22.742+0000] {processor.py:809} INFO - DAG(s) dict_keys(['example_external_task_marker_child', 'example_external_task_marker_parent']) retrieved from /usr/local/lib/python3.10/dist-packages/airflow/example_dags/example_external_task_marker_dag.py
[2023-10-28T08:33:22.838+0000] {logging_mixin.py:149} INFO - [2023-10-28T08:33:22.838+0000] {dag.py:2726} INFO - Sync 2 DAGs
[2023-10-28T08:33:22.914+0000] {logging_mixin.py:149} INFO - [2023-10-28T08:33:22.914+0000] {dag.py:3486} INFO - Setting next_dagrun for example_external_task_marker_child to None, run_after=None
[2023-10-28T08:33:22.927+0000] {logging_mixin.py:149} INFO - [2023-10-28T08:33:22.927+0000] {dag.py:3486} INFO - Setting next_dagrun for example_external_task_marker_parent to None, run_after=None
[2023-10-28T08:33:22.985+0000] {processor.py:178} INFO - Processing /usr/local/lib/python3.10/dist-packages/airflow/example_dags/example_external_task_marker_dag.py took 0.267 seconds
[2023-10-28T08:33:53.583+0000] {processor.py:156} INFO - Started process (PID=1516575) to work on /usr/local/lib/python3.10/dist-packages/airflow/example_dags/example_external_task_marker_dag.py
[2023-10-28T08:33:53.624+0000] {processor.py:799} INFO - Processing file /usr/local/lib/python3.10/dist-packages/airflow/example_dags/example_external_task_marker_dag.py for tasks to queue
[2023-10-28T08:33:53.626+0000] {logging_mixin.py:149} INFO - [2023-10-28T08:33:53.626+0000] {dagbag.py:541} INFO - Filling up the DagBag from /usr/local/lib/python3.10/dist-packages/airflow/example_dags/example_external_task_marker_dag.py
[2023-10-28T08:33:53.641+0000] {processor.py:809} INFO - DAG(s) dict_keys(['example_external_task_marker_parent', 'example_external_task_marker_child']) retrieved from /usr/local/lib/python3.10/dist-packages/airflow/example_dags/example_external_task_marker_dag.py
[2023-10-28T08:33:53.734+0000] {logging_mixin.py:149} INFO - [2023-10-28T08:33:53.734+0000] {dag.py:2726} INFO - Sync 2 DAGs
[2023-10-28T08:33:53.807+0000] {logging_mixin.py:149} INFO - [2023-10-28T08:33:53.807+0000] {dag.py:3486} INFO - Setting next_dagrun for example_external_task_marker_child to None, run_after=None
[2023-10-28T08:33:53.819+0000] {logging_mixin.py:149} INFO - [2023-10-28T08:33:53.818+0000] {dag.py:3486} INFO - Setting next_dagrun for example_external_task_marker_parent to None, run_after=None
[2023-10-28T08:33:53.908+0000] {processor.py:178} INFO - Processing /usr/local/lib/python3.10/dist-packages/airflow/example_dags/example_external_task_marker_dag.py took 0.332 seconds
[2023-10-28T08:34:24.125+0000] {processor.py:156} INFO - Started process (PID=1516971) to work on /usr/local/lib/python3.10/dist-packages/airflow/example_dags/example_external_task_marker_dag.py
[2023-10-28T08:34:24.128+0000] {processor.py:799} INFO - Processing file /usr/local/lib/python3.10/dist-packages/airflow/example_dags/example_external_task_marker_dag.py for tasks to queue
[2023-10-28T08:34:24.130+0000] {logging_mixin.py:149} INFO - [2023-10-28T08:34:24.130+0000] {dagbag.py:541} INFO - Filling up the DagBag from /usr/local/lib/python3.10/dist-packages/airflow/example_dags/example_external_task_marker_dag.py
[2023-10-28T08:34:24.144+0000] {processor.py:809} INFO - DAG(s) dict_keys(['example_external_task_marker_child', 'example_external_task_marker_parent']) retrieved from /usr/local/lib/python3.10/dist-packages/airflow/example_dags/example_external_task_marker_dag.py
[2023-10-28T08:34:24.235+0000] {logging_mixin.py:149} INFO - [2023-10-28T08:34:24.234+0000] {dag.py:2726} INFO - Sync 2 DAGs
[2023-10-28T08:34:24.311+0000] {logging_mixin.py:149} INFO - [2023-10-28T08:34:24.310+0000] {dag.py:3486} INFO - Setting next_dagrun for example_external_task_marker_child to None, run_after=None
[2023-10-28T08:34:24.322+0000] {logging_mixin.py:149} INFO - [2023-10-28T08:34:24.321+0000] {dag.py:3486} INFO - Setting next_dagrun for example_external_task_marker_parent to None, run_after=None
[2023-10-28T08:34:24.412+0000] {processor.py:178} INFO - Processing /usr/local/lib/python3.10/dist-packages/airflow/example_dags/example_external_task_marker_dag.py took 0.294 seconds
[2023-10-28T08:34:54.560+0000] {processor.py:156} INFO - Started process (PID=1517323) to work on /usr/local/lib/python3.10/dist-packages/airflow/example_dags/example_external_task_marker_dag.py
[2023-10-28T08:34:54.563+0000] {processor.py:799} INFO - Processing file /usr/local/lib/python3.10/dist-packages/airflow/example_dags/example_external_task_marker_dag.py for tasks to queue
[2023-10-28T08:34:54.565+0000] {logging_mixin.py:149} INFO - [2023-10-28T08:34:54.565+0000] {dagbag.py:541} INFO - Filling up the DagBag from /usr/local/lib/python3.10/dist-packages/airflow/example_dags/example_external_task_marker_dag.py
[2023-10-28T08:34:54.589+0000] {processor.py:809} INFO - DAG(s) dict_keys(['example_external_task_marker_child', 'example_external_task_marker_parent']) retrieved from /usr/local/lib/python3.10/dist-packages/airflow/example_dags/example_external_task_marker_dag.py
[2023-10-28T08:34:54.675+0000] {logging_mixin.py:149} INFO - [2023-10-28T08:34:54.674+0000] {dag.py:2726} INFO - Sync 2 DAGs
[2023-10-28T08:34:54.749+0000] {logging_mixin.py:149} INFO - [2023-10-28T08:34:54.749+0000] {dag.py:3486} INFO - Setting next_dagrun for example_external_task_marker_child to None, run_after=None
[2023-10-28T08:34:54.761+0000] {logging_mixin.py:149} INFO - [2023-10-28T08:34:54.760+0000] {dag.py:3486} INFO - Setting next_dagrun for example_external_task_marker_parent to None, run_after=None
[2023-10-28T08:34:54.817+0000] {processor.py:178} INFO - Processing /usr/local/lib/python3.10/dist-packages/airflow/example_dags/example_external_task_marker_dag.py took 0.264 seconds
[2023-10-28T08:35:25.066+0000] {processor.py:156} INFO - Started process (PID=1517902) to work on /usr/local/lib/python3.10/dist-packages/airflow/example_dags/example_external_task_marker_dag.py
[2023-10-28T08:35:25.089+0000] {processor.py:799} INFO - Processing file /usr/local/lib/python3.10/dist-packages/airflow/example_dags/example_external_task_marker_dag.py for tasks to queue
[2023-10-28T08:35:25.091+0000] {logging_mixin.py:149} INFO - [2023-10-28T08:35:25.090+0000] {dagbag.py:541} INFO - Filling up the DagBag from /usr/local/lib/python3.10/dist-packages/airflow/example_dags/example_external_task_marker_dag.py
[2023-10-28T08:35:25.106+0000] {processor.py:809} INFO - DAG(s) dict_keys(['example_external_task_marker_parent', 'example_external_task_marker_child']) retrieved from /usr/local/lib/python3.10/dist-packages/airflow/example_dags/example_external_task_marker_dag.py
[2023-10-28T08:35:25.192+0000] {logging_mixin.py:149} INFO - [2023-10-28T08:35:25.192+0000] {dag.py:2726} INFO - Sync 2 DAGs
[2023-10-28T08:35:25.270+0000] {logging_mixin.py:149} INFO - [2023-10-28T08:35:25.270+0000] {dag.py:3486} INFO - Setting next_dagrun for example_external_task_marker_child to None, run_after=None
[2023-10-28T08:35:25.284+0000] {logging_mixin.py:149} INFO - [2023-10-28T08:35:25.283+0000] {dag.py:3486} INFO - Setting next_dagrun for example_external_task_marker_parent to None, run_after=None
[2023-10-28T08:35:25.353+0000] {processor.py:178} INFO - Processing /usr/local/lib/python3.10/dist-packages/airflow/example_dags/example_external_task_marker_dag.py took 0.293 seconds
[2023-10-28T08:35:55.884+0000] {processor.py:156} INFO - Started process (PID=1518334) to work on /usr/local/lib/python3.10/dist-packages/airflow/example_dags/example_external_task_marker_dag.py
[2023-10-28T08:35:55.886+0000] {processor.py:799} INFO - Processing file /usr/local/lib/python3.10/dist-packages/airflow/example_dags/example_external_task_marker_dag.py for tasks to queue
[2023-10-28T08:35:55.888+0000] {logging_mixin.py:149} INFO - [2023-10-28T08:35:55.887+0000] {dagbag.py:541} INFO - Filling up the DagBag from /usr/local/lib/python3.10/dist-packages/airflow/example_dags/example_external_task_marker_dag.py
[2023-10-28T08:35:55.903+0000] {processor.py:809} INFO - DAG(s) dict_keys(['example_external_task_marker_parent', 'example_external_task_marker_child']) retrieved from /usr/local/lib/python3.10/dist-packages/airflow/example_dags/example_external_task_marker_dag.py
[2023-10-28T08:35:55.997+0000] {logging_mixin.py:149} INFO - [2023-10-28T08:35:55.997+0000] {dag.py:2726} INFO - Sync 2 DAGs
[2023-10-28T08:35:56.076+0000] {logging_mixin.py:149} INFO - [2023-10-28T08:35:56.076+0000] {dag.py:3486} INFO - Setting next_dagrun for example_external_task_marker_child to None, run_after=None
[2023-10-28T08:35:56.093+0000] {logging_mixin.py:149} INFO - [2023-10-28T08:35:56.092+0000] {dag.py:3486} INFO - Setting next_dagrun for example_external_task_marker_parent to None, run_after=None
[2023-10-28T08:35:56.155+0000] {processor.py:178} INFO - Processing /usr/local/lib/python3.10/dist-packages/airflow/example_dags/example_external_task_marker_dag.py took 0.278 seconds
[2023-10-28T08:36:26.591+0000] {processor.py:156} INFO - Started process (PID=1518719) to work on /usr/local/lib/python3.10/dist-packages/airflow/example_dags/example_external_task_marker_dag.py
[2023-10-28T08:36:26.608+0000] {processor.py:799} INFO - Processing file /usr/local/lib/python3.10/dist-packages/airflow/example_dags/example_external_task_marker_dag.py for tasks to queue
[2023-10-28T08:36:26.610+0000] {logging_mixin.py:149} INFO - [2023-10-28T08:36:26.609+0000] {dagbag.py:541} INFO - Filling up the DagBag from /usr/local/lib/python3.10/dist-packages/airflow/example_dags/example_external_task_marker_dag.py
[2023-10-28T08:36:26.623+0000] {processor.py:809} INFO - DAG(s) dict_keys(['example_external_task_marker_parent', 'example_external_task_marker_child']) retrieved from /usr/local/lib/python3.10/dist-packages/airflow/example_dags/example_external_task_marker_dag.py
[2023-10-28T08:36:26.721+0000] {logging_mixin.py:149} INFO - [2023-10-28T08:36:26.720+0000] {dag.py:2726} INFO - Sync 2 DAGs
[2023-10-28T08:36:26.797+0000] {logging_mixin.py:149} INFO - [2023-10-28T08:36:26.796+0000] {dag.py:3486} INFO - Setting next_dagrun for example_external_task_marker_child to None, run_after=None
[2023-10-28T08:36:26.810+0000] {logging_mixin.py:149} INFO - [2023-10-28T08:36:26.809+0000] {dag.py:3486} INFO - Setting next_dagrun for example_external_task_marker_parent to None, run_after=None
[2023-10-28T08:36:26.886+0000] {processor.py:178} INFO - Processing /usr/local/lib/python3.10/dist-packages/airflow/example_dags/example_external_task_marker_dag.py took 0.302 seconds
[2023-10-28T08:36:57.122+0000] {processor.py:156} INFO - Started process (PID=1519190) to work on /usr/local/lib/python3.10/dist-packages/airflow/example_dags/example_external_task_marker_dag.py
[2023-10-28T08:36:57.124+0000] {processor.py:799} INFO - Processing file /usr/local/lib/python3.10/dist-packages/airflow/example_dags/example_external_task_marker_dag.py for tasks to queue
[2023-10-28T08:36:57.126+0000] {logging_mixin.py:149} INFO - [2023-10-28T08:36:57.126+0000] {dagbag.py:541} INFO - Filling up the DagBag from /usr/local/lib/python3.10/dist-packages/airflow/example_dags/example_external_task_marker_dag.py
[2023-10-28T08:36:57.143+0000] {processor.py:809} INFO - DAG(s) dict_keys(['example_external_task_marker_parent', 'example_external_task_marker_child']) retrieved from /usr/local/lib/python3.10/dist-packages/airflow/example_dags/example_external_task_marker_dag.py
[2023-10-28T08:36:57.231+0000] {logging_mixin.py:149} INFO - [2023-10-28T08:36:57.231+0000] {dag.py:2726} INFO - Sync 2 DAGs
[2023-10-28T08:36:57.306+0000] {logging_mixin.py:149} INFO - [2023-10-28T08:36:57.305+0000] {dag.py:3486} INFO - Setting next_dagrun for example_external_task_marker_child to None, run_after=None
[2023-10-28T08:36:57.317+0000] {logging_mixin.py:149} INFO - [2023-10-28T08:36:57.317+0000] {dag.py:3486} INFO - Setting next_dagrun for example_external_task_marker_parent to None, run_after=None
[2023-10-28T08:36:57.373+0000] {processor.py:178} INFO - Processing /usr/local/lib/python3.10/dist-packages/airflow/example_dags/example_external_task_marker_dag.py took 0.261 seconds
[2023-10-28T08:37:27.532+0000] {processor.py:156} INFO - Started process (PID=1519574) to work on /usr/local/lib/python3.10/dist-packages/airflow/example_dags/example_external_task_marker_dag.py
[2023-10-28T08:37:27.545+0000] {processor.py:799} INFO - Processing file /usr/local/lib/python3.10/dist-packages/airflow/example_dags/example_external_task_marker_dag.py for tasks to queue
[2023-10-28T08:37:27.547+0000] {logging_mixin.py:149} INFO - [2023-10-28T08:37:27.547+0000] {dagbag.py:541} INFO - Filling up the DagBag from /usr/local/lib/python3.10/dist-packages/airflow/example_dags/example_external_task_marker_dag.py
[2023-10-28T08:37:27.562+0000] {processor.py:809} INFO - DAG(s) dict_keys(['example_external_task_marker_child', 'example_external_task_marker_parent']) retrieved from /usr/local/lib/python3.10/dist-packages/airflow/example_dags/example_external_task_marker_dag.py
[2023-10-28T08:37:27.653+0000] {logging_mixin.py:149} INFO - [2023-10-28T08:37:27.653+0000] {dag.py:2726} INFO - Sync 2 DAGs
[2023-10-28T08:37:27.734+0000] {logging_mixin.py:149} INFO - [2023-10-28T08:37:27.733+0000] {dag.py:3486} INFO - Setting next_dagrun for example_external_task_marker_child to None, run_after=None
[2023-10-28T08:37:27.745+0000] {logging_mixin.py:149} INFO - [2023-10-28T08:37:27.745+0000] {dag.py:3486} INFO - Setting next_dagrun for example_external_task_marker_parent to None, run_after=None
[2023-10-28T08:37:27.825+0000] {processor.py:178} INFO - Processing /usr/local/lib/python3.10/dist-packages/airflow/example_dags/example_external_task_marker_dag.py took 0.300 seconds
[2023-10-28T08:37:58.172+0000] {processor.py:156} INFO - Started process (PID=1519963) to work on /usr/local/lib/python3.10/dist-packages/airflow/example_dags/example_external_task_marker_dag.py
[2023-10-28T08:37:58.201+0000] {processor.py:799} INFO - Processing file /usr/local/lib/python3.10/dist-packages/airflow/example_dags/example_external_task_marker_dag.py for tasks to queue
[2023-10-28T08:37:58.203+0000] {logging_mixin.py:149} INFO - [2023-10-28T08:37:58.202+0000] {dagbag.py:541} INFO - Filling up the DagBag from /usr/local/lib/python3.10/dist-packages/airflow/example_dags/example_external_task_marker_dag.py
[2023-10-28T08:37:58.216+0000] {processor.py:809} INFO - DAG(s) dict_keys(['example_external_task_marker_child', 'example_external_task_marker_parent']) retrieved from /usr/local/lib/python3.10/dist-packages/airflow/example_dags/example_external_task_marker_dag.py
[2023-10-28T08:37:58.309+0000] {logging_mixin.py:149} INFO - [2023-10-28T08:37:58.309+0000] {dag.py:2726} INFO - Sync 2 DAGs
[2023-10-28T08:37:58.382+0000] {logging_mixin.py:149} INFO - [2023-10-28T08:37:58.381+0000] {dag.py:3486} INFO - Setting next_dagrun for example_external_task_marker_child to None, run_after=None
[2023-10-28T08:37:58.393+0000] {logging_mixin.py:149} INFO - [2023-10-28T08:37:58.393+0000] {dag.py:3486} INFO - Setting next_dagrun for example_external_task_marker_parent to None, run_after=None
[2023-10-28T08:37:58.463+0000] {processor.py:178} INFO - Processing /usr/local/lib/python3.10/dist-packages/airflow/example_dags/example_external_task_marker_dag.py took 0.298 seconds
[2023-10-28T08:38:28.854+0000] {processor.py:156} INFO - Started process (PID=1520507) to work on /usr/local/lib/python3.10/dist-packages/airflow/example_dags/example_external_task_marker_dag.py
[2023-10-28T08:38:28.881+0000] {processor.py:799} INFO - Processing file /usr/local/lib/python3.10/dist-packages/airflow/example_dags/example_external_task_marker_dag.py for tasks to queue
[2023-10-28T08:38:28.883+0000] {logging_mixin.py:149} INFO - [2023-10-28T08:38:28.882+0000] {dagbag.py:541} INFO - Filling up the DagBag from /usr/local/lib/python3.10/dist-packages/airflow/example_dags/example_external_task_marker_dag.py
[2023-10-28T08:38:28.899+0000] {processor.py:809} INFO - DAG(s) dict_keys(['example_external_task_marker_child', 'example_external_task_marker_parent']) retrieved from /usr/local/lib/python3.10/dist-packages/airflow/example_dags/example_external_task_marker_dag.py
[2023-10-28T08:38:28.990+0000] {logging_mixin.py:149} INFO - [2023-10-28T08:38:28.990+0000] {dag.py:2726} INFO - Sync 2 DAGs
[2023-10-28T08:38:29.068+0000] {logging_mixin.py:149} INFO - [2023-10-28T08:38:29.068+0000] {dag.py:3486} INFO - Setting next_dagrun for example_external_task_marker_child to None, run_after=None
[2023-10-28T08:38:29.080+0000] {logging_mixin.py:149} INFO - [2023-10-28T08:38:29.080+0000] {dag.py:3486} INFO - Setting next_dagrun for example_external_task_marker_parent to None, run_after=None
[2023-10-28T08:38:29.159+0000] {processor.py:178} INFO - Processing /usr/local/lib/python3.10/dist-packages/airflow/example_dags/example_external_task_marker_dag.py took 0.312 seconds
[2023-10-28T08:38:59.986+0000] {processor.py:156} INFO - Started process (PID=1521020) to work on /usr/local/lib/python3.10/dist-packages/airflow/example_dags/example_external_task_marker_dag.py
[2023-10-28T08:38:59.997+0000] {processor.py:799} INFO - Processing file /usr/local/lib/python3.10/dist-packages/airflow/example_dags/example_external_task_marker_dag.py for tasks to queue
[2023-10-28T08:38:59.999+0000] {logging_mixin.py:149} INFO - [2023-10-28T08:38:59.998+0000] {dagbag.py:541} INFO - Filling up the DagBag from /usr/local/lib/python3.10/dist-packages/airflow/example_dags/example_external_task_marker_dag.py
[2023-10-28T08:39:00.012+0000] {processor.py:809} INFO - DAG(s) dict_keys(['example_external_task_marker_parent', 'example_external_task_marker_child']) retrieved from /usr/local/lib/python3.10/dist-packages/airflow/example_dags/example_external_task_marker_dag.py
[2023-10-28T08:39:00.096+0000] {logging_mixin.py:149} INFO - [2023-10-28T08:39:00.096+0000] {dag.py:2726} INFO - Sync 2 DAGs
[2023-10-28T08:39:00.168+0000] {logging_mixin.py:149} INFO - [2023-10-28T08:39:00.167+0000] {dag.py:3486} INFO - Setting next_dagrun for example_external_task_marker_child to None, run_after=None
[2023-10-28T08:39:00.179+0000] {logging_mixin.py:149} INFO - [2023-10-28T08:39:00.178+0000] {dag.py:3486} INFO - Setting next_dagrun for example_external_task_marker_parent to None, run_after=None
[2023-10-28T08:39:00.257+0000] {processor.py:178} INFO - Processing /usr/local/lib/python3.10/dist-packages/airflow/example_dags/example_external_task_marker_dag.py took 0.276 seconds
[2023-10-28T08:39:30.410+0000] {processor.py:156} INFO - Started process (PID=1521506) to work on /usr/local/lib/python3.10/dist-packages/airflow/example_dags/example_external_task_marker_dag.py
[2023-10-28T08:39:30.412+0000] {processor.py:799} INFO - Processing file /usr/local/lib/python3.10/dist-packages/airflow/example_dags/example_external_task_marker_dag.py for tasks to queue
[2023-10-28T08:39:30.414+0000] {logging_mixin.py:149} INFO - [2023-10-28T08:39:30.414+0000] {dagbag.py:541} INFO - Filling up the DagBag from /usr/local/lib/python3.10/dist-packages/airflow/example_dags/example_external_task_marker_dag.py
[2023-10-28T08:39:30.429+0000] {processor.py:809} INFO - DAG(s) dict_keys(['example_external_task_marker_child', 'example_external_task_marker_parent']) retrieved from /usr/local/lib/python3.10/dist-packages/airflow/example_dags/example_external_task_marker_dag.py
[2023-10-28T08:39:30.515+0000] {logging_mixin.py:149} INFO - [2023-10-28T08:39:30.515+0000] {dag.py:2726} INFO - Sync 2 DAGs
[2023-10-28T08:39:30.588+0000] {logging_mixin.py:149} INFO - [2023-10-28T08:39:30.587+0000] {dag.py:3486} INFO - Setting next_dagrun for example_external_task_marker_child to None, run_after=None
[2023-10-28T08:39:30.599+0000] {logging_mixin.py:149} INFO - [2023-10-28T08:39:30.599+0000] {dag.py:3486} INFO - Setting next_dagrun for example_external_task_marker_parent to None, run_after=None
[2023-10-28T08:39:30.657+0000] {processor.py:178} INFO - Processing /usr/local/lib/python3.10/dist-packages/airflow/example_dags/example_external_task_marker_dag.py took 0.254 seconds
