[2023-10-28T07:57:29.516+0000] {processor.py:156} INFO - Started process (PID=1491518) to work on /usr/local/lib/python3.10/dist-packages/airflow/example_dags/example_setup_teardown_taskflow.py
[2023-10-28T07:57:29.518+0000] {processor.py:799} INFO - Processing file /usr/local/lib/python3.10/dist-packages/airflow/example_dags/example_setup_teardown_taskflow.py for tasks to queue
[2023-10-28T07:57:29.520+0000] {logging_mixin.py:149} INFO - [2023-10-28T07:57:29.520+0000] {dagbag.py:541} INFO - Filling up the DagBag from /usr/local/lib/python3.10/dist-packages/airflow/example_dags/example_setup_teardown_taskflow.py
[2023-10-28T07:57:29.525+0000] {processor.py:811} WARNING - No viable dags retrieved from /usr/local/lib/python3.10/dist-packages/airflow/example_dags/example_setup_teardown_taskflow.py
[2023-10-28T07:57:29.550+0000] {processor.py:178} INFO - Processing /usr/local/lib/python3.10/dist-packages/airflow/example_dags/example_setup_teardown_taskflow.py took 0.040 seconds
[2023-10-28T07:58:40.099+0000] {processor.py:156} INFO - Started process (PID=1492002) to work on /usr/local/lib/python3.10/dist-packages/airflow/example_dags/example_setup_teardown_taskflow.py
[2023-10-28T07:58:40.137+0000] {processor.py:799} INFO - Processing file /usr/local/lib/python3.10/dist-packages/airflow/example_dags/example_setup_teardown_taskflow.py for tasks to queue
[2023-10-28T07:58:40.139+0000] {logging_mixin.py:149} INFO - [2023-10-28T07:58:40.139+0000] {dagbag.py:541} INFO - Filling up the DagBag from /usr/local/lib/python3.10/dist-packages/airflow/example_dags/example_setup_teardown_taskflow.py
[2023-10-28T07:58:40.144+0000] {processor.py:811} WARNING - No viable dags retrieved from /usr/local/lib/python3.10/dist-packages/airflow/example_dags/example_setup_teardown_taskflow.py
[2023-10-28T07:58:40.170+0000] {processor.py:178} INFO - Processing /usr/local/lib/python3.10/dist-packages/airflow/example_dags/example_setup_teardown_taskflow.py took 0.078 seconds
[2023-10-28T07:59:41.495+0000] {processor.py:156} INFO - Started process (PID=1492439) to work on /usr/local/lib/python3.10/dist-packages/airflow/example_dags/example_setup_teardown_taskflow.py
[2023-10-28T07:59:41.536+0000] {processor.py:799} INFO - Processing file /usr/local/lib/python3.10/dist-packages/airflow/example_dags/example_setup_teardown_taskflow.py for tasks to queue
[2023-10-28T07:59:41.538+0000] {logging_mixin.py:149} INFO - [2023-10-28T07:59:41.538+0000] {dagbag.py:541} INFO - Filling up the DagBag from /usr/local/lib/python3.10/dist-packages/airflow/example_dags/example_setup_teardown_taskflow.py
[2023-10-28T07:59:41.542+0000] {processor.py:811} WARNING - No viable dags retrieved from /usr/local/lib/python3.10/dist-packages/airflow/example_dags/example_setup_teardown_taskflow.py
[2023-10-28T07:59:41.570+0000] {processor.py:178} INFO - Processing /usr/local/lib/python3.10/dist-packages/airflow/example_dags/example_setup_teardown_taskflow.py took 0.081 seconds
[2023-10-28T08:15:23.790+0000] {processor.py:156} INFO - Started process (PID=1497820) to work on /usr/local/lib/python3.10/dist-packages/airflow/example_dags/example_setup_teardown_taskflow.py
[2023-10-28T08:15:23.828+0000] {processor.py:799} INFO - Processing file /usr/local/lib/python3.10/dist-packages/airflow/example_dags/example_setup_teardown_taskflow.py for tasks to queue
[2023-10-28T08:15:23.830+0000] {logging_mixin.py:149} INFO - [2023-10-28T08:15:23.830+0000] {dagbag.py:541} INFO - Filling up the DagBag from /usr/local/lib/python3.10/dist-packages/airflow/example_dags/example_setup_teardown_taskflow.py
[2023-10-28T08:15:23.837+0000] {processor.py:811} WARNING - No viable dags retrieved from /usr/local/lib/python3.10/dist-packages/airflow/example_dags/example_setup_teardown_taskflow.py
[2023-10-28T08:15:23.902+0000] {processor.py:178} INFO - Processing /usr/local/lib/python3.10/dist-packages/airflow/example_dags/example_setup_teardown_taskflow.py took 0.121 seconds
[2023-10-28T08:15:54.663+0000] {processor.py:156} INFO - Started process (PID=1498629) to work on /usr/local/lib/python3.10/dist-packages/airflow/example_dags/example_setup_teardown_taskflow.py
[2023-10-28T08:15:54.724+0000] {processor.py:799} INFO - Processing file /usr/local/lib/python3.10/dist-packages/airflow/example_dags/example_setup_teardown_taskflow.py for tasks to queue
[2023-10-28T08:15:54.726+0000] {logging_mixin.py:149} INFO - [2023-10-28T08:15:54.726+0000] {dagbag.py:541} INFO - Filling up the DagBag from /usr/local/lib/python3.10/dist-packages/airflow/example_dags/example_setup_teardown_taskflow.py
[2023-10-28T08:15:54.730+0000] {processor.py:811} WARNING - No viable dags retrieved from /usr/local/lib/python3.10/dist-packages/airflow/example_dags/example_setup_teardown_taskflow.py
[2023-10-28T08:15:54.774+0000] {processor.py:178} INFO - Processing /usr/local/lib/python3.10/dist-packages/airflow/example_dags/example_setup_teardown_taskflow.py took 0.117 seconds
[2023-10-28T08:16:25.492+0000] {processor.py:156} INFO - Started process (PID=1499971) to work on /usr/local/lib/python3.10/dist-packages/airflow/example_dags/example_setup_teardown_taskflow.py
[2023-10-28T08:16:25.494+0000] {processor.py:799} INFO - Processing file /usr/local/lib/python3.10/dist-packages/airflow/example_dags/example_setup_teardown_taskflow.py for tasks to queue
[2023-10-28T08:16:25.496+0000] {logging_mixin.py:149} INFO - [2023-10-28T08:16:25.495+0000] {dagbag.py:541} INFO - Filling up the DagBag from /usr/local/lib/python3.10/dist-packages/airflow/example_dags/example_setup_teardown_taskflow.py
[2023-10-28T08:16:25.500+0000] {processor.py:811} WARNING - No viable dags retrieved from /usr/local/lib/python3.10/dist-packages/airflow/example_dags/example_setup_teardown_taskflow.py
[2023-10-28T08:16:25.547+0000] {processor.py:178} INFO - Processing /usr/local/lib/python3.10/dist-packages/airflow/example_dags/example_setup_teardown_taskflow.py took 0.063 seconds
[2023-10-28T08:16:56.183+0000] {processor.py:156} INFO - Started process (PID=1500604) to work on /usr/local/lib/python3.10/dist-packages/airflow/example_dags/example_setup_teardown_taskflow.py
[2023-10-28T08:16:56.185+0000] {processor.py:799} INFO - Processing file /usr/local/lib/python3.10/dist-packages/airflow/example_dags/example_setup_teardown_taskflow.py for tasks to queue
[2023-10-28T08:16:56.187+0000] {logging_mixin.py:149} INFO - [2023-10-28T08:16:56.186+0000] {dagbag.py:541} INFO - Filling up the DagBag from /usr/local/lib/python3.10/dist-packages/airflow/example_dags/example_setup_teardown_taskflow.py
[2023-10-28T08:16:56.190+0000] {processor.py:811} WARNING - No viable dags retrieved from /usr/local/lib/python3.10/dist-packages/airflow/example_dags/example_setup_teardown_taskflow.py
[2023-10-28T08:16:56.235+0000] {processor.py:178} INFO - Processing /usr/local/lib/python3.10/dist-packages/airflow/example_dags/example_setup_teardown_taskflow.py took 0.058 seconds
[2023-10-28T08:17:26.875+0000] {processor.py:156} INFO - Started process (PID=1501101) to work on /usr/local/lib/python3.10/dist-packages/airflow/example_dags/example_setup_teardown_taskflow.py
[2023-10-28T08:17:26.878+0000] {processor.py:799} INFO - Processing file /usr/local/lib/python3.10/dist-packages/airflow/example_dags/example_setup_teardown_taskflow.py for tasks to queue
[2023-10-28T08:17:26.881+0000] {logging_mixin.py:149} INFO - [2023-10-28T08:17:26.880+0000] {dagbag.py:541} INFO - Filling up the DagBag from /usr/local/lib/python3.10/dist-packages/airflow/example_dags/example_setup_teardown_taskflow.py
[2023-10-28T08:17:26.885+0000] {processor.py:811} WARNING - No viable dags retrieved from /usr/local/lib/python3.10/dist-packages/airflow/example_dags/example_setup_teardown_taskflow.py
[2023-10-28T08:17:26.939+0000] {processor.py:178} INFO - Processing /usr/local/lib/python3.10/dist-packages/airflow/example_dags/example_setup_teardown_taskflow.py took 0.071 seconds
[2023-10-28T08:17:57.562+0000] {processor.py:156} INFO - Started process (PID=1501462) to work on /usr/local/lib/python3.10/dist-packages/airflow/example_dags/example_setup_teardown_taskflow.py
[2023-10-28T08:17:57.564+0000] {processor.py:799} INFO - Processing file /usr/local/lib/python3.10/dist-packages/airflow/example_dags/example_setup_teardown_taskflow.py for tasks to queue
[2023-10-28T08:17:57.566+0000] {logging_mixin.py:149} INFO - [2023-10-28T08:17:57.565+0000] {dagbag.py:541} INFO - Filling up the DagBag from /usr/local/lib/python3.10/dist-packages/airflow/example_dags/example_setup_teardown_taskflow.py
[2023-10-28T08:17:57.570+0000] {processor.py:811} WARNING - No viable dags retrieved from /usr/local/lib/python3.10/dist-packages/airflow/example_dags/example_setup_teardown_taskflow.py
[2023-10-28T08:17:57.621+0000] {processor.py:178} INFO - Processing /usr/local/lib/python3.10/dist-packages/airflow/example_dags/example_setup_teardown_taskflow.py took 0.066 seconds
[2023-10-28T08:18:28.199+0000] {processor.py:156} INFO - Started process (PID=1501841) to work on /usr/local/lib/python3.10/dist-packages/airflow/example_dags/example_setup_teardown_taskflow.py
[2023-10-28T08:18:28.253+0000] {processor.py:799} INFO - Processing file /usr/local/lib/python3.10/dist-packages/airflow/example_dags/example_setup_teardown_taskflow.py for tasks to queue
[2023-10-28T08:18:28.255+0000] {logging_mixin.py:149} INFO - [2023-10-28T08:18:28.254+0000] {dagbag.py:541} INFO - Filling up the DagBag from /usr/local/lib/python3.10/dist-packages/airflow/example_dags/example_setup_teardown_taskflow.py
[2023-10-28T08:18:28.259+0000] {processor.py:811} WARNING - No viable dags retrieved from /usr/local/lib/python3.10/dist-packages/airflow/example_dags/example_setup_teardown_taskflow.py
[2023-10-28T08:18:28.307+0000] {processor.py:178} INFO - Processing /usr/local/lib/python3.10/dist-packages/airflow/example_dags/example_setup_teardown_taskflow.py took 0.116 seconds
[2023-10-28T08:18:58.678+0000] {processor.py:156} INFO - Started process (PID=1502194) to work on /usr/local/lib/python3.10/dist-packages/airflow/example_dags/example_setup_teardown_taskflow.py
[2023-10-28T08:18:58.681+0000] {processor.py:799} INFO - Processing file /usr/local/lib/python3.10/dist-packages/airflow/example_dags/example_setup_teardown_taskflow.py for tasks to queue
[2023-10-28T08:18:58.683+0000] {logging_mixin.py:149} INFO - [2023-10-28T08:18:58.682+0000] {dagbag.py:541} INFO - Filling up the DagBag from /usr/local/lib/python3.10/dist-packages/airflow/example_dags/example_setup_teardown_taskflow.py
[2023-10-28T08:18:58.687+0000] {processor.py:811} WARNING - No viable dags retrieved from /usr/local/lib/python3.10/dist-packages/airflow/example_dags/example_setup_teardown_taskflow.py
[2023-10-28T08:18:58.736+0000] {processor.py:178} INFO - Processing /usr/local/lib/python3.10/dist-packages/airflow/example_dags/example_setup_teardown_taskflow.py took 0.065 seconds
[2023-10-28T08:19:29.165+0000] {processor.py:156} INFO - Started process (PID=1502587) to work on /usr/local/lib/python3.10/dist-packages/airflow/example_dags/example_setup_teardown_taskflow.py
[2023-10-28T08:19:29.167+0000] {processor.py:799} INFO - Processing file /usr/local/lib/python3.10/dist-packages/airflow/example_dags/example_setup_teardown_taskflow.py for tasks to queue
[2023-10-28T08:19:29.169+0000] {logging_mixin.py:149} INFO - [2023-10-28T08:19:29.169+0000] {dagbag.py:541} INFO - Filling up the DagBag from /usr/local/lib/python3.10/dist-packages/airflow/example_dags/example_setup_teardown_taskflow.py
[2023-10-28T08:19:29.174+0000] {processor.py:811} WARNING - No viable dags retrieved from /usr/local/lib/python3.10/dist-packages/airflow/example_dags/example_setup_teardown_taskflow.py
[2023-10-28T08:19:29.231+0000] {processor.py:178} INFO - Processing /usr/local/lib/python3.10/dist-packages/airflow/example_dags/example_setup_teardown_taskflow.py took 0.074 seconds
[2023-10-28T08:19:59.861+0000] {processor.py:156} INFO - Started process (PID=1502938) to work on /usr/local/lib/python3.10/dist-packages/airflow/example_dags/example_setup_teardown_taskflow.py
[2023-10-28T08:19:59.863+0000] {processor.py:799} INFO - Processing file /usr/local/lib/python3.10/dist-packages/airflow/example_dags/example_setup_teardown_taskflow.py for tasks to queue
[2023-10-28T08:19:59.865+0000] {logging_mixin.py:149} INFO - [2023-10-28T08:19:59.865+0000] {dagbag.py:541} INFO - Filling up the DagBag from /usr/local/lib/python3.10/dist-packages/airflow/example_dags/example_setup_teardown_taskflow.py
[2023-10-28T08:19:59.870+0000] {processor.py:811} WARNING - No viable dags retrieved from /usr/local/lib/python3.10/dist-packages/airflow/example_dags/example_setup_teardown_taskflow.py
[2023-10-28T08:19:59.919+0000] {processor.py:178} INFO - Processing /usr/local/lib/python3.10/dist-packages/airflow/example_dags/example_setup_teardown_taskflow.py took 0.066 seconds
[2023-10-28T08:20:30.373+0000] {processor.py:156} INFO - Started process (PID=1503451) to work on /usr/local/lib/python3.10/dist-packages/airflow/example_dags/example_setup_teardown_taskflow.py
[2023-10-28T08:20:30.376+0000] {processor.py:799} INFO - Processing file /usr/local/lib/python3.10/dist-packages/airflow/example_dags/example_setup_teardown_taskflow.py for tasks to queue
[2023-10-28T08:20:30.377+0000] {logging_mixin.py:149} INFO - [2023-10-28T08:20:30.377+0000] {dagbag.py:541} INFO - Filling up the DagBag from /usr/local/lib/python3.10/dist-packages/airflow/example_dags/example_setup_teardown_taskflow.py
[2023-10-28T08:20:30.381+0000] {processor.py:811} WARNING - No viable dags retrieved from /usr/local/lib/python3.10/dist-packages/airflow/example_dags/example_setup_teardown_taskflow.py
[2023-10-28T08:20:30.428+0000] {processor.py:178} INFO - Processing /usr/local/lib/python3.10/dist-packages/airflow/example_dags/example_setup_teardown_taskflow.py took 0.062 seconds
[2023-10-28T08:21:01.084+0000] {processor.py:156} INFO - Started process (PID=1503857) to work on /usr/local/lib/python3.10/dist-packages/airflow/example_dags/example_setup_teardown_taskflow.py
[2023-10-28T08:21:01.148+0000] {processor.py:799} INFO - Processing file /usr/local/lib/python3.10/dist-packages/airflow/example_dags/example_setup_teardown_taskflow.py for tasks to queue
[2023-10-28T08:21:01.150+0000] {logging_mixin.py:149} INFO - [2023-10-28T08:21:01.150+0000] {dagbag.py:541} INFO - Filling up the DagBag from /usr/local/lib/python3.10/dist-packages/airflow/example_dags/example_setup_teardown_taskflow.py
[2023-10-28T08:21:01.155+0000] {processor.py:811} WARNING - No viable dags retrieved from /usr/local/lib/python3.10/dist-packages/airflow/example_dags/example_setup_teardown_taskflow.py
[2023-10-28T08:21:01.202+0000] {processor.py:178} INFO - Processing /usr/local/lib/python3.10/dist-packages/airflow/example_dags/example_setup_teardown_taskflow.py took 0.124 seconds
[2023-10-28T08:21:32.112+0000] {processor.py:156} INFO - Started process (PID=1504502) to work on /usr/local/lib/python3.10/dist-packages/airflow/example_dags/example_setup_teardown_taskflow.py
[2023-10-28T08:21:32.114+0000] {processor.py:799} INFO - Processing file /usr/local/lib/python3.10/dist-packages/airflow/example_dags/example_setup_teardown_taskflow.py for tasks to queue
[2023-10-28T08:21:32.118+0000] {logging_mixin.py:149} INFO - [2023-10-28T08:21:32.117+0000] {dagbag.py:541} INFO - Filling up the DagBag from /usr/local/lib/python3.10/dist-packages/airflow/example_dags/example_setup_teardown_taskflow.py
[2023-10-28T08:21:32.122+0000] {processor.py:811} WARNING - No viable dags retrieved from /usr/local/lib/python3.10/dist-packages/airflow/example_dags/example_setup_teardown_taskflow.py
[2023-10-28T08:21:32.174+0000] {processor.py:178} INFO - Processing /usr/local/lib/python3.10/dist-packages/airflow/example_dags/example_setup_teardown_taskflow.py took 0.069 seconds
[2023-10-28T08:22:02.671+0000] {processor.py:156} INFO - Started process (PID=1505338) to work on /usr/local/lib/python3.10/dist-packages/airflow/example_dags/example_setup_teardown_taskflow.py
[2023-10-28T08:22:02.674+0000] {processor.py:799} INFO - Processing file /usr/local/lib/python3.10/dist-packages/airflow/example_dags/example_setup_teardown_taskflow.py for tasks to queue
[2023-10-28T08:22:02.676+0000] {logging_mixin.py:149} INFO - [2023-10-28T08:22:02.675+0000] {dagbag.py:541} INFO - Filling up the DagBag from /usr/local/lib/python3.10/dist-packages/airflow/example_dags/example_setup_teardown_taskflow.py
[2023-10-28T08:22:02.682+0000] {processor.py:811} WARNING - No viable dags retrieved from /usr/local/lib/python3.10/dist-packages/airflow/example_dags/example_setup_teardown_taskflow.py
[2023-10-28T08:22:02.734+0000] {processor.py:178} INFO - Processing /usr/local/lib/python3.10/dist-packages/airflow/example_dags/example_setup_teardown_taskflow.py took 0.071 seconds
[2023-10-28T08:22:33.530+0000] {processor.py:156} INFO - Started process (PID=1505856) to work on /usr/local/lib/python3.10/dist-packages/airflow/example_dags/example_setup_teardown_taskflow.py
[2023-10-28T08:22:33.565+0000] {processor.py:799} INFO - Processing file /usr/local/lib/python3.10/dist-packages/airflow/example_dags/example_setup_teardown_taskflow.py for tasks to queue
[2023-10-28T08:22:33.567+0000] {logging_mixin.py:149} INFO - [2023-10-28T08:22:33.566+0000] {dagbag.py:541} INFO - Filling up the DagBag from /usr/local/lib/python3.10/dist-packages/airflow/example_dags/example_setup_teardown_taskflow.py
[2023-10-28T08:22:33.570+0000] {processor.py:811} WARNING - No viable dags retrieved from /usr/local/lib/python3.10/dist-packages/airflow/example_dags/example_setup_teardown_taskflow.py
[2023-10-28T08:22:33.617+0000] {processor.py:178} INFO - Processing /usr/local/lib/python3.10/dist-packages/airflow/example_dags/example_setup_teardown_taskflow.py took 0.095 seconds
[2023-10-28T08:23:03.923+0000] {processor.py:156} INFO - Started process (PID=1506357) to work on /usr/local/lib/python3.10/dist-packages/airflow/example_dags/example_setup_teardown_taskflow.py
[2023-10-28T08:23:03.925+0000] {processor.py:799} INFO - Processing file /usr/local/lib/python3.10/dist-packages/airflow/example_dags/example_setup_teardown_taskflow.py for tasks to queue
[2023-10-28T08:23:03.929+0000] {logging_mixin.py:149} INFO - [2023-10-28T08:23:03.929+0000] {dagbag.py:541} INFO - Filling up the DagBag from /usr/local/lib/python3.10/dist-packages/airflow/example_dags/example_setup_teardown_taskflow.py
[2023-10-28T08:23:03.934+0000] {processor.py:811} WARNING - No viable dags retrieved from /usr/local/lib/python3.10/dist-packages/airflow/example_dags/example_setup_teardown_taskflow.py
[2023-10-28T08:23:03.983+0000] {processor.py:178} INFO - Processing /usr/local/lib/python3.10/dist-packages/airflow/example_dags/example_setup_teardown_taskflow.py took 0.070 seconds
[2023-10-28T08:23:34.301+0000] {processor.py:156} INFO - Started process (PID=1506838) to work on /usr/local/lib/python3.10/dist-packages/airflow/example_dags/example_setup_teardown_taskflow.py
[2023-10-28T08:23:34.304+0000] {processor.py:799} INFO - Processing file /usr/local/lib/python3.10/dist-packages/airflow/example_dags/example_setup_teardown_taskflow.py for tasks to queue
[2023-10-28T08:23:34.307+0000] {logging_mixin.py:149} INFO - [2023-10-28T08:23:34.306+0000] {dagbag.py:541} INFO - Filling up the DagBag from /usr/local/lib/python3.10/dist-packages/airflow/example_dags/example_setup_teardown_taskflow.py
[2023-10-28T08:23:34.313+0000] {processor.py:811} WARNING - No viable dags retrieved from /usr/local/lib/python3.10/dist-packages/airflow/example_dags/example_setup_teardown_taskflow.py
[2023-10-28T08:23:34.366+0000] {processor.py:178} INFO - Processing /usr/local/lib/python3.10/dist-packages/airflow/example_dags/example_setup_teardown_taskflow.py took 0.072 seconds
[2023-10-28T08:24:04.894+0000] {processor.py:156} INFO - Started process (PID=1507399) to work on /usr/local/lib/python3.10/dist-packages/airflow/example_dags/example_setup_teardown_taskflow.py
[2023-10-28T08:24:04.896+0000] {processor.py:799} INFO - Processing file /usr/local/lib/python3.10/dist-packages/airflow/example_dags/example_setup_teardown_taskflow.py for tasks to queue
[2023-10-28T08:24:04.898+0000] {logging_mixin.py:149} INFO - [2023-10-28T08:24:04.898+0000] {dagbag.py:541} INFO - Filling up the DagBag from /usr/local/lib/python3.10/dist-packages/airflow/example_dags/example_setup_teardown_taskflow.py
[2023-10-28T08:24:04.902+0000] {processor.py:811} WARNING - No viable dags retrieved from /usr/local/lib/python3.10/dist-packages/airflow/example_dags/example_setup_teardown_taskflow.py
[2023-10-28T08:24:04.953+0000] {processor.py:178} INFO - Processing /usr/local/lib/python3.10/dist-packages/airflow/example_dags/example_setup_teardown_taskflow.py took 0.066 seconds
[2023-10-28T08:24:35.865+0000] {processor.py:156} INFO - Started process (PID=1507981) to work on /usr/local/lib/python3.10/dist-packages/airflow/example_dags/example_setup_teardown_taskflow.py
[2023-10-28T08:24:35.868+0000] {processor.py:799} INFO - Processing file /usr/local/lib/python3.10/dist-packages/airflow/example_dags/example_setup_teardown_taskflow.py for tasks to queue
[2023-10-28T08:24:35.870+0000] {logging_mixin.py:149} INFO - [2023-10-28T08:24:35.869+0000] {dagbag.py:541} INFO - Filling up the DagBag from /usr/local/lib/python3.10/dist-packages/airflow/example_dags/example_setup_teardown_taskflow.py
[2023-10-28T08:24:35.875+0000] {processor.py:811} WARNING - No viable dags retrieved from /usr/local/lib/python3.10/dist-packages/airflow/example_dags/example_setup_teardown_taskflow.py
[2023-10-28T08:24:35.922+0000] {processor.py:178} INFO - Processing /usr/local/lib/python3.10/dist-packages/airflow/example_dags/example_setup_teardown_taskflow.py took 0.064 seconds
[2023-10-28T08:25:06.354+0000] {processor.py:156} INFO - Started process (PID=1508423) to work on /usr/local/lib/python3.10/dist-packages/airflow/example_dags/example_setup_teardown_taskflow.py
[2023-10-28T08:25:06.385+0000] {processor.py:799} INFO - Processing file /usr/local/lib/python3.10/dist-packages/airflow/example_dags/example_setup_teardown_taskflow.py for tasks to queue
[2023-10-28T08:25:06.387+0000] {logging_mixin.py:149} INFO - [2023-10-28T08:25:06.387+0000] {dagbag.py:541} INFO - Filling up the DagBag from /usr/local/lib/python3.10/dist-packages/airflow/example_dags/example_setup_teardown_taskflow.py
[2023-10-28T08:25:06.391+0000] {processor.py:811} WARNING - No viable dags retrieved from /usr/local/lib/python3.10/dist-packages/airflow/example_dags/example_setup_teardown_taskflow.py
[2023-10-28T08:25:06.440+0000] {processor.py:178} INFO - Processing /usr/local/lib/python3.10/dist-packages/airflow/example_dags/example_setup_teardown_taskflow.py took 0.092 seconds
[2023-10-28T08:25:37.004+0000] {processor.py:156} INFO - Started process (PID=1509220) to work on /usr/local/lib/python3.10/dist-packages/airflow/example_dags/example_setup_teardown_taskflow.py
[2023-10-28T08:25:37.064+0000] {processor.py:799} INFO - Processing file /usr/local/lib/python3.10/dist-packages/airflow/example_dags/example_setup_teardown_taskflow.py for tasks to queue
[2023-10-28T08:25:37.066+0000] {logging_mixin.py:149} INFO - [2023-10-28T08:25:37.066+0000] {dagbag.py:541} INFO - Filling up the DagBag from /usr/local/lib/python3.10/dist-packages/airflow/example_dags/example_setup_teardown_taskflow.py
[2023-10-28T08:25:37.071+0000] {processor.py:811} WARNING - No viable dags retrieved from /usr/local/lib/python3.10/dist-packages/airflow/example_dags/example_setup_teardown_taskflow.py
[2023-10-28T08:25:37.125+0000] {processor.py:178} INFO - Processing /usr/local/lib/python3.10/dist-packages/airflow/example_dags/example_setup_teardown_taskflow.py took 0.127 seconds
[2023-10-28T08:26:07.480+0000] {processor.py:156} INFO - Started process (PID=1509604) to work on /usr/local/lib/python3.10/dist-packages/airflow/example_dags/example_setup_teardown_taskflow.py
[2023-10-28T08:26:07.483+0000] {processor.py:799} INFO - Processing file /usr/local/lib/python3.10/dist-packages/airflow/example_dags/example_setup_teardown_taskflow.py for tasks to queue
[2023-10-28T08:26:07.485+0000] {logging_mixin.py:149} INFO - [2023-10-28T08:26:07.484+0000] {dagbag.py:541} INFO - Filling up the DagBag from /usr/local/lib/python3.10/dist-packages/airflow/example_dags/example_setup_teardown_taskflow.py
[2023-10-28T08:26:07.489+0000] {processor.py:811} WARNING - No viable dags retrieved from /usr/local/lib/python3.10/dist-packages/airflow/example_dags/example_setup_teardown_taskflow.py
[2023-10-28T08:26:07.539+0000] {processor.py:178} INFO - Processing /usr/local/lib/python3.10/dist-packages/airflow/example_dags/example_setup_teardown_taskflow.py took 0.066 seconds
[2023-10-28T08:26:38.094+0000] {processor.py:156} INFO - Started process (PID=1509955) to work on /usr/local/lib/python3.10/dist-packages/airflow/example_dags/example_setup_teardown_taskflow.py
[2023-10-28T08:26:38.097+0000] {processor.py:799} INFO - Processing file /usr/local/lib/python3.10/dist-packages/airflow/example_dags/example_setup_teardown_taskflow.py for tasks to queue
[2023-10-28T08:26:38.101+0000] {logging_mixin.py:149} INFO - [2023-10-28T08:26:38.100+0000] {dagbag.py:541} INFO - Filling up the DagBag from /usr/local/lib/python3.10/dist-packages/airflow/example_dags/example_setup_teardown_taskflow.py
[2023-10-28T08:26:38.106+0000] {processor.py:811} WARNING - No viable dags retrieved from /usr/local/lib/python3.10/dist-packages/airflow/example_dags/example_setup_teardown_taskflow.py
[2023-10-28T08:26:38.156+0000] {processor.py:178} INFO - Processing /usr/local/lib/python3.10/dist-packages/airflow/example_dags/example_setup_teardown_taskflow.py took 0.069 seconds
[2023-10-28T08:27:09.086+0000] {processor.py:156} INFO - Started process (PID=1510487) to work on /usr/local/lib/python3.10/dist-packages/airflow/example_dags/example_setup_teardown_taskflow.py
[2023-10-28T08:27:09.088+0000] {processor.py:799} INFO - Processing file /usr/local/lib/python3.10/dist-packages/airflow/example_dags/example_setup_teardown_taskflow.py for tasks to queue
[2023-10-28T08:27:09.090+0000] {logging_mixin.py:149} INFO - [2023-10-28T08:27:09.089+0000] {dagbag.py:541} INFO - Filling up the DagBag from /usr/local/lib/python3.10/dist-packages/airflow/example_dags/example_setup_teardown_taskflow.py
[2023-10-28T08:27:09.095+0000] {processor.py:811} WARNING - No viable dags retrieved from /usr/local/lib/python3.10/dist-packages/airflow/example_dags/example_setup_teardown_taskflow.py
[2023-10-28T08:27:09.150+0000] {processor.py:178} INFO - Processing /usr/local/lib/python3.10/dist-packages/airflow/example_dags/example_setup_teardown_taskflow.py took 0.072 seconds
[2023-10-28T08:27:39.748+0000] {processor.py:156} INFO - Started process (PID=1510891) to work on /usr/local/lib/python3.10/dist-packages/airflow/example_dags/example_setup_teardown_taskflow.py
[2023-10-28T08:27:39.809+0000] {processor.py:799} INFO - Processing file /usr/local/lib/python3.10/dist-packages/airflow/example_dags/example_setup_teardown_taskflow.py for tasks to queue
[2023-10-28T08:27:39.811+0000] {logging_mixin.py:149} INFO - [2023-10-28T08:27:39.810+0000] {dagbag.py:541} INFO - Filling up the DagBag from /usr/local/lib/python3.10/dist-packages/airflow/example_dags/example_setup_teardown_taskflow.py
[2023-10-28T08:27:39.815+0000] {processor.py:811} WARNING - No viable dags retrieved from /usr/local/lib/python3.10/dist-packages/airflow/example_dags/example_setup_teardown_taskflow.py
[2023-10-28T08:27:39.861+0000] {processor.py:178} INFO - Processing /usr/local/lib/python3.10/dist-packages/airflow/example_dags/example_setup_teardown_taskflow.py took 0.118 seconds
[2023-10-28T08:28:10.183+0000] {processor.py:156} INFO - Started process (PID=1511274) to work on /usr/local/lib/python3.10/dist-packages/airflow/example_dags/example_setup_teardown_taskflow.py
[2023-10-28T08:28:10.225+0000] {processor.py:799} INFO - Processing file /usr/local/lib/python3.10/dist-packages/airflow/example_dags/example_setup_teardown_taskflow.py for tasks to queue
[2023-10-28T08:28:10.227+0000] {logging_mixin.py:149} INFO - [2023-10-28T08:28:10.226+0000] {dagbag.py:541} INFO - Filling up the DagBag from /usr/local/lib/python3.10/dist-packages/airflow/example_dags/example_setup_teardown_taskflow.py
[2023-10-28T08:28:10.231+0000] {processor.py:811} WARNING - No viable dags retrieved from /usr/local/lib/python3.10/dist-packages/airflow/example_dags/example_setup_teardown_taskflow.py
[2023-10-28T08:28:10.283+0000] {processor.py:178} INFO - Processing /usr/local/lib/python3.10/dist-packages/airflow/example_dags/example_setup_teardown_taskflow.py took 0.108 seconds
[2023-10-28T08:28:40.617+0000] {processor.py:156} INFO - Started process (PID=1511628) to work on /usr/local/lib/python3.10/dist-packages/airflow/example_dags/example_setup_teardown_taskflow.py
[2023-10-28T08:28:40.640+0000] {processor.py:799} INFO - Processing file /usr/local/lib/python3.10/dist-packages/airflow/example_dags/example_setup_teardown_taskflow.py for tasks to queue
[2023-10-28T08:28:40.643+0000] {logging_mixin.py:149} INFO - [2023-10-28T08:28:40.642+0000] {dagbag.py:541} INFO - Filling up the DagBag from /usr/local/lib/python3.10/dist-packages/airflow/example_dags/example_setup_teardown_taskflow.py
[2023-10-28T08:28:40.647+0000] {processor.py:811} WARNING - No viable dags retrieved from /usr/local/lib/python3.10/dist-packages/airflow/example_dags/example_setup_teardown_taskflow.py
[2023-10-28T08:28:40.697+0000] {processor.py:178} INFO - Processing /usr/local/lib/python3.10/dist-packages/airflow/example_dags/example_setup_teardown_taskflow.py took 0.088 seconds
[2023-10-28T08:29:11.573+0000] {processor.py:156} INFO - Started process (PID=1512027) to work on /usr/local/lib/python3.10/dist-packages/airflow/example_dags/example_setup_teardown_taskflow.py
[2023-10-28T08:29:11.624+0000] {processor.py:799} INFO - Processing file /usr/local/lib/python3.10/dist-packages/airflow/example_dags/example_setup_teardown_taskflow.py for tasks to queue
[2023-10-28T08:29:11.626+0000] {logging_mixin.py:149} INFO - [2023-10-28T08:29:11.625+0000] {dagbag.py:541} INFO - Filling up the DagBag from /usr/local/lib/python3.10/dist-packages/airflow/example_dags/example_setup_teardown_taskflow.py
[2023-10-28T08:29:11.630+0000] {processor.py:811} WARNING - No viable dags retrieved from /usr/local/lib/python3.10/dist-packages/airflow/example_dags/example_setup_teardown_taskflow.py
[2023-10-28T08:29:11.680+0000] {processor.py:178} INFO - Processing /usr/local/lib/python3.10/dist-packages/airflow/example_dags/example_setup_teardown_taskflow.py took 0.113 seconds
[2023-10-28T08:29:42.011+0000] {processor.py:156} INFO - Started process (PID=1512384) to work on /usr/local/lib/python3.10/dist-packages/airflow/example_dags/example_setup_teardown_taskflow.py
[2023-10-28T08:29:42.068+0000] {processor.py:799} INFO - Processing file /usr/local/lib/python3.10/dist-packages/airflow/example_dags/example_setup_teardown_taskflow.py for tasks to queue
[2023-10-28T08:29:42.070+0000] {logging_mixin.py:149} INFO - [2023-10-28T08:29:42.070+0000] {dagbag.py:541} INFO - Filling up the DagBag from /usr/local/lib/python3.10/dist-packages/airflow/example_dags/example_setup_teardown_taskflow.py
[2023-10-28T08:29:42.074+0000] {processor.py:811} WARNING - No viable dags retrieved from /usr/local/lib/python3.10/dist-packages/airflow/example_dags/example_setup_teardown_taskflow.py
[2023-10-28T08:29:42.129+0000] {processor.py:178} INFO - Processing /usr/local/lib/python3.10/dist-packages/airflow/example_dags/example_setup_teardown_taskflow.py took 0.123 seconds
[2023-10-28T08:30:12.530+0000] {processor.py:156} INFO - Started process (PID=1512762) to work on /usr/local/lib/python3.10/dist-packages/airflow/example_dags/example_setup_teardown_taskflow.py
[2023-10-28T08:30:12.533+0000] {processor.py:799} INFO - Processing file /usr/local/lib/python3.10/dist-packages/airflow/example_dags/example_setup_teardown_taskflow.py for tasks to queue
[2023-10-28T08:30:12.535+0000] {logging_mixin.py:149} INFO - [2023-10-28T08:30:12.535+0000] {dagbag.py:541} INFO - Filling up the DagBag from /usr/local/lib/python3.10/dist-packages/airflow/example_dags/example_setup_teardown_taskflow.py
[2023-10-28T08:30:12.539+0000] {processor.py:811} WARNING - No viable dags retrieved from /usr/local/lib/python3.10/dist-packages/airflow/example_dags/example_setup_teardown_taskflow.py
[2023-10-28T08:30:12.594+0000] {processor.py:178} INFO - Processing /usr/local/lib/python3.10/dist-packages/airflow/example_dags/example_setup_teardown_taskflow.py took 0.070 seconds
[2023-10-28T08:30:43.291+0000] {processor.py:156} INFO - Started process (PID=1513375) to work on /usr/local/lib/python3.10/dist-packages/airflow/example_dags/example_setup_teardown_taskflow.py
[2023-10-28T08:30:43.295+0000] {processor.py:799} INFO - Processing file /usr/local/lib/python3.10/dist-packages/airflow/example_dags/example_setup_teardown_taskflow.py for tasks to queue
[2023-10-28T08:30:43.297+0000] {logging_mixin.py:149} INFO - [2023-10-28T08:30:43.296+0000] {dagbag.py:541} INFO - Filling up the DagBag from /usr/local/lib/python3.10/dist-packages/airflow/example_dags/example_setup_teardown_taskflow.py
[2023-10-28T08:30:43.301+0000] {processor.py:811} WARNING - No viable dags retrieved from /usr/local/lib/python3.10/dist-packages/airflow/example_dags/example_setup_teardown_taskflow.py
[2023-10-28T08:30:43.354+0000] {processor.py:178} INFO - Processing /usr/local/lib/python3.10/dist-packages/airflow/example_dags/example_setup_teardown_taskflow.py took 0.070 seconds
[2023-10-28T08:31:14.607+0000] {processor.py:156} INFO - Started process (PID=1513813) to work on /usr/local/lib/python3.10/dist-packages/airflow/example_dags/example_setup_teardown_taskflow.py
[2023-10-28T08:31:14.609+0000] {processor.py:799} INFO - Processing file /usr/local/lib/python3.10/dist-packages/airflow/example_dags/example_setup_teardown_taskflow.py for tasks to queue
[2023-10-28T08:31:14.611+0000] {logging_mixin.py:149} INFO - [2023-10-28T08:31:14.610+0000] {dagbag.py:541} INFO - Filling up the DagBag from /usr/local/lib/python3.10/dist-packages/airflow/example_dags/example_setup_teardown_taskflow.py
[2023-10-28T08:31:14.615+0000] {processor.py:811} WARNING - No viable dags retrieved from /usr/local/lib/python3.10/dist-packages/airflow/example_dags/example_setup_teardown_taskflow.py
[2023-10-28T08:31:14.661+0000] {processor.py:178} INFO - Processing /usr/local/lib/python3.10/dist-packages/airflow/example_dags/example_setup_teardown_taskflow.py took 0.061 seconds
[2023-10-28T08:31:45.881+0000] {processor.py:156} INFO - Started process (PID=1514427) to work on /usr/local/lib/python3.10/dist-packages/airflow/example_dags/example_setup_teardown_taskflow.py
[2023-10-28T08:31:45.917+0000] {processor.py:799} INFO - Processing file /usr/local/lib/python3.10/dist-packages/airflow/example_dags/example_setup_teardown_taskflow.py for tasks to queue
[2023-10-28T08:31:45.919+0000] {logging_mixin.py:149} INFO - [2023-10-28T08:31:45.918+0000] {dagbag.py:541} INFO - Filling up the DagBag from /usr/local/lib/python3.10/dist-packages/airflow/example_dags/example_setup_teardown_taskflow.py
[2023-10-28T08:31:45.923+0000] {processor.py:811} WARNING - No viable dags retrieved from /usr/local/lib/python3.10/dist-packages/airflow/example_dags/example_setup_teardown_taskflow.py
[2023-10-28T08:31:45.974+0000] {processor.py:178} INFO - Processing /usr/local/lib/python3.10/dist-packages/airflow/example_dags/example_setup_teardown_taskflow.py took 0.101 seconds
[2023-10-28T08:32:17.009+0000] {processor.py:156} INFO - Started process (PID=1515062) to work on /usr/local/lib/python3.10/dist-packages/airflow/example_dags/example_setup_teardown_taskflow.py
[2023-10-28T08:32:17.012+0000] {processor.py:799} INFO - Processing file /usr/local/lib/python3.10/dist-packages/airflow/example_dags/example_setup_teardown_taskflow.py for tasks to queue
[2023-10-28T08:32:17.014+0000] {logging_mixin.py:149} INFO - [2023-10-28T08:32:17.013+0000] {dagbag.py:541} INFO - Filling up the DagBag from /usr/local/lib/python3.10/dist-packages/airflow/example_dags/example_setup_teardown_taskflow.py
[2023-10-28T08:32:17.020+0000] {processor.py:811} WARNING - No viable dags retrieved from /usr/local/lib/python3.10/dist-packages/airflow/example_dags/example_setup_teardown_taskflow.py
[2023-10-28T08:32:17.074+0000] {processor.py:178} INFO - Processing /usr/local/lib/python3.10/dist-packages/airflow/example_dags/example_setup_teardown_taskflow.py took 0.074 seconds
[2023-10-28T08:32:47.429+0000] {processor.py:156} INFO - Started process (PID=1515654) to work on /usr/local/lib/python3.10/dist-packages/airflow/example_dags/example_setup_teardown_taskflow.py
[2023-10-28T08:32:47.464+0000] {processor.py:799} INFO - Processing file /usr/local/lib/python3.10/dist-packages/airflow/example_dags/example_setup_teardown_taskflow.py for tasks to queue
[2023-10-28T08:32:47.466+0000] {logging_mixin.py:149} INFO - [2023-10-28T08:32:47.466+0000] {dagbag.py:541} INFO - Filling up the DagBag from /usr/local/lib/python3.10/dist-packages/airflow/example_dags/example_setup_teardown_taskflow.py
[2023-10-28T08:32:47.471+0000] {processor.py:811} WARNING - No viable dags retrieved from /usr/local/lib/python3.10/dist-packages/airflow/example_dags/example_setup_teardown_taskflow.py
[2023-10-28T08:32:47.524+0000] {processor.py:178} INFO - Processing /usr/local/lib/python3.10/dist-packages/airflow/example_dags/example_setup_teardown_taskflow.py took 0.102 seconds
[2023-10-28T08:33:17.989+0000] {processor.py:156} INFO - Started process (PID=1516130) to work on /usr/local/lib/python3.10/dist-packages/airflow/example_dags/example_setup_teardown_taskflow.py
[2023-10-28T08:33:17.990+0000] {processor.py:799} INFO - Processing file /usr/local/lib/python3.10/dist-packages/airflow/example_dags/example_setup_teardown_taskflow.py for tasks to queue
[2023-10-28T08:33:17.993+0000] {logging_mixin.py:149} INFO - [2023-10-28T08:33:17.992+0000] {dagbag.py:541} INFO - Filling up the DagBag from /usr/local/lib/python3.10/dist-packages/airflow/example_dags/example_setup_teardown_taskflow.py
[2023-10-28T08:33:17.997+0000] {processor.py:811} WARNING - No viable dags retrieved from /usr/local/lib/python3.10/dist-packages/airflow/example_dags/example_setup_teardown_taskflow.py
[2023-10-28T08:33:18.050+0000] {processor.py:178} INFO - Processing /usr/local/lib/python3.10/dist-packages/airflow/example_dags/example_setup_teardown_taskflow.py took 0.070 seconds
[2023-10-28T08:33:48.812+0000] {processor.py:156} INFO - Started process (PID=1516487) to work on /usr/local/lib/python3.10/dist-packages/airflow/example_dags/example_setup_teardown_taskflow.py
[2023-10-28T08:33:48.873+0000] {processor.py:799} INFO - Processing file /usr/local/lib/python3.10/dist-packages/airflow/example_dags/example_setup_teardown_taskflow.py for tasks to queue
[2023-10-28T08:33:48.875+0000] {logging_mixin.py:149} INFO - [2023-10-28T08:33:48.875+0000] {dagbag.py:541} INFO - Filling up the DagBag from /usr/local/lib/python3.10/dist-packages/airflow/example_dags/example_setup_teardown_taskflow.py
[2023-10-28T08:33:48.879+0000] {processor.py:811} WARNING - No viable dags retrieved from /usr/local/lib/python3.10/dist-packages/airflow/example_dags/example_setup_teardown_taskflow.py
[2023-10-28T08:33:48.927+0000] {processor.py:178} INFO - Processing /usr/local/lib/python3.10/dist-packages/airflow/example_dags/example_setup_teardown_taskflow.py took 0.121 seconds
[2023-10-28T08:34:19.403+0000] {processor.py:156} INFO - Started process (PID=1516883) to work on /usr/local/lib/python3.10/dist-packages/airflow/example_dags/example_setup_teardown_taskflow.py
[2023-10-28T08:34:19.406+0000] {processor.py:799} INFO - Processing file /usr/local/lib/python3.10/dist-packages/airflow/example_dags/example_setup_teardown_taskflow.py for tasks to queue
[2023-10-28T08:34:19.408+0000] {logging_mixin.py:149} INFO - [2023-10-28T08:34:19.407+0000] {dagbag.py:541} INFO - Filling up the DagBag from /usr/local/lib/python3.10/dist-packages/airflow/example_dags/example_setup_teardown_taskflow.py
[2023-10-28T08:34:19.412+0000] {processor.py:811} WARNING - No viable dags retrieved from /usr/local/lib/python3.10/dist-packages/airflow/example_dags/example_setup_teardown_taskflow.py
[2023-10-28T08:34:19.461+0000] {processor.py:178} INFO - Processing /usr/local/lib/python3.10/dist-packages/airflow/example_dags/example_setup_teardown_taskflow.py took 0.066 seconds
[2023-10-28T08:34:50.320+0000] {processor.py:156} INFO - Started process (PID=1517245) to work on /usr/local/lib/python3.10/dist-packages/airflow/example_dags/example_setup_teardown_taskflow.py
[2023-10-28T08:34:50.323+0000] {processor.py:799} INFO - Processing file /usr/local/lib/python3.10/dist-packages/airflow/example_dags/example_setup_teardown_taskflow.py for tasks to queue
[2023-10-28T08:34:50.325+0000] {logging_mixin.py:149} INFO - [2023-10-28T08:34:50.325+0000] {dagbag.py:541} INFO - Filling up the DagBag from /usr/local/lib/python3.10/dist-packages/airflow/example_dags/example_setup_teardown_taskflow.py
[2023-10-28T08:34:50.329+0000] {processor.py:811} WARNING - No viable dags retrieved from /usr/local/lib/python3.10/dist-packages/airflow/example_dags/example_setup_teardown_taskflow.py
[2023-10-28T08:34:50.377+0000] {processor.py:178} INFO - Processing /usr/local/lib/python3.10/dist-packages/airflow/example_dags/example_setup_teardown_taskflow.py took 0.064 seconds
[2023-10-28T08:35:21.375+0000] {processor.py:156} INFO - Started process (PID=1517800) to work on /usr/local/lib/python3.10/dist-packages/airflow/example_dags/example_setup_teardown_taskflow.py
[2023-10-28T08:35:21.377+0000] {processor.py:799} INFO - Processing file /usr/local/lib/python3.10/dist-packages/airflow/example_dags/example_setup_teardown_taskflow.py for tasks to queue
[2023-10-28T08:35:21.379+0000] {logging_mixin.py:149} INFO - [2023-10-28T08:35:21.379+0000] {dagbag.py:541} INFO - Filling up the DagBag from /usr/local/lib/python3.10/dist-packages/airflow/example_dags/example_setup_teardown_taskflow.py
[2023-10-28T08:35:21.384+0000] {processor.py:811} WARNING - No viable dags retrieved from /usr/local/lib/python3.10/dist-packages/airflow/example_dags/example_setup_teardown_taskflow.py
[2023-10-28T08:35:21.437+0000] {processor.py:178} INFO - Processing /usr/local/lib/python3.10/dist-packages/airflow/example_dags/example_setup_teardown_taskflow.py took 0.069 seconds
[2023-10-28T08:35:51.694+0000] {processor.py:156} INFO - Started process (PID=1518253) to work on /usr/local/lib/python3.10/dist-packages/airflow/example_dags/example_setup_teardown_taskflow.py
[2023-10-28T08:35:51.696+0000] {processor.py:799} INFO - Processing file /usr/local/lib/python3.10/dist-packages/airflow/example_dags/example_setup_teardown_taskflow.py for tasks to queue
[2023-10-28T08:35:51.699+0000] {logging_mixin.py:149} INFO - [2023-10-28T08:35:51.698+0000] {dagbag.py:541} INFO - Filling up the DagBag from /usr/local/lib/python3.10/dist-packages/airflow/example_dags/example_setup_teardown_taskflow.py
[2023-10-28T08:35:51.704+0000] {processor.py:811} WARNING - No viable dags retrieved from /usr/local/lib/python3.10/dist-packages/airflow/example_dags/example_setup_teardown_taskflow.py
[2023-10-28T08:35:51.750+0000] {processor.py:178} INFO - Processing /usr/local/lib/python3.10/dist-packages/airflow/example_dags/example_setup_teardown_taskflow.py took 0.064 seconds
[2023-10-28T08:36:22.194+0000] {processor.py:156} INFO - Started process (PID=1518640) to work on /usr/local/lib/python3.10/dist-packages/airflow/example_dags/example_setup_teardown_taskflow.py
[2023-10-28T08:36:22.196+0000] {processor.py:799} INFO - Processing file /usr/local/lib/python3.10/dist-packages/airflow/example_dags/example_setup_teardown_taskflow.py for tasks to queue
[2023-10-28T08:36:22.198+0000] {logging_mixin.py:149} INFO - [2023-10-28T08:36:22.197+0000] {dagbag.py:541} INFO - Filling up the DagBag from /usr/local/lib/python3.10/dist-packages/airflow/example_dags/example_setup_teardown_taskflow.py
[2023-10-28T08:36:22.201+0000] {processor.py:811} WARNING - No viable dags retrieved from /usr/local/lib/python3.10/dist-packages/airflow/example_dags/example_setup_teardown_taskflow.py
[2023-10-28T08:36:22.245+0000] {processor.py:178} INFO - Processing /usr/local/lib/python3.10/dist-packages/airflow/example_dags/example_setup_teardown_taskflow.py took 0.057 seconds
[2023-10-28T08:36:52.669+0000] {processor.py:156} INFO - Started process (PID=1518998) to work on /usr/local/lib/python3.10/dist-packages/airflow/example_dags/example_setup_teardown_taskflow.py
[2023-10-28T08:36:52.670+0000] {processor.py:799} INFO - Processing file /usr/local/lib/python3.10/dist-packages/airflow/example_dags/example_setup_teardown_taskflow.py for tasks to queue
[2023-10-28T08:36:52.672+0000] {logging_mixin.py:149} INFO - [2023-10-28T08:36:52.672+0000] {dagbag.py:541} INFO - Filling up the DagBag from /usr/local/lib/python3.10/dist-packages/airflow/example_dags/example_setup_teardown_taskflow.py
[2023-10-28T08:36:52.676+0000] {processor.py:811} WARNING - No viable dags retrieved from /usr/local/lib/python3.10/dist-packages/airflow/example_dags/example_setup_teardown_taskflow.py
[2023-10-28T08:36:52.726+0000] {processor.py:178} INFO - Processing /usr/local/lib/python3.10/dist-packages/airflow/example_dags/example_setup_teardown_taskflow.py took 0.064 seconds
[2023-10-28T08:37:23.218+0000] {processor.py:156} INFO - Started process (PID=1519495) to work on /usr/local/lib/python3.10/dist-packages/airflow/example_dags/example_setup_teardown_taskflow.py
[2023-10-28T08:37:23.222+0000] {processor.py:799} INFO - Processing file /usr/local/lib/python3.10/dist-packages/airflow/example_dags/example_setup_teardown_taskflow.py for tasks to queue
[2023-10-28T08:37:23.224+0000] {logging_mixin.py:149} INFO - [2023-10-28T08:37:23.223+0000] {dagbag.py:541} INFO - Filling up the DagBag from /usr/local/lib/python3.10/dist-packages/airflow/example_dags/example_setup_teardown_taskflow.py
[2023-10-28T08:37:23.228+0000] {processor.py:811} WARNING - No viable dags retrieved from /usr/local/lib/python3.10/dist-packages/airflow/example_dags/example_setup_teardown_taskflow.py
[2023-10-28T08:37:23.277+0000] {processor.py:178} INFO - Processing /usr/local/lib/python3.10/dist-packages/airflow/example_dags/example_setup_teardown_taskflow.py took 0.066 seconds
[2023-10-28T08:37:53.861+0000] {processor.py:156} INFO - Started process (PID=1519855) to work on /usr/local/lib/python3.10/dist-packages/airflow/example_dags/example_setup_teardown_taskflow.py
[2023-10-28T08:37:53.863+0000] {processor.py:799} INFO - Processing file /usr/local/lib/python3.10/dist-packages/airflow/example_dags/example_setup_teardown_taskflow.py for tasks to queue
[2023-10-28T08:37:53.865+0000] {logging_mixin.py:149} INFO - [2023-10-28T08:37:53.864+0000] {dagbag.py:541} INFO - Filling up the DagBag from /usr/local/lib/python3.10/dist-packages/airflow/example_dags/example_setup_teardown_taskflow.py
[2023-10-28T08:37:53.868+0000] {processor.py:811} WARNING - No viable dags retrieved from /usr/local/lib/python3.10/dist-packages/airflow/example_dags/example_setup_teardown_taskflow.py
[2023-10-28T08:37:53.913+0000] {processor.py:178} INFO - Processing /usr/local/lib/python3.10/dist-packages/airflow/example_dags/example_setup_teardown_taskflow.py took 0.057 seconds
[2023-10-28T08:38:24.869+0000] {processor.py:156} INFO - Started process (PID=1520409) to work on /usr/local/lib/python3.10/dist-packages/airflow/example_dags/example_setup_teardown_taskflow.py
[2023-10-28T08:38:24.893+0000] {processor.py:799} INFO - Processing file /usr/local/lib/python3.10/dist-packages/airflow/example_dags/example_setup_teardown_taskflow.py for tasks to queue
[2023-10-28T08:38:24.895+0000] {logging_mixin.py:149} INFO - [2023-10-28T08:38:24.895+0000] {dagbag.py:541} INFO - Filling up the DagBag from /usr/local/lib/python3.10/dist-packages/airflow/example_dags/example_setup_teardown_taskflow.py
[2023-10-28T08:38:24.899+0000] {processor.py:811} WARNING - No viable dags retrieved from /usr/local/lib/python3.10/dist-packages/airflow/example_dags/example_setup_teardown_taskflow.py
[2023-10-28T08:38:24.947+0000] {processor.py:178} INFO - Processing /usr/local/lib/python3.10/dist-packages/airflow/example_dags/example_setup_teardown_taskflow.py took 0.085 seconds
[2023-10-28T08:38:55.571+0000] {processor.py:156} INFO - Started process (PID=1520920) to work on /usr/local/lib/python3.10/dist-packages/airflow/example_dags/example_setup_teardown_taskflow.py
[2023-10-28T08:38:55.573+0000] {processor.py:799} INFO - Processing file /usr/local/lib/python3.10/dist-packages/airflow/example_dags/example_setup_teardown_taskflow.py for tasks to queue
[2023-10-28T08:38:55.575+0000] {logging_mixin.py:149} INFO - [2023-10-28T08:38:55.574+0000] {dagbag.py:541} INFO - Filling up the DagBag from /usr/local/lib/python3.10/dist-packages/airflow/example_dags/example_setup_teardown_taskflow.py
[2023-10-28T08:38:55.579+0000] {processor.py:811} WARNING - No viable dags retrieved from /usr/local/lib/python3.10/dist-packages/airflow/example_dags/example_setup_teardown_taskflow.py
[2023-10-28T08:38:55.627+0000] {processor.py:178} INFO - Processing /usr/local/lib/python3.10/dist-packages/airflow/example_dags/example_setup_teardown_taskflow.py took 0.063 seconds
[2023-10-28T08:39:27.050+0000] {processor.py:156} INFO - Started process (PID=1521436) to work on /usr/local/lib/python3.10/dist-packages/airflow/example_dags/example_setup_teardown_taskflow.py
[2023-10-28T08:39:27.088+0000] {processor.py:799} INFO - Processing file /usr/local/lib/python3.10/dist-packages/airflow/example_dags/example_setup_teardown_taskflow.py for tasks to queue
[2023-10-28T08:39:27.090+0000] {logging_mixin.py:149} INFO - [2023-10-28T08:39:27.090+0000] {dagbag.py:541} INFO - Filling up the DagBag from /usr/local/lib/python3.10/dist-packages/airflow/example_dags/example_setup_teardown_taskflow.py
[2023-10-28T08:39:27.094+0000] {processor.py:811} WARNING - No viable dags retrieved from /usr/local/lib/python3.10/dist-packages/airflow/example_dags/example_setup_teardown_taskflow.py
[2023-10-28T08:39:27.143+0000] {processor.py:178} INFO - Processing /usr/local/lib/python3.10/dist-packages/airflow/example_dags/example_setup_teardown_taskflow.py took 0.100 seconds
