[2023-10-28T07:57:32.998+0000] {processor.py:156} INFO - Started process (PID=1491542) to work on /usr/local/lib/python3.10/dist-packages/airflow/example_dags/example_short_circuit_decorator.py
[2023-10-28T07:57:33.000+0000] {processor.py:799} INFO - Processing file /usr/local/lib/python3.10/dist-packages/airflow/example_dags/example_short_circuit_decorator.py for tasks to queue
[2023-10-28T07:57:33.002+0000] {logging_mixin.py:149} INFO - [2023-10-28T07:57:33.002+0000] {dagbag.py:541} INFO - Filling up the DagBag from /usr/local/lib/python3.10/dist-packages/airflow/example_dags/example_short_circuit_decorator.py
[2023-10-28T07:57:33.026+0000] {processor.py:809} INFO - DAG(s) dict_keys(['example_short_circuit_decorator']) retrieved from /usr/local/lib/python3.10/dist-packages/airflow/example_dags/example_short_circuit_decorator.py
[2023-10-28T07:57:33.548+0000] {logging_mixin.py:149} INFO - [2023-10-28T07:57:33.547+0000] {manager.py:504} INFO - Created Permission View: can read on DAG:example_short_circuit_decorator
[2023-10-28T07:57:33.576+0000] {logging_mixin.py:149} INFO - [2023-10-28T07:57:33.576+0000] {manager.py:504} INFO - Created Permission View: can edit on DAG:example_short_circuit_decorator
[2023-10-28T07:57:33.599+0000] {logging_mixin.py:149} INFO - [2023-10-28T07:57:33.599+0000] {manager.py:504} INFO - Created Permission View: can delete on DAG:example_short_circuit_decorator
[2023-10-28T07:57:33.600+0000] {logging_mixin.py:149} INFO - [2023-10-28T07:57:33.600+0000] {dag.py:2726} INFO - Sync 1 DAGs
[2023-10-28T07:57:33.628+0000] {logging_mixin.py:149} INFO - [2023-10-28T07:57:33.628+0000] {dag.py:2747} INFO - Creating ORM DAG for example_short_circuit_decorator
[2023-10-28T07:57:33.653+0000] {logging_mixin.py:149} INFO - [2023-10-28T07:57:33.653+0000] {dag.py:3486} INFO - Setting next_dagrun for example_short_circuit_decorator to 2023-10-27T07:57:33.652485+00:00, run_after=2023-10-28T07:57:33.652485+00:00
[2023-10-28T07:57:33.747+0000] {processor.py:178} INFO - Processing /usr/local/lib/python3.10/dist-packages/airflow/example_dags/example_short_circuit_decorator.py took 0.757 seconds
[2023-10-28T07:58:43.740+0000] {processor.py:156} INFO - Started process (PID=1492056) to work on /usr/local/lib/python3.10/dist-packages/airflow/example_dags/example_short_circuit_decorator.py
[2023-10-28T07:58:43.777+0000] {processor.py:799} INFO - Processing file /usr/local/lib/python3.10/dist-packages/airflow/example_dags/example_short_circuit_decorator.py for tasks to queue
[2023-10-28T07:58:43.779+0000] {logging_mixin.py:149} INFO - [2023-10-28T07:58:43.779+0000] {dagbag.py:541} INFO - Filling up the DagBag from /usr/local/lib/python3.10/dist-packages/airflow/example_dags/example_short_circuit_decorator.py
[2023-10-28T07:58:43.806+0000] {processor.py:809} INFO - DAG(s) dict_keys(['example_short_circuit_decorator']) retrieved from /usr/local/lib/python3.10/dist-packages/airflow/example_dags/example_short_circuit_decorator.py
[2023-10-28T07:58:44.076+0000] {logging_mixin.py:149} INFO - [2023-10-28T07:58:44.075+0000] {dag.py:2726} INFO - Sync 1 DAGs
[2023-10-28T07:58:44.128+0000] {logging_mixin.py:149} INFO - [2023-10-28T07:58:44.127+0000] {dag.py:3486} INFO - Setting next_dagrun for example_short_circuit_decorator to 2023-10-27T07:58:44.127311+00:00, run_after=2023-10-28T07:58:44.127311+00:00
[2023-10-28T07:58:44.186+0000] {processor.py:178} INFO - Processing /usr/local/lib/python3.10/dist-packages/airflow/example_dags/example_short_circuit_decorator.py took 0.454 seconds
[2023-10-28T07:59:45.314+0000] {processor.py:156} INFO - Started process (PID=1492462) to work on /usr/local/lib/python3.10/dist-packages/airflow/example_dags/example_short_circuit_decorator.py
[2023-10-28T07:59:45.349+0000] {processor.py:799} INFO - Processing file /usr/local/lib/python3.10/dist-packages/airflow/example_dags/example_short_circuit_decorator.py for tasks to queue
[2023-10-28T07:59:45.351+0000] {logging_mixin.py:149} INFO - [2023-10-28T07:59:45.351+0000] {dagbag.py:541} INFO - Filling up the DagBag from /usr/local/lib/python3.10/dist-packages/airflow/example_dags/example_short_circuit_decorator.py
[2023-10-28T07:59:45.376+0000] {processor.py:809} INFO - DAG(s) dict_keys(['example_short_circuit_decorator']) retrieved from /usr/local/lib/python3.10/dist-packages/airflow/example_dags/example_short_circuit_decorator.py
[2023-10-28T07:59:45.432+0000] {logging_mixin.py:149} INFO - [2023-10-28T07:59:45.431+0000] {dag.py:2726} INFO - Sync 1 DAGs
[2023-10-28T07:59:45.491+0000] {logging_mixin.py:149} INFO - [2023-10-28T07:59:45.490+0000] {dag.py:3486} INFO - Setting next_dagrun for example_short_circuit_decorator to 2023-10-27T07:59:45.490066+00:00, run_after=2023-10-28T07:59:45.490066+00:00
[2023-10-28T07:59:45.585+0000] {processor.py:178} INFO - Processing /usr/local/lib/python3.10/dist-packages/airflow/example_dags/example_short_circuit_decorator.py took 0.277 seconds
[2023-10-28T08:15:24.725+0000] {processor.py:156} INFO - Started process (PID=1497904) to work on /usr/local/lib/python3.10/dist-packages/airflow/example_dags/example_short_circuit_decorator.py
[2023-10-28T08:15:24.727+0000] {processor.py:799} INFO - Processing file /usr/local/lib/python3.10/dist-packages/airflow/example_dags/example_short_circuit_decorator.py for tasks to queue
[2023-10-28T08:15:24.729+0000] {logging_mixin.py:149} INFO - [2023-10-28T08:15:24.729+0000] {dagbag.py:541} INFO - Filling up the DagBag from /usr/local/lib/python3.10/dist-packages/airflow/example_dags/example_short_circuit_decorator.py
[2023-10-28T08:15:24.754+0000] {processor.py:809} INFO - DAG(s) dict_keys(['example_short_circuit_decorator']) retrieved from /usr/local/lib/python3.10/dist-packages/airflow/example_dags/example_short_circuit_decorator.py
[2023-10-28T08:15:25.381+0000] {logging_mixin.py:149} INFO - [2023-10-28T08:15:25.381+0000] {manager.py:504} INFO - Created Permission View: can read on DAG:example_short_circuit_decorator
[2023-10-28T08:15:25.414+0000] {logging_mixin.py:149} INFO - [2023-10-28T08:15:25.414+0000] {manager.py:504} INFO - Created Permission View: can delete on DAG:example_short_circuit_decorator
[2023-10-28T08:15:25.443+0000] {logging_mixin.py:149} INFO - [2023-10-28T08:15:25.443+0000] {manager.py:504} INFO - Created Permission View: can edit on DAG:example_short_circuit_decorator
[2023-10-28T08:15:25.444+0000] {logging_mixin.py:149} INFO - [2023-10-28T08:15:25.444+0000] {dag.py:2726} INFO - Sync 1 DAGs
[2023-10-28T08:15:25.490+0000] {logging_mixin.py:149} INFO - [2023-10-28T08:15:25.489+0000] {dag.py:2747} INFO - Creating ORM DAG for example_short_circuit_decorator
[2023-10-28T08:15:25.527+0000] {logging_mixin.py:149} INFO - [2023-10-28T08:15:25.527+0000] {dag.py:3486} INFO - Setting next_dagrun for example_short_circuit_decorator to 2023-10-27T08:15:25.526744+00:00, run_after=2023-10-28T08:15:25.526744+00:00
[2023-10-28T08:15:25.623+0000] {processor.py:178} INFO - Processing /usr/local/lib/python3.10/dist-packages/airflow/example_dags/example_short_circuit_decorator.py took 0.906 seconds
[2023-10-28T08:15:56.244+0000] {processor.py:156} INFO - Started process (PID=1498655) to work on /usr/local/lib/python3.10/dist-packages/airflow/example_dags/example_short_circuit_decorator.py
[2023-10-28T08:15:56.272+0000] {processor.py:799} INFO - Processing file /usr/local/lib/python3.10/dist-packages/airflow/example_dags/example_short_circuit_decorator.py for tasks to queue
[2023-10-28T08:15:56.274+0000] {logging_mixin.py:149} INFO - [2023-10-28T08:15:56.274+0000] {dagbag.py:541} INFO - Filling up the DagBag from /usr/local/lib/python3.10/dist-packages/airflow/example_dags/example_short_circuit_decorator.py
[2023-10-28T08:15:56.297+0000] {processor.py:809} INFO - DAG(s) dict_keys(['example_short_circuit_decorator']) retrieved from /usr/local/lib/python3.10/dist-packages/airflow/example_dags/example_short_circuit_decorator.py
[2023-10-28T08:15:56.383+0000] {logging_mixin.py:149} INFO - [2023-10-28T08:15:56.383+0000] {dag.py:2726} INFO - Sync 1 DAGs
[2023-10-28T08:15:56.464+0000] {logging_mixin.py:149} INFO - [2023-10-28T08:15:56.463+0000] {dag.py:3486} INFO - Setting next_dagrun for example_short_circuit_decorator to 2023-10-27T08:15:56.463366+00:00, run_after=2023-10-28T08:15:56.463366+00:00
[2023-10-28T08:15:56.562+0000] {processor.py:178} INFO - Processing /usr/local/lib/python3.10/dist-packages/airflow/example_dags/example_short_circuit_decorator.py took 0.326 seconds
[2023-10-28T08:16:26.970+0000] {processor.py:156} INFO - Started process (PID=1499995) to work on /usr/local/lib/python3.10/dist-packages/airflow/example_dags/example_short_circuit_decorator.py
[2023-10-28T08:16:27.008+0000] {processor.py:799} INFO - Processing file /usr/local/lib/python3.10/dist-packages/airflow/example_dags/example_short_circuit_decorator.py for tasks to queue
[2023-10-28T08:16:27.010+0000] {logging_mixin.py:149} INFO - [2023-10-28T08:16:27.010+0000] {dagbag.py:541} INFO - Filling up the DagBag from /usr/local/lib/python3.10/dist-packages/airflow/example_dags/example_short_circuit_decorator.py
[2023-10-28T08:16:27.031+0000] {processor.py:809} INFO - DAG(s) dict_keys(['example_short_circuit_decorator']) retrieved from /usr/local/lib/python3.10/dist-packages/airflow/example_dags/example_short_circuit_decorator.py
[2023-10-28T08:16:27.117+0000] {logging_mixin.py:149} INFO - [2023-10-28T08:16:27.117+0000] {dag.py:2726} INFO - Sync 1 DAGs
[2023-10-28T08:16:27.192+0000] {logging_mixin.py:149} INFO - [2023-10-28T08:16:27.192+0000] {dag.py:3486} INFO - Setting next_dagrun for example_short_circuit_decorator to 2023-10-27T08:16:27.191564+00:00, run_after=2023-10-28T08:16:27.191564+00:00
[2023-10-28T08:16:27.284+0000] {processor.py:178} INFO - Processing /usr/local/lib/python3.10/dist-packages/airflow/example_dags/example_short_circuit_decorator.py took 0.321 seconds
[2023-10-28T08:16:57.440+0000] {processor.py:156} INFO - Started process (PID=1500636) to work on /usr/local/lib/python3.10/dist-packages/airflow/example_dags/example_short_circuit_decorator.py
[2023-10-28T08:16:57.442+0000] {processor.py:799} INFO - Processing file /usr/local/lib/python3.10/dist-packages/airflow/example_dags/example_short_circuit_decorator.py for tasks to queue
[2023-10-28T08:16:57.444+0000] {logging_mixin.py:149} INFO - [2023-10-28T08:16:57.443+0000] {dagbag.py:541} INFO - Filling up the DagBag from /usr/local/lib/python3.10/dist-packages/airflow/example_dags/example_short_circuit_decorator.py
[2023-10-28T08:16:57.467+0000] {processor.py:809} INFO - DAG(s) dict_keys(['example_short_circuit_decorator']) retrieved from /usr/local/lib/python3.10/dist-packages/airflow/example_dags/example_short_circuit_decorator.py
[2023-10-28T08:16:57.551+0000] {logging_mixin.py:149} INFO - [2023-10-28T08:16:57.551+0000] {dag.py:2726} INFO - Sync 1 DAGs
[2023-10-28T08:16:57.623+0000] {logging_mixin.py:149} INFO - [2023-10-28T08:16:57.623+0000] {dag.py:3486} INFO - Setting next_dagrun for example_short_circuit_decorator to 2023-10-27T08:16:57.622877+00:00, run_after=2023-10-28T08:16:57.622877+00:00
[2023-10-28T08:16:57.688+0000] {processor.py:178} INFO - Processing /usr/local/lib/python3.10/dist-packages/airflow/example_dags/example_short_circuit_decorator.py took 0.256 seconds
[2023-10-28T08:17:28.170+0000] {processor.py:156} INFO - Started process (PID=1501125) to work on /usr/local/lib/python3.10/dist-packages/airflow/example_dags/example_short_circuit_decorator.py
[2023-10-28T08:17:28.212+0000] {processor.py:799} INFO - Processing file /usr/local/lib/python3.10/dist-packages/airflow/example_dags/example_short_circuit_decorator.py for tasks to queue
[2023-10-28T08:17:28.214+0000] {logging_mixin.py:149} INFO - [2023-10-28T08:17:28.214+0000] {dagbag.py:541} INFO - Filling up the DagBag from /usr/local/lib/python3.10/dist-packages/airflow/example_dags/example_short_circuit_decorator.py
[2023-10-28T08:17:28.241+0000] {processor.py:809} INFO - DAG(s) dict_keys(['example_short_circuit_decorator']) retrieved from /usr/local/lib/python3.10/dist-packages/airflow/example_dags/example_short_circuit_decorator.py
[2023-10-28T08:17:28.340+0000] {logging_mixin.py:149} INFO - [2023-10-28T08:17:28.339+0000] {dag.py:2726} INFO - Sync 1 DAGs
[2023-10-28T08:17:28.415+0000] {logging_mixin.py:149} INFO - [2023-10-28T08:17:28.415+0000] {dag.py:3486} INFO - Setting next_dagrun for example_short_circuit_decorator to 2023-10-27T08:17:28.414561+00:00, run_after=2023-10-28T08:17:28.414561+00:00
[2023-10-28T08:17:28.515+0000] {processor.py:178} INFO - Processing /usr/local/lib/python3.10/dist-packages/airflow/example_dags/example_short_circuit_decorator.py took 0.352 seconds
[2023-10-28T08:17:58.776+0000] {processor.py:156} INFO - Started process (PID=1501483) to work on /usr/local/lib/python3.10/dist-packages/airflow/example_dags/example_short_circuit_decorator.py
[2023-10-28T08:17:58.778+0000] {processor.py:799} INFO - Processing file /usr/local/lib/python3.10/dist-packages/airflow/example_dags/example_short_circuit_decorator.py for tasks to queue
[2023-10-28T08:17:58.780+0000] {logging_mixin.py:149} INFO - [2023-10-28T08:17:58.780+0000] {dagbag.py:541} INFO - Filling up the DagBag from /usr/local/lib/python3.10/dist-packages/airflow/example_dags/example_short_circuit_decorator.py
[2023-10-28T08:17:58.807+0000] {processor.py:809} INFO - DAG(s) dict_keys(['example_short_circuit_decorator']) retrieved from /usr/local/lib/python3.10/dist-packages/airflow/example_dags/example_short_circuit_decorator.py
[2023-10-28T08:17:58.922+0000] {logging_mixin.py:149} INFO - [2023-10-28T08:17:58.921+0000] {dag.py:2726} INFO - Sync 1 DAGs
[2023-10-28T08:17:59.009+0000] {logging_mixin.py:149} INFO - [2023-10-28T08:17:59.009+0000] {dag.py:3486} INFO - Setting next_dagrun for example_short_circuit_decorator to 2023-10-27T08:17:59.007997+00:00, run_after=2023-10-28T08:17:59.007997+00:00
[2023-10-28T08:17:59.076+0000] {processor.py:178} INFO - Processing /usr/local/lib/python3.10/dist-packages/airflow/example_dags/example_short_circuit_decorator.py took 0.313 seconds
[2023-10-28T08:18:29.579+0000] {processor.py:156} INFO - Started process (PID=1501861) to work on /usr/local/lib/python3.10/dist-packages/airflow/example_dags/example_short_circuit_decorator.py
[2023-10-28T08:18:29.618+0000] {processor.py:799} INFO - Processing file /usr/local/lib/python3.10/dist-packages/airflow/example_dags/example_short_circuit_decorator.py for tasks to queue
[2023-10-28T08:18:29.620+0000] {logging_mixin.py:149} INFO - [2023-10-28T08:18:29.620+0000] {dagbag.py:541} INFO - Filling up the DagBag from /usr/local/lib/python3.10/dist-packages/airflow/example_dags/example_short_circuit_decorator.py
[2023-10-28T08:18:29.647+0000] {processor.py:809} INFO - DAG(s) dict_keys(['example_short_circuit_decorator']) retrieved from /usr/local/lib/python3.10/dist-packages/airflow/example_dags/example_short_circuit_decorator.py
[2023-10-28T08:18:29.752+0000] {logging_mixin.py:149} INFO - [2023-10-28T08:18:29.751+0000] {dag.py:2726} INFO - Sync 1 DAGs
[2023-10-28T08:18:29.831+0000] {logging_mixin.py:149} INFO - [2023-10-28T08:18:29.831+0000] {dag.py:3486} INFO - Setting next_dagrun for example_short_circuit_decorator to 2023-10-27T08:18:29.830509+00:00, run_after=2023-10-28T08:18:29.830509+00:00
[2023-10-28T08:18:29.932+0000] {processor.py:178} INFO - Processing /usr/local/lib/python3.10/dist-packages/airflow/example_dags/example_short_circuit_decorator.py took 0.360 seconds
[2023-10-28T08:19:00.214+0000] {processor.py:156} INFO - Started process (PID=1502231) to work on /usr/local/lib/python3.10/dist-packages/airflow/example_dags/example_short_circuit_decorator.py
[2023-10-28T08:19:00.217+0000] {processor.py:799} INFO - Processing file /usr/local/lib/python3.10/dist-packages/airflow/example_dags/example_short_circuit_decorator.py for tasks to queue
[2023-10-28T08:19:00.220+0000] {logging_mixin.py:149} INFO - [2023-10-28T08:19:00.219+0000] {dagbag.py:541} INFO - Filling up the DagBag from /usr/local/lib/python3.10/dist-packages/airflow/example_dags/example_short_circuit_decorator.py
[2023-10-28T08:19:00.243+0000] {processor.py:809} INFO - DAG(s) dict_keys(['example_short_circuit_decorator']) retrieved from /usr/local/lib/python3.10/dist-packages/airflow/example_dags/example_short_circuit_decorator.py
[2023-10-28T08:19:00.332+0000] {logging_mixin.py:149} INFO - [2023-10-28T08:19:00.332+0000] {dag.py:2726} INFO - Sync 1 DAGs
[2023-10-28T08:19:00.405+0000] {logging_mixin.py:149} INFO - [2023-10-28T08:19:00.405+0000] {dag.py:3486} INFO - Setting next_dagrun for example_short_circuit_decorator to 2023-10-27T08:19:00.404449+00:00, run_after=2023-10-28T08:19:00.404449+00:00
[2023-10-28T08:19:00.473+0000] {processor.py:178} INFO - Processing /usr/local/lib/python3.10/dist-packages/airflow/example_dags/example_short_circuit_decorator.py took 0.268 seconds
[2023-10-28T08:19:30.678+0000] {processor.py:156} INFO - Started process (PID=1502627) to work on /usr/local/lib/python3.10/dist-packages/airflow/example_dags/example_short_circuit_decorator.py
[2023-10-28T08:19:30.721+0000] {processor.py:799} INFO - Processing file /usr/local/lib/python3.10/dist-packages/airflow/example_dags/example_short_circuit_decorator.py for tasks to queue
[2023-10-28T08:19:30.723+0000] {logging_mixin.py:149} INFO - [2023-10-28T08:19:30.723+0000] {dagbag.py:541} INFO - Filling up the DagBag from /usr/local/lib/python3.10/dist-packages/airflow/example_dags/example_short_circuit_decorator.py
[2023-10-28T08:19:30.746+0000] {processor.py:809} INFO - DAG(s) dict_keys(['example_short_circuit_decorator']) retrieved from /usr/local/lib/python3.10/dist-packages/airflow/example_dags/example_short_circuit_decorator.py
[2023-10-28T08:19:30.832+0000] {logging_mixin.py:149} INFO - [2023-10-28T08:19:30.831+0000] {dag.py:2726} INFO - Sync 1 DAGs
[2023-10-28T08:19:30.912+0000] {logging_mixin.py:149} INFO - [2023-10-28T08:19:30.911+0000] {dag.py:3486} INFO - Setting next_dagrun for example_short_circuit_decorator to 2023-10-27T08:19:30.910944+00:00, run_after=2023-10-28T08:19:30.910944+00:00
[2023-10-28T08:19:31.013+0000] {processor.py:178} INFO - Processing /usr/local/lib/python3.10/dist-packages/airflow/example_dags/example_short_circuit_decorator.py took 0.345 seconds
[2023-10-28T08:20:01.293+0000] {processor.py:156} INFO - Started process (PID=1502989) to work on /usr/local/lib/python3.10/dist-packages/airflow/example_dags/example_short_circuit_decorator.py
[2023-10-28T08:20:01.317+0000] {processor.py:799} INFO - Processing file /usr/local/lib/python3.10/dist-packages/airflow/example_dags/example_short_circuit_decorator.py for tasks to queue
[2023-10-28T08:20:01.320+0000] {logging_mixin.py:149} INFO - [2023-10-28T08:20:01.319+0000] {dagbag.py:541} INFO - Filling up the DagBag from /usr/local/lib/python3.10/dist-packages/airflow/example_dags/example_short_circuit_decorator.py
[2023-10-28T08:20:01.350+0000] {processor.py:809} INFO - DAG(s) dict_keys(['example_short_circuit_decorator']) retrieved from /usr/local/lib/python3.10/dist-packages/airflow/example_dags/example_short_circuit_decorator.py
[2023-10-28T08:20:01.431+0000] {logging_mixin.py:149} INFO - [2023-10-28T08:20:01.430+0000] {dag.py:2726} INFO - Sync 1 DAGs
[2023-10-28T08:20:01.505+0000] {logging_mixin.py:149} INFO - [2023-10-28T08:20:01.505+0000] {dag.py:3486} INFO - Setting next_dagrun for example_short_circuit_decorator to 2023-10-27T08:20:01.504544+00:00, run_after=2023-10-28T08:20:01.504544+00:00
[2023-10-28T08:20:01.606+0000] {processor.py:178} INFO - Processing /usr/local/lib/python3.10/dist-packages/airflow/example_dags/example_short_circuit_decorator.py took 0.321 seconds
[2023-10-28T08:20:32.014+0000] {processor.py:156} INFO - Started process (PID=1503493) to work on /usr/local/lib/python3.10/dist-packages/airflow/example_dags/example_short_circuit_decorator.py
[2023-10-28T08:20:32.045+0000] {processor.py:799} INFO - Processing file /usr/local/lib/python3.10/dist-packages/airflow/example_dags/example_short_circuit_decorator.py for tasks to queue
[2023-10-28T08:20:32.047+0000] {logging_mixin.py:149} INFO - [2023-10-28T08:20:32.046+0000] {dagbag.py:541} INFO - Filling up the DagBag from /usr/local/lib/python3.10/dist-packages/airflow/example_dags/example_short_circuit_decorator.py
[2023-10-28T08:20:32.073+0000] {processor.py:809} INFO - DAG(s) dict_keys(['example_short_circuit_decorator']) retrieved from /usr/local/lib/python3.10/dist-packages/airflow/example_dags/example_short_circuit_decorator.py
[2023-10-28T08:20:32.173+0000] {logging_mixin.py:149} INFO - [2023-10-28T08:20:32.173+0000] {dag.py:2726} INFO - Sync 1 DAGs
[2023-10-28T08:20:32.253+0000] {logging_mixin.py:149} INFO - [2023-10-28T08:20:32.252+0000] {dag.py:3486} INFO - Setting next_dagrun for example_short_circuit_decorator to 2023-10-27T08:20:32.252359+00:00, run_after=2023-10-28T08:20:32.252359+00:00
[2023-10-28T08:20:32.329+0000] {processor.py:178} INFO - Processing /usr/local/lib/python3.10/dist-packages/airflow/example_dags/example_short_circuit_decorator.py took 0.322 seconds
[2023-10-28T08:21:02.695+0000] {processor.py:156} INFO - Started process (PID=1503915) to work on /usr/local/lib/python3.10/dist-packages/airflow/example_dags/example_short_circuit_decorator.py
[2023-10-28T08:21:02.717+0000] {processor.py:799} INFO - Processing file /usr/local/lib/python3.10/dist-packages/airflow/example_dags/example_short_circuit_decorator.py for tasks to queue
[2023-10-28T08:21:02.719+0000] {logging_mixin.py:149} INFO - [2023-10-28T08:21:02.718+0000] {dagbag.py:541} INFO - Filling up the DagBag from /usr/local/lib/python3.10/dist-packages/airflow/example_dags/example_short_circuit_decorator.py
[2023-10-28T08:21:02.744+0000] {processor.py:809} INFO - DAG(s) dict_keys(['example_short_circuit_decorator']) retrieved from /usr/local/lib/python3.10/dist-packages/airflow/example_dags/example_short_circuit_decorator.py
[2023-10-28T08:21:02.839+0000] {logging_mixin.py:149} INFO - [2023-10-28T08:21:02.838+0000] {dag.py:2726} INFO - Sync 1 DAGs
[2023-10-28T08:21:02.924+0000] {logging_mixin.py:149} INFO - [2023-10-28T08:21:02.924+0000] {dag.py:3486} INFO - Setting next_dagrun for example_short_circuit_decorator to 2023-10-27T08:21:02.923635+00:00, run_after=2023-10-28T08:21:02.923635+00:00
[2023-10-28T08:21:03.033+0000] {processor.py:178} INFO - Processing /usr/local/lib/python3.10/dist-packages/airflow/example_dags/example_short_circuit_decorator.py took 0.345 seconds
[2023-10-28T08:21:33.388+0000] {processor.py:156} INFO - Started process (PID=1504555) to work on /usr/local/lib/python3.10/dist-packages/airflow/example_dags/example_short_circuit_decorator.py
[2023-10-28T08:21:33.412+0000] {processor.py:799} INFO - Processing file /usr/local/lib/python3.10/dist-packages/airflow/example_dags/example_short_circuit_decorator.py for tasks to queue
[2023-10-28T08:21:33.414+0000] {logging_mixin.py:149} INFO - [2023-10-28T08:21:33.414+0000] {dagbag.py:541} INFO - Filling up the DagBag from /usr/local/lib/python3.10/dist-packages/airflow/example_dags/example_short_circuit_decorator.py
[2023-10-28T08:21:33.440+0000] {processor.py:809} INFO - DAG(s) dict_keys(['example_short_circuit_decorator']) retrieved from /usr/local/lib/python3.10/dist-packages/airflow/example_dags/example_short_circuit_decorator.py
[2023-10-28T08:21:33.531+0000] {logging_mixin.py:149} INFO - [2023-10-28T08:21:33.531+0000] {dag.py:2726} INFO - Sync 1 DAGs
[2023-10-28T08:21:33.607+0000] {logging_mixin.py:149} INFO - [2023-10-28T08:21:33.606+0000] {dag.py:3486} INFO - Setting next_dagrun for example_short_circuit_decorator to 2023-10-27T08:21:33.606194+00:00, run_after=2023-10-28T08:21:33.606194+00:00
[2023-10-28T08:21:33.700+0000] {processor.py:178} INFO - Processing /usr/local/lib/python3.10/dist-packages/airflow/example_dags/example_short_circuit_decorator.py took 0.317 seconds
[2023-10-28T08:22:03.996+0000] {processor.py:156} INFO - Started process (PID=1505405) to work on /usr/local/lib/python3.10/dist-packages/airflow/example_dags/example_short_circuit_decorator.py
[2023-10-28T08:22:04.025+0000] {processor.py:799} INFO - Processing file /usr/local/lib/python3.10/dist-packages/airflow/example_dags/example_short_circuit_decorator.py for tasks to queue
[2023-10-28T08:22:04.027+0000] {logging_mixin.py:149} INFO - [2023-10-28T08:22:04.027+0000] {dagbag.py:541} INFO - Filling up the DagBag from /usr/local/lib/python3.10/dist-packages/airflow/example_dags/example_short_circuit_decorator.py
[2023-10-28T08:22:04.054+0000] {processor.py:809} INFO - DAG(s) dict_keys(['example_short_circuit_decorator']) retrieved from /usr/local/lib/python3.10/dist-packages/airflow/example_dags/example_short_circuit_decorator.py
[2023-10-28T08:22:04.144+0000] {logging_mixin.py:149} INFO - [2023-10-28T08:22:04.143+0000] {dag.py:2726} INFO - Sync 1 DAGs
[2023-10-28T08:22:04.222+0000] {logging_mixin.py:149} INFO - [2023-10-28T08:22:04.222+0000] {dag.py:3486} INFO - Setting next_dagrun for example_short_circuit_decorator to 2023-10-27T08:22:04.221883+00:00, run_after=2023-10-28T08:22:04.221883+00:00
[2023-10-28T08:22:04.309+0000] {processor.py:178} INFO - Processing /usr/local/lib/python3.10/dist-packages/airflow/example_dags/example_short_circuit_decorator.py took 0.320 seconds
[2023-10-28T08:22:34.595+0000] {processor.py:156} INFO - Started process (PID=1505889) to work on /usr/local/lib/python3.10/dist-packages/airflow/example_dags/example_short_circuit_decorator.py
[2023-10-28T08:22:34.619+0000] {processor.py:799} INFO - Processing file /usr/local/lib/python3.10/dist-packages/airflow/example_dags/example_short_circuit_decorator.py for tasks to queue
[2023-10-28T08:22:34.621+0000] {logging_mixin.py:149} INFO - [2023-10-28T08:22:34.620+0000] {dagbag.py:541} INFO - Filling up the DagBag from /usr/local/lib/python3.10/dist-packages/airflow/example_dags/example_short_circuit_decorator.py
[2023-10-28T08:22:34.642+0000] {processor.py:809} INFO - DAG(s) dict_keys(['example_short_circuit_decorator']) retrieved from /usr/local/lib/python3.10/dist-packages/airflow/example_dags/example_short_circuit_decorator.py
[2023-10-28T08:22:34.723+0000] {logging_mixin.py:149} INFO - [2023-10-28T08:22:34.722+0000] {dag.py:2726} INFO - Sync 1 DAGs
[2023-10-28T08:22:34.796+0000] {logging_mixin.py:149} INFO - [2023-10-28T08:22:34.796+0000] {dag.py:3486} INFO - Setting next_dagrun for example_short_circuit_decorator to 2023-10-27T08:22:34.795517+00:00, run_after=2023-10-28T08:22:34.795517+00:00
[2023-10-28T08:22:34.886+0000] {processor.py:178} INFO - Processing /usr/local/lib/python3.10/dist-packages/airflow/example_dags/example_short_circuit_decorator.py took 0.298 seconds
[2023-10-28T08:23:04.985+0000] {processor.py:156} INFO - Started process (PID=1506373) to work on /usr/local/lib/python3.10/dist-packages/airflow/example_dags/example_short_circuit_decorator.py
[2023-10-28T08:23:05.005+0000] {processor.py:799} INFO - Processing file /usr/local/lib/python3.10/dist-packages/airflow/example_dags/example_short_circuit_decorator.py for tasks to queue
[2023-10-28T08:23:05.007+0000] {logging_mixin.py:149} INFO - [2023-10-28T08:23:05.007+0000] {dagbag.py:541} INFO - Filling up the DagBag from /usr/local/lib/python3.10/dist-packages/airflow/example_dags/example_short_circuit_decorator.py
[2023-10-28T08:23:05.034+0000] {processor.py:809} INFO - DAG(s) dict_keys(['example_short_circuit_decorator']) retrieved from /usr/local/lib/python3.10/dist-packages/airflow/example_dags/example_short_circuit_decorator.py
[2023-10-28T08:23:05.121+0000] {logging_mixin.py:149} INFO - [2023-10-28T08:23:05.121+0000] {dag.py:2726} INFO - Sync 1 DAGs
[2023-10-28T08:23:05.199+0000] {logging_mixin.py:149} INFO - [2023-10-28T08:23:05.199+0000] {dag.py:3486} INFO - Setting next_dagrun for example_short_circuit_decorator to 2023-10-27T08:23:05.198664+00:00, run_after=2023-10-28T08:23:05.198664+00:00
[2023-10-28T08:23:05.290+0000] {processor.py:178} INFO - Processing /usr/local/lib/python3.10/dist-packages/airflow/example_dags/example_short_circuit_decorator.py took 0.312 seconds
[2023-10-28T08:23:35.578+0000] {processor.py:156} INFO - Started process (PID=1506862) to work on /usr/local/lib/python3.10/dist-packages/airflow/example_dags/example_short_circuit_decorator.py
[2023-10-28T08:23:35.581+0000] {processor.py:799} INFO - Processing file /usr/local/lib/python3.10/dist-packages/airflow/example_dags/example_short_circuit_decorator.py for tasks to queue
[2023-10-28T08:23:35.583+0000] {logging_mixin.py:149} INFO - [2023-10-28T08:23:35.582+0000] {dagbag.py:541} INFO - Filling up the DagBag from /usr/local/lib/python3.10/dist-packages/airflow/example_dags/example_short_circuit_decorator.py
[2023-10-28T08:23:35.608+0000] {processor.py:809} INFO - DAG(s) dict_keys(['example_short_circuit_decorator']) retrieved from /usr/local/lib/python3.10/dist-packages/airflow/example_dags/example_short_circuit_decorator.py
[2023-10-28T08:23:35.687+0000] {logging_mixin.py:149} INFO - [2023-10-28T08:23:35.686+0000] {dag.py:2726} INFO - Sync 1 DAGs
[2023-10-28T08:23:35.760+0000] {logging_mixin.py:149} INFO - [2023-10-28T08:23:35.760+0000] {dag.py:3486} INFO - Setting next_dagrun for example_short_circuit_decorator to 2023-10-27T08:23:35.759610+00:00, run_after=2023-10-28T08:23:35.759610+00:00
[2023-10-28T08:23:35.834+0000] {processor.py:178} INFO - Processing /usr/local/lib/python3.10/dist-packages/airflow/example_dags/example_short_circuit_decorator.py took 0.263 seconds
[2023-10-28T08:24:06.181+0000] {processor.py:156} INFO - Started process (PID=1507423) to work on /usr/local/lib/python3.10/dist-packages/airflow/example_dags/example_short_circuit_decorator.py
[2023-10-28T08:24:06.207+0000] {processor.py:799} INFO - Processing file /usr/local/lib/python3.10/dist-packages/airflow/example_dags/example_short_circuit_decorator.py for tasks to queue
[2023-10-28T08:24:06.209+0000] {logging_mixin.py:149} INFO - [2023-10-28T08:24:06.208+0000] {dagbag.py:541} INFO - Filling up the DagBag from /usr/local/lib/python3.10/dist-packages/airflow/example_dags/example_short_circuit_decorator.py
[2023-10-28T08:24:06.233+0000] {processor.py:809} INFO - DAG(s) dict_keys(['example_short_circuit_decorator']) retrieved from /usr/local/lib/python3.10/dist-packages/airflow/example_dags/example_short_circuit_decorator.py
[2023-10-28T08:24:06.322+0000] {logging_mixin.py:149} INFO - [2023-10-28T08:24:06.322+0000] {dag.py:2726} INFO - Sync 1 DAGs
[2023-10-28T08:24:06.399+0000] {logging_mixin.py:149} INFO - [2023-10-28T08:24:06.398+0000] {dag.py:3486} INFO - Setting next_dagrun for example_short_circuit_decorator to 2023-10-27T08:24:06.398285+00:00, run_after=2023-10-28T08:24:06.398285+00:00
[2023-10-28T08:24:06.487+0000] {processor.py:178} INFO - Processing /usr/local/lib/python3.10/dist-packages/airflow/example_dags/example_short_circuit_decorator.py took 0.313 seconds
[2023-10-28T08:24:37.137+0000] {processor.py:156} INFO - Started process (PID=1508001) to work on /usr/local/lib/python3.10/dist-packages/airflow/example_dags/example_short_circuit_decorator.py
[2023-10-28T08:24:37.164+0000] {processor.py:799} INFO - Processing file /usr/local/lib/python3.10/dist-packages/airflow/example_dags/example_short_circuit_decorator.py for tasks to queue
[2023-10-28T08:24:37.168+0000] {logging_mixin.py:149} INFO - [2023-10-28T08:24:37.167+0000] {dagbag.py:541} INFO - Filling up the DagBag from /usr/local/lib/python3.10/dist-packages/airflow/example_dags/example_short_circuit_decorator.py
[2023-10-28T08:24:37.192+0000] {processor.py:809} INFO - DAG(s) dict_keys(['example_short_circuit_decorator']) retrieved from /usr/local/lib/python3.10/dist-packages/airflow/example_dags/example_short_circuit_decorator.py
[2023-10-28T08:24:37.287+0000] {logging_mixin.py:149} INFO - [2023-10-28T08:24:37.287+0000] {dag.py:2726} INFO - Sync 1 DAGs
[2023-10-28T08:24:37.363+0000] {logging_mixin.py:149} INFO - [2023-10-28T08:24:37.362+0000] {dag.py:3486} INFO - Setting next_dagrun for example_short_circuit_decorator to 2023-10-27T08:24:37.362256+00:00, run_after=2023-10-28T08:24:37.362256+00:00
[2023-10-28T08:24:37.445+0000] {processor.py:178} INFO - Processing /usr/local/lib/python3.10/dist-packages/airflow/example_dags/example_short_circuit_decorator.py took 0.315 seconds
[2023-10-28T08:25:07.700+0000] {processor.py:156} INFO - Started process (PID=1508451) to work on /usr/local/lib/python3.10/dist-packages/airflow/example_dags/example_short_circuit_decorator.py
[2023-10-28T08:25:07.712+0000] {processor.py:799} INFO - Processing file /usr/local/lib/python3.10/dist-packages/airflow/example_dags/example_short_circuit_decorator.py for tasks to queue
[2023-10-28T08:25:07.715+0000] {logging_mixin.py:149} INFO - [2023-10-28T08:25:07.714+0000] {dagbag.py:541} INFO - Filling up the DagBag from /usr/local/lib/python3.10/dist-packages/airflow/example_dags/example_short_circuit_decorator.py
[2023-10-28T08:25:07.740+0000] {processor.py:809} INFO - DAG(s) dict_keys(['example_short_circuit_decorator']) retrieved from /usr/local/lib/python3.10/dist-packages/airflow/example_dags/example_short_circuit_decorator.py
[2023-10-28T08:25:07.829+0000] {logging_mixin.py:149} INFO - [2023-10-28T08:25:07.828+0000] {dag.py:2726} INFO - Sync 1 DAGs
[2023-10-28T08:25:07.906+0000] {logging_mixin.py:149} INFO - [2023-10-28T08:25:07.906+0000] {dag.py:3486} INFO - Setting next_dagrun for example_short_circuit_decorator to 2023-10-27T08:25:07.905649+00:00, run_after=2023-10-28T08:25:07.905649+00:00
[2023-10-28T08:25:08.003+0000] {processor.py:178} INFO - Processing /usr/local/lib/python3.10/dist-packages/airflow/example_dags/example_short_circuit_decorator.py took 0.311 seconds
[2023-10-28T08:25:38.347+0000] {processor.py:156} INFO - Started process (PID=1509242) to work on /usr/local/lib/python3.10/dist-packages/airflow/example_dags/example_short_circuit_decorator.py
[2023-10-28T08:25:38.369+0000] {processor.py:799} INFO - Processing file /usr/local/lib/python3.10/dist-packages/airflow/example_dags/example_short_circuit_decorator.py for tasks to queue
[2023-10-28T08:25:38.371+0000] {logging_mixin.py:149} INFO - [2023-10-28T08:25:38.370+0000] {dagbag.py:541} INFO - Filling up the DagBag from /usr/local/lib/python3.10/dist-packages/airflow/example_dags/example_short_circuit_decorator.py
[2023-10-28T08:25:38.393+0000] {processor.py:809} INFO - DAG(s) dict_keys(['example_short_circuit_decorator']) retrieved from /usr/local/lib/python3.10/dist-packages/airflow/example_dags/example_short_circuit_decorator.py
[2023-10-28T08:25:38.477+0000] {logging_mixin.py:149} INFO - [2023-10-28T08:25:38.477+0000] {dag.py:2726} INFO - Sync 1 DAGs
[2023-10-28T08:25:38.557+0000] {logging_mixin.py:149} INFO - [2023-10-28T08:25:38.557+0000] {dag.py:3486} INFO - Setting next_dagrun for example_short_circuit_decorator to 2023-10-27T08:25:38.556491+00:00, run_after=2023-10-28T08:25:38.556491+00:00
[2023-10-28T08:25:38.652+0000] {processor.py:178} INFO - Processing /usr/local/lib/python3.10/dist-packages/airflow/example_dags/example_short_circuit_decorator.py took 0.312 seconds
[2023-10-28T08:26:08.786+0000] {processor.py:156} INFO - Started process (PID=1509623) to work on /usr/local/lib/python3.10/dist-packages/airflow/example_dags/example_short_circuit_decorator.py
[2023-10-28T08:26:08.805+0000] {processor.py:799} INFO - Processing file /usr/local/lib/python3.10/dist-packages/airflow/example_dags/example_short_circuit_decorator.py for tasks to queue
[2023-10-28T08:26:08.807+0000] {logging_mixin.py:149} INFO - [2023-10-28T08:26:08.806+0000] {dagbag.py:541} INFO - Filling up the DagBag from /usr/local/lib/python3.10/dist-packages/airflow/example_dags/example_short_circuit_decorator.py
[2023-10-28T08:26:08.828+0000] {processor.py:809} INFO - DAG(s) dict_keys(['example_short_circuit_decorator']) retrieved from /usr/local/lib/python3.10/dist-packages/airflow/example_dags/example_short_circuit_decorator.py
[2023-10-28T08:26:08.916+0000] {logging_mixin.py:149} INFO - [2023-10-28T08:26:08.916+0000] {dag.py:2726} INFO - Sync 1 DAGs
[2023-10-28T08:26:08.993+0000] {logging_mixin.py:149} INFO - [2023-10-28T08:26:08.992+0000] {dag.py:3486} INFO - Setting next_dagrun for example_short_circuit_decorator to 2023-10-27T08:26:08.991824+00:00, run_after=2023-10-28T08:26:08.991824+00:00
[2023-10-28T08:26:09.078+0000] {processor.py:178} INFO - Processing /usr/local/lib/python3.10/dist-packages/airflow/example_dags/example_short_circuit_decorator.py took 0.298 seconds
[2023-10-28T08:26:39.405+0000] {processor.py:156} INFO - Started process (PID=1509978) to work on /usr/local/lib/python3.10/dist-packages/airflow/example_dags/example_short_circuit_decorator.py
[2023-10-28T08:26:39.409+0000] {processor.py:799} INFO - Processing file /usr/local/lib/python3.10/dist-packages/airflow/example_dags/example_short_circuit_decorator.py for tasks to queue
[2023-10-28T08:26:39.411+0000] {logging_mixin.py:149} INFO - [2023-10-28T08:26:39.410+0000] {dagbag.py:541} INFO - Filling up the DagBag from /usr/local/lib/python3.10/dist-packages/airflow/example_dags/example_short_circuit_decorator.py
[2023-10-28T08:26:39.437+0000] {processor.py:809} INFO - DAG(s) dict_keys(['example_short_circuit_decorator']) retrieved from /usr/local/lib/python3.10/dist-packages/airflow/example_dags/example_short_circuit_decorator.py
[2023-10-28T08:26:39.521+0000] {logging_mixin.py:149} INFO - [2023-10-28T08:26:39.521+0000] {dag.py:2726} INFO - Sync 1 DAGs
[2023-10-28T08:26:39.593+0000] {logging_mixin.py:149} INFO - [2023-10-28T08:26:39.593+0000] {dag.py:3486} INFO - Setting next_dagrun for example_short_circuit_decorator to 2023-10-27T08:26:39.592465+00:00, run_after=2023-10-28T08:26:39.592465+00:00
[2023-10-28T08:26:39.682+0000] {processor.py:178} INFO - Processing /usr/local/lib/python3.10/dist-packages/airflow/example_dags/example_short_circuit_decorator.py took 0.285 seconds
[2023-10-28T08:27:10.363+0000] {processor.py:156} INFO - Started process (PID=1510558) to work on /usr/local/lib/python3.10/dist-packages/airflow/example_dags/example_short_circuit_decorator.py
[2023-10-28T08:27:10.385+0000] {processor.py:799} INFO - Processing file /usr/local/lib/python3.10/dist-packages/airflow/example_dags/example_short_circuit_decorator.py for tasks to queue
[2023-10-28T08:27:10.387+0000] {logging_mixin.py:149} INFO - [2023-10-28T08:27:10.387+0000] {dagbag.py:541} INFO - Filling up the DagBag from /usr/local/lib/python3.10/dist-packages/airflow/example_dags/example_short_circuit_decorator.py
[2023-10-28T08:27:10.416+0000] {processor.py:809} INFO - DAG(s) dict_keys(['example_short_circuit_decorator']) retrieved from /usr/local/lib/python3.10/dist-packages/airflow/example_dags/example_short_circuit_decorator.py
[2023-10-28T08:27:10.505+0000] {logging_mixin.py:149} INFO - [2023-10-28T08:27:10.505+0000] {dag.py:2726} INFO - Sync 1 DAGs
[2023-10-28T08:27:10.584+0000] {logging_mixin.py:149} INFO - [2023-10-28T08:27:10.583+0000] {dag.py:3486} INFO - Setting next_dagrun for example_short_circuit_decorator to 2023-10-27T08:27:10.582759+00:00, run_after=2023-10-28T08:27:10.582759+00:00
[2023-10-28T08:27:10.681+0000] {processor.py:178} INFO - Processing /usr/local/lib/python3.10/dist-packages/airflow/example_dags/example_short_circuit_decorator.py took 0.324 seconds
[2023-10-28T08:27:40.972+0000] {processor.py:156} INFO - Started process (PID=1510913) to work on /usr/local/lib/python3.10/dist-packages/airflow/example_dags/example_short_circuit_decorator.py
[2023-10-28T08:27:40.996+0000] {processor.py:799} INFO - Processing file /usr/local/lib/python3.10/dist-packages/airflow/example_dags/example_short_circuit_decorator.py for tasks to queue
[2023-10-28T08:27:40.998+0000] {logging_mixin.py:149} INFO - [2023-10-28T08:27:40.998+0000] {dagbag.py:541} INFO - Filling up the DagBag from /usr/local/lib/python3.10/dist-packages/airflow/example_dags/example_short_circuit_decorator.py
[2023-10-28T08:27:41.022+0000] {processor.py:809} INFO - DAG(s) dict_keys(['example_short_circuit_decorator']) retrieved from /usr/local/lib/python3.10/dist-packages/airflow/example_dags/example_short_circuit_decorator.py
[2023-10-28T08:27:41.106+0000] {logging_mixin.py:149} INFO - [2023-10-28T08:27:41.105+0000] {dag.py:2726} INFO - Sync 1 DAGs
[2023-10-28T08:27:41.178+0000] {logging_mixin.py:149} INFO - [2023-10-28T08:27:41.178+0000] {dag.py:3486} INFO - Setting next_dagrun for example_short_circuit_decorator to 2023-10-27T08:27:41.177685+00:00, run_after=2023-10-28T08:27:41.177685+00:00
[2023-10-28T08:27:41.258+0000] {processor.py:178} INFO - Processing /usr/local/lib/python3.10/dist-packages/airflow/example_dags/example_short_circuit_decorator.py took 0.293 seconds
[2023-10-28T08:28:11.560+0000] {processor.py:156} INFO - Started process (PID=1511297) to work on /usr/local/lib/python3.10/dist-packages/airflow/example_dags/example_short_circuit_decorator.py
[2023-10-28T08:28:11.584+0000] {processor.py:799} INFO - Processing file /usr/local/lib/python3.10/dist-packages/airflow/example_dags/example_short_circuit_decorator.py for tasks to queue
[2023-10-28T08:28:11.586+0000] {logging_mixin.py:149} INFO - [2023-10-28T08:28:11.586+0000] {dagbag.py:541} INFO - Filling up the DagBag from /usr/local/lib/python3.10/dist-packages/airflow/example_dags/example_short_circuit_decorator.py
[2023-10-28T08:28:11.612+0000] {processor.py:809} INFO - DAG(s) dict_keys(['example_short_circuit_decorator']) retrieved from /usr/local/lib/python3.10/dist-packages/airflow/example_dags/example_short_circuit_decorator.py
[2023-10-28T08:28:11.699+0000] {logging_mixin.py:149} INFO - [2023-10-28T08:28:11.698+0000] {dag.py:2726} INFO - Sync 1 DAGs
[2023-10-28T08:28:11.781+0000] {logging_mixin.py:149} INFO - [2023-10-28T08:28:11.780+0000] {dag.py:3486} INFO - Setting next_dagrun for example_short_circuit_decorator to 2023-10-27T08:28:11.780244+00:00, run_after=2023-10-28T08:28:11.780244+00:00
[2023-10-28T08:28:11.868+0000] {processor.py:178} INFO - Processing /usr/local/lib/python3.10/dist-packages/airflow/example_dags/example_short_circuit_decorator.py took 0.316 seconds
[2023-10-28T08:28:42.096+0000] {processor.py:156} INFO - Started process (PID=1511653) to work on /usr/local/lib/python3.10/dist-packages/airflow/example_dags/example_short_circuit_decorator.py
[2023-10-28T08:28:42.121+0000] {processor.py:799} INFO - Processing file /usr/local/lib/python3.10/dist-packages/airflow/example_dags/example_short_circuit_decorator.py for tasks to queue
[2023-10-28T08:28:42.123+0000] {logging_mixin.py:149} INFO - [2023-10-28T08:28:42.122+0000] {dagbag.py:541} INFO - Filling up the DagBag from /usr/local/lib/python3.10/dist-packages/airflow/example_dags/example_short_circuit_decorator.py
[2023-10-28T08:28:42.146+0000] {processor.py:809} INFO - DAG(s) dict_keys(['example_short_circuit_decorator']) retrieved from /usr/local/lib/python3.10/dist-packages/airflow/example_dags/example_short_circuit_decorator.py
[2023-10-28T08:28:42.238+0000] {logging_mixin.py:149} INFO - [2023-10-28T08:28:42.237+0000] {dag.py:2726} INFO - Sync 1 DAGs
[2023-10-28T08:28:42.320+0000] {logging_mixin.py:149} INFO - [2023-10-28T08:28:42.319+0000] {dag.py:3486} INFO - Setting next_dagrun for example_short_circuit_decorator to 2023-10-27T08:28:42.319088+00:00, run_after=2023-10-28T08:28:42.319088+00:00
[2023-10-28T08:28:42.386+0000] {processor.py:178} INFO - Processing /usr/local/lib/python3.10/dist-packages/airflow/example_dags/example_short_circuit_decorator.py took 0.297 seconds
[2023-10-28T08:29:12.792+0000] {processor.py:156} INFO - Started process (PID=1512049) to work on /usr/local/lib/python3.10/dist-packages/airflow/example_dags/example_short_circuit_decorator.py
[2023-10-28T08:29:12.825+0000] {processor.py:799} INFO - Processing file /usr/local/lib/python3.10/dist-packages/airflow/example_dags/example_short_circuit_decorator.py for tasks to queue
[2023-10-28T08:29:12.827+0000] {logging_mixin.py:149} INFO - [2023-10-28T08:29:12.826+0000] {dagbag.py:541} INFO - Filling up the DagBag from /usr/local/lib/python3.10/dist-packages/airflow/example_dags/example_short_circuit_decorator.py
[2023-10-28T08:29:12.851+0000] {processor.py:809} INFO - DAG(s) dict_keys(['example_short_circuit_decorator']) retrieved from /usr/local/lib/python3.10/dist-packages/airflow/example_dags/example_short_circuit_decorator.py
[2023-10-28T08:29:12.933+0000] {logging_mixin.py:149} INFO - [2023-10-28T08:29:12.932+0000] {dag.py:2726} INFO - Sync 1 DAGs
[2023-10-28T08:29:13.008+0000] {logging_mixin.py:149} INFO - [2023-10-28T08:29:13.008+0000] {dag.py:3486} INFO - Setting next_dagrun for example_short_circuit_decorator to 2023-10-27T08:29:13.007766+00:00, run_after=2023-10-28T08:29:13.007766+00:00
[2023-10-28T08:29:13.097+0000] {processor.py:178} INFO - Processing /usr/local/lib/python3.10/dist-packages/airflow/example_dags/example_short_circuit_decorator.py took 0.313 seconds
[2023-10-28T08:29:43.240+0000] {processor.py:156} INFO - Started process (PID=1512406) to work on /usr/local/lib/python3.10/dist-packages/airflow/example_dags/example_short_circuit_decorator.py
[2023-10-28T08:29:43.269+0000] {processor.py:799} INFO - Processing file /usr/local/lib/python3.10/dist-packages/airflow/example_dags/example_short_circuit_decorator.py for tasks to queue
[2023-10-28T08:29:43.272+0000] {logging_mixin.py:149} INFO - [2023-10-28T08:29:43.271+0000] {dagbag.py:541} INFO - Filling up the DagBag from /usr/local/lib/python3.10/dist-packages/airflow/example_dags/example_short_circuit_decorator.py
[2023-10-28T08:29:43.301+0000] {processor.py:809} INFO - DAG(s) dict_keys(['example_short_circuit_decorator']) retrieved from /usr/local/lib/python3.10/dist-packages/airflow/example_dags/example_short_circuit_decorator.py
[2023-10-28T08:29:43.385+0000] {logging_mixin.py:149} INFO - [2023-10-28T08:29:43.384+0000] {dag.py:2726} INFO - Sync 1 DAGs
[2023-10-28T08:29:43.472+0000] {logging_mixin.py:149} INFO - [2023-10-28T08:29:43.471+0000] {dag.py:3486} INFO - Setting next_dagrun for example_short_circuit_decorator to 2023-10-27T08:29:43.471252+00:00, run_after=2023-10-28T08:29:43.471252+00:00
[2023-10-28T08:29:43.542+0000] {processor.py:178} INFO - Processing /usr/local/lib/python3.10/dist-packages/airflow/example_dags/example_short_circuit_decorator.py took 0.309 seconds
[2023-10-28T08:30:13.725+0000] {processor.py:156} INFO - Started process (PID=1512787) to work on /usr/local/lib/python3.10/dist-packages/airflow/example_dags/example_short_circuit_decorator.py
[2023-10-28T08:30:13.757+0000] {processor.py:799} INFO - Processing file /usr/local/lib/python3.10/dist-packages/airflow/example_dags/example_short_circuit_decorator.py for tasks to queue
[2023-10-28T08:30:13.759+0000] {logging_mixin.py:149} INFO - [2023-10-28T08:30:13.758+0000] {dagbag.py:541} INFO - Filling up the DagBag from /usr/local/lib/python3.10/dist-packages/airflow/example_dags/example_short_circuit_decorator.py
[2023-10-28T08:30:13.781+0000] {processor.py:809} INFO - DAG(s) dict_keys(['example_short_circuit_decorator']) retrieved from /usr/local/lib/python3.10/dist-packages/airflow/example_dags/example_short_circuit_decorator.py
[2023-10-28T08:30:13.865+0000] {logging_mixin.py:149} INFO - [2023-10-28T08:30:13.865+0000] {dag.py:2726} INFO - Sync 1 DAGs
[2023-10-28T08:30:13.944+0000] {logging_mixin.py:149} INFO - [2023-10-28T08:30:13.943+0000] {dag.py:3486} INFO - Setting next_dagrun for example_short_circuit_decorator to 2023-10-27T08:30:13.943257+00:00, run_after=2023-10-28T08:30:13.943257+00:00
[2023-10-28T08:30:14.031+0000] {processor.py:178} INFO - Processing /usr/local/lib/python3.10/dist-packages/airflow/example_dags/example_short_circuit_decorator.py took 0.314 seconds
[2023-10-28T08:30:44.615+0000] {processor.py:156} INFO - Started process (PID=1513400) to work on /usr/local/lib/python3.10/dist-packages/airflow/example_dags/example_short_circuit_decorator.py
[2023-10-28T08:30:44.641+0000] {processor.py:799} INFO - Processing file /usr/local/lib/python3.10/dist-packages/airflow/example_dags/example_short_circuit_decorator.py for tasks to queue
[2023-10-28T08:30:44.642+0000] {logging_mixin.py:149} INFO - [2023-10-28T08:30:44.642+0000] {dagbag.py:541} INFO - Filling up the DagBag from /usr/local/lib/python3.10/dist-packages/airflow/example_dags/example_short_circuit_decorator.py
[2023-10-28T08:30:44.665+0000] {processor.py:809} INFO - DAG(s) dict_keys(['example_short_circuit_decorator']) retrieved from /usr/local/lib/python3.10/dist-packages/airflow/example_dags/example_short_circuit_decorator.py
[2023-10-28T08:30:44.745+0000] {logging_mixin.py:149} INFO - [2023-10-28T08:30:44.744+0000] {dag.py:2726} INFO - Sync 1 DAGs
[2023-10-28T08:30:44.819+0000] {logging_mixin.py:149} INFO - [2023-10-28T08:30:44.818+0000] {dag.py:3486} INFO - Setting next_dagrun for example_short_circuit_decorator to 2023-10-27T08:30:44.818320+00:00, run_after=2023-10-28T08:30:44.818320+00:00
[2023-10-28T08:30:44.903+0000] {processor.py:178} INFO - Processing /usr/local/lib/python3.10/dist-packages/airflow/example_dags/example_short_circuit_decorator.py took 0.296 seconds
[2023-10-28T08:31:15.209+0000] {processor.py:156} INFO - Started process (PID=1513839) to work on /usr/local/lib/python3.10/dist-packages/airflow/example_dags/example_short_circuit_decorator.py
[2023-10-28T08:31:15.211+0000] {processor.py:799} INFO - Processing file /usr/local/lib/python3.10/dist-packages/airflow/example_dags/example_short_circuit_decorator.py for tasks to queue
[2023-10-28T08:31:15.213+0000] {logging_mixin.py:149} INFO - [2023-10-28T08:31:15.213+0000] {dagbag.py:541} INFO - Filling up the DagBag from /usr/local/lib/python3.10/dist-packages/airflow/example_dags/example_short_circuit_decorator.py
[2023-10-28T08:31:15.250+0000] {processor.py:809} INFO - DAG(s) dict_keys(['example_short_circuit_decorator']) retrieved from /usr/local/lib/python3.10/dist-packages/airflow/example_dags/example_short_circuit_decorator.py
[2023-10-28T08:31:15.335+0000] {logging_mixin.py:149} INFO - [2023-10-28T08:31:15.334+0000] {dag.py:2726} INFO - Sync 1 DAGs
[2023-10-28T08:31:15.410+0000] {logging_mixin.py:149} INFO - [2023-10-28T08:31:15.410+0000] {dag.py:3486} INFO - Setting next_dagrun for example_short_circuit_decorator to 2023-10-27T08:31:15.409457+00:00, run_after=2023-10-28T08:31:15.409457+00:00
[2023-10-28T08:31:15.513+0000] {processor.py:178} INFO - Processing /usr/local/lib/python3.10/dist-packages/airflow/example_dags/example_short_circuit_decorator.py took 0.311 seconds
[2023-10-28T08:31:46.196+0000] {processor.py:156} INFO - Started process (PID=1514444) to work on /usr/local/lib/python3.10/dist-packages/airflow/example_dags/example_short_circuit_decorator.py
[2023-10-28T08:31:46.232+0000] {processor.py:799} INFO - Processing file /usr/local/lib/python3.10/dist-packages/airflow/example_dags/example_short_circuit_decorator.py for tasks to queue
[2023-10-28T08:31:46.234+0000] {logging_mixin.py:149} INFO - [2023-10-28T08:31:46.234+0000] {dagbag.py:541} INFO - Filling up the DagBag from /usr/local/lib/python3.10/dist-packages/airflow/example_dags/example_short_circuit_decorator.py
[2023-10-28T08:31:46.256+0000] {processor.py:809} INFO - DAG(s) dict_keys(['example_short_circuit_decorator']) retrieved from /usr/local/lib/python3.10/dist-packages/airflow/example_dags/example_short_circuit_decorator.py
[2023-10-28T08:31:46.345+0000] {logging_mixin.py:149} INFO - [2023-10-28T08:31:46.345+0000] {dag.py:2726} INFO - Sync 1 DAGs
[2023-10-28T08:31:46.419+0000] {logging_mixin.py:149} INFO - [2023-10-28T08:31:46.418+0000] {dag.py:3486} INFO - Setting next_dagrun for example_short_circuit_decorator to 2023-10-27T08:31:46.418289+00:00, run_after=2023-10-28T08:31:46.418289+00:00
[2023-10-28T08:31:46.486+0000] {processor.py:178} INFO - Processing /usr/local/lib/python3.10/dist-packages/airflow/example_dags/example_short_circuit_decorator.py took 0.297 seconds
[2023-10-28T08:32:17.410+0000] {processor.py:156} INFO - Started process (PID=1515081) to work on /usr/local/lib/python3.10/dist-packages/airflow/example_dags/example_short_circuit_decorator.py
[2023-10-28T08:32:17.413+0000] {processor.py:799} INFO - Processing file /usr/local/lib/python3.10/dist-packages/airflow/example_dags/example_short_circuit_decorator.py for tasks to queue
[2023-10-28T08:32:17.415+0000] {logging_mixin.py:149} INFO - [2023-10-28T08:32:17.414+0000] {dagbag.py:541} INFO - Filling up the DagBag from /usr/local/lib/python3.10/dist-packages/airflow/example_dags/example_short_circuit_decorator.py
[2023-10-28T08:32:17.437+0000] {processor.py:809} INFO - DAG(s) dict_keys(['example_short_circuit_decorator']) retrieved from /usr/local/lib/python3.10/dist-packages/airflow/example_dags/example_short_circuit_decorator.py
[2023-10-28T08:32:17.526+0000] {logging_mixin.py:149} INFO - [2023-10-28T08:32:17.525+0000] {dag.py:2726} INFO - Sync 1 DAGs
[2023-10-28T08:32:17.598+0000] {logging_mixin.py:149} INFO - [2023-10-28T08:32:17.597+0000] {dag.py:3486} INFO - Setting next_dagrun for example_short_circuit_decorator to 2023-10-27T08:32:17.596902+00:00, run_after=2023-10-28T08:32:17.596902+00:00
[2023-10-28T08:32:17.692+0000] {processor.py:178} INFO - Processing /usr/local/lib/python3.10/dist-packages/airflow/example_dags/example_short_circuit_decorator.py took 0.290 seconds
[2023-10-28T08:32:47.824+0000] {processor.py:156} INFO - Started process (PID=1515679) to work on /usr/local/lib/python3.10/dist-packages/airflow/example_dags/example_short_circuit_decorator.py
[2023-10-28T08:32:47.849+0000] {processor.py:799} INFO - Processing file /usr/local/lib/python3.10/dist-packages/airflow/example_dags/example_short_circuit_decorator.py for tasks to queue
[2023-10-28T08:32:47.851+0000] {logging_mixin.py:149} INFO - [2023-10-28T08:32:47.850+0000] {dagbag.py:541} INFO - Filling up the DagBag from /usr/local/lib/python3.10/dist-packages/airflow/example_dags/example_short_circuit_decorator.py
[2023-10-28T08:32:47.874+0000] {processor.py:809} INFO - DAG(s) dict_keys(['example_short_circuit_decorator']) retrieved from /usr/local/lib/python3.10/dist-packages/airflow/example_dags/example_short_circuit_decorator.py
[2023-10-28T08:32:47.958+0000] {logging_mixin.py:149} INFO - [2023-10-28T08:32:47.957+0000] {dag.py:2726} INFO - Sync 1 DAGs
[2023-10-28T08:32:48.030+0000] {logging_mixin.py:149} INFO - [2023-10-28T08:32:48.030+0000] {dag.py:3486} INFO - Setting next_dagrun for example_short_circuit_decorator to 2023-10-27T08:32:48.029666+00:00, run_after=2023-10-28T08:32:48.029666+00:00
[2023-10-28T08:32:48.127+0000] {processor.py:178} INFO - Processing /usr/local/lib/python3.10/dist-packages/airflow/example_dags/example_short_circuit_decorator.py took 0.310 seconds
[2023-10-28T08:33:18.573+0000] {processor.py:156} INFO - Started process (PID=1516155) to work on /usr/local/lib/python3.10/dist-packages/airflow/example_dags/example_short_circuit_decorator.py
[2023-10-28T08:33:18.574+0000] {processor.py:799} INFO - Processing file /usr/local/lib/python3.10/dist-packages/airflow/example_dags/example_short_circuit_decorator.py for tasks to queue
[2023-10-28T08:33:18.577+0000] {logging_mixin.py:149} INFO - [2023-10-28T08:33:18.576+0000] {dagbag.py:541} INFO - Filling up the DagBag from /usr/local/lib/python3.10/dist-packages/airflow/example_dags/example_short_circuit_decorator.py
[2023-10-28T08:33:18.599+0000] {processor.py:809} INFO - DAG(s) dict_keys(['example_short_circuit_decorator']) retrieved from /usr/local/lib/python3.10/dist-packages/airflow/example_dags/example_short_circuit_decorator.py
[2023-10-28T08:33:18.685+0000] {logging_mixin.py:149} INFO - [2023-10-28T08:33:18.684+0000] {dag.py:2726} INFO - Sync 1 DAGs
[2023-10-28T08:33:18.765+0000] {logging_mixin.py:149} INFO - [2023-10-28T08:33:18.764+0000] {dag.py:3486} INFO - Setting next_dagrun for example_short_circuit_decorator to 2023-10-27T08:33:18.763474+00:00, run_after=2023-10-28T08:33:18.763474+00:00
[2023-10-28T08:33:18.858+0000] {processor.py:178} INFO - Processing /usr/local/lib/python3.10/dist-packages/airflow/example_dags/example_short_circuit_decorator.py took 0.295 seconds
[2023-10-28T08:33:49.357+0000] {processor.py:156} INFO - Started process (PID=1516511) to work on /usr/local/lib/python3.10/dist-packages/airflow/example_dags/example_short_circuit_decorator.py
[2023-10-28T08:33:49.393+0000] {processor.py:799} INFO - Processing file /usr/local/lib/python3.10/dist-packages/airflow/example_dags/example_short_circuit_decorator.py for tasks to queue
[2023-10-28T08:33:49.395+0000] {logging_mixin.py:149} INFO - [2023-10-28T08:33:49.394+0000] {dagbag.py:541} INFO - Filling up the DagBag from /usr/local/lib/python3.10/dist-packages/airflow/example_dags/example_short_circuit_decorator.py
[2023-10-28T08:33:49.417+0000] {processor.py:809} INFO - DAG(s) dict_keys(['example_short_circuit_decorator']) retrieved from /usr/local/lib/python3.10/dist-packages/airflow/example_dags/example_short_circuit_decorator.py
[2023-10-28T08:33:49.502+0000] {logging_mixin.py:149} INFO - [2023-10-28T08:33:49.501+0000] {dag.py:2726} INFO - Sync 1 DAGs
[2023-10-28T08:33:49.578+0000] {logging_mixin.py:149} INFO - [2023-10-28T08:33:49.578+0000] {dag.py:3486} INFO - Setting next_dagrun for example_short_circuit_decorator to 2023-10-27T08:33:49.577649+00:00, run_after=2023-10-28T08:33:49.577649+00:00
[2023-10-28T08:33:49.671+0000] {processor.py:178} INFO - Processing /usr/local/lib/python3.10/dist-packages/airflow/example_dags/example_short_circuit_decorator.py took 0.321 seconds
[2023-10-28T08:34:19.880+0000] {processor.py:156} INFO - Started process (PID=1516907) to work on /usr/local/lib/python3.10/dist-packages/airflow/example_dags/example_short_circuit_decorator.py
[2023-10-28T08:34:19.884+0000] {processor.py:799} INFO - Processing file /usr/local/lib/python3.10/dist-packages/airflow/example_dags/example_short_circuit_decorator.py for tasks to queue
[2023-10-28T08:34:19.886+0000] {logging_mixin.py:149} INFO - [2023-10-28T08:34:19.885+0000] {dagbag.py:541} INFO - Filling up the DagBag from /usr/local/lib/python3.10/dist-packages/airflow/example_dags/example_short_circuit_decorator.py
[2023-10-28T08:34:19.909+0000] {processor.py:809} INFO - DAG(s) dict_keys(['example_short_circuit_decorator']) retrieved from /usr/local/lib/python3.10/dist-packages/airflow/example_dags/example_short_circuit_decorator.py
[2023-10-28T08:34:19.996+0000] {logging_mixin.py:149} INFO - [2023-10-28T08:34:19.996+0000] {dag.py:2726} INFO - Sync 1 DAGs
[2023-10-28T08:34:20.072+0000] {logging_mixin.py:149} INFO - [2023-10-28T08:34:20.072+0000] {dag.py:3486} INFO - Setting next_dagrun for example_short_circuit_decorator to 2023-10-27T08:34:20.071553+00:00, run_after=2023-10-28T08:34:20.071553+00:00
[2023-10-28T08:34:20.174+0000] {processor.py:178} INFO - Processing /usr/local/lib/python3.10/dist-packages/airflow/example_dags/example_short_circuit_decorator.py took 0.302 seconds
[2023-10-28T08:34:50.750+0000] {processor.py:156} INFO - Started process (PID=1517265) to work on /usr/local/lib/python3.10/dist-packages/airflow/example_dags/example_short_circuit_decorator.py
[2023-10-28T08:34:50.752+0000] {processor.py:799} INFO - Processing file /usr/local/lib/python3.10/dist-packages/airflow/example_dags/example_short_circuit_decorator.py for tasks to queue
[2023-10-28T08:34:50.754+0000] {logging_mixin.py:149} INFO - [2023-10-28T08:34:50.754+0000] {dagbag.py:541} INFO - Filling up the DagBag from /usr/local/lib/python3.10/dist-packages/airflow/example_dags/example_short_circuit_decorator.py
[2023-10-28T08:34:50.780+0000] {processor.py:809} INFO - DAG(s) dict_keys(['example_short_circuit_decorator']) retrieved from /usr/local/lib/python3.10/dist-packages/airflow/example_dags/example_short_circuit_decorator.py
[2023-10-28T08:34:50.868+0000] {logging_mixin.py:149} INFO - [2023-10-28T08:34:50.868+0000] {dag.py:2726} INFO - Sync 1 DAGs
[2023-10-28T08:34:50.943+0000] {logging_mixin.py:149} INFO - [2023-10-28T08:34:50.943+0000] {dag.py:3486} INFO - Setting next_dagrun for example_short_circuit_decorator to 2023-10-27T08:34:50.942480+00:00, run_after=2023-10-28T08:34:50.942480+00:00
[2023-10-28T08:34:51.035+0000] {processor.py:178} INFO - Processing /usr/local/lib/python3.10/dist-packages/airflow/example_dags/example_short_circuit_decorator.py took 0.293 seconds
[2023-10-28T08:35:21.850+0000] {processor.py:156} INFO - Started process (PID=1517825) to work on /usr/local/lib/python3.10/dist-packages/airflow/example_dags/example_short_circuit_decorator.py
[2023-10-28T08:35:21.885+0000] {processor.py:799} INFO - Processing file /usr/local/lib/python3.10/dist-packages/airflow/example_dags/example_short_circuit_decorator.py for tasks to queue
[2023-10-28T08:35:21.887+0000] {logging_mixin.py:149} INFO - [2023-10-28T08:35:21.887+0000] {dagbag.py:541} INFO - Filling up the DagBag from /usr/local/lib/python3.10/dist-packages/airflow/example_dags/example_short_circuit_decorator.py
[2023-10-28T08:35:21.911+0000] {processor.py:809} INFO - DAG(s) dict_keys(['example_short_circuit_decorator']) retrieved from /usr/local/lib/python3.10/dist-packages/airflow/example_dags/example_short_circuit_decorator.py
[2023-10-28T08:35:21.995+0000] {logging_mixin.py:149} INFO - [2023-10-28T08:35:21.994+0000] {dag.py:2726} INFO - Sync 1 DAGs
[2023-10-28T08:35:22.070+0000] {logging_mixin.py:149} INFO - [2023-10-28T08:35:22.069+0000] {dag.py:3486} INFO - Setting next_dagrun for example_short_circuit_decorator to 2023-10-27T08:35:22.068851+00:00, run_after=2023-10-28T08:35:22.068851+00:00
[2023-10-28T08:35:22.169+0000] {processor.py:178} INFO - Processing /usr/local/lib/python3.10/dist-packages/airflow/example_dags/example_short_circuit_decorator.py took 0.326 seconds
[2023-10-28T08:35:52.234+0000] {processor.py:156} INFO - Started process (PID=1518278) to work on /usr/local/lib/python3.10/dist-packages/airflow/example_dags/example_short_circuit_decorator.py
[2023-10-28T08:35:52.236+0000] {processor.py:799} INFO - Processing file /usr/local/lib/python3.10/dist-packages/airflow/example_dags/example_short_circuit_decorator.py for tasks to queue
[2023-10-28T08:35:52.238+0000] {logging_mixin.py:149} INFO - [2023-10-28T08:35:52.237+0000] {dagbag.py:541} INFO - Filling up the DagBag from /usr/local/lib/python3.10/dist-packages/airflow/example_dags/example_short_circuit_decorator.py
[2023-10-28T08:35:52.261+0000] {processor.py:809} INFO - DAG(s) dict_keys(['example_short_circuit_decorator']) retrieved from /usr/local/lib/python3.10/dist-packages/airflow/example_dags/example_short_circuit_decorator.py
[2023-10-28T08:35:52.351+0000] {logging_mixin.py:149} INFO - [2023-10-28T08:35:52.351+0000] {dag.py:2726} INFO - Sync 1 DAGs
[2023-10-28T08:35:52.433+0000] {logging_mixin.py:149} INFO - [2023-10-28T08:35:52.432+0000] {dag.py:3486} INFO - Setting next_dagrun for example_short_circuit_decorator to 2023-10-27T08:35:52.432140+00:00, run_after=2023-10-28T08:35:52.432140+00:00
[2023-10-28T08:35:52.545+0000] {processor.py:178} INFO - Processing /usr/local/lib/python3.10/dist-packages/airflow/example_dags/example_short_circuit_decorator.py took 0.319 seconds
[2023-10-28T08:36:22.811+0000] {processor.py:156} INFO - Started process (PID=1518664) to work on /usr/local/lib/python3.10/dist-packages/airflow/example_dags/example_short_circuit_decorator.py
[2023-10-28T08:36:22.813+0000] {processor.py:799} INFO - Processing file /usr/local/lib/python3.10/dist-packages/airflow/example_dags/example_short_circuit_decorator.py for tasks to queue
[2023-10-28T08:36:22.814+0000] {logging_mixin.py:149} INFO - [2023-10-28T08:36:22.814+0000] {dagbag.py:541} INFO - Filling up the DagBag from /usr/local/lib/python3.10/dist-packages/airflow/example_dags/example_short_circuit_decorator.py
[2023-10-28T08:36:22.838+0000] {processor.py:809} INFO - DAG(s) dict_keys(['example_short_circuit_decorator']) retrieved from /usr/local/lib/python3.10/dist-packages/airflow/example_dags/example_short_circuit_decorator.py
[2023-10-28T08:36:22.927+0000] {logging_mixin.py:149} INFO - [2023-10-28T08:36:22.926+0000] {dag.py:2726} INFO - Sync 1 DAGs
[2023-10-28T08:36:23.000+0000] {logging_mixin.py:149} INFO - [2023-10-28T08:36:23.000+0000] {dag.py:3486} INFO - Setting next_dagrun for example_short_circuit_decorator to 2023-10-27T08:36:22.999671+00:00, run_after=2023-10-28T08:36:22.999671+00:00
[2023-10-28T08:36:23.070+0000] {processor.py:178} INFO - Processing /usr/local/lib/python3.10/dist-packages/airflow/example_dags/example_short_circuit_decorator.py took 0.266 seconds
[2023-10-28T08:36:53.252+0000] {processor.py:156} INFO - Started process (PID=1519020) to work on /usr/local/lib/python3.10/dist-packages/airflow/example_dags/example_short_circuit_decorator.py
[2023-10-28T08:36:53.288+0000] {processor.py:799} INFO - Processing file /usr/local/lib/python3.10/dist-packages/airflow/example_dags/example_short_circuit_decorator.py for tasks to queue
[2023-10-28T08:36:53.291+0000] {logging_mixin.py:149} INFO - [2023-10-28T08:36:53.290+0000] {dagbag.py:541} INFO - Filling up the DagBag from /usr/local/lib/python3.10/dist-packages/airflow/example_dags/example_short_circuit_decorator.py
[2023-10-28T08:36:53.315+0000] {processor.py:809} INFO - DAG(s) dict_keys(['example_short_circuit_decorator']) retrieved from /usr/local/lib/python3.10/dist-packages/airflow/example_dags/example_short_circuit_decorator.py
[2023-10-28T08:36:53.403+0000] {logging_mixin.py:149} INFO - [2023-10-28T08:36:53.402+0000] {dag.py:2726} INFO - Sync 1 DAGs
[2023-10-28T08:36:53.480+0000] {logging_mixin.py:149} INFO - [2023-10-28T08:36:53.479+0000] {dag.py:3486} INFO - Setting next_dagrun for example_short_circuit_decorator to 2023-10-27T08:36:53.479107+00:00, run_after=2023-10-28T08:36:53.479107+00:00
[2023-10-28T08:36:53.580+0000] {processor.py:178} INFO - Processing /usr/local/lib/python3.10/dist-packages/airflow/example_dags/example_short_circuit_decorator.py took 0.335 seconds
[2023-10-28T08:37:23.698+0000] {processor.py:156} INFO - Started process (PID=1519519) to work on /usr/local/lib/python3.10/dist-packages/airflow/example_dags/example_short_circuit_decorator.py
[2023-10-28T08:37:23.700+0000] {processor.py:799} INFO - Processing file /usr/local/lib/python3.10/dist-packages/airflow/example_dags/example_short_circuit_decorator.py for tasks to queue
[2023-10-28T08:37:23.702+0000] {logging_mixin.py:149} INFO - [2023-10-28T08:37:23.701+0000] {dagbag.py:541} INFO - Filling up the DagBag from /usr/local/lib/python3.10/dist-packages/airflow/example_dags/example_short_circuit_decorator.py
[2023-10-28T08:37:23.726+0000] {processor.py:809} INFO - DAG(s) dict_keys(['example_short_circuit_decorator']) retrieved from /usr/local/lib/python3.10/dist-packages/airflow/example_dags/example_short_circuit_decorator.py
[2023-10-28T08:37:23.813+0000] {logging_mixin.py:149} INFO - [2023-10-28T08:37:23.812+0000] {dag.py:2726} INFO - Sync 1 DAGs
[2023-10-28T08:37:23.886+0000] {logging_mixin.py:149} INFO - [2023-10-28T08:37:23.886+0000] {dag.py:3486} INFO - Setting next_dagrun for example_short_circuit_decorator to 2023-10-27T08:37:23.885711+00:00, run_after=2023-10-28T08:37:23.885711+00:00
[2023-10-28T08:37:23.995+0000] {processor.py:178} INFO - Processing /usr/local/lib/python3.10/dist-packages/airflow/example_dags/example_short_circuit_decorator.py took 0.304 seconds
[2023-10-28T08:37:54.295+0000] {processor.py:156} INFO - Started process (PID=1519881) to work on /usr/local/lib/python3.10/dist-packages/airflow/example_dags/example_short_circuit_decorator.py
[2023-10-28T08:37:54.299+0000] {processor.py:799} INFO - Processing file /usr/local/lib/python3.10/dist-packages/airflow/example_dags/example_short_circuit_decorator.py for tasks to queue
[2023-10-28T08:37:54.301+0000] {logging_mixin.py:149} INFO - [2023-10-28T08:37:54.300+0000] {dagbag.py:541} INFO - Filling up the DagBag from /usr/local/lib/python3.10/dist-packages/airflow/example_dags/example_short_circuit_decorator.py
[2023-10-28T08:37:54.329+0000] {processor.py:809} INFO - DAG(s) dict_keys(['example_short_circuit_decorator']) retrieved from /usr/local/lib/python3.10/dist-packages/airflow/example_dags/example_short_circuit_decorator.py
[2023-10-28T08:37:54.412+0000] {logging_mixin.py:149} INFO - [2023-10-28T08:37:54.412+0000] {dag.py:2726} INFO - Sync 1 DAGs
[2023-10-28T08:37:54.486+0000] {logging_mixin.py:149} INFO - [2023-10-28T08:37:54.486+0000] {dag.py:3486} INFO - Setting next_dagrun for example_short_circuit_decorator to 2023-10-27T08:37:54.485873+00:00, run_after=2023-10-28T08:37:54.485873+00:00
[2023-10-28T08:37:54.597+0000] {processor.py:178} INFO - Processing /usr/local/lib/python3.10/dist-packages/airflow/example_dags/example_short_circuit_decorator.py took 0.310 seconds
[2023-10-28T08:38:25.375+0000] {processor.py:156} INFO - Started process (PID=1520431) to work on /usr/local/lib/python3.10/dist-packages/airflow/example_dags/example_short_circuit_decorator.py
[2023-10-28T08:38:25.377+0000] {processor.py:799} INFO - Processing file /usr/local/lib/python3.10/dist-packages/airflow/example_dags/example_short_circuit_decorator.py for tasks to queue
[2023-10-28T08:38:25.379+0000] {logging_mixin.py:149} INFO - [2023-10-28T08:38:25.379+0000] {dagbag.py:541} INFO - Filling up the DagBag from /usr/local/lib/python3.10/dist-packages/airflow/example_dags/example_short_circuit_decorator.py
[2023-10-28T08:38:25.403+0000] {processor.py:809} INFO - DAG(s) dict_keys(['example_short_circuit_decorator']) retrieved from /usr/local/lib/python3.10/dist-packages/airflow/example_dags/example_short_circuit_decorator.py
[2023-10-28T08:38:25.492+0000] {logging_mixin.py:149} INFO - [2023-10-28T08:38:25.491+0000] {dag.py:2726} INFO - Sync 1 DAGs
[2023-10-28T08:38:25.567+0000] {logging_mixin.py:149} INFO - [2023-10-28T08:38:25.566+0000] {dag.py:3486} INFO - Setting next_dagrun for example_short_circuit_decorator to 2023-10-27T08:38:25.566056+00:00, run_after=2023-10-28T08:38:25.566056+00:00
[2023-10-28T08:38:25.675+0000] {processor.py:178} INFO - Processing /usr/local/lib/python3.10/dist-packages/airflow/example_dags/example_short_circuit_decorator.py took 0.307 seconds
[2023-10-28T08:38:56.165+0000] {processor.py:156} INFO - Started process (PID=1520944) to work on /usr/local/lib/python3.10/dist-packages/airflow/example_dags/example_short_circuit_decorator.py
[2023-10-28T08:38:56.200+0000] {processor.py:799} INFO - Processing file /usr/local/lib/python3.10/dist-packages/airflow/example_dags/example_short_circuit_decorator.py for tasks to queue
[2023-10-28T08:38:56.202+0000] {logging_mixin.py:149} INFO - [2023-10-28T08:38:56.202+0000] {dagbag.py:541} INFO - Filling up the DagBag from /usr/local/lib/python3.10/dist-packages/airflow/example_dags/example_short_circuit_decorator.py
[2023-10-28T08:38:56.225+0000] {processor.py:809} INFO - DAG(s) dict_keys(['example_short_circuit_decorator']) retrieved from /usr/local/lib/python3.10/dist-packages/airflow/example_dags/example_short_circuit_decorator.py
[2023-10-28T08:38:56.310+0000] {logging_mixin.py:149} INFO - [2023-10-28T08:38:56.310+0000] {dag.py:2726} INFO - Sync 1 DAGs
[2023-10-28T08:38:56.383+0000] {logging_mixin.py:149} INFO - [2023-10-28T08:38:56.383+0000] {dag.py:3486} INFO - Setting next_dagrun for example_short_circuit_decorator to 2023-10-27T08:38:56.382519+00:00, run_after=2023-10-28T08:38:56.382519+00:00
[2023-10-28T08:38:56.482+0000] {processor.py:178} INFO - Processing /usr/local/lib/python3.10/dist-packages/airflow/example_dags/example_short_circuit_decorator.py took 0.324 seconds
[2023-10-28T08:39:27.314+0000] {processor.py:156} INFO - Started process (PID=1521452) to work on /usr/local/lib/python3.10/dist-packages/airflow/example_dags/example_short_circuit_decorator.py
[2023-10-28T08:39:27.316+0000] {processor.py:799} INFO - Processing file /usr/local/lib/python3.10/dist-packages/airflow/example_dags/example_short_circuit_decorator.py for tasks to queue
[2023-10-28T08:39:27.318+0000] {logging_mixin.py:149} INFO - [2023-10-28T08:39:27.317+0000] {dagbag.py:541} INFO - Filling up the DagBag from /usr/local/lib/python3.10/dist-packages/airflow/example_dags/example_short_circuit_decorator.py
[2023-10-28T08:39:27.341+0000] {processor.py:809} INFO - DAG(s) dict_keys(['example_short_circuit_decorator']) retrieved from /usr/local/lib/python3.10/dist-packages/airflow/example_dags/example_short_circuit_decorator.py
[2023-10-28T08:39:27.424+0000] {logging_mixin.py:149} INFO - [2023-10-28T08:39:27.424+0000] {dag.py:2726} INFO - Sync 1 DAGs
[2023-10-28T08:39:27.499+0000] {logging_mixin.py:149} INFO - [2023-10-28T08:39:27.498+0000] {dag.py:3486} INFO - Setting next_dagrun for example_short_circuit_decorator to 2023-10-27T08:39:27.498107+00:00, run_after=2023-10-28T08:39:27.498107+00:00
[2023-10-28T08:39:27.596+0000] {processor.py:178} INFO - Processing /usr/local/lib/python3.10/dist-packages/airflow/example_dags/example_short_circuit_decorator.py took 0.289 seconds
