[2023-10-28T07:57:42.702+0000] {processor.py:156} INFO - Started process (PID=1491585) to work on /usr/local/lib/python3.10/dist-packages/airflow/example_dags/example_params_ui_tutorial.py
[2023-10-28T07:57:42.705+0000] {processor.py:799} INFO - Processing file /usr/local/lib/python3.10/dist-packages/airflow/example_dags/example_params_ui_tutorial.py for tasks to queue
[2023-10-28T07:57:42.707+0000] {logging_mixin.py:149} INFO - [2023-10-28T07:57:42.706+0000] {dagbag.py:541} INFO - Filling up the DagBag from /usr/local/lib/python3.10/dist-packages/airflow/example_dags/example_params_ui_tutorial.py
[2023-10-28T07:57:42.840+0000] {processor.py:809} INFO - DAG(s) dict_keys(['example_params_ui_tutorial']) retrieved from /usr/local/lib/python3.10/dist-packages/airflow/example_dags/example_params_ui_tutorial.py
[2023-10-28T07:57:43.452+0000] {logging_mixin.py:149} INFO - [2023-10-28T07:57:43.451+0000] {manager.py:504} INFO - Created Permission View: can read on DAG:example_params_ui_tutorial
[2023-10-28T07:57:43.479+0000] {logging_mixin.py:149} INFO - [2023-10-28T07:57:43.478+0000] {manager.py:504} INFO - Created Permission View: can edit on DAG:example_params_ui_tutorial
[2023-10-28T07:57:43.503+0000] {logging_mixin.py:149} INFO - [2023-10-28T07:57:43.502+0000] {manager.py:504} INFO - Created Permission View: can delete on DAG:example_params_ui_tutorial
[2023-10-28T07:57:43.503+0000] {logging_mixin.py:149} INFO - [2023-10-28T07:57:43.503+0000] {dag.py:2726} INFO - Sync 1 DAGs
[2023-10-28T07:57:43.531+0000] {logging_mixin.py:149} INFO - [2023-10-28T07:57:43.530+0000] {dag.py:2747} INFO - Creating ORM DAG for example_params_ui_tutorial
[2023-10-28T07:57:43.555+0000] {logging_mixin.py:149} INFO - [2023-10-28T07:57:43.554+0000] {dag.py:3486} INFO - Setting next_dagrun for example_params_ui_tutorial to None, run_after=None
[2023-10-28T07:57:43.652+0000] {processor.py:178} INFO - Processing /usr/local/lib/python3.10/dist-packages/airflow/example_dags/example_params_ui_tutorial.py took 0.957 seconds
[2023-10-28T07:58:51.535+0000] {processor.py:156} INFO - Started process (PID=1492115) to work on /usr/local/lib/python3.10/dist-packages/airflow/example_dags/example_params_ui_tutorial.py
[2023-10-28T07:58:51.573+0000] {processor.py:799} INFO - Processing file /usr/local/lib/python3.10/dist-packages/airflow/example_dags/example_params_ui_tutorial.py for tasks to queue
[2023-10-28T07:58:51.576+0000] {logging_mixin.py:149} INFO - [2023-10-28T07:58:51.575+0000] {dagbag.py:541} INFO - Filling up the DagBag from /usr/local/lib/python3.10/dist-packages/airflow/example_dags/example_params_ui_tutorial.py
[2023-10-28T07:58:51.885+0000] {processor.py:809} INFO - DAG(s) dict_keys(['example_params_ui_tutorial']) retrieved from /usr/local/lib/python3.10/dist-packages/airflow/example_dags/example_params_ui_tutorial.py
[2023-10-28T07:58:52.028+0000] {logging_mixin.py:149} INFO - [2023-10-28T07:58:52.027+0000] {dag.py:2726} INFO - Sync 1 DAGs
[2023-10-28T07:58:52.083+0000] {logging_mixin.py:149} INFO - [2023-10-28T07:58:52.082+0000] {dag.py:3486} INFO - Setting next_dagrun for example_params_ui_tutorial to None, run_after=None
[2023-10-28T07:58:52.177+0000] {processor.py:178} INFO - Processing /usr/local/lib/python3.10/dist-packages/airflow/example_dags/example_params_ui_tutorial.py took 0.649 seconds
[2023-10-28T07:59:50.801+0000] {processor.py:156} INFO - Started process (PID=1492472) to work on /usr/local/lib/python3.10/dist-packages/airflow/example_dags/example_params_ui_tutorial.py
[2023-10-28T07:59:50.804+0000] {processor.py:799} INFO - Processing file /usr/local/lib/python3.10/dist-packages/airflow/example_dags/example_params_ui_tutorial.py for tasks to queue
[2023-10-28T07:59:50.806+0000] {logging_mixin.py:149} INFO - [2023-10-28T07:59:50.805+0000] {dagbag.py:541} INFO - Filling up the DagBag from /usr/local/lib/python3.10/dist-packages/airflow/example_dags/example_params_ui_tutorial.py
[2023-10-28T07:59:50.914+0000] {processor.py:809} INFO - DAG(s) dict_keys(['example_params_ui_tutorial']) retrieved from /usr/local/lib/python3.10/dist-packages/airflow/example_dags/example_params_ui_tutorial.py
[2023-10-28T07:59:51.091+0000] {logging_mixin.py:149} INFO - [2023-10-28T07:59:51.091+0000] {dag.py:2726} INFO - Sync 1 DAGs
[2023-10-28T07:59:51.150+0000] {logging_mixin.py:149} INFO - [2023-10-28T07:59:51.150+0000] {dag.py:3486} INFO - Setting next_dagrun for example_params_ui_tutorial to None, run_after=None
[2023-10-28T07:59:51.209+0000] {processor.py:178} INFO - Processing /usr/local/lib/python3.10/dist-packages/airflow/example_dags/example_params_ui_tutorial.py took 0.417 seconds
[2023-10-28T08:15:26.810+0000] {processor.py:156} INFO - Started process (PID=1497936) to work on /usr/local/lib/python3.10/dist-packages/airflow/example_dags/example_params_ui_tutorial.py
[2023-10-28T08:15:26.844+0000] {processor.py:799} INFO - Processing file /usr/local/lib/python3.10/dist-packages/airflow/example_dags/example_params_ui_tutorial.py for tasks to queue
[2023-10-28T08:15:26.862+0000] {logging_mixin.py:149} INFO - [2023-10-28T08:15:26.861+0000] {dagbag.py:541} INFO - Filling up the DagBag from /usr/local/lib/python3.10/dist-packages/airflow/example_dags/example_params_ui_tutorial.py
[2023-10-28T08:15:27.198+0000] {processor.py:809} INFO - DAG(s) dict_keys(['example_params_ui_tutorial']) retrieved from /usr/local/lib/python3.10/dist-packages/airflow/example_dags/example_params_ui_tutorial.py
[2023-10-28T08:15:27.688+0000] {logging_mixin.py:149} INFO - [2023-10-28T08:15:27.687+0000] {manager.py:504} INFO - Created Permission View: can read on DAG:example_params_ui_tutorial
[2023-10-28T08:15:27.719+0000] {logging_mixin.py:149} INFO - [2023-10-28T08:15:27.718+0000] {manager.py:504} INFO - Created Permission View: can delete on DAG:example_params_ui_tutorial
[2023-10-28T08:15:27.744+0000] {logging_mixin.py:149} INFO - [2023-10-28T08:15:27.743+0000] {manager.py:504} INFO - Created Permission View: can edit on DAG:example_params_ui_tutorial
[2023-10-28T08:15:27.744+0000] {logging_mixin.py:149} INFO - [2023-10-28T08:15:27.744+0000] {dag.py:2726} INFO - Sync 1 DAGs
[2023-10-28T08:15:27.779+0000] {logging_mixin.py:149} INFO - [2023-10-28T08:15:27.779+0000] {dag.py:2747} INFO - Creating ORM DAG for example_params_ui_tutorial
[2023-10-28T08:15:27.817+0000] {logging_mixin.py:149} INFO - [2023-10-28T08:15:27.817+0000] {dag.py:3486} INFO - Setting next_dagrun for example_params_ui_tutorial to None, run_after=None
[2023-10-28T08:15:27.903+0000] {processor.py:178} INFO - Processing /usr/local/lib/python3.10/dist-packages/airflow/example_dags/example_params_ui_tutorial.py took 1.100 seconds
[2023-10-28T08:15:58.060+0000] {processor.py:156} INFO - Started process (PID=1498703) to work on /usr/local/lib/python3.10/dist-packages/airflow/example_dags/example_params_ui_tutorial.py
[2023-10-28T08:15:58.085+0000] {processor.py:799} INFO - Processing file /usr/local/lib/python3.10/dist-packages/airflow/example_dags/example_params_ui_tutorial.py for tasks to queue
[2023-10-28T08:15:58.087+0000] {logging_mixin.py:149} INFO - [2023-10-28T08:15:58.087+0000] {dagbag.py:541} INFO - Filling up the DagBag from /usr/local/lib/python3.10/dist-packages/airflow/example_dags/example_params_ui_tutorial.py
[2023-10-28T08:15:58.187+0000] {processor.py:809} INFO - DAG(s) dict_keys(['example_params_ui_tutorial']) retrieved from /usr/local/lib/python3.10/dist-packages/airflow/example_dags/example_params_ui_tutorial.py
[2023-10-28T08:15:58.378+0000] {logging_mixin.py:149} INFO - [2023-10-28T08:15:58.377+0000] {dag.py:2726} INFO - Sync 1 DAGs
[2023-10-28T08:15:58.458+0000] {logging_mixin.py:149} INFO - [2023-10-28T08:15:58.457+0000] {dag.py:3486} INFO - Setting next_dagrun for example_params_ui_tutorial to None, run_after=None
[2023-10-28T08:15:58.528+0000] {processor.py:178} INFO - Processing /usr/local/lib/python3.10/dist-packages/airflow/example_dags/example_params_ui_tutorial.py took 0.475 seconds
[2023-10-28T08:16:28.747+0000] {processor.py:156} INFO - Started process (PID=1500044) to work on /usr/local/lib/python3.10/dist-packages/airflow/example_dags/example_params_ui_tutorial.py
[2023-10-28T08:16:28.765+0000] {processor.py:799} INFO - Processing file /usr/local/lib/python3.10/dist-packages/airflow/example_dags/example_params_ui_tutorial.py for tasks to queue
[2023-10-28T08:16:28.767+0000] {logging_mixin.py:149} INFO - [2023-10-28T08:16:28.767+0000] {dagbag.py:541} INFO - Filling up the DagBag from /usr/local/lib/python3.10/dist-packages/airflow/example_dags/example_params_ui_tutorial.py
[2023-10-28T08:16:28.866+0000] {processor.py:809} INFO - DAG(s) dict_keys(['example_params_ui_tutorial']) retrieved from /usr/local/lib/python3.10/dist-packages/airflow/example_dags/example_params_ui_tutorial.py
[2023-10-28T08:16:29.062+0000] {logging_mixin.py:149} INFO - [2023-10-28T08:16:29.062+0000] {dag.py:2726} INFO - Sync 1 DAGs
[2023-10-28T08:16:29.142+0000] {logging_mixin.py:149} INFO - [2023-10-28T08:16:29.141+0000] {dag.py:3486} INFO - Setting next_dagrun for example_params_ui_tutorial to None, run_after=None
[2023-10-28T08:16:29.205+0000] {processor.py:178} INFO - Processing /usr/local/lib/python3.10/dist-packages/airflow/example_dags/example_params_ui_tutorial.py took 0.466 seconds
[2023-10-28T08:16:59.485+0000] {processor.py:156} INFO - Started process (PID=1500706) to work on /usr/local/lib/python3.10/dist-packages/airflow/example_dags/example_params_ui_tutorial.py
[2023-10-28T08:16:59.488+0000] {processor.py:799} INFO - Processing file /usr/local/lib/python3.10/dist-packages/airflow/example_dags/example_params_ui_tutorial.py for tasks to queue
[2023-10-28T08:16:59.491+0000] {logging_mixin.py:149} INFO - [2023-10-28T08:16:59.490+0000] {dagbag.py:541} INFO - Filling up the DagBag from /usr/local/lib/python3.10/dist-packages/airflow/example_dags/example_params_ui_tutorial.py
[2023-10-28T08:16:59.593+0000] {processor.py:809} INFO - DAG(s) dict_keys(['example_params_ui_tutorial']) retrieved from /usr/local/lib/python3.10/dist-packages/airflow/example_dags/example_params_ui_tutorial.py
[2023-10-28T08:16:59.780+0000] {logging_mixin.py:149} INFO - [2023-10-28T08:16:59.780+0000] {dag.py:2726} INFO - Sync 1 DAGs
[2023-10-28T08:16:59.857+0000] {logging_mixin.py:149} INFO - [2023-10-28T08:16:59.857+0000] {dag.py:3486} INFO - Setting next_dagrun for example_params_ui_tutorial to None, run_after=None
[2023-10-28T08:16:59.953+0000] {processor.py:178} INFO - Processing /usr/local/lib/python3.10/dist-packages/airflow/example_dags/example_params_ui_tutorial.py took 0.475 seconds
[2023-10-28T08:17:30.050+0000] {processor.py:156} INFO - Started process (PID=1501171) to work on /usr/local/lib/python3.10/dist-packages/airflow/example_dags/example_params_ui_tutorial.py
[2023-10-28T08:17:30.073+0000] {processor.py:799} INFO - Processing file /usr/local/lib/python3.10/dist-packages/airflow/example_dags/example_params_ui_tutorial.py for tasks to queue
[2023-10-28T08:17:30.075+0000] {logging_mixin.py:149} INFO - [2023-10-28T08:17:30.074+0000] {dagbag.py:541} INFO - Filling up the DagBag from /usr/local/lib/python3.10/dist-packages/airflow/example_dags/example_params_ui_tutorial.py
[2023-10-28T08:17:30.178+0000] {processor.py:809} INFO - DAG(s) dict_keys(['example_params_ui_tutorial']) retrieved from /usr/local/lib/python3.10/dist-packages/airflow/example_dags/example_params_ui_tutorial.py
[2023-10-28T08:17:30.382+0000] {logging_mixin.py:149} INFO - [2023-10-28T08:17:30.382+0000] {dag.py:2726} INFO - Sync 1 DAGs
[2023-10-28T08:17:30.462+0000] {logging_mixin.py:149} INFO - [2023-10-28T08:17:30.461+0000] {dag.py:3486} INFO - Setting next_dagrun for example_params_ui_tutorial to None, run_after=None
[2023-10-28T08:17:30.535+0000] {processor.py:178} INFO - Processing /usr/local/lib/python3.10/dist-packages/airflow/example_dags/example_params_ui_tutorial.py took 0.492 seconds
[2023-10-28T08:18:00.689+0000] {processor.py:156} INFO - Started process (PID=1501528) to work on /usr/local/lib/python3.10/dist-packages/airflow/example_dags/example_params_ui_tutorial.py
[2023-10-28T08:18:00.708+0000] {processor.py:799} INFO - Processing file /usr/local/lib/python3.10/dist-packages/airflow/example_dags/example_params_ui_tutorial.py for tasks to queue
[2023-10-28T08:18:00.710+0000] {logging_mixin.py:149} INFO - [2023-10-28T08:18:00.709+0000] {dagbag.py:541} INFO - Filling up the DagBag from /usr/local/lib/python3.10/dist-packages/airflow/example_dags/example_params_ui_tutorial.py
[2023-10-28T08:18:00.813+0000] {processor.py:809} INFO - DAG(s) dict_keys(['example_params_ui_tutorial']) retrieved from /usr/local/lib/python3.10/dist-packages/airflow/example_dags/example_params_ui_tutorial.py
[2023-10-28T08:18:00.993+0000] {logging_mixin.py:149} INFO - [2023-10-28T08:18:00.993+0000] {dag.py:2726} INFO - Sync 1 DAGs
[2023-10-28T08:18:01.069+0000] {logging_mixin.py:149} INFO - [2023-10-28T08:18:01.069+0000] {dag.py:3486} INFO - Setting next_dagrun for example_params_ui_tutorial to None, run_after=None
[2023-10-28T08:18:01.134+0000] {processor.py:178} INFO - Processing /usr/local/lib/python3.10/dist-packages/airflow/example_dags/example_params_ui_tutorial.py took 0.453 seconds
[2023-10-28T08:18:31.609+0000] {processor.py:156} INFO - Started process (PID=1501908) to work on /usr/local/lib/python3.10/dist-packages/airflow/example_dags/example_params_ui_tutorial.py
[2023-10-28T08:18:31.634+0000] {processor.py:799} INFO - Processing file /usr/local/lib/python3.10/dist-packages/airflow/example_dags/example_params_ui_tutorial.py for tasks to queue
[2023-10-28T08:18:31.635+0000] {logging_mixin.py:149} INFO - [2023-10-28T08:18:31.635+0000] {dagbag.py:541} INFO - Filling up the DagBag from /usr/local/lib/python3.10/dist-packages/airflow/example_dags/example_params_ui_tutorial.py
[2023-10-28T08:18:31.732+0000] {processor.py:809} INFO - DAG(s) dict_keys(['example_params_ui_tutorial']) retrieved from /usr/local/lib/python3.10/dist-packages/airflow/example_dags/example_params_ui_tutorial.py
[2023-10-28T08:18:31.910+0000] {logging_mixin.py:149} INFO - [2023-10-28T08:18:31.910+0000] {dag.py:2726} INFO - Sync 1 DAGs
[2023-10-28T08:18:31.991+0000] {logging_mixin.py:149} INFO - [2023-10-28T08:18:31.990+0000] {dag.py:3486} INFO - Setting next_dagrun for example_params_ui_tutorial to None, run_after=None
[2023-10-28T08:18:32.053+0000] {processor.py:178} INFO - Processing /usr/local/lib/python3.10/dist-packages/airflow/example_dags/example_params_ui_tutorial.py took 0.451 seconds
[2023-10-28T08:19:02.189+0000] {processor.py:156} INFO - Started process (PID=1502270) to work on /usr/local/lib/python3.10/dist-packages/airflow/example_dags/example_params_ui_tutorial.py
[2023-10-28T08:19:02.212+0000] {processor.py:799} INFO - Processing file /usr/local/lib/python3.10/dist-packages/airflow/example_dags/example_params_ui_tutorial.py for tasks to queue
[2023-10-28T08:19:02.214+0000] {logging_mixin.py:149} INFO - [2023-10-28T08:19:02.213+0000] {dagbag.py:541} INFO - Filling up the DagBag from /usr/local/lib/python3.10/dist-packages/airflow/example_dags/example_params_ui_tutorial.py
[2023-10-28T08:19:02.314+0000] {processor.py:809} INFO - DAG(s) dict_keys(['example_params_ui_tutorial']) retrieved from /usr/local/lib/python3.10/dist-packages/airflow/example_dags/example_params_ui_tutorial.py
[2023-10-28T08:19:02.524+0000] {logging_mixin.py:149} INFO - [2023-10-28T08:19:02.523+0000] {dag.py:2726} INFO - Sync 1 DAGs
[2023-10-28T08:19:02.621+0000] {logging_mixin.py:149} INFO - [2023-10-28T08:19:02.621+0000] {dag.py:3486} INFO - Setting next_dagrun for example_params_ui_tutorial to None, run_after=None
[2023-10-28T08:19:02.731+0000] {processor.py:178} INFO - Processing /usr/local/lib/python3.10/dist-packages/airflow/example_dags/example_params_ui_tutorial.py took 0.549 seconds
[2023-10-28T08:19:33.201+0000] {processor.py:156} INFO - Started process (PID=1502657) to work on /usr/local/lib/python3.10/dist-packages/airflow/example_dags/example_params_ui_tutorial.py
[2023-10-28T08:19:33.228+0000] {processor.py:799} INFO - Processing file /usr/local/lib/python3.10/dist-packages/airflow/example_dags/example_params_ui_tutorial.py for tasks to queue
[2023-10-28T08:19:33.230+0000] {logging_mixin.py:149} INFO - [2023-10-28T08:19:33.229+0000] {dagbag.py:541} INFO - Filling up the DagBag from /usr/local/lib/python3.10/dist-packages/airflow/example_dags/example_params_ui_tutorial.py
[2023-10-28T08:19:33.329+0000] {processor.py:809} INFO - DAG(s) dict_keys(['example_params_ui_tutorial']) retrieved from /usr/local/lib/python3.10/dist-packages/airflow/example_dags/example_params_ui_tutorial.py
[2023-10-28T08:19:33.532+0000] {logging_mixin.py:149} INFO - [2023-10-28T08:19:33.532+0000] {dag.py:2726} INFO - Sync 1 DAGs
[2023-10-28T08:19:33.608+0000] {logging_mixin.py:149} INFO - [2023-10-28T08:19:33.607+0000] {dag.py:3486} INFO - Setting next_dagrun for example_params_ui_tutorial to None, run_after=None
[2023-10-28T08:19:33.671+0000] {processor.py:178} INFO - Processing /usr/local/lib/python3.10/dist-packages/airflow/example_dags/example_params_ui_tutorial.py took 0.477 seconds
[2023-10-28T08:20:04.143+0000] {processor.py:156} INFO - Started process (PID=1503041) to work on /usr/local/lib/python3.10/dist-packages/airflow/example_dags/example_params_ui_tutorial.py
[2023-10-28T08:20:04.161+0000] {processor.py:799} INFO - Processing file /usr/local/lib/python3.10/dist-packages/airflow/example_dags/example_params_ui_tutorial.py for tasks to queue
[2023-10-28T08:20:04.163+0000] {logging_mixin.py:149} INFO - [2023-10-28T08:20:04.162+0000] {dagbag.py:541} INFO - Filling up the DagBag from /usr/local/lib/python3.10/dist-packages/airflow/example_dags/example_params_ui_tutorial.py
[2023-10-28T08:20:04.255+0000] {processor.py:809} INFO - DAG(s) dict_keys(['example_params_ui_tutorial']) retrieved from /usr/local/lib/python3.10/dist-packages/airflow/example_dags/example_params_ui_tutorial.py
[2023-10-28T08:20:04.441+0000] {logging_mixin.py:149} INFO - [2023-10-28T08:20:04.441+0000] {dag.py:2726} INFO - Sync 1 DAGs
[2023-10-28T08:20:04.534+0000] {logging_mixin.py:149} INFO - [2023-10-28T08:20:04.533+0000] {dag.py:3486} INFO - Setting next_dagrun for example_params_ui_tutorial to None, run_after=None
[2023-10-28T08:20:04.600+0000] {processor.py:178} INFO - Processing /usr/local/lib/python3.10/dist-packages/airflow/example_dags/example_params_ui_tutorial.py took 0.465 seconds
[2023-10-28T08:20:34.849+0000] {processor.py:156} INFO - Started process (PID=1503526) to work on /usr/local/lib/python3.10/dist-packages/airflow/example_dags/example_params_ui_tutorial.py
[2023-10-28T08:20:34.873+0000] {processor.py:799} INFO - Processing file /usr/local/lib/python3.10/dist-packages/airflow/example_dags/example_params_ui_tutorial.py for tasks to queue
[2023-10-28T08:20:34.875+0000] {logging_mixin.py:149} INFO - [2023-10-28T08:20:34.875+0000] {dagbag.py:541} INFO - Filling up the DagBag from /usr/local/lib/python3.10/dist-packages/airflow/example_dags/example_params_ui_tutorial.py
[2023-10-28T08:20:34.976+0000] {processor.py:809} INFO - DAG(s) dict_keys(['example_params_ui_tutorial']) retrieved from /usr/local/lib/python3.10/dist-packages/airflow/example_dags/example_params_ui_tutorial.py
[2023-10-28T08:20:35.165+0000] {logging_mixin.py:149} INFO - [2023-10-28T08:20:35.165+0000] {dag.py:2726} INFO - Sync 1 DAGs
[2023-10-28T08:20:35.240+0000] {logging_mixin.py:149} INFO - [2023-10-28T08:20:35.239+0000] {dag.py:3486} INFO - Setting next_dagrun for example_params_ui_tutorial to None, run_after=None
[2023-10-28T08:20:35.316+0000] {processor.py:178} INFO - Processing /usr/local/lib/python3.10/dist-packages/airflow/example_dags/example_params_ui_tutorial.py took 0.474 seconds
[2023-10-28T08:21:05.553+0000] {processor.py:156} INFO - Started process (PID=1503981) to work on /usr/local/lib/python3.10/dist-packages/airflow/example_dags/example_params_ui_tutorial.py
[2023-10-28T08:21:05.565+0000] {processor.py:799} INFO - Processing file /usr/local/lib/python3.10/dist-packages/airflow/example_dags/example_params_ui_tutorial.py for tasks to queue
[2023-10-28T08:21:05.567+0000] {logging_mixin.py:149} INFO - [2023-10-28T08:21:05.567+0000] {dagbag.py:541} INFO - Filling up the DagBag from /usr/local/lib/python3.10/dist-packages/airflow/example_dags/example_params_ui_tutorial.py
[2023-10-28T08:21:05.664+0000] {processor.py:809} INFO - DAG(s) dict_keys(['example_params_ui_tutorial']) retrieved from /usr/local/lib/python3.10/dist-packages/airflow/example_dags/example_params_ui_tutorial.py
[2023-10-28T08:21:05.864+0000] {logging_mixin.py:149} INFO - [2023-10-28T08:21:05.864+0000] {dag.py:2726} INFO - Sync 1 DAGs
[2023-10-28T08:21:05.939+0000] {logging_mixin.py:149} INFO - [2023-10-28T08:21:05.939+0000] {dag.py:3486} INFO - Setting next_dagrun for example_params_ui_tutorial to None, run_after=None
[2023-10-28T08:21:06.002+0000] {processor.py:178} INFO - Processing /usr/local/lib/python3.10/dist-packages/airflow/example_dags/example_params_ui_tutorial.py took 0.457 seconds
[2023-10-28T08:21:36.223+0000] {processor.py:156} INFO - Started process (PID=1504654) to work on /usr/local/lib/python3.10/dist-packages/airflow/example_dags/example_params_ui_tutorial.py
[2023-10-28T08:21:36.225+0000] {processor.py:799} INFO - Processing file /usr/local/lib/python3.10/dist-packages/airflow/example_dags/example_params_ui_tutorial.py for tasks to queue
[2023-10-28T08:21:36.227+0000] {logging_mixin.py:149} INFO - [2023-10-28T08:21:36.227+0000] {dagbag.py:541} INFO - Filling up the DagBag from /usr/local/lib/python3.10/dist-packages/airflow/example_dags/example_params_ui_tutorial.py
[2023-10-28T08:21:36.337+0000] {processor.py:809} INFO - DAG(s) dict_keys(['example_params_ui_tutorial']) retrieved from /usr/local/lib/python3.10/dist-packages/airflow/example_dags/example_params_ui_tutorial.py
[2023-10-28T08:21:36.533+0000] {logging_mixin.py:149} INFO - [2023-10-28T08:21:36.532+0000] {dag.py:2726} INFO - Sync 1 DAGs
[2023-10-28T08:21:36.609+0000] {logging_mixin.py:149} INFO - [2023-10-28T08:21:36.609+0000] {dag.py:3486} INFO - Setting next_dagrun for example_params_ui_tutorial to None, run_after=None
[2023-10-28T08:21:36.729+0000] {processor.py:178} INFO - Processing /usr/local/lib/python3.10/dist-packages/airflow/example_dags/example_params_ui_tutorial.py took 0.514 seconds
[2023-10-28T08:22:06.854+0000] {processor.py:156} INFO - Started process (PID=1505438) to work on /usr/local/lib/python3.10/dist-packages/airflow/example_dags/example_params_ui_tutorial.py
[2023-10-28T08:22:06.872+0000] {processor.py:799} INFO - Processing file /usr/local/lib/python3.10/dist-packages/airflow/example_dags/example_params_ui_tutorial.py for tasks to queue
[2023-10-28T08:22:06.874+0000] {logging_mixin.py:149} INFO - [2023-10-28T08:22:06.874+0000] {dagbag.py:541} INFO - Filling up the DagBag from /usr/local/lib/python3.10/dist-packages/airflow/example_dags/example_params_ui_tutorial.py
[2023-10-28T08:22:06.974+0000] {processor.py:809} INFO - DAG(s) dict_keys(['example_params_ui_tutorial']) retrieved from /usr/local/lib/python3.10/dist-packages/airflow/example_dags/example_params_ui_tutorial.py
[2023-10-28T08:22:07.159+0000] {logging_mixin.py:149} INFO - [2023-10-28T08:22:07.159+0000] {dag.py:2726} INFO - Sync 1 DAGs
[2023-10-28T08:22:07.240+0000] {logging_mixin.py:149} INFO - [2023-10-28T08:22:07.240+0000] {dag.py:3486} INFO - Setting next_dagrun for example_params_ui_tutorial to None, run_after=None
[2023-10-28T08:22:07.308+0000] {processor.py:178} INFO - Processing /usr/local/lib/python3.10/dist-packages/airflow/example_dags/example_params_ui_tutorial.py took 0.461 seconds
[2023-10-28T08:22:37.439+0000] {processor.py:156} INFO - Started process (PID=1505996) to work on /usr/local/lib/python3.10/dist-packages/airflow/example_dags/example_params_ui_tutorial.py
[2023-10-28T08:22:37.440+0000] {processor.py:799} INFO - Processing file /usr/local/lib/python3.10/dist-packages/airflow/example_dags/example_params_ui_tutorial.py for tasks to queue
[2023-10-28T08:22:37.442+0000] {logging_mixin.py:149} INFO - [2023-10-28T08:22:37.442+0000] {dagbag.py:541} INFO - Filling up the DagBag from /usr/local/lib/python3.10/dist-packages/airflow/example_dags/example_params_ui_tutorial.py
[2023-10-28T08:22:37.541+0000] {processor.py:809} INFO - DAG(s) dict_keys(['example_params_ui_tutorial']) retrieved from /usr/local/lib/python3.10/dist-packages/airflow/example_dags/example_params_ui_tutorial.py
[2023-10-28T08:22:37.727+0000] {logging_mixin.py:149} INFO - [2023-10-28T08:22:37.727+0000] {dag.py:2726} INFO - Sync 1 DAGs
[2023-10-28T08:22:37.808+0000] {logging_mixin.py:149} INFO - [2023-10-28T08:22:37.807+0000] {dag.py:3486} INFO - Setting next_dagrun for example_params_ui_tutorial to None, run_after=None
[2023-10-28T08:22:37.873+0000] {processor.py:178} INFO - Processing /usr/local/lib/python3.10/dist-packages/airflow/example_dags/example_params_ui_tutorial.py took 0.441 seconds
[2023-10-28T08:23:08.222+0000] {processor.py:156} INFO - Started process (PID=1506406) to work on /usr/local/lib/python3.10/dist-packages/airflow/example_dags/example_params_ui_tutorial.py
[2023-10-28T08:23:08.245+0000] {processor.py:799} INFO - Processing file /usr/local/lib/python3.10/dist-packages/airflow/example_dags/example_params_ui_tutorial.py for tasks to queue
[2023-10-28T08:23:08.247+0000] {logging_mixin.py:149} INFO - [2023-10-28T08:23:08.246+0000] {dagbag.py:541} INFO - Filling up the DagBag from /usr/local/lib/python3.10/dist-packages/airflow/example_dags/example_params_ui_tutorial.py
[2023-10-28T08:23:08.345+0000] {processor.py:809} INFO - DAG(s) dict_keys(['example_params_ui_tutorial']) retrieved from /usr/local/lib/python3.10/dist-packages/airflow/example_dags/example_params_ui_tutorial.py
[2023-10-28T08:23:08.563+0000] {logging_mixin.py:149} INFO - [2023-10-28T08:23:08.563+0000] {dag.py:2726} INFO - Sync 1 DAGs
[2023-10-28T08:23:08.640+0000] {logging_mixin.py:149} INFO - [2023-10-28T08:23:08.639+0000] {dag.py:3486} INFO - Setting next_dagrun for example_params_ui_tutorial to None, run_after=None
[2023-10-28T08:23:08.739+0000] {processor.py:178} INFO - Processing /usr/local/lib/python3.10/dist-packages/airflow/example_dags/example_params_ui_tutorial.py took 0.525 seconds
[2023-10-28T08:23:39.107+0000] {processor.py:156} INFO - Started process (PID=1506920) to work on /usr/local/lib/python3.10/dist-packages/airflow/example_dags/example_params_ui_tutorial.py
[2023-10-28T08:23:39.109+0000] {processor.py:799} INFO - Processing file /usr/local/lib/python3.10/dist-packages/airflow/example_dags/example_params_ui_tutorial.py for tasks to queue
[2023-10-28T08:23:39.112+0000] {logging_mixin.py:149} INFO - [2023-10-28T08:23:39.111+0000] {dagbag.py:541} INFO - Filling up the DagBag from /usr/local/lib/python3.10/dist-packages/airflow/example_dags/example_params_ui_tutorial.py
[2023-10-28T08:23:39.212+0000] {processor.py:809} INFO - DAG(s) dict_keys(['example_params_ui_tutorial']) retrieved from /usr/local/lib/python3.10/dist-packages/airflow/example_dags/example_params_ui_tutorial.py
[2023-10-28T08:23:39.398+0000] {logging_mixin.py:149} INFO - [2023-10-28T08:23:39.397+0000] {dag.py:2726} INFO - Sync 1 DAGs
[2023-10-28T08:23:39.472+0000] {logging_mixin.py:149} INFO - [2023-10-28T08:23:39.472+0000] {dag.py:3486} INFO - Setting next_dagrun for example_params_ui_tutorial to None, run_after=None
[2023-10-28T08:23:39.578+0000] {processor.py:178} INFO - Processing /usr/local/lib/python3.10/dist-packages/airflow/example_dags/example_params_ui_tutorial.py took 0.477 seconds
[2023-10-28T08:24:09.805+0000] {processor.py:156} INFO - Started process (PID=1507474) to work on /usr/local/lib/python3.10/dist-packages/airflow/example_dags/example_params_ui_tutorial.py
[2023-10-28T08:24:09.844+0000] {processor.py:799} INFO - Processing file /usr/local/lib/python3.10/dist-packages/airflow/example_dags/example_params_ui_tutorial.py for tasks to queue
[2023-10-28T08:24:09.846+0000] {logging_mixin.py:149} INFO - [2023-10-28T08:24:09.846+0000] {dagbag.py:541} INFO - Filling up the DagBag from /usr/local/lib/python3.10/dist-packages/airflow/example_dags/example_params_ui_tutorial.py
[2023-10-28T08:24:09.948+0000] {processor.py:809} INFO - DAG(s) dict_keys(['example_params_ui_tutorial']) retrieved from /usr/local/lib/python3.10/dist-packages/airflow/example_dags/example_params_ui_tutorial.py
[2023-10-28T08:24:10.126+0000] {logging_mixin.py:149} INFO - [2023-10-28T08:24:10.126+0000] {dag.py:2726} INFO - Sync 1 DAGs
[2023-10-28T08:24:10.201+0000] {logging_mixin.py:149} INFO - [2023-10-28T08:24:10.201+0000] {dag.py:3486} INFO - Setting next_dagrun for example_params_ui_tutorial to None, run_after=None
[2023-10-28T08:24:10.298+0000] {processor.py:178} INFO - Processing /usr/local/lib/python3.10/dist-packages/airflow/example_dags/example_params_ui_tutorial.py took 0.501 seconds
[2023-10-28T08:24:40.680+0000] {processor.py:156} INFO - Started process (PID=1508044) to work on /usr/local/lib/python3.10/dist-packages/airflow/example_dags/example_params_ui_tutorial.py
[2023-10-28T08:24:40.717+0000] {processor.py:799} INFO - Processing file /usr/local/lib/python3.10/dist-packages/airflow/example_dags/example_params_ui_tutorial.py for tasks to queue
[2023-10-28T08:24:40.719+0000] {logging_mixin.py:149} INFO - [2023-10-28T08:24:40.719+0000] {dagbag.py:541} INFO - Filling up the DagBag from /usr/local/lib/python3.10/dist-packages/airflow/example_dags/example_params_ui_tutorial.py
[2023-10-28T08:24:40.817+0000] {processor.py:809} INFO - DAG(s) dict_keys(['example_params_ui_tutorial']) retrieved from /usr/local/lib/python3.10/dist-packages/airflow/example_dags/example_params_ui_tutorial.py
[2023-10-28T08:24:41.003+0000] {logging_mixin.py:149} INFO - [2023-10-28T08:24:41.003+0000] {dag.py:2726} INFO - Sync 1 DAGs
[2023-10-28T08:24:41.075+0000] {logging_mixin.py:149} INFO - [2023-10-28T08:24:41.075+0000] {dag.py:3486} INFO - Setting next_dagrun for example_params_ui_tutorial to None, run_after=None
[2023-10-28T08:24:41.181+0000] {processor.py:178} INFO - Processing /usr/local/lib/python3.10/dist-packages/airflow/example_dags/example_params_ui_tutorial.py took 0.507 seconds
[2023-10-28T08:25:12.041+0000] {processor.py:156} INFO - Started process (PID=1508562) to work on /usr/local/lib/python3.10/dist-packages/airflow/example_dags/example_params_ui_tutorial.py
[2023-10-28T08:25:12.077+0000] {processor.py:799} INFO - Processing file /usr/local/lib/python3.10/dist-packages/airflow/example_dags/example_params_ui_tutorial.py for tasks to queue
[2023-10-28T08:25:12.079+0000] {logging_mixin.py:149} INFO - [2023-10-28T08:25:12.079+0000] {dagbag.py:541} INFO - Filling up the DagBag from /usr/local/lib/python3.10/dist-packages/airflow/example_dags/example_params_ui_tutorial.py
[2023-10-28T08:25:12.182+0000] {processor.py:809} INFO - DAG(s) dict_keys(['example_params_ui_tutorial']) retrieved from /usr/local/lib/python3.10/dist-packages/airflow/example_dags/example_params_ui_tutorial.py
[2023-10-28T08:25:12.371+0000] {logging_mixin.py:149} INFO - [2023-10-28T08:25:12.371+0000] {dag.py:2726} INFO - Sync 1 DAGs
[2023-10-28T08:25:12.450+0000] {logging_mixin.py:149} INFO - [2023-10-28T08:25:12.450+0000] {dag.py:3486} INFO - Setting next_dagrun for example_params_ui_tutorial to None, run_after=None
[2023-10-28T08:25:12.523+0000] {processor.py:178} INFO - Processing /usr/local/lib/python3.10/dist-packages/airflow/example_dags/example_params_ui_tutorial.py took 0.490 seconds
[2023-10-28T08:25:42.719+0000] {processor.py:156} INFO - Started process (PID=1509287) to work on /usr/local/lib/python3.10/dist-packages/airflow/example_dags/example_params_ui_tutorial.py
[2023-10-28T08:25:42.757+0000] {processor.py:799} INFO - Processing file /usr/local/lib/python3.10/dist-packages/airflow/example_dags/example_params_ui_tutorial.py for tasks to queue
[2023-10-28T08:25:42.759+0000] {logging_mixin.py:149} INFO - [2023-10-28T08:25:42.758+0000] {dagbag.py:541} INFO - Filling up the DagBag from /usr/local/lib/python3.10/dist-packages/airflow/example_dags/example_params_ui_tutorial.py
[2023-10-28T08:25:42.859+0000] {processor.py:809} INFO - DAG(s) dict_keys(['example_params_ui_tutorial']) retrieved from /usr/local/lib/python3.10/dist-packages/airflow/example_dags/example_params_ui_tutorial.py
[2023-10-28T08:25:43.040+0000] {logging_mixin.py:149} INFO - [2023-10-28T08:25:43.039+0000] {dag.py:2726} INFO - Sync 1 DAGs
[2023-10-28T08:25:43.111+0000] {logging_mixin.py:149} INFO - [2023-10-28T08:25:43.110+0000] {dag.py:3486} INFO - Setting next_dagrun for example_params_ui_tutorial to None, run_after=None
[2023-10-28T08:25:43.176+0000] {processor.py:178} INFO - Processing /usr/local/lib/python3.10/dist-packages/airflow/example_dags/example_params_ui_tutorial.py took 0.465 seconds
[2023-10-28T08:26:13.365+0000] {processor.py:156} INFO - Started process (PID=1509667) to work on /usr/local/lib/python3.10/dist-packages/airflow/example_dags/example_params_ui_tutorial.py
[2023-10-28T08:26:13.400+0000] {processor.py:799} INFO - Processing file /usr/local/lib/python3.10/dist-packages/airflow/example_dags/example_params_ui_tutorial.py for tasks to queue
[2023-10-28T08:26:13.402+0000] {logging_mixin.py:149} INFO - [2023-10-28T08:26:13.402+0000] {dagbag.py:541} INFO - Filling up the DagBag from /usr/local/lib/python3.10/dist-packages/airflow/example_dags/example_params_ui_tutorial.py
[2023-10-28T08:26:13.500+0000] {processor.py:809} INFO - DAG(s) dict_keys(['example_params_ui_tutorial']) retrieved from /usr/local/lib/python3.10/dist-packages/airflow/example_dags/example_params_ui_tutorial.py
[2023-10-28T08:26:13.681+0000] {logging_mixin.py:149} INFO - [2023-10-28T08:26:13.680+0000] {dag.py:2726} INFO - Sync 1 DAGs
[2023-10-28T08:26:13.757+0000] {logging_mixin.py:149} INFO - [2023-10-28T08:26:13.756+0000] {dag.py:3486} INFO - Setting next_dagrun for example_params_ui_tutorial to None, run_after=None
[2023-10-28T08:26:13.820+0000] {processor.py:178} INFO - Processing /usr/local/lib/python3.10/dist-packages/airflow/example_dags/example_params_ui_tutorial.py took 0.465 seconds
[2023-10-28T08:26:43.987+0000] {processor.py:156} INFO - Started process (PID=1510021) to work on /usr/local/lib/python3.10/dist-packages/airflow/example_dags/example_params_ui_tutorial.py
[2023-10-28T08:26:44.025+0000] {processor.py:799} INFO - Processing file /usr/local/lib/python3.10/dist-packages/airflow/example_dags/example_params_ui_tutorial.py for tasks to queue
[2023-10-28T08:26:44.027+0000] {logging_mixin.py:149} INFO - [2023-10-28T08:26:44.026+0000] {dagbag.py:541} INFO - Filling up the DagBag from /usr/local/lib/python3.10/dist-packages/airflow/example_dags/example_params_ui_tutorial.py
[2023-10-28T08:26:44.127+0000] {processor.py:809} INFO - DAG(s) dict_keys(['example_params_ui_tutorial']) retrieved from /usr/local/lib/python3.10/dist-packages/airflow/example_dags/example_params_ui_tutorial.py
[2023-10-28T08:26:44.327+0000] {logging_mixin.py:149} INFO - [2023-10-28T08:26:44.327+0000] {dag.py:2726} INFO - Sync 1 DAGs
[2023-10-28T08:26:44.402+0000] {logging_mixin.py:149} INFO - [2023-10-28T08:26:44.401+0000] {dag.py:3486} INFO - Setting next_dagrun for example_params_ui_tutorial to None, run_after=None
[2023-10-28T08:26:44.467+0000] {processor.py:178} INFO - Processing /usr/local/lib/python3.10/dist-packages/airflow/example_dags/example_params_ui_tutorial.py took 0.487 seconds
[2023-10-28T08:27:14.761+0000] {processor.py:156} INFO - Started process (PID=1510606) to work on /usr/local/lib/python3.10/dist-packages/airflow/example_dags/example_params_ui_tutorial.py
[2023-10-28T08:27:14.817+0000] {processor.py:799} INFO - Processing file /usr/local/lib/python3.10/dist-packages/airflow/example_dags/example_params_ui_tutorial.py for tasks to queue
[2023-10-28T08:27:14.819+0000] {logging_mixin.py:149} INFO - [2023-10-28T08:27:14.818+0000] {dagbag.py:541} INFO - Filling up the DagBag from /usr/local/lib/python3.10/dist-packages/airflow/example_dags/example_params_ui_tutorial.py
[2023-10-28T08:27:14.923+0000] {processor.py:809} INFO - DAG(s) dict_keys(['example_params_ui_tutorial']) retrieved from /usr/local/lib/python3.10/dist-packages/airflow/example_dags/example_params_ui_tutorial.py
[2023-10-28T08:27:15.117+0000] {logging_mixin.py:149} INFO - [2023-10-28T08:27:15.116+0000] {dag.py:2726} INFO - Sync 1 DAGs
[2023-10-28T08:27:15.202+0000] {logging_mixin.py:149} INFO - [2023-10-28T08:27:15.201+0000] {dag.py:3486} INFO - Setting next_dagrun for example_params_ui_tutorial to None, run_after=None
[2023-10-28T08:27:15.268+0000] {processor.py:178} INFO - Processing /usr/local/lib/python3.10/dist-packages/airflow/example_dags/example_params_ui_tutorial.py took 0.515 seconds
[2023-10-28T08:27:45.339+0000] {processor.py:156} INFO - Started process (PID=1510957) to work on /usr/local/lib/python3.10/dist-packages/airflow/example_dags/example_params_ui_tutorial.py
[2023-10-28T08:27:45.402+0000] {processor.py:799} INFO - Processing file /usr/local/lib/python3.10/dist-packages/airflow/example_dags/example_params_ui_tutorial.py for tasks to queue
[2023-10-28T08:27:45.404+0000] {logging_mixin.py:149} INFO - [2023-10-28T08:27:45.403+0000] {dagbag.py:541} INFO - Filling up the DagBag from /usr/local/lib/python3.10/dist-packages/airflow/example_dags/example_params_ui_tutorial.py
[2023-10-28T08:27:45.504+0000] {processor.py:809} INFO - DAG(s) dict_keys(['example_params_ui_tutorial']) retrieved from /usr/local/lib/python3.10/dist-packages/airflow/example_dags/example_params_ui_tutorial.py
[2023-10-28T08:27:45.694+0000] {logging_mixin.py:149} INFO - [2023-10-28T08:27:45.693+0000] {dag.py:2726} INFO - Sync 1 DAGs
[2023-10-28T08:27:45.769+0000] {logging_mixin.py:149} INFO - [2023-10-28T08:27:45.768+0000] {dag.py:3486} INFO - Setting next_dagrun for example_params_ui_tutorial to None, run_after=None
[2023-10-28T08:27:45.829+0000] {processor.py:178} INFO - Processing /usr/local/lib/python3.10/dist-packages/airflow/example_dags/example_params_ui_tutorial.py took 0.499 seconds
[2023-10-28T08:28:15.910+0000] {processor.py:156} INFO - Started process (PID=1511340) to work on /usr/local/lib/python3.10/dist-packages/airflow/example_dags/example_params_ui_tutorial.py
[2023-10-28T08:28:15.944+0000] {processor.py:799} INFO - Processing file /usr/local/lib/python3.10/dist-packages/airflow/example_dags/example_params_ui_tutorial.py for tasks to queue
[2023-10-28T08:28:15.946+0000] {logging_mixin.py:149} INFO - [2023-10-28T08:28:15.946+0000] {dagbag.py:541} INFO - Filling up the DagBag from /usr/local/lib/python3.10/dist-packages/airflow/example_dags/example_params_ui_tutorial.py
[2023-10-28T08:28:16.041+0000] {processor.py:809} INFO - DAG(s) dict_keys(['example_params_ui_tutorial']) retrieved from /usr/local/lib/python3.10/dist-packages/airflow/example_dags/example_params_ui_tutorial.py
[2023-10-28T08:28:16.225+0000] {logging_mixin.py:149} INFO - [2023-10-28T08:28:16.225+0000] {dag.py:2726} INFO - Sync 1 DAGs
[2023-10-28T08:28:16.296+0000] {logging_mixin.py:149} INFO - [2023-10-28T08:28:16.296+0000] {dag.py:3486} INFO - Setting next_dagrun for example_params_ui_tutorial to None, run_after=None
[2023-10-28T08:28:16.364+0000] {processor.py:178} INFO - Processing /usr/local/lib/python3.10/dist-packages/airflow/example_dags/example_params_ui_tutorial.py took 0.461 seconds
[2023-10-28T08:28:46.424+0000] {processor.py:156} INFO - Started process (PID=1511697) to work on /usr/local/lib/python3.10/dist-packages/airflow/example_dags/example_params_ui_tutorial.py
[2023-10-28T08:28:46.426+0000] {processor.py:799} INFO - Processing file /usr/local/lib/python3.10/dist-packages/airflow/example_dags/example_params_ui_tutorial.py for tasks to queue
[2023-10-28T08:28:46.428+0000] {logging_mixin.py:149} INFO - [2023-10-28T08:28:46.427+0000] {dagbag.py:541} INFO - Filling up the DagBag from /usr/local/lib/python3.10/dist-packages/airflow/example_dags/example_params_ui_tutorial.py
[2023-10-28T08:28:46.526+0000] {processor.py:809} INFO - DAG(s) dict_keys(['example_params_ui_tutorial']) retrieved from /usr/local/lib/python3.10/dist-packages/airflow/example_dags/example_params_ui_tutorial.py
[2023-10-28T08:28:46.717+0000] {logging_mixin.py:149} INFO - [2023-10-28T08:28:46.716+0000] {dag.py:2726} INFO - Sync 1 DAGs
[2023-10-28T08:28:46.798+0000] {logging_mixin.py:149} INFO - [2023-10-28T08:28:46.797+0000] {dag.py:3486} INFO - Setting next_dagrun for example_params_ui_tutorial to None, run_after=None
[2023-10-28T08:28:46.859+0000] {processor.py:178} INFO - Processing /usr/local/lib/python3.10/dist-packages/airflow/example_dags/example_params_ui_tutorial.py took 0.442 seconds
[2023-10-28T08:29:17.068+0000] {processor.py:156} INFO - Started process (PID=1512093) to work on /usr/local/lib/python3.10/dist-packages/airflow/example_dags/example_params_ui_tutorial.py
[2023-10-28T08:29:17.109+0000] {processor.py:799} INFO - Processing file /usr/local/lib/python3.10/dist-packages/airflow/example_dags/example_params_ui_tutorial.py for tasks to queue
[2023-10-28T08:29:17.111+0000] {logging_mixin.py:149} INFO - [2023-10-28T08:29:17.110+0000] {dagbag.py:541} INFO - Filling up the DagBag from /usr/local/lib/python3.10/dist-packages/airflow/example_dags/example_params_ui_tutorial.py
[2023-10-28T08:29:17.211+0000] {processor.py:809} INFO - DAG(s) dict_keys(['example_params_ui_tutorial']) retrieved from /usr/local/lib/python3.10/dist-packages/airflow/example_dags/example_params_ui_tutorial.py
[2023-10-28T08:29:17.395+0000] {logging_mixin.py:149} INFO - [2023-10-28T08:29:17.394+0000] {dag.py:2726} INFO - Sync 1 DAGs
[2023-10-28T08:29:17.465+0000] {logging_mixin.py:149} INFO - [2023-10-28T08:29:17.465+0000] {dag.py:3486} INFO - Setting next_dagrun for example_params_ui_tutorial to None, run_after=None
[2023-10-28T08:29:17.527+0000] {processor.py:178} INFO - Processing /usr/local/lib/python3.10/dist-packages/airflow/example_dags/example_params_ui_tutorial.py took 0.466 seconds
[2023-10-28T08:29:47.596+0000] {processor.py:156} INFO - Started process (PID=1512449) to work on /usr/local/lib/python3.10/dist-packages/airflow/example_dags/example_params_ui_tutorial.py
[2023-10-28T08:29:47.637+0000] {processor.py:799} INFO - Processing file /usr/local/lib/python3.10/dist-packages/airflow/example_dags/example_params_ui_tutorial.py for tasks to queue
[2023-10-28T08:29:47.640+0000] {logging_mixin.py:149} INFO - [2023-10-28T08:29:47.639+0000] {dagbag.py:541} INFO - Filling up the DagBag from /usr/local/lib/python3.10/dist-packages/airflow/example_dags/example_params_ui_tutorial.py
[2023-10-28T08:29:47.738+0000] {processor.py:809} INFO - DAG(s) dict_keys(['example_params_ui_tutorial']) retrieved from /usr/local/lib/python3.10/dist-packages/airflow/example_dags/example_params_ui_tutorial.py
[2023-10-28T08:29:47.927+0000] {logging_mixin.py:149} INFO - [2023-10-28T08:29:47.927+0000] {dag.py:2726} INFO - Sync 1 DAGs
[2023-10-28T08:29:48.009+0000] {logging_mixin.py:149} INFO - [2023-10-28T08:29:48.007+0000] {dag.py:3486} INFO - Setting next_dagrun for example_params_ui_tutorial to None, run_after=None
[2023-10-28T08:29:48.076+0000] {processor.py:178} INFO - Processing /usr/local/lib/python3.10/dist-packages/airflow/example_dags/example_params_ui_tutorial.py took 0.488 seconds
[2023-10-28T08:30:18.390+0000] {processor.py:156} INFO - Started process (PID=1512832) to work on /usr/local/lib/python3.10/dist-packages/airflow/example_dags/example_params_ui_tutorial.py
[2023-10-28T08:30:18.428+0000] {processor.py:799} INFO - Processing file /usr/local/lib/python3.10/dist-packages/airflow/example_dags/example_params_ui_tutorial.py for tasks to queue
[2023-10-28T08:30:18.430+0000] {logging_mixin.py:149} INFO - [2023-10-28T08:30:18.430+0000] {dagbag.py:541} INFO - Filling up the DagBag from /usr/local/lib/python3.10/dist-packages/airflow/example_dags/example_params_ui_tutorial.py
[2023-10-28T08:30:18.537+0000] {processor.py:809} INFO - DAG(s) dict_keys(['example_params_ui_tutorial']) retrieved from /usr/local/lib/python3.10/dist-packages/airflow/example_dags/example_params_ui_tutorial.py
[2023-10-28T08:30:18.729+0000] {logging_mixin.py:149} INFO - [2023-10-28T08:30:18.729+0000] {dag.py:2726} INFO - Sync 1 DAGs
[2023-10-28T08:30:18.807+0000] {logging_mixin.py:149} INFO - [2023-10-28T08:30:18.807+0000] {dag.py:3486} INFO - Setting next_dagrun for example_params_ui_tutorial to None, run_after=None
[2023-10-28T08:30:18.921+0000] {processor.py:178} INFO - Processing /usr/local/lib/python3.10/dist-packages/airflow/example_dags/example_params_ui_tutorial.py took 0.538 seconds
[2023-10-28T08:30:49.221+0000] {processor.py:156} INFO - Started process (PID=1513451) to work on /usr/local/lib/python3.10/dist-packages/airflow/example_dags/example_params_ui_tutorial.py
[2023-10-28T08:30:49.256+0000] {processor.py:799} INFO - Processing file /usr/local/lib/python3.10/dist-packages/airflow/example_dags/example_params_ui_tutorial.py for tasks to queue
[2023-10-28T08:30:49.258+0000] {logging_mixin.py:149} INFO - [2023-10-28T08:30:49.258+0000] {dagbag.py:541} INFO - Filling up the DagBag from /usr/local/lib/python3.10/dist-packages/airflow/example_dags/example_params_ui_tutorial.py
[2023-10-28T08:30:49.350+0000] {processor.py:809} INFO - DAG(s) dict_keys(['example_params_ui_tutorial']) retrieved from /usr/local/lib/python3.10/dist-packages/airflow/example_dags/example_params_ui_tutorial.py
[2023-10-28T08:30:49.537+0000] {logging_mixin.py:149} INFO - [2023-10-28T08:30:49.536+0000] {dag.py:2726} INFO - Sync 1 DAGs
[2023-10-28T08:30:49.613+0000] {logging_mixin.py:149} INFO - [2023-10-28T08:30:49.612+0000] {dag.py:3486} INFO - Setting next_dagrun for example_params_ui_tutorial to None, run_after=None
[2023-10-28T08:30:49.677+0000] {processor.py:178} INFO - Processing /usr/local/lib/python3.10/dist-packages/airflow/example_dags/example_params_ui_tutorial.py took 0.463 seconds
[2023-10-28T08:31:19.874+0000] {processor.py:156} INFO - Started process (PID=1513942) to work on /usr/local/lib/python3.10/dist-packages/airflow/example_dags/example_params_ui_tutorial.py
[2023-10-28T08:31:19.877+0000] {processor.py:799} INFO - Processing file /usr/local/lib/python3.10/dist-packages/airflow/example_dags/example_params_ui_tutorial.py for tasks to queue
[2023-10-28T08:31:19.879+0000] {logging_mixin.py:149} INFO - [2023-10-28T08:31:19.878+0000] {dagbag.py:541} INFO - Filling up the DagBag from /usr/local/lib/python3.10/dist-packages/airflow/example_dags/example_params_ui_tutorial.py
[2023-10-28T08:31:19.978+0000] {processor.py:809} INFO - DAG(s) dict_keys(['example_params_ui_tutorial']) retrieved from /usr/local/lib/python3.10/dist-packages/airflow/example_dags/example_params_ui_tutorial.py
[2023-10-28T08:31:20.165+0000] {logging_mixin.py:149} INFO - [2023-10-28T08:31:20.164+0000] {dag.py:2726} INFO - Sync 1 DAGs
[2023-10-28T08:31:20.245+0000] {logging_mixin.py:149} INFO - [2023-10-28T08:31:20.245+0000] {dag.py:3486} INFO - Setting next_dagrun for example_params_ui_tutorial to None, run_after=None
[2023-10-28T08:31:20.315+0000] {processor.py:178} INFO - Processing /usr/local/lib/python3.10/dist-packages/airflow/example_dags/example_params_ui_tutorial.py took 0.448 seconds
[2023-10-28T08:31:50.615+0000] {processor.py:156} INFO - Started process (PID=1514570) to work on /usr/local/lib/python3.10/dist-packages/airflow/example_dags/example_params_ui_tutorial.py
[2023-10-28T08:31:50.617+0000] {processor.py:799} INFO - Processing file /usr/local/lib/python3.10/dist-packages/airflow/example_dags/example_params_ui_tutorial.py for tasks to queue
[2023-10-28T08:31:50.619+0000] {logging_mixin.py:149} INFO - [2023-10-28T08:31:50.619+0000] {dagbag.py:541} INFO - Filling up the DagBag from /usr/local/lib/python3.10/dist-packages/airflow/example_dags/example_params_ui_tutorial.py
[2023-10-28T08:31:50.744+0000] {processor.py:809} INFO - DAG(s) dict_keys(['example_params_ui_tutorial']) retrieved from /usr/local/lib/python3.10/dist-packages/airflow/example_dags/example_params_ui_tutorial.py
[2023-10-28T08:31:50.971+0000] {logging_mixin.py:149} INFO - [2023-10-28T08:31:50.970+0000] {dag.py:2726} INFO - Sync 1 DAGs
[2023-10-28T08:31:51.064+0000] {logging_mixin.py:149} INFO - [2023-10-28T08:31:51.064+0000] {dag.py:3486} INFO - Setting next_dagrun for example_params_ui_tutorial to None, run_after=None
[2023-10-28T08:31:51.176+0000] {processor.py:178} INFO - Processing /usr/local/lib/python3.10/dist-packages/airflow/example_dags/example_params_ui_tutorial.py took 0.571 seconds
[2023-10-28T08:32:21.949+0000] {processor.py:156} INFO - Started process (PID=1515206) to work on /usr/local/lib/python3.10/dist-packages/airflow/example_dags/example_params_ui_tutorial.py
[2023-10-28T08:32:21.984+0000] {processor.py:799} INFO - Processing file /usr/local/lib/python3.10/dist-packages/airflow/example_dags/example_params_ui_tutorial.py for tasks to queue
[2023-10-28T08:32:21.986+0000] {logging_mixin.py:149} INFO - [2023-10-28T08:32:21.986+0000] {dagbag.py:541} INFO - Filling up the DagBag from /usr/local/lib/python3.10/dist-packages/airflow/example_dags/example_params_ui_tutorial.py
[2023-10-28T08:32:22.092+0000] {processor.py:809} INFO - DAG(s) dict_keys(['example_params_ui_tutorial']) retrieved from /usr/local/lib/python3.10/dist-packages/airflow/example_dags/example_params_ui_tutorial.py
[2023-10-28T08:32:22.292+0000] {logging_mixin.py:149} INFO - [2023-10-28T08:32:22.292+0000] {dag.py:2726} INFO - Sync 1 DAGs
[2023-10-28T08:32:22.367+0000] {logging_mixin.py:149} INFO - [2023-10-28T08:32:22.366+0000] {dag.py:3486} INFO - Setting next_dagrun for example_params_ui_tutorial to None, run_after=None
[2023-10-28T08:32:22.467+0000] {processor.py:178} INFO - Processing /usr/local/lib/python3.10/dist-packages/airflow/example_dags/example_params_ui_tutorial.py took 0.526 seconds
[2023-10-28T08:32:52.640+0000] {processor.py:156} INFO - Started process (PID=1515852) to work on /usr/local/lib/python3.10/dist-packages/airflow/example_dags/example_params_ui_tutorial.py
[2023-10-28T08:32:52.681+0000] {processor.py:799} INFO - Processing file /usr/local/lib/python3.10/dist-packages/airflow/example_dags/example_params_ui_tutorial.py for tasks to queue
[2023-10-28T08:32:52.683+0000] {logging_mixin.py:149} INFO - [2023-10-28T08:32:52.683+0000] {dagbag.py:541} INFO - Filling up the DagBag from /usr/local/lib/python3.10/dist-packages/airflow/example_dags/example_params_ui_tutorial.py
[2023-10-28T08:32:52.781+0000] {processor.py:809} INFO - DAG(s) dict_keys(['example_params_ui_tutorial']) retrieved from /usr/local/lib/python3.10/dist-packages/airflow/example_dags/example_params_ui_tutorial.py
[2023-10-28T08:32:52.981+0000] {logging_mixin.py:149} INFO - [2023-10-28T08:32:52.980+0000] {dag.py:2726} INFO - Sync 1 DAGs
[2023-10-28T08:32:53.054+0000] {logging_mixin.py:149} INFO - [2023-10-28T08:32:53.054+0000] {dag.py:3486} INFO - Setting next_dagrun for example_params_ui_tutorial to None, run_after=None
[2023-10-28T08:32:53.182+0000] {processor.py:178} INFO - Processing /usr/local/lib/python3.10/dist-packages/airflow/example_dags/example_params_ui_tutorial.py took 0.550 seconds
[2023-10-28T08:33:23.292+0000] {processor.py:156} INFO - Started process (PID=1516244) to work on /usr/local/lib/python3.10/dist-packages/airflow/example_dags/example_params_ui_tutorial.py
[2023-10-28T08:33:23.293+0000] {processor.py:799} INFO - Processing file /usr/local/lib/python3.10/dist-packages/airflow/example_dags/example_params_ui_tutorial.py for tasks to queue
[2023-10-28T08:33:23.295+0000] {logging_mixin.py:149} INFO - [2023-10-28T08:33:23.295+0000] {dagbag.py:541} INFO - Filling up the DagBag from /usr/local/lib/python3.10/dist-packages/airflow/example_dags/example_params_ui_tutorial.py
[2023-10-28T08:33:23.391+0000] {processor.py:809} INFO - DAG(s) dict_keys(['example_params_ui_tutorial']) retrieved from /usr/local/lib/python3.10/dist-packages/airflow/example_dags/example_params_ui_tutorial.py
[2023-10-28T08:33:23.577+0000] {logging_mixin.py:149} INFO - [2023-10-28T08:33:23.576+0000] {dag.py:2726} INFO - Sync 1 DAGs
[2023-10-28T08:33:23.652+0000] {logging_mixin.py:149} INFO - [2023-10-28T08:33:23.652+0000] {dag.py:3486} INFO - Setting next_dagrun for example_params_ui_tutorial to None, run_after=None
[2023-10-28T08:33:23.754+0000] {processor.py:178} INFO - Processing /usr/local/lib/python3.10/dist-packages/airflow/example_dags/example_params_ui_tutorial.py took 0.469 seconds
[2023-10-28T08:33:54.097+0000] {processor.py:156} INFO - Started process (PID=1516595) to work on /usr/local/lib/python3.10/dist-packages/airflow/example_dags/example_params_ui_tutorial.py
[2023-10-28T08:33:54.132+0000] {processor.py:799} INFO - Processing file /usr/local/lib/python3.10/dist-packages/airflow/example_dags/example_params_ui_tutorial.py for tasks to queue
[2023-10-28T08:33:54.134+0000] {logging_mixin.py:149} INFO - [2023-10-28T08:33:54.133+0000] {dagbag.py:541} INFO - Filling up the DagBag from /usr/local/lib/python3.10/dist-packages/airflow/example_dags/example_params_ui_tutorial.py
[2023-10-28T08:33:54.232+0000] {processor.py:809} INFO - DAG(s) dict_keys(['example_params_ui_tutorial']) retrieved from /usr/local/lib/python3.10/dist-packages/airflow/example_dags/example_params_ui_tutorial.py
[2023-10-28T08:33:54.426+0000] {logging_mixin.py:149} INFO - [2023-10-28T08:33:54.425+0000] {dag.py:2726} INFO - Sync 1 DAGs
[2023-10-28T08:33:54.502+0000] {logging_mixin.py:149} INFO - [2023-10-28T08:33:54.502+0000] {dag.py:3486} INFO - Setting next_dagrun for example_params_ui_tutorial to None, run_after=None
[2023-10-28T08:33:54.601+0000] {processor.py:178} INFO - Processing /usr/local/lib/python3.10/dist-packages/airflow/example_dags/example_params_ui_tutorial.py took 0.510 seconds
[2023-10-28T08:34:24.862+0000] {processor.py:156} INFO - Started process (PID=1516999) to work on /usr/local/lib/python3.10/dist-packages/airflow/example_dags/example_params_ui_tutorial.py
[2023-10-28T08:34:24.900+0000] {processor.py:799} INFO - Processing file /usr/local/lib/python3.10/dist-packages/airflow/example_dags/example_params_ui_tutorial.py for tasks to queue
[2023-10-28T08:34:24.902+0000] {logging_mixin.py:149} INFO - [2023-10-28T08:34:24.902+0000] {dagbag.py:541} INFO - Filling up the DagBag from /usr/local/lib/python3.10/dist-packages/airflow/example_dags/example_params_ui_tutorial.py
[2023-10-28T08:34:24.996+0000] {processor.py:809} INFO - DAG(s) dict_keys(['example_params_ui_tutorial']) retrieved from /usr/local/lib/python3.10/dist-packages/airflow/example_dags/example_params_ui_tutorial.py
[2023-10-28T08:34:25.182+0000] {logging_mixin.py:149} INFO - [2023-10-28T08:34:25.181+0000] {dag.py:2726} INFO - Sync 1 DAGs
[2023-10-28T08:34:25.255+0000] {logging_mixin.py:149} INFO - [2023-10-28T08:34:25.255+0000] {dag.py:3486} INFO - Setting next_dagrun for example_params_ui_tutorial to None, run_after=None
[2023-10-28T08:34:25.362+0000] {processor.py:178} INFO - Processing /usr/local/lib/python3.10/dist-packages/airflow/example_dags/example_params_ui_tutorial.py took 0.507 seconds
[2023-10-28T08:34:56.312+0000] {processor.py:156} INFO - Started process (PID=1517357) to work on /usr/local/lib/python3.10/dist-packages/airflow/example_dags/example_params_ui_tutorial.py
[2023-10-28T08:34:56.349+0000] {processor.py:799} INFO - Processing file /usr/local/lib/python3.10/dist-packages/airflow/example_dags/example_params_ui_tutorial.py for tasks to queue
[2023-10-28T08:34:56.351+0000] {logging_mixin.py:149} INFO - [2023-10-28T08:34:56.350+0000] {dagbag.py:541} INFO - Filling up the DagBag from /usr/local/lib/python3.10/dist-packages/airflow/example_dags/example_params_ui_tutorial.py
[2023-10-28T08:34:56.451+0000] {processor.py:809} INFO - DAG(s) dict_keys(['example_params_ui_tutorial']) retrieved from /usr/local/lib/python3.10/dist-packages/airflow/example_dags/example_params_ui_tutorial.py
[2023-10-28T08:34:56.651+0000] {logging_mixin.py:149} INFO - [2023-10-28T08:34:56.650+0000] {dag.py:2726} INFO - Sync 1 DAGs
[2023-10-28T08:34:56.736+0000] {logging_mixin.py:149} INFO - [2023-10-28T08:34:56.735+0000] {dag.py:3486} INFO - Setting next_dagrun for example_params_ui_tutorial to None, run_after=None
[2023-10-28T08:34:56.807+0000] {processor.py:178} INFO - Processing /usr/local/lib/python3.10/dist-packages/airflow/example_dags/example_params_ui_tutorial.py took 0.503 seconds
[2023-10-28T08:35:27.311+0000] {processor.py:156} INFO - Started process (PID=1517958) to work on /usr/local/lib/python3.10/dist-packages/airflow/example_dags/example_params_ui_tutorial.py
[2023-10-28T08:35:27.353+0000] {processor.py:799} INFO - Processing file /usr/local/lib/python3.10/dist-packages/airflow/example_dags/example_params_ui_tutorial.py for tasks to queue
[2023-10-28T08:35:27.355+0000] {logging_mixin.py:149} INFO - [2023-10-28T08:35:27.355+0000] {dagbag.py:541} INFO - Filling up the DagBag from /usr/local/lib/python3.10/dist-packages/airflow/example_dags/example_params_ui_tutorial.py
[2023-10-28T08:35:27.459+0000] {processor.py:809} INFO - DAG(s) dict_keys(['example_params_ui_tutorial']) retrieved from /usr/local/lib/python3.10/dist-packages/airflow/example_dags/example_params_ui_tutorial.py
[2023-10-28T08:35:27.650+0000] {logging_mixin.py:149} INFO - [2023-10-28T08:35:27.649+0000] {dag.py:2726} INFO - Sync 1 DAGs
[2023-10-28T08:35:27.733+0000] {logging_mixin.py:149} INFO - [2023-10-28T08:35:27.732+0000] {dag.py:3486} INFO - Setting next_dagrun for example_params_ui_tutorial to None, run_after=None
[2023-10-28T08:35:27.803+0000] {processor.py:178} INFO - Processing /usr/local/lib/python3.10/dist-packages/airflow/example_dags/example_params_ui_tutorial.py took 0.500 seconds
[2023-10-28T08:35:57.984+0000] {processor.py:156} INFO - Started process (PID=1518370) to work on /usr/local/lib/python3.10/dist-packages/airflow/example_dags/example_params_ui_tutorial.py
[2023-10-28T08:35:58.024+0000] {processor.py:799} INFO - Processing file /usr/local/lib/python3.10/dist-packages/airflow/example_dags/example_params_ui_tutorial.py for tasks to queue
[2023-10-28T08:35:58.026+0000] {logging_mixin.py:149} INFO - [2023-10-28T08:35:58.025+0000] {dagbag.py:541} INFO - Filling up the DagBag from /usr/local/lib/python3.10/dist-packages/airflow/example_dags/example_params_ui_tutorial.py
[2023-10-28T08:35:58.129+0000] {processor.py:809} INFO - DAG(s) dict_keys(['example_params_ui_tutorial']) retrieved from /usr/local/lib/python3.10/dist-packages/airflow/example_dags/example_params_ui_tutorial.py
[2023-10-28T08:35:58.321+0000] {logging_mixin.py:149} INFO - [2023-10-28T08:35:58.320+0000] {dag.py:2726} INFO - Sync 1 DAGs
[2023-10-28T08:35:58.404+0000] {logging_mixin.py:149} INFO - [2023-10-28T08:35:58.404+0000] {dag.py:3486} INFO - Setting next_dagrun for example_params_ui_tutorial to None, run_after=None
[2023-10-28T08:35:58.466+0000] {processor.py:178} INFO - Processing /usr/local/lib/python3.10/dist-packages/airflow/example_dags/example_params_ui_tutorial.py took 0.490 seconds
[2023-10-28T08:36:28.869+0000] {processor.py:156} INFO - Started process (PID=1518754) to work on /usr/local/lib/python3.10/dist-packages/airflow/example_dags/example_params_ui_tutorial.py
[2023-10-28T08:36:28.893+0000] {processor.py:799} INFO - Processing file /usr/local/lib/python3.10/dist-packages/airflow/example_dags/example_params_ui_tutorial.py for tasks to queue
[2023-10-28T08:36:28.895+0000] {logging_mixin.py:149} INFO - [2023-10-28T08:36:28.895+0000] {dagbag.py:541} INFO - Filling up the DagBag from /usr/local/lib/python3.10/dist-packages/airflow/example_dags/example_params_ui_tutorial.py
[2023-10-28T08:36:28.995+0000] {processor.py:809} INFO - DAG(s) dict_keys(['example_params_ui_tutorial']) retrieved from /usr/local/lib/python3.10/dist-packages/airflow/example_dags/example_params_ui_tutorial.py
[2023-10-28T08:36:29.199+0000] {logging_mixin.py:149} INFO - [2023-10-28T08:36:29.199+0000] {dag.py:2726} INFO - Sync 1 DAGs
[2023-10-28T08:36:29.276+0000] {logging_mixin.py:149} INFO - [2023-10-28T08:36:29.276+0000] {dag.py:3486} INFO - Setting next_dagrun for example_params_ui_tutorial to None, run_after=None
[2023-10-28T08:36:29.339+0000] {processor.py:178} INFO - Processing /usr/local/lib/python3.10/dist-packages/airflow/example_dags/example_params_ui_tutorial.py took 0.479 seconds
[2023-10-28T08:36:59.986+0000] {processor.py:156} INFO - Started process (PID=1519231) to work on /usr/local/lib/python3.10/dist-packages/airflow/example_dags/example_params_ui_tutorial.py
[2023-10-28T08:36:59.988+0000] {processor.py:799} INFO - Processing file /usr/local/lib/python3.10/dist-packages/airflow/example_dags/example_params_ui_tutorial.py for tasks to queue
[2023-10-28T08:36:59.991+0000] {logging_mixin.py:149} INFO - [2023-10-28T08:36:59.990+0000] {dagbag.py:541} INFO - Filling up the DagBag from /usr/local/lib/python3.10/dist-packages/airflow/example_dags/example_params_ui_tutorial.py
[2023-10-28T08:37:00.113+0000] {processor.py:809} INFO - DAG(s) dict_keys(['example_params_ui_tutorial']) retrieved from /usr/local/lib/python3.10/dist-packages/airflow/example_dags/example_params_ui_tutorial.py
[2023-10-28T08:37:00.303+0000] {logging_mixin.py:149} INFO - [2023-10-28T08:37:00.303+0000] {dag.py:2726} INFO - Sync 1 DAGs
[2023-10-28T08:37:00.374+0000] {logging_mixin.py:149} INFO - [2023-10-28T08:37:00.373+0000] {dag.py:3486} INFO - Setting next_dagrun for example_params_ui_tutorial to None, run_after=None
[2023-10-28T08:37:00.440+0000] {processor.py:178} INFO - Processing /usr/local/lib/python3.10/dist-packages/airflow/example_dags/example_params_ui_tutorial.py took 0.465 seconds
[2023-10-28T08:37:30.610+0000] {processor.py:156} INFO - Started process (PID=1519610) to work on /usr/local/lib/python3.10/dist-packages/airflow/example_dags/example_params_ui_tutorial.py
[2023-10-28T08:37:30.648+0000] {processor.py:799} INFO - Processing file /usr/local/lib/python3.10/dist-packages/airflow/example_dags/example_params_ui_tutorial.py for tasks to queue
[2023-10-28T08:37:30.650+0000] {logging_mixin.py:149} INFO - [2023-10-28T08:37:30.650+0000] {dagbag.py:541} INFO - Filling up the DagBag from /usr/local/lib/python3.10/dist-packages/airflow/example_dags/example_params_ui_tutorial.py
[2023-10-28T08:37:30.748+0000] {processor.py:809} INFO - DAG(s) dict_keys(['example_params_ui_tutorial']) retrieved from /usr/local/lib/python3.10/dist-packages/airflow/example_dags/example_params_ui_tutorial.py
[2023-10-28T08:37:30.931+0000] {logging_mixin.py:149} INFO - [2023-10-28T08:37:30.931+0000] {dag.py:2726} INFO - Sync 1 DAGs
[2023-10-28T08:37:31.005+0000] {logging_mixin.py:149} INFO - [2023-10-28T08:37:31.004+0000] {dag.py:3486} INFO - Setting next_dagrun for example_params_ui_tutorial to None, run_after=None
[2023-10-28T08:37:31.069+0000] {processor.py:178} INFO - Processing /usr/local/lib/python3.10/dist-packages/airflow/example_dags/example_params_ui_tutorial.py took 0.466 seconds
[2023-10-28T08:38:01.461+0000] {processor.py:156} INFO - Started process (PID=1520039) to work on /usr/local/lib/python3.10/dist-packages/airflow/example_dags/example_params_ui_tutorial.py
[2023-10-28T08:38:01.463+0000] {processor.py:799} INFO - Processing file /usr/local/lib/python3.10/dist-packages/airflow/example_dags/example_params_ui_tutorial.py for tasks to queue
[2023-10-28T08:38:01.465+0000] {logging_mixin.py:149} INFO - [2023-10-28T08:38:01.465+0000] {dagbag.py:541} INFO - Filling up the DagBag from /usr/local/lib/python3.10/dist-packages/airflow/example_dags/example_params_ui_tutorial.py
[2023-10-28T08:38:01.565+0000] {processor.py:809} INFO - DAG(s) dict_keys(['example_params_ui_tutorial']) retrieved from /usr/local/lib/python3.10/dist-packages/airflow/example_dags/example_params_ui_tutorial.py
[2023-10-28T08:38:01.765+0000] {logging_mixin.py:149} INFO - [2023-10-28T08:38:01.765+0000] {dag.py:2726} INFO - Sync 1 DAGs
[2023-10-28T08:38:01.851+0000] {logging_mixin.py:149} INFO - [2023-10-28T08:38:01.850+0000] {dag.py:3486} INFO - Setting next_dagrun for example_params_ui_tutorial to None, run_after=None
[2023-10-28T08:38:01.929+0000] {processor.py:178} INFO - Processing /usr/local/lib/python3.10/dist-packages/airflow/example_dags/example_params_ui_tutorial.py took 0.476 seconds
[2023-10-28T08:38:32.371+0000] {processor.py:156} INFO - Started process (PID=1520549) to work on /usr/local/lib/python3.10/dist-packages/airflow/example_dags/example_params_ui_tutorial.py
[2023-10-28T08:38:32.416+0000] {processor.py:799} INFO - Processing file /usr/local/lib/python3.10/dist-packages/airflow/example_dags/example_params_ui_tutorial.py for tasks to queue
[2023-10-28T08:38:32.418+0000] {logging_mixin.py:149} INFO - [2023-10-28T08:38:32.418+0000] {dagbag.py:541} INFO - Filling up the DagBag from /usr/local/lib/python3.10/dist-packages/airflow/example_dags/example_params_ui_tutorial.py
[2023-10-28T08:38:32.514+0000] {processor.py:809} INFO - DAG(s) dict_keys(['example_params_ui_tutorial']) retrieved from /usr/local/lib/python3.10/dist-packages/airflow/example_dags/example_params_ui_tutorial.py
[2023-10-28T08:38:32.700+0000] {logging_mixin.py:149} INFO - [2023-10-28T08:38:32.699+0000] {dag.py:2726} INFO - Sync 1 DAGs
[2023-10-28T08:38:32.776+0000] {logging_mixin.py:149} INFO - [2023-10-28T08:38:32.775+0000] {dag.py:3486} INFO - Setting next_dagrun for example_params_ui_tutorial to None, run_after=None
[2023-10-28T08:38:32.839+0000] {processor.py:178} INFO - Processing /usr/local/lib/python3.10/dist-packages/airflow/example_dags/example_params_ui_tutorial.py took 0.476 seconds
[2023-10-28T08:39:02.929+0000] {processor.py:156} INFO - Started process (PID=1521117) to work on /usr/local/lib/python3.10/dist-packages/airflow/example_dags/example_params_ui_tutorial.py
[2023-10-28T08:39:02.931+0000] {processor.py:799} INFO - Processing file /usr/local/lib/python3.10/dist-packages/airflow/example_dags/example_params_ui_tutorial.py for tasks to queue
[2023-10-28T08:39:02.933+0000] {logging_mixin.py:149} INFO - [2023-10-28T08:39:02.933+0000] {dagbag.py:541} INFO - Filling up the DagBag from /usr/local/lib/python3.10/dist-packages/airflow/example_dags/example_params_ui_tutorial.py
[2023-10-28T08:39:03.037+0000] {processor.py:809} INFO - DAG(s) dict_keys(['example_params_ui_tutorial']) retrieved from /usr/local/lib/python3.10/dist-packages/airflow/example_dags/example_params_ui_tutorial.py
[2023-10-28T08:39:03.225+0000] {logging_mixin.py:149} INFO - [2023-10-28T08:39:03.225+0000] {dag.py:2726} INFO - Sync 1 DAGs
[2023-10-28T08:39:03.303+0000] {logging_mixin.py:149} INFO - [2023-10-28T08:39:03.303+0000] {dag.py:3486} INFO - Setting next_dagrun for example_params_ui_tutorial to None, run_after=None
[2023-10-28T08:39:03.396+0000] {processor.py:178} INFO - Processing /usr/local/lib/python3.10/dist-packages/airflow/example_dags/example_params_ui_tutorial.py took 0.475 seconds
[2023-10-28T08:39:33.515+0000] {processor.py:156} INFO - Started process (PID=1521542) to work on /usr/local/lib/python3.10/dist-packages/airflow/example_dags/example_params_ui_tutorial.py
[2023-10-28T08:39:33.553+0000] {processor.py:799} INFO - Processing file /usr/local/lib/python3.10/dist-packages/airflow/example_dags/example_params_ui_tutorial.py for tasks to queue
[2023-10-28T08:39:33.555+0000] {logging_mixin.py:149} INFO - [2023-10-28T08:39:33.554+0000] {dagbag.py:541} INFO - Filling up the DagBag from /usr/local/lib/python3.10/dist-packages/airflow/example_dags/example_params_ui_tutorial.py
[2023-10-28T08:39:33.656+0000] {processor.py:809} INFO - DAG(s) dict_keys(['example_params_ui_tutorial']) retrieved from /usr/local/lib/python3.10/dist-packages/airflow/example_dags/example_params_ui_tutorial.py
[2023-10-28T08:39:33.839+0000] {logging_mixin.py:149} INFO - [2023-10-28T08:39:33.838+0000] {dag.py:2726} INFO - Sync 1 DAGs
[2023-10-28T08:39:33.918+0000] {logging_mixin.py:149} INFO - [2023-10-28T08:39:33.917+0000] {dag.py:3486} INFO - Setting next_dagrun for example_params_ui_tutorial to None, run_after=None
[2023-10-28T08:39:33.985+0000] {processor.py:178} INFO - Processing /usr/local/lib/python3.10/dist-packages/airflow/example_dags/example_params_ui_tutorial.py took 0.478 seconds
