[2023-10-28T07:57:19.719+0000] {processor.py:156} INFO - Started process (PID=1491484) to work on /usr/local/lib/python3.10/dist-packages/airflow/example_dags/example_trigger_target_dag.py
[2023-10-28T07:57:19.721+0000] {processor.py:799} INFO - Processing file /usr/local/lib/python3.10/dist-packages/airflow/example_dags/example_trigger_target_dag.py for tasks to queue
[2023-10-28T07:57:19.723+0000] {logging_mixin.py:149} INFO - [2023-10-28T07:57:19.723+0000] {dagbag.py:541} INFO - Filling up the DagBag from /usr/local/lib/python3.10/dist-packages/airflow/example_dags/example_trigger_target_dag.py
[2023-10-28T07:57:19.742+0000] {processor.py:809} INFO - DAG(s) dict_keys(['example_trigger_target_dag']) retrieved from /usr/local/lib/python3.10/dist-packages/airflow/example_dags/example_trigger_target_dag.py
[2023-10-28T07:57:20.256+0000] {logging_mixin.py:149} INFO - [2023-10-28T07:57:20.255+0000] {manager.py:504} INFO - Created Permission View: can read on DAG:example_trigger_target_dag
[2023-10-28T07:57:20.285+0000] {logging_mixin.py:149} INFO - [2023-10-28T07:57:20.284+0000] {manager.py:504} INFO - Created Permission View: can edit on DAG:example_trigger_target_dag
[2023-10-28T07:57:20.308+0000] {logging_mixin.py:149} INFO - [2023-10-28T07:57:20.308+0000] {manager.py:504} INFO - Created Permission View: can delete on DAG:example_trigger_target_dag
[2023-10-28T07:57:20.309+0000] {logging_mixin.py:149} INFO - [2023-10-28T07:57:20.309+0000] {dag.py:2726} INFO - Sync 1 DAGs
[2023-10-28T07:57:20.338+0000] {logging_mixin.py:149} INFO - [2023-10-28T07:57:20.338+0000] {dag.py:2747} INFO - Creating ORM DAG for example_trigger_target_dag
[2023-10-28T07:57:20.362+0000] {logging_mixin.py:149} INFO - [2023-10-28T07:57:20.362+0000] {dag.py:3486} INFO - Setting next_dagrun for example_trigger_target_dag to None, run_after=None
[2023-10-28T07:57:20.460+0000] {processor.py:178} INFO - Processing /usr/local/lib/python3.10/dist-packages/airflow/example_dags/example_trigger_target_dag.py took 0.748 seconds
[2023-10-28T07:58:32.749+0000] {processor.py:156} INFO - Started process (PID=1491966) to work on /usr/local/lib/python3.10/dist-packages/airflow/example_dags/example_trigger_target_dag.py
[2023-10-28T07:58:32.751+0000] {processor.py:799} INFO - Processing file /usr/local/lib/python3.10/dist-packages/airflow/example_dags/example_trigger_target_dag.py for tasks to queue
[2023-10-28T07:58:32.753+0000] {logging_mixin.py:149} INFO - [2023-10-28T07:58:32.753+0000] {dagbag.py:541} INFO - Filling up the DagBag from /usr/local/lib/python3.10/dist-packages/airflow/example_dags/example_trigger_target_dag.py
[2023-10-28T07:58:32.766+0000] {processor.py:809} INFO - DAG(s) dict_keys(['example_trigger_target_dag']) retrieved from /usr/local/lib/python3.10/dist-packages/airflow/example_dags/example_trigger_target_dag.py
[2023-10-28T07:58:33.025+0000] {logging_mixin.py:149} INFO - [2023-10-28T07:58:33.024+0000] {dag.py:2726} INFO - Sync 1 DAGs
[2023-10-28T07:58:33.078+0000] {logging_mixin.py:149} INFO - [2023-10-28T07:58:33.078+0000] {dag.py:3486} INFO - Setting next_dagrun for example_trigger_target_dag to None, run_after=None
[2023-10-28T07:58:33.150+0000] {processor.py:178} INFO - Processing /usr/local/lib/python3.10/dist-packages/airflow/example_dags/example_trigger_target_dag.py took 0.407 seconds
[2023-10-28T07:59:34.570+0000] {processor.py:156} INFO - Started process (PID=1492426) to work on /usr/local/lib/python3.10/dist-packages/airflow/example_dags/example_trigger_target_dag.py
[2023-10-28T07:59:34.606+0000] {processor.py:799} INFO - Processing file /usr/local/lib/python3.10/dist-packages/airflow/example_dags/example_trigger_target_dag.py for tasks to queue
[2023-10-28T07:59:34.609+0000] {logging_mixin.py:149} INFO - [2023-10-28T07:59:34.609+0000] {dagbag.py:541} INFO - Filling up the DagBag from /usr/local/lib/python3.10/dist-packages/airflow/example_dags/example_trigger_target_dag.py
[2023-10-28T07:59:34.625+0000] {processor.py:809} INFO - DAG(s) dict_keys(['example_trigger_target_dag']) retrieved from /usr/local/lib/python3.10/dist-packages/airflow/example_dags/example_trigger_target_dag.py
[2023-10-28T07:59:34.675+0000] {logging_mixin.py:149} INFO - [2023-10-28T07:59:34.675+0000] {dag.py:2726} INFO - Sync 1 DAGs
[2023-10-28T07:59:34.735+0000] {logging_mixin.py:149} INFO - [2023-10-28T07:59:34.734+0000] {dag.py:3486} INFO - Setting next_dagrun for example_trigger_target_dag to None, run_after=None
[2023-10-28T07:59:34.830+0000] {processor.py:178} INFO - Processing /usr/local/lib/python3.10/dist-packages/airflow/example_dags/example_trigger_target_dag.py took 0.268 seconds
[2023-10-28T08:15:21.887+0000] {processor.py:156} INFO - Started process (PID=1497721) to work on /usr/local/lib/python3.10/dist-packages/airflow/example_dags/example_trigger_target_dag.py
[2023-10-28T08:15:21.889+0000] {processor.py:799} INFO - Processing file /usr/local/lib/python3.10/dist-packages/airflow/example_dags/example_trigger_target_dag.py for tasks to queue
[2023-10-28T08:15:21.892+0000] {logging_mixin.py:149} INFO - [2023-10-28T08:15:21.891+0000] {dagbag.py:541} INFO - Filling up the DagBag from /usr/local/lib/python3.10/dist-packages/airflow/example_dags/example_trigger_target_dag.py
[2023-10-28T08:15:21.913+0000] {processor.py:809} INFO - DAG(s) dict_keys(['example_trigger_target_dag']) retrieved from /usr/local/lib/python3.10/dist-packages/airflow/example_dags/example_trigger_target_dag.py
[2023-10-28T08:15:22.463+0000] {logging_mixin.py:149} INFO - [2023-10-28T08:15:22.463+0000] {manager.py:504} INFO - Created Permission View: can read on DAG:example_trigger_target_dag
[2023-10-28T08:15:22.495+0000] {logging_mixin.py:149} INFO - [2023-10-28T08:15:22.494+0000] {manager.py:504} INFO - Created Permission View: can delete on DAG:example_trigger_target_dag
[2023-10-28T08:15:22.523+0000] {logging_mixin.py:149} INFO - [2023-10-28T08:15:22.523+0000] {manager.py:504} INFO - Created Permission View: can edit on DAG:example_trigger_target_dag
[2023-10-28T08:15:22.524+0000] {logging_mixin.py:149} INFO - [2023-10-28T08:15:22.524+0000] {dag.py:2726} INFO - Sync 1 DAGs
[2023-10-28T08:15:22.577+0000] {logging_mixin.py:149} INFO - [2023-10-28T08:15:22.577+0000] {dag.py:2747} INFO - Creating ORM DAG for example_trigger_target_dag
[2023-10-28T08:15:22.613+0000] {logging_mixin.py:149} INFO - [2023-10-28T08:15:22.612+0000] {dag.py:3486} INFO - Setting next_dagrun for example_trigger_target_dag to None, run_after=None
[2023-10-28T08:15:22.671+0000] {processor.py:178} INFO - Processing /usr/local/lib/python3.10/dist-packages/airflow/example_dags/example_trigger_target_dag.py took 0.791 seconds
[2023-10-28T08:15:52.838+0000] {processor.py:156} INFO - Started process (PID=1498604) to work on /usr/local/lib/python3.10/dist-packages/airflow/example_dags/example_trigger_target_dag.py
[2023-10-28T08:15:52.876+0000] {processor.py:799} INFO - Processing file /usr/local/lib/python3.10/dist-packages/airflow/example_dags/example_trigger_target_dag.py for tasks to queue
[2023-10-28T08:15:52.878+0000] {logging_mixin.py:149} INFO - [2023-10-28T08:15:52.878+0000] {dagbag.py:541} INFO - Filling up the DagBag from /usr/local/lib/python3.10/dist-packages/airflow/example_dags/example_trigger_target_dag.py
[2023-10-28T08:15:52.891+0000] {processor.py:809} INFO - DAG(s) dict_keys(['example_trigger_target_dag']) retrieved from /usr/local/lib/python3.10/dist-packages/airflow/example_dags/example_trigger_target_dag.py
[2023-10-28T08:15:52.965+0000] {logging_mixin.py:149} INFO - [2023-10-28T08:15:52.964+0000] {dag.py:2726} INFO - Sync 1 DAGs
[2023-10-28T08:15:53.038+0000] {logging_mixin.py:149} INFO - [2023-10-28T08:15:53.038+0000] {dag.py:3486} INFO - Setting next_dagrun for example_trigger_target_dag to None, run_after=None
[2023-10-28T08:15:53.154+0000] {processor.py:178} INFO - Processing /usr/local/lib/python3.10/dist-packages/airflow/example_dags/example_trigger_target_dag.py took 0.323 seconds
[2023-10-28T08:16:24.042+0000] {processor.py:156} INFO - Started process (PID=1499943) to work on /usr/local/lib/python3.10/dist-packages/airflow/example_dags/example_trigger_target_dag.py
[2023-10-28T08:16:24.080+0000] {processor.py:799} INFO - Processing file /usr/local/lib/python3.10/dist-packages/airflow/example_dags/example_trigger_target_dag.py for tasks to queue
[2023-10-28T08:16:24.082+0000] {logging_mixin.py:149} INFO - [2023-10-28T08:16:24.082+0000] {dagbag.py:541} INFO - Filling up the DagBag from /usr/local/lib/python3.10/dist-packages/airflow/example_dags/example_trigger_target_dag.py
[2023-10-28T08:16:24.095+0000] {processor.py:809} INFO - DAG(s) dict_keys(['example_trigger_target_dag']) retrieved from /usr/local/lib/python3.10/dist-packages/airflow/example_dags/example_trigger_target_dag.py
[2023-10-28T08:16:24.177+0000] {logging_mixin.py:149} INFO - [2023-10-28T08:16:24.176+0000] {dag.py:2726} INFO - Sync 1 DAGs
[2023-10-28T08:16:24.249+0000] {logging_mixin.py:149} INFO - [2023-10-28T08:16:24.249+0000] {dag.py:3486} INFO - Setting next_dagrun for example_trigger_target_dag to None, run_after=None
[2023-10-28T08:16:24.343+0000] {processor.py:178} INFO - Processing /usr/local/lib/python3.10/dist-packages/airflow/example_dags/example_trigger_target_dag.py took 0.308 seconds
[2023-10-28T08:16:54.725+0000] {processor.py:156} INFO - Started process (PID=1500569) to work on /usr/local/lib/python3.10/dist-packages/airflow/example_dags/example_trigger_target_dag.py
[2023-10-28T08:16:54.756+0000] {processor.py:799} INFO - Processing file /usr/local/lib/python3.10/dist-packages/airflow/example_dags/example_trigger_target_dag.py for tasks to queue
[2023-10-28T08:16:54.758+0000] {logging_mixin.py:149} INFO - [2023-10-28T08:16:54.758+0000] {dagbag.py:541} INFO - Filling up the DagBag from /usr/local/lib/python3.10/dist-packages/airflow/example_dags/example_trigger_target_dag.py
[2023-10-28T08:16:54.773+0000] {processor.py:809} INFO - DAG(s) dict_keys(['example_trigger_target_dag']) retrieved from /usr/local/lib/python3.10/dist-packages/airflow/example_dags/example_trigger_target_dag.py
[2023-10-28T08:16:54.855+0000] {logging_mixin.py:149} INFO - [2023-10-28T08:16:54.854+0000] {dag.py:2726} INFO - Sync 1 DAGs
[2023-10-28T08:16:54.936+0000] {logging_mixin.py:149} INFO - [2023-10-28T08:16:54.936+0000] {dag.py:3486} INFO - Setting next_dagrun for example_trigger_target_dag to None, run_after=None
[2023-10-28T08:16:55.043+0000] {processor.py:178} INFO - Processing /usr/local/lib/python3.10/dist-packages/airflow/example_dags/example_trigger_target_dag.py took 0.325 seconds
[2023-10-28T08:17:25.767+0000] {processor.py:156} INFO - Started process (PID=1501070) to work on /usr/local/lib/python3.10/dist-packages/airflow/example_dags/example_trigger_target_dag.py
[2023-10-28T08:17:25.789+0000] {processor.py:799} INFO - Processing file /usr/local/lib/python3.10/dist-packages/airflow/example_dags/example_trigger_target_dag.py for tasks to queue
[2023-10-28T08:17:25.791+0000] {logging_mixin.py:149} INFO - [2023-10-28T08:17:25.790+0000] {dagbag.py:541} INFO - Filling up the DagBag from /usr/local/lib/python3.10/dist-packages/airflow/example_dags/example_trigger_target_dag.py
[2023-10-28T08:17:25.803+0000] {processor.py:809} INFO - DAG(s) dict_keys(['example_trigger_target_dag']) retrieved from /usr/local/lib/python3.10/dist-packages/airflow/example_dags/example_trigger_target_dag.py
[2023-10-28T08:17:25.882+0000] {logging_mixin.py:149} INFO - [2023-10-28T08:17:25.881+0000] {dag.py:2726} INFO - Sync 1 DAGs
[2023-10-28T08:17:25.971+0000] {logging_mixin.py:149} INFO - [2023-10-28T08:17:25.971+0000] {dag.py:3486} INFO - Setting next_dagrun for example_trigger_target_dag to None, run_after=None
[2023-10-28T08:17:26.033+0000] {processor.py:178} INFO - Processing /usr/local/lib/python3.10/dist-packages/airflow/example_dags/example_trigger_target_dag.py took 0.273 seconds
[2023-10-28T08:17:56.451+0000] {processor.py:156} INFO - Started process (PID=1501433) to work on /usr/local/lib/python3.10/dist-packages/airflow/example_dags/example_trigger_target_dag.py
[2023-10-28T08:17:56.489+0000] {processor.py:799} INFO - Processing file /usr/local/lib/python3.10/dist-packages/airflow/example_dags/example_trigger_target_dag.py for tasks to queue
[2023-10-28T08:17:56.491+0000] {logging_mixin.py:149} INFO - [2023-10-28T08:17:56.491+0000] {dagbag.py:541} INFO - Filling up the DagBag from /usr/local/lib/python3.10/dist-packages/airflow/example_dags/example_trigger_target_dag.py
[2023-10-28T08:17:56.506+0000] {processor.py:809} INFO - DAG(s) dict_keys(['example_trigger_target_dag']) retrieved from /usr/local/lib/python3.10/dist-packages/airflow/example_dags/example_trigger_target_dag.py
[2023-10-28T08:17:56.583+0000] {logging_mixin.py:149} INFO - [2023-10-28T08:17:56.582+0000] {dag.py:2726} INFO - Sync 1 DAGs
[2023-10-28T08:17:56.655+0000] {logging_mixin.py:149} INFO - [2023-10-28T08:17:56.655+0000] {dag.py:3486} INFO - Setting next_dagrun for example_trigger_target_dag to None, run_after=None
[2023-10-28T08:17:56.769+0000] {processor.py:178} INFO - Processing /usr/local/lib/python3.10/dist-packages/airflow/example_dags/example_trigger_target_dag.py took 0.325 seconds
[2023-10-28T08:18:27.114+0000] {processor.py:156} INFO - Started process (PID=1501810) to work on /usr/local/lib/python3.10/dist-packages/airflow/example_dags/example_trigger_target_dag.py
[2023-10-28T08:18:27.148+0000] {processor.py:799} INFO - Processing file /usr/local/lib/python3.10/dist-packages/airflow/example_dags/example_trigger_target_dag.py for tasks to queue
[2023-10-28T08:18:27.150+0000] {logging_mixin.py:149} INFO - [2023-10-28T08:18:27.149+0000] {dagbag.py:541} INFO - Filling up the DagBag from /usr/local/lib/python3.10/dist-packages/airflow/example_dags/example_trigger_target_dag.py
[2023-10-28T08:18:27.162+0000] {processor.py:809} INFO - DAG(s) dict_keys(['example_trigger_target_dag']) retrieved from /usr/local/lib/python3.10/dist-packages/airflow/example_dags/example_trigger_target_dag.py
[2023-10-28T08:18:27.239+0000] {logging_mixin.py:149} INFO - [2023-10-28T08:18:27.238+0000] {dag.py:2726} INFO - Sync 1 DAGs
[2023-10-28T08:18:27.314+0000] {logging_mixin.py:149} INFO - [2023-10-28T08:18:27.313+0000] {dag.py:3486} INFO - Setting next_dagrun for example_trigger_target_dag to None, run_after=None
[2023-10-28T08:18:27.419+0000] {processor.py:178} INFO - Processing /usr/local/lib/python3.10/dist-packages/airflow/example_dags/example_trigger_target_dag.py took 0.312 seconds
[2023-10-28T08:18:57.560+0000] {processor.py:156} INFO - Started process (PID=1502165) to work on /usr/local/lib/python3.10/dist-packages/airflow/example_dags/example_trigger_target_dag.py
[2023-10-28T08:18:57.602+0000] {processor.py:799} INFO - Processing file /usr/local/lib/python3.10/dist-packages/airflow/example_dags/example_trigger_target_dag.py for tasks to queue
[2023-10-28T08:18:57.605+0000] {logging_mixin.py:149} INFO - [2023-10-28T08:18:57.604+0000] {dagbag.py:541} INFO - Filling up the DagBag from /usr/local/lib/python3.10/dist-packages/airflow/example_dags/example_trigger_target_dag.py
[2023-10-28T08:18:57.620+0000] {processor.py:809} INFO - DAG(s) dict_keys(['example_trigger_target_dag']) retrieved from /usr/local/lib/python3.10/dist-packages/airflow/example_dags/example_trigger_target_dag.py
[2023-10-28T08:18:57.697+0000] {logging_mixin.py:149} INFO - [2023-10-28T08:18:57.696+0000] {dag.py:2726} INFO - Sync 1 DAGs
[2023-10-28T08:18:57.771+0000] {logging_mixin.py:149} INFO - [2023-10-28T08:18:57.770+0000] {dag.py:3486} INFO - Setting next_dagrun for example_trigger_target_dag to None, run_after=None
[2023-10-28T08:18:57.873+0000] {processor.py:178} INFO - Processing /usr/local/lib/python3.10/dist-packages/airflow/example_dags/example_trigger_target_dag.py took 0.320 seconds
[2023-10-28T08:19:27.962+0000] {processor.py:156} INFO - Started process (PID=1502559) to work on /usr/local/lib/python3.10/dist-packages/airflow/example_dags/example_trigger_target_dag.py
[2023-10-28T08:19:27.998+0000] {processor.py:799} INFO - Processing file /usr/local/lib/python3.10/dist-packages/airflow/example_dags/example_trigger_target_dag.py for tasks to queue
[2023-10-28T08:19:28.000+0000] {logging_mixin.py:149} INFO - [2023-10-28T08:19:27.999+0000] {dagbag.py:541} INFO - Filling up the DagBag from /usr/local/lib/python3.10/dist-packages/airflow/example_dags/example_trigger_target_dag.py
[2023-10-28T08:19:28.013+0000] {processor.py:809} INFO - DAG(s) dict_keys(['example_trigger_target_dag']) retrieved from /usr/local/lib/python3.10/dist-packages/airflow/example_dags/example_trigger_target_dag.py
[2023-10-28T08:19:28.094+0000] {logging_mixin.py:149} INFO - [2023-10-28T08:19:28.093+0000] {dag.py:2726} INFO - Sync 1 DAGs
[2023-10-28T08:19:28.172+0000] {logging_mixin.py:149} INFO - [2023-10-28T08:19:28.172+0000] {dag.py:3486} INFO - Setting next_dagrun for example_trigger_target_dag to None, run_after=None
[2023-10-28T08:19:28.270+0000] {processor.py:178} INFO - Processing /usr/local/lib/python3.10/dist-packages/airflow/example_dags/example_trigger_target_dag.py took 0.315 seconds
[2023-10-28T08:19:58.397+0000] {processor.py:156} INFO - Started process (PID=1502914) to work on /usr/local/lib/python3.10/dist-packages/airflow/example_dags/example_trigger_target_dag.py
[2023-10-28T08:19:58.399+0000] {processor.py:799} INFO - Processing file /usr/local/lib/python3.10/dist-packages/airflow/example_dags/example_trigger_target_dag.py for tasks to queue
[2023-10-28T08:19:58.401+0000] {logging_mixin.py:149} INFO - [2023-10-28T08:19:58.400+0000] {dagbag.py:541} INFO - Filling up the DagBag from /usr/local/lib/python3.10/dist-packages/airflow/example_dags/example_trigger_target_dag.py
[2023-10-28T08:19:58.414+0000] {processor.py:809} INFO - DAG(s) dict_keys(['example_trigger_target_dag']) retrieved from /usr/local/lib/python3.10/dist-packages/airflow/example_dags/example_trigger_target_dag.py
[2023-10-28T08:19:58.498+0000] {logging_mixin.py:149} INFO - [2023-10-28T08:19:58.497+0000] {dag.py:2726} INFO - Sync 1 DAGs
[2023-10-28T08:19:58.572+0000] {logging_mixin.py:149} INFO - [2023-10-28T08:19:58.571+0000] {dag.py:3486} INFO - Setting next_dagrun for example_trigger_target_dag to None, run_after=None
[2023-10-28T08:19:58.675+0000] {processor.py:178} INFO - Processing /usr/local/lib/python3.10/dist-packages/airflow/example_dags/example_trigger_target_dag.py took 0.285 seconds
[2023-10-28T08:20:29.573+0000] {processor.py:156} INFO - Started process (PID=1503429) to work on /usr/local/lib/python3.10/dist-packages/airflow/example_dags/example_trigger_target_dag.py
[2023-10-28T08:20:29.612+0000] {processor.py:799} INFO - Processing file /usr/local/lib/python3.10/dist-packages/airflow/example_dags/example_trigger_target_dag.py for tasks to queue
[2023-10-28T08:20:29.614+0000] {logging_mixin.py:149} INFO - [2023-10-28T08:20:29.613+0000] {dagbag.py:541} INFO - Filling up the DagBag from /usr/local/lib/python3.10/dist-packages/airflow/example_dags/example_trigger_target_dag.py
[2023-10-28T08:20:29.627+0000] {processor.py:809} INFO - DAG(s) dict_keys(['example_trigger_target_dag']) retrieved from /usr/local/lib/python3.10/dist-packages/airflow/example_dags/example_trigger_target_dag.py
[2023-10-28T08:20:29.709+0000] {logging_mixin.py:149} INFO - [2023-10-28T08:20:29.708+0000] {dag.py:2726} INFO - Sync 1 DAGs
[2023-10-28T08:20:29.786+0000] {logging_mixin.py:149} INFO - [2023-10-28T08:20:29.785+0000] {dag.py:3486} INFO - Setting next_dagrun for example_trigger_target_dag to None, run_after=None
[2023-10-28T08:20:29.886+0000] {processor.py:178} INFO - Processing /usr/local/lib/python3.10/dist-packages/airflow/example_dags/example_trigger_target_dag.py took 0.320 seconds
[2023-10-28T08:20:59.994+0000] {processor.py:156} INFO - Started process (PID=1503818) to work on /usr/local/lib/python3.10/dist-packages/airflow/example_dags/example_trigger_target_dag.py
[2023-10-28T08:21:00.020+0000] {processor.py:799} INFO - Processing file /usr/local/lib/python3.10/dist-packages/airflow/example_dags/example_trigger_target_dag.py for tasks to queue
[2023-10-28T08:21:00.022+0000] {logging_mixin.py:149} INFO - [2023-10-28T08:21:00.022+0000] {dagbag.py:541} INFO - Filling up the DagBag from /usr/local/lib/python3.10/dist-packages/airflow/example_dags/example_trigger_target_dag.py
[2023-10-28T08:21:00.036+0000] {processor.py:809} INFO - DAG(s) dict_keys(['example_trigger_target_dag']) retrieved from /usr/local/lib/python3.10/dist-packages/airflow/example_dags/example_trigger_target_dag.py
[2023-10-28T08:21:00.117+0000] {logging_mixin.py:149} INFO - [2023-10-28T08:21:00.116+0000] {dag.py:2726} INFO - Sync 1 DAGs
[2023-10-28T08:21:00.202+0000] {logging_mixin.py:149} INFO - [2023-10-28T08:21:00.201+0000] {dag.py:3486} INFO - Setting next_dagrun for example_trigger_target_dag to None, run_after=None
[2023-10-28T08:21:00.263+0000] {processor.py:178} INFO - Processing /usr/local/lib/python3.10/dist-packages/airflow/example_dags/example_trigger_target_dag.py took 0.276 seconds
[2023-10-28T08:21:30.381+0000] {processor.py:156} INFO - Started process (PID=1504437) to work on /usr/local/lib/python3.10/dist-packages/airflow/example_dags/example_trigger_target_dag.py
[2023-10-28T08:21:30.383+0000] {processor.py:799} INFO - Processing file /usr/local/lib/python3.10/dist-packages/airflow/example_dags/example_trigger_target_dag.py for tasks to queue
[2023-10-28T08:21:30.385+0000] {logging_mixin.py:149} INFO - [2023-10-28T08:21:30.384+0000] {dagbag.py:541} INFO - Filling up the DagBag from /usr/local/lib/python3.10/dist-packages/airflow/example_dags/example_trigger_target_dag.py
[2023-10-28T08:21:30.398+0000] {processor.py:809} INFO - DAG(s) dict_keys(['example_trigger_target_dag']) retrieved from /usr/local/lib/python3.10/dist-packages/airflow/example_dags/example_trigger_target_dag.py
[2023-10-28T08:21:30.478+0000] {logging_mixin.py:149} INFO - [2023-10-28T08:21:30.477+0000] {dag.py:2726} INFO - Sync 1 DAGs
[2023-10-28T08:21:30.554+0000] {logging_mixin.py:149} INFO - [2023-10-28T08:21:30.553+0000] {dag.py:3486} INFO - Setting next_dagrun for example_trigger_target_dag to None, run_after=None
[2023-10-28T08:21:30.655+0000] {processor.py:178} INFO - Processing /usr/local/lib/python3.10/dist-packages/airflow/example_dags/example_trigger_target_dag.py took 0.281 seconds
[2023-10-28T08:22:01.567+0000] {processor.py:156} INFO - Started process (PID=1505287) to work on /usr/local/lib/python3.10/dist-packages/airflow/example_dags/example_trigger_target_dag.py
[2023-10-28T08:22:01.588+0000] {processor.py:799} INFO - Processing file /usr/local/lib/python3.10/dist-packages/airflow/example_dags/example_trigger_target_dag.py for tasks to queue
[2023-10-28T08:22:01.590+0000] {logging_mixin.py:149} INFO - [2023-10-28T08:22:01.590+0000] {dagbag.py:541} INFO - Filling up the DagBag from /usr/local/lib/python3.10/dist-packages/airflow/example_dags/example_trigger_target_dag.py
[2023-10-28T08:22:01.605+0000] {processor.py:809} INFO - DAG(s) dict_keys(['example_trigger_target_dag']) retrieved from /usr/local/lib/python3.10/dist-packages/airflow/example_dags/example_trigger_target_dag.py
[2023-10-28T08:22:01.694+0000] {logging_mixin.py:149} INFO - [2023-10-28T08:22:01.694+0000] {dag.py:2726} INFO - Sync 1 DAGs
[2023-10-28T08:22:01.778+0000] {logging_mixin.py:149} INFO - [2023-10-28T08:22:01.778+0000] {dag.py:3486} INFO - Setting next_dagrun for example_trigger_target_dag to None, run_after=None
[2023-10-28T08:22:01.847+0000] {processor.py:178} INFO - Processing /usr/local/lib/python3.10/dist-packages/airflow/example_dags/example_trigger_target_dag.py took 0.289 seconds
[2023-10-28T08:22:32.055+0000] {processor.py:156} INFO - Started process (PID=1505788) to work on /usr/local/lib/python3.10/dist-packages/airflow/example_dags/example_trigger_target_dag.py
[2023-10-28T08:22:32.057+0000] {processor.py:799} INFO - Processing file /usr/local/lib/python3.10/dist-packages/airflow/example_dags/example_trigger_target_dag.py for tasks to queue
[2023-10-28T08:22:32.059+0000] {logging_mixin.py:149} INFO - [2023-10-28T08:22:32.058+0000] {dagbag.py:541} INFO - Filling up the DagBag from /usr/local/lib/python3.10/dist-packages/airflow/example_dags/example_trigger_target_dag.py
[2023-10-28T08:22:32.072+0000] {processor.py:809} INFO - DAG(s) dict_keys(['example_trigger_target_dag']) retrieved from /usr/local/lib/python3.10/dist-packages/airflow/example_dags/example_trigger_target_dag.py
[2023-10-28T08:22:32.152+0000] {logging_mixin.py:149} INFO - [2023-10-28T08:22:32.151+0000] {dag.py:2726} INFO - Sync 1 DAGs
[2023-10-28T08:22:32.230+0000] {logging_mixin.py:149} INFO - [2023-10-28T08:22:32.230+0000] {dag.py:3486} INFO - Setting next_dagrun for example_trigger_target_dag to None, run_after=None
[2023-10-28T08:22:32.326+0000] {processor.py:178} INFO - Processing /usr/local/lib/python3.10/dist-packages/airflow/example_dags/example_trigger_target_dag.py took 0.280 seconds
[2023-10-28T08:23:02.432+0000] {processor.py:156} INFO - Started process (PID=1506289) to work on /usr/local/lib/python3.10/dist-packages/airflow/example_dags/example_trigger_target_dag.py
[2023-10-28T08:23:02.464+0000] {processor.py:799} INFO - Processing file /usr/local/lib/python3.10/dist-packages/airflow/example_dags/example_trigger_target_dag.py for tasks to queue
[2023-10-28T08:23:02.466+0000] {logging_mixin.py:149} INFO - [2023-10-28T08:23:02.466+0000] {dagbag.py:541} INFO - Filling up the DagBag from /usr/local/lib/python3.10/dist-packages/airflow/example_dags/example_trigger_target_dag.py
[2023-10-28T08:23:02.479+0000] {processor.py:809} INFO - DAG(s) dict_keys(['example_trigger_target_dag']) retrieved from /usr/local/lib/python3.10/dist-packages/airflow/example_dags/example_trigger_target_dag.py
[2023-10-28T08:23:02.555+0000] {logging_mixin.py:149} INFO - [2023-10-28T08:23:02.554+0000] {dag.py:2726} INFO - Sync 1 DAGs
[2023-10-28T08:23:02.633+0000] {logging_mixin.py:149} INFO - [2023-10-28T08:23:02.632+0000] {dag.py:3486} INFO - Setting next_dagrun for example_trigger_target_dag to None, run_after=None
[2023-10-28T08:23:02.739+0000] {processor.py:178} INFO - Processing /usr/local/lib/python3.10/dist-packages/airflow/example_dags/example_trigger_target_dag.py took 0.314 seconds
[2023-10-28T08:23:32.894+0000] {processor.py:156} INFO - Started process (PID=1506782) to work on /usr/local/lib/python3.10/dist-packages/airflow/example_dags/example_trigger_target_dag.py
[2023-10-28T08:23:32.896+0000] {processor.py:799} INFO - Processing file /usr/local/lib/python3.10/dist-packages/airflow/example_dags/example_trigger_target_dag.py for tasks to queue
[2023-10-28T08:23:32.898+0000] {logging_mixin.py:149} INFO - [2023-10-28T08:23:32.897+0000] {dagbag.py:541} INFO - Filling up the DagBag from /usr/local/lib/python3.10/dist-packages/airflow/example_dags/example_trigger_target_dag.py
[2023-10-28T08:23:32.912+0000] {processor.py:809} INFO - DAG(s) dict_keys(['example_trigger_target_dag']) retrieved from /usr/local/lib/python3.10/dist-packages/airflow/example_dags/example_trigger_target_dag.py
[2023-10-28T08:23:32.992+0000] {logging_mixin.py:149} INFO - [2023-10-28T08:23:32.991+0000] {dag.py:2726} INFO - Sync 1 DAGs
[2023-10-28T08:23:33.075+0000] {logging_mixin.py:149} INFO - [2023-10-28T08:23:33.074+0000] {dag.py:3486} INFO - Setting next_dagrun for example_trigger_target_dag to None, run_after=None
[2023-10-28T08:23:33.138+0000] {processor.py:178} INFO - Processing /usr/local/lib/python3.10/dist-packages/airflow/example_dags/example_trigger_target_dag.py took 0.252 seconds
[2023-10-28T08:24:03.813+0000] {processor.py:156} INFO - Started process (PID=1507339) to work on /usr/local/lib/python3.10/dist-packages/airflow/example_dags/example_trigger_target_dag.py
[2023-10-28T08:24:03.837+0000] {processor.py:799} INFO - Processing file /usr/local/lib/python3.10/dist-packages/airflow/example_dags/example_trigger_target_dag.py for tasks to queue
[2023-10-28T08:24:03.839+0000] {logging_mixin.py:149} INFO - [2023-10-28T08:24:03.838+0000] {dagbag.py:541} INFO - Filling up the DagBag from /usr/local/lib/python3.10/dist-packages/airflow/example_dags/example_trigger_target_dag.py
[2023-10-28T08:24:03.854+0000] {processor.py:809} INFO - DAG(s) dict_keys(['example_trigger_target_dag']) retrieved from /usr/local/lib/python3.10/dist-packages/airflow/example_dags/example_trigger_target_dag.py
[2023-10-28T08:24:03.933+0000] {logging_mixin.py:149} INFO - [2023-10-28T08:24:03.932+0000] {dag.py:2726} INFO - Sync 1 DAGs
[2023-10-28T08:24:04.003+0000] {logging_mixin.py:149} INFO - [2023-10-28T08:24:04.003+0000] {dag.py:3486} INFO - Setting next_dagrun for example_trigger_target_dag to None, run_after=None
[2023-10-28T08:24:04.096+0000] {processor.py:178} INFO - Processing /usr/local/lib/python3.10/dist-packages/airflow/example_dags/example_trigger_target_dag.py took 0.290 seconds
[2023-10-28T08:24:34.738+0000] {processor.py:156} INFO - Started process (PID=1507932) to work on /usr/local/lib/python3.10/dist-packages/airflow/example_dags/example_trigger_target_dag.py
[2023-10-28T08:24:34.761+0000] {processor.py:799} INFO - Processing file /usr/local/lib/python3.10/dist-packages/airflow/example_dags/example_trigger_target_dag.py for tasks to queue
[2023-10-28T08:24:34.763+0000] {logging_mixin.py:149} INFO - [2023-10-28T08:24:34.763+0000] {dagbag.py:541} INFO - Filling up the DagBag from /usr/local/lib/python3.10/dist-packages/airflow/example_dags/example_trigger_target_dag.py
[2023-10-28T08:24:34.778+0000] {processor.py:809} INFO - DAG(s) dict_keys(['example_trigger_target_dag']) retrieved from /usr/local/lib/python3.10/dist-packages/airflow/example_dags/example_trigger_target_dag.py
[2023-10-28T08:24:34.852+0000] {logging_mixin.py:149} INFO - [2023-10-28T08:24:34.851+0000] {dag.py:2726} INFO - Sync 1 DAGs
[2023-10-28T08:24:34.926+0000] {logging_mixin.py:149} INFO - [2023-10-28T08:24:34.926+0000] {dag.py:3486} INFO - Setting next_dagrun for example_trigger_target_dag to None, run_after=None
[2023-10-28T08:24:35.021+0000] {processor.py:178} INFO - Processing /usr/local/lib/python3.10/dist-packages/airflow/example_dags/example_trigger_target_dag.py took 0.291 seconds
[2023-10-28T08:25:05.249+0000] {processor.py:156} INFO - Started process (PID=1508358) to work on /usr/local/lib/python3.10/dist-packages/airflow/example_dags/example_trigger_target_dag.py
[2023-10-28T08:25:05.285+0000] {processor.py:799} INFO - Processing file /usr/local/lib/python3.10/dist-packages/airflow/example_dags/example_trigger_target_dag.py for tasks to queue
[2023-10-28T08:25:05.287+0000] {logging_mixin.py:149} INFO - [2023-10-28T08:25:05.287+0000] {dagbag.py:541} INFO - Filling up the DagBag from /usr/local/lib/python3.10/dist-packages/airflow/example_dags/example_trigger_target_dag.py
[2023-10-28T08:25:05.304+0000] {processor.py:809} INFO - DAG(s) dict_keys(['example_trigger_target_dag']) retrieved from /usr/local/lib/python3.10/dist-packages/airflow/example_dags/example_trigger_target_dag.py
[2023-10-28T08:25:05.378+0000] {logging_mixin.py:149} INFO - [2023-10-28T08:25:05.377+0000] {dag.py:2726} INFO - Sync 1 DAGs
[2023-10-28T08:25:05.455+0000] {logging_mixin.py:149} INFO - [2023-10-28T08:25:05.455+0000] {dag.py:3486} INFO - Setting next_dagrun for example_trigger_target_dag to None, run_after=None
[2023-10-28T08:25:05.567+0000] {processor.py:178} INFO - Processing /usr/local/lib/python3.10/dist-packages/airflow/example_dags/example_trigger_target_dag.py took 0.325 seconds
[2023-10-28T08:25:35.875+0000] {processor.py:156} INFO - Started process (PID=1509173) to work on /usr/local/lib/python3.10/dist-packages/airflow/example_dags/example_trigger_target_dag.py
[2023-10-28T08:25:35.904+0000] {processor.py:799} INFO - Processing file /usr/local/lib/python3.10/dist-packages/airflow/example_dags/example_trigger_target_dag.py for tasks to queue
[2023-10-28T08:25:35.906+0000] {logging_mixin.py:149} INFO - [2023-10-28T08:25:35.906+0000] {dagbag.py:541} INFO - Filling up the DagBag from /usr/local/lib/python3.10/dist-packages/airflow/example_dags/example_trigger_target_dag.py
[2023-10-28T08:25:35.920+0000] {processor.py:809} INFO - DAG(s) dict_keys(['example_trigger_target_dag']) retrieved from /usr/local/lib/python3.10/dist-packages/airflow/example_dags/example_trigger_target_dag.py
[2023-10-28T08:25:36.008+0000] {logging_mixin.py:149} INFO - [2023-10-28T08:25:36.007+0000] {dag.py:2726} INFO - Sync 1 DAGs
[2023-10-28T08:25:36.090+0000] {logging_mixin.py:149} INFO - [2023-10-28T08:25:36.089+0000] {dag.py:3486} INFO - Setting next_dagrun for example_trigger_target_dag to None, run_after=None
[2023-10-28T08:25:36.180+0000] {processor.py:178} INFO - Processing /usr/local/lib/python3.10/dist-packages/airflow/example_dags/example_trigger_target_dag.py took 0.313 seconds
[2023-10-28T08:26:06.384+0000] {processor.py:156} INFO - Started process (PID=1509572) to work on /usr/local/lib/python3.10/dist-packages/airflow/example_dags/example_trigger_target_dag.py
[2023-10-28T08:26:06.387+0000] {processor.py:799} INFO - Processing file /usr/local/lib/python3.10/dist-packages/airflow/example_dags/example_trigger_target_dag.py for tasks to queue
[2023-10-28T08:26:06.389+0000] {logging_mixin.py:149} INFO - [2023-10-28T08:26:06.388+0000] {dagbag.py:541} INFO - Filling up the DagBag from /usr/local/lib/python3.10/dist-packages/airflow/example_dags/example_trigger_target_dag.py
[2023-10-28T08:26:06.406+0000] {processor.py:809} INFO - DAG(s) dict_keys(['example_trigger_target_dag']) retrieved from /usr/local/lib/python3.10/dist-packages/airflow/example_dags/example_trigger_target_dag.py
[2023-10-28T08:26:06.486+0000] {logging_mixin.py:149} INFO - [2023-10-28T08:26:06.486+0000] {dag.py:2726} INFO - Sync 1 DAGs
[2023-10-28T08:26:06.564+0000] {logging_mixin.py:149} INFO - [2023-10-28T08:26:06.564+0000] {dag.py:3486} INFO - Setting next_dagrun for example_trigger_target_dag to None, run_after=None
[2023-10-28T08:26:06.624+0000] {processor.py:178} INFO - Processing /usr/local/lib/python3.10/dist-packages/airflow/example_dags/example_trigger_target_dag.py took 0.248 seconds
[2023-10-28T08:26:36.966+0000] {processor.py:156} INFO - Started process (PID=1509927) to work on /usr/local/lib/python3.10/dist-packages/airflow/example_dags/example_trigger_target_dag.py
[2023-10-28T08:26:37.006+0000] {processor.py:799} INFO - Processing file /usr/local/lib/python3.10/dist-packages/airflow/example_dags/example_trigger_target_dag.py for tasks to queue
[2023-10-28T08:26:37.008+0000] {logging_mixin.py:149} INFO - [2023-10-28T08:26:37.007+0000] {dagbag.py:541} INFO - Filling up the DagBag from /usr/local/lib/python3.10/dist-packages/airflow/example_dags/example_trigger_target_dag.py
[2023-10-28T08:26:37.023+0000] {processor.py:809} INFO - DAG(s) dict_keys(['example_trigger_target_dag']) retrieved from /usr/local/lib/python3.10/dist-packages/airflow/example_dags/example_trigger_target_dag.py
[2023-10-28T08:26:37.107+0000] {logging_mixin.py:149} INFO - [2023-10-28T08:26:37.106+0000] {dag.py:2726} INFO - Sync 1 DAGs
[2023-10-28T08:26:37.182+0000] {logging_mixin.py:149} INFO - [2023-10-28T08:26:37.181+0000] {dag.py:3486} INFO - Setting next_dagrun for example_trigger_target_dag to None, run_after=None
[2023-10-28T08:26:37.284+0000] {processor.py:178} INFO - Processing /usr/local/lib/python3.10/dist-packages/airflow/example_dags/example_trigger_target_dag.py took 0.325 seconds
[2023-10-28T08:27:08.019+0000] {processor.py:156} INFO - Started process (PID=1510454) to work on /usr/local/lib/python3.10/dist-packages/airflow/example_dags/example_trigger_target_dag.py
[2023-10-28T08:27:08.020+0000] {processor.py:799} INFO - Processing file /usr/local/lib/python3.10/dist-packages/airflow/example_dags/example_trigger_target_dag.py for tasks to queue
[2023-10-28T08:27:08.022+0000] {logging_mixin.py:149} INFO - [2023-10-28T08:27:08.022+0000] {dagbag.py:541} INFO - Filling up the DagBag from /usr/local/lib/python3.10/dist-packages/airflow/example_dags/example_trigger_target_dag.py
[2023-10-28T08:27:08.035+0000] {processor.py:809} INFO - DAG(s) dict_keys(['example_trigger_target_dag']) retrieved from /usr/local/lib/python3.10/dist-packages/airflow/example_dags/example_trigger_target_dag.py
[2023-10-28T08:27:08.111+0000] {logging_mixin.py:149} INFO - [2023-10-28T08:27:08.111+0000] {dag.py:2726} INFO - Sync 1 DAGs
[2023-10-28T08:27:08.186+0000] {logging_mixin.py:149} INFO - [2023-10-28T08:27:08.185+0000] {dag.py:3486} INFO - Setting next_dagrun for example_trigger_target_dag to None, run_after=None
[2023-10-28T08:27:08.274+0000] {processor.py:178} INFO - Processing /usr/local/lib/python3.10/dist-packages/airflow/example_dags/example_trigger_target_dag.py took 0.263 seconds
[2023-10-28T08:27:38.621+0000] {processor.py:156} INFO - Started process (PID=1510863) to work on /usr/local/lib/python3.10/dist-packages/airflow/example_dags/example_trigger_target_dag.py
[2023-10-28T08:27:38.649+0000] {processor.py:799} INFO - Processing file /usr/local/lib/python3.10/dist-packages/airflow/example_dags/example_trigger_target_dag.py for tasks to queue
[2023-10-28T08:27:38.651+0000] {logging_mixin.py:149} INFO - [2023-10-28T08:27:38.650+0000] {dagbag.py:541} INFO - Filling up the DagBag from /usr/local/lib/python3.10/dist-packages/airflow/example_dags/example_trigger_target_dag.py
[2023-10-28T08:27:38.663+0000] {processor.py:809} INFO - DAG(s) dict_keys(['example_trigger_target_dag']) retrieved from /usr/local/lib/python3.10/dist-packages/airflow/example_dags/example_trigger_target_dag.py
[2023-10-28T08:27:38.742+0000] {logging_mixin.py:149} INFO - [2023-10-28T08:27:38.742+0000] {dag.py:2726} INFO - Sync 1 DAGs
[2023-10-28T08:27:38.814+0000] {logging_mixin.py:149} INFO - [2023-10-28T08:27:38.813+0000] {dag.py:3486} INFO - Setting next_dagrun for example_trigger_target_dag to None, run_after=None
[2023-10-28T08:27:38.918+0000] {processor.py:178} INFO - Processing /usr/local/lib/python3.10/dist-packages/airflow/example_dags/example_trigger_target_dag.py took 0.305 seconds
[2023-10-28T08:28:09.083+0000] {processor.py:156} INFO - Started process (PID=1511246) to work on /usr/local/lib/python3.10/dist-packages/airflow/example_dags/example_trigger_target_dag.py
[2023-10-28T08:28:09.109+0000] {processor.py:799} INFO - Processing file /usr/local/lib/python3.10/dist-packages/airflow/example_dags/example_trigger_target_dag.py for tasks to queue
[2023-10-28T08:28:09.111+0000] {logging_mixin.py:149} INFO - [2023-10-28T08:28:09.110+0000] {dagbag.py:541} INFO - Filling up the DagBag from /usr/local/lib/python3.10/dist-packages/airflow/example_dags/example_trigger_target_dag.py
[2023-10-28T08:28:09.124+0000] {processor.py:809} INFO - DAG(s) dict_keys(['example_trigger_target_dag']) retrieved from /usr/local/lib/python3.10/dist-packages/airflow/example_dags/example_trigger_target_dag.py
[2023-10-28T08:28:09.198+0000] {logging_mixin.py:149} INFO - [2023-10-28T08:28:09.197+0000] {dag.py:2726} INFO - Sync 1 DAGs
[2023-10-28T08:28:09.271+0000] {logging_mixin.py:149} INFO - [2023-10-28T08:28:09.271+0000] {dag.py:3486} INFO - Setting next_dagrun for example_trigger_target_dag to None, run_after=None
[2023-10-28T08:28:09.333+0000] {processor.py:178} INFO - Processing /usr/local/lib/python3.10/dist-packages/airflow/example_dags/example_trigger_target_dag.py took 0.257 seconds
[2023-10-28T08:28:39.476+0000] {processor.py:156} INFO - Started process (PID=1511603) to work on /usr/local/lib/python3.10/dist-packages/airflow/example_dags/example_trigger_target_dag.py
[2023-10-28T08:28:39.478+0000] {processor.py:799} INFO - Processing file /usr/local/lib/python3.10/dist-packages/airflow/example_dags/example_trigger_target_dag.py for tasks to queue
[2023-10-28T08:28:39.481+0000] {logging_mixin.py:149} INFO - [2023-10-28T08:28:39.480+0000] {dagbag.py:541} INFO - Filling up the DagBag from /usr/local/lib/python3.10/dist-packages/airflow/example_dags/example_trigger_target_dag.py
[2023-10-28T08:28:39.495+0000] {processor.py:809} INFO - DAG(s) dict_keys(['example_trigger_target_dag']) retrieved from /usr/local/lib/python3.10/dist-packages/airflow/example_dags/example_trigger_target_dag.py
[2023-10-28T08:28:39.577+0000] {logging_mixin.py:149} INFO - [2023-10-28T08:28:39.576+0000] {dag.py:2726} INFO - Sync 1 DAGs
[2023-10-28T08:28:39.654+0000] {logging_mixin.py:149} INFO - [2023-10-28T08:28:39.653+0000] {dag.py:3486} INFO - Setting next_dagrun for example_trigger_target_dag to None, run_after=None
[2023-10-28T08:28:39.752+0000] {processor.py:178} INFO - Processing /usr/local/lib/python3.10/dist-packages/airflow/example_dags/example_trigger_target_dag.py took 0.284 seconds
[2023-10-28T08:29:10.430+0000] {processor.py:156} INFO - Started process (PID=1511998) to work on /usr/local/lib/python3.10/dist-packages/airflow/example_dags/example_trigger_target_dag.py
[2023-10-28T08:29:10.457+0000] {processor.py:799} INFO - Processing file /usr/local/lib/python3.10/dist-packages/airflow/example_dags/example_trigger_target_dag.py for tasks to queue
[2023-10-28T08:29:10.459+0000] {logging_mixin.py:149} INFO - [2023-10-28T08:29:10.458+0000] {dagbag.py:541} INFO - Filling up the DagBag from /usr/local/lib/python3.10/dist-packages/airflow/example_dags/example_trigger_target_dag.py
[2023-10-28T08:29:10.472+0000] {processor.py:809} INFO - DAG(s) dict_keys(['example_trigger_target_dag']) retrieved from /usr/local/lib/python3.10/dist-packages/airflow/example_dags/example_trigger_target_dag.py
[2023-10-28T08:29:10.544+0000] {logging_mixin.py:149} INFO - [2023-10-28T08:29:10.544+0000] {dag.py:2726} INFO - Sync 1 DAGs
[2023-10-28T08:29:10.618+0000] {logging_mixin.py:149} INFO - [2023-10-28T08:29:10.617+0000] {dag.py:3486} INFO - Setting next_dagrun for example_trigger_target_dag to None, run_after=None
[2023-10-28T08:29:10.717+0000] {processor.py:178} INFO - Processing /usr/local/lib/python3.10/dist-packages/airflow/example_dags/example_trigger_target_dag.py took 0.293 seconds
[2023-10-28T08:29:40.919+0000] {processor.py:156} INFO - Started process (PID=1512356) to work on /usr/local/lib/python3.10/dist-packages/airflow/example_dags/example_trigger_target_dag.py
[2023-10-28T08:29:40.940+0000] {processor.py:799} INFO - Processing file /usr/local/lib/python3.10/dist-packages/airflow/example_dags/example_trigger_target_dag.py for tasks to queue
[2023-10-28T08:29:40.942+0000] {logging_mixin.py:149} INFO - [2023-10-28T08:29:40.941+0000] {dagbag.py:541} INFO - Filling up the DagBag from /usr/local/lib/python3.10/dist-packages/airflow/example_dags/example_trigger_target_dag.py
[2023-10-28T08:29:40.956+0000] {processor.py:809} INFO - DAG(s) dict_keys(['example_trigger_target_dag']) retrieved from /usr/local/lib/python3.10/dist-packages/airflow/example_dags/example_trigger_target_dag.py
[2023-10-28T08:29:41.038+0000] {logging_mixin.py:149} INFO - [2023-10-28T08:29:41.037+0000] {dag.py:2726} INFO - Sync 1 DAGs
[2023-10-28T08:29:41.119+0000] {logging_mixin.py:149} INFO - [2023-10-28T08:29:41.119+0000] {dag.py:3486} INFO - Setting next_dagrun for example_trigger_target_dag to None, run_after=None
[2023-10-28T08:29:41.212+0000] {processor.py:178} INFO - Processing /usr/local/lib/python3.10/dist-packages/airflow/example_dags/example_trigger_target_dag.py took 0.300 seconds
[2023-10-28T08:30:11.415+0000] {processor.py:156} INFO - Started process (PID=1512736) to work on /usr/local/lib/python3.10/dist-packages/airflow/example_dags/example_trigger_target_dag.py
[2023-10-28T08:30:11.437+0000] {processor.py:799} INFO - Processing file /usr/local/lib/python3.10/dist-packages/airflow/example_dags/example_trigger_target_dag.py for tasks to queue
[2023-10-28T08:30:11.439+0000] {logging_mixin.py:149} INFO - [2023-10-28T08:30:11.439+0000] {dagbag.py:541} INFO - Filling up the DagBag from /usr/local/lib/python3.10/dist-packages/airflow/example_dags/example_trigger_target_dag.py
[2023-10-28T08:30:11.454+0000] {processor.py:809} INFO - DAG(s) dict_keys(['example_trigger_target_dag']) retrieved from /usr/local/lib/python3.10/dist-packages/airflow/example_dags/example_trigger_target_dag.py
[2023-10-28T08:30:11.535+0000] {logging_mixin.py:149} INFO - [2023-10-28T08:30:11.534+0000] {dag.py:2726} INFO - Sync 1 DAGs
[2023-10-28T08:30:11.617+0000] {logging_mixin.py:149} INFO - [2023-10-28T08:30:11.617+0000] {dag.py:3486} INFO - Setting next_dagrun for example_trigger_target_dag to None, run_after=None
[2023-10-28T08:30:11.713+0000] {processor.py:178} INFO - Processing /usr/local/lib/python3.10/dist-packages/airflow/example_dags/example_trigger_target_dag.py took 0.306 seconds
[2023-10-28T08:30:42.504+0000] {processor.py:156} INFO - Started process (PID=1513353) to work on /usr/local/lib/python3.10/dist-packages/airflow/example_dags/example_trigger_target_dag.py
[2023-10-28T08:30:42.542+0000] {processor.py:799} INFO - Processing file /usr/local/lib/python3.10/dist-packages/airflow/example_dags/example_trigger_target_dag.py for tasks to queue
[2023-10-28T08:30:42.544+0000] {logging_mixin.py:149} INFO - [2023-10-28T08:30:42.543+0000] {dagbag.py:541} INFO - Filling up the DagBag from /usr/local/lib/python3.10/dist-packages/airflow/example_dags/example_trigger_target_dag.py
[2023-10-28T08:30:42.557+0000] {processor.py:809} INFO - DAG(s) dict_keys(['example_trigger_target_dag']) retrieved from /usr/local/lib/python3.10/dist-packages/airflow/example_dags/example_trigger_target_dag.py
[2023-10-28T08:30:42.646+0000] {logging_mixin.py:149} INFO - [2023-10-28T08:30:42.645+0000] {dag.py:2726} INFO - Sync 1 DAGs
[2023-10-28T08:30:42.722+0000] {logging_mixin.py:149} INFO - [2023-10-28T08:30:42.721+0000] {dag.py:3486} INFO - Setting next_dagrun for example_trigger_target_dag to None, run_after=None
[2023-10-28T08:30:42.827+0000] {processor.py:178} INFO - Processing /usr/local/lib/python3.10/dist-packages/airflow/example_dags/example_trigger_target_dag.py took 0.331 seconds
[2023-10-28T08:31:13.860+0000] {processor.py:156} INFO - Started process (PID=1513775) to work on /usr/local/lib/python3.10/dist-packages/airflow/example_dags/example_trigger_target_dag.py
[2023-10-28T08:31:13.862+0000] {processor.py:799} INFO - Processing file /usr/local/lib/python3.10/dist-packages/airflow/example_dags/example_trigger_target_dag.py for tasks to queue
[2023-10-28T08:31:13.863+0000] {logging_mixin.py:149} INFO - [2023-10-28T08:31:13.863+0000] {dagbag.py:541} INFO - Filling up the DagBag from /usr/local/lib/python3.10/dist-packages/airflow/example_dags/example_trigger_target_dag.py
[2023-10-28T08:31:13.876+0000] {processor.py:809} INFO - DAG(s) dict_keys(['example_trigger_target_dag']) retrieved from /usr/local/lib/python3.10/dist-packages/airflow/example_dags/example_trigger_target_dag.py
[2023-10-28T08:31:13.954+0000] {logging_mixin.py:149} INFO - [2023-10-28T08:31:13.953+0000] {dag.py:2726} INFO - Sync 1 DAGs
[2023-10-28T08:31:14.033+0000] {logging_mixin.py:149} INFO - [2023-10-28T08:31:14.033+0000] {dag.py:3486} INFO - Setting next_dagrun for example_trigger_target_dag to None, run_after=None
[2023-10-28T08:31:14.132+0000] {processor.py:178} INFO - Processing /usr/local/lib/python3.10/dist-packages/airflow/example_dags/example_trigger_target_dag.py took 0.281 seconds
[2023-10-28T08:31:44.712+0000] {processor.py:156} INFO - Started process (PID=1514365) to work on /usr/local/lib/python3.10/dist-packages/airflow/example_dags/example_trigger_target_dag.py
[2023-10-28T08:31:44.750+0000] {processor.py:799} INFO - Processing file /usr/local/lib/python3.10/dist-packages/airflow/example_dags/example_trigger_target_dag.py for tasks to queue
[2023-10-28T08:31:44.752+0000] {logging_mixin.py:149} INFO - [2023-10-28T08:31:44.751+0000] {dagbag.py:541} INFO - Filling up the DagBag from /usr/local/lib/python3.10/dist-packages/airflow/example_dags/example_trigger_target_dag.py
[2023-10-28T08:31:44.767+0000] {processor.py:809} INFO - DAG(s) dict_keys(['example_trigger_target_dag']) retrieved from /usr/local/lib/python3.10/dist-packages/airflow/example_dags/example_trigger_target_dag.py
[2023-10-28T08:31:44.849+0000] {logging_mixin.py:149} INFO - [2023-10-28T08:31:44.849+0000] {dag.py:2726} INFO - Sync 1 DAGs
[2023-10-28T08:31:44.928+0000] {logging_mixin.py:149} INFO - [2023-10-28T08:31:44.928+0000] {dag.py:3486} INFO - Setting next_dagrun for example_trigger_target_dag to None, run_after=None
[2023-10-28T08:31:45.021+0000] {processor.py:178} INFO - Processing /usr/local/lib/python3.10/dist-packages/airflow/example_dags/example_trigger_target_dag.py took 0.317 seconds
[2023-10-28T08:32:15.132+0000] {processor.py:156} INFO - Started process (PID=1515015) to work on /usr/local/lib/python3.10/dist-packages/airflow/example_dags/example_trigger_target_dag.py
[2023-10-28T08:32:15.168+0000] {processor.py:799} INFO - Processing file /usr/local/lib/python3.10/dist-packages/airflow/example_dags/example_trigger_target_dag.py for tasks to queue
[2023-10-28T08:32:15.170+0000] {logging_mixin.py:149} INFO - [2023-10-28T08:32:15.170+0000] {dagbag.py:541} INFO - Filling up the DagBag from /usr/local/lib/python3.10/dist-packages/airflow/example_dags/example_trigger_target_dag.py
[2023-10-28T08:32:15.183+0000] {processor.py:809} INFO - DAG(s) dict_keys(['example_trigger_target_dag']) retrieved from /usr/local/lib/python3.10/dist-packages/airflow/example_dags/example_trigger_target_dag.py
[2023-10-28T08:32:15.264+0000] {logging_mixin.py:149} INFO - [2023-10-28T08:32:15.264+0000] {dag.py:2726} INFO - Sync 1 DAGs
[2023-10-28T08:32:15.341+0000] {logging_mixin.py:149} INFO - [2023-10-28T08:32:15.340+0000] {dag.py:3486} INFO - Setting next_dagrun for example_trigger_target_dag to None, run_after=None
[2023-10-28T08:32:15.433+0000] {processor.py:178} INFO - Processing /usr/local/lib/python3.10/dist-packages/airflow/example_dags/example_trigger_target_dag.py took 0.307 seconds
[2023-10-28T08:32:45.630+0000] {processor.py:156} INFO - Started process (PID=1515582) to work on /usr/local/lib/python3.10/dist-packages/airflow/example_dags/example_trigger_target_dag.py
[2023-10-28T08:32:45.665+0000] {processor.py:799} INFO - Processing file /usr/local/lib/python3.10/dist-packages/airflow/example_dags/example_trigger_target_dag.py for tasks to queue
[2023-10-28T08:32:45.667+0000] {logging_mixin.py:149} INFO - [2023-10-28T08:32:45.667+0000] {dagbag.py:541} INFO - Filling up the DagBag from /usr/local/lib/python3.10/dist-packages/airflow/example_dags/example_trigger_target_dag.py
[2023-10-28T08:32:45.681+0000] {processor.py:809} INFO - DAG(s) dict_keys(['example_trigger_target_dag']) retrieved from /usr/local/lib/python3.10/dist-packages/airflow/example_dags/example_trigger_target_dag.py
[2023-10-28T08:32:45.763+0000] {logging_mixin.py:149} INFO - [2023-10-28T08:32:45.763+0000] {dag.py:2726} INFO - Sync 1 DAGs
[2023-10-28T08:32:45.837+0000] {logging_mixin.py:149} INFO - [2023-10-28T08:32:45.837+0000] {dag.py:3486} INFO - Setting next_dagrun for example_trigger_target_dag to None, run_after=None
[2023-10-28T08:32:45.935+0000] {processor.py:178} INFO - Processing /usr/local/lib/python3.10/dist-packages/airflow/example_dags/example_trigger_target_dag.py took 0.313 seconds
[2023-10-28T08:33:16.562+0000] {processor.py:156} INFO - Started process (PID=1516104) to work on /usr/local/lib/python3.10/dist-packages/airflow/example_dags/example_trigger_target_dag.py
[2023-10-28T08:33:16.564+0000] {processor.py:799} INFO - Processing file /usr/local/lib/python3.10/dist-packages/airflow/example_dags/example_trigger_target_dag.py for tasks to queue
[2023-10-28T08:33:16.566+0000] {logging_mixin.py:149} INFO - [2023-10-28T08:33:16.565+0000] {dagbag.py:541} INFO - Filling up the DagBag from /usr/local/lib/python3.10/dist-packages/airflow/example_dags/example_trigger_target_dag.py
[2023-10-28T08:33:16.578+0000] {processor.py:809} INFO - DAG(s) dict_keys(['example_trigger_target_dag']) retrieved from /usr/local/lib/python3.10/dist-packages/airflow/example_dags/example_trigger_target_dag.py
[2023-10-28T08:33:16.659+0000] {logging_mixin.py:149} INFO - [2023-10-28T08:33:16.658+0000] {dag.py:2726} INFO - Sync 1 DAGs
[2023-10-28T08:33:16.731+0000] {logging_mixin.py:149} INFO - [2023-10-28T08:33:16.730+0000] {dag.py:3486} INFO - Setting next_dagrun for example_trigger_target_dag to None, run_after=None
[2023-10-28T08:33:16.828+0000] {processor.py:178} INFO - Processing /usr/local/lib/python3.10/dist-packages/airflow/example_dags/example_trigger_target_dag.py took 0.273 seconds
[2023-10-28T08:33:47.238+0000] {processor.py:156} INFO - Started process (PID=1516461) to work on /usr/local/lib/python3.10/dist-packages/airflow/example_dags/example_trigger_target_dag.py
[2023-10-28T08:33:47.275+0000] {processor.py:799} INFO - Processing file /usr/local/lib/python3.10/dist-packages/airflow/example_dags/example_trigger_target_dag.py for tasks to queue
[2023-10-28T08:33:47.277+0000] {logging_mixin.py:149} INFO - [2023-10-28T08:33:47.276+0000] {dagbag.py:541} INFO - Filling up the DagBag from /usr/local/lib/python3.10/dist-packages/airflow/example_dags/example_trigger_target_dag.py
[2023-10-28T08:33:47.289+0000] {processor.py:809} INFO - DAG(s) dict_keys(['example_trigger_target_dag']) retrieved from /usr/local/lib/python3.10/dist-packages/airflow/example_dags/example_trigger_target_dag.py
[2023-10-28T08:33:47.371+0000] {logging_mixin.py:149} INFO - [2023-10-28T08:33:47.370+0000] {dag.py:2726} INFO - Sync 1 DAGs
[2023-10-28T08:33:47.454+0000] {logging_mixin.py:149} INFO - [2023-10-28T08:33:47.453+0000] {dag.py:3486} INFO - Setting next_dagrun for example_trigger_target_dag to None, run_after=None
[2023-10-28T08:33:47.519+0000] {processor.py:178} INFO - Processing /usr/local/lib/python3.10/dist-packages/airflow/example_dags/example_trigger_target_dag.py took 0.288 seconds
[2023-10-28T08:34:17.739+0000] {processor.py:156} INFO - Started process (PID=1516859) to work on /usr/local/lib/python3.10/dist-packages/airflow/example_dags/example_trigger_target_dag.py
[2023-10-28T08:34:17.777+0000] {processor.py:799} INFO - Processing file /usr/local/lib/python3.10/dist-packages/airflow/example_dags/example_trigger_target_dag.py for tasks to queue
[2023-10-28T08:34:17.779+0000] {logging_mixin.py:149} INFO - [2023-10-28T08:34:17.778+0000] {dagbag.py:541} INFO - Filling up the DagBag from /usr/local/lib/python3.10/dist-packages/airflow/example_dags/example_trigger_target_dag.py
[2023-10-28T08:34:17.794+0000] {processor.py:809} INFO - DAG(s) dict_keys(['example_trigger_target_dag']) retrieved from /usr/local/lib/python3.10/dist-packages/airflow/example_dags/example_trigger_target_dag.py
[2023-10-28T08:34:17.868+0000] {logging_mixin.py:149} INFO - [2023-10-28T08:34:17.867+0000] {dag.py:2726} INFO - Sync 1 DAGs
[2023-10-28T08:34:17.938+0000] {logging_mixin.py:149} INFO - [2023-10-28T08:34:17.938+0000] {dag.py:3486} INFO - Setting next_dagrun for example_trigger_target_dag to None, run_after=None
[2023-10-28T08:34:18.034+0000] {processor.py:178} INFO - Processing /usr/local/lib/python3.10/dist-packages/airflow/example_dags/example_trigger_target_dag.py took 0.303 seconds
[2023-10-28T08:34:48.602+0000] {processor.py:156} INFO - Started process (PID=1517216) to work on /usr/local/lib/python3.10/dist-packages/airflow/example_dags/example_trigger_target_dag.py
[2023-10-28T08:34:48.644+0000] {processor.py:799} INFO - Processing file /usr/local/lib/python3.10/dist-packages/airflow/example_dags/example_trigger_target_dag.py for tasks to queue
[2023-10-28T08:34:48.648+0000] {logging_mixin.py:149} INFO - [2023-10-28T08:34:48.647+0000] {dagbag.py:541} INFO - Filling up the DagBag from /usr/local/lib/python3.10/dist-packages/airflow/example_dags/example_trigger_target_dag.py
[2023-10-28T08:34:48.661+0000] {processor.py:809} INFO - DAG(s) dict_keys(['example_trigger_target_dag']) retrieved from /usr/local/lib/python3.10/dist-packages/airflow/example_dags/example_trigger_target_dag.py
[2023-10-28T08:34:48.736+0000] {logging_mixin.py:149} INFO - [2023-10-28T08:34:48.736+0000] {dag.py:2726} INFO - Sync 1 DAGs
[2023-10-28T08:34:48.808+0000] {logging_mixin.py:149} INFO - [2023-10-28T08:34:48.807+0000] {dag.py:3486} INFO - Setting next_dagrun for example_trigger_target_dag to None, run_after=None
[2023-10-28T08:34:48.900+0000] {processor.py:178} INFO - Processing /usr/local/lib/python3.10/dist-packages/airflow/example_dags/example_trigger_target_dag.py took 0.305 seconds
[2023-10-28T08:35:19.629+0000] {processor.py:156} INFO - Started process (PID=1517681) to work on /usr/local/lib/python3.10/dist-packages/airflow/example_dags/example_trigger_target_dag.py
[2023-10-28T08:35:19.669+0000] {processor.py:799} INFO - Processing file /usr/local/lib/python3.10/dist-packages/airflow/example_dags/example_trigger_target_dag.py for tasks to queue
[2023-10-28T08:35:19.670+0000] {logging_mixin.py:149} INFO - [2023-10-28T08:35:19.670+0000] {dagbag.py:541} INFO - Filling up the DagBag from /usr/local/lib/python3.10/dist-packages/airflow/example_dags/example_trigger_target_dag.py
[2023-10-28T08:35:19.683+0000] {processor.py:809} INFO - DAG(s) dict_keys(['example_trigger_target_dag']) retrieved from /usr/local/lib/python3.10/dist-packages/airflow/example_dags/example_trigger_target_dag.py
[2023-10-28T08:35:19.758+0000] {logging_mixin.py:149} INFO - [2023-10-28T08:35:19.757+0000] {dag.py:2726} INFO - Sync 1 DAGs
[2023-10-28T08:35:19.831+0000] {logging_mixin.py:149} INFO - [2023-10-28T08:35:19.831+0000] {dag.py:3486} INFO - Setting next_dagrun for example_trigger_target_dag to None, run_after=None
[2023-10-28T08:35:19.929+0000] {processor.py:178} INFO - Processing /usr/local/lib/python3.10/dist-packages/airflow/example_dags/example_trigger_target_dag.py took 0.308 seconds
[2023-10-28T08:35:50.033+0000] {processor.py:156} INFO - Started process (PID=1518230) to work on /usr/local/lib/python3.10/dist-packages/airflow/example_dags/example_trigger_target_dag.py
[2023-10-28T08:35:50.035+0000] {processor.py:799} INFO - Processing file /usr/local/lib/python3.10/dist-packages/airflow/example_dags/example_trigger_target_dag.py for tasks to queue
[2023-10-28T08:35:50.037+0000] {logging_mixin.py:149} INFO - [2023-10-28T08:35:50.037+0000] {dagbag.py:541} INFO - Filling up the DagBag from /usr/local/lib/python3.10/dist-packages/airflow/example_dags/example_trigger_target_dag.py
[2023-10-28T08:35:50.052+0000] {processor.py:809} INFO - DAG(s) dict_keys(['example_trigger_target_dag']) retrieved from /usr/local/lib/python3.10/dist-packages/airflow/example_dags/example_trigger_target_dag.py
[2023-10-28T08:35:50.128+0000] {logging_mixin.py:149} INFO - [2023-10-28T08:35:50.127+0000] {dag.py:2726} INFO - Sync 1 DAGs
[2023-10-28T08:35:50.199+0000] {logging_mixin.py:149} INFO - [2023-10-28T08:35:50.199+0000] {dag.py:3486} INFO - Setting next_dagrun for example_trigger_target_dag to None, run_after=None
[2023-10-28T08:35:50.293+0000] {processor.py:178} INFO - Processing /usr/local/lib/python3.10/dist-packages/airflow/example_dags/example_trigger_target_dag.py took 0.268 seconds
[2023-10-28T08:36:20.437+0000] {processor.py:156} INFO - Started process (PID=1518614) to work on /usr/local/lib/python3.10/dist-packages/airflow/example_dags/example_trigger_target_dag.py
[2023-10-28T08:36:20.476+0000] {processor.py:799} INFO - Processing file /usr/local/lib/python3.10/dist-packages/airflow/example_dags/example_trigger_target_dag.py for tasks to queue
[2023-10-28T08:36:20.479+0000] {logging_mixin.py:149} INFO - [2023-10-28T08:36:20.478+0000] {dagbag.py:541} INFO - Filling up the DagBag from /usr/local/lib/python3.10/dist-packages/airflow/example_dags/example_trigger_target_dag.py
[2023-10-28T08:36:20.492+0000] {processor.py:809} INFO - DAG(s) dict_keys(['example_trigger_target_dag']) retrieved from /usr/local/lib/python3.10/dist-packages/airflow/example_dags/example_trigger_target_dag.py
[2023-10-28T08:36:20.568+0000] {logging_mixin.py:149} INFO - [2023-10-28T08:36:20.568+0000] {dag.py:2726} INFO - Sync 1 DAGs
[2023-10-28T08:36:20.640+0000] {logging_mixin.py:149} INFO - [2023-10-28T08:36:20.640+0000] {dag.py:3486} INFO - Setting next_dagrun for example_trigger_target_dag to None, run_after=None
[2023-10-28T08:36:20.734+0000] {processor.py:178} INFO - Processing /usr/local/lib/python3.10/dist-packages/airflow/example_dags/example_trigger_target_dag.py took 0.305 seconds
[2023-10-28T08:36:50.929+0000] {processor.py:156} INFO - Started process (PID=1518969) to work on /usr/local/lib/python3.10/dist-packages/airflow/example_dags/example_trigger_target_dag.py
[2023-10-28T08:36:50.931+0000] {processor.py:799} INFO - Processing file /usr/local/lib/python3.10/dist-packages/airflow/example_dags/example_trigger_target_dag.py for tasks to queue
[2023-10-28T08:36:50.933+0000] {logging_mixin.py:149} INFO - [2023-10-28T08:36:50.932+0000] {dagbag.py:541} INFO - Filling up the DagBag from /usr/local/lib/python3.10/dist-packages/airflow/example_dags/example_trigger_target_dag.py
[2023-10-28T08:36:50.946+0000] {processor.py:809} INFO - DAG(s) dict_keys(['example_trigger_target_dag']) retrieved from /usr/local/lib/python3.10/dist-packages/airflow/example_dags/example_trigger_target_dag.py
[2023-10-28T08:36:51.021+0000] {logging_mixin.py:149} INFO - [2023-10-28T08:36:51.020+0000] {dag.py:2726} INFO - Sync 1 DAGs
[2023-10-28T08:36:51.096+0000] {logging_mixin.py:149} INFO - [2023-10-28T08:36:51.096+0000] {dag.py:3486} INFO - Setting next_dagrun for example_trigger_target_dag to None, run_after=None
[2023-10-28T08:36:51.197+0000] {processor.py:178} INFO - Processing /usr/local/lib/python3.10/dist-packages/airflow/example_dags/example_trigger_target_dag.py took 0.275 seconds
[2023-10-28T08:37:21.510+0000] {processor.py:156} INFO - Started process (PID=1519468) to work on /usr/local/lib/python3.10/dist-packages/airflow/example_dags/example_trigger_target_dag.py
[2023-10-28T08:37:21.513+0000] {processor.py:799} INFO - Processing file /usr/local/lib/python3.10/dist-packages/airflow/example_dags/example_trigger_target_dag.py for tasks to queue
[2023-10-28T08:37:21.515+0000] {logging_mixin.py:149} INFO - [2023-10-28T08:37:21.514+0000] {dagbag.py:541} INFO - Filling up the DagBag from /usr/local/lib/python3.10/dist-packages/airflow/example_dags/example_trigger_target_dag.py
[2023-10-28T08:37:21.529+0000] {processor.py:809} INFO - DAG(s) dict_keys(['example_trigger_target_dag']) retrieved from /usr/local/lib/python3.10/dist-packages/airflow/example_dags/example_trigger_target_dag.py
[2023-10-28T08:37:21.611+0000] {logging_mixin.py:149} INFO - [2023-10-28T08:37:21.610+0000] {dag.py:2726} INFO - Sync 1 DAGs
[2023-10-28T08:37:21.700+0000] {logging_mixin.py:149} INFO - [2023-10-28T08:37:21.699+0000] {dag.py:3486} INFO - Setting next_dagrun for example_trigger_target_dag to None, run_after=None
[2023-10-28T08:37:21.769+0000] {processor.py:178} INFO - Processing /usr/local/lib/python3.10/dist-packages/airflow/example_dags/example_trigger_target_dag.py took 0.267 seconds
[2023-10-28T08:37:52.077+0000] {processor.py:156} INFO - Started process (PID=1519826) to work on /usr/local/lib/python3.10/dist-packages/airflow/example_dags/example_trigger_target_dag.py
[2023-10-28T08:37:52.125+0000] {processor.py:799} INFO - Processing file /usr/local/lib/python3.10/dist-packages/airflow/example_dags/example_trigger_target_dag.py for tasks to queue
[2023-10-28T08:37:52.127+0000] {logging_mixin.py:149} INFO - [2023-10-28T08:37:52.127+0000] {dagbag.py:541} INFO - Filling up the DagBag from /usr/local/lib/python3.10/dist-packages/airflow/example_dags/example_trigger_target_dag.py
[2023-10-28T08:37:52.140+0000] {processor.py:809} INFO - DAG(s) dict_keys(['example_trigger_target_dag']) retrieved from /usr/local/lib/python3.10/dist-packages/airflow/example_dags/example_trigger_target_dag.py
[2023-10-28T08:37:52.221+0000] {logging_mixin.py:149} INFO - [2023-10-28T08:37:52.220+0000] {dag.py:2726} INFO - Sync 1 DAGs
[2023-10-28T08:37:52.295+0000] {logging_mixin.py:149} INFO - [2023-10-28T08:37:52.294+0000] {dag.py:3486} INFO - Setting next_dagrun for example_trigger_target_dag to None, run_after=None
[2023-10-28T08:37:52.403+0000] {processor.py:178} INFO - Processing /usr/local/lib/python3.10/dist-packages/airflow/example_dags/example_trigger_target_dag.py took 0.332 seconds
[2023-10-28T08:38:23.133+0000] {processor.py:156} INFO - Started process (PID=1520357) to work on /usr/local/lib/python3.10/dist-packages/airflow/example_dags/example_trigger_target_dag.py
[2023-10-28T08:38:23.135+0000] {processor.py:799} INFO - Processing file /usr/local/lib/python3.10/dist-packages/airflow/example_dags/example_trigger_target_dag.py for tasks to queue
[2023-10-28T08:38:23.137+0000] {logging_mixin.py:149} INFO - [2023-10-28T08:38:23.136+0000] {dagbag.py:541} INFO - Filling up the DagBag from /usr/local/lib/python3.10/dist-packages/airflow/example_dags/example_trigger_target_dag.py
[2023-10-28T08:38:23.150+0000] {processor.py:809} INFO - DAG(s) dict_keys(['example_trigger_target_dag']) retrieved from /usr/local/lib/python3.10/dist-packages/airflow/example_dags/example_trigger_target_dag.py
[2023-10-28T08:38:23.223+0000] {logging_mixin.py:149} INFO - [2023-10-28T08:38:23.222+0000] {dag.py:2726} INFO - Sync 1 DAGs
[2023-10-28T08:38:23.294+0000] {logging_mixin.py:149} INFO - [2023-10-28T08:38:23.293+0000] {dag.py:3486} INFO - Setting next_dagrun for example_trigger_target_dag to None, run_after=None
[2023-10-28T08:38:23.357+0000] {processor.py:178} INFO - Processing /usr/local/lib/python3.10/dist-packages/airflow/example_dags/example_trigger_target_dag.py took 0.232 seconds
[2023-10-28T08:38:53.836+0000] {processor.py:156} INFO - Started process (PID=1520884) to work on /usr/local/lib/python3.10/dist-packages/airflow/example_dags/example_trigger_target_dag.py
[2023-10-28T08:38:53.838+0000] {processor.py:799} INFO - Processing file /usr/local/lib/python3.10/dist-packages/airflow/example_dags/example_trigger_target_dag.py for tasks to queue
[2023-10-28T08:38:53.840+0000] {logging_mixin.py:149} INFO - [2023-10-28T08:38:53.839+0000] {dagbag.py:541} INFO - Filling up the DagBag from /usr/local/lib/python3.10/dist-packages/airflow/example_dags/example_trigger_target_dag.py
[2023-10-28T08:38:53.853+0000] {processor.py:809} INFO - DAG(s) dict_keys(['example_trigger_target_dag']) retrieved from /usr/local/lib/python3.10/dist-packages/airflow/example_dags/example_trigger_target_dag.py
[2023-10-28T08:38:53.929+0000] {logging_mixin.py:149} INFO - [2023-10-28T08:38:53.929+0000] {dag.py:2726} INFO - Sync 1 DAGs
[2023-10-28T08:38:54.001+0000] {logging_mixin.py:149} INFO - [2023-10-28T08:38:54.001+0000] {dag.py:3486} INFO - Setting next_dagrun for example_trigger_target_dag to None, run_after=None
[2023-10-28T08:38:54.104+0000] {processor.py:178} INFO - Processing /usr/local/lib/python3.10/dist-packages/airflow/example_dags/example_trigger_target_dag.py took 0.276 seconds
[2023-10-28T08:39:24.860+0000] {processor.py:156} INFO - Started process (PID=1521381) to work on /usr/local/lib/python3.10/dist-packages/airflow/example_dags/example_trigger_target_dag.py
[2023-10-28T08:39:24.896+0000] {processor.py:799} INFO - Processing file /usr/local/lib/python3.10/dist-packages/airflow/example_dags/example_trigger_target_dag.py for tasks to queue
[2023-10-28T08:39:24.898+0000] {logging_mixin.py:149} INFO - [2023-10-28T08:39:24.898+0000] {dagbag.py:541} INFO - Filling up the DagBag from /usr/local/lib/python3.10/dist-packages/airflow/example_dags/example_trigger_target_dag.py
[2023-10-28T08:39:24.912+0000] {processor.py:809} INFO - DAG(s) dict_keys(['example_trigger_target_dag']) retrieved from /usr/local/lib/python3.10/dist-packages/airflow/example_dags/example_trigger_target_dag.py
[2023-10-28T08:39:24.992+0000] {logging_mixin.py:149} INFO - [2023-10-28T08:39:24.991+0000] {dag.py:2726} INFO - Sync 1 DAGs
[2023-10-28T08:39:25.071+0000] {logging_mixin.py:149} INFO - [2023-10-28T08:39:25.071+0000] {dag.py:3486} INFO - Setting next_dagrun for example_trigger_target_dag to None, run_after=None
[2023-10-28T08:39:25.185+0000] {processor.py:178} INFO - Processing /usr/local/lib/python3.10/dist-packages/airflow/example_dags/example_trigger_target_dag.py took 0.334 seconds
