[2023-10-28T07:57:57.966+0000] {processor.py:156} INFO - Started process (PID=1491700) to work on /usr/local/lib/python3.10/dist-packages/airflow/example_dags/example_dynamic_task_mapping.py
[2023-10-28T07:57:57.968+0000] {processor.py:799} INFO - Processing file /usr/local/lib/python3.10/dist-packages/airflow/example_dags/example_dynamic_task_mapping.py for tasks to queue
[2023-10-28T07:57:57.970+0000] {logging_mixin.py:149} INFO - [2023-10-28T07:57:57.970+0000] {dagbag.py:541} INFO - Filling up the DagBag from /usr/local/lib/python3.10/dist-packages/airflow/example_dags/example_dynamic_task_mapping.py
[2023-10-28T07:57:57.988+0000] {processor.py:809} INFO - DAG(s) dict_keys(['example_dynamic_task_mapping']) retrieved from /usr/local/lib/python3.10/dist-packages/airflow/example_dags/example_dynamic_task_mapping.py
[2023-10-28T07:57:58.491+0000] {logging_mixin.py:149} INFO - [2023-10-28T07:57:58.490+0000] {manager.py:504} INFO - Created Permission View: can read on DAG:example_dynamic_task_mapping
[2023-10-28T07:57:58.523+0000] {logging_mixin.py:149} INFO - [2023-10-28T07:57:58.523+0000] {manager.py:504} INFO - Created Permission View: can edit on DAG:example_dynamic_task_mapping
[2023-10-28T07:57:58.547+0000] {logging_mixin.py:149} INFO - [2023-10-28T07:57:58.546+0000] {manager.py:504} INFO - Created Permission View: can delete on DAG:example_dynamic_task_mapping
[2023-10-28T07:57:58.547+0000] {logging_mixin.py:149} INFO - [2023-10-28T07:57:58.547+0000] {dag.py:2726} INFO - Sync 1 DAGs
[2023-10-28T07:57:58.575+0000] {logging_mixin.py:149} INFO - [2023-10-28T07:57:58.574+0000] {dag.py:2747} INFO - Creating ORM DAG for example_dynamic_task_mapping
[2023-10-28T07:57:58.599+0000] {logging_mixin.py:149} INFO - [2023-10-28T07:57:58.598+0000] {dag.py:3486} INFO - Setting next_dagrun for example_dynamic_task_mapping to 2022-03-04T00:00:00+00:00, run_after=2022-03-05T00:00:00+00:00
[2023-10-28T07:57:58.697+0000] {processor.py:178} INFO - Processing /usr/local/lib/python3.10/dist-packages/airflow/example_dags/example_dynamic_task_mapping.py took 0.739 seconds
[2023-10-28T07:59:14.410+0000] {processor.py:156} INFO - Started process (PID=1492294) to work on /usr/local/lib/python3.10/dist-packages/airflow/example_dags/example_dynamic_task_mapping.py
[2023-10-28T07:59:14.452+0000] {processor.py:799} INFO - Processing file /usr/local/lib/python3.10/dist-packages/airflow/example_dags/example_dynamic_task_mapping.py for tasks to queue
[2023-10-28T07:59:14.454+0000] {logging_mixin.py:149} INFO - [2023-10-28T07:59:14.454+0000] {dagbag.py:541} INFO - Filling up the DagBag from /usr/local/lib/python3.10/dist-packages/airflow/example_dags/example_dynamic_task_mapping.py
[2023-10-28T07:59:14.471+0000] {processor.py:809} INFO - DAG(s) dict_keys(['example_dynamic_task_mapping']) retrieved from /usr/local/lib/python3.10/dist-packages/airflow/example_dags/example_dynamic_task_mapping.py
[2023-10-28T07:59:14.517+0000] {logging_mixin.py:149} INFO - [2023-10-28T07:59:14.516+0000] {dag.py:2726} INFO - Sync 1 DAGs
[2023-10-28T07:59:14.577+0000] {logging_mixin.py:149} INFO - [2023-10-28T07:59:14.576+0000] {dag.py:3486} INFO - Setting next_dagrun for example_dynamic_task_mapping to 2022-03-04T00:00:00+00:00, run_after=2022-03-05T00:00:00+00:00
[2023-10-28T07:59:14.667+0000] {processor.py:178} INFO - Processing /usr/local/lib/python3.10/dist-packages/airflow/example_dags/example_dynamic_task_mapping.py took 0.264 seconds
[2023-10-28T08:00:08.695+0000] {processor.py:156} INFO - Started process (PID=1492628) to work on /usr/local/lib/python3.10/dist-packages/airflow/example_dags/example_dynamic_task_mapping.py
[2023-10-28T08:00:08.733+0000] {processor.py:799} INFO - Processing file /usr/local/lib/python3.10/dist-packages/airflow/example_dags/example_dynamic_task_mapping.py for tasks to queue
[2023-10-28T08:00:08.736+0000] {logging_mixin.py:149} INFO - [2023-10-28T08:00:08.735+0000] {dagbag.py:541} INFO - Filling up the DagBag from /usr/local/lib/python3.10/dist-packages/airflow/example_dags/example_dynamic_task_mapping.py
[2023-10-28T08:00:08.754+0000] {processor.py:809} INFO - DAG(s) dict_keys(['example_dynamic_task_mapping']) retrieved from /usr/local/lib/python3.10/dist-packages/airflow/example_dags/example_dynamic_task_mapping.py
[2023-10-28T08:00:08.804+0000] {logging_mixin.py:149} INFO - [2023-10-28T08:00:08.804+0000] {dag.py:2726} INFO - Sync 1 DAGs
[2023-10-28T08:00:08.860+0000] {logging_mixin.py:149} INFO - [2023-10-28T08:00:08.860+0000] {dag.py:3486} INFO - Setting next_dagrun for example_dynamic_task_mapping to 2022-03-04T00:00:00+00:00, run_after=2022-03-05T00:00:00+00:00
[2023-10-28T08:00:08.952+0000] {processor.py:178} INFO - Processing /usr/local/lib/python3.10/dist-packages/airflow/example_dags/example_dynamic_task_mapping.py took 0.264 seconds
[2023-10-28T08:15:30.599+0000] {processor.py:156} INFO - Started process (PID=1498143) to work on /usr/local/lib/python3.10/dist-packages/airflow/example_dags/example_dynamic_task_mapping.py
[2023-10-28T08:15:30.625+0000] {processor.py:799} INFO - Processing file /usr/local/lib/python3.10/dist-packages/airflow/example_dags/example_dynamic_task_mapping.py for tasks to queue
[2023-10-28T08:15:30.627+0000] {logging_mixin.py:149} INFO - [2023-10-28T08:15:30.627+0000] {dagbag.py:541} INFO - Filling up the DagBag from /usr/local/lib/python3.10/dist-packages/airflow/example_dags/example_dynamic_task_mapping.py
[2023-10-28T08:15:30.645+0000] {processor.py:809} INFO - DAG(s) dict_keys(['example_dynamic_task_mapping']) retrieved from /usr/local/lib/python3.10/dist-packages/airflow/example_dags/example_dynamic_task_mapping.py
[2023-10-28T08:15:31.256+0000] {logging_mixin.py:149} INFO - [2023-10-28T08:15:31.255+0000] {manager.py:504} INFO - Created Permission View: can read on DAG:example_dynamic_task_mapping
[2023-10-28T08:15:31.287+0000] {logging_mixin.py:149} INFO - [2023-10-28T08:15:31.286+0000] {manager.py:504} INFO - Created Permission View: can delete on DAG:example_dynamic_task_mapping
[2023-10-28T08:15:31.314+0000] {logging_mixin.py:149} INFO - [2023-10-28T08:15:31.314+0000] {manager.py:504} INFO - Created Permission View: can edit on DAG:example_dynamic_task_mapping
[2023-10-28T08:15:31.316+0000] {logging_mixin.py:149} INFO - [2023-10-28T08:15:31.315+0000] {dag.py:2726} INFO - Sync 1 DAGs
[2023-10-28T08:15:31.356+0000] {logging_mixin.py:149} INFO - [2023-10-28T08:15:31.355+0000] {dag.py:2747} INFO - Creating ORM DAG for example_dynamic_task_mapping
[2023-10-28T08:15:31.393+0000] {logging_mixin.py:149} INFO - [2023-10-28T08:15:31.393+0000] {dag.py:3486} INFO - Setting next_dagrun for example_dynamic_task_mapping to 2022-03-04T00:00:00+00:00, run_after=2022-03-05T00:00:00+00:00
[2023-10-28T08:15:31.486+0000] {processor.py:178} INFO - Processing /usr/local/lib/python3.10/dist-packages/airflow/example_dags/example_dynamic_task_mapping.py took 0.894 seconds
[2023-10-28T08:16:01.556+0000] {processor.py:156} INFO - Started process (PID=1498812) to work on /usr/local/lib/python3.10/dist-packages/airflow/example_dags/example_dynamic_task_mapping.py
[2023-10-28T08:16:01.559+0000] {processor.py:799} INFO - Processing file /usr/local/lib/python3.10/dist-packages/airflow/example_dags/example_dynamic_task_mapping.py for tasks to queue
[2023-10-28T08:16:01.562+0000] {logging_mixin.py:149} INFO - [2023-10-28T08:16:01.561+0000] {dagbag.py:541} INFO - Filling up the DagBag from /usr/local/lib/python3.10/dist-packages/airflow/example_dags/example_dynamic_task_mapping.py
[2023-10-28T08:16:01.579+0000] {processor.py:809} INFO - DAG(s) dict_keys(['example_dynamic_task_mapping']) retrieved from /usr/local/lib/python3.10/dist-packages/airflow/example_dags/example_dynamic_task_mapping.py
[2023-10-28T08:16:01.667+0000] {logging_mixin.py:149} INFO - [2023-10-28T08:16:01.666+0000] {dag.py:2726} INFO - Sync 1 DAGs
[2023-10-28T08:16:01.758+0000] {logging_mixin.py:149} INFO - [2023-10-28T08:16:01.758+0000] {dag.py:3486} INFO - Setting next_dagrun for example_dynamic_task_mapping to 2022-03-04T00:00:00+00:00, run_after=2022-03-05T00:00:00+00:00
[2023-10-28T08:16:01.875+0000] {processor.py:178} INFO - Processing /usr/local/lib/python3.10/dist-packages/airflow/example_dags/example_dynamic_task_mapping.py took 0.327 seconds
[2023-10-28T08:16:31.966+0000] {processor.py:156} INFO - Started process (PID=1500126) to work on /usr/local/lib/python3.10/dist-packages/airflow/example_dags/example_dynamic_task_mapping.py
[2023-10-28T08:16:31.977+0000] {processor.py:799} INFO - Processing file /usr/local/lib/python3.10/dist-packages/airflow/example_dags/example_dynamic_task_mapping.py for tasks to queue
[2023-10-28T08:16:31.979+0000] {logging_mixin.py:149} INFO - [2023-10-28T08:16:31.979+0000] {dagbag.py:541} INFO - Filling up the DagBag from /usr/local/lib/python3.10/dist-packages/airflow/example_dags/example_dynamic_task_mapping.py
[2023-10-28T08:16:31.995+0000] {processor.py:809} INFO - DAG(s) dict_keys(['example_dynamic_task_mapping']) retrieved from /usr/local/lib/python3.10/dist-packages/airflow/example_dags/example_dynamic_task_mapping.py
[2023-10-28T08:16:32.077+0000] {logging_mixin.py:149} INFO - [2023-10-28T08:16:32.077+0000] {dag.py:2726} INFO - Sync 1 DAGs
[2023-10-28T08:16:32.155+0000] {logging_mixin.py:149} INFO - [2023-10-28T08:16:32.155+0000] {dag.py:3486} INFO - Setting next_dagrun for example_dynamic_task_mapping to 2022-03-04T00:00:00+00:00, run_after=2022-03-05T00:00:00+00:00
[2023-10-28T08:16:32.258+0000] {processor.py:178} INFO - Processing /usr/local/lib/python3.10/dist-packages/airflow/example_dags/example_dynamic_task_mapping.py took 0.299 seconds
[2023-10-28T08:17:02.500+0000] {processor.py:156} INFO - Started process (PID=1500790) to work on /usr/local/lib/python3.10/dist-packages/airflow/example_dags/example_dynamic_task_mapping.py
[2023-10-28T08:17:02.502+0000] {processor.py:799} INFO - Processing file /usr/local/lib/python3.10/dist-packages/airflow/example_dags/example_dynamic_task_mapping.py for tasks to queue
[2023-10-28T08:17:02.505+0000] {logging_mixin.py:149} INFO - [2023-10-28T08:17:02.504+0000] {dagbag.py:541} INFO - Filling up the DagBag from /usr/local/lib/python3.10/dist-packages/airflow/example_dags/example_dynamic_task_mapping.py
[2023-10-28T08:17:02.538+0000] {processor.py:809} INFO - DAG(s) dict_keys(['example_dynamic_task_mapping']) retrieved from /usr/local/lib/python3.10/dist-packages/airflow/example_dags/example_dynamic_task_mapping.py
[2023-10-28T08:17:02.646+0000] {logging_mixin.py:149} INFO - [2023-10-28T08:17:02.646+0000] {dag.py:2726} INFO - Sync 1 DAGs
[2023-10-28T08:17:02.770+0000] {logging_mixin.py:149} INFO - [2023-10-28T08:17:02.769+0000] {dag.py:3486} INFO - Setting next_dagrun for example_dynamic_task_mapping to 2022-03-04T00:00:00+00:00, run_after=2022-03-05T00:00:00+00:00
[2023-10-28T08:17:02.887+0000] {processor.py:178} INFO - Processing /usr/local/lib/python3.10/dist-packages/airflow/example_dags/example_dynamic_task_mapping.py took 0.397 seconds
[2023-10-28T08:17:33.305+0000] {processor.py:156} INFO - Started process (PID=1501223) to work on /usr/local/lib/python3.10/dist-packages/airflow/example_dags/example_dynamic_task_mapping.py
[2023-10-28T08:17:33.329+0000] {processor.py:799} INFO - Processing file /usr/local/lib/python3.10/dist-packages/airflow/example_dags/example_dynamic_task_mapping.py for tasks to queue
[2023-10-28T08:17:33.331+0000] {logging_mixin.py:149} INFO - [2023-10-28T08:17:33.331+0000] {dagbag.py:541} INFO - Filling up the DagBag from /usr/local/lib/python3.10/dist-packages/airflow/example_dags/example_dynamic_task_mapping.py
[2023-10-28T08:17:33.349+0000] {processor.py:809} INFO - DAG(s) dict_keys(['example_dynamic_task_mapping']) retrieved from /usr/local/lib/python3.10/dist-packages/airflow/example_dags/example_dynamic_task_mapping.py
[2023-10-28T08:17:33.423+0000] {logging_mixin.py:149} INFO - [2023-10-28T08:17:33.422+0000] {dag.py:2726} INFO - Sync 1 DAGs
[2023-10-28T08:17:33.495+0000] {logging_mixin.py:149} INFO - [2023-10-28T08:17:33.494+0000] {dag.py:3486} INFO - Setting next_dagrun for example_dynamic_task_mapping to 2022-03-04T00:00:00+00:00, run_after=2022-03-05T00:00:00+00:00
[2023-10-28T08:17:33.590+0000] {processor.py:178} INFO - Processing /usr/local/lib/python3.10/dist-packages/airflow/example_dags/example_dynamic_task_mapping.py took 0.292 seconds
[2023-10-28T08:18:03.925+0000] {processor.py:156} INFO - Started process (PID=1501606) to work on /usr/local/lib/python3.10/dist-packages/airflow/example_dags/example_dynamic_task_mapping.py
[2023-10-28T08:18:03.950+0000] {processor.py:799} INFO - Processing file /usr/local/lib/python3.10/dist-packages/airflow/example_dags/example_dynamic_task_mapping.py for tasks to queue
[2023-10-28T08:18:03.952+0000] {logging_mixin.py:149} INFO - [2023-10-28T08:18:03.951+0000] {dagbag.py:541} INFO - Filling up the DagBag from /usr/local/lib/python3.10/dist-packages/airflow/example_dags/example_dynamic_task_mapping.py
[2023-10-28T08:18:03.969+0000] {processor.py:809} INFO - DAG(s) dict_keys(['example_dynamic_task_mapping']) retrieved from /usr/local/lib/python3.10/dist-packages/airflow/example_dags/example_dynamic_task_mapping.py
[2023-10-28T08:18:04.041+0000] {logging_mixin.py:149} INFO - [2023-10-28T08:18:04.041+0000] {dag.py:2726} INFO - Sync 1 DAGs
[2023-10-28T08:18:04.118+0000] {logging_mixin.py:149} INFO - [2023-10-28T08:18:04.118+0000] {dag.py:3486} INFO - Setting next_dagrun for example_dynamic_task_mapping to 2022-03-04T00:00:00+00:00, run_after=2022-03-05T00:00:00+00:00
[2023-10-28T08:18:04.213+0000] {processor.py:178} INFO - Processing /usr/local/lib/python3.10/dist-packages/airflow/example_dags/example_dynamic_task_mapping.py took 0.295 seconds
[2023-10-28T08:18:35.358+0000] {processor.py:156} INFO - Started process (PID=1501969) to work on /usr/local/lib/python3.10/dist-packages/airflow/example_dags/example_dynamic_task_mapping.py
[2023-10-28T08:18:35.394+0000] {processor.py:799} INFO - Processing file /usr/local/lib/python3.10/dist-packages/airflow/example_dags/example_dynamic_task_mapping.py for tasks to queue
[2023-10-28T08:18:35.396+0000] {logging_mixin.py:149} INFO - [2023-10-28T08:18:35.395+0000] {dagbag.py:541} INFO - Filling up the DagBag from /usr/local/lib/python3.10/dist-packages/airflow/example_dags/example_dynamic_task_mapping.py
[2023-10-28T08:18:35.413+0000] {processor.py:809} INFO - DAG(s) dict_keys(['example_dynamic_task_mapping']) retrieved from /usr/local/lib/python3.10/dist-packages/airflow/example_dags/example_dynamic_task_mapping.py
[2023-10-28T08:18:35.499+0000] {logging_mixin.py:149} INFO - [2023-10-28T08:18:35.498+0000] {dag.py:2726} INFO - Sync 1 DAGs
[2023-10-28T08:18:35.575+0000] {logging_mixin.py:149} INFO - [2023-10-28T08:18:35.574+0000] {dag.py:3486} INFO - Setting next_dagrun for example_dynamic_task_mapping to 2022-03-04T00:00:00+00:00, run_after=2022-03-05T00:00:00+00:00
[2023-10-28T08:18:35.642+0000] {processor.py:178} INFO - Processing /usr/local/lib/python3.10/dist-packages/airflow/example_dags/example_dynamic_task_mapping.py took 0.292 seconds
[2023-10-28T08:19:06.005+0000] {processor.py:156} INFO - Started process (PID=1502349) to work on /usr/local/lib/python3.10/dist-packages/airflow/example_dags/example_dynamic_task_mapping.py
[2023-10-28T08:19:06.042+0000] {processor.py:799} INFO - Processing file /usr/local/lib/python3.10/dist-packages/airflow/example_dags/example_dynamic_task_mapping.py for tasks to queue
[2023-10-28T08:19:06.044+0000] {logging_mixin.py:149} INFO - [2023-10-28T08:19:06.043+0000] {dagbag.py:541} INFO - Filling up the DagBag from /usr/local/lib/python3.10/dist-packages/airflow/example_dags/example_dynamic_task_mapping.py
[2023-10-28T08:19:06.060+0000] {processor.py:809} INFO - DAG(s) dict_keys(['example_dynamic_task_mapping']) retrieved from /usr/local/lib/python3.10/dist-packages/airflow/example_dags/example_dynamic_task_mapping.py
[2023-10-28T08:19:06.141+0000] {logging_mixin.py:149} INFO - [2023-10-28T08:19:06.140+0000] {dag.py:2726} INFO - Sync 1 DAGs
[2023-10-28T08:19:06.216+0000] {logging_mixin.py:149} INFO - [2023-10-28T08:19:06.215+0000] {dag.py:3486} INFO - Setting next_dagrun for example_dynamic_task_mapping to 2022-03-04T00:00:00+00:00, run_after=2022-03-05T00:00:00+00:00
[2023-10-28T08:19:06.328+0000] {processor.py:178} INFO - Processing /usr/local/lib/python3.10/dist-packages/airflow/example_dags/example_dynamic_task_mapping.py took 0.330 seconds
[2023-10-28T08:19:36.948+0000] {processor.py:156} INFO - Started process (PID=1502719) to work on /usr/local/lib/python3.10/dist-packages/airflow/example_dags/example_dynamic_task_mapping.py
[2023-10-28T08:19:36.987+0000] {processor.py:799} INFO - Processing file /usr/local/lib/python3.10/dist-packages/airflow/example_dags/example_dynamic_task_mapping.py for tasks to queue
[2023-10-28T08:19:36.989+0000] {logging_mixin.py:149} INFO - [2023-10-28T08:19:36.989+0000] {dagbag.py:541} INFO - Filling up the DagBag from /usr/local/lib/python3.10/dist-packages/airflow/example_dags/example_dynamic_task_mapping.py
[2023-10-28T08:19:37.005+0000] {processor.py:809} INFO - DAG(s) dict_keys(['example_dynamic_task_mapping']) retrieved from /usr/local/lib/python3.10/dist-packages/airflow/example_dags/example_dynamic_task_mapping.py
[2023-10-28T08:19:37.082+0000] {logging_mixin.py:149} INFO - [2023-10-28T08:19:37.081+0000] {dag.py:2726} INFO - Sync 1 DAGs
[2023-10-28T08:19:37.157+0000] {logging_mixin.py:149} INFO - [2023-10-28T08:19:37.156+0000] {dag.py:3486} INFO - Setting next_dagrun for example_dynamic_task_mapping to 2022-03-04T00:00:00+00:00, run_after=2022-03-05T00:00:00+00:00
[2023-10-28T08:19:37.257+0000] {processor.py:178} INFO - Processing /usr/local/lib/python3.10/dist-packages/airflow/example_dags/example_dynamic_task_mapping.py took 0.316 seconds
[2023-10-28T08:20:07.838+0000] {processor.py:156} INFO - Started process (PID=1503102) to work on /usr/local/lib/python3.10/dist-packages/airflow/example_dags/example_dynamic_task_mapping.py
[2023-10-28T08:20:07.873+0000] {processor.py:799} INFO - Processing file /usr/local/lib/python3.10/dist-packages/airflow/example_dags/example_dynamic_task_mapping.py for tasks to queue
[2023-10-28T08:20:07.875+0000] {logging_mixin.py:149} INFO - [2023-10-28T08:20:07.874+0000] {dagbag.py:541} INFO - Filling up the DagBag from /usr/local/lib/python3.10/dist-packages/airflow/example_dags/example_dynamic_task_mapping.py
[2023-10-28T08:20:07.891+0000] {processor.py:809} INFO - DAG(s) dict_keys(['example_dynamic_task_mapping']) retrieved from /usr/local/lib/python3.10/dist-packages/airflow/example_dags/example_dynamic_task_mapping.py
[2023-10-28T08:20:07.973+0000] {logging_mixin.py:149} INFO - [2023-10-28T08:20:07.972+0000] {dag.py:2726} INFO - Sync 1 DAGs
[2023-10-28T08:20:08.047+0000] {logging_mixin.py:149} INFO - [2023-10-28T08:20:08.046+0000] {dag.py:3486} INFO - Setting next_dagrun for example_dynamic_task_mapping to 2022-03-04T00:00:00+00:00, run_after=2022-03-05T00:00:00+00:00
[2023-10-28T08:20:08.154+0000] {processor.py:178} INFO - Processing /usr/local/lib/python3.10/dist-packages/airflow/example_dags/example_dynamic_task_mapping.py took 0.322 seconds
[2023-10-28T08:20:38.614+0000] {processor.py:156} INFO - Started process (PID=1503588) to work on /usr/local/lib/python3.10/dist-packages/airflow/example_dags/example_dynamic_task_mapping.py
[2023-10-28T08:20:38.651+0000] {processor.py:799} INFO - Processing file /usr/local/lib/python3.10/dist-packages/airflow/example_dags/example_dynamic_task_mapping.py for tasks to queue
[2023-10-28T08:20:38.653+0000] {logging_mixin.py:149} INFO - [2023-10-28T08:20:38.653+0000] {dagbag.py:541} INFO - Filling up the DagBag from /usr/local/lib/python3.10/dist-packages/airflow/example_dags/example_dynamic_task_mapping.py
[2023-10-28T08:20:38.669+0000] {processor.py:809} INFO - DAG(s) dict_keys(['example_dynamic_task_mapping']) retrieved from /usr/local/lib/python3.10/dist-packages/airflow/example_dags/example_dynamic_task_mapping.py
[2023-10-28T08:20:38.758+0000] {logging_mixin.py:149} INFO - [2023-10-28T08:20:38.757+0000] {dag.py:2726} INFO - Sync 1 DAGs
[2023-10-28T08:20:38.833+0000] {logging_mixin.py:149} INFO - [2023-10-28T08:20:38.833+0000] {dag.py:3486} INFO - Setting next_dagrun for example_dynamic_task_mapping to 2022-03-04T00:00:00+00:00, run_after=2022-03-05T00:00:00+00:00
[2023-10-28T08:20:38.939+0000] {processor.py:178} INFO - Processing /usr/local/lib/python3.10/dist-packages/airflow/example_dags/example_dynamic_task_mapping.py took 0.332 seconds
[2023-10-28T08:21:09.190+0000] {processor.py:156} INFO - Started process (PID=1504043) to work on /usr/local/lib/python3.10/dist-packages/airflow/example_dags/example_dynamic_task_mapping.py
[2023-10-28T08:21:09.191+0000] {processor.py:799} INFO - Processing file /usr/local/lib/python3.10/dist-packages/airflow/example_dags/example_dynamic_task_mapping.py for tasks to queue
[2023-10-28T08:21:09.193+0000] {logging_mixin.py:149} INFO - [2023-10-28T08:21:09.193+0000] {dagbag.py:541} INFO - Filling up the DagBag from /usr/local/lib/python3.10/dist-packages/airflow/example_dags/example_dynamic_task_mapping.py
[2023-10-28T08:21:09.210+0000] {processor.py:809} INFO - DAG(s) dict_keys(['example_dynamic_task_mapping']) retrieved from /usr/local/lib/python3.10/dist-packages/airflow/example_dags/example_dynamic_task_mapping.py
[2023-10-28T08:21:09.286+0000] {logging_mixin.py:149} INFO - [2023-10-28T08:21:09.285+0000] {dag.py:2726} INFO - Sync 1 DAGs
[2023-10-28T08:21:09.370+0000] {logging_mixin.py:149} INFO - [2023-10-28T08:21:09.370+0000] {dag.py:3486} INFO - Setting next_dagrun for example_dynamic_task_mapping to 2022-03-04T00:00:00+00:00, run_after=2022-03-05T00:00:00+00:00
[2023-10-28T08:21:09.442+0000] {processor.py:178} INFO - Processing /usr/local/lib/python3.10/dist-packages/airflow/example_dags/example_dynamic_task_mapping.py took 0.260 seconds
[2023-10-28T08:21:39.855+0000] {processor.py:156} INFO - Started process (PID=1504782) to work on /usr/local/lib/python3.10/dist-packages/airflow/example_dags/example_dynamic_task_mapping.py
[2023-10-28T08:21:39.893+0000] {processor.py:799} INFO - Processing file /usr/local/lib/python3.10/dist-packages/airflow/example_dags/example_dynamic_task_mapping.py for tasks to queue
[2023-10-28T08:21:39.895+0000] {logging_mixin.py:149} INFO - [2023-10-28T08:21:39.895+0000] {dagbag.py:541} INFO - Filling up the DagBag from /usr/local/lib/python3.10/dist-packages/airflow/example_dags/example_dynamic_task_mapping.py
[2023-10-28T08:21:39.913+0000] {processor.py:809} INFO - DAG(s) dict_keys(['example_dynamic_task_mapping']) retrieved from /usr/local/lib/python3.10/dist-packages/airflow/example_dags/example_dynamic_task_mapping.py
[2023-10-28T08:21:40.003+0000] {logging_mixin.py:149} INFO - [2023-10-28T08:21:40.002+0000] {dag.py:2726} INFO - Sync 1 DAGs
[2023-10-28T08:21:40.078+0000] {logging_mixin.py:149} INFO - [2023-10-28T08:21:40.078+0000] {dag.py:3486} INFO - Setting next_dagrun for example_dynamic_task_mapping to 2022-03-04T00:00:00+00:00, run_after=2022-03-05T00:00:00+00:00
[2023-10-28T08:21:40.188+0000] {processor.py:178} INFO - Processing /usr/local/lib/python3.10/dist-packages/airflow/example_dags/example_dynamic_task_mapping.py took 0.340 seconds
[2023-10-28T08:22:10.686+0000] {processor.py:156} INFO - Started process (PID=1505499) to work on /usr/local/lib/python3.10/dist-packages/airflow/example_dags/example_dynamic_task_mapping.py
[2023-10-28T08:22:10.723+0000] {processor.py:799} INFO - Processing file /usr/local/lib/python3.10/dist-packages/airflow/example_dags/example_dynamic_task_mapping.py for tasks to queue
[2023-10-28T08:22:10.725+0000] {logging_mixin.py:149} INFO - [2023-10-28T08:22:10.725+0000] {dagbag.py:541} INFO - Filling up the DagBag from /usr/local/lib/python3.10/dist-packages/airflow/example_dags/example_dynamic_task_mapping.py
[2023-10-28T08:22:10.741+0000] {processor.py:809} INFO - DAG(s) dict_keys(['example_dynamic_task_mapping']) retrieved from /usr/local/lib/python3.10/dist-packages/airflow/example_dags/example_dynamic_task_mapping.py
[2023-10-28T08:22:10.819+0000] {logging_mixin.py:149} INFO - [2023-10-28T08:22:10.818+0000] {dag.py:2726} INFO - Sync 1 DAGs
[2023-10-28T08:22:10.891+0000] {logging_mixin.py:149} INFO - [2023-10-28T08:22:10.891+0000] {dag.py:3486} INFO - Setting next_dagrun for example_dynamic_task_mapping to 2022-03-04T00:00:00+00:00, run_after=2022-03-05T00:00:00+00:00
[2023-10-28T08:22:10.993+0000] {processor.py:178} INFO - Processing /usr/local/lib/python3.10/dist-packages/airflow/example_dags/example_dynamic_task_mapping.py took 0.314 seconds
[2023-10-28T08:22:41.125+0000] {processor.py:156} INFO - Started process (PID=1506077) to work on /usr/local/lib/python3.10/dist-packages/airflow/example_dags/example_dynamic_task_mapping.py
[2023-10-28T08:22:41.164+0000] {processor.py:799} INFO - Processing file /usr/local/lib/python3.10/dist-packages/airflow/example_dags/example_dynamic_task_mapping.py for tasks to queue
[2023-10-28T08:22:41.166+0000] {logging_mixin.py:149} INFO - [2023-10-28T08:22:41.165+0000] {dagbag.py:541} INFO - Filling up the DagBag from /usr/local/lib/python3.10/dist-packages/airflow/example_dags/example_dynamic_task_mapping.py
[2023-10-28T08:22:41.182+0000] {processor.py:809} INFO - DAG(s) dict_keys(['example_dynamic_task_mapping']) retrieved from /usr/local/lib/python3.10/dist-packages/airflow/example_dags/example_dynamic_task_mapping.py
[2023-10-28T08:22:41.261+0000] {logging_mixin.py:149} INFO - [2023-10-28T08:22:41.261+0000] {dag.py:2726} INFO - Sync 1 DAGs
[2023-10-28T08:22:41.334+0000] {logging_mixin.py:149} INFO - [2023-10-28T08:22:41.334+0000] {dag.py:3486} INFO - Setting next_dagrun for example_dynamic_task_mapping to 2022-03-04T00:00:00+00:00, run_after=2022-03-05T00:00:00+00:00
[2023-10-28T08:22:41.439+0000] {processor.py:178} INFO - Processing /usr/local/lib/python3.10/dist-packages/airflow/example_dags/example_dynamic_task_mapping.py took 0.323 seconds
[2023-10-28T08:23:11.950+0000] {processor.py:156} INFO - Started process (PID=1506491) to work on /usr/local/lib/python3.10/dist-packages/airflow/example_dags/example_dynamic_task_mapping.py
[2023-10-28T08:23:11.951+0000] {processor.py:799} INFO - Processing file /usr/local/lib/python3.10/dist-packages/airflow/example_dags/example_dynamic_task_mapping.py for tasks to queue
[2023-10-28T08:23:11.953+0000] {logging_mixin.py:149} INFO - [2023-10-28T08:23:11.953+0000] {dagbag.py:541} INFO - Filling up the DagBag from /usr/local/lib/python3.10/dist-packages/airflow/example_dags/example_dynamic_task_mapping.py
[2023-10-28T08:23:11.970+0000] {processor.py:809} INFO - DAG(s) dict_keys(['example_dynamic_task_mapping']) retrieved from /usr/local/lib/python3.10/dist-packages/airflow/example_dags/example_dynamic_task_mapping.py
[2023-10-28T08:23:12.049+0000] {logging_mixin.py:149} INFO - [2023-10-28T08:23:12.048+0000] {dag.py:2726} INFO - Sync 1 DAGs
[2023-10-28T08:23:12.123+0000] {logging_mixin.py:149} INFO - [2023-10-28T08:23:12.123+0000] {dag.py:3486} INFO - Setting next_dagrun for example_dynamic_task_mapping to 2022-03-04T00:00:00+00:00, run_after=2022-03-05T00:00:00+00:00
[2023-10-28T08:23:12.235+0000] {processor.py:178} INFO - Processing /usr/local/lib/python3.10/dist-packages/airflow/example_dags/example_dynamic_task_mapping.py took 0.292 seconds
[2023-10-28T08:23:42.517+0000] {processor.py:156} INFO - Started process (PID=1507003) to work on /usr/local/lib/python3.10/dist-packages/airflow/example_dags/example_dynamic_task_mapping.py
[2023-10-28T08:23:42.554+0000] {processor.py:799} INFO - Processing file /usr/local/lib/python3.10/dist-packages/airflow/example_dags/example_dynamic_task_mapping.py for tasks to queue
[2023-10-28T08:23:42.556+0000] {logging_mixin.py:149} INFO - [2023-10-28T08:23:42.556+0000] {dagbag.py:541} INFO - Filling up the DagBag from /usr/local/lib/python3.10/dist-packages/airflow/example_dags/example_dynamic_task_mapping.py
[2023-10-28T08:23:42.572+0000] {processor.py:809} INFO - DAG(s) dict_keys(['example_dynamic_task_mapping']) retrieved from /usr/local/lib/python3.10/dist-packages/airflow/example_dags/example_dynamic_task_mapping.py
[2023-10-28T08:23:42.652+0000] {logging_mixin.py:149} INFO - [2023-10-28T08:23:42.651+0000] {dag.py:2726} INFO - Sync 1 DAGs
[2023-10-28T08:23:42.735+0000] {logging_mixin.py:149} INFO - [2023-10-28T08:23:42.735+0000] {dag.py:3486} INFO - Setting next_dagrun for example_dynamic_task_mapping to 2022-03-04T00:00:00+00:00, run_after=2022-03-05T00:00:00+00:00
[2023-10-28T08:23:42.804+0000] {processor.py:178} INFO - Processing /usr/local/lib/python3.10/dist-packages/airflow/example_dags/example_dynamic_task_mapping.py took 0.294 seconds
[2023-10-28T08:24:13.387+0000] {processor.py:156} INFO - Started process (PID=1507564) to work on /usr/local/lib/python3.10/dist-packages/airflow/example_dags/example_dynamic_task_mapping.py
[2023-10-28T08:24:13.429+0000] {processor.py:799} INFO - Processing file /usr/local/lib/python3.10/dist-packages/airflow/example_dags/example_dynamic_task_mapping.py for tasks to queue
[2023-10-28T08:24:13.431+0000] {logging_mixin.py:149} INFO - [2023-10-28T08:24:13.430+0000] {dagbag.py:541} INFO - Filling up the DagBag from /usr/local/lib/python3.10/dist-packages/airflow/example_dags/example_dynamic_task_mapping.py
[2023-10-28T08:24:13.447+0000] {processor.py:809} INFO - DAG(s) dict_keys(['example_dynamic_task_mapping']) retrieved from /usr/local/lib/python3.10/dist-packages/airflow/example_dags/example_dynamic_task_mapping.py
[2023-10-28T08:24:13.534+0000] {logging_mixin.py:149} INFO - [2023-10-28T08:24:13.533+0000] {dag.py:2726} INFO - Sync 1 DAGs
[2023-10-28T08:24:13.611+0000] {logging_mixin.py:149} INFO - [2023-10-28T08:24:13.611+0000] {dag.py:3486} INFO - Setting next_dagrun for example_dynamic_task_mapping to 2022-03-04T00:00:00+00:00, run_after=2022-03-05T00:00:00+00:00
[2023-10-28T08:24:13.713+0000] {processor.py:178} INFO - Processing /usr/local/lib/python3.10/dist-packages/airflow/example_dags/example_dynamic_task_mapping.py took 0.333 seconds
[2023-10-28T08:24:43.900+0000] {processor.py:156} INFO - Started process (PID=1508095) to work on /usr/local/lib/python3.10/dist-packages/airflow/example_dags/example_dynamic_task_mapping.py
[2023-10-28T08:24:43.936+0000] {processor.py:799} INFO - Processing file /usr/local/lib/python3.10/dist-packages/airflow/example_dags/example_dynamic_task_mapping.py for tasks to queue
[2023-10-28T08:24:43.938+0000] {logging_mixin.py:149} INFO - [2023-10-28T08:24:43.938+0000] {dagbag.py:541} INFO - Filling up the DagBag from /usr/local/lib/python3.10/dist-packages/airflow/example_dags/example_dynamic_task_mapping.py
[2023-10-28T08:24:43.954+0000] {processor.py:809} INFO - DAG(s) dict_keys(['example_dynamic_task_mapping']) retrieved from /usr/local/lib/python3.10/dist-packages/airflow/example_dags/example_dynamic_task_mapping.py
[2023-10-28T08:24:44.033+0000] {logging_mixin.py:149} INFO - [2023-10-28T08:24:44.032+0000] {dag.py:2726} INFO - Sync 1 DAGs
[2023-10-28T08:24:44.105+0000] {logging_mixin.py:149} INFO - [2023-10-28T08:24:44.105+0000] {dag.py:3486} INFO - Setting next_dagrun for example_dynamic_task_mapping to 2022-03-04T00:00:00+00:00, run_after=2022-03-05T00:00:00+00:00
[2023-10-28T08:24:44.215+0000] {processor.py:178} INFO - Processing /usr/local/lib/python3.10/dist-packages/airflow/example_dags/example_dynamic_task_mapping.py took 0.322 seconds
[2023-10-28T08:25:14.482+0000] {processor.py:156} INFO - Started process (PID=1508629) to work on /usr/local/lib/python3.10/dist-packages/airflow/example_dags/example_dynamic_task_mapping.py
[2023-10-28T08:25:14.520+0000] {processor.py:799} INFO - Processing file /usr/local/lib/python3.10/dist-packages/airflow/example_dags/example_dynamic_task_mapping.py for tasks to queue
[2023-10-28T08:25:14.522+0000] {logging_mixin.py:149} INFO - [2023-10-28T08:25:14.522+0000] {dagbag.py:541} INFO - Filling up the DagBag from /usr/local/lib/python3.10/dist-packages/airflow/example_dags/example_dynamic_task_mapping.py
[2023-10-28T08:25:14.539+0000] {processor.py:809} INFO - DAG(s) dict_keys(['example_dynamic_task_mapping']) retrieved from /usr/local/lib/python3.10/dist-packages/airflow/example_dags/example_dynamic_task_mapping.py
[2023-10-28T08:25:14.619+0000] {logging_mixin.py:149} INFO - [2023-10-28T08:25:14.618+0000] {dag.py:2726} INFO - Sync 1 DAGs
[2023-10-28T08:25:14.693+0000] {logging_mixin.py:149} INFO - [2023-10-28T08:25:14.693+0000] {dag.py:3486} INFO - Setting next_dagrun for example_dynamic_task_mapping to 2022-03-04T00:00:00+00:00, run_after=2022-03-05T00:00:00+00:00
[2023-10-28T08:25:14.796+0000] {processor.py:178} INFO - Processing /usr/local/lib/python3.10/dist-packages/airflow/example_dags/example_dynamic_task_mapping.py took 0.321 seconds
[2023-10-28T08:25:45.016+0000] {processor.py:156} INFO - Started process (PID=1509338) to work on /usr/local/lib/python3.10/dist-packages/airflow/example_dags/example_dynamic_task_mapping.py
[2023-10-28T08:25:45.061+0000] {processor.py:799} INFO - Processing file /usr/local/lib/python3.10/dist-packages/airflow/example_dags/example_dynamic_task_mapping.py for tasks to queue
[2023-10-28T08:25:45.062+0000] {logging_mixin.py:149} INFO - [2023-10-28T08:25:45.062+0000] {dagbag.py:541} INFO - Filling up the DagBag from /usr/local/lib/python3.10/dist-packages/airflow/example_dags/example_dynamic_task_mapping.py
[2023-10-28T08:25:45.079+0000] {processor.py:809} INFO - DAG(s) dict_keys(['example_dynamic_task_mapping']) retrieved from /usr/local/lib/python3.10/dist-packages/airflow/example_dags/example_dynamic_task_mapping.py
[2023-10-28T08:25:45.168+0000] {logging_mixin.py:149} INFO - [2023-10-28T08:25:45.168+0000] {dag.py:2726} INFO - Sync 1 DAGs
[2023-10-28T08:25:45.249+0000] {logging_mixin.py:149} INFO - [2023-10-28T08:25:45.248+0000] {dag.py:3486} INFO - Setting next_dagrun for example_dynamic_task_mapping to 2022-03-04T00:00:00+00:00, run_after=2022-03-05T00:00:00+00:00
[2023-10-28T08:25:45.355+0000] {processor.py:178} INFO - Processing /usr/local/lib/python3.10/dist-packages/airflow/example_dags/example_dynamic_task_mapping.py took 0.347 seconds
[2023-10-28T08:26:15.629+0000] {processor.py:156} INFO - Started process (PID=1509717) to work on /usr/local/lib/python3.10/dist-packages/airflow/example_dags/example_dynamic_task_mapping.py
[2023-10-28T08:26:15.669+0000] {processor.py:799} INFO - Processing file /usr/local/lib/python3.10/dist-packages/airflow/example_dags/example_dynamic_task_mapping.py for tasks to queue
[2023-10-28T08:26:15.670+0000] {logging_mixin.py:149} INFO - [2023-10-28T08:26:15.670+0000] {dagbag.py:541} INFO - Filling up the DagBag from /usr/local/lib/python3.10/dist-packages/airflow/example_dags/example_dynamic_task_mapping.py
[2023-10-28T08:26:15.686+0000] {processor.py:809} INFO - DAG(s) dict_keys(['example_dynamic_task_mapping']) retrieved from /usr/local/lib/python3.10/dist-packages/airflow/example_dags/example_dynamic_task_mapping.py
[2023-10-28T08:26:15.766+0000] {logging_mixin.py:149} INFO - [2023-10-28T08:26:15.765+0000] {dag.py:2726} INFO - Sync 1 DAGs
[2023-10-28T08:26:15.840+0000] {logging_mixin.py:149} INFO - [2023-10-28T08:26:15.839+0000] {dag.py:3486} INFO - Setting next_dagrun for example_dynamic_task_mapping to 2022-03-04T00:00:00+00:00, run_after=2022-03-05T00:00:00+00:00
[2023-10-28T08:26:15.939+0000] {processor.py:178} INFO - Processing /usr/local/lib/python3.10/dist-packages/airflow/example_dags/example_dynamic_task_mapping.py took 0.317 seconds
[2023-10-28T08:26:46.267+0000] {processor.py:156} INFO - Started process (PID=1510072) to work on /usr/local/lib/python3.10/dist-packages/airflow/example_dags/example_dynamic_task_mapping.py
[2023-10-28T08:26:46.301+0000] {processor.py:799} INFO - Processing file /usr/local/lib/python3.10/dist-packages/airflow/example_dags/example_dynamic_task_mapping.py for tasks to queue
[2023-10-28T08:26:46.303+0000] {logging_mixin.py:149} INFO - [2023-10-28T08:26:46.303+0000] {dagbag.py:541} INFO - Filling up the DagBag from /usr/local/lib/python3.10/dist-packages/airflow/example_dags/example_dynamic_task_mapping.py
[2023-10-28T08:26:46.319+0000] {processor.py:809} INFO - DAG(s) dict_keys(['example_dynamic_task_mapping']) retrieved from /usr/local/lib/python3.10/dist-packages/airflow/example_dags/example_dynamic_task_mapping.py
[2023-10-28T08:26:46.400+0000] {logging_mixin.py:149} INFO - [2023-10-28T08:26:46.399+0000] {dag.py:2726} INFO - Sync 1 DAGs
[2023-10-28T08:26:46.478+0000] {logging_mixin.py:149} INFO - [2023-10-28T08:26:46.477+0000] {dag.py:3486} INFO - Setting next_dagrun for example_dynamic_task_mapping to 2022-03-04T00:00:00+00:00, run_after=2022-03-05T00:00:00+00:00
[2023-10-28T08:26:46.580+0000] {processor.py:178} INFO - Processing /usr/local/lib/python3.10/dist-packages/airflow/example_dags/example_dynamic_task_mapping.py took 0.321 seconds
[2023-10-28T08:27:16.980+0000] {processor.py:156} INFO - Started process (PID=1510652) to work on /usr/local/lib/python3.10/dist-packages/airflow/example_dags/example_dynamic_task_mapping.py
[2023-10-28T08:27:17.021+0000] {processor.py:799} INFO - Processing file /usr/local/lib/python3.10/dist-packages/airflow/example_dags/example_dynamic_task_mapping.py for tasks to queue
[2023-10-28T08:27:17.023+0000] {logging_mixin.py:149} INFO - [2023-10-28T08:27:17.022+0000] {dagbag.py:541} INFO - Filling up the DagBag from /usr/local/lib/python3.10/dist-packages/airflow/example_dags/example_dynamic_task_mapping.py
[2023-10-28T08:27:17.040+0000] {processor.py:809} INFO - DAG(s) dict_keys(['example_dynamic_task_mapping']) retrieved from /usr/local/lib/python3.10/dist-packages/airflow/example_dags/example_dynamic_task_mapping.py
[2023-10-28T08:27:17.125+0000] {logging_mixin.py:149} INFO - [2023-10-28T08:27:17.124+0000] {dag.py:2726} INFO - Sync 1 DAGs
[2023-10-28T08:27:17.200+0000] {logging_mixin.py:149} INFO - [2023-10-28T08:27:17.200+0000] {dag.py:3486} INFO - Setting next_dagrun for example_dynamic_task_mapping to 2022-03-04T00:00:00+00:00, run_after=2022-03-05T00:00:00+00:00
[2023-10-28T08:27:17.302+0000] {processor.py:178} INFO - Processing /usr/local/lib/python3.10/dist-packages/airflow/example_dags/example_dynamic_task_mapping.py took 0.330 seconds
[2023-10-28T08:27:47.630+0000] {processor.py:156} INFO - Started process (PID=1511007) to work on /usr/local/lib/python3.10/dist-packages/airflow/example_dags/example_dynamic_task_mapping.py
[2023-10-28T08:27:47.680+0000] {processor.py:799} INFO - Processing file /usr/local/lib/python3.10/dist-packages/airflow/example_dags/example_dynamic_task_mapping.py for tasks to queue
[2023-10-28T08:27:47.682+0000] {logging_mixin.py:149} INFO - [2023-10-28T08:27:47.682+0000] {dagbag.py:541} INFO - Filling up the DagBag from /usr/local/lib/python3.10/dist-packages/airflow/example_dags/example_dynamic_task_mapping.py
[2023-10-28T08:27:47.698+0000] {processor.py:809} INFO - DAG(s) dict_keys(['example_dynamic_task_mapping']) retrieved from /usr/local/lib/python3.10/dist-packages/airflow/example_dags/example_dynamic_task_mapping.py
[2023-10-28T08:27:47.784+0000] {logging_mixin.py:149} INFO - [2023-10-28T08:27:47.784+0000] {dag.py:2726} INFO - Sync 1 DAGs
[2023-10-28T08:27:47.867+0000] {logging_mixin.py:149} INFO - [2023-10-28T08:27:47.867+0000] {dag.py:3486} INFO - Setting next_dagrun for example_dynamic_task_mapping to 2022-03-04T00:00:00+00:00, run_after=2022-03-05T00:00:00+00:00
[2023-10-28T08:27:47.931+0000] {processor.py:178} INFO - Processing /usr/local/lib/python3.10/dist-packages/airflow/example_dags/example_dynamic_task_mapping.py took 0.309 seconds
[2023-10-28T08:28:18.167+0000] {processor.py:156} INFO - Started process (PID=1511391) to work on /usr/local/lib/python3.10/dist-packages/airflow/example_dags/example_dynamic_task_mapping.py
[2023-10-28T08:28:18.208+0000] {processor.py:799} INFO - Processing file /usr/local/lib/python3.10/dist-packages/airflow/example_dags/example_dynamic_task_mapping.py for tasks to queue
[2023-10-28T08:28:18.210+0000] {logging_mixin.py:149} INFO - [2023-10-28T08:28:18.209+0000] {dagbag.py:541} INFO - Filling up the DagBag from /usr/local/lib/python3.10/dist-packages/airflow/example_dags/example_dynamic_task_mapping.py
[2023-10-28T08:28:18.231+0000] {processor.py:809} INFO - DAG(s) dict_keys(['example_dynamic_task_mapping']) retrieved from /usr/local/lib/python3.10/dist-packages/airflow/example_dags/example_dynamic_task_mapping.py
[2023-10-28T08:28:18.340+0000] {logging_mixin.py:149} INFO - [2023-10-28T08:28:18.340+0000] {dag.py:2726} INFO - Sync 1 DAGs
[2023-10-28T08:28:18.414+0000] {logging_mixin.py:149} INFO - [2023-10-28T08:28:18.414+0000] {dag.py:3486} INFO - Setting next_dagrun for example_dynamic_task_mapping to 2022-03-04T00:00:00+00:00, run_after=2022-03-05T00:00:00+00:00
[2023-10-28T08:28:18.516+0000] {processor.py:178} INFO - Processing /usr/local/lib/python3.10/dist-packages/airflow/example_dags/example_dynamic_task_mapping.py took 0.357 seconds
[2023-10-28T08:28:48.587+0000] {processor.py:156} INFO - Started process (PID=1511747) to work on /usr/local/lib/python3.10/dist-packages/airflow/example_dags/example_dynamic_task_mapping.py
[2023-10-28T08:28:48.624+0000] {processor.py:799} INFO - Processing file /usr/local/lib/python3.10/dist-packages/airflow/example_dags/example_dynamic_task_mapping.py for tasks to queue
[2023-10-28T08:28:48.626+0000] {logging_mixin.py:149} INFO - [2023-10-28T08:28:48.626+0000] {dagbag.py:541} INFO - Filling up the DagBag from /usr/local/lib/python3.10/dist-packages/airflow/example_dags/example_dynamic_task_mapping.py
[2023-10-28T08:28:48.643+0000] {processor.py:809} INFO - DAG(s) dict_keys(['example_dynamic_task_mapping']) retrieved from /usr/local/lib/python3.10/dist-packages/airflow/example_dags/example_dynamic_task_mapping.py
[2023-10-28T08:28:48.733+0000] {logging_mixin.py:149} INFO - [2023-10-28T08:28:48.733+0000] {dag.py:2726} INFO - Sync 1 DAGs
[2023-10-28T08:28:48.830+0000] {logging_mixin.py:149} INFO - [2023-10-28T08:28:48.829+0000] {dag.py:3486} INFO - Setting next_dagrun for example_dynamic_task_mapping to 2022-03-04T00:00:00+00:00, run_after=2022-03-05T00:00:00+00:00
[2023-10-28T08:28:48.946+0000] {processor.py:178} INFO - Processing /usr/local/lib/python3.10/dist-packages/airflow/example_dags/example_dynamic_task_mapping.py took 0.367 seconds
[2023-10-28T08:29:19.320+0000] {processor.py:156} INFO - Started process (PID=1512161) to work on /usr/local/lib/python3.10/dist-packages/airflow/example_dags/example_dynamic_task_mapping.py
[2023-10-28T08:29:19.373+0000] {processor.py:799} INFO - Processing file /usr/local/lib/python3.10/dist-packages/airflow/example_dags/example_dynamic_task_mapping.py for tasks to queue
[2023-10-28T08:29:19.376+0000] {logging_mixin.py:149} INFO - [2023-10-28T08:29:19.375+0000] {dagbag.py:541} INFO - Filling up the DagBag from /usr/local/lib/python3.10/dist-packages/airflow/example_dags/example_dynamic_task_mapping.py
[2023-10-28T08:29:19.391+0000] {processor.py:809} INFO - DAG(s) dict_keys(['example_dynamic_task_mapping']) retrieved from /usr/local/lib/python3.10/dist-packages/airflow/example_dags/example_dynamic_task_mapping.py
[2023-10-28T08:29:19.466+0000] {logging_mixin.py:149} INFO - [2023-10-28T08:29:19.465+0000] {dag.py:2726} INFO - Sync 1 DAGs
[2023-10-28T08:29:19.538+0000] {logging_mixin.py:149} INFO - [2023-10-28T08:29:19.538+0000] {dag.py:3486} INFO - Setting next_dagrun for example_dynamic_task_mapping to 2022-03-04T00:00:00+00:00, run_after=2022-03-05T00:00:00+00:00
[2023-10-28T08:29:19.615+0000] {processor.py:178} INFO - Processing /usr/local/lib/python3.10/dist-packages/airflow/example_dags/example_dynamic_task_mapping.py took 0.301 seconds
[2023-10-28T08:29:49.849+0000] {processor.py:156} INFO - Started process (PID=1512514) to work on /usr/local/lib/python3.10/dist-packages/airflow/example_dags/example_dynamic_task_mapping.py
[2023-10-28T08:29:49.852+0000] {processor.py:799} INFO - Processing file /usr/local/lib/python3.10/dist-packages/airflow/example_dags/example_dynamic_task_mapping.py for tasks to queue
[2023-10-28T08:29:49.854+0000] {logging_mixin.py:149} INFO - [2023-10-28T08:29:49.854+0000] {dagbag.py:541} INFO - Filling up the DagBag from /usr/local/lib/python3.10/dist-packages/airflow/example_dags/example_dynamic_task_mapping.py
[2023-10-28T08:29:49.871+0000] {processor.py:809} INFO - DAG(s) dict_keys(['example_dynamic_task_mapping']) retrieved from /usr/local/lib/python3.10/dist-packages/airflow/example_dags/example_dynamic_task_mapping.py
[2023-10-28T08:29:49.949+0000] {logging_mixin.py:149} INFO - [2023-10-28T08:29:49.948+0000] {dag.py:2726} INFO - Sync 1 DAGs
[2023-10-28T08:29:50.026+0000] {logging_mixin.py:149} INFO - [2023-10-28T08:29:50.025+0000] {dag.py:3486} INFO - Setting next_dagrun for example_dynamic_task_mapping to 2022-03-04T00:00:00+00:00, run_after=2022-03-05T00:00:00+00:00
[2023-10-28T08:29:50.131+0000] {processor.py:178} INFO - Processing /usr/local/lib/python3.10/dist-packages/airflow/example_dags/example_dynamic_task_mapping.py took 0.290 seconds
[2023-10-28T08:30:20.741+0000] {processor.py:156} INFO - Started process (PID=1513053) to work on /usr/local/lib/python3.10/dist-packages/airflow/example_dags/example_dynamic_task_mapping.py
[2023-10-28T08:30:20.784+0000] {processor.py:799} INFO - Processing file /usr/local/lib/python3.10/dist-packages/airflow/example_dags/example_dynamic_task_mapping.py for tasks to queue
[2023-10-28T08:30:20.786+0000] {logging_mixin.py:149} INFO - [2023-10-28T08:30:20.786+0000] {dagbag.py:541} INFO - Filling up the DagBag from /usr/local/lib/python3.10/dist-packages/airflow/example_dags/example_dynamic_task_mapping.py
[2023-10-28T08:30:20.802+0000] {processor.py:809} INFO - DAG(s) dict_keys(['example_dynamic_task_mapping']) retrieved from /usr/local/lib/python3.10/dist-packages/airflow/example_dags/example_dynamic_task_mapping.py
[2023-10-28T08:30:20.889+0000] {logging_mixin.py:149} INFO - [2023-10-28T08:30:20.888+0000] {dag.py:2726} INFO - Sync 1 DAGs
[2023-10-28T08:30:20.962+0000] {logging_mixin.py:149} INFO - [2023-10-28T08:30:20.962+0000] {dag.py:3486} INFO - Setting next_dagrun for example_dynamic_task_mapping to 2022-03-04T00:00:00+00:00, run_after=2022-03-05T00:00:00+00:00
[2023-10-28T08:30:21.066+0000] {processor.py:178} INFO - Processing /usr/local/lib/python3.10/dist-packages/airflow/example_dags/example_dynamic_task_mapping.py took 0.333 seconds
[2023-10-28T08:30:51.392+0000] {processor.py:156} INFO - Started process (PID=1513513) to work on /usr/local/lib/python3.10/dist-packages/airflow/example_dags/example_dynamic_task_mapping.py
[2023-10-28T08:30:51.449+0000] {processor.py:799} INFO - Processing file /usr/local/lib/python3.10/dist-packages/airflow/example_dags/example_dynamic_task_mapping.py for tasks to queue
[2023-10-28T08:30:51.451+0000] {logging_mixin.py:149} INFO - [2023-10-28T08:30:51.450+0000] {dagbag.py:541} INFO - Filling up the DagBag from /usr/local/lib/python3.10/dist-packages/airflow/example_dags/example_dynamic_task_mapping.py
[2023-10-28T08:30:51.467+0000] {processor.py:809} INFO - DAG(s) dict_keys(['example_dynamic_task_mapping']) retrieved from /usr/local/lib/python3.10/dist-packages/airflow/example_dags/example_dynamic_task_mapping.py
[2023-10-28T08:30:51.544+0000] {logging_mixin.py:149} INFO - [2023-10-28T08:30:51.544+0000] {dag.py:2726} INFO - Sync 1 DAGs
[2023-10-28T08:30:51.620+0000] {logging_mixin.py:149} INFO - [2023-10-28T08:30:51.619+0000] {dag.py:3486} INFO - Setting next_dagrun for example_dynamic_task_mapping to 2022-03-04T00:00:00+00:00, run_after=2022-03-05T00:00:00+00:00
[2023-10-28T08:30:51.684+0000] {processor.py:178} INFO - Processing /usr/local/lib/python3.10/dist-packages/airflow/example_dags/example_dynamic_task_mapping.py took 0.299 seconds
[2023-10-28T08:31:21.886+0000] {processor.py:156} INFO - Started process (PID=1514015) to work on /usr/local/lib/python3.10/dist-packages/airflow/example_dags/example_dynamic_task_mapping.py
[2023-10-28T08:31:21.921+0000] {processor.py:799} INFO - Processing file /usr/local/lib/python3.10/dist-packages/airflow/example_dags/example_dynamic_task_mapping.py for tasks to queue
[2023-10-28T08:31:21.923+0000] {logging_mixin.py:149} INFO - [2023-10-28T08:31:21.922+0000] {dagbag.py:541} INFO - Filling up the DagBag from /usr/local/lib/python3.10/dist-packages/airflow/example_dags/example_dynamic_task_mapping.py
[2023-10-28T08:31:21.939+0000] {processor.py:809} INFO - DAG(s) dict_keys(['example_dynamic_task_mapping']) retrieved from /usr/local/lib/python3.10/dist-packages/airflow/example_dags/example_dynamic_task_mapping.py
[2023-10-28T08:31:22.021+0000] {logging_mixin.py:149} INFO - [2023-10-28T08:31:22.021+0000] {dag.py:2726} INFO - Sync 1 DAGs
[2023-10-28T08:31:22.096+0000] {logging_mixin.py:149} INFO - [2023-10-28T08:31:22.096+0000] {dag.py:3486} INFO - Setting next_dagrun for example_dynamic_task_mapping to 2022-03-04T00:00:00+00:00, run_after=2022-03-05T00:00:00+00:00
[2023-10-28T08:31:22.159+0000] {processor.py:178} INFO - Processing /usr/local/lib/python3.10/dist-packages/airflow/example_dags/example_dynamic_task_mapping.py took 0.280 seconds
[2023-10-28T08:31:52.629+0000] {processor.py:156} INFO - Started process (PID=1514659) to work on /usr/local/lib/python3.10/dist-packages/airflow/example_dags/example_dynamic_task_mapping.py
[2023-10-28T08:31:52.632+0000] {processor.py:799} INFO - Processing file /usr/local/lib/python3.10/dist-packages/airflow/example_dags/example_dynamic_task_mapping.py for tasks to queue
[2023-10-28T08:31:52.637+0000] {logging_mixin.py:149} INFO - [2023-10-28T08:31:52.636+0000] {dagbag.py:541} INFO - Filling up the DagBag from /usr/local/lib/python3.10/dist-packages/airflow/example_dags/example_dynamic_task_mapping.py
[2023-10-28T08:31:52.655+0000] {processor.py:809} INFO - DAG(s) dict_keys(['example_dynamic_task_mapping']) retrieved from /usr/local/lib/python3.10/dist-packages/airflow/example_dags/example_dynamic_task_mapping.py
[2023-10-28T08:31:52.734+0000] {logging_mixin.py:149} INFO - [2023-10-28T08:31:52.734+0000] {dag.py:2726} INFO - Sync 1 DAGs
[2023-10-28T08:31:52.839+0000] {logging_mixin.py:149} INFO - [2023-10-28T08:31:52.838+0000] {dag.py:3486} INFO - Setting next_dagrun for example_dynamic_task_mapping to 2022-03-04T00:00:00+00:00, run_after=2022-03-05T00:00:00+00:00
[2023-10-28T08:31:52.920+0000] {processor.py:178} INFO - Processing /usr/local/lib/python3.10/dist-packages/airflow/example_dags/example_dynamic_task_mapping.py took 0.299 seconds
[2023-10-28T08:32:23.765+0000] {processor.py:156} INFO - Started process (PID=1515257) to work on /usr/local/lib/python3.10/dist-packages/airflow/example_dags/example_dynamic_task_mapping.py
[2023-10-28T08:32:23.804+0000] {processor.py:799} INFO - Processing file /usr/local/lib/python3.10/dist-packages/airflow/example_dags/example_dynamic_task_mapping.py for tasks to queue
[2023-10-28T08:32:23.806+0000] {logging_mixin.py:149} INFO - [2023-10-28T08:32:23.805+0000] {dagbag.py:541} INFO - Filling up the DagBag from /usr/local/lib/python3.10/dist-packages/airflow/example_dags/example_dynamic_task_mapping.py
[2023-10-28T08:32:23.822+0000] {processor.py:809} INFO - DAG(s) dict_keys(['example_dynamic_task_mapping']) retrieved from /usr/local/lib/python3.10/dist-packages/airflow/example_dags/example_dynamic_task_mapping.py
[2023-10-28T08:32:23.899+0000] {logging_mixin.py:149} INFO - [2023-10-28T08:32:23.899+0000] {dag.py:2726} INFO - Sync 1 DAGs
[2023-10-28T08:32:23.974+0000] {logging_mixin.py:149} INFO - [2023-10-28T08:32:23.973+0000] {dag.py:3486} INFO - Setting next_dagrun for example_dynamic_task_mapping to 2022-03-04T00:00:00+00:00, run_after=2022-03-05T00:00:00+00:00
[2023-10-28T08:32:24.084+0000] {processor.py:178} INFO - Processing /usr/local/lib/python3.10/dist-packages/airflow/example_dags/example_dynamic_task_mapping.py took 0.326 seconds
[2023-10-28T08:32:54.618+0000] {processor.py:156} INFO - Started process (PID=1515881) to work on /usr/local/lib/python3.10/dist-packages/airflow/example_dags/example_dynamic_task_mapping.py
[2023-10-28T08:32:54.672+0000] {processor.py:799} INFO - Processing file /usr/local/lib/python3.10/dist-packages/airflow/example_dags/example_dynamic_task_mapping.py for tasks to queue
[2023-10-28T08:32:54.674+0000] {logging_mixin.py:149} INFO - [2023-10-28T08:32:54.674+0000] {dagbag.py:541} INFO - Filling up the DagBag from /usr/local/lib/python3.10/dist-packages/airflow/example_dags/example_dynamic_task_mapping.py
[2023-10-28T08:32:54.691+0000] {processor.py:809} INFO - DAG(s) dict_keys(['example_dynamic_task_mapping']) retrieved from /usr/local/lib/python3.10/dist-packages/airflow/example_dags/example_dynamic_task_mapping.py
[2023-10-28T08:32:54.773+0000] {logging_mixin.py:149} INFO - [2023-10-28T08:32:54.772+0000] {dag.py:2726} INFO - Sync 1 DAGs
[2023-10-28T08:32:54.850+0000] {logging_mixin.py:149} INFO - [2023-10-28T08:32:54.850+0000] {dag.py:3486} INFO - Setting next_dagrun for example_dynamic_task_mapping to 2022-03-04T00:00:00+00:00, run_after=2022-03-05T00:00:00+00:00
[2023-10-28T08:32:54.911+0000] {processor.py:178} INFO - Processing /usr/local/lib/python3.10/dist-packages/airflow/example_dags/example_dynamic_task_mapping.py took 0.299 seconds
[2023-10-28T08:33:25.158+0000] {processor.py:156} INFO - Started process (PID=1516264) to work on /usr/local/lib/python3.10/dist-packages/airflow/example_dags/example_dynamic_task_mapping.py
[2023-10-28T08:33:25.160+0000] {processor.py:799} INFO - Processing file /usr/local/lib/python3.10/dist-packages/airflow/example_dags/example_dynamic_task_mapping.py for tasks to queue
[2023-10-28T08:33:25.162+0000] {logging_mixin.py:149} INFO - [2023-10-28T08:33:25.161+0000] {dagbag.py:541} INFO - Filling up the DagBag from /usr/local/lib/python3.10/dist-packages/airflow/example_dags/example_dynamic_task_mapping.py
[2023-10-28T08:33:25.179+0000] {processor.py:809} INFO - DAG(s) dict_keys(['example_dynamic_task_mapping']) retrieved from /usr/local/lib/python3.10/dist-packages/airflow/example_dags/example_dynamic_task_mapping.py
[2023-10-28T08:33:25.263+0000] {logging_mixin.py:149} INFO - [2023-10-28T08:33:25.263+0000] {dag.py:2726} INFO - Sync 1 DAGs
[2023-10-28T08:33:25.339+0000] {logging_mixin.py:149} INFO - [2023-10-28T08:33:25.338+0000] {dag.py:3486} INFO - Setting next_dagrun for example_dynamic_task_mapping to 2022-03-04T00:00:00+00:00, run_after=2022-03-05T00:00:00+00:00
[2023-10-28T08:33:25.448+0000] {processor.py:178} INFO - Processing /usr/local/lib/python3.10/dist-packages/airflow/example_dags/example_dynamic_task_mapping.py took 0.297 seconds
[2023-10-28T08:33:55.650+0000] {processor.py:156} INFO - Started process (PID=1516621) to work on /usr/local/lib/python3.10/dist-packages/airflow/example_dags/example_dynamic_task_mapping.py
[2023-10-28T08:33:55.689+0000] {processor.py:799} INFO - Processing file /usr/local/lib/python3.10/dist-packages/airflow/example_dags/example_dynamic_task_mapping.py for tasks to queue
[2023-10-28T08:33:55.691+0000] {logging_mixin.py:149} INFO - [2023-10-28T08:33:55.690+0000] {dagbag.py:541} INFO - Filling up the DagBag from /usr/local/lib/python3.10/dist-packages/airflow/example_dags/example_dynamic_task_mapping.py
[2023-10-28T08:33:55.707+0000] {processor.py:809} INFO - DAG(s) dict_keys(['example_dynamic_task_mapping']) retrieved from /usr/local/lib/python3.10/dist-packages/airflow/example_dags/example_dynamic_task_mapping.py
[2023-10-28T08:33:55.787+0000] {logging_mixin.py:149} INFO - [2023-10-28T08:33:55.786+0000] {dag.py:2726} INFO - Sync 1 DAGs
[2023-10-28T08:33:55.863+0000] {logging_mixin.py:149} INFO - [2023-10-28T08:33:55.862+0000] {dag.py:3486} INFO - Setting next_dagrun for example_dynamic_task_mapping to 2022-03-04T00:00:00+00:00, run_after=2022-03-05T00:00:00+00:00
[2023-10-28T08:33:55.967+0000] {processor.py:178} INFO - Processing /usr/local/lib/python3.10/dist-packages/airflow/example_dags/example_dynamic_task_mapping.py took 0.324 seconds
[2023-10-28T08:34:26.279+0000] {processor.py:156} INFO - Started process (PID=1517018) to work on /usr/local/lib/python3.10/dist-packages/airflow/example_dags/example_dynamic_task_mapping.py
[2023-10-28T08:34:26.312+0000] {processor.py:799} INFO - Processing file /usr/local/lib/python3.10/dist-packages/airflow/example_dags/example_dynamic_task_mapping.py for tasks to queue
[2023-10-28T08:34:26.314+0000] {logging_mixin.py:149} INFO - [2023-10-28T08:34:26.314+0000] {dagbag.py:541} INFO - Filling up the DagBag from /usr/local/lib/python3.10/dist-packages/airflow/example_dags/example_dynamic_task_mapping.py
[2023-10-28T08:34:26.330+0000] {processor.py:809} INFO - DAG(s) dict_keys(['example_dynamic_task_mapping']) retrieved from /usr/local/lib/python3.10/dist-packages/airflow/example_dags/example_dynamic_task_mapping.py
[2023-10-28T08:34:26.405+0000] {logging_mixin.py:149} INFO - [2023-10-28T08:34:26.404+0000] {dag.py:2726} INFO - Sync 1 DAGs
[2023-10-28T08:34:26.478+0000] {logging_mixin.py:149} INFO - [2023-10-28T08:34:26.478+0000] {dag.py:3486} INFO - Setting next_dagrun for example_dynamic_task_mapping to 2022-03-04T00:00:00+00:00, run_after=2022-03-05T00:00:00+00:00
[2023-10-28T08:34:26.573+0000] {processor.py:178} INFO - Processing /usr/local/lib/python3.10/dist-packages/airflow/example_dags/example_dynamic_task_mapping.py took 0.301 seconds
[2023-10-28T08:34:56.867+0000] {processor.py:156} INFO - Started process (PID=1517375) to work on /usr/local/lib/python3.10/dist-packages/airflow/example_dags/example_dynamic_task_mapping.py
[2023-10-28T08:34:56.898+0000] {processor.py:799} INFO - Processing file /usr/local/lib/python3.10/dist-packages/airflow/example_dags/example_dynamic_task_mapping.py for tasks to queue
[2023-10-28T08:34:56.901+0000] {logging_mixin.py:149} INFO - [2023-10-28T08:34:56.900+0000] {dagbag.py:541} INFO - Filling up the DagBag from /usr/local/lib/python3.10/dist-packages/airflow/example_dags/example_dynamic_task_mapping.py
[2023-10-28T08:34:56.917+0000] {processor.py:809} INFO - DAG(s) dict_keys(['example_dynamic_task_mapping']) retrieved from /usr/local/lib/python3.10/dist-packages/airflow/example_dags/example_dynamic_task_mapping.py
[2023-10-28T08:34:56.991+0000] {logging_mixin.py:149} INFO - [2023-10-28T08:34:56.991+0000] {dag.py:2726} INFO - Sync 1 DAGs
[2023-10-28T08:34:57.064+0000] {logging_mixin.py:149} INFO - [2023-10-28T08:34:57.064+0000] {dag.py:3486} INFO - Setting next_dagrun for example_dynamic_task_mapping to 2022-03-04T00:00:00+00:00, run_after=2022-03-05T00:00:00+00:00
[2023-10-28T08:34:57.163+0000] {processor.py:178} INFO - Processing /usr/local/lib/python3.10/dist-packages/airflow/example_dags/example_dynamic_task_mapping.py took 0.303 seconds
[2023-10-28T08:35:27.860+0000] {processor.py:156} INFO - Started process (PID=1517975) to work on /usr/local/lib/python3.10/dist-packages/airflow/example_dags/example_dynamic_task_mapping.py
[2023-10-28T08:35:27.904+0000] {processor.py:799} INFO - Processing file /usr/local/lib/python3.10/dist-packages/airflow/example_dags/example_dynamic_task_mapping.py for tasks to queue
[2023-10-28T08:35:27.907+0000] {logging_mixin.py:149} INFO - [2023-10-28T08:35:27.906+0000] {dagbag.py:541} INFO - Filling up the DagBag from /usr/local/lib/python3.10/dist-packages/airflow/example_dags/example_dynamic_task_mapping.py
[2023-10-28T08:35:27.925+0000] {processor.py:809} INFO - DAG(s) dict_keys(['example_dynamic_task_mapping']) retrieved from /usr/local/lib/python3.10/dist-packages/airflow/example_dags/example_dynamic_task_mapping.py
[2023-10-28T08:35:28.002+0000] {logging_mixin.py:149} INFO - [2023-10-28T08:35:28.002+0000] {dag.py:2726} INFO - Sync 1 DAGs
[2023-10-28T08:35:28.084+0000] {logging_mixin.py:149} INFO - [2023-10-28T08:35:28.084+0000] {dag.py:3486} INFO - Setting next_dagrun for example_dynamic_task_mapping to 2022-03-04T00:00:00+00:00, run_after=2022-03-05T00:00:00+00:00
[2023-10-28T08:35:28.154+0000] {processor.py:178} INFO - Processing /usr/local/lib/python3.10/dist-packages/airflow/example_dags/example_dynamic_task_mapping.py took 0.300 seconds
[2023-10-28T08:35:58.524+0000] {processor.py:156} INFO - Started process (PID=1518386) to work on /usr/local/lib/python3.10/dist-packages/airflow/example_dags/example_dynamic_task_mapping.py
[2023-10-28T08:35:58.526+0000] {processor.py:799} INFO - Processing file /usr/local/lib/python3.10/dist-packages/airflow/example_dags/example_dynamic_task_mapping.py for tasks to queue
[2023-10-28T08:35:58.528+0000] {logging_mixin.py:149} INFO - [2023-10-28T08:35:58.527+0000] {dagbag.py:541} INFO - Filling up the DagBag from /usr/local/lib/python3.10/dist-packages/airflow/example_dags/example_dynamic_task_mapping.py
[2023-10-28T08:35:58.544+0000] {processor.py:809} INFO - DAG(s) dict_keys(['example_dynamic_task_mapping']) retrieved from /usr/local/lib/python3.10/dist-packages/airflow/example_dags/example_dynamic_task_mapping.py
[2023-10-28T08:35:58.621+0000] {logging_mixin.py:149} INFO - [2023-10-28T08:35:58.620+0000] {dag.py:2726} INFO - Sync 1 DAGs
[2023-10-28T08:35:58.701+0000] {logging_mixin.py:149} INFO - [2023-10-28T08:35:58.700+0000] {dag.py:3486} INFO - Setting next_dagrun for example_dynamic_task_mapping to 2022-03-04T00:00:00+00:00, run_after=2022-03-05T00:00:00+00:00
[2023-10-28T08:35:58.769+0000] {processor.py:178} INFO - Processing /usr/local/lib/python3.10/dist-packages/airflow/example_dags/example_dynamic_task_mapping.py took 0.253 seconds
[2023-10-28T08:36:29.402+0000] {processor.py:156} INFO - Started process (PID=1518771) to work on /usr/local/lib/python3.10/dist-packages/airflow/example_dags/example_dynamic_task_mapping.py
[2023-10-28T08:36:29.440+0000] {processor.py:799} INFO - Processing file /usr/local/lib/python3.10/dist-packages/airflow/example_dags/example_dynamic_task_mapping.py for tasks to queue
[2023-10-28T08:36:29.443+0000] {logging_mixin.py:149} INFO - [2023-10-28T08:36:29.442+0000] {dagbag.py:541} INFO - Filling up the DagBag from /usr/local/lib/python3.10/dist-packages/airflow/example_dags/example_dynamic_task_mapping.py
[2023-10-28T08:36:29.460+0000] {processor.py:809} INFO - DAG(s) dict_keys(['example_dynamic_task_mapping']) retrieved from /usr/local/lib/python3.10/dist-packages/airflow/example_dags/example_dynamic_task_mapping.py
[2023-10-28T08:36:29.534+0000] {logging_mixin.py:149} INFO - [2023-10-28T08:36:29.533+0000] {dag.py:2726} INFO - Sync 1 DAGs
[2023-10-28T08:36:29.611+0000] {logging_mixin.py:149} INFO - [2023-10-28T08:36:29.611+0000] {dag.py:3486} INFO - Setting next_dagrun for example_dynamic_task_mapping to 2022-03-04T00:00:00+00:00, run_after=2022-03-05T00:00:00+00:00
[2023-10-28T08:36:29.711+0000] {processor.py:178} INFO - Processing /usr/local/lib/python3.10/dist-packages/airflow/example_dags/example_dynamic_task_mapping.py took 0.317 seconds
[2023-10-28T08:37:00.498+0000] {processor.py:156} INFO - Started process (PID=1519248) to work on /usr/local/lib/python3.10/dist-packages/airflow/example_dags/example_dynamic_task_mapping.py
[2023-10-28T08:37:00.500+0000] {processor.py:799} INFO - Processing file /usr/local/lib/python3.10/dist-packages/airflow/example_dags/example_dynamic_task_mapping.py for tasks to queue
[2023-10-28T08:37:00.502+0000] {logging_mixin.py:149} INFO - [2023-10-28T08:37:00.501+0000] {dagbag.py:541} INFO - Filling up the DagBag from /usr/local/lib/python3.10/dist-packages/airflow/example_dags/example_dynamic_task_mapping.py
[2023-10-28T08:37:00.519+0000] {processor.py:809} INFO - DAG(s) dict_keys(['example_dynamic_task_mapping']) retrieved from /usr/local/lib/python3.10/dist-packages/airflow/example_dags/example_dynamic_task_mapping.py
[2023-10-28T08:37:00.598+0000] {logging_mixin.py:149} INFO - [2023-10-28T08:37:00.598+0000] {dag.py:2726} INFO - Sync 1 DAGs
[2023-10-28T08:37:00.675+0000] {logging_mixin.py:149} INFO - [2023-10-28T08:37:00.674+0000] {dag.py:3486} INFO - Setting next_dagrun for example_dynamic_task_mapping to 2022-03-04T00:00:00+00:00, run_after=2022-03-05T00:00:00+00:00
[2023-10-28T08:37:00.737+0000] {processor.py:178} INFO - Processing /usr/local/lib/python3.10/dist-packages/airflow/example_dags/example_dynamic_task_mapping.py took 0.246 seconds
[2023-10-28T08:37:31.128+0000] {processor.py:156} INFO - Started process (PID=1519626) to work on /usr/local/lib/python3.10/dist-packages/airflow/example_dags/example_dynamic_task_mapping.py
[2023-10-28T08:37:31.168+0000] {processor.py:799} INFO - Processing file /usr/local/lib/python3.10/dist-packages/airflow/example_dags/example_dynamic_task_mapping.py for tasks to queue
[2023-10-28T08:37:31.170+0000] {logging_mixin.py:149} INFO - [2023-10-28T08:37:31.170+0000] {dagbag.py:541} INFO - Filling up the DagBag from /usr/local/lib/python3.10/dist-packages/airflow/example_dags/example_dynamic_task_mapping.py
[2023-10-28T08:37:31.186+0000] {processor.py:809} INFO - DAG(s) dict_keys(['example_dynamic_task_mapping']) retrieved from /usr/local/lib/python3.10/dist-packages/airflow/example_dags/example_dynamic_task_mapping.py
[2023-10-28T08:37:31.257+0000] {logging_mixin.py:149} INFO - [2023-10-28T08:37:31.257+0000] {dag.py:2726} INFO - Sync 1 DAGs
[2023-10-28T08:37:31.332+0000] {logging_mixin.py:149} INFO - [2023-10-28T08:37:31.331+0000] {dag.py:3486} INFO - Setting next_dagrun for example_dynamic_task_mapping to 2022-03-04T00:00:00+00:00, run_after=2022-03-05T00:00:00+00:00
[2023-10-28T08:37:31.391+0000] {processor.py:178} INFO - Processing /usr/local/lib/python3.10/dist-packages/airflow/example_dags/example_dynamic_task_mapping.py took 0.270 seconds
[2023-10-28T08:38:02.003+0000] {processor.py:156} INFO - Started process (PID=1520061) to work on /usr/local/lib/python3.10/dist-packages/airflow/example_dags/example_dynamic_task_mapping.py
[2023-10-28T08:38:02.005+0000] {processor.py:799} INFO - Processing file /usr/local/lib/python3.10/dist-packages/airflow/example_dags/example_dynamic_task_mapping.py for tasks to queue
[2023-10-28T08:38:02.008+0000] {logging_mixin.py:149} INFO - [2023-10-28T08:38:02.007+0000] {dagbag.py:541} INFO - Filling up the DagBag from /usr/local/lib/python3.10/dist-packages/airflow/example_dags/example_dynamic_task_mapping.py
[2023-10-28T08:38:02.027+0000] {processor.py:809} INFO - DAG(s) dict_keys(['example_dynamic_task_mapping']) retrieved from /usr/local/lib/python3.10/dist-packages/airflow/example_dags/example_dynamic_task_mapping.py
[2023-10-28T08:38:02.115+0000] {logging_mixin.py:149} INFO - [2023-10-28T08:38:02.115+0000] {dag.py:2726} INFO - Sync 1 DAGs
[2023-10-28T08:38:02.206+0000] {logging_mixin.py:149} INFO - [2023-10-28T08:38:02.206+0000] {dag.py:3486} INFO - Setting next_dagrun for example_dynamic_task_mapping to 2022-03-04T00:00:00+00:00, run_after=2022-03-05T00:00:00+00:00
[2023-10-28T08:38:02.306+0000] {processor.py:178} INFO - Processing /usr/local/lib/python3.10/dist-packages/airflow/example_dags/example_dynamic_task_mapping.py took 0.312 seconds
[2023-10-28T08:38:32.770+0000] {processor.py:156} INFO - Started process (PID=1520560) to work on /usr/local/lib/python3.10/dist-packages/airflow/example_dags/example_dynamic_task_mapping.py
[2023-10-28T08:38:32.804+0000] {processor.py:799} INFO - Processing file /usr/local/lib/python3.10/dist-packages/airflow/example_dags/example_dynamic_task_mapping.py for tasks to queue
[2023-10-28T08:38:32.806+0000] {logging_mixin.py:149} INFO - [2023-10-28T08:38:32.806+0000] {dagbag.py:541} INFO - Filling up the DagBag from /usr/local/lib/python3.10/dist-packages/airflow/example_dags/example_dynamic_task_mapping.py
[2023-10-28T08:38:32.822+0000] {processor.py:809} INFO - DAG(s) dict_keys(['example_dynamic_task_mapping']) retrieved from /usr/local/lib/python3.10/dist-packages/airflow/example_dags/example_dynamic_task_mapping.py
[2023-10-28T08:38:32.897+0000] {logging_mixin.py:149} INFO - [2023-10-28T08:38:32.896+0000] {dag.py:2726} INFO - Sync 1 DAGs
[2023-10-28T08:38:32.972+0000] {logging_mixin.py:149} INFO - [2023-10-28T08:38:32.971+0000] {dag.py:3486} INFO - Setting next_dagrun for example_dynamic_task_mapping to 2022-03-04T00:00:00+00:00, run_after=2022-03-05T00:00:00+00:00
[2023-10-28T08:38:33.083+0000] {processor.py:178} INFO - Processing /usr/local/lib/python3.10/dist-packages/airflow/example_dags/example_dynamic_task_mapping.py took 0.320 seconds
[2023-10-28T08:39:03.460+0000] {processor.py:156} INFO - Started process (PID=1521142) to work on /usr/local/lib/python3.10/dist-packages/airflow/example_dags/example_dynamic_task_mapping.py
[2023-10-28T08:39:03.462+0000] {processor.py:799} INFO - Processing file /usr/local/lib/python3.10/dist-packages/airflow/example_dags/example_dynamic_task_mapping.py for tasks to queue
[2023-10-28T08:39:03.464+0000] {logging_mixin.py:149} INFO - [2023-10-28T08:39:03.464+0000] {dagbag.py:541} INFO - Filling up the DagBag from /usr/local/lib/python3.10/dist-packages/airflow/example_dags/example_dynamic_task_mapping.py
[2023-10-28T08:39:03.480+0000] {processor.py:809} INFO - DAG(s) dict_keys(['example_dynamic_task_mapping']) retrieved from /usr/local/lib/python3.10/dist-packages/airflow/example_dags/example_dynamic_task_mapping.py
[2023-10-28T08:39:03.553+0000] {logging_mixin.py:149} INFO - [2023-10-28T08:39:03.552+0000] {dag.py:2726} INFO - Sync 1 DAGs
[2023-10-28T08:39:03.626+0000] {logging_mixin.py:149} INFO - [2023-10-28T08:39:03.625+0000] {dag.py:3486} INFO - Setting next_dagrun for example_dynamic_task_mapping to 2022-03-04T00:00:00+00:00, run_after=2022-03-05T00:00:00+00:00
[2023-10-28T08:39:03.690+0000] {processor.py:178} INFO - Processing /usr/local/lib/python3.10/dist-packages/airflow/example_dags/example_dynamic_task_mapping.py took 0.237 seconds
[2023-10-28T08:39:34.043+0000] {processor.py:156} INFO - Started process (PID=1521559) to work on /usr/local/lib/python3.10/dist-packages/airflow/example_dags/example_dynamic_task_mapping.py
[2023-10-28T08:39:34.100+0000] {processor.py:799} INFO - Processing file /usr/local/lib/python3.10/dist-packages/airflow/example_dags/example_dynamic_task_mapping.py for tasks to queue
[2023-10-28T08:39:34.102+0000] {logging_mixin.py:149} INFO - [2023-10-28T08:39:34.102+0000] {dagbag.py:541} INFO - Filling up the DagBag from /usr/local/lib/python3.10/dist-packages/airflow/example_dags/example_dynamic_task_mapping.py
[2023-10-28T08:39:34.118+0000] {processor.py:809} INFO - DAG(s) dict_keys(['example_dynamic_task_mapping']) retrieved from /usr/local/lib/python3.10/dist-packages/airflow/example_dags/example_dynamic_task_mapping.py
[2023-10-28T08:39:34.196+0000] {logging_mixin.py:149} INFO - [2023-10-28T08:39:34.196+0000] {dag.py:2726} INFO - Sync 1 DAGs
[2023-10-28T08:39:34.275+0000] {logging_mixin.py:149} INFO - [2023-10-28T08:39:34.274+0000] {dag.py:3486} INFO - Setting next_dagrun for example_dynamic_task_mapping to 2022-03-04T00:00:00+00:00, run_after=2022-03-05T00:00:00+00:00
[2023-10-28T08:39:34.335+0000] {processor.py:178} INFO - Processing /usr/local/lib/python3.10/dist-packages/airflow/example_dags/example_dynamic_task_mapping.py took 0.300 seconds
