[2023-10-28T07:58:09.657+0000] {processor.py:156} INFO - Started process (PID=1491762) to work on /usr/local/lib/python3.10/dist-packages/airflow/example_dags/example_branch_day_of_week_operator.py
[2023-10-28T07:58:09.659+0000] {processor.py:799} INFO - Processing file /usr/local/lib/python3.10/dist-packages/airflow/example_dags/example_branch_day_of_week_operator.py for tasks to queue
[2023-10-28T07:58:09.661+0000] {logging_mixin.py:149} INFO - [2023-10-28T07:58:09.661+0000] {dagbag.py:541} INFO - Filling up the DagBag from /usr/local/lib/python3.10/dist-packages/airflow/example_dags/example_branch_day_of_week_operator.py
[2023-10-28T07:58:09.681+0000] {processor.py:809} INFO - DAG(s) dict_keys(['example_weekday_branch_operator']) retrieved from /usr/local/lib/python3.10/dist-packages/airflow/example_dags/example_branch_day_of_week_operator.py
[2023-10-28T07:58:10.195+0000] {logging_mixin.py:149} INFO - [2023-10-28T07:58:10.194+0000] {manager.py:504} INFO - Created Permission View: can read on DAG:example_weekday_branch_operator
[2023-10-28T07:58:10.222+0000] {logging_mixin.py:149} INFO - [2023-10-28T07:58:10.221+0000] {manager.py:504} INFO - Created Permission View: can edit on DAG:example_weekday_branch_operator
[2023-10-28T07:58:10.244+0000] {logging_mixin.py:149} INFO - [2023-10-28T07:58:10.243+0000] {manager.py:504} INFO - Created Permission View: can delete on DAG:example_weekday_branch_operator
[2023-10-28T07:58:10.245+0000] {logging_mixin.py:149} INFO - [2023-10-28T07:58:10.244+0000] {dag.py:2726} INFO - Sync 1 DAGs
[2023-10-28T07:58:10.275+0000] {logging_mixin.py:149} INFO - [2023-10-28T07:58:10.275+0000] {dag.py:2747} INFO - Creating ORM DAG for example_weekday_branch_operator
[2023-10-28T07:58:10.304+0000] {logging_mixin.py:149} INFO - [2023-10-28T07:58:10.304+0000] {dag.py:3486} INFO - Setting next_dagrun for example_weekday_branch_operator to 2023-10-27T00:00:00+00:00, run_after=2023-10-28T00:00:00+00:00
[2023-10-28T07:58:10.401+0000] {processor.py:178} INFO - Processing /usr/local/lib/python3.10/dist-packages/airflow/example_dags/example_branch_day_of_week_operator.py took 0.751 seconds
[2023-10-28T07:59:21.473+0000] {processor.py:156} INFO - Started process (PID=1492368) to work on /usr/local/lib/python3.10/dist-packages/airflow/example_dags/example_branch_day_of_week_operator.py
[2023-10-28T07:59:21.507+0000] {processor.py:799} INFO - Processing file /usr/local/lib/python3.10/dist-packages/airflow/example_dags/example_branch_day_of_week_operator.py for tasks to queue
[2023-10-28T07:59:21.510+0000] {logging_mixin.py:149} INFO - [2023-10-28T07:59:21.509+0000] {dagbag.py:541} INFO - Filling up the DagBag from /usr/local/lib/python3.10/dist-packages/airflow/example_dags/example_branch_day_of_week_operator.py
[2023-10-28T07:59:21.531+0000] {processor.py:809} INFO - DAG(s) dict_keys(['example_weekday_branch_operator']) retrieved from /usr/local/lib/python3.10/dist-packages/airflow/example_dags/example_branch_day_of_week_operator.py
[2023-10-28T07:59:21.588+0000] {logging_mixin.py:149} INFO - [2023-10-28T07:59:21.587+0000] {dag.py:2726} INFO - Sync 1 DAGs
[2023-10-28T07:59:21.663+0000] {logging_mixin.py:149} INFO - [2023-10-28T07:59:21.662+0000] {dag.py:3486} INFO - Setting next_dagrun for example_weekday_branch_operator to 2023-10-27T00:00:00+00:00, run_after=2023-10-28T00:00:00+00:00
[2023-10-28T07:59:21.759+0000] {processor.py:178} INFO - Processing /usr/local/lib/python3.10/dist-packages/airflow/example_dags/example_branch_day_of_week_operator.py took 0.293 seconds
[2023-10-28T08:15:33.981+0000] {processor.py:156} INFO - Started process (PID=1498185) to work on /usr/local/lib/python3.10/dist-packages/airflow/example_dags/example_branch_day_of_week_operator.py
[2023-10-28T08:15:34.024+0000] {processor.py:799} INFO - Processing file /usr/local/lib/python3.10/dist-packages/airflow/example_dags/example_branch_day_of_week_operator.py for tasks to queue
[2023-10-28T08:15:34.026+0000] {logging_mixin.py:149} INFO - [2023-10-28T08:15:34.026+0000] {dagbag.py:541} INFO - Filling up the DagBag from /usr/local/lib/python3.10/dist-packages/airflow/example_dags/example_branch_day_of_week_operator.py
[2023-10-28T08:15:34.043+0000] {processor.py:809} INFO - DAG(s) dict_keys(['example_weekday_branch_operator']) retrieved from /usr/local/lib/python3.10/dist-packages/airflow/example_dags/example_branch_day_of_week_operator.py
[2023-10-28T08:15:34.572+0000] {logging_mixin.py:149} INFO - [2023-10-28T08:15:34.571+0000] {manager.py:504} INFO - Created Permission View: can read on DAG:example_weekday_branch_operator
[2023-10-28T08:15:34.601+0000] {logging_mixin.py:149} INFO - [2023-10-28T08:15:34.600+0000] {manager.py:504} INFO - Created Permission View: can delete on DAG:example_weekday_branch_operator
[2023-10-28T08:15:34.625+0000] {logging_mixin.py:149} INFO - [2023-10-28T08:15:34.624+0000] {manager.py:504} INFO - Created Permission View: can edit on DAG:example_weekday_branch_operator
[2023-10-28T08:15:34.626+0000] {logging_mixin.py:149} INFO - [2023-10-28T08:15:34.625+0000] {dag.py:2726} INFO - Sync 1 DAGs
[2023-10-28T08:15:34.659+0000] {logging_mixin.py:149} INFO - [2023-10-28T08:15:34.658+0000] {dag.py:2747} INFO - Creating ORM DAG for example_weekday_branch_operator
[2023-10-28T08:15:34.695+0000] {logging_mixin.py:149} INFO - [2023-10-28T08:15:34.694+0000] {dag.py:3486} INFO - Setting next_dagrun for example_weekday_branch_operator to 2023-10-27T00:00:00+00:00, run_after=2023-10-28T00:00:00+00:00
[2023-10-28T08:15:34.791+0000] {processor.py:178} INFO - Processing /usr/local/lib/python3.10/dist-packages/airflow/example_dags/example_branch_day_of_week_operator.py took 0.817 seconds
[2023-10-28T08:16:05.113+0000] {processor.py:156} INFO - Started process (PID=1499077) to work on /usr/local/lib/python3.10/dist-packages/airflow/example_dags/example_branch_day_of_week_operator.py
[2023-10-28T08:16:05.114+0000] {processor.py:799} INFO - Processing file /usr/local/lib/python3.10/dist-packages/airflow/example_dags/example_branch_day_of_week_operator.py for tasks to queue
[2023-10-28T08:16:05.116+0000] {logging_mixin.py:149} INFO - [2023-10-28T08:16:05.116+0000] {dagbag.py:541} INFO - Filling up the DagBag from /usr/local/lib/python3.10/dist-packages/airflow/example_dags/example_branch_day_of_week_operator.py
[2023-10-28T08:16:05.134+0000] {processor.py:809} INFO - DAG(s) dict_keys(['example_weekday_branch_operator']) retrieved from /usr/local/lib/python3.10/dist-packages/airflow/example_dags/example_branch_day_of_week_operator.py
[2023-10-28T08:16:05.215+0000] {logging_mixin.py:149} INFO - [2023-10-28T08:16:05.214+0000] {dag.py:2726} INFO - Sync 1 DAGs
[2023-10-28T08:16:05.295+0000] {logging_mixin.py:149} INFO - [2023-10-28T08:16:05.295+0000] {dag.py:3486} INFO - Setting next_dagrun for example_weekday_branch_operator to 2023-10-27T00:00:00+00:00, run_after=2023-10-28T00:00:00+00:00
[2023-10-28T08:16:05.397+0000] {processor.py:178} INFO - Processing /usr/local/lib/python3.10/dist-packages/airflow/example_dags/example_branch_day_of_week_operator.py took 0.292 seconds
[2023-10-28T08:16:35.752+0000] {processor.py:156} INFO - Started process (PID=1500192) to work on /usr/local/lib/python3.10/dist-packages/airflow/example_dags/example_branch_day_of_week_operator.py
[2023-10-28T08:16:35.773+0000] {processor.py:799} INFO - Processing file /usr/local/lib/python3.10/dist-packages/airflow/example_dags/example_branch_day_of_week_operator.py for tasks to queue
[2023-10-28T08:16:35.775+0000] {logging_mixin.py:149} INFO - [2023-10-28T08:16:35.775+0000] {dagbag.py:541} INFO - Filling up the DagBag from /usr/local/lib/python3.10/dist-packages/airflow/example_dags/example_branch_day_of_week_operator.py
[2023-10-28T08:16:35.793+0000] {processor.py:809} INFO - DAG(s) dict_keys(['example_weekday_branch_operator']) retrieved from /usr/local/lib/python3.10/dist-packages/airflow/example_dags/example_branch_day_of_week_operator.py
[2023-10-28T08:16:35.874+0000] {logging_mixin.py:149} INFO - [2023-10-28T08:16:35.874+0000] {dag.py:2726} INFO - Sync 1 DAGs
[2023-10-28T08:16:35.961+0000] {logging_mixin.py:149} INFO - [2023-10-28T08:16:35.961+0000] {dag.py:3486} INFO - Setting next_dagrun for example_weekday_branch_operator to 2023-10-27T00:00:00+00:00, run_after=2023-10-28T00:00:00+00:00
[2023-10-28T08:16:36.022+0000] {processor.py:178} INFO - Processing /usr/local/lib/python3.10/dist-packages/airflow/example_dags/example_branch_day_of_week_operator.py took 0.277 seconds
[2023-10-28T08:17:06.300+0000] {processor.py:156} INFO - Started process (PID=1500871) to work on /usr/local/lib/python3.10/dist-packages/airflow/example_dags/example_branch_day_of_week_operator.py
[2023-10-28T08:17:06.302+0000] {processor.py:799} INFO - Processing file /usr/local/lib/python3.10/dist-packages/airflow/example_dags/example_branch_day_of_week_operator.py for tasks to queue
[2023-10-28T08:17:06.304+0000] {logging_mixin.py:149} INFO - [2023-10-28T08:17:06.303+0000] {dagbag.py:541} INFO - Filling up the DagBag from /usr/local/lib/python3.10/dist-packages/airflow/example_dags/example_branch_day_of_week_operator.py
[2023-10-28T08:17:06.324+0000] {processor.py:809} INFO - DAG(s) dict_keys(['example_weekday_branch_operator']) retrieved from /usr/local/lib/python3.10/dist-packages/airflow/example_dags/example_branch_day_of_week_operator.py
[2023-10-28T08:17:06.416+0000] {logging_mixin.py:149} INFO - [2023-10-28T08:17:06.416+0000] {dag.py:2726} INFO - Sync 1 DAGs
[2023-10-28T08:17:06.505+0000] {logging_mixin.py:149} INFO - [2023-10-28T08:17:06.504+0000] {dag.py:3486} INFO - Setting next_dagrun for example_weekday_branch_operator to 2023-10-27T00:00:00+00:00, run_after=2023-10-28T00:00:00+00:00
[2023-10-28T08:17:06.579+0000] {processor.py:178} INFO - Processing /usr/local/lib/python3.10/dist-packages/airflow/example_dags/example_branch_day_of_week_operator.py took 0.286 seconds
[2023-10-28T08:17:37.046+0000] {processor.py:156} INFO - Started process (PID=1501269) to work on /usr/local/lib/python3.10/dist-packages/airflow/example_dags/example_branch_day_of_week_operator.py
[2023-10-28T08:17:37.070+0000] {processor.py:799} INFO - Processing file /usr/local/lib/python3.10/dist-packages/airflow/example_dags/example_branch_day_of_week_operator.py for tasks to queue
[2023-10-28T08:17:37.072+0000] {logging_mixin.py:149} INFO - [2023-10-28T08:17:37.071+0000] {dagbag.py:541} INFO - Filling up the DagBag from /usr/local/lib/python3.10/dist-packages/airflow/example_dags/example_branch_day_of_week_operator.py
[2023-10-28T08:17:37.092+0000] {processor.py:809} INFO - DAG(s) dict_keys(['example_weekday_branch_operator']) retrieved from /usr/local/lib/python3.10/dist-packages/airflow/example_dags/example_branch_day_of_week_operator.py
[2023-10-28T08:17:37.175+0000] {logging_mixin.py:149} INFO - [2023-10-28T08:17:37.174+0000] {dag.py:2726} INFO - Sync 1 DAGs
[2023-10-28T08:17:37.254+0000] {logging_mixin.py:149} INFO - [2023-10-28T08:17:37.253+0000] {dag.py:3486} INFO - Setting next_dagrun for example_weekday_branch_operator to 2023-10-27T00:00:00+00:00, run_after=2023-10-28T00:00:00+00:00
[2023-10-28T08:17:37.347+0000] {processor.py:178} INFO - Processing /usr/local/lib/python3.10/dist-packages/airflow/example_dags/example_branch_day_of_week_operator.py took 0.308 seconds
[2023-10-28T08:18:07.630+0000] {processor.py:156} INFO - Started process (PID=1501652) to work on /usr/local/lib/python3.10/dist-packages/airflow/example_dags/example_branch_day_of_week_operator.py
[2023-10-28T08:18:07.645+0000] {processor.py:799} INFO - Processing file /usr/local/lib/python3.10/dist-packages/airflow/example_dags/example_branch_day_of_week_operator.py for tasks to queue
[2023-10-28T08:18:07.648+0000] {logging_mixin.py:149} INFO - [2023-10-28T08:18:07.648+0000] {dagbag.py:541} INFO - Filling up the DagBag from /usr/local/lib/python3.10/dist-packages/airflow/example_dags/example_branch_day_of_week_operator.py
[2023-10-28T08:18:07.668+0000] {processor.py:809} INFO - DAG(s) dict_keys(['example_weekday_branch_operator']) retrieved from /usr/local/lib/python3.10/dist-packages/airflow/example_dags/example_branch_day_of_week_operator.py
[2023-10-28T08:18:07.755+0000] {logging_mixin.py:149} INFO - [2023-10-28T08:18:07.754+0000] {dag.py:2726} INFO - Sync 1 DAGs
[2023-10-28T08:18:07.837+0000] {logging_mixin.py:149} INFO - [2023-10-28T08:18:07.836+0000] {dag.py:3486} INFO - Setting next_dagrun for example_weekday_branch_operator to 2023-10-27T00:00:00+00:00, run_after=2023-10-28T00:00:00+00:00
[2023-10-28T08:18:07.931+0000] {processor.py:178} INFO - Processing /usr/local/lib/python3.10/dist-packages/airflow/example_dags/example_branch_day_of_week_operator.py took 0.309 seconds
[2023-10-28T08:18:38.680+0000] {processor.py:156} INFO - Started process (PID=1502006) to work on /usr/local/lib/python3.10/dist-packages/airflow/example_dags/example_branch_day_of_week_operator.py
[2023-10-28T08:18:38.713+0000] {processor.py:799} INFO - Processing file /usr/local/lib/python3.10/dist-packages/airflow/example_dags/example_branch_day_of_week_operator.py for tasks to queue
[2023-10-28T08:18:38.715+0000] {logging_mixin.py:149} INFO - [2023-10-28T08:18:38.714+0000] {dagbag.py:541} INFO - Filling up the DagBag from /usr/local/lib/python3.10/dist-packages/airflow/example_dags/example_branch_day_of_week_operator.py
[2023-10-28T08:18:38.733+0000] {processor.py:809} INFO - DAG(s) dict_keys(['example_weekday_branch_operator']) retrieved from /usr/local/lib/python3.10/dist-packages/airflow/example_dags/example_branch_day_of_week_operator.py
[2023-10-28T08:18:38.814+0000] {logging_mixin.py:149} INFO - [2023-10-28T08:18:38.814+0000] {dag.py:2726} INFO - Sync 1 DAGs
[2023-10-28T08:18:38.896+0000] {logging_mixin.py:149} INFO - [2023-10-28T08:18:38.896+0000] {dag.py:3486} INFO - Setting next_dagrun for example_weekday_branch_operator to 2023-10-27T00:00:00+00:00, run_after=2023-10-28T00:00:00+00:00
[2023-10-28T08:18:38.992+0000] {processor.py:178} INFO - Processing /usr/local/lib/python3.10/dist-packages/airflow/example_dags/example_branch_day_of_week_operator.py took 0.319 seconds
[2023-10-28T08:19:09.398+0000] {processor.py:156} INFO - Started process (PID=1502399) to work on /usr/local/lib/python3.10/dist-packages/airflow/example_dags/example_branch_day_of_week_operator.py
[2023-10-28T08:19:09.404+0000] {processor.py:799} INFO - Processing file /usr/local/lib/python3.10/dist-packages/airflow/example_dags/example_branch_day_of_week_operator.py for tasks to queue
[2023-10-28T08:19:09.406+0000] {logging_mixin.py:149} INFO - [2023-10-28T08:19:09.406+0000] {dagbag.py:541} INFO - Filling up the DagBag from /usr/local/lib/python3.10/dist-packages/airflow/example_dags/example_branch_day_of_week_operator.py
[2023-10-28T08:19:09.423+0000] {processor.py:809} INFO - DAG(s) dict_keys(['example_weekday_branch_operator']) retrieved from /usr/local/lib/python3.10/dist-packages/airflow/example_dags/example_branch_day_of_week_operator.py
[2023-10-28T08:19:09.512+0000] {logging_mixin.py:149} INFO - [2023-10-28T08:19:09.512+0000] {dag.py:2726} INFO - Sync 1 DAGs
[2023-10-28T08:19:09.601+0000] {logging_mixin.py:149} INFO - [2023-10-28T08:19:09.600+0000] {dag.py:3486} INFO - Setting next_dagrun for example_weekday_branch_operator to 2023-10-27T00:00:00+00:00, run_after=2023-10-28T00:00:00+00:00
[2023-10-28T08:19:09.672+0000] {processor.py:178} INFO - Processing /usr/local/lib/python3.10/dist-packages/airflow/example_dags/example_branch_day_of_week_operator.py took 0.281 seconds
[2023-10-28T08:19:40.275+0000] {processor.py:156} INFO - Started process (PID=1502752) to work on /usr/local/lib/python3.10/dist-packages/airflow/example_dags/example_branch_day_of_week_operator.py
[2023-10-28T08:19:40.318+0000] {processor.py:799} INFO - Processing file /usr/local/lib/python3.10/dist-packages/airflow/example_dags/example_branch_day_of_week_operator.py for tasks to queue
[2023-10-28T08:19:40.320+0000] {logging_mixin.py:149} INFO - [2023-10-28T08:19:40.319+0000] {dagbag.py:541} INFO - Filling up the DagBag from /usr/local/lib/python3.10/dist-packages/airflow/example_dags/example_branch_day_of_week_operator.py
[2023-10-28T08:19:40.337+0000] {processor.py:809} INFO - DAG(s) dict_keys(['example_weekday_branch_operator']) retrieved from /usr/local/lib/python3.10/dist-packages/airflow/example_dags/example_branch_day_of_week_operator.py
[2023-10-28T08:19:40.424+0000] {logging_mixin.py:149} INFO - [2023-10-28T08:19:40.423+0000] {dag.py:2726} INFO - Sync 1 DAGs
[2023-10-28T08:19:40.504+0000] {logging_mixin.py:149} INFO - [2023-10-28T08:19:40.503+0000] {dag.py:3486} INFO - Setting next_dagrun for example_weekday_branch_operator to 2023-10-27T00:00:00+00:00, run_after=2023-10-28T00:00:00+00:00
[2023-10-28T08:19:40.601+0000] {processor.py:178} INFO - Processing /usr/local/lib/python3.10/dist-packages/airflow/example_dags/example_branch_day_of_week_operator.py took 0.333 seconds
[2023-10-28T08:20:11.246+0000] {processor.py:156} INFO - Started process (PID=1503156) to work on /usr/local/lib/python3.10/dist-packages/airflow/example_dags/example_branch_day_of_week_operator.py
[2023-10-28T08:20:11.248+0000] {processor.py:799} INFO - Processing file /usr/local/lib/python3.10/dist-packages/airflow/example_dags/example_branch_day_of_week_operator.py for tasks to queue
[2023-10-28T08:20:11.251+0000] {logging_mixin.py:149} INFO - [2023-10-28T08:20:11.250+0000] {dagbag.py:541} INFO - Filling up the DagBag from /usr/local/lib/python3.10/dist-packages/airflow/example_dags/example_branch_day_of_week_operator.py
[2023-10-28T08:20:11.271+0000] {processor.py:809} INFO - DAG(s) dict_keys(['example_weekday_branch_operator']) retrieved from /usr/local/lib/python3.10/dist-packages/airflow/example_dags/example_branch_day_of_week_operator.py
[2023-10-28T08:20:11.357+0000] {logging_mixin.py:149} INFO - [2023-10-28T08:20:11.356+0000] {dag.py:2726} INFO - Sync 1 DAGs
[2023-10-28T08:20:11.435+0000] {logging_mixin.py:149} INFO - [2023-10-28T08:20:11.435+0000] {dag.py:3486} INFO - Setting next_dagrun for example_weekday_branch_operator to 2023-10-27T00:00:00+00:00, run_after=2023-10-28T00:00:00+00:00
[2023-10-28T08:20:11.504+0000] {processor.py:178} INFO - Processing /usr/local/lib/python3.10/dist-packages/airflow/example_dags/example_branch_day_of_week_operator.py took 0.265 seconds
[2023-10-28T08:20:42.035+0000] {processor.py:156} INFO - Started process (PID=1503644) to work on /usr/local/lib/python3.10/dist-packages/airflow/example_dags/example_branch_day_of_week_operator.py
[2023-10-28T08:20:42.079+0000] {processor.py:799} INFO - Processing file /usr/local/lib/python3.10/dist-packages/airflow/example_dags/example_branch_day_of_week_operator.py for tasks to queue
[2023-10-28T08:20:42.081+0000] {logging_mixin.py:149} INFO - [2023-10-28T08:20:42.080+0000] {dagbag.py:541} INFO - Filling up the DagBag from /usr/local/lib/python3.10/dist-packages/airflow/example_dags/example_branch_day_of_week_operator.py
[2023-10-28T08:20:42.102+0000] {processor.py:809} INFO - DAG(s) dict_keys(['example_weekday_branch_operator']) retrieved from /usr/local/lib/python3.10/dist-packages/airflow/example_dags/example_branch_day_of_week_operator.py
[2023-10-28T08:20:42.190+0000] {logging_mixin.py:149} INFO - [2023-10-28T08:20:42.190+0000] {dag.py:2726} INFO - Sync 1 DAGs
[2023-10-28T08:20:42.269+0000] {logging_mixin.py:149} INFO - [2023-10-28T08:20:42.268+0000] {dag.py:3486} INFO - Setting next_dagrun for example_weekday_branch_operator to 2023-10-27T00:00:00+00:00, run_after=2023-10-28T00:00:00+00:00
[2023-10-28T08:20:42.377+0000] {processor.py:178} INFO - Processing /usr/local/lib/python3.10/dist-packages/airflow/example_dags/example_branch_day_of_week_operator.py took 0.349 seconds
[2023-10-28T08:21:12.758+0000] {processor.py:156} INFO - Started process (PID=1504151) to work on /usr/local/lib/python3.10/dist-packages/airflow/example_dags/example_branch_day_of_week_operator.py
[2023-10-28T08:21:12.760+0000] {processor.py:799} INFO - Processing file /usr/local/lib/python3.10/dist-packages/airflow/example_dags/example_branch_day_of_week_operator.py for tasks to queue
[2023-10-28T08:21:12.762+0000] {logging_mixin.py:149} INFO - [2023-10-28T08:21:12.762+0000] {dagbag.py:541} INFO - Filling up the DagBag from /usr/local/lib/python3.10/dist-packages/airflow/example_dags/example_branch_day_of_week_operator.py
[2023-10-28T08:21:12.779+0000] {processor.py:809} INFO - DAG(s) dict_keys(['example_weekday_branch_operator']) retrieved from /usr/local/lib/python3.10/dist-packages/airflow/example_dags/example_branch_day_of_week_operator.py
[2023-10-28T08:21:12.862+0000] {logging_mixin.py:149} INFO - [2023-10-28T08:21:12.862+0000] {dag.py:2726} INFO - Sync 1 DAGs
[2023-10-28T08:21:12.939+0000] {logging_mixin.py:149} INFO - [2023-10-28T08:21:12.938+0000] {dag.py:3486} INFO - Setting next_dagrun for example_weekday_branch_operator to 2023-10-27T00:00:00+00:00, run_after=2023-10-28T00:00:00+00:00
[2023-10-28T08:21:13.036+0000] {processor.py:178} INFO - Processing /usr/local/lib/python3.10/dist-packages/airflow/example_dags/example_branch_day_of_week_operator.py took 0.286 seconds
[2023-10-28T08:21:43.575+0000] {processor.py:156} INFO - Started process (PID=1504976) to work on /usr/local/lib/python3.10/dist-packages/airflow/example_dags/example_branch_day_of_week_operator.py
[2023-10-28T08:21:43.601+0000] {processor.py:799} INFO - Processing file /usr/local/lib/python3.10/dist-packages/airflow/example_dags/example_branch_day_of_week_operator.py for tasks to queue
[2023-10-28T08:21:43.603+0000] {logging_mixin.py:149} INFO - [2023-10-28T08:21:43.602+0000] {dagbag.py:541} INFO - Filling up the DagBag from /usr/local/lib/python3.10/dist-packages/airflow/example_dags/example_branch_day_of_week_operator.py
[2023-10-28T08:21:43.622+0000] {processor.py:809} INFO - DAG(s) dict_keys(['example_weekday_branch_operator']) retrieved from /usr/local/lib/python3.10/dist-packages/airflow/example_dags/example_branch_day_of_week_operator.py
[2023-10-28T08:21:43.709+0000] {logging_mixin.py:149} INFO - [2023-10-28T08:21:43.709+0000] {dag.py:2726} INFO - Sync 1 DAGs
[2023-10-28T08:21:43.799+0000] {logging_mixin.py:149} INFO - [2023-10-28T08:21:43.798+0000] {dag.py:3486} INFO - Setting next_dagrun for example_weekday_branch_operator to 2023-10-27T00:00:00+00:00, run_after=2023-10-28T00:00:00+00:00
[2023-10-28T08:21:43.910+0000] {processor.py:178} INFO - Processing /usr/local/lib/python3.10/dist-packages/airflow/example_dags/example_branch_day_of_week_operator.py took 0.342 seconds
[2023-10-28T08:22:14.415+0000] {processor.py:156} INFO - Started process (PID=1505549) to work on /usr/local/lib/python3.10/dist-packages/airflow/example_dags/example_branch_day_of_week_operator.py
[2023-10-28T08:22:14.455+0000] {processor.py:799} INFO - Processing file /usr/local/lib/python3.10/dist-packages/airflow/example_dags/example_branch_day_of_week_operator.py for tasks to queue
[2023-10-28T08:22:14.457+0000] {logging_mixin.py:149} INFO - [2023-10-28T08:22:14.456+0000] {dagbag.py:541} INFO - Filling up the DagBag from /usr/local/lib/python3.10/dist-packages/airflow/example_dags/example_branch_day_of_week_operator.py
[2023-10-28T08:22:14.477+0000] {processor.py:809} INFO - DAG(s) dict_keys(['example_weekday_branch_operator']) retrieved from /usr/local/lib/python3.10/dist-packages/airflow/example_dags/example_branch_day_of_week_operator.py
[2023-10-28T08:22:14.576+0000] {logging_mixin.py:149} INFO - [2023-10-28T08:22:14.575+0000] {dag.py:2726} INFO - Sync 1 DAGs
[2023-10-28T08:22:14.659+0000] {logging_mixin.py:149} INFO - [2023-10-28T08:22:14.659+0000] {dag.py:3486} INFO - Setting next_dagrun for example_weekday_branch_operator to 2023-10-27T00:00:00+00:00, run_after=2023-10-28T00:00:00+00:00
[2023-10-28T08:22:14.773+0000] {processor.py:178} INFO - Processing /usr/local/lib/python3.10/dist-packages/airflow/example_dags/example_branch_day_of_week_operator.py took 0.365 seconds
[2023-10-28T08:22:45.486+0000] {processor.py:156} INFO - Started process (PID=1506143) to work on /usr/local/lib/python3.10/dist-packages/airflow/example_dags/example_branch_day_of_week_operator.py
[2023-10-28T08:22:45.505+0000] {processor.py:799} INFO - Processing file /usr/local/lib/python3.10/dist-packages/airflow/example_dags/example_branch_day_of_week_operator.py for tasks to queue
[2023-10-28T08:22:45.507+0000] {logging_mixin.py:149} INFO - [2023-10-28T08:22:45.506+0000] {dagbag.py:541} INFO - Filling up the DagBag from /usr/local/lib/python3.10/dist-packages/airflow/example_dags/example_branch_day_of_week_operator.py
[2023-10-28T08:22:45.527+0000] {processor.py:809} INFO - DAG(s) dict_keys(['example_weekday_branch_operator']) retrieved from /usr/local/lib/python3.10/dist-packages/airflow/example_dags/example_branch_day_of_week_operator.py
[2023-10-28T08:22:45.619+0000] {logging_mixin.py:149} INFO - [2023-10-28T08:22:45.619+0000] {dag.py:2726} INFO - Sync 1 DAGs
[2023-10-28T08:22:45.695+0000] {logging_mixin.py:149} INFO - [2023-10-28T08:22:45.695+0000] {dag.py:3486} INFO - Setting next_dagrun for example_weekday_branch_operator to 2023-10-27T00:00:00+00:00, run_after=2023-10-28T00:00:00+00:00
[2023-10-28T08:22:45.759+0000] {processor.py:178} INFO - Processing /usr/local/lib/python3.10/dist-packages/airflow/example_dags/example_branch_day_of_week_operator.py took 0.281 seconds
[2023-10-28T08:23:16.223+0000] {processor.py:156} INFO - Started process (PID=1506566) to work on /usr/local/lib/python3.10/dist-packages/airflow/example_dags/example_branch_day_of_week_operator.py
[2023-10-28T08:23:16.224+0000] {processor.py:799} INFO - Processing file /usr/local/lib/python3.10/dist-packages/airflow/example_dags/example_branch_day_of_week_operator.py for tasks to queue
[2023-10-28T08:23:16.226+0000] {logging_mixin.py:149} INFO - [2023-10-28T08:23:16.226+0000] {dagbag.py:541} INFO - Filling up the DagBag from /usr/local/lib/python3.10/dist-packages/airflow/example_dags/example_branch_day_of_week_operator.py
[2023-10-28T08:23:16.244+0000] {processor.py:809} INFO - DAG(s) dict_keys(['example_weekday_branch_operator']) retrieved from /usr/local/lib/python3.10/dist-packages/airflow/example_dags/example_branch_day_of_week_operator.py
[2023-10-28T08:23:16.323+0000] {logging_mixin.py:149} INFO - [2023-10-28T08:23:16.322+0000] {dag.py:2726} INFO - Sync 1 DAGs
[2023-10-28T08:23:16.399+0000] {logging_mixin.py:149} INFO - [2023-10-28T08:23:16.399+0000] {dag.py:3486} INFO - Setting next_dagrun for example_weekday_branch_operator to 2023-10-27T00:00:00+00:00, run_after=2023-10-28T00:00:00+00:00
[2023-10-28T08:23:16.467+0000] {processor.py:178} INFO - Processing /usr/local/lib/python3.10/dist-packages/airflow/example_dags/example_branch_day_of_week_operator.py took 0.251 seconds
[2023-10-28T08:23:46.875+0000] {processor.py:156} INFO - Started process (PID=1507076) to work on /usr/local/lib/python3.10/dist-packages/airflow/example_dags/example_branch_day_of_week_operator.py
[2023-10-28T08:23:46.901+0000] {processor.py:799} INFO - Processing file /usr/local/lib/python3.10/dist-packages/airflow/example_dags/example_branch_day_of_week_operator.py for tasks to queue
[2023-10-28T08:23:46.903+0000] {logging_mixin.py:149} INFO - [2023-10-28T08:23:46.902+0000] {dagbag.py:541} INFO - Filling up the DagBag from /usr/local/lib/python3.10/dist-packages/airflow/example_dags/example_branch_day_of_week_operator.py
[2023-10-28T08:23:46.920+0000] {processor.py:809} INFO - DAG(s) dict_keys(['example_weekday_branch_operator']) retrieved from /usr/local/lib/python3.10/dist-packages/airflow/example_dags/example_branch_day_of_week_operator.py
[2023-10-28T08:23:47.004+0000] {logging_mixin.py:149} INFO - [2023-10-28T08:23:47.004+0000] {dag.py:2726} INFO - Sync 1 DAGs
[2023-10-28T08:23:47.085+0000] {logging_mixin.py:149} INFO - [2023-10-28T08:23:47.084+0000] {dag.py:3486} INFO - Setting next_dagrun for example_weekday_branch_operator to 2023-10-27T00:00:00+00:00, run_after=2023-10-28T00:00:00+00:00
[2023-10-28T08:23:47.182+0000] {processor.py:178} INFO - Processing /usr/local/lib/python3.10/dist-packages/airflow/example_dags/example_branch_day_of_week_operator.py took 0.314 seconds
[2023-10-28T08:24:17.754+0000] {processor.py:156} INFO - Started process (PID=1507688) to work on /usr/local/lib/python3.10/dist-packages/airflow/example_dags/example_branch_day_of_week_operator.py
[2023-10-28T08:24:17.781+0000] {processor.py:799} INFO - Processing file /usr/local/lib/python3.10/dist-packages/airflow/example_dags/example_branch_day_of_week_operator.py for tasks to queue
[2023-10-28T08:24:17.783+0000] {logging_mixin.py:149} INFO - [2023-10-28T08:24:17.783+0000] {dagbag.py:541} INFO - Filling up the DagBag from /usr/local/lib/python3.10/dist-packages/airflow/example_dags/example_branch_day_of_week_operator.py
[2023-10-28T08:24:17.801+0000] {processor.py:809} INFO - DAG(s) dict_keys(['example_weekday_branch_operator']) retrieved from /usr/local/lib/python3.10/dist-packages/airflow/example_dags/example_branch_day_of_week_operator.py
[2023-10-28T08:24:17.883+0000] {logging_mixin.py:149} INFO - [2023-10-28T08:24:17.883+0000] {dag.py:2726} INFO - Sync 1 DAGs
[2023-10-28T08:24:17.960+0000] {logging_mixin.py:149} INFO - [2023-10-28T08:24:17.959+0000] {dag.py:3486} INFO - Setting next_dagrun for example_weekday_branch_operator to 2023-10-27T00:00:00+00:00, run_after=2023-10-28T00:00:00+00:00
[2023-10-28T08:24:18.062+0000] {processor.py:178} INFO - Processing /usr/local/lib/python3.10/dist-packages/airflow/example_dags/example_branch_day_of_week_operator.py took 0.315 seconds
[2023-10-28T08:24:48.282+0000] {processor.py:156} INFO - Started process (PID=1508149) to work on /usr/local/lib/python3.10/dist-packages/airflow/example_dags/example_branch_day_of_week_operator.py
[2023-10-28T08:24:48.306+0000] {processor.py:799} INFO - Processing file /usr/local/lib/python3.10/dist-packages/airflow/example_dags/example_branch_day_of_week_operator.py for tasks to queue
[2023-10-28T08:24:48.308+0000] {logging_mixin.py:149} INFO - [2023-10-28T08:24:48.307+0000] {dagbag.py:541} INFO - Filling up the DagBag from /usr/local/lib/python3.10/dist-packages/airflow/example_dags/example_branch_day_of_week_operator.py
[2023-10-28T08:24:48.327+0000] {processor.py:809} INFO - DAG(s) dict_keys(['example_weekday_branch_operator']) retrieved from /usr/local/lib/python3.10/dist-packages/airflow/example_dags/example_branch_day_of_week_operator.py
[2023-10-28T08:24:48.408+0000] {logging_mixin.py:149} INFO - [2023-10-28T08:24:48.408+0000] {dag.py:2726} INFO - Sync 1 DAGs
[2023-10-28T08:24:48.485+0000] {logging_mixin.py:149} INFO - [2023-10-28T08:24:48.484+0000] {dag.py:3486} INFO - Setting next_dagrun for example_weekday_branch_operator to 2023-10-27T00:00:00+00:00, run_after=2023-10-28T00:00:00+00:00
[2023-10-28T08:24:48.556+0000] {processor.py:178} INFO - Processing /usr/local/lib/python3.10/dist-packages/airflow/example_dags/example_branch_day_of_week_operator.py took 0.282 seconds
[2023-10-28T08:25:18.867+0000] {processor.py:156} INFO - Started process (PID=1508746) to work on /usr/local/lib/python3.10/dist-packages/airflow/example_dags/example_branch_day_of_week_operator.py
[2023-10-28T08:25:18.897+0000] {processor.py:799} INFO - Processing file /usr/local/lib/python3.10/dist-packages/airflow/example_dags/example_branch_day_of_week_operator.py for tasks to queue
[2023-10-28T08:25:18.898+0000] {logging_mixin.py:149} INFO - [2023-10-28T08:25:18.898+0000] {dagbag.py:541} INFO - Filling up the DagBag from /usr/local/lib/python3.10/dist-packages/airflow/example_dags/example_branch_day_of_week_operator.py
[2023-10-28T08:25:18.921+0000] {processor.py:809} INFO - DAG(s) dict_keys(['example_weekday_branch_operator']) retrieved from /usr/local/lib/python3.10/dist-packages/airflow/example_dags/example_branch_day_of_week_operator.py
[2023-10-28T08:25:19.017+0000] {logging_mixin.py:149} INFO - [2023-10-28T08:25:19.016+0000] {dag.py:2726} INFO - Sync 1 DAGs
[2023-10-28T08:25:19.104+0000] {logging_mixin.py:149} INFO - [2023-10-28T08:25:19.104+0000] {dag.py:3486} INFO - Setting next_dagrun for example_weekday_branch_operator to 2023-10-27T00:00:00+00:00, run_after=2023-10-28T00:00:00+00:00
[2023-10-28T08:25:19.213+0000] {processor.py:178} INFO - Processing /usr/local/lib/python3.10/dist-packages/airflow/example_dags/example_branch_day_of_week_operator.py took 0.353 seconds
[2023-10-28T08:25:49.416+0000] {processor.py:156} INFO - Started process (PID=1509394) to work on /usr/local/lib/python3.10/dist-packages/airflow/example_dags/example_branch_day_of_week_operator.py
[2023-10-28T08:25:49.438+0000] {processor.py:799} INFO - Processing file /usr/local/lib/python3.10/dist-packages/airflow/example_dags/example_branch_day_of_week_operator.py for tasks to queue
[2023-10-28T08:25:49.440+0000] {logging_mixin.py:149} INFO - [2023-10-28T08:25:49.439+0000] {dagbag.py:541} INFO - Filling up the DagBag from /usr/local/lib/python3.10/dist-packages/airflow/example_dags/example_branch_day_of_week_operator.py
[2023-10-28T08:25:49.457+0000] {processor.py:809} INFO - DAG(s) dict_keys(['example_weekday_branch_operator']) retrieved from /usr/local/lib/python3.10/dist-packages/airflow/example_dags/example_branch_day_of_week_operator.py
[2023-10-28T08:25:49.536+0000] {logging_mixin.py:149} INFO - [2023-10-28T08:25:49.535+0000] {dag.py:2726} INFO - Sync 1 DAGs
[2023-10-28T08:25:49.613+0000] {logging_mixin.py:149} INFO - [2023-10-28T08:25:49.613+0000] {dag.py:3486} INFO - Setting next_dagrun for example_weekday_branch_operator to 2023-10-27T00:00:00+00:00, run_after=2023-10-28T00:00:00+00:00
[2023-10-28T08:25:49.708+0000] {processor.py:178} INFO - Processing /usr/local/lib/python3.10/dist-packages/airflow/example_dags/example_branch_day_of_week_operator.py took 0.300 seconds
[2023-10-28T08:26:19.969+0000] {processor.py:156} INFO - Started process (PID=1509773) to work on /usr/local/lib/python3.10/dist-packages/airflow/example_dags/example_branch_day_of_week_operator.py
[2023-10-28T08:26:19.993+0000] {processor.py:799} INFO - Processing file /usr/local/lib/python3.10/dist-packages/airflow/example_dags/example_branch_day_of_week_operator.py for tasks to queue
[2023-10-28T08:26:19.995+0000] {logging_mixin.py:149} INFO - [2023-10-28T08:26:19.994+0000] {dagbag.py:541} INFO - Filling up the DagBag from /usr/local/lib/python3.10/dist-packages/airflow/example_dags/example_branch_day_of_week_operator.py
[2023-10-28T08:26:20.015+0000] {processor.py:809} INFO - DAG(s) dict_keys(['example_weekday_branch_operator']) retrieved from /usr/local/lib/python3.10/dist-packages/airflow/example_dags/example_branch_day_of_week_operator.py
[2023-10-28T08:26:20.101+0000] {logging_mixin.py:149} INFO - [2023-10-28T08:26:20.100+0000] {dag.py:2726} INFO - Sync 1 DAGs
[2023-10-28T08:26:20.181+0000] {logging_mixin.py:149} INFO - [2023-10-28T08:26:20.181+0000] {dag.py:3486} INFO - Setting next_dagrun for example_weekday_branch_operator to 2023-10-27T00:00:00+00:00, run_after=2023-10-28T00:00:00+00:00
[2023-10-28T08:26:20.280+0000] {processor.py:178} INFO - Processing /usr/local/lib/python3.10/dist-packages/airflow/example_dags/example_branch_day_of_week_operator.py took 0.318 seconds
[2023-10-28T08:26:50.602+0000] {processor.py:156} INFO - Started process (PID=1510247) to work on /usr/local/lib/python3.10/dist-packages/airflow/example_dags/example_branch_day_of_week_operator.py
[2023-10-28T08:26:50.628+0000] {processor.py:799} INFO - Processing file /usr/local/lib/python3.10/dist-packages/airflow/example_dags/example_branch_day_of_week_operator.py for tasks to queue
[2023-10-28T08:26:50.630+0000] {logging_mixin.py:149} INFO - [2023-10-28T08:26:50.630+0000] {dagbag.py:541} INFO - Filling up the DagBag from /usr/local/lib/python3.10/dist-packages/airflow/example_dags/example_branch_day_of_week_operator.py
[2023-10-28T08:26:50.648+0000] {processor.py:809} INFO - DAG(s) dict_keys(['example_weekday_branch_operator']) retrieved from /usr/local/lib/python3.10/dist-packages/airflow/example_dags/example_branch_day_of_week_operator.py
[2023-10-28T08:26:50.733+0000] {logging_mixin.py:149} INFO - [2023-10-28T08:26:50.733+0000] {dag.py:2726} INFO - Sync 1 DAGs
[2023-10-28T08:26:50.813+0000] {logging_mixin.py:149} INFO - [2023-10-28T08:26:50.813+0000] {dag.py:3486} INFO - Setting next_dagrun for example_weekday_branch_operator to 2023-10-27T00:00:00+00:00, run_after=2023-10-28T00:00:00+00:00
[2023-10-28T08:26:50.907+0000] {processor.py:178} INFO - Processing /usr/local/lib/python3.10/dist-packages/airflow/example_dags/example_branch_day_of_week_operator.py took 0.313 seconds
[2023-10-28T08:27:21.381+0000] {processor.py:156} INFO - Started process (PID=1510707) to work on /usr/local/lib/python3.10/dist-packages/airflow/example_dags/example_branch_day_of_week_operator.py
[2023-10-28T08:27:21.405+0000] {processor.py:799} INFO - Processing file /usr/local/lib/python3.10/dist-packages/airflow/example_dags/example_branch_day_of_week_operator.py for tasks to queue
[2023-10-28T08:27:21.407+0000] {logging_mixin.py:149} INFO - [2023-10-28T08:27:21.406+0000] {dagbag.py:541} INFO - Filling up the DagBag from /usr/local/lib/python3.10/dist-packages/airflow/example_dags/example_branch_day_of_week_operator.py
[2023-10-28T08:27:21.427+0000] {processor.py:809} INFO - DAG(s) dict_keys(['example_weekday_branch_operator']) retrieved from /usr/local/lib/python3.10/dist-packages/airflow/example_dags/example_branch_day_of_week_operator.py
[2023-10-28T08:27:21.511+0000] {logging_mixin.py:149} INFO - [2023-10-28T08:27:21.510+0000] {dag.py:2726} INFO - Sync 1 DAGs
[2023-10-28T08:27:21.591+0000] {logging_mixin.py:149} INFO - [2023-10-28T08:27:21.590+0000] {dag.py:3486} INFO - Setting next_dagrun for example_weekday_branch_operator to 2023-10-27T00:00:00+00:00, run_after=2023-10-28T00:00:00+00:00
[2023-10-28T08:27:21.653+0000] {processor.py:178} INFO - Processing /usr/local/lib/python3.10/dist-packages/airflow/example_dags/example_branch_day_of_week_operator.py took 0.280 seconds
[2023-10-28T08:27:52.010+0000] {processor.py:156} INFO - Started process (PID=1511062) to work on /usr/local/lib/python3.10/dist-packages/airflow/example_dags/example_branch_day_of_week_operator.py
[2023-10-28T08:27:52.041+0000] {processor.py:799} INFO - Processing file /usr/local/lib/python3.10/dist-packages/airflow/example_dags/example_branch_day_of_week_operator.py for tasks to queue
[2023-10-28T08:27:52.043+0000] {logging_mixin.py:149} INFO - [2023-10-28T08:27:52.042+0000] {dagbag.py:541} INFO - Filling up the DagBag from /usr/local/lib/python3.10/dist-packages/airflow/example_dags/example_branch_day_of_week_operator.py
[2023-10-28T08:27:52.062+0000] {processor.py:809} INFO - DAG(s) dict_keys(['example_weekday_branch_operator']) retrieved from /usr/local/lib/python3.10/dist-packages/airflow/example_dags/example_branch_day_of_week_operator.py
[2023-10-28T08:27:52.145+0000] {logging_mixin.py:149} INFO - [2023-10-28T08:27:52.144+0000] {dag.py:2726} INFO - Sync 1 DAGs
[2023-10-28T08:27:52.225+0000] {logging_mixin.py:149} INFO - [2023-10-28T08:27:52.225+0000] {dag.py:3486} INFO - Setting next_dagrun for example_weekday_branch_operator to 2023-10-27T00:00:00+00:00, run_after=2023-10-28T00:00:00+00:00
[2023-10-28T08:27:52.322+0000] {processor.py:178} INFO - Processing /usr/local/lib/python3.10/dist-packages/airflow/example_dags/example_branch_day_of_week_operator.py took 0.320 seconds
[2023-10-28T08:28:22.568+0000] {processor.py:156} INFO - Started process (PID=1511446) to work on /usr/local/lib/python3.10/dist-packages/airflow/example_dags/example_branch_day_of_week_operator.py
[2023-10-28T08:28:22.592+0000] {processor.py:799} INFO - Processing file /usr/local/lib/python3.10/dist-packages/airflow/example_dags/example_branch_day_of_week_operator.py for tasks to queue
[2023-10-28T08:28:22.594+0000] {logging_mixin.py:149} INFO - [2023-10-28T08:28:22.594+0000] {dagbag.py:541} INFO - Filling up the DagBag from /usr/local/lib/python3.10/dist-packages/airflow/example_dags/example_branch_day_of_week_operator.py
[2023-10-28T08:28:22.615+0000] {processor.py:809} INFO - DAG(s) dict_keys(['example_weekday_branch_operator']) retrieved from /usr/local/lib/python3.10/dist-packages/airflow/example_dags/example_branch_day_of_week_operator.py
[2023-10-28T08:28:22.699+0000] {logging_mixin.py:149} INFO - [2023-10-28T08:28:22.698+0000] {dag.py:2726} INFO - Sync 1 DAGs
[2023-10-28T08:28:22.785+0000] {logging_mixin.py:149} INFO - [2023-10-28T08:28:22.784+0000] {dag.py:3486} INFO - Setting next_dagrun for example_weekday_branch_operator to 2023-10-27T00:00:00+00:00, run_after=2023-10-28T00:00:00+00:00
[2023-10-28T08:28:22.887+0000] {processor.py:178} INFO - Processing /usr/local/lib/python3.10/dist-packages/airflow/example_dags/example_branch_day_of_week_operator.py took 0.327 seconds
[2023-10-28T08:28:53.322+0000] {processor.py:156} INFO - Started process (PID=1511800) to work on /usr/local/lib/python3.10/dist-packages/airflow/example_dags/example_branch_day_of_week_operator.py
[2023-10-28T08:28:53.324+0000] {processor.py:799} INFO - Processing file /usr/local/lib/python3.10/dist-packages/airflow/example_dags/example_branch_day_of_week_operator.py for tasks to queue
[2023-10-28T08:28:53.326+0000] {logging_mixin.py:149} INFO - [2023-10-28T08:28:53.326+0000] {dagbag.py:541} INFO - Filling up the DagBag from /usr/local/lib/python3.10/dist-packages/airflow/example_dags/example_branch_day_of_week_operator.py
[2023-10-28T08:28:53.344+0000] {processor.py:809} INFO - DAG(s) dict_keys(['example_weekday_branch_operator']) retrieved from /usr/local/lib/python3.10/dist-packages/airflow/example_dags/example_branch_day_of_week_operator.py
[2023-10-28T08:28:53.430+0000] {logging_mixin.py:149} INFO - [2023-10-28T08:28:53.429+0000] {dag.py:2726} INFO - Sync 1 DAGs
[2023-10-28T08:28:53.511+0000] {logging_mixin.py:149} INFO - [2023-10-28T08:28:53.510+0000] {dag.py:3486} INFO - Setting next_dagrun for example_weekday_branch_operator to 2023-10-27T00:00:00+00:00, run_after=2023-10-28T00:00:00+00:00
[2023-10-28T08:28:53.575+0000] {processor.py:178} INFO - Processing /usr/local/lib/python3.10/dist-packages/airflow/example_dags/example_branch_day_of_week_operator.py took 0.260 seconds
[2023-10-28T08:29:24.070+0000] {processor.py:156} INFO - Started process (PID=1512196) to work on /usr/local/lib/python3.10/dist-packages/airflow/example_dags/example_branch_day_of_week_operator.py
[2023-10-28T08:29:24.104+0000] {processor.py:799} INFO - Processing file /usr/local/lib/python3.10/dist-packages/airflow/example_dags/example_branch_day_of_week_operator.py for tasks to queue
[2023-10-28T08:29:24.106+0000] {logging_mixin.py:149} INFO - [2023-10-28T08:29:24.106+0000] {dagbag.py:541} INFO - Filling up the DagBag from /usr/local/lib/python3.10/dist-packages/airflow/example_dags/example_branch_day_of_week_operator.py
[2023-10-28T08:29:24.126+0000] {processor.py:809} INFO - DAG(s) dict_keys(['example_weekday_branch_operator']) retrieved from /usr/local/lib/python3.10/dist-packages/airflow/example_dags/example_branch_day_of_week_operator.py
[2023-10-28T08:29:24.211+0000] {logging_mixin.py:149} INFO - [2023-10-28T08:29:24.211+0000] {dag.py:2726} INFO - Sync 1 DAGs
[2023-10-28T08:29:24.290+0000] {logging_mixin.py:149} INFO - [2023-10-28T08:29:24.290+0000] {dag.py:3486} INFO - Setting next_dagrun for example_weekday_branch_operator to 2023-10-27T00:00:00+00:00, run_after=2023-10-28T00:00:00+00:00
[2023-10-28T08:29:24.391+0000] {processor.py:178} INFO - Processing /usr/local/lib/python3.10/dist-packages/airflow/example_dags/example_branch_day_of_week_operator.py took 0.329 seconds
[2023-10-28T08:29:54.604+0000] {processor.py:156} INFO - Started process (PID=1512548) to work on /usr/local/lib/python3.10/dist-packages/airflow/example_dags/example_branch_day_of_week_operator.py
[2023-10-28T08:29:54.607+0000] {processor.py:799} INFO - Processing file /usr/local/lib/python3.10/dist-packages/airflow/example_dags/example_branch_day_of_week_operator.py for tasks to queue
[2023-10-28T08:29:54.609+0000] {logging_mixin.py:149} INFO - [2023-10-28T08:29:54.609+0000] {dagbag.py:541} INFO - Filling up the DagBag from /usr/local/lib/python3.10/dist-packages/airflow/example_dags/example_branch_day_of_week_operator.py
[2023-10-28T08:29:54.627+0000] {processor.py:809} INFO - DAG(s) dict_keys(['example_weekday_branch_operator']) retrieved from /usr/local/lib/python3.10/dist-packages/airflow/example_dags/example_branch_day_of_week_operator.py
[2023-10-28T08:29:54.710+0000] {logging_mixin.py:149} INFO - [2023-10-28T08:29:54.709+0000] {dag.py:2726} INFO - Sync 1 DAGs
[2023-10-28T08:29:54.791+0000] {logging_mixin.py:149} INFO - [2023-10-28T08:29:54.791+0000] {dag.py:3486} INFO - Setting next_dagrun for example_weekday_branch_operator to 2023-10-27T00:00:00+00:00, run_after=2023-10-28T00:00:00+00:00
[2023-10-28T08:29:54.904+0000] {processor.py:178} INFO - Processing /usr/local/lib/python3.10/dist-packages/airflow/example_dags/example_branch_day_of_week_operator.py took 0.308 seconds
[2023-10-28T08:30:25.145+0000] {processor.py:156} INFO - Started process (PID=1513127) to work on /usr/local/lib/python3.10/dist-packages/airflow/example_dags/example_branch_day_of_week_operator.py
[2023-10-28T08:30:25.147+0000] {processor.py:799} INFO - Processing file /usr/local/lib/python3.10/dist-packages/airflow/example_dags/example_branch_day_of_week_operator.py for tasks to queue
[2023-10-28T08:30:25.149+0000] {logging_mixin.py:149} INFO - [2023-10-28T08:30:25.149+0000] {dagbag.py:541} INFO - Filling up the DagBag from /usr/local/lib/python3.10/dist-packages/airflow/example_dags/example_branch_day_of_week_operator.py
[2023-10-28T08:30:25.167+0000] {processor.py:809} INFO - DAG(s) dict_keys(['example_weekday_branch_operator']) retrieved from /usr/local/lib/python3.10/dist-packages/airflow/example_dags/example_branch_day_of_week_operator.py
[2023-10-28T08:30:25.253+0000] {logging_mixin.py:149} INFO - [2023-10-28T08:30:25.252+0000] {dag.py:2726} INFO - Sync 1 DAGs
[2023-10-28T08:30:25.331+0000] {logging_mixin.py:149} INFO - [2023-10-28T08:30:25.331+0000] {dag.py:3486} INFO - Setting next_dagrun for example_weekday_branch_operator to 2023-10-27T00:00:00+00:00, run_after=2023-10-28T00:00:00+00:00
[2023-10-28T08:30:25.442+0000] {processor.py:178} INFO - Processing /usr/local/lib/python3.10/dist-packages/airflow/example_dags/example_branch_day_of_week_operator.py took 0.304 seconds
[2023-10-28T08:30:55.753+0000] {processor.py:156} INFO - Started process (PID=1513547) to work on /usr/local/lib/python3.10/dist-packages/airflow/example_dags/example_branch_day_of_week_operator.py
[2023-10-28T08:30:55.789+0000] {processor.py:799} INFO - Processing file /usr/local/lib/python3.10/dist-packages/airflow/example_dags/example_branch_day_of_week_operator.py for tasks to queue
[2023-10-28T08:30:55.791+0000] {logging_mixin.py:149} INFO - [2023-10-28T08:30:55.790+0000] {dagbag.py:541} INFO - Filling up the DagBag from /usr/local/lib/python3.10/dist-packages/airflow/example_dags/example_branch_day_of_week_operator.py
[2023-10-28T08:30:55.808+0000] {processor.py:809} INFO - DAG(s) dict_keys(['example_weekday_branch_operator']) retrieved from /usr/local/lib/python3.10/dist-packages/airflow/example_dags/example_branch_day_of_week_operator.py
[2023-10-28T08:30:55.894+0000] {logging_mixin.py:149} INFO - [2023-10-28T08:30:55.893+0000] {dag.py:2726} INFO - Sync 1 DAGs
[2023-10-28T08:30:55.975+0000] {logging_mixin.py:149} INFO - [2023-10-28T08:30:55.975+0000] {dag.py:3486} INFO - Setting next_dagrun for example_weekday_branch_operator to 2023-10-27T00:00:00+00:00, run_after=2023-10-28T00:00:00+00:00
[2023-10-28T08:30:56.080+0000] {processor.py:178} INFO - Processing /usr/local/lib/python3.10/dist-packages/airflow/example_dags/example_branch_day_of_week_operator.py took 0.334 seconds
[2023-10-28T08:31:26.691+0000] {processor.py:156} INFO - Started process (PID=1514081) to work on /usr/local/lib/python3.10/dist-packages/airflow/example_dags/example_branch_day_of_week_operator.py
[2023-10-28T08:31:26.726+0000] {processor.py:799} INFO - Processing file /usr/local/lib/python3.10/dist-packages/airflow/example_dags/example_branch_day_of_week_operator.py for tasks to queue
[2023-10-28T08:31:26.728+0000] {logging_mixin.py:149} INFO - [2023-10-28T08:31:26.727+0000] {dagbag.py:541} INFO - Filling up the DagBag from /usr/local/lib/python3.10/dist-packages/airflow/example_dags/example_branch_day_of_week_operator.py
[2023-10-28T08:31:26.745+0000] {processor.py:809} INFO - DAG(s) dict_keys(['example_weekday_branch_operator']) retrieved from /usr/local/lib/python3.10/dist-packages/airflow/example_dags/example_branch_day_of_week_operator.py
[2023-10-28T08:31:26.830+0000] {logging_mixin.py:149} INFO - [2023-10-28T08:31:26.830+0000] {dag.py:2726} INFO - Sync 1 DAGs
[2023-10-28T08:31:26.909+0000] {logging_mixin.py:149} INFO - [2023-10-28T08:31:26.908+0000] {dag.py:3486} INFO - Setting next_dagrun for example_weekday_branch_operator to 2023-10-27T00:00:00+00:00, run_after=2023-10-28T00:00:00+00:00
[2023-10-28T08:31:27.019+0000] {processor.py:178} INFO - Processing /usr/local/lib/python3.10/dist-packages/airflow/example_dags/example_branch_day_of_week_operator.py took 0.335 seconds
[2023-10-28T08:31:57.878+0000] {processor.py:156} INFO - Started process (PID=1514762) to work on /usr/local/lib/python3.10/dist-packages/airflow/example_dags/example_branch_day_of_week_operator.py
[2023-10-28T08:31:57.881+0000] {processor.py:799} INFO - Processing file /usr/local/lib/python3.10/dist-packages/airflow/example_dags/example_branch_day_of_week_operator.py for tasks to queue
[2023-10-28T08:31:57.883+0000] {logging_mixin.py:149} INFO - [2023-10-28T08:31:57.882+0000] {dagbag.py:541} INFO - Filling up the DagBag from /usr/local/lib/python3.10/dist-packages/airflow/example_dags/example_branch_day_of_week_operator.py
[2023-10-28T08:31:57.901+0000] {processor.py:809} INFO - DAG(s) dict_keys(['example_weekday_branch_operator']) retrieved from /usr/local/lib/python3.10/dist-packages/airflow/example_dags/example_branch_day_of_week_operator.py
[2023-10-28T08:31:57.986+0000] {logging_mixin.py:149} INFO - [2023-10-28T08:31:57.985+0000] {dag.py:2726} INFO - Sync 1 DAGs
[2023-10-28T08:31:58.069+0000] {logging_mixin.py:149} INFO - [2023-10-28T08:31:58.068+0000] {dag.py:3486} INFO - Setting next_dagrun for example_weekday_branch_operator to 2023-10-27T00:00:00+00:00, run_after=2023-10-28T00:00:00+00:00
[2023-10-28T08:31:58.136+0000] {processor.py:178} INFO - Processing /usr/local/lib/python3.10/dist-packages/airflow/example_dags/example_branch_day_of_week_operator.py took 0.265 seconds
[2023-10-28T08:32:28.969+0000] {processor.py:156} INFO - Started process (PID=1515303) to work on /usr/local/lib/python3.10/dist-packages/airflow/example_dags/example_branch_day_of_week_operator.py
[2023-10-28T08:32:29.000+0000] {processor.py:799} INFO - Processing file /usr/local/lib/python3.10/dist-packages/airflow/example_dags/example_branch_day_of_week_operator.py for tasks to queue
[2023-10-28T08:32:29.002+0000] {logging_mixin.py:149} INFO - [2023-10-28T08:32:29.001+0000] {dagbag.py:541} INFO - Filling up the DagBag from /usr/local/lib/python3.10/dist-packages/airflow/example_dags/example_branch_day_of_week_operator.py
[2023-10-28T08:32:29.019+0000] {processor.py:809} INFO - DAG(s) dict_keys(['example_weekday_branch_operator']) retrieved from /usr/local/lib/python3.10/dist-packages/airflow/example_dags/example_branch_day_of_week_operator.py
[2023-10-28T08:32:29.098+0000] {logging_mixin.py:149} INFO - [2023-10-28T08:32:29.098+0000] {dag.py:2726} INFO - Sync 1 DAGs
[2023-10-28T08:32:29.175+0000] {logging_mixin.py:149} INFO - [2023-10-28T08:32:29.174+0000] {dag.py:3486} INFO - Setting next_dagrun for example_weekday_branch_operator to 2023-10-27T00:00:00+00:00, run_after=2023-10-28T00:00:00+00:00
[2023-10-28T08:32:29.272+0000] {processor.py:178} INFO - Processing /usr/local/lib/python3.10/dist-packages/airflow/example_dags/example_branch_day_of_week_operator.py took 0.312 seconds
[2023-10-28T08:33:00.349+0000] {processor.py:156} INFO - Started process (PID=1515924) to work on /usr/local/lib/python3.10/dist-packages/airflow/example_dags/example_branch_day_of_week_operator.py
[2023-10-28T08:33:00.389+0000] {processor.py:799} INFO - Processing file /usr/local/lib/python3.10/dist-packages/airflow/example_dags/example_branch_day_of_week_operator.py for tasks to queue
[2023-10-28T08:33:00.391+0000] {logging_mixin.py:149} INFO - [2023-10-28T08:33:00.390+0000] {dagbag.py:541} INFO - Filling up the DagBag from /usr/local/lib/python3.10/dist-packages/airflow/example_dags/example_branch_day_of_week_operator.py
[2023-10-28T08:33:00.408+0000] {processor.py:809} INFO - DAG(s) dict_keys(['example_weekday_branch_operator']) retrieved from /usr/local/lib/python3.10/dist-packages/airflow/example_dags/example_branch_day_of_week_operator.py
[2023-10-28T08:33:00.496+0000] {logging_mixin.py:149} INFO - [2023-10-28T08:33:00.495+0000] {dag.py:2726} INFO - Sync 1 DAGs
[2023-10-28T08:33:00.583+0000] {logging_mixin.py:149} INFO - [2023-10-28T08:33:00.583+0000] {dag.py:3486} INFO - Setting next_dagrun for example_weekday_branch_operator to 2023-10-27T00:00:00+00:00, run_after=2023-10-28T00:00:00+00:00
[2023-10-28T08:33:00.679+0000] {processor.py:178} INFO - Processing /usr/local/lib/python3.10/dist-packages/airflow/example_dags/example_branch_day_of_week_operator.py took 0.337 seconds
[2023-10-28T08:33:30.812+0000] {processor.py:156} INFO - Started process (PID=1516306) to work on /usr/local/lib/python3.10/dist-packages/airflow/example_dags/example_branch_day_of_week_operator.py
[2023-10-28T08:33:30.814+0000] {processor.py:799} INFO - Processing file /usr/local/lib/python3.10/dist-packages/airflow/example_dags/example_branch_day_of_week_operator.py for tasks to queue
[2023-10-28T08:33:30.816+0000] {logging_mixin.py:149} INFO - [2023-10-28T08:33:30.815+0000] {dagbag.py:541} INFO - Filling up the DagBag from /usr/local/lib/python3.10/dist-packages/airflow/example_dags/example_branch_day_of_week_operator.py
[2023-10-28T08:33:30.833+0000] {processor.py:809} INFO - DAG(s) dict_keys(['example_weekday_branch_operator']) retrieved from /usr/local/lib/python3.10/dist-packages/airflow/example_dags/example_branch_day_of_week_operator.py
[2023-10-28T08:33:30.912+0000] {logging_mixin.py:149} INFO - [2023-10-28T08:33:30.911+0000] {dag.py:2726} INFO - Sync 1 DAGs
[2023-10-28T08:33:30.991+0000] {logging_mixin.py:149} INFO - [2023-10-28T08:33:30.990+0000] {dag.py:3486} INFO - Setting next_dagrun for example_weekday_branch_operator to 2023-10-27T00:00:00+00:00, run_after=2023-10-28T00:00:00+00:00
[2023-10-28T08:33:31.112+0000] {processor.py:178} INFO - Processing /usr/local/lib/python3.10/dist-packages/airflow/example_dags/example_branch_day_of_week_operator.py took 0.309 seconds
[2023-10-28T08:34:01.409+0000] {processor.py:156} INFO - Started process (PID=1516663) to work on /usr/local/lib/python3.10/dist-packages/airflow/example_dags/example_branch_day_of_week_operator.py
[2023-10-28T08:34:01.411+0000] {processor.py:799} INFO - Processing file /usr/local/lib/python3.10/dist-packages/airflow/example_dags/example_branch_day_of_week_operator.py for tasks to queue
[2023-10-28T08:34:01.413+0000] {logging_mixin.py:149} INFO - [2023-10-28T08:34:01.412+0000] {dagbag.py:541} INFO - Filling up the DagBag from /usr/local/lib/python3.10/dist-packages/airflow/example_dags/example_branch_day_of_week_operator.py
[2023-10-28T08:34:01.430+0000] {processor.py:809} INFO - DAG(s) dict_keys(['example_weekday_branch_operator']) retrieved from /usr/local/lib/python3.10/dist-packages/airflow/example_dags/example_branch_day_of_week_operator.py
[2023-10-28T08:34:01.514+0000] {logging_mixin.py:149} INFO - [2023-10-28T08:34:01.514+0000] {dag.py:2726} INFO - Sync 1 DAGs
[2023-10-28T08:34:01.595+0000] {logging_mixin.py:149} INFO - [2023-10-28T08:34:01.595+0000] {dag.py:3486} INFO - Setting next_dagrun for example_weekday_branch_operator to 2023-10-27T00:00:00+00:00, run_after=2023-10-28T00:00:00+00:00
[2023-10-28T08:34:01.696+0000] {processor.py:178} INFO - Processing /usr/local/lib/python3.10/dist-packages/airflow/example_dags/example_branch_day_of_week_operator.py took 0.294 seconds
[2023-10-28T08:34:32.134+0000] {processor.py:156} INFO - Started process (PID=1517060) to work on /usr/local/lib/python3.10/dist-packages/airflow/example_dags/example_branch_day_of_week_operator.py
[2023-10-28T08:34:32.172+0000] {processor.py:799} INFO - Processing file /usr/local/lib/python3.10/dist-packages/airflow/example_dags/example_branch_day_of_week_operator.py for tasks to queue
[2023-10-28T08:34:32.174+0000] {logging_mixin.py:149} INFO - [2023-10-28T08:34:32.174+0000] {dagbag.py:541} INFO - Filling up the DagBag from /usr/local/lib/python3.10/dist-packages/airflow/example_dags/example_branch_day_of_week_operator.py
[2023-10-28T08:34:32.197+0000] {processor.py:809} INFO - DAG(s) dict_keys(['example_weekday_branch_operator']) retrieved from /usr/local/lib/python3.10/dist-packages/airflow/example_dags/example_branch_day_of_week_operator.py
[2023-10-28T08:34:32.282+0000] {logging_mixin.py:149} INFO - [2023-10-28T08:34:32.281+0000] {dag.py:2726} INFO - Sync 1 DAGs
[2023-10-28T08:34:32.358+0000] {logging_mixin.py:149} INFO - [2023-10-28T08:34:32.358+0000] {dag.py:3486} INFO - Setting next_dagrun for example_weekday_branch_operator to 2023-10-27T00:00:00+00:00, run_after=2023-10-28T00:00:00+00:00
[2023-10-28T08:34:32.455+0000] {processor.py:178} INFO - Processing /usr/local/lib/python3.10/dist-packages/airflow/example_dags/example_branch_day_of_week_operator.py took 0.328 seconds
[2023-10-28T08:35:02.692+0000] {processor.py:156} INFO - Started process (PID=1517437) to work on /usr/local/lib/python3.10/dist-packages/airflow/example_dags/example_branch_day_of_week_operator.py
[2023-10-28T08:35:02.728+0000] {processor.py:799} INFO - Processing file /usr/local/lib/python3.10/dist-packages/airflow/example_dags/example_branch_day_of_week_operator.py for tasks to queue
[2023-10-28T08:35:02.730+0000] {logging_mixin.py:149} INFO - [2023-10-28T08:35:02.729+0000] {dagbag.py:541} INFO - Filling up the DagBag from /usr/local/lib/python3.10/dist-packages/airflow/example_dags/example_branch_day_of_week_operator.py
[2023-10-28T08:35:02.746+0000] {processor.py:809} INFO - DAG(s) dict_keys(['example_weekday_branch_operator']) retrieved from /usr/local/lib/python3.10/dist-packages/airflow/example_dags/example_branch_day_of_week_operator.py
[2023-10-28T08:35:02.829+0000] {logging_mixin.py:149} INFO - [2023-10-28T08:35:02.828+0000] {dag.py:2726} INFO - Sync 1 DAGs
[2023-10-28T08:35:02.932+0000] {logging_mixin.py:149} INFO - [2023-10-28T08:35:02.931+0000] {dag.py:3486} INFO - Setting next_dagrun for example_weekday_branch_operator to 2023-10-27T00:00:00+00:00, run_after=2023-10-28T00:00:00+00:00
[2023-10-28T08:35:03.051+0000] {processor.py:178} INFO - Processing /usr/local/lib/python3.10/dist-packages/airflow/example_dags/example_branch_day_of_week_operator.py took 0.367 seconds
[2023-10-28T08:35:33.226+0000] {processor.py:156} INFO - Started process (PID=1518015) to work on /usr/local/lib/python3.10/dist-packages/airflow/example_dags/example_branch_day_of_week_operator.py
[2023-10-28T08:35:33.249+0000] {processor.py:799} INFO - Processing file /usr/local/lib/python3.10/dist-packages/airflow/example_dags/example_branch_day_of_week_operator.py for tasks to queue
[2023-10-28T08:35:33.251+0000] {logging_mixin.py:149} INFO - [2023-10-28T08:35:33.250+0000] {dagbag.py:541} INFO - Filling up the DagBag from /usr/local/lib/python3.10/dist-packages/airflow/example_dags/example_branch_day_of_week_operator.py
[2023-10-28T08:35:33.268+0000] {processor.py:809} INFO - DAG(s) dict_keys(['example_weekday_branch_operator']) retrieved from /usr/local/lib/python3.10/dist-packages/airflow/example_dags/example_branch_day_of_week_operator.py
[2023-10-28T08:35:33.352+0000] {logging_mixin.py:149} INFO - [2023-10-28T08:35:33.351+0000] {dag.py:2726} INFO - Sync 1 DAGs
[2023-10-28T08:35:33.433+0000] {logging_mixin.py:149} INFO - [2023-10-28T08:35:33.433+0000] {dag.py:3486} INFO - Setting next_dagrun for example_weekday_branch_operator to 2023-10-27T00:00:00+00:00, run_after=2023-10-28T00:00:00+00:00
[2023-10-28T08:35:33.529+0000] {processor.py:178} INFO - Processing /usr/local/lib/python3.10/dist-packages/airflow/example_dags/example_branch_day_of_week_operator.py took 0.310 seconds
[2023-10-28T08:36:03.863+0000] {processor.py:156} INFO - Started process (PID=1518455) to work on /usr/local/lib/python3.10/dist-packages/airflow/example_dags/example_branch_day_of_week_operator.py
[2023-10-28T08:36:03.865+0000] {processor.py:799} INFO - Processing file /usr/local/lib/python3.10/dist-packages/airflow/example_dags/example_branch_day_of_week_operator.py for tasks to queue
[2023-10-28T08:36:03.867+0000] {logging_mixin.py:149} INFO - [2023-10-28T08:36:03.867+0000] {dagbag.py:541} INFO - Filling up the DagBag from /usr/local/lib/python3.10/dist-packages/airflow/example_dags/example_branch_day_of_week_operator.py
[2023-10-28T08:36:03.885+0000] {processor.py:809} INFO - DAG(s) dict_keys(['example_weekday_branch_operator']) retrieved from /usr/local/lib/python3.10/dist-packages/airflow/example_dags/example_branch_day_of_week_operator.py
[2023-10-28T08:36:03.967+0000] {logging_mixin.py:149} INFO - [2023-10-28T08:36:03.967+0000] {dag.py:2726} INFO - Sync 1 DAGs
[2023-10-28T08:36:04.058+0000] {logging_mixin.py:149} INFO - [2023-10-28T08:36:04.057+0000] {dag.py:3486} INFO - Setting next_dagrun for example_weekday_branch_operator to 2023-10-27T00:00:00+00:00, run_after=2023-10-28T00:00:00+00:00
[2023-10-28T08:36:04.119+0000] {processor.py:178} INFO - Processing /usr/local/lib/python3.10/dist-packages/airflow/example_dags/example_branch_day_of_week_operator.py took 0.263 seconds
[2023-10-28T08:36:34.835+0000] {processor.py:156} INFO - Started process (PID=1518811) to work on /usr/local/lib/python3.10/dist-packages/airflow/example_dags/example_branch_day_of_week_operator.py
[2023-10-28T08:36:34.861+0000] {processor.py:799} INFO - Processing file /usr/local/lib/python3.10/dist-packages/airflow/example_dags/example_branch_day_of_week_operator.py for tasks to queue
[2023-10-28T08:36:34.863+0000] {logging_mixin.py:149} INFO - [2023-10-28T08:36:34.862+0000] {dagbag.py:541} INFO - Filling up the DagBag from /usr/local/lib/python3.10/dist-packages/airflow/example_dags/example_branch_day_of_week_operator.py
[2023-10-28T08:36:34.880+0000] {processor.py:809} INFO - DAG(s) dict_keys(['example_weekday_branch_operator']) retrieved from /usr/local/lib/python3.10/dist-packages/airflow/example_dags/example_branch_day_of_week_operator.py
[2023-10-28T08:36:34.966+0000] {logging_mixin.py:149} INFO - [2023-10-28T08:36:34.965+0000] {dag.py:2726} INFO - Sync 1 DAGs
[2023-10-28T08:36:35.042+0000] {logging_mixin.py:149} INFO - [2023-10-28T08:36:35.041+0000] {dag.py:3486} INFO - Setting next_dagrun for example_weekday_branch_operator to 2023-10-27T00:00:00+00:00, run_after=2023-10-28T00:00:00+00:00
[2023-10-28T08:36:35.143+0000] {processor.py:178} INFO - Processing /usr/local/lib/python3.10/dist-packages/airflow/example_dags/example_branch_day_of_week_operator.py took 0.315 seconds
[2023-10-28T08:37:05.733+0000] {processor.py:156} INFO - Started process (PID=1519315) to work on /usr/local/lib/python3.10/dist-packages/airflow/example_dags/example_branch_day_of_week_operator.py
[2023-10-28T08:37:05.735+0000] {processor.py:799} INFO - Processing file /usr/local/lib/python3.10/dist-packages/airflow/example_dags/example_branch_day_of_week_operator.py for tasks to queue
[2023-10-28T08:37:05.737+0000] {logging_mixin.py:149} INFO - [2023-10-28T08:37:05.736+0000] {dagbag.py:541} INFO - Filling up the DagBag from /usr/local/lib/python3.10/dist-packages/airflow/example_dags/example_branch_day_of_week_operator.py
[2023-10-28T08:37:05.754+0000] {processor.py:809} INFO - DAG(s) dict_keys(['example_weekday_branch_operator']) retrieved from /usr/local/lib/python3.10/dist-packages/airflow/example_dags/example_branch_day_of_week_operator.py
[2023-10-28T08:37:05.843+0000] {logging_mixin.py:149} INFO - [2023-10-28T08:37:05.842+0000] {dag.py:2726} INFO - Sync 1 DAGs
[2023-10-28T08:37:05.924+0000] {logging_mixin.py:149} INFO - [2023-10-28T08:37:05.923+0000] {dag.py:3486} INFO - Setting next_dagrun for example_weekday_branch_operator to 2023-10-27T00:00:00+00:00, run_after=2023-10-28T00:00:00+00:00
[2023-10-28T08:37:06.002+0000] {processor.py:178} INFO - Processing /usr/local/lib/python3.10/dist-packages/airflow/example_dags/example_branch_day_of_week_operator.py took 0.276 seconds
[2023-10-28T08:37:36.442+0000] {processor.py:156} INFO - Started process (PID=1519684) to work on /usr/local/lib/python3.10/dist-packages/airflow/example_dags/example_branch_day_of_week_operator.py
[2023-10-28T08:37:36.445+0000] {processor.py:799} INFO - Processing file /usr/local/lib/python3.10/dist-packages/airflow/example_dags/example_branch_day_of_week_operator.py for tasks to queue
[2023-10-28T08:37:36.446+0000] {logging_mixin.py:149} INFO - [2023-10-28T08:37:36.446+0000] {dagbag.py:541} INFO - Filling up the DagBag from /usr/local/lib/python3.10/dist-packages/airflow/example_dags/example_branch_day_of_week_operator.py
[2023-10-28T08:37:36.468+0000] {processor.py:809} INFO - DAG(s) dict_keys(['example_weekday_branch_operator']) retrieved from /usr/local/lib/python3.10/dist-packages/airflow/example_dags/example_branch_day_of_week_operator.py
[2023-10-28T08:37:36.553+0000] {logging_mixin.py:149} INFO - [2023-10-28T08:37:36.553+0000] {dag.py:2726} INFO - Sync 1 DAGs
[2023-10-28T08:37:36.637+0000] {logging_mixin.py:149} INFO - [2023-10-28T08:37:36.636+0000] {dag.py:3486} INFO - Setting next_dagrun for example_weekday_branch_operator to 2023-10-27T00:00:00+00:00, run_after=2023-10-28T00:00:00+00:00
[2023-10-28T08:37:36.732+0000] {processor.py:178} INFO - Processing /usr/local/lib/python3.10/dist-packages/airflow/example_dags/example_branch_day_of_week_operator.py took 0.298 seconds
[2023-10-28T08:38:07.327+0000] {processor.py:156} INFO - Started process (PID=1520132) to work on /usr/local/lib/python3.10/dist-packages/airflow/example_dags/example_branch_day_of_week_operator.py
[2023-10-28T08:38:07.329+0000] {processor.py:799} INFO - Processing file /usr/local/lib/python3.10/dist-packages/airflow/example_dags/example_branch_day_of_week_operator.py for tasks to queue
[2023-10-28T08:38:07.331+0000] {logging_mixin.py:149} INFO - [2023-10-28T08:38:07.330+0000] {dagbag.py:541} INFO - Filling up the DagBag from /usr/local/lib/python3.10/dist-packages/airflow/example_dags/example_branch_day_of_week_operator.py
[2023-10-28T08:38:07.349+0000] {processor.py:809} INFO - DAG(s) dict_keys(['example_weekday_branch_operator']) retrieved from /usr/local/lib/python3.10/dist-packages/airflow/example_dags/example_branch_day_of_week_operator.py
[2023-10-28T08:38:07.428+0000] {logging_mixin.py:149} INFO - [2023-10-28T08:38:07.428+0000] {dag.py:2726} INFO - Sync 1 DAGs
[2023-10-28T08:38:07.505+0000] {logging_mixin.py:149} INFO - [2023-10-28T08:38:07.504+0000] {dag.py:3486} INFO - Setting next_dagrun for example_weekday_branch_operator to 2023-10-27T00:00:00+00:00, run_after=2023-10-28T00:00:00+00:00
[2023-10-28T08:38:07.600+0000] {processor.py:178} INFO - Processing /usr/local/lib/python3.10/dist-packages/airflow/example_dags/example_branch_day_of_week_operator.py took 0.280 seconds
[2023-10-28T08:38:38.188+0000] {processor.py:156} INFO - Started process (PID=1520621) to work on /usr/local/lib/python3.10/dist-packages/airflow/example_dags/example_branch_day_of_week_operator.py
[2023-10-28T08:38:38.209+0000] {processor.py:799} INFO - Processing file /usr/local/lib/python3.10/dist-packages/airflow/example_dags/example_branch_day_of_week_operator.py for tasks to queue
[2023-10-28T08:38:38.211+0000] {logging_mixin.py:149} INFO - [2023-10-28T08:38:38.211+0000] {dagbag.py:541} INFO - Filling up the DagBag from /usr/local/lib/python3.10/dist-packages/airflow/example_dags/example_branch_day_of_week_operator.py
[2023-10-28T08:38:38.231+0000] {processor.py:809} INFO - DAG(s) dict_keys(['example_weekday_branch_operator']) retrieved from /usr/local/lib/python3.10/dist-packages/airflow/example_dags/example_branch_day_of_week_operator.py
[2023-10-28T08:38:38.323+0000] {logging_mixin.py:149} INFO - [2023-10-28T08:38:38.322+0000] {dag.py:2726} INFO - Sync 1 DAGs
[2023-10-28T08:38:38.404+0000] {logging_mixin.py:149} INFO - [2023-10-28T08:38:38.403+0000] {dag.py:3486} INFO - Setting next_dagrun for example_weekday_branch_operator to 2023-10-27T00:00:00+00:00, run_after=2023-10-28T00:00:00+00:00
[2023-10-28T08:38:38.511+0000] {processor.py:178} INFO - Processing /usr/local/lib/python3.10/dist-packages/airflow/example_dags/example_branch_day_of_week_operator.py took 0.330 seconds
[2023-10-28T08:39:08.667+0000] {processor.py:156} INFO - Started process (PID=1521217) to work on /usr/local/lib/python3.10/dist-packages/airflow/example_dags/example_branch_day_of_week_operator.py
[2023-10-28T08:39:08.669+0000] {processor.py:799} INFO - Processing file /usr/local/lib/python3.10/dist-packages/airflow/example_dags/example_branch_day_of_week_operator.py for tasks to queue
[2023-10-28T08:39:08.670+0000] {logging_mixin.py:149} INFO - [2023-10-28T08:39:08.670+0000] {dagbag.py:541} INFO - Filling up the DagBag from /usr/local/lib/python3.10/dist-packages/airflow/example_dags/example_branch_day_of_week_operator.py
[2023-10-28T08:39:08.688+0000] {processor.py:809} INFO - DAG(s) dict_keys(['example_weekday_branch_operator']) retrieved from /usr/local/lib/python3.10/dist-packages/airflow/example_dags/example_branch_day_of_week_operator.py
[2023-10-28T08:39:08.769+0000] {logging_mixin.py:149} INFO - [2023-10-28T08:39:08.768+0000] {dag.py:2726} INFO - Sync 1 DAGs
[2023-10-28T08:39:08.851+0000] {logging_mixin.py:149} INFO - [2023-10-28T08:39:08.850+0000] {dag.py:3486} INFO - Setting next_dagrun for example_weekday_branch_operator to 2023-10-27T00:00:00+00:00, run_after=2023-10-28T00:00:00+00:00
[2023-10-28T08:39:08.954+0000] {processor.py:178} INFO - Processing /usr/local/lib/python3.10/dist-packages/airflow/example_dags/example_branch_day_of_week_operator.py took 0.294 seconds
[2023-10-28T08:39:39.390+0000] {processor.py:156} INFO - Started process (PID=1521620) to work on /usr/local/lib/python3.10/dist-packages/airflow/example_dags/example_branch_day_of_week_operator.py
[2023-10-28T08:39:39.404+0000] {processor.py:799} INFO - Processing file /usr/local/lib/python3.10/dist-packages/airflow/example_dags/example_branch_day_of_week_operator.py for tasks to queue
[2023-10-28T08:39:39.406+0000] {logging_mixin.py:149} INFO - [2023-10-28T08:39:39.406+0000] {dagbag.py:541} INFO - Filling up the DagBag from /usr/local/lib/python3.10/dist-packages/airflow/example_dags/example_branch_day_of_week_operator.py
[2023-10-28T08:39:39.423+0000] {processor.py:809} INFO - DAG(s) dict_keys(['example_weekday_branch_operator']) retrieved from /usr/local/lib/python3.10/dist-packages/airflow/example_dags/example_branch_day_of_week_operator.py
[2023-10-28T08:39:39.508+0000] {logging_mixin.py:149} INFO - [2023-10-28T08:39:39.508+0000] {dag.py:2726} INFO - Sync 1 DAGs
[2023-10-28T08:39:39.587+0000] {logging_mixin.py:149} INFO - [2023-10-28T08:39:39.586+0000] {dag.py:3486} INFO - Setting next_dagrun for example_weekday_branch_operator to 2023-10-27T00:00:00+00:00, run_after=2023-10-28T00:00:00+00:00
[2023-10-28T08:39:39.689+0000] {processor.py:178} INFO - Processing /usr/local/lib/python3.10/dist-packages/airflow/example_dags/example_branch_day_of_week_operator.py took 0.306 seconds
