[2023-10-28T07:57:04.695+0000] {processor.py:156} INFO - Started process (PID=1491413) to work on /usr/local/lib/python3.10/dist-packages/airflow/example_dags/example_xcom.py
[2023-10-28T07:57:04.697+0000] {processor.py:799} INFO - Processing file /usr/local/lib/python3.10/dist-packages/airflow/example_dags/example_xcom.py for tasks to queue
[2023-10-28T07:57:04.699+0000] {logging_mixin.py:149} INFO - [2023-10-28T07:57:04.698+0000] {dagbag.py:541} INFO - Filling up the DagBag from /usr/local/lib/python3.10/dist-packages/airflow/example_dags/example_xcom.py
[2023-10-28T07:57:04.724+0000] {processor.py:809} INFO - DAG(s) dict_keys(['example_xcom']) retrieved from /usr/local/lib/python3.10/dist-packages/airflow/example_dags/example_xcom.py
[2023-10-28T07:57:05.256+0000] {logging_mixin.py:149} INFO - [2023-10-28T07:57:05.255+0000] {manager.py:504} INFO - Created Permission View: can read on DAG:example_xcom
[2023-10-28T07:57:05.283+0000] {logging_mixin.py:149} INFO - [2023-10-28T07:57:05.282+0000] {manager.py:504} INFO - Created Permission View: can edit on DAG:example_xcom
[2023-10-28T07:57:05.306+0000] {logging_mixin.py:149} INFO - [2023-10-28T07:57:05.305+0000] {manager.py:504} INFO - Created Permission View: can delete on DAG:example_xcom
[2023-10-28T07:57:05.306+0000] {logging_mixin.py:149} INFO - [2023-10-28T07:57:05.306+0000] {dag.py:2726} INFO - Sync 1 DAGs
[2023-10-28T07:57:05.335+0000] {logging_mixin.py:149} INFO - [2023-10-28T07:57:05.334+0000] {dag.py:2747} INFO - Creating ORM DAG for example_xcom
[2023-10-28T07:57:05.359+0000] {logging_mixin.py:149} INFO - [2023-10-28T07:57:05.358+0000] {dag.py:3486} INFO - Setting next_dagrun for example_xcom to 2021-01-01T00:00:00+00:00, run_after=2021-01-01T00:00:00+00:00
[2023-10-28T07:57:05.456+0000] {processor.py:178} INFO - Processing /usr/local/lib/python3.10/dist-packages/airflow/example_dags/example_xcom.py took 0.767 seconds
[2023-10-28T07:58:20.097+0000] {processor.py:156} INFO - Started process (PID=1491859) to work on /usr/local/lib/python3.10/dist-packages/airflow/example_dags/example_xcom.py
[2023-10-28T07:58:20.133+0000] {processor.py:799} INFO - Processing file /usr/local/lib/python3.10/dist-packages/airflow/example_dags/example_xcom.py for tasks to queue
[2023-10-28T07:58:20.134+0000] {logging_mixin.py:149} INFO - [2023-10-28T07:58:20.134+0000] {dagbag.py:541} INFO - Filling up the DagBag from /usr/local/lib/python3.10/dist-packages/airflow/example_dags/example_xcom.py
[2023-10-28T07:58:20.152+0000] {processor.py:809} INFO - DAG(s) dict_keys(['example_xcom']) retrieved from /usr/local/lib/python3.10/dist-packages/airflow/example_dags/example_xcom.py
[2023-10-28T07:58:20.408+0000] {logging_mixin.py:149} INFO - [2023-10-28T07:58:20.408+0000] {dag.py:2726} INFO - Sync 1 DAGs
[2023-10-28T07:58:20.459+0000] {logging_mixin.py:149} INFO - [2023-10-28T07:58:20.459+0000] {dag.py:3486} INFO - Setting next_dagrun for example_xcom to 2021-01-01T00:00:00+00:00, run_after=2021-01-01T00:00:00+00:00
[2023-10-28T07:58:20.555+0000] {processor.py:178} INFO - Processing /usr/local/lib/python3.10/dist-packages/airflow/example_dags/example_xcom.py took 0.463 seconds
[2023-10-28T07:58:59.651+0000] {processor.py:156} INFO - Started process (PID=1492162) to work on /usr/local/lib/python3.10/dist-packages/airflow/example_dags/example_xcom.py
[2023-10-28T07:58:59.689+0000] {processor.py:799} INFO - Processing file /usr/local/lib/python3.10/dist-packages/airflow/example_dags/example_xcom.py for tasks to queue
[2023-10-28T07:58:59.691+0000] {logging_mixin.py:149} INFO - [2023-10-28T07:58:59.690+0000] {dagbag.py:541} INFO - Filling up the DagBag from /usr/local/lib/python3.10/dist-packages/airflow/example_dags/example_xcom.py
[2023-10-28T07:58:59.711+0000] {processor.py:809} INFO - DAG(s) dict_keys(['example_xcom']) retrieved from /usr/local/lib/python3.10/dist-packages/airflow/example_dags/example_xcom.py
[2023-10-28T07:58:59.765+0000] {logging_mixin.py:149} INFO - [2023-10-28T07:58:59.764+0000] {dag.py:2726} INFO - Sync 1 DAGs
[2023-10-28T07:58:59.820+0000] {logging_mixin.py:149} INFO - [2023-10-28T07:58:59.820+0000] {dag.py:3486} INFO - Setting next_dagrun for example_xcom to 2021-01-01T00:00:00+00:00, run_after=2021-01-01T00:00:00+00:00
[2023-10-28T07:58:59.918+0000] {processor.py:178} INFO - Processing /usr/local/lib/python3.10/dist-packages/airflow/example_dags/example_xcom.py took 0.274 seconds
[2023-10-28T07:59:56.317+0000] {processor.py:156} INFO - Started process (PID=1492529) to work on /usr/local/lib/python3.10/dist-packages/airflow/example_dags/example_xcom.py
[2023-10-28T07:59:56.352+0000] {processor.py:799} INFO - Processing file /usr/local/lib/python3.10/dist-packages/airflow/example_dags/example_xcom.py for tasks to queue
[2023-10-28T07:59:56.354+0000] {logging_mixin.py:149} INFO - [2023-10-28T07:59:56.354+0000] {dagbag.py:541} INFO - Filling up the DagBag from /usr/local/lib/python3.10/dist-packages/airflow/example_dags/example_xcom.py
[2023-10-28T07:59:56.374+0000] {processor.py:809} INFO - DAG(s) dict_keys(['example_xcom']) retrieved from /usr/local/lib/python3.10/dist-packages/airflow/example_dags/example_xcom.py
[2023-10-28T07:59:56.428+0000] {logging_mixin.py:149} INFO - [2023-10-28T07:59:56.427+0000] {dag.py:2726} INFO - Sync 1 DAGs
[2023-10-28T07:59:56.483+0000] {logging_mixin.py:149} INFO - [2023-10-28T07:59:56.483+0000] {dag.py:3486} INFO - Setting next_dagrun for example_xcom to 2021-01-01T00:00:00+00:00, run_after=2021-01-01T00:00:00+00:00
[2023-10-28T07:59:56.574+0000] {processor.py:178} INFO - Processing /usr/local/lib/python3.10/dist-packages/airflow/example_dags/example_xcom.py took 0.264 seconds
[2023-10-28T08:15:18.219+0000] {processor.py:156} INFO - Started process (PID=1497653) to work on /usr/local/lib/python3.10/dist-packages/airflow/example_dags/example_xcom.py
[2023-10-28T08:15:18.222+0000] {processor.py:799} INFO - Processing file /usr/local/lib/python3.10/dist-packages/airflow/example_dags/example_xcom.py for tasks to queue
[2023-10-28T08:15:18.224+0000] {logging_mixin.py:149} INFO - [2023-10-28T08:15:18.224+0000] {dagbag.py:541} INFO - Filling up the DagBag from /usr/local/lib/python3.10/dist-packages/airflow/example_dags/example_xcom.py
[2023-10-28T08:15:18.250+0000] {processor.py:809} INFO - DAG(s) dict_keys(['example_xcom']) retrieved from /usr/local/lib/python3.10/dist-packages/airflow/example_dags/example_xcom.py
[2023-10-28T08:15:18.819+0000] {logging_mixin.py:149} INFO - [2023-10-28T08:15:18.819+0000] {manager.py:504} INFO - Created Permission View: can read on DAG:example_xcom
[2023-10-28T08:15:18.846+0000] {logging_mixin.py:149} INFO - [2023-10-28T08:15:18.845+0000] {manager.py:504} INFO - Created Permission View: can delete on DAG:example_xcom
[2023-10-28T08:15:18.871+0000] {logging_mixin.py:149} INFO - [2023-10-28T08:15:18.870+0000] {manager.py:504} INFO - Created Permission View: can edit on DAG:example_xcom
[2023-10-28T08:15:18.872+0000] {logging_mixin.py:149} INFO - [2023-10-28T08:15:18.871+0000] {dag.py:2726} INFO - Sync 1 DAGs
[2023-10-28T08:15:18.910+0000] {logging_mixin.py:149} INFO - [2023-10-28T08:15:18.910+0000] {dag.py:2747} INFO - Creating ORM DAG for example_xcom
[2023-10-28T08:15:18.944+0000] {logging_mixin.py:149} INFO - [2023-10-28T08:15:18.943+0000] {dag.py:3486} INFO - Setting next_dagrun for example_xcom to 2021-01-01T00:00:00+00:00, run_after=2021-01-01T00:00:00+00:00
[2023-10-28T08:15:19.006+0000] {processor.py:178} INFO - Processing /usr/local/lib/python3.10/dist-packages/airflow/example_dags/example_xcom.py took 0.794 seconds
[2023-10-28T08:15:49.303+0000] {processor.py:156} INFO - Started process (PID=1498545) to work on /usr/local/lib/python3.10/dist-packages/airflow/example_dags/example_xcom.py
[2023-10-28T08:15:49.345+0000] {processor.py:799} INFO - Processing file /usr/local/lib/python3.10/dist-packages/airflow/example_dags/example_xcom.py for tasks to queue
[2023-10-28T08:15:49.347+0000] {logging_mixin.py:149} INFO - [2023-10-28T08:15:49.346+0000] {dagbag.py:541} INFO - Filling up the DagBag from /usr/local/lib/python3.10/dist-packages/airflow/example_dags/example_xcom.py
[2023-10-28T08:15:49.365+0000] {processor.py:809} INFO - DAG(s) dict_keys(['example_xcom']) retrieved from /usr/local/lib/python3.10/dist-packages/airflow/example_dags/example_xcom.py
[2023-10-28T08:15:49.452+0000] {logging_mixin.py:149} INFO - [2023-10-28T08:15:49.451+0000] {dag.py:2726} INFO - Sync 1 DAGs
[2023-10-28T08:15:49.531+0000] {logging_mixin.py:149} INFO - [2023-10-28T08:15:49.531+0000] {dag.py:3486} INFO - Setting next_dagrun for example_xcom to 2021-01-01T00:00:00+00:00, run_after=2021-01-01T00:00:00+00:00
[2023-10-28T08:15:49.635+0000] {processor.py:178} INFO - Processing /usr/local/lib/python3.10/dist-packages/airflow/example_dags/example_xcom.py took 0.339 seconds
[2023-10-28T08:16:20.338+0000] {processor.py:156} INFO - Started process (PID=1499872) to work on /usr/local/lib/python3.10/dist-packages/airflow/example_dags/example_xcom.py
[2023-10-28T08:16:20.377+0000] {processor.py:799} INFO - Processing file /usr/local/lib/python3.10/dist-packages/airflow/example_dags/example_xcom.py for tasks to queue
[2023-10-28T08:16:20.379+0000] {logging_mixin.py:149} INFO - [2023-10-28T08:16:20.378+0000] {dagbag.py:541} INFO - Filling up the DagBag from /usr/local/lib/python3.10/dist-packages/airflow/example_dags/example_xcom.py
[2023-10-28T08:16:20.396+0000] {processor.py:809} INFO - DAG(s) dict_keys(['example_xcom']) retrieved from /usr/local/lib/python3.10/dist-packages/airflow/example_dags/example_xcom.py
[2023-10-28T08:16:20.480+0000] {logging_mixin.py:149} INFO - [2023-10-28T08:16:20.480+0000] {dag.py:2726} INFO - Sync 1 DAGs
[2023-10-28T08:16:20.551+0000] {logging_mixin.py:149} INFO - [2023-10-28T08:16:20.551+0000] {dag.py:3486} INFO - Setting next_dagrun for example_xcom to 2021-01-01T00:00:00+00:00, run_after=2021-01-01T00:00:00+00:00
[2023-10-28T08:16:20.656+0000] {processor.py:178} INFO - Processing /usr/local/lib/python3.10/dist-packages/airflow/example_dags/example_xcom.py took 0.324 seconds
[2023-10-28T08:16:50.877+0000] {processor.py:156} INFO - Started process (PID=1500493) to work on /usr/local/lib/python3.10/dist-packages/airflow/example_dags/example_xcom.py
[2023-10-28T08:16:50.879+0000] {processor.py:799} INFO - Processing file /usr/local/lib/python3.10/dist-packages/airflow/example_dags/example_xcom.py for tasks to queue
[2023-10-28T08:16:50.882+0000] {logging_mixin.py:149} INFO - [2023-10-28T08:16:50.881+0000] {dagbag.py:541} INFO - Filling up the DagBag from /usr/local/lib/python3.10/dist-packages/airflow/example_dags/example_xcom.py
[2023-10-28T08:16:50.904+0000] {processor.py:809} INFO - DAG(s) dict_keys(['example_xcom']) retrieved from /usr/local/lib/python3.10/dist-packages/airflow/example_dags/example_xcom.py
[2023-10-28T08:16:50.990+0000] {logging_mixin.py:149} INFO - [2023-10-28T08:16:50.989+0000] {dag.py:2726} INFO - Sync 1 DAGs
[2023-10-28T08:16:51.068+0000] {logging_mixin.py:149} INFO - [2023-10-28T08:16:51.067+0000] {dag.py:3486} INFO - Setting next_dagrun for example_xcom to 2021-01-01T00:00:00+00:00, run_after=2021-01-01T00:00:00+00:00
[2023-10-28T08:16:51.180+0000] {processor.py:178} INFO - Processing /usr/local/lib/python3.10/dist-packages/airflow/example_dags/example_xcom.py took 0.309 seconds
[2023-10-28T08:17:21.582+0000] {processor.py:156} INFO - Started process (PID=1501015) to work on /usr/local/lib/python3.10/dist-packages/airflow/example_dags/example_xcom.py
[2023-10-28T08:17:21.609+0000] {processor.py:799} INFO - Processing file /usr/local/lib/python3.10/dist-packages/airflow/example_dags/example_xcom.py for tasks to queue
[2023-10-28T08:17:21.612+0000] {logging_mixin.py:149} INFO - [2023-10-28T08:17:21.611+0000] {dagbag.py:541} INFO - Filling up the DagBag from /usr/local/lib/python3.10/dist-packages/airflow/example_dags/example_xcom.py
[2023-10-28T08:17:21.631+0000] {processor.py:809} INFO - DAG(s) dict_keys(['example_xcom']) retrieved from /usr/local/lib/python3.10/dist-packages/airflow/example_dags/example_xcom.py
[2023-10-28T08:17:21.720+0000] {logging_mixin.py:149} INFO - [2023-10-28T08:17:21.720+0000] {dag.py:2726} INFO - Sync 1 DAGs
[2023-10-28T08:17:21.804+0000] {logging_mixin.py:149} INFO - [2023-10-28T08:17:21.803+0000] {dag.py:3486} INFO - Setting next_dagrun for example_xcom to 2021-01-01T00:00:00+00:00, run_after=2021-01-01T00:00:00+00:00
[2023-10-28T08:17:21.870+0000] {processor.py:178} INFO - Processing /usr/local/lib/python3.10/dist-packages/airflow/example_dags/example_xcom.py took 0.295 seconds
[2023-10-28T08:17:52.778+0000] {processor.py:156} INFO - Started process (PID=1501374) to work on /usr/local/lib/python3.10/dist-packages/airflow/example_dags/example_xcom.py
[2023-10-28T08:17:52.817+0000] {processor.py:799} INFO - Processing file /usr/local/lib/python3.10/dist-packages/airflow/example_dags/example_xcom.py for tasks to queue
[2023-10-28T08:17:52.819+0000] {logging_mixin.py:149} INFO - [2023-10-28T08:17:52.818+0000] {dagbag.py:541} INFO - Filling up the DagBag from /usr/local/lib/python3.10/dist-packages/airflow/example_dags/example_xcom.py
[2023-10-28T08:17:52.838+0000] {processor.py:809} INFO - DAG(s) dict_keys(['example_xcom']) retrieved from /usr/local/lib/python3.10/dist-packages/airflow/example_dags/example_xcom.py
[2023-10-28T08:17:52.924+0000] {logging_mixin.py:149} INFO - [2023-10-28T08:17:52.923+0000] {dag.py:2726} INFO - Sync 1 DAGs
[2023-10-28T08:17:53.006+0000] {logging_mixin.py:149} INFO - [2023-10-28T08:17:53.005+0000] {dag.py:3486} INFO - Setting next_dagrun for example_xcom to 2021-01-01T00:00:00+00:00, run_after=2021-01-01T00:00:00+00:00
[2023-10-28T08:17:53.106+0000] {processor.py:178} INFO - Processing /usr/local/lib/python3.10/dist-packages/airflow/example_dags/example_xcom.py took 0.335 seconds
[2023-10-28T08:18:23.197+0000] {processor.py:156} INFO - Started process (PID=1501752) to work on /usr/local/lib/python3.10/dist-packages/airflow/example_dags/example_xcom.py
[2023-10-28T08:18:23.199+0000] {processor.py:799} INFO - Processing file /usr/local/lib/python3.10/dist-packages/airflow/example_dags/example_xcom.py for tasks to queue
[2023-10-28T08:18:23.202+0000] {logging_mixin.py:149} INFO - [2023-10-28T08:18:23.201+0000] {dagbag.py:541} INFO - Filling up the DagBag from /usr/local/lib/python3.10/dist-packages/airflow/example_dags/example_xcom.py
[2023-10-28T08:18:23.219+0000] {processor.py:809} INFO - DAG(s) dict_keys(['example_xcom']) retrieved from /usr/local/lib/python3.10/dist-packages/airflow/example_dags/example_xcom.py
[2023-10-28T08:18:23.299+0000] {logging_mixin.py:149} INFO - [2023-10-28T08:18:23.298+0000] {dag.py:2726} INFO - Sync 1 DAGs
[2023-10-28T08:18:23.372+0000] {logging_mixin.py:149} INFO - [2023-10-28T08:18:23.371+0000] {dag.py:3486} INFO - Setting next_dagrun for example_xcom to 2021-01-01T00:00:00+00:00, run_after=2021-01-01T00:00:00+00:00
[2023-10-28T08:18:23.467+0000] {processor.py:178} INFO - Processing /usr/local/lib/python3.10/dist-packages/airflow/example_dags/example_xcom.py took 0.277 seconds
[2023-10-28T08:18:53.995+0000] {processor.py:156} INFO - Started process (PID=1502106) to work on /usr/local/lib/python3.10/dist-packages/airflow/example_dags/example_xcom.py
[2023-10-28T08:18:54.033+0000] {processor.py:799} INFO - Processing file /usr/local/lib/python3.10/dist-packages/airflow/example_dags/example_xcom.py for tasks to queue
[2023-10-28T08:18:54.035+0000] {logging_mixin.py:149} INFO - [2023-10-28T08:18:54.034+0000] {dagbag.py:541} INFO - Filling up the DagBag from /usr/local/lib/python3.10/dist-packages/airflow/example_dags/example_xcom.py
[2023-10-28T08:18:54.057+0000] {processor.py:809} INFO - DAG(s) dict_keys(['example_xcom']) retrieved from /usr/local/lib/python3.10/dist-packages/airflow/example_dags/example_xcom.py
[2023-10-28T08:18:54.139+0000] {logging_mixin.py:149} INFO - [2023-10-28T08:18:54.139+0000] {dag.py:2726} INFO - Sync 1 DAGs
[2023-10-28T08:18:54.215+0000] {logging_mixin.py:149} INFO - [2023-10-28T08:18:54.214+0000] {dag.py:3486} INFO - Setting next_dagrun for example_xcom to 2021-01-01T00:00:00+00:00, run_after=2021-01-01T00:00:00+00:00
[2023-10-28T08:18:54.312+0000] {processor.py:178} INFO - Processing /usr/local/lib/python3.10/dist-packages/airflow/example_dags/example_xcom.py took 0.326 seconds
[2023-10-28T08:19:24.699+0000] {processor.py:156} INFO - Started process (PID=1502502) to work on /usr/local/lib/python3.10/dist-packages/airflow/example_dags/example_xcom.py
[2023-10-28T08:19:24.741+0000] {processor.py:799} INFO - Processing file /usr/local/lib/python3.10/dist-packages/airflow/example_dags/example_xcom.py for tasks to queue
[2023-10-28T08:19:24.743+0000] {logging_mixin.py:149} INFO - [2023-10-28T08:19:24.743+0000] {dagbag.py:541} INFO - Filling up the DagBag from /usr/local/lib/python3.10/dist-packages/airflow/example_dags/example_xcom.py
[2023-10-28T08:19:24.763+0000] {processor.py:809} INFO - DAG(s) dict_keys(['example_xcom']) retrieved from /usr/local/lib/python3.10/dist-packages/airflow/example_dags/example_xcom.py
[2023-10-28T08:19:24.844+0000] {logging_mixin.py:149} INFO - [2023-10-28T08:19:24.844+0000] {dag.py:2726} INFO - Sync 1 DAGs
[2023-10-28T08:19:24.921+0000] {logging_mixin.py:149} INFO - [2023-10-28T08:19:24.921+0000] {dag.py:3486} INFO - Setting next_dagrun for example_xcom to 2021-01-01T00:00:00+00:00, run_after=2021-01-01T00:00:00+00:00
[2023-10-28T08:19:25.018+0000] {processor.py:178} INFO - Processing /usr/local/lib/python3.10/dist-packages/airflow/example_dags/example_xcom.py took 0.327 seconds
[2023-10-28T08:19:55.864+0000] {processor.py:156} INFO - Started process (PID=1502857) to work on /usr/local/lib/python3.10/dist-packages/airflow/example_dags/example_xcom.py
[2023-10-28T08:19:55.904+0000] {processor.py:799} INFO - Processing file /usr/local/lib/python3.10/dist-packages/airflow/example_dags/example_xcom.py for tasks to queue
[2023-10-28T08:19:55.906+0000] {logging_mixin.py:149} INFO - [2023-10-28T08:19:55.905+0000] {dagbag.py:541} INFO - Filling up the DagBag from /usr/local/lib/python3.10/dist-packages/airflow/example_dags/example_xcom.py
[2023-10-28T08:19:55.923+0000] {processor.py:809} INFO - DAG(s) dict_keys(['example_xcom']) retrieved from /usr/local/lib/python3.10/dist-packages/airflow/example_dags/example_xcom.py
[2023-10-28T08:19:56.010+0000] {logging_mixin.py:149} INFO - [2023-10-28T08:19:56.009+0000] {dag.py:2726} INFO - Sync 1 DAGs
[2023-10-28T08:19:56.086+0000] {logging_mixin.py:149} INFO - [2023-10-28T08:19:56.085+0000] {dag.py:3486} INFO - Setting next_dagrun for example_xcom to 2021-01-01T00:00:00+00:00, run_after=2021-01-01T00:00:00+00:00
[2023-10-28T08:19:56.150+0000] {processor.py:178} INFO - Processing /usr/local/lib/python3.10/dist-packages/airflow/example_dags/example_xcom.py took 0.293 seconds
[2023-10-28T08:20:26.555+0000] {processor.py:156} INFO - Started process (PID=1503372) to work on /usr/local/lib/python3.10/dist-packages/airflow/example_dags/example_xcom.py
[2023-10-28T08:20:26.596+0000] {processor.py:799} INFO - Processing file /usr/local/lib/python3.10/dist-packages/airflow/example_dags/example_xcom.py for tasks to queue
[2023-10-28T08:20:26.598+0000] {logging_mixin.py:149} INFO - [2023-10-28T08:20:26.598+0000] {dagbag.py:541} INFO - Filling up the DagBag from /usr/local/lib/python3.10/dist-packages/airflow/example_dags/example_xcom.py
[2023-10-28T08:20:26.619+0000] {processor.py:809} INFO - DAG(s) dict_keys(['example_xcom']) retrieved from /usr/local/lib/python3.10/dist-packages/airflow/example_dags/example_xcom.py
[2023-10-28T08:20:26.702+0000] {logging_mixin.py:149} INFO - [2023-10-28T08:20:26.702+0000] {dag.py:2726} INFO - Sync 1 DAGs
[2023-10-28T08:20:26.780+0000] {logging_mixin.py:149} INFO - [2023-10-28T08:20:26.780+0000] {dag.py:3486} INFO - Setting next_dagrun for example_xcom to 2021-01-01T00:00:00+00:00, run_after=2021-01-01T00:00:00+00:00
[2023-10-28T08:20:26.883+0000] {processor.py:178} INFO - Processing /usr/local/lib/python3.10/dist-packages/airflow/example_dags/example_xcom.py took 0.335 seconds
[2023-10-28T08:20:57.316+0000] {processor.py:156} INFO - Started process (PID=1503729) to work on /usr/local/lib/python3.10/dist-packages/airflow/example_dags/example_xcom.py
[2023-10-28T08:20:57.362+0000] {processor.py:799} INFO - Processing file /usr/local/lib/python3.10/dist-packages/airflow/example_dags/example_xcom.py for tasks to queue
[2023-10-28T08:20:57.364+0000] {logging_mixin.py:149} INFO - [2023-10-28T08:20:57.363+0000] {dagbag.py:541} INFO - Filling up the DagBag from /usr/local/lib/python3.10/dist-packages/airflow/example_dags/example_xcom.py
[2023-10-28T08:20:57.383+0000] {processor.py:809} INFO - DAG(s) dict_keys(['example_xcom']) retrieved from /usr/local/lib/python3.10/dist-packages/airflow/example_dags/example_xcom.py
[2023-10-28T08:20:57.466+0000] {logging_mixin.py:149} INFO - [2023-10-28T08:20:57.465+0000] {dag.py:2726} INFO - Sync 1 DAGs
[2023-10-28T08:20:57.546+0000] {logging_mixin.py:149} INFO - [2023-10-28T08:20:57.545+0000] {dag.py:3486} INFO - Setting next_dagrun for example_xcom to 2021-01-01T00:00:00+00:00, run_after=2021-01-01T00:00:00+00:00
[2023-10-28T08:20:57.654+0000] {processor.py:178} INFO - Processing /usr/local/lib/python3.10/dist-packages/airflow/example_dags/example_xcom.py took 0.346 seconds
[2023-10-28T08:21:27.951+0000] {processor.py:156} INFO - Started process (PID=1504384) to work on /usr/local/lib/python3.10/dist-packages/airflow/example_dags/example_xcom.py
[2023-10-28T08:21:27.982+0000] {processor.py:799} INFO - Processing file /usr/local/lib/python3.10/dist-packages/airflow/example_dags/example_xcom.py for tasks to queue
[2023-10-28T08:21:27.984+0000] {logging_mixin.py:149} INFO - [2023-10-28T08:21:27.983+0000] {dagbag.py:541} INFO - Filling up the DagBag from /usr/local/lib/python3.10/dist-packages/airflow/example_dags/example_xcom.py
[2023-10-28T08:21:28.005+0000] {processor.py:809} INFO - DAG(s) dict_keys(['example_xcom']) retrieved from /usr/local/lib/python3.10/dist-packages/airflow/example_dags/example_xcom.py
[2023-10-28T08:21:28.091+0000] {logging_mixin.py:149} INFO - [2023-10-28T08:21:28.091+0000] {dag.py:2726} INFO - Sync 1 DAGs
[2023-10-28T08:21:28.167+0000] {logging_mixin.py:149} INFO - [2023-10-28T08:21:28.166+0000] {dag.py:3486} INFO - Setting next_dagrun for example_xcom to 2021-01-01T00:00:00+00:00, run_after=2021-01-01T00:00:00+00:00
[2023-10-28T08:21:28.261+0000] {processor.py:178} INFO - Processing /usr/local/lib/python3.10/dist-packages/airflow/example_dags/example_xcom.py took 0.316 seconds
[2023-10-28T08:21:58.928+0000] {processor.py:156} INFO - Started process (PID=1505190) to work on /usr/local/lib/python3.10/dist-packages/airflow/example_dags/example_xcom.py
[2023-10-28T08:21:58.931+0000] {processor.py:799} INFO - Processing file /usr/local/lib/python3.10/dist-packages/airflow/example_dags/example_xcom.py for tasks to queue
[2023-10-28T08:21:58.933+0000] {logging_mixin.py:149} INFO - [2023-10-28T08:21:58.932+0000] {dagbag.py:541} INFO - Filling up the DagBag from /usr/local/lib/python3.10/dist-packages/airflow/example_dags/example_xcom.py
[2023-10-28T08:21:58.950+0000] {processor.py:809} INFO - DAG(s) dict_keys(['example_xcom']) retrieved from /usr/local/lib/python3.10/dist-packages/airflow/example_dags/example_xcom.py
[2023-10-28T08:21:59.038+0000] {logging_mixin.py:149} INFO - [2023-10-28T08:21:59.038+0000] {dag.py:2726} INFO - Sync 1 DAGs
[2023-10-28T08:21:59.113+0000] {logging_mixin.py:149} INFO - [2023-10-28T08:21:59.113+0000] {dag.py:3486} INFO - Setting next_dagrun for example_xcom to 2021-01-01T00:00:00+00:00, run_after=2021-01-01T00:00:00+00:00
[2023-10-28T08:21:59.223+0000] {processor.py:178} INFO - Processing /usr/local/lib/python3.10/dist-packages/airflow/example_dags/example_xcom.py took 0.303 seconds
[2023-10-28T08:22:29.331+0000] {processor.py:156} INFO - Started process (PID=1505702) to work on /usr/local/lib/python3.10/dist-packages/airflow/example_dags/example_xcom.py
[2023-10-28T08:22:29.365+0000] {processor.py:799} INFO - Processing file /usr/local/lib/python3.10/dist-packages/airflow/example_dags/example_xcom.py for tasks to queue
[2023-10-28T08:22:29.367+0000] {logging_mixin.py:149} INFO - [2023-10-28T08:22:29.367+0000] {dagbag.py:541} INFO - Filling up the DagBag from /usr/local/lib/python3.10/dist-packages/airflow/example_dags/example_xcom.py
[2023-10-28T08:22:29.384+0000] {processor.py:809} INFO - DAG(s) dict_keys(['example_xcom']) retrieved from /usr/local/lib/python3.10/dist-packages/airflow/example_dags/example_xcom.py
[2023-10-28T08:22:29.466+0000] {logging_mixin.py:149} INFO - [2023-10-28T08:22:29.465+0000] {dag.py:2726} INFO - Sync 1 DAGs
[2023-10-28T08:22:29.548+0000] {logging_mixin.py:149} INFO - [2023-10-28T08:22:29.548+0000] {dag.py:3486} INFO - Setting next_dagrun for example_xcom to 2021-01-01T00:00:00+00:00, run_after=2021-01-01T00:00:00+00:00
[2023-10-28T08:22:29.645+0000] {processor.py:178} INFO - Processing /usr/local/lib/python3.10/dist-packages/airflow/example_dags/example_xcom.py took 0.322 seconds
[2023-10-28T08:22:59.752+0000] {processor.py:156} INFO - Started process (PID=1506226) to work on /usr/local/lib/python3.10/dist-packages/airflow/example_dags/example_xcom.py
[2023-10-28T08:22:59.788+0000] {processor.py:799} INFO - Processing file /usr/local/lib/python3.10/dist-packages/airflow/example_dags/example_xcom.py for tasks to queue
[2023-10-28T08:22:59.790+0000] {logging_mixin.py:149} INFO - [2023-10-28T08:22:59.790+0000] {dagbag.py:541} INFO - Filling up the DagBag from /usr/local/lib/python3.10/dist-packages/airflow/example_dags/example_xcom.py
[2023-10-28T08:22:59.807+0000] {processor.py:809} INFO - DAG(s) dict_keys(['example_xcom']) retrieved from /usr/local/lib/python3.10/dist-packages/airflow/example_dags/example_xcom.py
[2023-10-28T08:22:59.889+0000] {logging_mixin.py:149} INFO - [2023-10-28T08:22:59.888+0000] {dag.py:2726} INFO - Sync 1 DAGs
[2023-10-28T08:22:59.964+0000] {logging_mixin.py:149} INFO - [2023-10-28T08:22:59.964+0000] {dag.py:3486} INFO - Setting next_dagrun for example_xcom to 2021-01-01T00:00:00+00:00, run_after=2021-01-01T00:00:00+00:00
[2023-10-28T08:23:00.070+0000] {processor.py:178} INFO - Processing /usr/local/lib/python3.10/dist-packages/airflow/example_dags/example_xcom.py took 0.326 seconds
[2023-10-28T08:23:30.334+0000] {processor.py:156} INFO - Started process (PID=1506692) to work on /usr/local/lib/python3.10/dist-packages/airflow/example_dags/example_xcom.py
[2023-10-28T08:23:30.336+0000] {processor.py:799} INFO - Processing file /usr/local/lib/python3.10/dist-packages/airflow/example_dags/example_xcom.py for tasks to queue
[2023-10-28T08:23:30.338+0000] {logging_mixin.py:149} INFO - [2023-10-28T08:23:30.337+0000] {dagbag.py:541} INFO - Filling up the DagBag from /usr/local/lib/python3.10/dist-packages/airflow/example_dags/example_xcom.py
[2023-10-28T08:23:30.359+0000] {processor.py:809} INFO - DAG(s) dict_keys(['example_xcom']) retrieved from /usr/local/lib/python3.10/dist-packages/airflow/example_dags/example_xcom.py
[2023-10-28T08:23:30.448+0000] {logging_mixin.py:149} INFO - [2023-10-28T08:23:30.447+0000] {dag.py:2726} INFO - Sync 1 DAGs
[2023-10-28T08:23:30.525+0000] {logging_mixin.py:149} INFO - [2023-10-28T08:23:30.524+0000] {dag.py:3486} INFO - Setting next_dagrun for example_xcom to 2021-01-01T00:00:00+00:00, run_after=2021-01-01T00:00:00+00:00
[2023-10-28T08:23:30.630+0000] {processor.py:178} INFO - Processing /usr/local/lib/python3.10/dist-packages/airflow/example_dags/example_xcom.py took 0.303 seconds
[2023-10-28T08:24:01.162+0000] {processor.py:156} INFO - Started process (PID=1507242) to work on /usr/local/lib/python3.10/dist-packages/airflow/example_dags/example_xcom.py
[2023-10-28T08:24:01.201+0000] {processor.py:799} INFO - Processing file /usr/local/lib/python3.10/dist-packages/airflow/example_dags/example_xcom.py for tasks to queue
[2023-10-28T08:24:01.203+0000] {logging_mixin.py:149} INFO - [2023-10-28T08:24:01.202+0000] {dagbag.py:541} INFO - Filling up the DagBag from /usr/local/lib/python3.10/dist-packages/airflow/example_dags/example_xcom.py
[2023-10-28T08:24:01.220+0000] {processor.py:809} INFO - DAG(s) dict_keys(['example_xcom']) retrieved from /usr/local/lib/python3.10/dist-packages/airflow/example_dags/example_xcom.py
[2023-10-28T08:24:01.307+0000] {logging_mixin.py:149} INFO - [2023-10-28T08:24:01.307+0000] {dag.py:2726} INFO - Sync 1 DAGs
[2023-10-28T08:24:01.381+0000] {logging_mixin.py:149} INFO - [2023-10-28T08:24:01.380+0000] {dag.py:3486} INFO - Setting next_dagrun for example_xcom to 2021-01-01T00:00:00+00:00, run_after=2021-01-01T00:00:00+00:00
[2023-10-28T08:24:01.478+0000] {processor.py:178} INFO - Processing /usr/local/lib/python3.10/dist-packages/airflow/example_dags/example_xcom.py took 0.323 seconds
[2023-10-28T08:24:32.093+0000] {processor.py:156} INFO - Started process (PID=1507878) to work on /usr/local/lib/python3.10/dist-packages/airflow/example_dags/example_xcom.py
[2023-10-28T08:24:32.137+0000] {processor.py:799} INFO - Processing file /usr/local/lib/python3.10/dist-packages/airflow/example_dags/example_xcom.py for tasks to queue
[2023-10-28T08:24:32.139+0000] {logging_mixin.py:149} INFO - [2023-10-28T08:24:32.138+0000] {dagbag.py:541} INFO - Filling up the DagBag from /usr/local/lib/python3.10/dist-packages/airflow/example_dags/example_xcom.py
[2023-10-28T08:24:32.158+0000] {processor.py:809} INFO - DAG(s) dict_keys(['example_xcom']) retrieved from /usr/local/lib/python3.10/dist-packages/airflow/example_dags/example_xcom.py
[2023-10-28T08:24:32.241+0000] {logging_mixin.py:149} INFO - [2023-10-28T08:24:32.240+0000] {dag.py:2726} INFO - Sync 1 DAGs
[2023-10-28T08:24:32.314+0000] {logging_mixin.py:149} INFO - [2023-10-28T08:24:32.314+0000] {dag.py:3486} INFO - Setting next_dagrun for example_xcom to 2021-01-01T00:00:00+00:00, run_after=2021-01-01T00:00:00+00:00
[2023-10-28T08:24:32.413+0000] {processor.py:178} INFO - Processing /usr/local/lib/python3.10/dist-packages/airflow/example_dags/example_xcom.py took 0.328 seconds
[2023-10-28T08:25:02.582+0000] {processor.py:156} INFO - Started process (PID=1508279) to work on /usr/local/lib/python3.10/dist-packages/airflow/example_dags/example_xcom.py
[2023-10-28T08:25:02.616+0000] {processor.py:799} INFO - Processing file /usr/local/lib/python3.10/dist-packages/airflow/example_dags/example_xcom.py for tasks to queue
[2023-10-28T08:25:02.619+0000] {logging_mixin.py:149} INFO - [2023-10-28T08:25:02.618+0000] {dagbag.py:541} INFO - Filling up the DagBag from /usr/local/lib/python3.10/dist-packages/airflow/example_dags/example_xcom.py
[2023-10-28T08:25:02.641+0000] {processor.py:809} INFO - DAG(s) dict_keys(['example_xcom']) retrieved from /usr/local/lib/python3.10/dist-packages/airflow/example_dags/example_xcom.py
[2023-10-28T08:25:02.728+0000] {logging_mixin.py:149} INFO - [2023-10-28T08:25:02.728+0000] {dag.py:2726} INFO - Sync 1 DAGs
[2023-10-28T08:25:02.810+0000] {logging_mixin.py:149} INFO - [2023-10-28T08:25:02.809+0000] {dag.py:3486} INFO - Setting next_dagrun for example_xcom to 2021-01-01T00:00:00+00:00, run_after=2021-01-01T00:00:00+00:00
[2023-10-28T08:25:02.918+0000] {processor.py:178} INFO - Processing /usr/local/lib/python3.10/dist-packages/airflow/example_dags/example_xcom.py took 0.344 seconds
[2023-10-28T08:25:33.176+0000] {processor.py:156} INFO - Started process (PID=1509119) to work on /usr/local/lib/python3.10/dist-packages/airflow/example_dags/example_xcom.py
[2023-10-28T08:25:33.216+0000] {processor.py:799} INFO - Processing file /usr/local/lib/python3.10/dist-packages/airflow/example_dags/example_xcom.py for tasks to queue
[2023-10-28T08:25:33.218+0000] {logging_mixin.py:149} INFO - [2023-10-28T08:25:33.218+0000] {dagbag.py:541} INFO - Filling up the DagBag from /usr/local/lib/python3.10/dist-packages/airflow/example_dags/example_xcom.py
[2023-10-28T08:25:33.239+0000] {processor.py:809} INFO - DAG(s) dict_keys(['example_xcom']) retrieved from /usr/local/lib/python3.10/dist-packages/airflow/example_dags/example_xcom.py
[2023-10-28T08:25:33.323+0000] {logging_mixin.py:149} INFO - [2023-10-28T08:25:33.322+0000] {dag.py:2726} INFO - Sync 1 DAGs
[2023-10-28T08:25:33.402+0000] {logging_mixin.py:149} INFO - [2023-10-28T08:25:33.402+0000] {dag.py:3486} INFO - Setting next_dagrun for example_xcom to 2021-01-01T00:00:00+00:00, run_after=2021-01-01T00:00:00+00:00
[2023-10-28T08:25:33.501+0000] {processor.py:178} INFO - Processing /usr/local/lib/python3.10/dist-packages/airflow/example_dags/example_xcom.py took 0.333 seconds
[2023-10-28T08:26:03.680+0000] {processor.py:156} INFO - Started process (PID=1509504) to work on /usr/local/lib/python3.10/dist-packages/airflow/example_dags/example_xcom.py
[2023-10-28T08:26:03.722+0000] {processor.py:799} INFO - Processing file /usr/local/lib/python3.10/dist-packages/airflow/example_dags/example_xcom.py for tasks to queue
[2023-10-28T08:26:03.724+0000] {logging_mixin.py:149} INFO - [2023-10-28T08:26:03.723+0000] {dagbag.py:541} INFO - Filling up the DagBag from /usr/local/lib/python3.10/dist-packages/airflow/example_dags/example_xcom.py
[2023-10-28T08:26:03.745+0000] {processor.py:809} INFO - DAG(s) dict_keys(['example_xcom']) retrieved from /usr/local/lib/python3.10/dist-packages/airflow/example_dags/example_xcom.py
[2023-10-28T08:26:03.833+0000] {logging_mixin.py:149} INFO - [2023-10-28T08:26:03.832+0000] {dag.py:2726} INFO - Sync 1 DAGs
[2023-10-28T08:26:03.910+0000] {logging_mixin.py:149} INFO - [2023-10-28T08:26:03.909+0000] {dag.py:3486} INFO - Setting next_dagrun for example_xcom to 2021-01-01T00:00:00+00:00, run_after=2021-01-01T00:00:00+00:00
[2023-10-28T08:26:04.011+0000] {processor.py:178} INFO - Processing /usr/local/lib/python3.10/dist-packages/airflow/example_dags/example_xcom.py took 0.339 seconds
[2023-10-28T08:26:34.246+0000] {processor.py:156} INFO - Started process (PID=1509856) to work on /usr/local/lib/python3.10/dist-packages/airflow/example_dags/example_xcom.py
[2023-10-28T08:26:34.288+0000] {processor.py:799} INFO - Processing file /usr/local/lib/python3.10/dist-packages/airflow/example_dags/example_xcom.py for tasks to queue
[2023-10-28T08:26:34.290+0000] {logging_mixin.py:149} INFO - [2023-10-28T08:26:34.290+0000] {dagbag.py:541} INFO - Filling up the DagBag from /usr/local/lib/python3.10/dist-packages/airflow/example_dags/example_xcom.py
[2023-10-28T08:26:34.311+0000] {processor.py:809} INFO - DAG(s) dict_keys(['example_xcom']) retrieved from /usr/local/lib/python3.10/dist-packages/airflow/example_dags/example_xcom.py
[2023-10-28T08:26:34.393+0000] {logging_mixin.py:149} INFO - [2023-10-28T08:26:34.392+0000] {dag.py:2726} INFO - Sync 1 DAGs
[2023-10-28T08:26:34.472+0000] {logging_mixin.py:149} INFO - [2023-10-28T08:26:34.471+0000] {dag.py:3486} INFO - Setting next_dagrun for example_xcom to 2021-01-01T00:00:00+00:00, run_after=2021-01-01T00:00:00+00:00
[2023-10-28T08:26:34.577+0000] {processor.py:178} INFO - Processing /usr/local/lib/python3.10/dist-packages/airflow/example_dags/example_xcom.py took 0.338 seconds
[2023-10-28T08:27:05.483+0000] {processor.py:156} INFO - Started process (PID=1510361) to work on /usr/local/lib/python3.10/dist-packages/airflow/example_dags/example_xcom.py
[2023-10-28T08:27:05.520+0000] {processor.py:799} INFO - Processing file /usr/local/lib/python3.10/dist-packages/airflow/example_dags/example_xcom.py for tasks to queue
[2023-10-28T08:27:05.522+0000] {logging_mixin.py:149} INFO - [2023-10-28T08:27:05.521+0000] {dagbag.py:541} INFO - Filling up the DagBag from /usr/local/lib/python3.10/dist-packages/airflow/example_dags/example_xcom.py
[2023-10-28T08:27:05.539+0000] {processor.py:809} INFO - DAG(s) dict_keys(['example_xcom']) retrieved from /usr/local/lib/python3.10/dist-packages/airflow/example_dags/example_xcom.py
[2023-10-28T08:27:05.618+0000] {logging_mixin.py:149} INFO - [2023-10-28T08:27:05.617+0000] {dag.py:2726} INFO - Sync 1 DAGs
[2023-10-28T08:27:05.691+0000] {logging_mixin.py:149} INFO - [2023-10-28T08:27:05.690+0000] {dag.py:3486} INFO - Setting next_dagrun for example_xcom to 2021-01-01T00:00:00+00:00, run_after=2021-01-01T00:00:00+00:00
[2023-10-28T08:27:05.789+0000] {processor.py:178} INFO - Processing /usr/local/lib/python3.10/dist-packages/airflow/example_dags/example_xcom.py took 0.314 seconds
[2023-10-28T08:27:35.967+0000] {processor.py:156} INFO - Started process (PID=1510789) to work on /usr/local/lib/python3.10/dist-packages/airflow/example_dags/example_xcom.py
[2023-10-28T08:27:35.988+0000] {processor.py:799} INFO - Processing file /usr/local/lib/python3.10/dist-packages/airflow/example_dags/example_xcom.py for tasks to queue
[2023-10-28T08:27:35.990+0000] {logging_mixin.py:149} INFO - [2023-10-28T08:27:35.989+0000] {dagbag.py:541} INFO - Filling up the DagBag from /usr/local/lib/python3.10/dist-packages/airflow/example_dags/example_xcom.py
[2023-10-28T08:27:36.007+0000] {processor.py:809} INFO - DAG(s) dict_keys(['example_xcom']) retrieved from /usr/local/lib/python3.10/dist-packages/airflow/example_dags/example_xcom.py
[2023-10-28T08:27:36.087+0000] {logging_mixin.py:149} INFO - [2023-10-28T08:27:36.087+0000] {dag.py:2726} INFO - Sync 1 DAGs
[2023-10-28T08:27:36.158+0000] {logging_mixin.py:149} INFO - [2023-10-28T08:27:36.157+0000] {dag.py:3486} INFO - Setting next_dagrun for example_xcom to 2021-01-01T00:00:00+00:00, run_after=2021-01-01T00:00:00+00:00
[2023-10-28T08:27:36.219+0000] {processor.py:178} INFO - Processing /usr/local/lib/python3.10/dist-packages/airflow/example_dags/example_xcom.py took 0.259 seconds
[2023-10-28T08:28:07.017+0000] {processor.py:156} INFO - Started process (PID=1511174) to work on /usr/local/lib/python3.10/dist-packages/airflow/example_dags/example_xcom.py
[2023-10-28T08:28:07.060+0000] {processor.py:799} INFO - Processing file /usr/local/lib/python3.10/dist-packages/airflow/example_dags/example_xcom.py for tasks to queue
[2023-10-28T08:28:07.062+0000] {logging_mixin.py:149} INFO - [2023-10-28T08:28:07.061+0000] {dagbag.py:541} INFO - Filling up the DagBag from /usr/local/lib/python3.10/dist-packages/airflow/example_dags/example_xcom.py
[2023-10-28T08:28:07.081+0000] {processor.py:809} INFO - DAG(s) dict_keys(['example_xcom']) retrieved from /usr/local/lib/python3.10/dist-packages/airflow/example_dags/example_xcom.py
[2023-10-28T08:28:07.169+0000] {logging_mixin.py:149} INFO - [2023-10-28T08:28:07.168+0000] {dag.py:2726} INFO - Sync 1 DAGs
[2023-10-28T08:28:07.247+0000] {logging_mixin.py:149} INFO - [2023-10-28T08:28:07.247+0000] {dag.py:3486} INFO - Setting next_dagrun for example_xcom to 2021-01-01T00:00:00+00:00, run_after=2021-01-01T00:00:00+00:00
[2023-10-28T08:28:07.349+0000] {processor.py:178} INFO - Processing /usr/local/lib/python3.10/dist-packages/airflow/example_dags/example_xcom.py took 0.339 seconds
[2023-10-28T08:28:37.900+0000] {processor.py:156} INFO - Started process (PID=1511532) to work on /usr/local/lib/python3.10/dist-packages/airflow/example_dags/example_xcom.py
[2023-10-28T08:28:37.943+0000] {processor.py:799} INFO - Processing file /usr/local/lib/python3.10/dist-packages/airflow/example_dags/example_xcom.py for tasks to queue
[2023-10-28T08:28:37.945+0000] {logging_mixin.py:149} INFO - [2023-10-28T08:28:37.945+0000] {dagbag.py:541} INFO - Filling up the DagBag from /usr/local/lib/python3.10/dist-packages/airflow/example_dags/example_xcom.py
[2023-10-28T08:28:37.966+0000] {processor.py:809} INFO - DAG(s) dict_keys(['example_xcom']) retrieved from /usr/local/lib/python3.10/dist-packages/airflow/example_dags/example_xcom.py
[2023-10-28T08:28:38.053+0000] {logging_mixin.py:149} INFO - [2023-10-28T08:28:38.053+0000] {dag.py:2726} INFO - Sync 1 DAGs
[2023-10-28T08:28:38.132+0000] {logging_mixin.py:149} INFO - [2023-10-28T08:28:38.131+0000] {dag.py:3486} INFO - Setting next_dagrun for example_xcom to 2021-01-01T00:00:00+00:00, run_after=2021-01-01T00:00:00+00:00
[2023-10-28T08:28:38.232+0000] {processor.py:178} INFO - Processing /usr/local/lib/python3.10/dist-packages/airflow/example_dags/example_xcom.py took 0.340 seconds
[2023-10-28T08:29:08.504+0000] {processor.py:156} INFO - Started process (PID=1511930) to work on /usr/local/lib/python3.10/dist-packages/airflow/example_dags/example_xcom.py
[2023-10-28T08:29:08.506+0000] {processor.py:799} INFO - Processing file /usr/local/lib/python3.10/dist-packages/airflow/example_dags/example_xcom.py for tasks to queue
[2023-10-28T08:29:08.508+0000] {logging_mixin.py:149} INFO - [2023-10-28T08:29:08.507+0000] {dagbag.py:541} INFO - Filling up the DagBag from /usr/local/lib/python3.10/dist-packages/airflow/example_dags/example_xcom.py
[2023-10-28T08:29:08.526+0000] {processor.py:809} INFO - DAG(s) dict_keys(['example_xcom']) retrieved from /usr/local/lib/python3.10/dist-packages/airflow/example_dags/example_xcom.py
[2023-10-28T08:29:08.609+0000] {logging_mixin.py:149} INFO - [2023-10-28T08:29:08.609+0000] {dag.py:2726} INFO - Sync 1 DAGs
[2023-10-28T08:29:08.684+0000] {logging_mixin.py:149} INFO - [2023-10-28T08:29:08.683+0000] {dag.py:3486} INFO - Setting next_dagrun for example_xcom to 2021-01-01T00:00:00+00:00, run_after=2021-01-01T00:00:00+00:00
[2023-10-28T08:29:08.790+0000] {processor.py:178} INFO - Processing /usr/local/lib/python3.10/dist-packages/airflow/example_dags/example_xcom.py took 0.292 seconds
[2023-10-28T08:29:38.879+0000] {processor.py:156} INFO - Started process (PID=1512285) to work on /usr/local/lib/python3.10/dist-packages/airflow/example_dags/example_xcom.py
[2023-10-28T08:29:38.916+0000] {processor.py:799} INFO - Processing file /usr/local/lib/python3.10/dist-packages/airflow/example_dags/example_xcom.py for tasks to queue
[2023-10-28T08:29:38.919+0000] {logging_mixin.py:149} INFO - [2023-10-28T08:29:38.918+0000] {dagbag.py:541} INFO - Filling up the DagBag from /usr/local/lib/python3.10/dist-packages/airflow/example_dags/example_xcom.py
[2023-10-28T08:29:38.939+0000] {processor.py:809} INFO - DAG(s) dict_keys(['example_xcom']) retrieved from /usr/local/lib/python3.10/dist-packages/airflow/example_dags/example_xcom.py
[2023-10-28T08:29:39.022+0000] {logging_mixin.py:149} INFO - [2023-10-28T08:29:39.022+0000] {dag.py:2726} INFO - Sync 1 DAGs
[2023-10-28T08:29:39.106+0000] {logging_mixin.py:149} INFO - [2023-10-28T08:29:39.105+0000] {dag.py:3486} INFO - Setting next_dagrun for example_xcom to 2021-01-01T00:00:00+00:00, run_after=2021-01-01T00:00:00+00:00
[2023-10-28T08:29:39.203+0000] {processor.py:178} INFO - Processing /usr/local/lib/python3.10/dist-packages/airflow/example_dags/example_xcom.py took 0.333 seconds
[2023-10-28T08:30:09.399+0000] {processor.py:156} INFO - Started process (PID=1512665) to work on /usr/local/lib/python3.10/dist-packages/airflow/example_dags/example_xcom.py
[2023-10-28T08:30:09.441+0000] {processor.py:799} INFO - Processing file /usr/local/lib/python3.10/dist-packages/airflow/example_dags/example_xcom.py for tasks to queue
[2023-10-28T08:30:09.444+0000] {logging_mixin.py:149} INFO - [2023-10-28T08:30:09.443+0000] {dagbag.py:541} INFO - Filling up the DagBag from /usr/local/lib/python3.10/dist-packages/airflow/example_dags/example_xcom.py
[2023-10-28T08:30:09.465+0000] {processor.py:809} INFO - DAG(s) dict_keys(['example_xcom']) retrieved from /usr/local/lib/python3.10/dist-packages/airflow/example_dags/example_xcom.py
[2023-10-28T08:30:09.551+0000] {logging_mixin.py:149} INFO - [2023-10-28T08:30:09.551+0000] {dag.py:2726} INFO - Sync 1 DAGs
[2023-10-28T08:30:09.635+0000] {logging_mixin.py:149} INFO - [2023-10-28T08:30:09.634+0000] {dag.py:3486} INFO - Setting next_dagrun for example_xcom to 2021-01-01T00:00:00+00:00, run_after=2021-01-01T00:00:00+00:00
[2023-10-28T08:30:09.732+0000] {processor.py:178} INFO - Processing /usr/local/lib/python3.10/dist-packages/airflow/example_dags/example_xcom.py took 0.341 seconds
[2023-10-28T08:30:40.490+0000] {processor.py:156} INFO - Started process (PID=1513297) to work on /usr/local/lib/python3.10/dist-packages/airflow/example_dags/example_xcom.py
[2023-10-28T08:30:40.528+0000] {processor.py:799} INFO - Processing file /usr/local/lib/python3.10/dist-packages/airflow/example_dags/example_xcom.py for tasks to queue
[2023-10-28T08:30:40.530+0000] {logging_mixin.py:149} INFO - [2023-10-28T08:30:40.530+0000] {dagbag.py:541} INFO - Filling up the DagBag from /usr/local/lib/python3.10/dist-packages/airflow/example_dags/example_xcom.py
[2023-10-28T08:30:40.551+0000] {processor.py:809} INFO - DAG(s) dict_keys(['example_xcom']) retrieved from /usr/local/lib/python3.10/dist-packages/airflow/example_dags/example_xcom.py
[2023-10-28T08:30:40.634+0000] {logging_mixin.py:149} INFO - [2023-10-28T08:30:40.633+0000] {dag.py:2726} INFO - Sync 1 DAGs
[2023-10-28T08:30:40.712+0000] {logging_mixin.py:149} INFO - [2023-10-28T08:30:40.711+0000] {dag.py:3486} INFO - Setting next_dagrun for example_xcom to 2021-01-01T00:00:00+00:00, run_after=2021-01-01T00:00:00+00:00
[2023-10-28T08:30:40.810+0000] {processor.py:178} INFO - Processing /usr/local/lib/python3.10/dist-packages/airflow/example_dags/example_xcom.py took 0.330 seconds
[2023-10-28T08:31:11.101+0000] {processor.py:156} INFO - Started process (PID=1513718) to work on /usr/local/lib/python3.10/dist-packages/airflow/example_dags/example_xcom.py
[2023-10-28T08:31:11.103+0000] {processor.py:799} INFO - Processing file /usr/local/lib/python3.10/dist-packages/airflow/example_dags/example_xcom.py for tasks to queue
[2023-10-28T08:31:11.105+0000] {logging_mixin.py:149} INFO - [2023-10-28T08:31:11.104+0000] {dagbag.py:541} INFO - Filling up the DagBag from /usr/local/lib/python3.10/dist-packages/airflow/example_dags/example_xcom.py
[2023-10-28T08:31:11.123+0000] {processor.py:809} INFO - DAG(s) dict_keys(['example_xcom']) retrieved from /usr/local/lib/python3.10/dist-packages/airflow/example_dags/example_xcom.py
[2023-10-28T08:31:11.202+0000] {logging_mixin.py:149} INFO - [2023-10-28T08:31:11.201+0000] {dag.py:2726} INFO - Sync 1 DAGs
[2023-10-28T08:31:11.279+0000] {logging_mixin.py:149} INFO - [2023-10-28T08:31:11.279+0000] {dag.py:3486} INFO - Setting next_dagrun for example_xcom to 2021-01-01T00:00:00+00:00, run_after=2021-01-01T00:00:00+00:00
[2023-10-28T08:31:11.382+0000] {processor.py:178} INFO - Processing /usr/local/lib/python3.10/dist-packages/airflow/example_dags/example_xcom.py took 0.289 seconds
[2023-10-28T08:31:41.991+0000] {processor.py:156} INFO - Started process (PID=1514307) to work on /usr/local/lib/python3.10/dist-packages/airflow/example_dags/example_xcom.py
[2023-10-28T08:31:42.036+0000] {processor.py:799} INFO - Processing file /usr/local/lib/python3.10/dist-packages/airflow/example_dags/example_xcom.py for tasks to queue
[2023-10-28T08:31:42.038+0000] {logging_mixin.py:149} INFO - [2023-10-28T08:31:42.037+0000] {dagbag.py:541} INFO - Filling up the DagBag from /usr/local/lib/python3.10/dist-packages/airflow/example_dags/example_xcom.py
[2023-10-28T08:31:42.059+0000] {processor.py:809} INFO - DAG(s) dict_keys(['example_xcom']) retrieved from /usr/local/lib/python3.10/dist-packages/airflow/example_dags/example_xcom.py
[2023-10-28T08:31:42.137+0000] {logging_mixin.py:149} INFO - [2023-10-28T08:31:42.137+0000] {dag.py:2726} INFO - Sync 1 DAGs
[2023-10-28T08:31:42.211+0000] {logging_mixin.py:149} INFO - [2023-10-28T08:31:42.211+0000] {dag.py:3486} INFO - Setting next_dagrun for example_xcom to 2021-01-01T00:00:00+00:00, run_after=2021-01-01T00:00:00+00:00
[2023-10-28T08:31:42.282+0000] {processor.py:178} INFO - Processing /usr/local/lib/python3.10/dist-packages/airflow/example_dags/example_xcom.py took 0.298 seconds
[2023-10-28T08:32:12.657+0000] {processor.py:156} INFO - Started process (PID=1514942) to work on /usr/local/lib/python3.10/dist-packages/airflow/example_dags/example_xcom.py
[2023-10-28T08:32:12.696+0000] {processor.py:799} INFO - Processing file /usr/local/lib/python3.10/dist-packages/airflow/example_dags/example_xcom.py for tasks to queue
[2023-10-28T08:32:12.698+0000] {logging_mixin.py:149} INFO - [2023-10-28T08:32:12.698+0000] {dagbag.py:541} INFO - Filling up the DagBag from /usr/local/lib/python3.10/dist-packages/airflow/example_dags/example_xcom.py
[2023-10-28T08:32:12.721+0000] {processor.py:809} INFO - DAG(s) dict_keys(['example_xcom']) retrieved from /usr/local/lib/python3.10/dist-packages/airflow/example_dags/example_xcom.py
[2023-10-28T08:32:12.802+0000] {logging_mixin.py:149} INFO - [2023-10-28T08:32:12.802+0000] {dag.py:2726} INFO - Sync 1 DAGs
[2023-10-28T08:32:12.874+0000] {logging_mixin.py:149} INFO - [2023-10-28T08:32:12.873+0000] {dag.py:3486} INFO - Setting next_dagrun for example_xcom to 2021-01-01T00:00:00+00:00, run_after=2021-01-01T00:00:00+00:00
[2023-10-28T08:32:12.970+0000] {processor.py:178} INFO - Processing /usr/local/lib/python3.10/dist-packages/airflow/example_dags/example_xcom.py took 0.321 seconds
[2023-10-28T08:32:43.070+0000] {processor.py:156} INFO - Started process (PID=1515508) to work on /usr/local/lib/python3.10/dist-packages/airflow/example_dags/example_xcom.py
[2023-10-28T08:32:43.108+0000] {processor.py:799} INFO - Processing file /usr/local/lib/python3.10/dist-packages/airflow/example_dags/example_xcom.py for tasks to queue
[2023-10-28T08:32:43.110+0000] {logging_mixin.py:149} INFO - [2023-10-28T08:32:43.110+0000] {dagbag.py:541} INFO - Filling up the DagBag from /usr/local/lib/python3.10/dist-packages/airflow/example_dags/example_xcom.py
[2023-10-28T08:32:43.132+0000] {processor.py:809} INFO - DAG(s) dict_keys(['example_xcom']) retrieved from /usr/local/lib/python3.10/dist-packages/airflow/example_dags/example_xcom.py
[2023-10-28T08:32:43.225+0000] {logging_mixin.py:149} INFO - [2023-10-28T08:32:43.223+0000] {dag.py:2726} INFO - Sync 1 DAGs
[2023-10-28T08:32:43.306+0000] {logging_mixin.py:149} INFO - [2023-10-28T08:32:43.305+0000] {dag.py:3486} INFO - Setting next_dagrun for example_xcom to 2021-01-01T00:00:00+00:00, run_after=2021-01-01T00:00:00+00:00
[2023-10-28T08:32:43.415+0000] {processor.py:178} INFO - Processing /usr/local/lib/python3.10/dist-packages/airflow/example_dags/example_xcom.py took 0.352 seconds
[2023-10-28T08:33:14.056+0000] {processor.py:156} INFO - Started process (PID=1516047) to work on /usr/local/lib/python3.10/dist-packages/airflow/example_dags/example_xcom.py
[2023-10-28T08:33:14.058+0000] {processor.py:799} INFO - Processing file /usr/local/lib/python3.10/dist-packages/airflow/example_dags/example_xcom.py for tasks to queue
[2023-10-28T08:33:14.060+0000] {logging_mixin.py:149} INFO - [2023-10-28T08:33:14.059+0000] {dagbag.py:541} INFO - Filling up the DagBag from /usr/local/lib/python3.10/dist-packages/airflow/example_dags/example_xcom.py
[2023-10-28T08:33:14.077+0000] {processor.py:809} INFO - DAG(s) dict_keys(['example_xcom']) retrieved from /usr/local/lib/python3.10/dist-packages/airflow/example_dags/example_xcom.py
[2023-10-28T08:33:14.160+0000] {logging_mixin.py:149} INFO - [2023-10-28T08:33:14.159+0000] {dag.py:2726} INFO - Sync 1 DAGs
[2023-10-28T08:33:14.232+0000] {logging_mixin.py:149} INFO - [2023-10-28T08:33:14.232+0000] {dag.py:3486} INFO - Setting next_dagrun for example_xcom to 2021-01-01T00:00:00+00:00, run_after=2021-01-01T00:00:00+00:00
[2023-10-28T08:33:14.327+0000] {processor.py:178} INFO - Processing /usr/local/lib/python3.10/dist-packages/airflow/example_dags/example_xcom.py took 0.279 seconds
[2023-10-28T08:33:44.692+0000] {processor.py:156} INFO - Started process (PID=1516405) to work on /usr/local/lib/python3.10/dist-packages/airflow/example_dags/example_xcom.py
[2023-10-28T08:33:44.730+0000] {processor.py:799} INFO - Processing file /usr/local/lib/python3.10/dist-packages/airflow/example_dags/example_xcom.py for tasks to queue
[2023-10-28T08:33:44.733+0000] {logging_mixin.py:149} INFO - [2023-10-28T08:33:44.732+0000] {dagbag.py:541} INFO - Filling up the DagBag from /usr/local/lib/python3.10/dist-packages/airflow/example_dags/example_xcom.py
[2023-10-28T08:33:44.753+0000] {processor.py:809} INFO - DAG(s) dict_keys(['example_xcom']) retrieved from /usr/local/lib/python3.10/dist-packages/airflow/example_dags/example_xcom.py
[2023-10-28T08:33:44.831+0000] {logging_mixin.py:149} INFO - [2023-10-28T08:33:44.830+0000] {dag.py:2726} INFO - Sync 1 DAGs
[2023-10-28T08:33:44.906+0000] {logging_mixin.py:149} INFO - [2023-10-28T08:33:44.905+0000] {dag.py:3486} INFO - Setting next_dagrun for example_xcom to 2021-01-01T00:00:00+00:00, run_after=2021-01-01T00:00:00+00:00
[2023-10-28T08:33:45.002+0000] {processor.py:178} INFO - Processing /usr/local/lib/python3.10/dist-packages/airflow/example_dags/example_xcom.py took 0.318 seconds
[2023-10-28T08:34:15.187+0000] {processor.py:156} INFO - Started process (PID=1516801) to work on /usr/local/lib/python3.10/dist-packages/airflow/example_dags/example_xcom.py
[2023-10-28T08:34:15.231+0000] {processor.py:799} INFO - Processing file /usr/local/lib/python3.10/dist-packages/airflow/example_dags/example_xcom.py for tasks to queue
[2023-10-28T08:34:15.233+0000] {logging_mixin.py:149} INFO - [2023-10-28T08:34:15.233+0000] {dagbag.py:541} INFO - Filling up the DagBag from /usr/local/lib/python3.10/dist-packages/airflow/example_dags/example_xcom.py
[2023-10-28T08:34:15.253+0000] {processor.py:809} INFO - DAG(s) dict_keys(['example_xcom']) retrieved from /usr/local/lib/python3.10/dist-packages/airflow/example_dags/example_xcom.py
[2023-10-28T08:34:15.329+0000] {logging_mixin.py:149} INFO - [2023-10-28T08:34:15.329+0000] {dag.py:2726} INFO - Sync 1 DAGs
[2023-10-28T08:34:15.400+0000] {logging_mixin.py:149} INFO - [2023-10-28T08:34:15.399+0000] {dag.py:3486} INFO - Setting next_dagrun for example_xcom to 2021-01-01T00:00:00+00:00, run_after=2021-01-01T00:00:00+00:00
[2023-10-28T08:34:15.500+0000] {processor.py:178} INFO - Processing /usr/local/lib/python3.10/dist-packages/airflow/example_dags/example_xcom.py took 0.321 seconds
[2023-10-28T08:34:46.031+0000] {processor.py:156} INFO - Started process (PID=1517160) to work on /usr/local/lib/python3.10/dist-packages/airflow/example_dags/example_xcom.py
[2023-10-28T08:34:46.070+0000] {processor.py:799} INFO - Processing file /usr/local/lib/python3.10/dist-packages/airflow/example_dags/example_xcom.py for tasks to queue
[2023-10-28T08:34:46.072+0000] {logging_mixin.py:149} INFO - [2023-10-28T08:34:46.072+0000] {dagbag.py:541} INFO - Filling up the DagBag from /usr/local/lib/python3.10/dist-packages/airflow/example_dags/example_xcom.py
[2023-10-28T08:34:46.091+0000] {processor.py:809} INFO - DAG(s) dict_keys(['example_xcom']) retrieved from /usr/local/lib/python3.10/dist-packages/airflow/example_dags/example_xcom.py
[2023-10-28T08:34:46.169+0000] {logging_mixin.py:149} INFO - [2023-10-28T08:34:46.169+0000] {dag.py:2726} INFO - Sync 1 DAGs
[2023-10-28T08:34:46.241+0000] {logging_mixin.py:149} INFO - [2023-10-28T08:34:46.240+0000] {dag.py:3486} INFO - Setting next_dagrun for example_xcom to 2021-01-01T00:00:00+00:00, run_after=2021-01-01T00:00:00+00:00
[2023-10-28T08:34:46.306+0000] {processor.py:178} INFO - Processing /usr/local/lib/python3.10/dist-packages/airflow/example_dags/example_xcom.py took 0.282 seconds
[2023-10-28T08:35:17.020+0000] {processor.py:156} INFO - Started process (PID=1517565) to work on /usr/local/lib/python3.10/dist-packages/airflow/example_dags/example_xcom.py
[2023-10-28T08:35:17.057+0000] {processor.py:799} INFO - Processing file /usr/local/lib/python3.10/dist-packages/airflow/example_dags/example_xcom.py for tasks to queue
[2023-10-28T08:35:17.059+0000] {logging_mixin.py:149} INFO - [2023-10-28T08:35:17.059+0000] {dagbag.py:541} INFO - Filling up the DagBag from /usr/local/lib/python3.10/dist-packages/airflow/example_dags/example_xcom.py
[2023-10-28T08:35:17.079+0000] {processor.py:809} INFO - DAG(s) dict_keys(['example_xcom']) retrieved from /usr/local/lib/python3.10/dist-packages/airflow/example_dags/example_xcom.py
[2023-10-28T08:35:17.162+0000] {logging_mixin.py:149} INFO - [2023-10-28T08:35:17.161+0000] {dag.py:2726} INFO - Sync 1 DAGs
[2023-10-28T08:35:17.236+0000] {logging_mixin.py:149} INFO - [2023-10-28T08:35:17.235+0000] {dag.py:3486} INFO - Setting next_dagrun for example_xcom to 2021-01-01T00:00:00+00:00, run_after=2021-01-01T00:00:00+00:00
[2023-10-28T08:35:17.334+0000] {processor.py:178} INFO - Processing /usr/local/lib/python3.10/dist-packages/airflow/example_dags/example_xcom.py took 0.323 seconds
[2023-10-28T08:35:47.416+0000] {processor.py:156} INFO - Started process (PID=1518173) to work on /usr/local/lib/python3.10/dist-packages/airflow/example_dags/example_xcom.py
[2023-10-28T08:35:47.418+0000] {processor.py:799} INFO - Processing file /usr/local/lib/python3.10/dist-packages/airflow/example_dags/example_xcom.py for tasks to queue
[2023-10-28T08:35:47.420+0000] {logging_mixin.py:149} INFO - [2023-10-28T08:35:47.419+0000] {dagbag.py:541} INFO - Filling up the DagBag from /usr/local/lib/python3.10/dist-packages/airflow/example_dags/example_xcom.py
[2023-10-28T08:35:47.440+0000] {processor.py:809} INFO - DAG(s) dict_keys(['example_xcom']) retrieved from /usr/local/lib/python3.10/dist-packages/airflow/example_dags/example_xcom.py
[2023-10-28T08:35:47.524+0000] {logging_mixin.py:149} INFO - [2023-10-28T08:35:47.524+0000] {dag.py:2726} INFO - Sync 1 DAGs
[2023-10-28T08:35:47.600+0000] {logging_mixin.py:149} INFO - [2023-10-28T08:35:47.600+0000] {dag.py:3486} INFO - Setting next_dagrun for example_xcom to 2021-01-01T00:00:00+00:00, run_after=2021-01-01T00:00:00+00:00
[2023-10-28T08:35:47.707+0000] {processor.py:178} INFO - Processing /usr/local/lib/python3.10/dist-packages/airflow/example_dags/example_xcom.py took 0.299 seconds
[2023-10-28T08:36:18.072+0000] {processor.py:156} INFO - Started process (PID=1518557) to work on /usr/local/lib/python3.10/dist-packages/airflow/example_dags/example_xcom.py
[2023-10-28T08:36:18.074+0000] {processor.py:799} INFO - Processing file /usr/local/lib/python3.10/dist-packages/airflow/example_dags/example_xcom.py for tasks to queue
[2023-10-28T08:36:18.076+0000] {logging_mixin.py:149} INFO - [2023-10-28T08:36:18.076+0000] {dagbag.py:541} INFO - Filling up the DagBag from /usr/local/lib/python3.10/dist-packages/airflow/example_dags/example_xcom.py
[2023-10-28T08:36:18.098+0000] {processor.py:809} INFO - DAG(s) dict_keys(['example_xcom']) retrieved from /usr/local/lib/python3.10/dist-packages/airflow/example_dags/example_xcom.py
[2023-10-28T08:36:18.183+0000] {logging_mixin.py:149} INFO - [2023-10-28T08:36:18.182+0000] {dag.py:2726} INFO - Sync 1 DAGs
[2023-10-28T08:36:18.262+0000] {logging_mixin.py:149} INFO - [2023-10-28T08:36:18.261+0000] {dag.py:3486} INFO - Setting next_dagrun for example_xcom to 2021-01-01T00:00:00+00:00, run_after=2021-01-01T00:00:00+00:00
[2023-10-28T08:36:18.357+0000] {processor.py:178} INFO - Processing /usr/local/lib/python3.10/dist-packages/airflow/example_dags/example_xcom.py took 0.293 seconds
[2023-10-28T08:36:49.164+0000] {processor.py:156} INFO - Started process (PID=1518914) to work on /usr/local/lib/python3.10/dist-packages/airflow/example_dags/example_xcom.py
[2023-10-28T08:36:49.166+0000] {processor.py:799} INFO - Processing file /usr/local/lib/python3.10/dist-packages/airflow/example_dags/example_xcom.py for tasks to queue
[2023-10-28T08:36:49.168+0000] {logging_mixin.py:149} INFO - [2023-10-28T08:36:49.167+0000] {dagbag.py:541} INFO - Filling up the DagBag from /usr/local/lib/python3.10/dist-packages/airflow/example_dags/example_xcom.py
[2023-10-28T08:36:49.186+0000] {processor.py:809} INFO - DAG(s) dict_keys(['example_xcom']) retrieved from /usr/local/lib/python3.10/dist-packages/airflow/example_dags/example_xcom.py
[2023-10-28T08:36:49.269+0000] {logging_mixin.py:149} INFO - [2023-10-28T08:36:49.269+0000] {dag.py:2726} INFO - Sync 1 DAGs
[2023-10-28T08:36:49.344+0000] {logging_mixin.py:149} INFO - [2023-10-28T08:36:49.344+0000] {dag.py:3486} INFO - Setting next_dagrun for example_xcom to 2021-01-01T00:00:00+00:00, run_after=2021-01-01T00:00:00+00:00
[2023-10-28T08:36:49.450+0000] {processor.py:178} INFO - Processing /usr/local/lib/python3.10/dist-packages/airflow/example_dags/example_xcom.py took 0.294 seconds
[2023-10-28T08:37:19.908+0000] {processor.py:156} INFO - Started process (PID=1519414) to work on /usr/local/lib/python3.10/dist-packages/airflow/example_dags/example_xcom.py
[2023-10-28T08:37:19.949+0000] {processor.py:799} INFO - Processing file /usr/local/lib/python3.10/dist-packages/airflow/example_dags/example_xcom.py for tasks to queue
[2023-10-28T08:37:19.951+0000] {logging_mixin.py:149} INFO - [2023-10-28T08:37:19.950+0000] {dagbag.py:541} INFO - Filling up the DagBag from /usr/local/lib/python3.10/dist-packages/airflow/example_dags/example_xcom.py
[2023-10-28T08:37:19.972+0000] {processor.py:809} INFO - DAG(s) dict_keys(['example_xcom']) retrieved from /usr/local/lib/python3.10/dist-packages/airflow/example_dags/example_xcom.py
[2023-10-28T08:37:20.054+0000] {logging_mixin.py:149} INFO - [2023-10-28T08:37:20.053+0000] {dag.py:2726} INFO - Sync 1 DAGs
[2023-10-28T08:37:20.134+0000] {logging_mixin.py:149} INFO - [2023-10-28T08:37:20.133+0000] {dag.py:3486} INFO - Setting next_dagrun for example_xcom to 2021-01-01T00:00:00+00:00, run_after=2021-01-01T00:00:00+00:00
[2023-10-28T08:37:20.227+0000] {processor.py:178} INFO - Processing /usr/local/lib/python3.10/dist-packages/airflow/example_dags/example_xcom.py took 0.328 seconds
[2023-10-28T08:37:50.649+0000] {processor.py:156} INFO - Started process (PID=1519777) to work on /usr/local/lib/python3.10/dist-packages/airflow/example_dags/example_xcom.py
[2023-10-28T08:37:50.651+0000] {processor.py:799} INFO - Processing file /usr/local/lib/python3.10/dist-packages/airflow/example_dags/example_xcom.py for tasks to queue
[2023-10-28T08:37:50.653+0000] {logging_mixin.py:149} INFO - [2023-10-28T08:37:50.652+0000] {dagbag.py:541} INFO - Filling up the DagBag from /usr/local/lib/python3.10/dist-packages/airflow/example_dags/example_xcom.py
[2023-10-28T08:37:50.672+0000] {processor.py:809} INFO - DAG(s) dict_keys(['example_xcom']) retrieved from /usr/local/lib/python3.10/dist-packages/airflow/example_dags/example_xcom.py
[2023-10-28T08:37:50.755+0000] {logging_mixin.py:149} INFO - [2023-10-28T08:37:50.754+0000] {dag.py:2726} INFO - Sync 1 DAGs
[2023-10-28T08:37:50.829+0000] {logging_mixin.py:149} INFO - [2023-10-28T08:37:50.828+0000] {dag.py:3486} INFO - Setting next_dagrun for example_xcom to 2021-01-01T00:00:00+00:00, run_after=2021-01-01T00:00:00+00:00
[2023-10-28T08:37:50.931+0000] {processor.py:178} INFO - Processing /usr/local/lib/python3.10/dist-packages/airflow/example_dags/example_xcom.py took 0.289 seconds
[2023-10-28T08:38:21.544+0000] {processor.py:156} INFO - Started process (PID=1520262) to work on /usr/local/lib/python3.10/dist-packages/airflow/example_dags/example_xcom.py
[2023-10-28T08:38:21.590+0000] {processor.py:799} INFO - Processing file /usr/local/lib/python3.10/dist-packages/airflow/example_dags/example_xcom.py for tasks to queue
[2023-10-28T08:38:21.592+0000] {logging_mixin.py:149} INFO - [2023-10-28T08:38:21.591+0000] {dagbag.py:541} INFO - Filling up the DagBag from /usr/local/lib/python3.10/dist-packages/airflow/example_dags/example_xcom.py
[2023-10-28T08:38:21.610+0000] {processor.py:809} INFO - DAG(s) dict_keys(['example_xcom']) retrieved from /usr/local/lib/python3.10/dist-packages/airflow/example_dags/example_xcom.py
[2023-10-28T08:38:21.696+0000] {logging_mixin.py:149} INFO - [2023-10-28T08:38:21.696+0000] {dag.py:2726} INFO - Sync 1 DAGs
[2023-10-28T08:38:21.771+0000] {logging_mixin.py:149} INFO - [2023-10-28T08:38:21.771+0000] {dag.py:3486} INFO - Setting next_dagrun for example_xcom to 2021-01-01T00:00:00+00:00, run_after=2021-01-01T00:00:00+00:00
[2023-10-28T08:38:21.844+0000] {processor.py:178} INFO - Processing /usr/local/lib/python3.10/dist-packages/airflow/example_dags/example_xcom.py took 0.308 seconds
[2023-10-28T08:38:51.986+0000] {processor.py:156} INFO - Started process (PID=1520784) to work on /usr/local/lib/python3.10/dist-packages/airflow/example_dags/example_xcom.py
[2023-10-28T08:38:51.988+0000] {processor.py:799} INFO - Processing file /usr/local/lib/python3.10/dist-packages/airflow/example_dags/example_xcom.py for tasks to queue
[2023-10-28T08:38:51.990+0000] {logging_mixin.py:149} INFO - [2023-10-28T08:38:51.990+0000] {dagbag.py:541} INFO - Filling up the DagBag from /usr/local/lib/python3.10/dist-packages/airflow/example_dags/example_xcom.py
[2023-10-28T08:38:52.022+0000] {processor.py:809} INFO - DAG(s) dict_keys(['example_xcom']) retrieved from /usr/local/lib/python3.10/dist-packages/airflow/example_dags/example_xcom.py
[2023-10-28T08:38:52.127+0000] {logging_mixin.py:149} INFO - [2023-10-28T08:38:52.126+0000] {dag.py:2726} INFO - Sync 1 DAGs
[2023-10-28T08:38:52.216+0000] {logging_mixin.py:149} INFO - [2023-10-28T08:38:52.215+0000] {dag.py:3486} INFO - Setting next_dagrun for example_xcom to 2021-01-01T00:00:00+00:00, run_after=2021-01-01T00:00:00+00:00
[2023-10-28T08:38:52.284+0000] {processor.py:178} INFO - Processing /usr/local/lib/python3.10/dist-packages/airflow/example_dags/example_xcom.py took 0.306 seconds
[2023-10-28T08:39:23.230+0000] {processor.py:156} INFO - Started process (PID=1521327) to work on /usr/local/lib/python3.10/dist-packages/airflow/example_dags/example_xcom.py
[2023-10-28T08:39:23.265+0000] {processor.py:799} INFO - Processing file /usr/local/lib/python3.10/dist-packages/airflow/example_dags/example_xcom.py for tasks to queue
[2023-10-28T08:39:23.267+0000] {logging_mixin.py:149} INFO - [2023-10-28T08:39:23.267+0000] {dagbag.py:541} INFO - Filling up the DagBag from /usr/local/lib/python3.10/dist-packages/airflow/example_dags/example_xcom.py
[2023-10-28T08:39:23.285+0000] {processor.py:809} INFO - DAG(s) dict_keys(['example_xcom']) retrieved from /usr/local/lib/python3.10/dist-packages/airflow/example_dags/example_xcom.py
[2023-10-28T08:39:23.369+0000] {logging_mixin.py:149} INFO - [2023-10-28T08:39:23.369+0000] {dag.py:2726} INFO - Sync 1 DAGs
[2023-10-28T08:39:23.448+0000] {logging_mixin.py:149} INFO - [2023-10-28T08:39:23.447+0000] {dag.py:3486} INFO - Setting next_dagrun for example_xcom to 2021-01-01T00:00:00+00:00, run_after=2021-01-01T00:00:00+00:00
[2023-10-28T08:39:23.547+0000] {processor.py:178} INFO - Processing /usr/local/lib/python3.10/dist-packages/airflow/example_dags/example_xcom.py took 0.324 seconds
