[2023-10-28T07:57:06.627+0000] {processor.py:156} INFO - Started process (PID=1491445) to work on /usr/local/lib/python3.10/dist-packages/airflow/example_dags/example_xcomargs.py
[2023-10-28T07:57:06.629+0000] {processor.py:799} INFO - Processing file /usr/local/lib/python3.10/dist-packages/airflow/example_dags/example_xcomargs.py for tasks to queue
[2023-10-28T07:57:06.631+0000] {logging_mixin.py:149} INFO - [2023-10-28T07:57:06.631+0000] {dagbag.py:541} INFO - Filling up the DagBag from /usr/local/lib/python3.10/dist-packages/airflow/example_dags/example_xcomargs.py
[2023-10-28T07:57:06.659+0000] {processor.py:809} INFO - DAG(s) dict_keys(['example_xcom_args', 'example_xcom_args_with_operators']) retrieved from /usr/local/lib/python3.10/dist-packages/airflow/example_dags/example_xcomargs.py
[2023-10-28T07:57:07.179+0000] {logging_mixin.py:149} INFO - [2023-10-28T07:57:07.179+0000] {manager.py:504} INFO - Created Permission View: can read on DAG:example_xcom_args
[2023-10-28T07:57:07.207+0000] {logging_mixin.py:149} INFO - [2023-10-28T07:57:07.206+0000] {manager.py:504} INFO - Created Permission View: can edit on DAG:example_xcom_args
[2023-10-28T07:57:07.231+0000] {logging_mixin.py:149} INFO - [2023-10-28T07:57:07.231+0000] {manager.py:504} INFO - Created Permission View: can delete on DAG:example_xcom_args
[2023-10-28T07:57:07.281+0000] {logging_mixin.py:149} INFO - [2023-10-28T07:57:07.280+0000] {manager.py:504} INFO - Created Permission View: can read on DAG:example_xcom_args_with_operators
[2023-10-28T07:57:07.304+0000] {logging_mixin.py:149} INFO - [2023-10-28T07:57:07.303+0000] {manager.py:504} INFO - Created Permission View: can edit on DAG:example_xcom_args_with_operators
[2023-10-28T07:57:07.328+0000] {logging_mixin.py:149} INFO - [2023-10-28T07:57:07.327+0000] {manager.py:504} INFO - Created Permission View: can delete on DAG:example_xcom_args_with_operators
[2023-10-28T07:57:07.329+0000] {logging_mixin.py:149} INFO - [2023-10-28T07:57:07.329+0000] {dag.py:2726} INFO - Sync 2 DAGs
[2023-10-28T07:57:07.357+0000] {logging_mixin.py:149} INFO - [2023-10-28T07:57:07.356+0000] {dag.py:2747} INFO - Creating ORM DAG for example_xcom_args
[2023-10-28T07:57:07.358+0000] {logging_mixin.py:149} INFO - [2023-10-28T07:57:07.358+0000] {dag.py:2747} INFO - Creating ORM DAG for example_xcom_args_with_operators
[2023-10-28T07:57:07.382+0000] {logging_mixin.py:149} INFO - [2023-10-28T07:57:07.382+0000] {dag.py:3486} INFO - Setting next_dagrun for example_xcom_args to None, run_after=None
[2023-10-28T07:57:07.384+0000] {logging_mixin.py:149} INFO - [2023-10-28T07:57:07.383+0000] {dag.py:3486} INFO - Setting next_dagrun for example_xcom_args_with_operators to None, run_after=None
[2023-10-28T07:57:07.482+0000] {processor.py:178} INFO - Processing /usr/local/lib/python3.10/dist-packages/airflow/example_dags/example_xcomargs.py took 0.862 seconds
[2023-10-28T07:58:21.694+0000] {processor.py:156} INFO - Started process (PID=1491873) to work on /usr/local/lib/python3.10/dist-packages/airflow/example_dags/example_xcomargs.py
[2023-10-28T07:58:21.732+0000] {processor.py:799} INFO - Processing file /usr/local/lib/python3.10/dist-packages/airflow/example_dags/example_xcomargs.py for tasks to queue
[2023-10-28T07:58:21.734+0000] {logging_mixin.py:149} INFO - [2023-10-28T07:58:21.734+0000] {dagbag.py:541} INFO - Filling up the DagBag from /usr/local/lib/python3.10/dist-packages/airflow/example_dags/example_xcomargs.py
[2023-10-28T07:58:21.754+0000] {processor.py:809} INFO - DAG(s) dict_keys(['example_xcom_args_with_operators', 'example_xcom_args']) retrieved from /usr/local/lib/python3.10/dist-packages/airflow/example_dags/example_xcomargs.py
[2023-10-28T07:58:22.031+0000] {logging_mixin.py:149} INFO - [2023-10-28T07:58:22.030+0000] {dag.py:2726} INFO - Sync 2 DAGs
[2023-10-28T07:58:22.083+0000] {logging_mixin.py:149} INFO - [2023-10-28T07:58:22.083+0000] {dag.py:3486} INFO - Setting next_dagrun for example_xcom_args to None, run_after=None
[2023-10-28T07:58:22.092+0000] {logging_mixin.py:149} INFO - [2023-10-28T07:58:22.092+0000] {dag.py:3486} INFO - Setting next_dagrun for example_xcom_args_with_operators to None, run_after=None
[2023-10-28T07:58:22.145+0000] {processor.py:178} INFO - Processing /usr/local/lib/python3.10/dist-packages/airflow/example_dags/example_xcomargs.py took 0.457 seconds
[2023-10-28T07:59:01.068+0000] {processor.py:156} INFO - Started process (PID=1492164) to work on /usr/local/lib/python3.10/dist-packages/airflow/example_dags/example_xcomargs.py
[2023-10-28T07:59:01.105+0000] {processor.py:799} INFO - Processing file /usr/local/lib/python3.10/dist-packages/airflow/example_dags/example_xcomargs.py for tasks to queue
[2023-10-28T07:59:01.107+0000] {logging_mixin.py:149} INFO - [2023-10-28T07:59:01.106+0000] {dagbag.py:541} INFO - Filling up the DagBag from /usr/local/lib/python3.10/dist-packages/airflow/example_dags/example_xcomargs.py
[2023-10-28T07:59:01.130+0000] {processor.py:809} INFO - DAG(s) dict_keys(['example_xcom_args', 'example_xcom_args_with_operators']) retrieved from /usr/local/lib/python3.10/dist-packages/airflow/example_dags/example_xcomargs.py
[2023-10-28T07:59:01.190+0000] {logging_mixin.py:149} INFO - [2023-10-28T07:59:01.190+0000] {dag.py:2726} INFO - Sync 2 DAGs
[2023-10-28T07:59:01.246+0000] {logging_mixin.py:149} INFO - [2023-10-28T07:59:01.245+0000] {dag.py:3486} INFO - Setting next_dagrun for example_xcom_args to None, run_after=None
[2023-10-28T07:59:01.255+0000] {logging_mixin.py:149} INFO - [2023-10-28T07:59:01.255+0000] {dag.py:3486} INFO - Setting next_dagrun for example_xcom_args_with_operators to None, run_after=None
[2023-10-28T07:59:01.346+0000] {processor.py:178} INFO - Processing /usr/local/lib/python3.10/dist-packages/airflow/example_dags/example_xcomargs.py took 0.286 seconds
[2023-10-28T07:59:57.778+0000] {processor.py:156} INFO - Started process (PID=1492562) to work on /usr/local/lib/python3.10/dist-packages/airflow/example_dags/example_xcomargs.py
[2023-10-28T07:59:57.813+0000] {processor.py:799} INFO - Processing file /usr/local/lib/python3.10/dist-packages/airflow/example_dags/example_xcomargs.py for tasks to queue
[2023-10-28T07:59:57.815+0000] {logging_mixin.py:149} INFO - [2023-10-28T07:59:57.814+0000] {dagbag.py:541} INFO - Filling up the DagBag from /usr/local/lib/python3.10/dist-packages/airflow/example_dags/example_xcomargs.py
[2023-10-28T07:59:57.838+0000] {processor.py:809} INFO - DAG(s) dict_keys(['example_xcom_args', 'example_xcom_args_with_operators']) retrieved from /usr/local/lib/python3.10/dist-packages/airflow/example_dags/example_xcomargs.py
[2023-10-28T07:59:57.900+0000] {logging_mixin.py:149} INFO - [2023-10-28T07:59:57.899+0000] {dag.py:2726} INFO - Sync 2 DAGs
[2023-10-28T07:59:57.956+0000] {logging_mixin.py:149} INFO - [2023-10-28T07:59:57.955+0000] {dag.py:3486} INFO - Setting next_dagrun for example_xcom_args to None, run_after=None
[2023-10-28T07:59:57.965+0000] {logging_mixin.py:149} INFO - [2023-10-28T07:59:57.964+0000] {dag.py:3486} INFO - Setting next_dagrun for example_xcom_args_with_operators to None, run_after=None
[2023-10-28T07:59:58.052+0000] {processor.py:178} INFO - Processing /usr/local/lib/python3.10/dist-packages/airflow/example_dags/example_xcomargs.py took 0.281 seconds
[2023-10-28T08:15:18.309+0000] {processor.py:156} INFO - Started process (PID=1497660) to work on /usr/local/lib/python3.10/dist-packages/airflow/example_dags/example_xcomargs.py
[2023-10-28T08:15:18.344+0000] {processor.py:799} INFO - Processing file /usr/local/lib/python3.10/dist-packages/airflow/example_dags/example_xcomargs.py for tasks to queue
[2023-10-28T08:15:18.346+0000] {logging_mixin.py:149} INFO - [2023-10-28T08:15:18.345+0000] {dagbag.py:541} INFO - Filling up the DagBag from /usr/local/lib/python3.10/dist-packages/airflow/example_dags/example_xcomargs.py
[2023-10-28T08:15:18.371+0000] {processor.py:809} INFO - DAG(s) dict_keys(['example_xcom_args_with_operators', 'example_xcom_args']) retrieved from /usr/local/lib/python3.10/dist-packages/airflow/example_dags/example_xcomargs.py
[2023-10-28T08:15:18.903+0000] {logging_mixin.py:149} INFO - [2023-10-28T08:15:18.903+0000] {manager.py:504} INFO - Created Permission View: can read on DAG:example_xcom_args_with_operators
[2023-10-28T08:15:18.935+0000] {logging_mixin.py:149} INFO - [2023-10-28T08:15:18.934+0000] {manager.py:504} INFO - Created Permission View: can delete on DAG:example_xcom_args_with_operators
[2023-10-28T08:15:18.961+0000] {logging_mixin.py:149} INFO - [2023-10-28T08:15:18.960+0000] {manager.py:504} INFO - Created Permission View: can edit on DAG:example_xcom_args_with_operators
[2023-10-28T08:15:19.014+0000] {logging_mixin.py:149} INFO - [2023-10-28T08:15:19.013+0000] {manager.py:504} INFO - Created Permission View: can read on DAG:example_xcom_args
[2023-10-28T08:15:19.038+0000] {logging_mixin.py:149} INFO - [2023-10-28T08:15:19.038+0000] {manager.py:504} INFO - Created Permission View: can delete on DAG:example_xcom_args
[2023-10-28T08:15:19.065+0000] {logging_mixin.py:149} INFO - [2023-10-28T08:15:19.065+0000] {manager.py:504} INFO - Created Permission View: can edit on DAG:example_xcom_args
[2023-10-28T08:15:19.066+0000] {logging_mixin.py:149} INFO - [2023-10-28T08:15:19.066+0000] {dag.py:2726} INFO - Sync 2 DAGs
[2023-10-28T08:15:19.106+0000] {logging_mixin.py:149} INFO - [2023-10-28T08:15:19.106+0000] {dag.py:2747} INFO - Creating ORM DAG for example_xcom_args_with_operators
[2023-10-28T08:15:19.108+0000] {logging_mixin.py:149} INFO - [2023-10-28T08:15:19.107+0000] {dag.py:2747} INFO - Creating ORM DAG for example_xcom_args
[2023-10-28T08:15:19.140+0000] {logging_mixin.py:149} INFO - [2023-10-28T08:15:19.139+0000] {dag.py:3486} INFO - Setting next_dagrun for example_xcom_args to None, run_after=None
[2023-10-28T08:15:19.142+0000] {logging_mixin.py:149} INFO - [2023-10-28T08:15:19.141+0000] {dag.py:3486} INFO - Setting next_dagrun for example_xcom_args_with_operators to None, run_after=None
[2023-10-28T08:15:19.234+0000] {processor.py:178} INFO - Processing /usr/local/lib/python3.10/dist-packages/airflow/example_dags/example_xcomargs.py took 0.934 seconds
[2023-10-28T08:15:49.318+0000] {processor.py:156} INFO - Started process (PID=1498548) to work on /usr/local/lib/python3.10/dist-packages/airflow/example_dags/example_xcomargs.py
[2023-10-28T08:15:49.345+0000] {processor.py:799} INFO - Processing file /usr/local/lib/python3.10/dist-packages/airflow/example_dags/example_xcomargs.py for tasks to queue
[2023-10-28T08:15:49.347+0000] {logging_mixin.py:149} INFO - [2023-10-28T08:15:49.347+0000] {dagbag.py:541} INFO - Filling up the DagBag from /usr/local/lib/python3.10/dist-packages/airflow/example_dags/example_xcomargs.py
[2023-10-28T08:15:49.367+0000] {processor.py:809} INFO - DAG(s) dict_keys(['example_xcom_args', 'example_xcom_args_with_operators']) retrieved from /usr/local/lib/python3.10/dist-packages/airflow/example_dags/example_xcomargs.py
[2023-10-28T08:15:49.465+0000] {logging_mixin.py:149} INFO - [2023-10-28T08:15:49.464+0000] {dag.py:2726} INFO - Sync 2 DAGs
[2023-10-28T08:15:49.546+0000] {logging_mixin.py:149} INFO - [2023-10-28T08:15:49.546+0000] {dag.py:3486} INFO - Setting next_dagrun for example_xcom_args to None, run_after=None
[2023-10-28T08:15:49.560+0000] {logging_mixin.py:149} INFO - [2023-10-28T08:15:49.559+0000] {dag.py:3486} INFO - Setting next_dagrun for example_xcom_args_with_operators to None, run_after=None
[2023-10-28T08:15:49.640+0000] {processor.py:178} INFO - Processing /usr/local/lib/python3.10/dist-packages/airflow/example_dags/example_xcomargs.py took 0.330 seconds
[2023-10-28T08:16:20.353+0000] {processor.py:156} INFO - Started process (PID=1499875) to work on /usr/local/lib/python3.10/dist-packages/airflow/example_dags/example_xcomargs.py
[2023-10-28T08:16:20.377+0000] {processor.py:799} INFO - Processing file /usr/local/lib/python3.10/dist-packages/airflow/example_dags/example_xcomargs.py for tasks to queue
[2023-10-28T08:16:20.379+0000] {logging_mixin.py:149} INFO - [2023-10-28T08:16:20.378+0000] {dagbag.py:541} INFO - Filling up the DagBag from /usr/local/lib/python3.10/dist-packages/airflow/example_dags/example_xcomargs.py
[2023-10-28T08:16:20.398+0000] {processor.py:809} INFO - DAG(s) dict_keys(['example_xcom_args', 'example_xcom_args_with_operators']) retrieved from /usr/local/lib/python3.10/dist-packages/airflow/example_dags/example_xcomargs.py
[2023-10-28T08:16:20.495+0000] {logging_mixin.py:149} INFO - [2023-10-28T08:16:20.495+0000] {dag.py:2726} INFO - Sync 2 DAGs
[2023-10-28T08:16:20.571+0000] {logging_mixin.py:149} INFO - [2023-10-28T08:16:20.571+0000] {dag.py:3486} INFO - Setting next_dagrun for example_xcom_args to None, run_after=None
[2023-10-28T08:16:20.582+0000] {logging_mixin.py:149} INFO - [2023-10-28T08:16:20.582+0000] {dag.py:3486} INFO - Setting next_dagrun for example_xcom_args_with_operators to None, run_after=None
[2023-10-28T08:16:20.657+0000] {processor.py:178} INFO - Processing /usr/local/lib/python3.10/dist-packages/airflow/example_dags/example_xcomargs.py took 0.311 seconds
[2023-10-28T08:16:50.893+0000] {processor.py:156} INFO - Started process (PID=1500496) to work on /usr/local/lib/python3.10/dist-packages/airflow/example_dags/example_xcomargs.py
[2023-10-28T08:16:50.895+0000] {processor.py:799} INFO - Processing file /usr/local/lib/python3.10/dist-packages/airflow/example_dags/example_xcomargs.py for tasks to queue
[2023-10-28T08:16:50.897+0000] {logging_mixin.py:149} INFO - [2023-10-28T08:16:50.897+0000] {dagbag.py:541} INFO - Filling up the DagBag from /usr/local/lib/python3.10/dist-packages/airflow/example_dags/example_xcomargs.py
[2023-10-28T08:16:50.919+0000] {processor.py:809} INFO - DAG(s) dict_keys(['example_xcom_args', 'example_xcom_args_with_operators']) retrieved from /usr/local/lib/python3.10/dist-packages/airflow/example_dags/example_xcomargs.py
[2023-10-28T08:16:51.004+0000] {logging_mixin.py:149} INFO - [2023-10-28T08:16:51.004+0000] {dag.py:2726} INFO - Sync 2 DAGs
[2023-10-28T08:16:51.088+0000] {logging_mixin.py:149} INFO - [2023-10-28T08:16:51.087+0000] {dag.py:3486} INFO - Setting next_dagrun for example_xcom_args to None, run_after=None
[2023-10-28T08:16:51.099+0000] {logging_mixin.py:149} INFO - [2023-10-28T08:16:51.099+0000] {dag.py:3486} INFO - Setting next_dagrun for example_xcom_args_with_operators to None, run_after=None
[2023-10-28T08:16:51.181+0000] {processor.py:178} INFO - Processing /usr/local/lib/python3.10/dist-packages/airflow/example_dags/example_xcomargs.py took 0.295 seconds
[2023-10-28T08:17:21.597+0000] {processor.py:156} INFO - Started process (PID=1501018) to work on /usr/local/lib/python3.10/dist-packages/airflow/example_dags/example_xcomargs.py
[2023-10-28T08:17:21.609+0000] {processor.py:799} INFO - Processing file /usr/local/lib/python3.10/dist-packages/airflow/example_dags/example_xcomargs.py for tasks to queue
[2023-10-28T08:17:21.612+0000] {logging_mixin.py:149} INFO - [2023-10-28T08:17:21.611+0000] {dagbag.py:541} INFO - Filling up the DagBag from /usr/local/lib/python3.10/dist-packages/airflow/example_dags/example_xcomargs.py
[2023-10-28T08:17:21.637+0000] {processor.py:809} INFO - DAG(s) dict_keys(['example_xcom_args_with_operators', 'example_xcom_args']) retrieved from /usr/local/lib/python3.10/dist-packages/airflow/example_dags/example_xcomargs.py
[2023-10-28T08:17:21.748+0000] {logging_mixin.py:149} INFO - [2023-10-28T08:17:21.747+0000] {dag.py:2726} INFO - Sync 2 DAGs
[2023-10-28T08:17:21.833+0000] {logging_mixin.py:149} INFO - [2023-10-28T08:17:21.833+0000] {dag.py:3486} INFO - Setting next_dagrun for example_xcom_args to None, run_after=None
[2023-10-28T08:17:21.845+0000] {logging_mixin.py:149} INFO - [2023-10-28T08:17:21.844+0000] {dag.py:3486} INFO - Setting next_dagrun for example_xcom_args_with_operators to None, run_after=None
[2023-10-28T08:17:21.901+0000] {processor.py:178} INFO - Processing /usr/local/lib/python3.10/dist-packages/airflow/example_dags/example_xcomargs.py took 0.312 seconds
[2023-10-28T08:17:52.793+0000] {processor.py:156} INFO - Started process (PID=1501377) to work on /usr/local/lib/python3.10/dist-packages/airflow/example_dags/example_xcomargs.py
[2023-10-28T08:17:52.817+0000] {processor.py:799} INFO - Processing file /usr/local/lib/python3.10/dist-packages/airflow/example_dags/example_xcomargs.py for tasks to queue
[2023-10-28T08:17:52.819+0000] {logging_mixin.py:149} INFO - [2023-10-28T08:17:52.818+0000] {dagbag.py:541} INFO - Filling up the DagBag from /usr/local/lib/python3.10/dist-packages/airflow/example_dags/example_xcomargs.py
[2023-10-28T08:17:52.841+0000] {processor.py:809} INFO - DAG(s) dict_keys(['example_xcom_args_with_operators', 'example_xcom_args']) retrieved from /usr/local/lib/python3.10/dist-packages/airflow/example_dags/example_xcomargs.py
[2023-10-28T08:17:52.934+0000] {logging_mixin.py:149} INFO - [2023-10-28T08:17:52.934+0000] {dag.py:2726} INFO - Sync 2 DAGs
[2023-10-28T08:17:53.016+0000] {logging_mixin.py:149} INFO - [2023-10-28T08:17:53.016+0000] {dag.py:3486} INFO - Setting next_dagrun for example_xcom_args to None, run_after=None
[2023-10-28T08:17:53.028+0000] {logging_mixin.py:149} INFO - [2023-10-28T08:17:53.027+0000] {dag.py:3486} INFO - Setting next_dagrun for example_xcom_args_with_operators to None, run_after=None
[2023-10-28T08:17:53.107+0000] {processor.py:178} INFO - Processing /usr/local/lib/python3.10/dist-packages/airflow/example_dags/example_xcomargs.py took 0.321 seconds
[2023-10-28T08:18:23.214+0000] {processor.py:156} INFO - Started process (PID=1501755) to work on /usr/local/lib/python3.10/dist-packages/airflow/example_dags/example_xcomargs.py
[2023-10-28T08:18:23.216+0000] {processor.py:799} INFO - Processing file /usr/local/lib/python3.10/dist-packages/airflow/example_dags/example_xcomargs.py for tasks to queue
[2023-10-28T08:18:23.218+0000] {logging_mixin.py:149} INFO - [2023-10-28T08:18:23.218+0000] {dagbag.py:541} INFO - Filling up the DagBag from /usr/local/lib/python3.10/dist-packages/airflow/example_dags/example_xcomargs.py
[2023-10-28T08:18:23.239+0000] {processor.py:809} INFO - DAG(s) dict_keys(['example_xcom_args', 'example_xcom_args_with_operators']) retrieved from /usr/local/lib/python3.10/dist-packages/airflow/example_dags/example_xcomargs.py
[2023-10-28T08:18:23.335+0000] {logging_mixin.py:149} INFO - [2023-10-28T08:18:23.335+0000] {dag.py:2726} INFO - Sync 2 DAGs
[2023-10-28T08:18:23.410+0000] {logging_mixin.py:149} INFO - [2023-10-28T08:18:23.409+0000] {dag.py:3486} INFO - Setting next_dagrun for example_xcom_args to None, run_after=None
[2023-10-28T08:18:23.422+0000] {logging_mixin.py:149} INFO - [2023-10-28T08:18:23.421+0000] {dag.py:3486} INFO - Setting next_dagrun for example_xcom_args_with_operators to None, run_after=None
[2023-10-28T08:18:23.477+0000] {processor.py:178} INFO - Processing /usr/local/lib/python3.10/dist-packages/airflow/example_dags/example_xcomargs.py took 0.270 seconds
[2023-10-28T08:18:54.010+0000] {processor.py:156} INFO - Started process (PID=1502109) to work on /usr/local/lib/python3.10/dist-packages/airflow/example_dags/example_xcomargs.py
[2023-10-28T08:18:54.033+0000] {processor.py:799} INFO - Processing file /usr/local/lib/python3.10/dist-packages/airflow/example_dags/example_xcomargs.py for tasks to queue
[2023-10-28T08:18:54.035+0000] {logging_mixin.py:149} INFO - [2023-10-28T08:18:54.034+0000] {dagbag.py:541} INFO - Filling up the DagBag from /usr/local/lib/python3.10/dist-packages/airflow/example_dags/example_xcomargs.py
[2023-10-28T08:18:54.057+0000] {processor.py:809} INFO - DAG(s) dict_keys(['example_xcom_args', 'example_xcom_args_with_operators']) retrieved from /usr/local/lib/python3.10/dist-packages/airflow/example_dags/example_xcomargs.py
[2023-10-28T08:18:54.153+0000] {logging_mixin.py:149} INFO - [2023-10-28T08:18:54.153+0000] {dag.py:2726} INFO - Sync 2 DAGs
[2023-10-28T08:18:54.239+0000] {logging_mixin.py:149} INFO - [2023-10-28T08:18:54.238+0000] {dag.py:3486} INFO - Setting next_dagrun for example_xcom_args to None, run_after=None
[2023-10-28T08:18:54.250+0000] {logging_mixin.py:149} INFO - [2023-10-28T08:18:54.249+0000] {dag.py:3486} INFO - Setting next_dagrun for example_xcom_args_with_operators to None, run_after=None
[2023-10-28T08:18:54.312+0000] {processor.py:178} INFO - Processing /usr/local/lib/python3.10/dist-packages/airflow/example_dags/example_xcomargs.py took 0.310 seconds
[2023-10-28T08:19:24.713+0000] {processor.py:156} INFO - Started process (PID=1502505) to work on /usr/local/lib/python3.10/dist-packages/airflow/example_dags/example_xcomargs.py
[2023-10-28T08:19:24.742+0000] {processor.py:799} INFO - Processing file /usr/local/lib/python3.10/dist-packages/airflow/example_dags/example_xcomargs.py for tasks to queue
[2023-10-28T08:19:24.744+0000] {logging_mixin.py:149} INFO - [2023-10-28T08:19:24.743+0000] {dagbag.py:541} INFO - Filling up the DagBag from /usr/local/lib/python3.10/dist-packages/airflow/example_dags/example_xcomargs.py
[2023-10-28T08:19:24.766+0000] {processor.py:809} INFO - DAG(s) dict_keys(['example_xcom_args', 'example_xcom_args_with_operators']) retrieved from /usr/local/lib/python3.10/dist-packages/airflow/example_dags/example_xcomargs.py
[2023-10-28T08:19:24.857+0000] {logging_mixin.py:149} INFO - [2023-10-28T08:19:24.856+0000] {dag.py:2726} INFO - Sync 2 DAGs
[2023-10-28T08:19:24.941+0000] {logging_mixin.py:149} INFO - [2023-10-28T08:19:24.941+0000] {dag.py:3486} INFO - Setting next_dagrun for example_xcom_args to None, run_after=None
[2023-10-28T08:19:24.954+0000] {logging_mixin.py:149} INFO - [2023-10-28T08:19:24.953+0000] {dag.py:3486} INFO - Setting next_dagrun for example_xcom_args_with_operators to None, run_after=None
[2023-10-28T08:19:25.018+0000] {processor.py:178} INFO - Processing /usr/local/lib/python3.10/dist-packages/airflow/example_dags/example_xcomargs.py took 0.312 seconds
[2023-10-28T08:19:55.879+0000] {processor.py:156} INFO - Started process (PID=1502860) to work on /usr/local/lib/python3.10/dist-packages/airflow/example_dags/example_xcomargs.py
[2023-10-28T08:19:55.904+0000] {processor.py:799} INFO - Processing file /usr/local/lib/python3.10/dist-packages/airflow/example_dags/example_xcomargs.py for tasks to queue
[2023-10-28T08:19:55.906+0000] {logging_mixin.py:149} INFO - [2023-10-28T08:19:55.906+0000] {dagbag.py:541} INFO - Filling up the DagBag from /usr/local/lib/python3.10/dist-packages/airflow/example_dags/example_xcomargs.py
[2023-10-28T08:19:55.925+0000] {processor.py:809} INFO - DAG(s) dict_keys(['example_xcom_args', 'example_xcom_args_with_operators']) retrieved from /usr/local/lib/python3.10/dist-packages/airflow/example_dags/example_xcomargs.py
[2023-10-28T08:19:56.022+0000] {logging_mixin.py:149} INFO - [2023-10-28T08:19:56.021+0000] {dag.py:2726} INFO - Sync 2 DAGs
[2023-10-28T08:19:56.129+0000] {logging_mixin.py:149} INFO - [2023-10-28T08:19:56.128+0000] {dag.py:3486} INFO - Setting next_dagrun for example_xcom_args to None, run_after=None
[2023-10-28T08:19:56.140+0000] {logging_mixin.py:149} INFO - [2023-10-28T08:19:56.140+0000] {dag.py:3486} INFO - Setting next_dagrun for example_xcom_args_with_operators to None, run_after=None
[2023-10-28T08:19:56.202+0000] {processor.py:178} INFO - Processing /usr/local/lib/python3.10/dist-packages/airflow/example_dags/example_xcomargs.py took 0.331 seconds
[2023-10-28T08:20:26.570+0000] {processor.py:156} INFO - Started process (PID=1503375) to work on /usr/local/lib/python3.10/dist-packages/airflow/example_dags/example_xcomargs.py
[2023-10-28T08:20:26.598+0000] {processor.py:799} INFO - Processing file /usr/local/lib/python3.10/dist-packages/airflow/example_dags/example_xcomargs.py for tasks to queue
[2023-10-28T08:20:26.600+0000] {logging_mixin.py:149} INFO - [2023-10-28T08:20:26.599+0000] {dagbag.py:541} INFO - Filling up the DagBag from /usr/local/lib/python3.10/dist-packages/airflow/example_dags/example_xcomargs.py
[2023-10-28T08:20:26.622+0000] {processor.py:809} INFO - DAG(s) dict_keys(['example_xcom_args', 'example_xcom_args_with_operators']) retrieved from /usr/local/lib/python3.10/dist-packages/airflow/example_dags/example_xcomargs.py
[2023-10-28T08:20:26.712+0000] {logging_mixin.py:149} INFO - [2023-10-28T08:20:26.712+0000] {dag.py:2726} INFO - Sync 2 DAGs
[2023-10-28T08:20:26.799+0000] {logging_mixin.py:149} INFO - [2023-10-28T08:20:26.799+0000] {dag.py:3486} INFO - Setting next_dagrun for example_xcom_args to None, run_after=None
[2023-10-28T08:20:26.811+0000] {logging_mixin.py:149} INFO - [2023-10-28T08:20:26.811+0000] {dag.py:3486} INFO - Setting next_dagrun for example_xcom_args_with_operators to None, run_after=None
[2023-10-28T08:20:26.878+0000] {processor.py:178} INFO - Processing /usr/local/lib/python3.10/dist-packages/airflow/example_dags/example_xcomargs.py took 0.315 seconds
[2023-10-28T08:20:57.330+0000] {processor.py:156} INFO - Started process (PID=1503732) to work on /usr/local/lib/python3.10/dist-packages/airflow/example_dags/example_xcomargs.py
[2023-10-28T08:20:57.362+0000] {processor.py:799} INFO - Processing file /usr/local/lib/python3.10/dist-packages/airflow/example_dags/example_xcomargs.py for tasks to queue
[2023-10-28T08:20:57.364+0000] {logging_mixin.py:149} INFO - [2023-10-28T08:20:57.363+0000] {dagbag.py:541} INFO - Filling up the DagBag from /usr/local/lib/python3.10/dist-packages/airflow/example_dags/example_xcomargs.py
[2023-10-28T08:20:57.386+0000] {processor.py:809} INFO - DAG(s) dict_keys(['example_xcom_args_with_operators', 'example_xcom_args']) retrieved from /usr/local/lib/python3.10/dist-packages/airflow/example_dags/example_xcomargs.py
[2023-10-28T08:20:57.475+0000] {logging_mixin.py:149} INFO - [2023-10-28T08:20:57.474+0000] {dag.py:2726} INFO - Sync 2 DAGs
[2023-10-28T08:20:57.555+0000] {logging_mixin.py:149} INFO - [2023-10-28T08:20:57.554+0000] {dag.py:3486} INFO - Setting next_dagrun for example_xcom_args to None, run_after=None
[2023-10-28T08:20:57.567+0000] {logging_mixin.py:149} INFO - [2023-10-28T08:20:57.566+0000] {dag.py:3486} INFO - Setting next_dagrun for example_xcom_args_with_operators to None, run_after=None
[2023-10-28T08:20:57.652+0000] {processor.py:178} INFO - Processing /usr/local/lib/python3.10/dist-packages/airflow/example_dags/example_xcomargs.py took 0.329 seconds
[2023-10-28T08:21:27.966+0000] {processor.py:156} INFO - Started process (PID=1504387) to work on /usr/local/lib/python3.10/dist-packages/airflow/example_dags/example_xcomargs.py
[2023-10-28T08:21:27.982+0000] {processor.py:799} INFO - Processing file /usr/local/lib/python3.10/dist-packages/airflow/example_dags/example_xcomargs.py for tasks to queue
[2023-10-28T08:21:27.984+0000] {logging_mixin.py:149} INFO - [2023-10-28T08:21:27.983+0000] {dagbag.py:541} INFO - Filling up the DagBag from /usr/local/lib/python3.10/dist-packages/airflow/example_dags/example_xcomargs.py
[2023-10-28T08:21:28.007+0000] {processor.py:809} INFO - DAG(s) dict_keys(['example_xcom_args_with_operators', 'example_xcom_args']) retrieved from /usr/local/lib/python3.10/dist-packages/airflow/example_dags/example_xcomargs.py
[2023-10-28T08:21:28.099+0000] {logging_mixin.py:149} INFO - [2023-10-28T08:21:28.099+0000] {dag.py:2726} INFO - Sync 2 DAGs
[2023-10-28T08:21:28.176+0000] {logging_mixin.py:149} INFO - [2023-10-28T08:21:28.175+0000] {dag.py:3486} INFO - Setting next_dagrun for example_xcom_args to None, run_after=None
[2023-10-28T08:21:28.187+0000] {logging_mixin.py:149} INFO - [2023-10-28T08:21:28.187+0000] {dag.py:3486} INFO - Setting next_dagrun for example_xcom_args_with_operators to None, run_after=None
[2023-10-28T08:21:28.269+0000] {processor.py:178} INFO - Processing /usr/local/lib/python3.10/dist-packages/airflow/example_dags/example_xcomargs.py took 0.311 seconds
[2023-10-28T08:21:58.945+0000] {processor.py:156} INFO - Started process (PID=1505193) to work on /usr/local/lib/python3.10/dist-packages/airflow/example_dags/example_xcomargs.py
[2023-10-28T08:21:58.947+0000] {processor.py:799} INFO - Processing file /usr/local/lib/python3.10/dist-packages/airflow/example_dags/example_xcomargs.py for tasks to queue
[2023-10-28T08:21:58.949+0000] {logging_mixin.py:149} INFO - [2023-10-28T08:21:58.949+0000] {dagbag.py:541} INFO - Filling up the DagBag from /usr/local/lib/python3.10/dist-packages/airflow/example_dags/example_xcomargs.py
[2023-10-28T08:21:58.970+0000] {processor.py:809} INFO - DAG(s) dict_keys(['example_xcom_args', 'example_xcom_args_with_operators']) retrieved from /usr/local/lib/python3.10/dist-packages/airflow/example_dags/example_xcomargs.py
[2023-10-28T08:21:59.066+0000] {logging_mixin.py:149} INFO - [2023-10-28T08:21:59.065+0000] {dag.py:2726} INFO - Sync 2 DAGs
[2023-10-28T08:21:59.143+0000] {logging_mixin.py:149} INFO - [2023-10-28T08:21:59.142+0000] {dag.py:3486} INFO - Setting next_dagrun for example_xcom_args to None, run_after=None
[2023-10-28T08:21:59.155+0000] {logging_mixin.py:149} INFO - [2023-10-28T08:21:59.154+0000] {dag.py:3486} INFO - Setting next_dagrun for example_xcom_args_with_operators to None, run_after=None
[2023-10-28T08:21:59.214+0000] {processor.py:178} INFO - Processing /usr/local/lib/python3.10/dist-packages/airflow/example_dags/example_xcomargs.py took 0.276 seconds
[2023-10-28T08:22:29.345+0000] {processor.py:156} INFO - Started process (PID=1505705) to work on /usr/local/lib/python3.10/dist-packages/airflow/example_dags/example_xcomargs.py
[2023-10-28T08:22:29.365+0000] {processor.py:799} INFO - Processing file /usr/local/lib/python3.10/dist-packages/airflow/example_dags/example_xcomargs.py for tasks to queue
[2023-10-28T08:22:29.367+0000] {logging_mixin.py:149} INFO - [2023-10-28T08:22:29.367+0000] {dagbag.py:541} INFO - Filling up the DagBag from /usr/local/lib/python3.10/dist-packages/airflow/example_dags/example_xcomargs.py
[2023-10-28T08:22:29.387+0000] {processor.py:809} INFO - DAG(s) dict_keys(['example_xcom_args_with_operators', 'example_xcom_args']) retrieved from /usr/local/lib/python3.10/dist-packages/airflow/example_dags/example_xcomargs.py
[2023-10-28T08:22:29.480+0000] {logging_mixin.py:149} INFO - [2023-10-28T08:22:29.479+0000] {dag.py:2726} INFO - Sync 2 DAGs
[2023-10-28T08:22:29.564+0000] {logging_mixin.py:149} INFO - [2023-10-28T08:22:29.563+0000] {dag.py:3486} INFO - Setting next_dagrun for example_xcom_args to None, run_after=None
[2023-10-28T08:22:29.579+0000] {logging_mixin.py:149} INFO - [2023-10-28T08:22:29.578+0000] {dag.py:3486} INFO - Setting next_dagrun for example_xcom_args_with_operators to None, run_after=None
[2023-10-28T08:22:29.645+0000] {processor.py:178} INFO - Processing /usr/local/lib/python3.10/dist-packages/airflow/example_dags/example_xcomargs.py took 0.307 seconds
[2023-10-28T08:22:59.767+0000] {processor.py:156} INFO - Started process (PID=1506229) to work on /usr/local/lib/python3.10/dist-packages/airflow/example_dags/example_xcomargs.py
[2023-10-28T08:22:59.789+0000] {processor.py:799} INFO - Processing file /usr/local/lib/python3.10/dist-packages/airflow/example_dags/example_xcomargs.py for tasks to queue
[2023-10-28T08:22:59.790+0000] {logging_mixin.py:149} INFO - [2023-10-28T08:22:59.790+0000] {dagbag.py:541} INFO - Filling up the DagBag from /usr/local/lib/python3.10/dist-packages/airflow/example_dags/example_xcomargs.py
[2023-10-28T08:22:59.811+0000] {processor.py:809} INFO - DAG(s) dict_keys(['example_xcom_args_with_operators', 'example_xcom_args']) retrieved from /usr/local/lib/python3.10/dist-packages/airflow/example_dags/example_xcomargs.py
[2023-10-28T08:22:59.902+0000] {logging_mixin.py:149} INFO - [2023-10-28T08:22:59.901+0000] {dag.py:2726} INFO - Sync 2 DAGs
[2023-10-28T08:22:59.978+0000] {logging_mixin.py:149} INFO - [2023-10-28T08:22:59.978+0000] {dag.py:3486} INFO - Setting next_dagrun for example_xcom_args to None, run_after=None
[2023-10-28T08:22:59.989+0000] {logging_mixin.py:149} INFO - [2023-10-28T08:22:59.989+0000] {dag.py:3486} INFO - Setting next_dagrun for example_xcom_args_with_operators to None, run_after=None
[2023-10-28T08:23:00.069+0000] {processor.py:178} INFO - Processing /usr/local/lib/python3.10/dist-packages/airflow/example_dags/example_xcomargs.py took 0.309 seconds
[2023-10-28T08:23:30.351+0000] {processor.py:156} INFO - Started process (PID=1506695) to work on /usr/local/lib/python3.10/dist-packages/airflow/example_dags/example_xcomargs.py
[2023-10-28T08:23:30.354+0000] {processor.py:799} INFO - Processing file /usr/local/lib/python3.10/dist-packages/airflow/example_dags/example_xcomargs.py for tasks to queue
[2023-10-28T08:23:30.356+0000] {logging_mixin.py:149} INFO - [2023-10-28T08:23:30.355+0000] {dagbag.py:541} INFO - Filling up the DagBag from /usr/local/lib/python3.10/dist-packages/airflow/example_dags/example_xcomargs.py
[2023-10-28T08:23:30.378+0000] {processor.py:809} INFO - DAG(s) dict_keys(['example_xcom_args_with_operators', 'example_xcom_args']) retrieved from /usr/local/lib/python3.10/dist-packages/airflow/example_dags/example_xcomargs.py
[2023-10-28T08:23:30.470+0000] {logging_mixin.py:149} INFO - [2023-10-28T08:23:30.470+0000] {dag.py:2726} INFO - Sync 2 DAGs
[2023-10-28T08:23:30.548+0000] {logging_mixin.py:149} INFO - [2023-10-28T08:23:30.547+0000] {dag.py:3486} INFO - Setting next_dagrun for example_xcom_args to None, run_after=None
[2023-10-28T08:23:30.559+0000] {logging_mixin.py:149} INFO - [2023-10-28T08:23:30.558+0000] {dag.py:3486} INFO - Setting next_dagrun for example_xcom_args_with_operators to None, run_after=None
[2023-10-28T08:23:30.630+0000] {processor.py:178} INFO - Processing /usr/local/lib/python3.10/dist-packages/airflow/example_dags/example_xcomargs.py took 0.287 seconds
[2023-10-28T08:24:01.175+0000] {processor.py:156} INFO - Started process (PID=1507245) to work on /usr/local/lib/python3.10/dist-packages/airflow/example_dags/example_xcomargs.py
[2023-10-28T08:24:01.204+0000] {processor.py:799} INFO - Processing file /usr/local/lib/python3.10/dist-packages/airflow/example_dags/example_xcomargs.py for tasks to queue
[2023-10-28T08:24:01.206+0000] {logging_mixin.py:149} INFO - [2023-10-28T08:24:01.205+0000] {dagbag.py:541} INFO - Filling up the DagBag from /usr/local/lib/python3.10/dist-packages/airflow/example_dags/example_xcomargs.py
[2023-10-28T08:24:01.225+0000] {processor.py:809} INFO - DAG(s) dict_keys(['example_xcom_args', 'example_xcom_args_with_operators']) retrieved from /usr/local/lib/python3.10/dist-packages/airflow/example_dags/example_xcomargs.py
[2023-10-28T08:24:01.322+0000] {logging_mixin.py:149} INFO - [2023-10-28T08:24:01.322+0000] {dag.py:2726} INFO - Sync 2 DAGs
[2023-10-28T08:24:01.394+0000] {logging_mixin.py:149} INFO - [2023-10-28T08:24:01.394+0000] {dag.py:3486} INFO - Setting next_dagrun for example_xcom_args to None, run_after=None
[2023-10-28T08:24:01.406+0000] {logging_mixin.py:149} INFO - [2023-10-28T08:24:01.405+0000] {dag.py:3486} INFO - Setting next_dagrun for example_xcom_args_with_operators to None, run_after=None
[2023-10-28T08:24:01.477+0000] {processor.py:178} INFO - Processing /usr/local/lib/python3.10/dist-packages/airflow/example_dags/example_xcomargs.py took 0.309 seconds
[2023-10-28T08:24:32.107+0000] {processor.py:156} INFO - Started process (PID=1507881) to work on /usr/local/lib/python3.10/dist-packages/airflow/example_dags/example_xcomargs.py
[2023-10-28T08:24:32.137+0000] {processor.py:799} INFO - Processing file /usr/local/lib/python3.10/dist-packages/airflow/example_dags/example_xcomargs.py for tasks to queue
[2023-10-28T08:24:32.139+0000] {logging_mixin.py:149} INFO - [2023-10-28T08:24:32.138+0000] {dagbag.py:541} INFO - Filling up the DagBag from /usr/local/lib/python3.10/dist-packages/airflow/example_dags/example_xcomargs.py
[2023-10-28T08:24:32.160+0000] {processor.py:809} INFO - DAG(s) dict_keys(['example_xcom_args_with_operators', 'example_xcom_args']) retrieved from /usr/local/lib/python3.10/dist-packages/airflow/example_dags/example_xcomargs.py
[2023-10-28T08:24:32.250+0000] {logging_mixin.py:149} INFO - [2023-10-28T08:24:32.249+0000] {dag.py:2726} INFO - Sync 2 DAGs
[2023-10-28T08:24:32.325+0000] {logging_mixin.py:149} INFO - [2023-10-28T08:24:32.325+0000] {dag.py:3486} INFO - Setting next_dagrun for example_xcom_args to None, run_after=None
[2023-10-28T08:24:32.337+0000] {logging_mixin.py:149} INFO - [2023-10-28T08:24:32.336+0000] {dag.py:3486} INFO - Setting next_dagrun for example_xcom_args_with_operators to None, run_after=None
[2023-10-28T08:24:32.417+0000] {processor.py:178} INFO - Processing /usr/local/lib/python3.10/dist-packages/airflow/example_dags/example_xcomargs.py took 0.317 seconds
[2023-10-28T08:25:02.593+0000] {processor.py:156} INFO - Started process (PID=1508282) to work on /usr/local/lib/python3.10/dist-packages/airflow/example_dags/example_xcomargs.py
[2023-10-28T08:25:02.617+0000] {processor.py:799} INFO - Processing file /usr/local/lib/python3.10/dist-packages/airflow/example_dags/example_xcomargs.py for tasks to queue
[2023-10-28T08:25:02.619+0000] {logging_mixin.py:149} INFO - [2023-10-28T08:25:02.618+0000] {dagbag.py:541} INFO - Filling up the DagBag from /usr/local/lib/python3.10/dist-packages/airflow/example_dags/example_xcomargs.py
[2023-10-28T08:25:02.638+0000] {processor.py:809} INFO - DAG(s) dict_keys(['example_xcom_args_with_operators', 'example_xcom_args']) retrieved from /usr/local/lib/python3.10/dist-packages/airflow/example_dags/example_xcomargs.py
[2023-10-28T08:25:02.728+0000] {logging_mixin.py:149} INFO - [2023-10-28T08:25:02.727+0000] {dag.py:2726} INFO - Sync 2 DAGs
[2023-10-28T08:25:02.811+0000] {logging_mixin.py:149} INFO - [2023-10-28T08:25:02.810+0000] {dag.py:3486} INFO - Setting next_dagrun for example_xcom_args to None, run_after=None
[2023-10-28T08:25:02.823+0000] {logging_mixin.py:149} INFO - [2023-10-28T08:25:02.823+0000] {dag.py:3486} INFO - Setting next_dagrun for example_xcom_args_with_operators to None, run_after=None
[2023-10-28T08:25:02.917+0000] {processor.py:178} INFO - Processing /usr/local/lib/python3.10/dist-packages/airflow/example_dags/example_xcomargs.py took 0.332 seconds
[2023-10-28T08:25:33.191+0000] {processor.py:156} INFO - Started process (PID=1509122) to work on /usr/local/lib/python3.10/dist-packages/airflow/example_dags/example_xcomargs.py
[2023-10-28T08:25:33.217+0000] {processor.py:799} INFO - Processing file /usr/local/lib/python3.10/dist-packages/airflow/example_dags/example_xcomargs.py for tasks to queue
[2023-10-28T08:25:33.219+0000] {logging_mixin.py:149} INFO - [2023-10-28T08:25:33.219+0000] {dagbag.py:541} INFO - Filling up the DagBag from /usr/local/lib/python3.10/dist-packages/airflow/example_dags/example_xcomargs.py
[2023-10-28T08:25:33.238+0000] {processor.py:809} INFO - DAG(s) dict_keys(['example_xcom_args_with_operators', 'example_xcom_args']) retrieved from /usr/local/lib/python3.10/dist-packages/airflow/example_dags/example_xcomargs.py
[2023-10-28T08:25:33.334+0000] {logging_mixin.py:149} INFO - [2023-10-28T08:25:33.333+0000] {dag.py:2726} INFO - Sync 2 DAGs
[2023-10-28T08:25:33.413+0000] {logging_mixin.py:149} INFO - [2023-10-28T08:25:33.413+0000] {dag.py:3486} INFO - Setting next_dagrun for example_xcom_args to None, run_after=None
[2023-10-28T08:25:33.424+0000] {logging_mixin.py:149} INFO - [2023-10-28T08:25:33.424+0000] {dag.py:3486} INFO - Setting next_dagrun for example_xcom_args_with_operators to None, run_after=None
[2023-10-28T08:25:33.501+0000] {processor.py:178} INFO - Processing /usr/local/lib/python3.10/dist-packages/airflow/example_dags/example_xcomargs.py took 0.317 seconds
[2023-10-28T08:26:03.695+0000] {processor.py:156} INFO - Started process (PID=1509507) to work on /usr/local/lib/python3.10/dist-packages/airflow/example_dags/example_xcomargs.py
[2023-10-28T08:26:03.722+0000] {processor.py:799} INFO - Processing file /usr/local/lib/python3.10/dist-packages/airflow/example_dags/example_xcomargs.py for tasks to queue
[2023-10-28T08:26:03.724+0000] {logging_mixin.py:149} INFO - [2023-10-28T08:26:03.723+0000] {dagbag.py:541} INFO - Filling up the DagBag from /usr/local/lib/python3.10/dist-packages/airflow/example_dags/example_xcomargs.py
[2023-10-28T08:26:03.748+0000] {processor.py:809} INFO - DAG(s) dict_keys(['example_xcom_args', 'example_xcom_args_with_operators']) retrieved from /usr/local/lib/python3.10/dist-packages/airflow/example_dags/example_xcomargs.py
[2023-10-28T08:26:03.846+0000] {logging_mixin.py:149} INFO - [2023-10-28T08:26:03.846+0000] {dag.py:2726} INFO - Sync 2 DAGs
[2023-10-28T08:26:03.929+0000] {logging_mixin.py:149} INFO - [2023-10-28T08:26:03.928+0000] {dag.py:3486} INFO - Setting next_dagrun for example_xcom_args to None, run_after=None
[2023-10-28T08:26:03.941+0000] {logging_mixin.py:149} INFO - [2023-10-28T08:26:03.940+0000] {dag.py:3486} INFO - Setting next_dagrun for example_xcom_args_with_operators to None, run_after=None
[2023-10-28T08:26:04.012+0000] {processor.py:178} INFO - Processing /usr/local/lib/python3.10/dist-packages/airflow/example_dags/example_xcomargs.py took 0.324 seconds
[2023-10-28T08:26:34.261+0000] {processor.py:156} INFO - Started process (PID=1509859) to work on /usr/local/lib/python3.10/dist-packages/airflow/example_dags/example_xcomargs.py
[2023-10-28T08:26:34.288+0000] {processor.py:799} INFO - Processing file /usr/local/lib/python3.10/dist-packages/airflow/example_dags/example_xcomargs.py for tasks to queue
[2023-10-28T08:26:34.290+0000] {logging_mixin.py:149} INFO - [2023-10-28T08:26:34.290+0000] {dagbag.py:541} INFO - Filling up the DagBag from /usr/local/lib/python3.10/dist-packages/airflow/example_dags/example_xcomargs.py
[2023-10-28T08:26:34.314+0000] {processor.py:809} INFO - DAG(s) dict_keys(['example_xcom_args', 'example_xcom_args_with_operators']) retrieved from /usr/local/lib/python3.10/dist-packages/airflow/example_dags/example_xcomargs.py
[2023-10-28T08:26:34.407+0000] {logging_mixin.py:149} INFO - [2023-10-28T08:26:34.406+0000] {dag.py:2726} INFO - Sync 2 DAGs
[2023-10-28T08:26:34.484+0000] {logging_mixin.py:149} INFO - [2023-10-28T08:26:34.484+0000] {dag.py:3486} INFO - Setting next_dagrun for example_xcom_args to None, run_after=None
[2023-10-28T08:26:34.497+0000] {logging_mixin.py:149} INFO - [2023-10-28T08:26:34.497+0000] {dag.py:3486} INFO - Setting next_dagrun for example_xcom_args_with_operators to None, run_after=None
[2023-10-28T08:26:34.572+0000] {processor.py:178} INFO - Processing /usr/local/lib/python3.10/dist-packages/airflow/example_dags/example_xcomargs.py took 0.318 seconds
[2023-10-28T08:27:05.496+0000] {processor.py:156} INFO - Started process (PID=1510364) to work on /usr/local/lib/python3.10/dist-packages/airflow/example_dags/example_xcomargs.py
[2023-10-28T08:27:05.520+0000] {processor.py:799} INFO - Processing file /usr/local/lib/python3.10/dist-packages/airflow/example_dags/example_xcomargs.py for tasks to queue
[2023-10-28T08:27:05.522+0000] {logging_mixin.py:149} INFO - [2023-10-28T08:27:05.522+0000] {dagbag.py:541} INFO - Filling up the DagBag from /usr/local/lib/python3.10/dist-packages/airflow/example_dags/example_xcomargs.py
[2023-10-28T08:27:05.544+0000] {processor.py:809} INFO - DAG(s) dict_keys(['example_xcom_args', 'example_xcom_args_with_operators']) retrieved from /usr/local/lib/python3.10/dist-packages/airflow/example_dags/example_xcomargs.py
[2023-10-28T08:27:05.629+0000] {logging_mixin.py:149} INFO - [2023-10-28T08:27:05.629+0000] {dag.py:2726} INFO - Sync 2 DAGs
[2023-10-28T08:27:05.702+0000] {logging_mixin.py:149} INFO - [2023-10-28T08:27:05.701+0000] {dag.py:3486} INFO - Setting next_dagrun for example_xcom_args to None, run_after=None
[2023-10-28T08:27:05.714+0000] {logging_mixin.py:149} INFO - [2023-10-28T08:27:05.713+0000] {dag.py:3486} INFO - Setting next_dagrun for example_xcom_args_with_operators to None, run_after=None
[2023-10-28T08:27:05.789+0000] {processor.py:178} INFO - Processing /usr/local/lib/python3.10/dist-packages/airflow/example_dags/example_xcomargs.py took 0.301 seconds
[2023-10-28T08:27:35.981+0000] {processor.py:156} INFO - Started process (PID=1510792) to work on /usr/local/lib/python3.10/dist-packages/airflow/example_dags/example_xcomargs.py
[2023-10-28T08:27:35.988+0000] {processor.py:799} INFO - Processing file /usr/local/lib/python3.10/dist-packages/airflow/example_dags/example_xcomargs.py for tasks to queue
[2023-10-28T08:27:35.990+0000] {logging_mixin.py:149} INFO - [2023-10-28T08:27:35.990+0000] {dagbag.py:541} INFO - Filling up the DagBag from /usr/local/lib/python3.10/dist-packages/airflow/example_dags/example_xcomargs.py
[2023-10-28T08:27:36.009+0000] {processor.py:809} INFO - DAG(s) dict_keys(['example_xcom_args', 'example_xcom_args_with_operators']) retrieved from /usr/local/lib/python3.10/dist-packages/airflow/example_dags/example_xcomargs.py
[2023-10-28T08:27:36.113+0000] {logging_mixin.py:149} INFO - [2023-10-28T08:27:36.112+0000] {dag.py:2726} INFO - Sync 2 DAGs
[2023-10-28T08:27:36.187+0000] {logging_mixin.py:149} INFO - [2023-10-28T08:27:36.187+0000] {dag.py:3486} INFO - Setting next_dagrun for example_xcom_args to None, run_after=None
[2023-10-28T08:27:36.199+0000] {logging_mixin.py:149} INFO - [2023-10-28T08:27:36.198+0000] {dag.py:3486} INFO - Setting next_dagrun for example_xcom_args_with_operators to None, run_after=None
[2023-10-28T08:27:36.254+0000] {processor.py:178} INFO - Processing /usr/local/lib/python3.10/dist-packages/airflow/example_dags/example_xcomargs.py took 0.280 seconds
[2023-10-28T08:28:07.031+0000] {processor.py:156} INFO - Started process (PID=1511177) to work on /usr/local/lib/python3.10/dist-packages/airflow/example_dags/example_xcomargs.py
[2023-10-28T08:28:07.060+0000] {processor.py:799} INFO - Processing file /usr/local/lib/python3.10/dist-packages/airflow/example_dags/example_xcomargs.py for tasks to queue
[2023-10-28T08:28:07.062+0000] {logging_mixin.py:149} INFO - [2023-10-28T08:28:07.061+0000] {dagbag.py:541} INFO - Filling up the DagBag from /usr/local/lib/python3.10/dist-packages/airflow/example_dags/example_xcomargs.py
[2023-10-28T08:28:07.083+0000] {processor.py:809} INFO - DAG(s) dict_keys(['example_xcom_args_with_operators', 'example_xcom_args']) retrieved from /usr/local/lib/python3.10/dist-packages/airflow/example_dags/example_xcomargs.py
[2023-10-28T08:28:07.178+0000] {logging_mixin.py:149} INFO - [2023-10-28T08:28:07.178+0000] {dag.py:2726} INFO - Sync 2 DAGs
[2023-10-28T08:28:07.265+0000] {logging_mixin.py:149} INFO - [2023-10-28T08:28:07.264+0000] {dag.py:3486} INFO - Setting next_dagrun for example_xcom_args to None, run_after=None
[2023-10-28T08:28:07.280+0000] {logging_mixin.py:149} INFO - [2023-10-28T08:28:07.279+0000] {dag.py:3486} INFO - Setting next_dagrun for example_xcom_args_with_operators to None, run_after=None
[2023-10-28T08:28:07.353+0000] {processor.py:178} INFO - Processing /usr/local/lib/python3.10/dist-packages/airflow/example_dags/example_xcomargs.py took 0.329 seconds
[2023-10-28T08:28:37.914+0000] {processor.py:156} INFO - Started process (PID=1511535) to work on /usr/local/lib/python3.10/dist-packages/airflow/example_dags/example_xcomargs.py
[2023-10-28T08:28:37.943+0000] {processor.py:799} INFO - Processing file /usr/local/lib/python3.10/dist-packages/airflow/example_dags/example_xcomargs.py for tasks to queue
[2023-10-28T08:28:37.945+0000] {logging_mixin.py:149} INFO - [2023-10-28T08:28:37.945+0000] {dagbag.py:541} INFO - Filling up the DagBag from /usr/local/lib/python3.10/dist-packages/airflow/example_dags/example_xcomargs.py
[2023-10-28T08:28:37.969+0000] {processor.py:809} INFO - DAG(s) dict_keys(['example_xcom_args', 'example_xcom_args_with_operators']) retrieved from /usr/local/lib/python3.10/dist-packages/airflow/example_dags/example_xcomargs.py
[2023-10-28T08:28:38.067+0000] {logging_mixin.py:149} INFO - [2023-10-28T08:28:38.066+0000] {dag.py:2726} INFO - Sync 2 DAGs
[2023-10-28T08:28:38.149+0000] {logging_mixin.py:149} INFO - [2023-10-28T08:28:38.149+0000] {dag.py:3486} INFO - Setting next_dagrun for example_xcom_args to None, run_after=None
[2023-10-28T08:28:38.161+0000] {logging_mixin.py:149} INFO - [2023-10-28T08:28:38.160+0000] {dag.py:3486} INFO - Setting next_dagrun for example_xcom_args_with_operators to None, run_after=None
[2023-10-28T08:28:38.236+0000] {processor.py:178} INFO - Processing /usr/local/lib/python3.10/dist-packages/airflow/example_dags/example_xcomargs.py took 0.328 seconds
[2023-10-28T08:29:08.519+0000] {processor.py:156} INFO - Started process (PID=1511933) to work on /usr/local/lib/python3.10/dist-packages/airflow/example_dags/example_xcomargs.py
[2023-10-28T08:29:08.521+0000] {processor.py:799} INFO - Processing file /usr/local/lib/python3.10/dist-packages/airflow/example_dags/example_xcomargs.py for tasks to queue
[2023-10-28T08:29:08.522+0000] {logging_mixin.py:149} INFO - [2023-10-28T08:29:08.522+0000] {dagbag.py:541} INFO - Filling up the DagBag from /usr/local/lib/python3.10/dist-packages/airflow/example_dags/example_xcomargs.py
[2023-10-28T08:29:08.542+0000] {processor.py:809} INFO - DAG(s) dict_keys(['example_xcom_args', 'example_xcom_args_with_operators']) retrieved from /usr/local/lib/python3.10/dist-packages/airflow/example_dags/example_xcomargs.py
[2023-10-28T08:29:08.635+0000] {logging_mixin.py:149} INFO - [2023-10-28T08:29:08.634+0000] {dag.py:2726} INFO - Sync 2 DAGs
[2023-10-28T08:29:08.712+0000] {logging_mixin.py:149} INFO - [2023-10-28T08:29:08.712+0000] {dag.py:3486} INFO - Setting next_dagrun for example_xcom_args to None, run_after=None
[2023-10-28T08:29:08.725+0000] {logging_mixin.py:149} INFO - [2023-10-28T08:29:08.725+0000] {dag.py:3486} INFO - Setting next_dagrun for example_xcom_args_with_operators to None, run_after=None
[2023-10-28T08:29:08.790+0000] {processor.py:178} INFO - Processing /usr/local/lib/python3.10/dist-packages/airflow/example_dags/example_xcomargs.py took 0.279 seconds
[2023-10-28T08:29:38.893+0000] {processor.py:156} INFO - Started process (PID=1512288) to work on /usr/local/lib/python3.10/dist-packages/airflow/example_dags/example_xcomargs.py
[2023-10-28T08:29:38.917+0000] {processor.py:799} INFO - Processing file /usr/local/lib/python3.10/dist-packages/airflow/example_dags/example_xcomargs.py for tasks to queue
[2023-10-28T08:29:38.919+0000] {logging_mixin.py:149} INFO - [2023-10-28T08:29:38.918+0000] {dagbag.py:541} INFO - Filling up the DagBag from /usr/local/lib/python3.10/dist-packages/airflow/example_dags/example_xcomargs.py
[2023-10-28T08:29:38.938+0000] {processor.py:809} INFO - DAG(s) dict_keys(['example_xcom_args_with_operators', 'example_xcom_args']) retrieved from /usr/local/lib/python3.10/dist-packages/airflow/example_dags/example_xcomargs.py
[2023-10-28T08:29:39.036+0000] {logging_mixin.py:149} INFO - [2023-10-28T08:29:39.036+0000] {dag.py:2726} INFO - Sync 2 DAGs
[2023-10-28T08:29:39.114+0000] {logging_mixin.py:149} INFO - [2023-10-28T08:29:39.114+0000] {dag.py:3486} INFO - Setting next_dagrun for example_xcom_args to None, run_after=None
[2023-10-28T08:29:39.125+0000] {logging_mixin.py:149} INFO - [2023-10-28T08:29:39.125+0000] {dag.py:3486} INFO - Setting next_dagrun for example_xcom_args_with_operators to None, run_after=None
[2023-10-28T08:29:39.205+0000] {processor.py:178} INFO - Processing /usr/local/lib/python3.10/dist-packages/airflow/example_dags/example_xcomargs.py took 0.319 seconds
[2023-10-28T08:30:09.415+0000] {processor.py:156} INFO - Started process (PID=1512668) to work on /usr/local/lib/python3.10/dist-packages/airflow/example_dags/example_xcomargs.py
[2023-10-28T08:30:09.441+0000] {processor.py:799} INFO - Processing file /usr/local/lib/python3.10/dist-packages/airflow/example_dags/example_xcomargs.py for tasks to queue
[2023-10-28T08:30:09.444+0000] {logging_mixin.py:149} INFO - [2023-10-28T08:30:09.443+0000] {dagbag.py:541} INFO - Filling up the DagBag from /usr/local/lib/python3.10/dist-packages/airflow/example_dags/example_xcomargs.py
[2023-10-28T08:30:09.469+0000] {processor.py:809} INFO - DAG(s) dict_keys(['example_xcom_args', 'example_xcom_args_with_operators']) retrieved from /usr/local/lib/python3.10/dist-packages/airflow/example_dags/example_xcomargs.py
[2023-10-28T08:30:09.568+0000] {logging_mixin.py:149} INFO - [2023-10-28T08:30:09.567+0000] {dag.py:2726} INFO - Sync 2 DAGs
[2023-10-28T08:30:09.652+0000] {logging_mixin.py:149} INFO - [2023-10-28T08:30:09.651+0000] {dag.py:3486} INFO - Setting next_dagrun for example_xcom_args to None, run_after=None
[2023-10-28T08:30:09.663+0000] {logging_mixin.py:149} INFO - [2023-10-28T08:30:09.663+0000] {dag.py:3486} INFO - Setting next_dagrun for example_xcom_args_with_operators to None, run_after=None
[2023-10-28T08:30:09.733+0000] {processor.py:178} INFO - Processing /usr/local/lib/python3.10/dist-packages/airflow/example_dags/example_xcomargs.py took 0.326 seconds
[2023-10-28T08:30:40.505+0000] {processor.py:156} INFO - Started process (PID=1513300) to work on /usr/local/lib/python3.10/dist-packages/airflow/example_dags/example_xcomargs.py
[2023-10-28T08:30:40.528+0000] {processor.py:799} INFO - Processing file /usr/local/lib/python3.10/dist-packages/airflow/example_dags/example_xcomargs.py for tasks to queue
[2023-10-28T08:30:40.530+0000] {logging_mixin.py:149} INFO - [2023-10-28T08:30:40.530+0000] {dagbag.py:541} INFO - Filling up the DagBag from /usr/local/lib/python3.10/dist-packages/airflow/example_dags/example_xcomargs.py
[2023-10-28T08:30:40.553+0000] {processor.py:809} INFO - DAG(s) dict_keys(['example_xcom_args_with_operators', 'example_xcom_args']) retrieved from /usr/local/lib/python3.10/dist-packages/airflow/example_dags/example_xcomargs.py
[2023-10-28T08:30:40.643+0000] {logging_mixin.py:149} INFO - [2023-10-28T08:30:40.643+0000] {dag.py:2726} INFO - Sync 2 DAGs
[2023-10-28T08:30:40.725+0000] {logging_mixin.py:149} INFO - [2023-10-28T08:30:40.725+0000] {dag.py:3486} INFO - Setting next_dagrun for example_xcom_args to None, run_after=None
[2023-10-28T08:30:40.737+0000] {logging_mixin.py:149} INFO - [2023-10-28T08:30:40.736+0000] {dag.py:3486} INFO - Setting next_dagrun for example_xcom_args_with_operators to None, run_after=None
[2023-10-28T08:30:40.811+0000] {processor.py:178} INFO - Processing /usr/local/lib/python3.10/dist-packages/airflow/example_dags/example_xcomargs.py took 0.314 seconds
[2023-10-28T08:31:11.115+0000] {processor.py:156} INFO - Started process (PID=1513721) to work on /usr/local/lib/python3.10/dist-packages/airflow/example_dags/example_xcomargs.py
[2023-10-28T08:31:11.117+0000] {processor.py:799} INFO - Processing file /usr/local/lib/python3.10/dist-packages/airflow/example_dags/example_xcomargs.py for tasks to queue
[2023-10-28T08:31:11.119+0000] {logging_mixin.py:149} INFO - [2023-10-28T08:31:11.118+0000] {dagbag.py:541} INFO - Filling up the DagBag from /usr/local/lib/python3.10/dist-packages/airflow/example_dags/example_xcomargs.py
[2023-10-28T08:31:11.142+0000] {processor.py:809} INFO - DAG(s) dict_keys(['example_xcom_args_with_operators', 'example_xcom_args']) retrieved from /usr/local/lib/python3.10/dist-packages/airflow/example_dags/example_xcomargs.py
[2023-10-28T08:31:11.234+0000] {logging_mixin.py:149} INFO - [2023-10-28T08:31:11.233+0000] {dag.py:2726} INFO - Sync 2 DAGs
[2023-10-28T08:31:11.314+0000] {logging_mixin.py:149} INFO - [2023-10-28T08:31:11.313+0000] {dag.py:3486} INFO - Setting next_dagrun for example_xcom_args to None, run_after=None
[2023-10-28T08:31:11.325+0000] {logging_mixin.py:149} INFO - [2023-10-28T08:31:11.325+0000] {dag.py:3486} INFO - Setting next_dagrun for example_xcom_args_with_operators to None, run_after=None
[2023-10-28T08:31:11.383+0000] {processor.py:178} INFO - Processing /usr/local/lib/python3.10/dist-packages/airflow/example_dags/example_xcomargs.py took 0.274 seconds
[2023-10-28T08:31:42.006+0000] {processor.py:156} INFO - Started process (PID=1514310) to work on /usr/local/lib/python3.10/dist-packages/airflow/example_dags/example_xcomargs.py
[2023-10-28T08:31:42.036+0000] {processor.py:799} INFO - Processing file /usr/local/lib/python3.10/dist-packages/airflow/example_dags/example_xcomargs.py for tasks to queue
[2023-10-28T08:31:42.038+0000] {logging_mixin.py:149} INFO - [2023-10-28T08:31:42.037+0000] {dagbag.py:541} INFO - Filling up the DagBag from /usr/local/lib/python3.10/dist-packages/airflow/example_dags/example_xcomargs.py
[2023-10-28T08:31:42.058+0000] {processor.py:809} INFO - DAG(s) dict_keys(['example_xcom_args_with_operators', 'example_xcom_args']) retrieved from /usr/local/lib/python3.10/dist-packages/airflow/example_dags/example_xcomargs.py
[2023-10-28T08:31:42.146+0000] {logging_mixin.py:149} INFO - [2023-10-28T08:31:42.146+0000] {dag.py:2726} INFO - Sync 2 DAGs
[2023-10-28T08:31:42.232+0000] {logging_mixin.py:149} INFO - [2023-10-28T08:31:42.231+0000] {dag.py:3486} INFO - Setting next_dagrun for example_xcom_args to None, run_after=None
[2023-10-28T08:31:42.243+0000] {logging_mixin.py:149} INFO - [2023-10-28T08:31:42.243+0000] {dag.py:3486} INFO - Setting next_dagrun for example_xcom_args_with_operators to None, run_after=None
[2023-10-28T08:31:42.303+0000] {processor.py:178} INFO - Processing /usr/local/lib/python3.10/dist-packages/airflow/example_dags/example_xcomargs.py took 0.304 seconds
[2023-10-28T08:32:12.670+0000] {processor.py:156} INFO - Started process (PID=1514945) to work on /usr/local/lib/python3.10/dist-packages/airflow/example_dags/example_xcomargs.py
[2023-10-28T08:32:12.696+0000] {processor.py:799} INFO - Processing file /usr/local/lib/python3.10/dist-packages/airflow/example_dags/example_xcomargs.py for tasks to queue
[2023-10-28T08:32:12.698+0000] {logging_mixin.py:149} INFO - [2023-10-28T08:32:12.698+0000] {dagbag.py:541} INFO - Filling up the DagBag from /usr/local/lib/python3.10/dist-packages/airflow/example_dags/example_xcomargs.py
[2023-10-28T08:32:12.721+0000] {processor.py:809} INFO - DAG(s) dict_keys(['example_xcom_args_with_operators', 'example_xcom_args']) retrieved from /usr/local/lib/python3.10/dist-packages/airflow/example_dags/example_xcomargs.py
[2023-10-28T08:32:12.814+0000] {logging_mixin.py:149} INFO - [2023-10-28T08:32:12.814+0000] {dag.py:2726} INFO - Sync 2 DAGs
[2023-10-28T08:32:12.889+0000] {logging_mixin.py:149} INFO - [2023-10-28T08:32:12.888+0000] {dag.py:3486} INFO - Setting next_dagrun for example_xcom_args to None, run_after=None
[2023-10-28T08:32:12.900+0000] {logging_mixin.py:149} INFO - [2023-10-28T08:32:12.899+0000] {dag.py:3486} INFO - Setting next_dagrun for example_xcom_args_with_operators to None, run_after=None
[2023-10-28T08:32:12.971+0000] {processor.py:178} INFO - Processing /usr/local/lib/python3.10/dist-packages/airflow/example_dags/example_xcomargs.py took 0.307 seconds
[2023-10-28T08:32:43.085+0000] {processor.py:156} INFO - Started process (PID=1515511) to work on /usr/local/lib/python3.10/dist-packages/airflow/example_dags/example_xcomargs.py
[2023-10-28T08:32:43.108+0000] {processor.py:799} INFO - Processing file /usr/local/lib/python3.10/dist-packages/airflow/example_dags/example_xcomargs.py for tasks to queue
[2023-10-28T08:32:43.110+0000] {logging_mixin.py:149} INFO - [2023-10-28T08:32:43.109+0000] {dagbag.py:541} INFO - Filling up the DagBag from /usr/local/lib/python3.10/dist-packages/airflow/example_dags/example_xcomargs.py
[2023-10-28T08:32:43.129+0000] {processor.py:809} INFO - DAG(s) dict_keys(['example_xcom_args', 'example_xcom_args_with_operators']) retrieved from /usr/local/lib/python3.10/dist-packages/airflow/example_dags/example_xcomargs.py
[2023-10-28T08:32:43.224+0000] {logging_mixin.py:149} INFO - [2023-10-28T08:32:43.222+0000] {dag.py:2726} INFO - Sync 2 DAGs
[2023-10-28T08:32:43.307+0000] {logging_mixin.py:149} INFO - [2023-10-28T08:32:43.307+0000] {dag.py:3486} INFO - Setting next_dagrun for example_xcom_args to None, run_after=None
[2023-10-28T08:32:43.320+0000] {logging_mixin.py:149} INFO - [2023-10-28T08:32:43.319+0000] {dag.py:3486} INFO - Setting next_dagrun for example_xcom_args_with_operators to None, run_after=None
[2023-10-28T08:32:43.416+0000] {processor.py:178} INFO - Processing /usr/local/lib/python3.10/dist-packages/airflow/example_dags/example_xcomargs.py took 0.339 seconds
[2023-10-28T08:33:14.072+0000] {processor.py:156} INFO - Started process (PID=1516050) to work on /usr/local/lib/python3.10/dist-packages/airflow/example_dags/example_xcomargs.py
[2023-10-28T08:33:14.073+0000] {processor.py:799} INFO - Processing file /usr/local/lib/python3.10/dist-packages/airflow/example_dags/example_xcomargs.py for tasks to queue
[2023-10-28T08:33:14.075+0000] {logging_mixin.py:149} INFO - [2023-10-28T08:33:14.075+0000] {dagbag.py:541} INFO - Filling up the DagBag from /usr/local/lib/python3.10/dist-packages/airflow/example_dags/example_xcomargs.py
[2023-10-28T08:33:14.094+0000] {processor.py:809} INFO - DAG(s) dict_keys(['example_xcom_args', 'example_xcom_args_with_operators']) retrieved from /usr/local/lib/python3.10/dist-packages/airflow/example_dags/example_xcomargs.py
[2023-10-28T08:33:14.180+0000] {logging_mixin.py:149} INFO - [2023-10-28T08:33:14.179+0000] {dag.py:2726} INFO - Sync 2 DAGs
[2023-10-28T08:33:14.252+0000] {logging_mixin.py:149} INFO - [2023-10-28T08:33:14.252+0000] {dag.py:3486} INFO - Setting next_dagrun for example_xcom_args to None, run_after=None
[2023-10-28T08:33:14.263+0000] {logging_mixin.py:149} INFO - [2023-10-28T08:33:14.263+0000] {dag.py:3486} INFO - Setting next_dagrun for example_xcom_args_with_operators to None, run_after=None
[2023-10-28T08:33:14.328+0000] {processor.py:178} INFO - Processing /usr/local/lib/python3.10/dist-packages/airflow/example_dags/example_xcomargs.py took 0.263 seconds
[2023-10-28T08:33:44.705+0000] {processor.py:156} INFO - Started process (PID=1516408) to work on /usr/local/lib/python3.10/dist-packages/airflow/example_dags/example_xcomargs.py
[2023-10-28T08:33:44.730+0000] {processor.py:799} INFO - Processing file /usr/local/lib/python3.10/dist-packages/airflow/example_dags/example_xcomargs.py for tasks to queue
[2023-10-28T08:33:44.733+0000] {logging_mixin.py:149} INFO - [2023-10-28T08:33:44.732+0000] {dagbag.py:541} INFO - Filling up the DagBag from /usr/local/lib/python3.10/dist-packages/airflow/example_dags/example_xcomargs.py
[2023-10-28T08:33:44.756+0000] {processor.py:809} INFO - DAG(s) dict_keys(['example_xcom_args', 'example_xcom_args_with_operators']) retrieved from /usr/local/lib/python3.10/dist-packages/airflow/example_dags/example_xcomargs.py
[2023-10-28T08:33:44.844+0000] {logging_mixin.py:149} INFO - [2023-10-28T08:33:44.843+0000] {dag.py:2726} INFO - Sync 2 DAGs
[2023-10-28T08:33:44.918+0000] {logging_mixin.py:149} INFO - [2023-10-28T08:33:44.917+0000] {dag.py:3486} INFO - Setting next_dagrun for example_xcom_args to None, run_after=None
[2023-10-28T08:33:44.928+0000] {logging_mixin.py:149} INFO - [2023-10-28T08:33:44.928+0000] {dag.py:3486} INFO - Setting next_dagrun for example_xcom_args_with_operators to None, run_after=None
[2023-10-28T08:33:45.001+0000] {processor.py:178} INFO - Processing /usr/local/lib/python3.10/dist-packages/airflow/example_dags/example_xcomargs.py took 0.302 seconds
[2023-10-28T08:34:15.202+0000] {processor.py:156} INFO - Started process (PID=1516804) to work on /usr/local/lib/python3.10/dist-packages/airflow/example_dags/example_xcomargs.py
[2023-10-28T08:34:15.231+0000] {processor.py:799} INFO - Processing file /usr/local/lib/python3.10/dist-packages/airflow/example_dags/example_xcomargs.py for tasks to queue
[2023-10-28T08:34:15.233+0000] {logging_mixin.py:149} INFO - [2023-10-28T08:34:15.233+0000] {dagbag.py:541} INFO - Filling up the DagBag from /usr/local/lib/python3.10/dist-packages/airflow/example_dags/example_xcomargs.py
[2023-10-28T08:34:15.255+0000] {processor.py:809} INFO - DAG(s) dict_keys(['example_xcom_args_with_operators', 'example_xcom_args']) retrieved from /usr/local/lib/python3.10/dist-packages/airflow/example_dags/example_xcomargs.py
[2023-10-28T08:34:15.345+0000] {logging_mixin.py:149} INFO - [2023-10-28T08:34:15.344+0000] {dag.py:2726} INFO - Sync 2 DAGs
[2023-10-28T08:34:15.419+0000] {logging_mixin.py:149} INFO - [2023-10-28T08:34:15.418+0000] {dag.py:3486} INFO - Setting next_dagrun for example_xcom_args to None, run_after=None
[2023-10-28T08:34:15.430+0000] {logging_mixin.py:149} INFO - [2023-10-28T08:34:15.429+0000] {dag.py:3486} INFO - Setting next_dagrun for example_xcom_args_with_operators to None, run_after=None
[2023-10-28T08:34:15.501+0000] {processor.py:178} INFO - Processing /usr/local/lib/python3.10/dist-packages/airflow/example_dags/example_xcomargs.py took 0.306 seconds
[2023-10-28T08:34:46.046+0000] {processor.py:156} INFO - Started process (PID=1517163) to work on /usr/local/lib/python3.10/dist-packages/airflow/example_dags/example_xcomargs.py
[2023-10-28T08:34:46.070+0000] {processor.py:799} INFO - Processing file /usr/local/lib/python3.10/dist-packages/airflow/example_dags/example_xcomargs.py for tasks to queue
[2023-10-28T08:34:46.072+0000] {logging_mixin.py:149} INFO - [2023-10-28T08:34:46.072+0000] {dagbag.py:541} INFO - Filling up the DagBag from /usr/local/lib/python3.10/dist-packages/airflow/example_dags/example_xcomargs.py
[2023-10-28T08:34:46.093+0000] {processor.py:809} INFO - DAG(s) dict_keys(['example_xcom_args_with_operators', 'example_xcom_args']) retrieved from /usr/local/lib/python3.10/dist-packages/airflow/example_dags/example_xcomargs.py
[2023-10-28T08:34:46.190+0000] {logging_mixin.py:149} INFO - [2023-10-28T08:34:46.189+0000] {dag.py:2726} INFO - Sync 2 DAGs
[2023-10-28T08:34:46.278+0000] {logging_mixin.py:149} INFO - [2023-10-28T08:34:46.277+0000] {dag.py:3486} INFO - Setting next_dagrun for example_xcom_args to None, run_after=None
[2023-10-28T08:34:46.289+0000] {logging_mixin.py:149} INFO - [2023-10-28T08:34:46.288+0000] {dag.py:3486} INFO - Setting next_dagrun for example_xcom_args_with_operators to None, run_after=None
[2023-10-28T08:34:46.342+0000] {processor.py:178} INFO - Processing /usr/local/lib/python3.10/dist-packages/airflow/example_dags/example_xcomargs.py took 0.303 seconds
[2023-10-28T08:35:17.034+0000] {processor.py:156} INFO - Started process (PID=1517568) to work on /usr/local/lib/python3.10/dist-packages/airflow/example_dags/example_xcomargs.py
[2023-10-28T08:35:17.057+0000] {processor.py:799} INFO - Processing file /usr/local/lib/python3.10/dist-packages/airflow/example_dags/example_xcomargs.py for tasks to queue
[2023-10-28T08:35:17.059+0000] {logging_mixin.py:149} INFO - [2023-10-28T08:35:17.059+0000] {dagbag.py:541} INFO - Filling up the DagBag from /usr/local/lib/python3.10/dist-packages/airflow/example_dags/example_xcomargs.py
[2023-10-28T08:35:17.081+0000] {processor.py:809} INFO - DAG(s) dict_keys(['example_xcom_args', 'example_xcom_args_with_operators']) retrieved from /usr/local/lib/python3.10/dist-packages/airflow/example_dags/example_xcomargs.py
[2023-10-28T08:35:17.169+0000] {logging_mixin.py:149} INFO - [2023-10-28T08:35:17.169+0000] {dag.py:2726} INFO - Sync 2 DAGs
[2023-10-28T08:35:17.246+0000] {logging_mixin.py:149} INFO - [2023-10-28T08:35:17.245+0000] {dag.py:3486} INFO - Setting next_dagrun for example_xcom_args to None, run_after=None
[2023-10-28T08:35:17.257+0000] {logging_mixin.py:149} INFO - [2023-10-28T08:35:17.256+0000] {dag.py:3486} INFO - Setting next_dagrun for example_xcom_args_with_operators to None, run_after=None
[2023-10-28T08:35:17.338+0000] {processor.py:178} INFO - Processing /usr/local/lib/python3.10/dist-packages/airflow/example_dags/example_xcomargs.py took 0.310 seconds
[2023-10-28T08:35:47.502+0000] {processor.py:156} INFO - Started process (PID=1518177) to work on /usr/local/lib/python3.10/dist-packages/airflow/example_dags/example_xcomargs.py
[2023-10-28T08:35:47.556+0000] {processor.py:799} INFO - Processing file /usr/local/lib/python3.10/dist-packages/airflow/example_dags/example_xcomargs.py for tasks to queue
[2023-10-28T08:35:47.558+0000] {logging_mixin.py:149} INFO - [2023-10-28T08:35:47.558+0000] {dagbag.py:541} INFO - Filling up the DagBag from /usr/local/lib/python3.10/dist-packages/airflow/example_dags/example_xcomargs.py
[2023-10-28T08:35:47.580+0000] {processor.py:809} INFO - DAG(s) dict_keys(['example_xcom_args', 'example_xcom_args_with_operators']) retrieved from /usr/local/lib/python3.10/dist-packages/airflow/example_dags/example_xcomargs.py
[2023-10-28T08:35:47.672+0000] {logging_mixin.py:149} INFO - [2023-10-28T08:35:47.672+0000] {dag.py:2726} INFO - Sync 2 DAGs
[2023-10-28T08:35:47.752+0000] {logging_mixin.py:149} INFO - [2023-10-28T08:35:47.751+0000] {dag.py:3486} INFO - Setting next_dagrun for example_xcom_args to None, run_after=None
[2023-10-28T08:35:47.763+0000] {logging_mixin.py:149} INFO - [2023-10-28T08:35:47.763+0000] {dag.py:3486} INFO - Setting next_dagrun for example_xcom_args_with_operators to None, run_after=None
[2023-10-28T08:35:47.837+0000] {processor.py:178} INFO - Processing /usr/local/lib/python3.10/dist-packages/airflow/example_dags/example_xcomargs.py took 0.343 seconds
[2023-10-28T08:36:18.088+0000] {processor.py:156} INFO - Started process (PID=1518560) to work on /usr/local/lib/python3.10/dist-packages/airflow/example_dags/example_xcomargs.py
[2023-10-28T08:36:18.090+0000] {processor.py:799} INFO - Processing file /usr/local/lib/python3.10/dist-packages/airflow/example_dags/example_xcomargs.py for tasks to queue
[2023-10-28T08:36:18.092+0000] {logging_mixin.py:149} INFO - [2023-10-28T08:36:18.091+0000] {dagbag.py:541} INFO - Filling up the DagBag from /usr/local/lib/python3.10/dist-packages/airflow/example_dags/example_xcomargs.py
[2023-10-28T08:36:18.115+0000] {processor.py:809} INFO - DAG(s) dict_keys(['example_xcom_args_with_operators', 'example_xcom_args']) retrieved from /usr/local/lib/python3.10/dist-packages/airflow/example_dags/example_xcomargs.py
[2023-10-28T08:36:18.205+0000] {logging_mixin.py:149} INFO - [2023-10-28T08:36:18.205+0000] {dag.py:2726} INFO - Sync 2 DAGs
[2023-10-28T08:36:18.282+0000] {logging_mixin.py:149} INFO - [2023-10-28T08:36:18.282+0000] {dag.py:3486} INFO - Setting next_dagrun for example_xcom_args to None, run_after=None
[2023-10-28T08:36:18.293+0000] {logging_mixin.py:149} INFO - [2023-10-28T08:36:18.293+0000] {dag.py:3486} INFO - Setting next_dagrun for example_xcom_args_with_operators to None, run_after=None
[2023-10-28T08:36:18.357+0000] {processor.py:178} INFO - Processing /usr/local/lib/python3.10/dist-packages/airflow/example_dags/example_xcomargs.py took 0.277 seconds
[2023-10-28T08:36:49.178+0000] {processor.py:156} INFO - Started process (PID=1518917) to work on /usr/local/lib/python3.10/dist-packages/airflow/example_dags/example_xcomargs.py
[2023-10-28T08:36:49.180+0000] {processor.py:799} INFO - Processing file /usr/local/lib/python3.10/dist-packages/airflow/example_dags/example_xcomargs.py for tasks to queue
[2023-10-28T08:36:49.182+0000] {logging_mixin.py:149} INFO - [2023-10-28T08:36:49.181+0000] {dagbag.py:541} INFO - Filling up the DagBag from /usr/local/lib/python3.10/dist-packages/airflow/example_dags/example_xcomargs.py
[2023-10-28T08:36:49.202+0000] {processor.py:809} INFO - DAG(s) dict_keys(['example_xcom_args_with_operators', 'example_xcom_args']) retrieved from /usr/local/lib/python3.10/dist-packages/airflow/example_dags/example_xcomargs.py
[2023-10-28T08:36:49.297+0000] {logging_mixin.py:149} INFO - [2023-10-28T08:36:49.296+0000] {dag.py:2726} INFO - Sync 2 DAGs
[2023-10-28T08:36:49.378+0000] {logging_mixin.py:149} INFO - [2023-10-28T08:36:49.377+0000] {dag.py:3486} INFO - Setting next_dagrun for example_xcom_args to None, run_after=None
[2023-10-28T08:36:49.390+0000] {logging_mixin.py:149} INFO - [2023-10-28T08:36:49.389+0000] {dag.py:3486} INFO - Setting next_dagrun for example_xcom_args_with_operators to None, run_after=None
[2023-10-28T08:36:49.451+0000] {processor.py:178} INFO - Processing /usr/local/lib/python3.10/dist-packages/airflow/example_dags/example_xcomargs.py took 0.279 seconds
[2023-10-28T08:37:19.923+0000] {processor.py:156} INFO - Started process (PID=1519417) to work on /usr/local/lib/python3.10/dist-packages/airflow/example_dags/example_xcomargs.py
[2023-10-28T08:37:19.949+0000] {processor.py:799} INFO - Processing file /usr/local/lib/python3.10/dist-packages/airflow/example_dags/example_xcomargs.py for tasks to queue
[2023-10-28T08:37:19.951+0000] {logging_mixin.py:149} INFO - [2023-10-28T08:37:19.950+0000] {dagbag.py:541} INFO - Filling up the DagBag from /usr/local/lib/python3.10/dist-packages/airflow/example_dags/example_xcomargs.py
[2023-10-28T08:37:19.975+0000] {processor.py:809} INFO - DAG(s) dict_keys(['example_xcom_args', 'example_xcom_args_with_operators']) retrieved from /usr/local/lib/python3.10/dist-packages/airflow/example_dags/example_xcomargs.py
[2023-10-28T08:37:20.067+0000] {logging_mixin.py:149} INFO - [2023-10-28T08:37:20.066+0000] {dag.py:2726} INFO - Sync 2 DAGs
[2023-10-28T08:37:20.145+0000] {logging_mixin.py:149} INFO - [2023-10-28T08:37:20.144+0000] {dag.py:3486} INFO - Setting next_dagrun for example_xcom_args to None, run_after=None
[2023-10-28T08:37:20.156+0000] {logging_mixin.py:149} INFO - [2023-10-28T08:37:20.155+0000] {dag.py:3486} INFO - Setting next_dagrun for example_xcom_args_with_operators to None, run_after=None
[2023-10-28T08:37:20.227+0000] {processor.py:178} INFO - Processing /usr/local/lib/python3.10/dist-packages/airflow/example_dags/example_xcomargs.py took 0.312 seconds
[2023-10-28T08:37:50.287+0000] {processor.py:156} INFO - Started process (PID=1519771) to work on /usr/local/lib/python3.10/dist-packages/airflow/example_dags/example_xcomargs.py
[2023-10-28T08:37:50.289+0000] {processor.py:799} INFO - Processing file /usr/local/lib/python3.10/dist-packages/airflow/example_dags/example_xcomargs.py for tasks to queue
[2023-10-28T08:37:50.290+0000] {logging_mixin.py:149} INFO - [2023-10-28T08:37:50.290+0000] {dagbag.py:541} INFO - Filling up the DagBag from /usr/local/lib/python3.10/dist-packages/airflow/example_dags/example_xcomargs.py
[2023-10-28T08:37:50.310+0000] {processor.py:809} INFO - DAG(s) dict_keys(['example_xcom_args_with_operators', 'example_xcom_args']) retrieved from /usr/local/lib/python3.10/dist-packages/airflow/example_dags/example_xcomargs.py
[2023-10-28T08:37:50.408+0000] {logging_mixin.py:149} INFO - [2023-10-28T08:37:50.407+0000] {dag.py:2726} INFO - Sync 2 DAGs
[2023-10-28T08:37:50.483+0000] {logging_mixin.py:149} INFO - [2023-10-28T08:37:50.483+0000] {dag.py:3486} INFO - Setting next_dagrun for example_xcom_args to None, run_after=None
[2023-10-28T08:37:50.494+0000] {logging_mixin.py:149} INFO - [2023-10-28T08:37:50.494+0000] {dag.py:3486} INFO - Setting next_dagrun for example_xcom_args_with_operators to None, run_after=None
[2023-10-28T08:37:50.587+0000] {processor.py:178} INFO - Processing /usr/local/lib/python3.10/dist-packages/airflow/example_dags/example_xcomargs.py took 0.308 seconds
[2023-10-28T08:38:21.559+0000] {processor.py:156} INFO - Started process (PID=1520265) to work on /usr/local/lib/python3.10/dist-packages/airflow/example_dags/example_xcomargs.py
[2023-10-28T08:38:21.590+0000] {processor.py:799} INFO - Processing file /usr/local/lib/python3.10/dist-packages/airflow/example_dags/example_xcomargs.py for tasks to queue
[2023-10-28T08:38:21.592+0000] {logging_mixin.py:149} INFO - [2023-10-28T08:38:21.591+0000] {dagbag.py:541} INFO - Filling up the DagBag from /usr/local/lib/python3.10/dist-packages/airflow/example_dags/example_xcomargs.py
[2023-10-28T08:38:21.612+0000] {processor.py:809} INFO - DAG(s) dict_keys(['example_xcom_args_with_operators', 'example_xcom_args']) retrieved from /usr/local/lib/python3.10/dist-packages/airflow/example_dags/example_xcomargs.py
[2023-10-28T08:38:21.705+0000] {logging_mixin.py:149} INFO - [2023-10-28T08:38:21.705+0000] {dag.py:2726} INFO - Sync 2 DAGs
[2023-10-28T08:38:21.786+0000] {logging_mixin.py:149} INFO - [2023-10-28T08:38:21.785+0000] {dag.py:3486} INFO - Setting next_dagrun for example_xcom_args to None, run_after=None
[2023-10-28T08:38:21.801+0000] {logging_mixin.py:149} INFO - [2023-10-28T08:38:21.800+0000] {dag.py:3486} INFO - Setting next_dagrun for example_xcom_args_with_operators to None, run_after=None
[2023-10-28T08:38:21.864+0000] {processor.py:178} INFO - Processing /usr/local/lib/python3.10/dist-packages/airflow/example_dags/example_xcomargs.py took 0.312 seconds
[2023-10-28T08:38:52.002+0000] {processor.py:156} INFO - Started process (PID=1520787) to work on /usr/local/lib/python3.10/dist-packages/airflow/example_dags/example_xcomargs.py
[2023-10-28T08:38:52.004+0000] {processor.py:799} INFO - Processing file /usr/local/lib/python3.10/dist-packages/airflow/example_dags/example_xcomargs.py for tasks to queue
[2023-10-28T08:38:52.006+0000] {logging_mixin.py:149} INFO - [2023-10-28T08:38:52.006+0000] {dagbag.py:541} INFO - Filling up the DagBag from /usr/local/lib/python3.10/dist-packages/airflow/example_dags/example_xcomargs.py
[2023-10-28T08:38:52.028+0000] {processor.py:809} INFO - DAG(s) dict_keys(['example_xcom_args_with_operators', 'example_xcom_args']) retrieved from /usr/local/lib/python3.10/dist-packages/airflow/example_dags/example_xcomargs.py
[2023-10-28T08:38:52.164+0000] {logging_mixin.py:149} INFO - [2023-10-28T08:38:52.164+0000] {dag.py:2726} INFO - Sync 2 DAGs
[2023-10-28T08:38:52.249+0000] {logging_mixin.py:149} INFO - [2023-10-28T08:38:52.249+0000] {dag.py:3486} INFO - Setting next_dagrun for example_xcom_args to None, run_after=None
[2023-10-28T08:38:52.264+0000] {logging_mixin.py:149} INFO - [2023-10-28T08:38:52.263+0000] {dag.py:3486} INFO - Setting next_dagrun for example_xcom_args_with_operators to None, run_after=None
[2023-10-28T08:38:52.326+0000] {processor.py:178} INFO - Processing /usr/local/lib/python3.10/dist-packages/airflow/example_dags/example_xcomargs.py took 0.332 seconds
[2023-10-28T08:39:23.245+0000] {processor.py:156} INFO - Started process (PID=1521330) to work on /usr/local/lib/python3.10/dist-packages/airflow/example_dags/example_xcomargs.py
[2023-10-28T08:39:23.266+0000] {processor.py:799} INFO - Processing file /usr/local/lib/python3.10/dist-packages/airflow/example_dags/example_xcomargs.py for tasks to queue
[2023-10-28T08:39:23.268+0000] {logging_mixin.py:149} INFO - [2023-10-28T08:39:23.268+0000] {dagbag.py:541} INFO - Filling up the DagBag from /usr/local/lib/python3.10/dist-packages/airflow/example_dags/example_xcomargs.py
[2023-10-28T08:39:23.288+0000] {processor.py:809} INFO - DAG(s) dict_keys(['example_xcom_args_with_operators', 'example_xcom_args']) retrieved from /usr/local/lib/python3.10/dist-packages/airflow/example_dags/example_xcomargs.py
[2023-10-28T08:39:23.381+0000] {logging_mixin.py:149} INFO - [2023-10-28T08:39:23.381+0000] {dag.py:2726} INFO - Sync 2 DAGs
[2023-10-28T08:39:23.464+0000] {logging_mixin.py:149} INFO - [2023-10-28T08:39:23.463+0000] {dag.py:3486} INFO - Setting next_dagrun for example_xcom_args to None, run_after=None
[2023-10-28T08:39:23.476+0000] {logging_mixin.py:149} INFO - [2023-10-28T08:39:23.475+0000] {dag.py:3486} INFO - Setting next_dagrun for example_xcom_args_with_operators to None, run_after=None
[2023-10-28T08:39:23.547+0000] {processor.py:178} INFO - Processing /usr/local/lib/python3.10/dist-packages/airflow/example_dags/example_xcomargs.py took 0.310 seconds
