[2023-10-28T07:57:27.552+0000] {processor.py:156} INFO - Started process (PID=1491515) to work on /usr/local/lib/python3.10/dist-packages/airflow/example_dags/example_sla_dag.py
[2023-10-28T07:57:27.554+0000] {processor.py:799} INFO - Processing file /usr/local/lib/python3.10/dist-packages/airflow/example_dags/example_sla_dag.py for tasks to queue
[2023-10-28T07:57:27.556+0000] {logging_mixin.py:149} INFO - [2023-10-28T07:57:27.556+0000] {dagbag.py:541} INFO - Filling up the DagBag from /usr/local/lib/python3.10/dist-packages/airflow/example_dags/example_sla_dag.py
[2023-10-28T07:57:27.578+0000] {processor.py:809} INFO - DAG(s) dict_keys(['example_sla_dag']) retrieved from /usr/local/lib/python3.10/dist-packages/airflow/example_dags/example_sla_dag.py
[2023-10-28T07:57:28.098+0000] {logging_mixin.py:149} INFO - [2023-10-28T07:57:28.097+0000] {manager.py:504} INFO - Created Permission View: can read on DAG:example_sla_dag
[2023-10-28T07:57:28.125+0000] {logging_mixin.py:149} INFO - [2023-10-28T07:57:28.125+0000] {manager.py:504} INFO - Created Permission View: can edit on DAG:example_sla_dag
[2023-10-28T07:57:28.150+0000] {logging_mixin.py:149} INFO - [2023-10-28T07:57:28.150+0000] {manager.py:504} INFO - Created Permission View: can delete on DAG:example_sla_dag
[2023-10-28T07:57:28.151+0000] {logging_mixin.py:149} INFO - [2023-10-28T07:57:28.151+0000] {dag.py:2726} INFO - Sync 1 DAGs
[2023-10-28T07:57:28.179+0000] {logging_mixin.py:149} INFO - [2023-10-28T07:57:28.179+0000] {dag.py:2747} INFO - Creating ORM DAG for example_sla_dag
[2023-10-28T07:57:28.214+0000] {logging_mixin.py:149} INFO - [2023-10-28T07:57:28.214+0000] {dag.py:3486} INFO - Setting next_dagrun for example_sla_dag to 2023-10-28T07:54:00+00:00, run_after=2023-10-28T07:56:00+00:00
[2023-10-28T07:57:28.304+0000] {processor.py:178} INFO - Processing /usr/local/lib/python3.10/dist-packages/airflow/example_dags/example_sla_dag.py took 0.759 seconds
[2023-10-28T07:58:38.502+0000] {processor.py:156} INFO - Started process (PID=1491995) to work on /usr/local/lib/python3.10/dist-packages/airflow/example_dags/example_sla_dag.py
[2023-10-28T07:58:38.504+0000] {processor.py:799} INFO - Processing file /usr/local/lib/python3.10/dist-packages/airflow/example_dags/example_sla_dag.py for tasks to queue
[2023-10-28T07:58:38.506+0000] {logging_mixin.py:149} INFO - [2023-10-28T07:58:38.505+0000] {dagbag.py:541} INFO - Filling up the DagBag from /usr/local/lib/python3.10/dist-packages/airflow/example_dags/example_sla_dag.py
[2023-10-28T07:58:38.527+0000] {processor.py:809} INFO - DAG(s) dict_keys(['example_sla_dag']) retrieved from /usr/local/lib/python3.10/dist-packages/airflow/example_dags/example_sla_dag.py
[2023-10-28T07:58:38.792+0000] {logging_mixin.py:149} INFO - [2023-10-28T07:58:38.791+0000] {dag.py:2726} INFO - Sync 1 DAGs
[2023-10-28T07:58:38.855+0000] {logging_mixin.py:149} INFO - [2023-10-28T07:58:38.854+0000] {dag.py:3486} INFO - Setting next_dagrun for example_sla_dag to 2023-10-28T07:56:00+00:00, run_after=2023-10-28T07:58:00+00:00
[2023-10-28T07:58:38.963+0000] {processor.py:178} INFO - Processing /usr/local/lib/python3.10/dist-packages/airflow/example_dags/example_sla_dag.py took 0.468 seconds
[2023-10-28T07:59:40.034+0000] {processor.py:156} INFO - Started process (PID=1492436) to work on /usr/local/lib/python3.10/dist-packages/airflow/example_dags/example_sla_dag.py
[2023-10-28T07:59:40.069+0000] {processor.py:799} INFO - Processing file /usr/local/lib/python3.10/dist-packages/airflow/example_dags/example_sla_dag.py for tasks to queue
[2023-10-28T07:59:40.071+0000] {logging_mixin.py:149} INFO - [2023-10-28T07:59:40.071+0000] {dagbag.py:541} INFO - Filling up the DagBag from /usr/local/lib/python3.10/dist-packages/airflow/example_dags/example_sla_dag.py
[2023-10-28T07:59:40.095+0000] {processor.py:809} INFO - DAG(s) dict_keys(['example_sla_dag']) retrieved from /usr/local/lib/python3.10/dist-packages/airflow/example_dags/example_sla_dag.py
[2023-10-28T07:59:40.144+0000] {logging_mixin.py:149} INFO - [2023-10-28T07:59:40.143+0000] {dag.py:2726} INFO - Sync 1 DAGs
[2023-10-28T07:59:40.215+0000] {logging_mixin.py:149} INFO - [2023-10-28T07:59:40.214+0000] {dag.py:3486} INFO - Setting next_dagrun for example_sla_dag to 2023-10-28T07:56:00+00:00, run_after=2023-10-28T07:58:00+00:00
[2023-10-28T07:59:40.311+0000] {processor.py:178} INFO - Processing /usr/local/lib/python3.10/dist-packages/airflow/example_dags/example_sla_dag.py took 0.284 seconds
[2023-10-28T08:15:23.652+0000] {processor.py:156} INFO - Started process (PID=1497795) to work on /usr/local/lib/python3.10/dist-packages/airflow/example_dags/example_sla_dag.py
[2023-10-28T08:15:23.685+0000] {processor.py:799} INFO - Processing file /usr/local/lib/python3.10/dist-packages/airflow/example_dags/example_sla_dag.py for tasks to queue
[2023-10-28T08:15:23.687+0000] {logging_mixin.py:149} INFO - [2023-10-28T08:15:23.686+0000] {dagbag.py:541} INFO - Filling up the DagBag from /usr/local/lib/python3.10/dist-packages/airflow/example_dags/example_sla_dag.py
[2023-10-28T08:15:23.707+0000] {processor.py:809} INFO - DAG(s) dict_keys(['example_sla_dag']) retrieved from /usr/local/lib/python3.10/dist-packages/airflow/example_dags/example_sla_dag.py
[2023-10-28T08:15:24.331+0000] {logging_mixin.py:149} INFO - [2023-10-28T08:15:24.330+0000] {manager.py:504} INFO - Created Permission View: can read on DAG:example_sla_dag
[2023-10-28T08:15:24.360+0000] {logging_mixin.py:149} INFO - [2023-10-28T08:15:24.359+0000] {manager.py:504} INFO - Created Permission View: can delete on DAG:example_sla_dag
[2023-10-28T08:15:24.385+0000] {logging_mixin.py:149} INFO - [2023-10-28T08:15:24.384+0000] {manager.py:504} INFO - Created Permission View: can edit on DAG:example_sla_dag
[2023-10-28T08:15:24.386+0000] {logging_mixin.py:149} INFO - [2023-10-28T08:15:24.385+0000] {dag.py:2726} INFO - Sync 1 DAGs
[2023-10-28T08:15:24.426+0000] {logging_mixin.py:149} INFO - [2023-10-28T08:15:24.426+0000] {dag.py:2747} INFO - Creating ORM DAG for example_sla_dag
[2023-10-28T08:15:24.469+0000] {logging_mixin.py:149} INFO - [2023-10-28T08:15:24.469+0000] {dag.py:3486} INFO - Setting next_dagrun for example_sla_dag to 2023-10-28T08:12:00+00:00, run_after=2023-10-28T08:14:00+00:00
[2023-10-28T08:15:24.558+0000] {processor.py:178} INFO - Processing /usr/local/lib/python3.10/dist-packages/airflow/example_dags/example_sla_dag.py took 0.913 seconds
[2023-10-28T08:15:54.693+0000] {processor.py:156} INFO - Started process (PID=1498632) to work on /usr/local/lib/python3.10/dist-packages/airflow/example_dags/example_sla_dag.py
[2023-10-28T08:15:54.725+0000] {processor.py:799} INFO - Processing file /usr/local/lib/python3.10/dist-packages/airflow/example_dags/example_sla_dag.py for tasks to queue
[2023-10-28T08:15:54.727+0000] {logging_mixin.py:149} INFO - [2023-10-28T08:15:54.726+0000] {dagbag.py:541} INFO - Filling up the DagBag from /usr/local/lib/python3.10/dist-packages/airflow/example_dags/example_sla_dag.py
[2023-10-28T08:15:54.752+0000] {processor.py:809} INFO - DAG(s) dict_keys(['example_sla_dag']) retrieved from /usr/local/lib/python3.10/dist-packages/airflow/example_dags/example_sla_dag.py
[2023-10-28T08:15:54.833+0000] {logging_mixin.py:149} INFO - [2023-10-28T08:15:54.832+0000] {dag.py:2726} INFO - Sync 1 DAGs
[2023-10-28T08:15:54.921+0000] {logging_mixin.py:149} INFO - [2023-10-28T08:15:54.921+0000] {dag.py:3486} INFO - Setting next_dagrun for example_sla_dag to 2023-10-28T08:12:00+00:00, run_after=2023-10-28T08:14:00+00:00
[2023-10-28T08:15:55.027+0000] {processor.py:178} INFO - Processing /usr/local/lib/python3.10/dist-packages/airflow/example_dags/example_sla_dag.py took 0.341 seconds
[2023-10-28T08:16:25.449+0000] {processor.py:156} INFO - Started process (PID=1499966) to work on /usr/local/lib/python3.10/dist-packages/airflow/example_dags/example_sla_dag.py
[2023-10-28T08:16:25.451+0000] {processor.py:799} INFO - Processing file /usr/local/lib/python3.10/dist-packages/airflow/example_dags/example_sla_dag.py for tasks to queue
[2023-10-28T08:16:25.453+0000] {logging_mixin.py:149} INFO - [2023-10-28T08:16:25.453+0000] {dagbag.py:541} INFO - Filling up the DagBag from /usr/local/lib/python3.10/dist-packages/airflow/example_dags/example_sla_dag.py
[2023-10-28T08:16:25.473+0000] {processor.py:809} INFO - DAG(s) dict_keys(['example_sla_dag']) retrieved from /usr/local/lib/python3.10/dist-packages/airflow/example_dags/example_sla_dag.py
[2023-10-28T08:16:25.546+0000] {logging_mixin.py:149} INFO - [2023-10-28T08:16:25.545+0000] {dag.py:2726} INFO - Sync 1 DAGs
[2023-10-28T08:16:25.645+0000] {logging_mixin.py:149} INFO - [2023-10-28T08:16:25.644+0000] {dag.py:3486} INFO - Setting next_dagrun for example_sla_dag to 2023-10-28T08:14:00+00:00, run_after=2023-10-28T08:16:00+00:00
[2023-10-28T08:16:25.768+0000] {processor.py:178} INFO - Processing /usr/local/lib/python3.10/dist-packages/airflow/example_dags/example_sla_dag.py took 0.326 seconds
[2023-10-28T08:16:55.835+0000] {processor.py:156} INFO - Started process (PID=1500594) to work on /usr/local/lib/python3.10/dist-packages/airflow/example_dags/example_sla_dag.py
[2023-10-28T08:16:55.837+0000] {processor.py:799} INFO - Processing file /usr/local/lib/python3.10/dist-packages/airflow/example_dags/example_sla_dag.py for tasks to queue
[2023-10-28T08:16:55.839+0000] {logging_mixin.py:149} INFO - [2023-10-28T08:16:55.838+0000] {dagbag.py:541} INFO - Filling up the DagBag from /usr/local/lib/python3.10/dist-packages/airflow/example_dags/example_sla_dag.py
[2023-10-28T08:16:55.860+0000] {processor.py:809} INFO - DAG(s) dict_keys(['example_sla_dag']) retrieved from /usr/local/lib/python3.10/dist-packages/airflow/example_dags/example_sla_dag.py
[2023-10-28T08:16:55.939+0000] {logging_mixin.py:149} INFO - [2023-10-28T08:16:55.939+0000] {dag.py:2726} INFO - Sync 1 DAGs
[2023-10-28T08:16:56.026+0000] {logging_mixin.py:149} INFO - [2023-10-28T08:16:56.026+0000] {dag.py:3486} INFO - Setting next_dagrun for example_sla_dag to 2023-10-28T08:14:00+00:00, run_after=2023-10-28T08:16:00+00:00
[2023-10-28T08:16:56.127+0000] {processor.py:178} INFO - Processing /usr/local/lib/python3.10/dist-packages/airflow/example_dags/example_sla_dag.py took 0.299 seconds
[2023-10-28T08:17:26.825+0000] {processor.py:156} INFO - Started process (PID=1501096) to work on /usr/local/lib/python3.10/dist-packages/airflow/example_dags/example_sla_dag.py
[2023-10-28T08:17:26.828+0000] {processor.py:799} INFO - Processing file /usr/local/lib/python3.10/dist-packages/airflow/example_dags/example_sla_dag.py for tasks to queue
[2023-10-28T08:17:26.829+0000] {logging_mixin.py:149} INFO - [2023-10-28T08:17:26.829+0000] {dagbag.py:541} INFO - Filling up the DagBag from /usr/local/lib/python3.10/dist-packages/airflow/example_dags/example_sla_dag.py
[2023-10-28T08:17:26.852+0000] {processor.py:809} INFO - DAG(s) dict_keys(['example_sla_dag']) retrieved from /usr/local/lib/python3.10/dist-packages/airflow/example_dags/example_sla_dag.py
[2023-10-28T08:17:26.932+0000] {logging_mixin.py:149} INFO - [2023-10-28T08:17:26.931+0000] {dag.py:2726} INFO - Sync 1 DAGs
[2023-10-28T08:17:27.021+0000] {logging_mixin.py:149} INFO - [2023-10-28T08:17:27.021+0000] {dag.py:3486} INFO - Setting next_dagrun for example_sla_dag to 2023-10-28T08:14:00+00:00, run_after=2023-10-28T08:16:00+00:00
[2023-10-28T08:17:27.085+0000] {processor.py:178} INFO - Processing /usr/local/lib/python3.10/dist-packages/airflow/example_dags/example_sla_dag.py took 0.267 seconds
[2023-10-28T08:17:57.225+0000] {processor.py:156} INFO - Started process (PID=1501455) to work on /usr/local/lib/python3.10/dist-packages/airflow/example_dags/example_sla_dag.py
[2023-10-28T08:17:57.227+0000] {processor.py:799} INFO - Processing file /usr/local/lib/python3.10/dist-packages/airflow/example_dags/example_sla_dag.py for tasks to queue
[2023-10-28T08:17:57.229+0000] {logging_mixin.py:149} INFO - [2023-10-28T08:17:57.229+0000] {dagbag.py:541} INFO - Filling up the DagBag from /usr/local/lib/python3.10/dist-packages/airflow/example_dags/example_sla_dag.py
[2023-10-28T08:17:57.250+0000] {processor.py:809} INFO - DAG(s) dict_keys(['example_sla_dag']) retrieved from /usr/local/lib/python3.10/dist-packages/airflow/example_dags/example_sla_dag.py
[2023-10-28T08:17:57.331+0000] {logging_mixin.py:149} INFO - [2023-10-28T08:17:57.330+0000] {dag.py:2726} INFO - Sync 1 DAGs
[2023-10-28T08:17:57.427+0000] {logging_mixin.py:149} INFO - [2023-10-28T08:17:57.426+0000] {dag.py:3486} INFO - Setting next_dagrun for example_sla_dag to 2023-10-28T08:14:00+00:00, run_after=2023-10-28T08:16:00+00:00
[2023-10-28T08:17:57.506+0000] {processor.py:178} INFO - Processing /usr/local/lib/python3.10/dist-packages/airflow/example_dags/example_sla_dag.py took 0.288 seconds
[2023-10-28T08:18:27.839+0000] {processor.py:156} INFO - Started process (PID=1501832) to work on /usr/local/lib/python3.10/dist-packages/airflow/example_dags/example_sla_dag.py
[2023-10-28T08:18:27.861+0000] {processor.py:799} INFO - Processing file /usr/local/lib/python3.10/dist-packages/airflow/example_dags/example_sla_dag.py for tasks to queue
[2023-10-28T08:18:27.863+0000] {logging_mixin.py:149} INFO - [2023-10-28T08:18:27.862+0000] {dagbag.py:541} INFO - Filling up the DagBag from /usr/local/lib/python3.10/dist-packages/airflow/example_dags/example_sla_dag.py
[2023-10-28T08:18:27.883+0000] {processor.py:809} INFO - DAG(s) dict_keys(['example_sla_dag']) retrieved from /usr/local/lib/python3.10/dist-packages/airflow/example_dags/example_sla_dag.py
[2023-10-28T08:18:27.958+0000] {logging_mixin.py:149} INFO - [2023-10-28T08:18:27.957+0000] {dag.py:2726} INFO - Sync 1 DAGs
[2023-10-28T08:18:28.043+0000] {logging_mixin.py:149} INFO - [2023-10-28T08:18:28.043+0000] {dag.py:3486} INFO - Setting next_dagrun for example_sla_dag to 2023-10-28T08:16:00+00:00, run_after=2023-10-28T08:18:00+00:00
[2023-10-28T08:18:28.144+0000] {processor.py:178} INFO - Processing /usr/local/lib/python3.10/dist-packages/airflow/example_dags/example_sla_dag.py took 0.312 seconds
[2023-10-28T08:18:58.324+0000] {processor.py:156} INFO - Started process (PID=1502186) to work on /usr/local/lib/python3.10/dist-packages/airflow/example_dags/example_sla_dag.py
[2023-10-28T08:18:58.350+0000] {processor.py:799} INFO - Processing file /usr/local/lib/python3.10/dist-packages/airflow/example_dags/example_sla_dag.py for tasks to queue
[2023-10-28T08:18:58.352+0000] {logging_mixin.py:149} INFO - [2023-10-28T08:18:58.352+0000] {dagbag.py:541} INFO - Filling up the DagBag from /usr/local/lib/python3.10/dist-packages/airflow/example_dags/example_sla_dag.py
[2023-10-28T08:18:58.375+0000] {processor.py:809} INFO - DAG(s) dict_keys(['example_sla_dag']) retrieved from /usr/local/lib/python3.10/dist-packages/airflow/example_dags/example_sla_dag.py
[2023-10-28T08:18:58.449+0000] {logging_mixin.py:149} INFO - [2023-10-28T08:18:58.449+0000] {dag.py:2726} INFO - Sync 1 DAGs
[2023-10-28T08:18:58.547+0000] {logging_mixin.py:149} INFO - [2023-10-28T08:18:58.546+0000] {dag.py:3486} INFO - Setting next_dagrun for example_sla_dag to 2023-10-28T08:16:00+00:00, run_after=2023-10-28T08:18:00+00:00
[2023-10-28T08:18:58.615+0000] {processor.py:178} INFO - Processing /usr/local/lib/python3.10/dist-packages/airflow/example_dags/example_sla_dag.py took 0.298 seconds
[2023-10-28T08:19:29.120+0000] {processor.py:156} INFO - Started process (PID=1502582) to work on /usr/local/lib/python3.10/dist-packages/airflow/example_dags/example_sla_dag.py
[2023-10-28T08:19:29.123+0000] {processor.py:799} INFO - Processing file /usr/local/lib/python3.10/dist-packages/airflow/example_dags/example_sla_dag.py for tasks to queue
[2023-10-28T08:19:29.125+0000] {logging_mixin.py:149} INFO - [2023-10-28T08:19:29.125+0000] {dagbag.py:541} INFO - Filling up the DagBag from /usr/local/lib/python3.10/dist-packages/airflow/example_dags/example_sla_dag.py
[2023-10-28T08:19:29.147+0000] {processor.py:809} INFO - DAG(s) dict_keys(['example_sla_dag']) retrieved from /usr/local/lib/python3.10/dist-packages/airflow/example_dags/example_sla_dag.py
[2023-10-28T08:19:29.224+0000] {logging_mixin.py:149} INFO - [2023-10-28T08:19:29.223+0000] {dag.py:2726} INFO - Sync 1 DAGs
[2023-10-28T08:19:29.314+0000] {logging_mixin.py:149} INFO - [2023-10-28T08:19:29.314+0000] {dag.py:3486} INFO - Setting next_dagrun for example_sla_dag to 2023-10-28T08:16:00+00:00, run_after=2023-10-28T08:18:00+00:00
[2023-10-28T08:19:29.380+0000] {processor.py:178} INFO - Processing /usr/local/lib/python3.10/dist-packages/airflow/example_dags/example_sla_dag.py took 0.267 seconds
[2023-10-28T08:19:59.979+0000] {processor.py:156} INFO - Started process (PID=1502944) to work on /usr/local/lib/python3.10/dist-packages/airflow/example_dags/example_sla_dag.py
[2023-10-28T08:20:00.037+0000] {processor.py:799} INFO - Processing file /usr/local/lib/python3.10/dist-packages/airflow/example_dags/example_sla_dag.py for tasks to queue
[2023-10-28T08:20:00.039+0000] {logging_mixin.py:149} INFO - [2023-10-28T08:20:00.039+0000] {dagbag.py:541} INFO - Filling up the DagBag from /usr/local/lib/python3.10/dist-packages/airflow/example_dags/example_sla_dag.py
[2023-10-28T08:20:00.059+0000] {processor.py:809} INFO - DAG(s) dict_keys(['example_sla_dag']) retrieved from /usr/local/lib/python3.10/dist-packages/airflow/example_dags/example_sla_dag.py
[2023-10-28T08:20:00.135+0000] {logging_mixin.py:149} INFO - [2023-10-28T08:20:00.135+0000] {dag.py:2726} INFO - Sync 1 DAGs
[2023-10-28T08:20:00.222+0000] {logging_mixin.py:149} INFO - [2023-10-28T08:20:00.222+0000] {dag.py:3486} INFO - Setting next_dagrun for example_sla_dag to 2023-10-28T08:18:00+00:00, run_after=2023-10-28T08:20:00+00:00
[2023-10-28T08:20:00.321+0000] {processor.py:178} INFO - Processing /usr/local/lib/python3.10/dist-packages/airflow/example_dags/example_sla_dag.py took 0.350 seconds
[2023-10-28T08:20:30.633+0000] {processor.py:156} INFO - Started process (PID=1503466) to work on /usr/local/lib/python3.10/dist-packages/airflow/example_dags/example_sla_dag.py
[2023-10-28T08:20:30.636+0000] {processor.py:799} INFO - Processing file /usr/local/lib/python3.10/dist-packages/airflow/example_dags/example_sla_dag.py for tasks to queue
[2023-10-28T08:20:30.638+0000] {logging_mixin.py:149} INFO - [2023-10-28T08:20:30.637+0000] {dagbag.py:541} INFO - Filling up the DagBag from /usr/local/lib/python3.10/dist-packages/airflow/example_dags/example_sla_dag.py
[2023-10-28T08:20:30.658+0000] {processor.py:809} INFO - DAG(s) dict_keys(['example_sla_dag']) retrieved from /usr/local/lib/python3.10/dist-packages/airflow/example_dags/example_sla_dag.py
[2023-10-28T08:20:30.734+0000] {logging_mixin.py:149} INFO - [2023-10-28T08:20:30.734+0000] {dag.py:2726} INFO - Sync 1 DAGs
[2023-10-28T08:20:30.821+0000] {logging_mixin.py:149} INFO - [2023-10-28T08:20:30.821+0000] {dag.py:3486} INFO - Setting next_dagrun for example_sla_dag to 2023-10-28T08:18:00+00:00, run_after=2023-10-28T08:20:00+00:00
[2023-10-28T08:20:30.918+0000] {processor.py:178} INFO - Processing /usr/local/lib/python3.10/dist-packages/airflow/example_dags/example_sla_dag.py took 0.292 seconds
[2023-10-28T08:21:01.261+0000] {processor.py:156} INFO - Started process (PID=1503869) to work on /usr/local/lib/python3.10/dist-packages/airflow/example_dags/example_sla_dag.py
[2023-10-28T08:21:01.310+0000] {processor.py:799} INFO - Processing file /usr/local/lib/python3.10/dist-packages/airflow/example_dags/example_sla_dag.py for tasks to queue
[2023-10-28T08:21:01.312+0000] {logging_mixin.py:149} INFO - [2023-10-28T08:21:01.311+0000] {dagbag.py:541} INFO - Filling up the DagBag from /usr/local/lib/python3.10/dist-packages/airflow/example_dags/example_sla_dag.py
[2023-10-28T08:21:01.332+0000] {processor.py:809} INFO - DAG(s) dict_keys(['example_sla_dag']) retrieved from /usr/local/lib/python3.10/dist-packages/airflow/example_dags/example_sla_dag.py
[2023-10-28T08:21:01.418+0000] {logging_mixin.py:149} INFO - [2023-10-28T08:21:01.417+0000] {dag.py:2726} INFO - Sync 1 DAGs
[2023-10-28T08:21:01.505+0000] {logging_mixin.py:149} INFO - [2023-10-28T08:21:01.505+0000] {dag.py:3486} INFO - Setting next_dagrun for example_sla_dag to 2023-10-28T08:18:00+00:00, run_after=2023-10-28T08:20:00+00:00
[2023-10-28T08:21:01.606+0000] {processor.py:178} INFO - Processing /usr/local/lib/python3.10/dist-packages/airflow/example_dags/example_sla_dag.py took 0.353 seconds
[2023-10-28T08:21:32.082+0000] {processor.py:156} INFO - Started process (PID=1504499) to work on /usr/local/lib/python3.10/dist-packages/airflow/example_dags/example_sla_dag.py
[2023-10-28T08:21:32.084+0000] {processor.py:799} INFO - Processing file /usr/local/lib/python3.10/dist-packages/airflow/example_dags/example_sla_dag.py for tasks to queue
[2023-10-28T08:21:32.086+0000] {logging_mixin.py:149} INFO - [2023-10-28T08:21:32.085+0000] {dagbag.py:541} INFO - Filling up the DagBag from /usr/local/lib/python3.10/dist-packages/airflow/example_dags/example_sla_dag.py
[2023-10-28T08:21:32.106+0000] {processor.py:809} INFO - DAG(s) dict_keys(['example_sla_dag']) retrieved from /usr/local/lib/python3.10/dist-packages/airflow/example_dags/example_sla_dag.py
[2023-10-28T08:21:32.189+0000] {logging_mixin.py:149} INFO - [2023-10-28T08:21:32.189+0000] {dag.py:2726} INFO - Sync 1 DAGs
[2023-10-28T08:21:32.284+0000] {logging_mixin.py:149} INFO - [2023-10-28T08:21:32.283+0000] {dag.py:3486} INFO - Setting next_dagrun for example_sla_dag to 2023-10-28T08:18:00+00:00, run_after=2023-10-28T08:20:00+00:00
[2023-10-28T08:21:32.343+0000] {processor.py:178} INFO - Processing /usr/local/lib/python3.10/dist-packages/airflow/example_dags/example_sla_dag.py took 0.267 seconds
[2023-10-28T08:22:02.726+0000] {processor.py:156} INFO - Started process (PID=1505349) to work on /usr/local/lib/python3.10/dist-packages/airflow/example_dags/example_sla_dag.py
[2023-10-28T08:22:02.730+0000] {processor.py:799} INFO - Processing file /usr/local/lib/python3.10/dist-packages/airflow/example_dags/example_sla_dag.py for tasks to queue
[2023-10-28T08:22:02.732+0000] {logging_mixin.py:149} INFO - [2023-10-28T08:22:02.732+0000] {dagbag.py:541} INFO - Filling up the DagBag from /usr/local/lib/python3.10/dist-packages/airflow/example_dags/example_sla_dag.py
[2023-10-28T08:22:02.758+0000] {processor.py:809} INFO - DAG(s) dict_keys(['example_sla_dag']) retrieved from /usr/local/lib/python3.10/dist-packages/airflow/example_dags/example_sla_dag.py
[2023-10-28T08:22:02.847+0000] {logging_mixin.py:149} INFO - [2023-10-28T08:22:02.847+0000] {dag.py:2726} INFO - Sync 1 DAGs
[2023-10-28T08:22:02.950+0000] {logging_mixin.py:149} INFO - [2023-10-28T08:22:02.949+0000] {dag.py:3486} INFO - Setting next_dagrun for example_sla_dag to 2023-10-28T08:20:00+00:00, run_after=2023-10-28T08:22:00+00:00
[2023-10-28T08:22:03.012+0000] {processor.py:178} INFO - Processing /usr/local/lib/python3.10/dist-packages/airflow/example_dags/example_sla_dag.py took 0.302 seconds
[2023-10-28T08:22:33.168+0000] {processor.py:156} INFO - Started process (PID=1505822) to work on /usr/local/lib/python3.10/dist-packages/airflow/example_dags/example_sla_dag.py
[2023-10-28T08:22:33.208+0000] {processor.py:799} INFO - Processing file /usr/local/lib/python3.10/dist-packages/airflow/example_dags/example_sla_dag.py for tasks to queue
[2023-10-28T08:22:33.210+0000] {logging_mixin.py:149} INFO - [2023-10-28T08:22:33.210+0000] {dagbag.py:541} INFO - Filling up the DagBag from /usr/local/lib/python3.10/dist-packages/airflow/example_dags/example_sla_dag.py
[2023-10-28T08:22:33.231+0000] {processor.py:809} INFO - DAG(s) dict_keys(['example_sla_dag']) retrieved from /usr/local/lib/python3.10/dist-packages/airflow/example_dags/example_sla_dag.py
[2023-10-28T08:22:33.314+0000] {logging_mixin.py:149} INFO - [2023-10-28T08:22:33.314+0000] {dag.py:2726} INFO - Sync 1 DAGs
[2023-10-28T08:22:33.407+0000] {logging_mixin.py:149} INFO - [2023-10-28T08:22:33.406+0000] {dag.py:3486} INFO - Setting next_dagrun for example_sla_dag to 2023-10-28T08:20:00+00:00, run_after=2023-10-28T08:22:00+00:00
[2023-10-28T08:22:33.473+0000] {processor.py:178} INFO - Processing /usr/local/lib/python3.10/dist-packages/airflow/example_dags/example_sla_dag.py took 0.312 seconds
[2023-10-28T08:23:03.536+0000] {processor.py:156} INFO - Started process (PID=1506325) to work on /usr/local/lib/python3.10/dist-packages/airflow/example_dags/example_sla_dag.py
[2023-10-28T08:23:03.572+0000] {processor.py:799} INFO - Processing file /usr/local/lib/python3.10/dist-packages/airflow/example_dags/example_sla_dag.py for tasks to queue
[2023-10-28T08:23:03.574+0000] {logging_mixin.py:149} INFO - [2023-10-28T08:23:03.573+0000] {dagbag.py:541} INFO - Filling up the DagBag from /usr/local/lib/python3.10/dist-packages/airflow/example_dags/example_sla_dag.py
[2023-10-28T08:23:03.596+0000] {processor.py:809} INFO - DAG(s) dict_keys(['example_sla_dag']) retrieved from /usr/local/lib/python3.10/dist-packages/airflow/example_dags/example_sla_dag.py
[2023-10-28T08:23:03.677+0000] {logging_mixin.py:149} INFO - [2023-10-28T08:23:03.676+0000] {dag.py:2726} INFO - Sync 1 DAGs
[2023-10-28T08:23:03.764+0000] {logging_mixin.py:149} INFO - [2023-10-28T08:23:03.763+0000] {dag.py:3486} INFO - Setting next_dagrun for example_sla_dag to 2023-10-28T08:20:00+00:00, run_after=2023-10-28T08:22:00+00:00
[2023-10-28T08:23:03.863+0000] {processor.py:178} INFO - Processing /usr/local/lib/python3.10/dist-packages/airflow/example_dags/example_sla_dag.py took 0.334 seconds
[2023-10-28T08:23:34.316+0000] {processor.py:156} INFO - Started process (PID=1506834) to work on /usr/local/lib/python3.10/dist-packages/airflow/example_dags/example_sla_dag.py
[2023-10-28T08:23:34.317+0000] {processor.py:799} INFO - Processing file /usr/local/lib/python3.10/dist-packages/airflow/example_dags/example_sla_dag.py for tasks to queue
[2023-10-28T08:23:34.320+0000] {logging_mixin.py:149} INFO - [2023-10-28T08:23:34.319+0000] {dagbag.py:541} INFO - Filling up the DagBag from /usr/local/lib/python3.10/dist-packages/airflow/example_dags/example_sla_dag.py
[2023-10-28T08:23:34.340+0000] {processor.py:809} INFO - DAG(s) dict_keys(['example_sla_dag']) retrieved from /usr/local/lib/python3.10/dist-packages/airflow/example_dags/example_sla_dag.py
[2023-10-28T08:23:34.417+0000] {logging_mixin.py:149} INFO - [2023-10-28T08:23:34.417+0000] {dag.py:2726} INFO - Sync 1 DAGs
[2023-10-28T08:23:34.507+0000] {logging_mixin.py:149} INFO - [2023-10-28T08:23:34.506+0000] {dag.py:3486} INFO - Setting next_dagrun for example_sla_dag to 2023-10-28T08:20:00+00:00, run_after=2023-10-28T08:22:00+00:00
[2023-10-28T08:23:34.568+0000] {processor.py:178} INFO - Processing /usr/local/lib/python3.10/dist-packages/airflow/example_dags/example_sla_dag.py took 0.263 seconds
[2023-10-28T08:24:04.952+0000] {processor.py:156} INFO - Started process (PID=1507405) to work on /usr/local/lib/python3.10/dist-packages/airflow/example_dags/example_sla_dag.py
[2023-10-28T08:24:04.956+0000] {processor.py:799} INFO - Processing file /usr/local/lib/python3.10/dist-packages/airflow/example_dags/example_sla_dag.py for tasks to queue
[2023-10-28T08:24:04.958+0000] {logging_mixin.py:149} INFO - [2023-10-28T08:24:04.958+0000] {dagbag.py:541} INFO - Filling up the DagBag from /usr/local/lib/python3.10/dist-packages/airflow/example_dags/example_sla_dag.py
[2023-10-28T08:24:04.983+0000] {processor.py:809} INFO - DAG(s) dict_keys(['example_sla_dag']) retrieved from /usr/local/lib/python3.10/dist-packages/airflow/example_dags/example_sla_dag.py
[2023-10-28T08:24:05.065+0000] {logging_mixin.py:149} INFO - [2023-10-28T08:24:05.064+0000] {dag.py:2726} INFO - Sync 1 DAGs
[2023-10-28T08:24:05.156+0000] {logging_mixin.py:149} INFO - [2023-10-28T08:24:05.155+0000] {dag.py:3486} INFO - Setting next_dagrun for example_sla_dag to 2023-10-28T08:22:00+00:00, run_after=2023-10-28T08:24:00+00:00
[2023-10-28T08:24:05.255+0000] {processor.py:178} INFO - Processing /usr/local/lib/python3.10/dist-packages/airflow/example_dags/example_sla_dag.py took 0.311 seconds
[2023-10-28T08:24:35.825+0000] {processor.py:156} INFO - Started process (PID=1507976) to work on /usr/local/lib/python3.10/dist-packages/airflow/example_dags/example_sla_dag.py
[2023-10-28T08:24:35.828+0000] {processor.py:799} INFO - Processing file /usr/local/lib/python3.10/dist-packages/airflow/example_dags/example_sla_dag.py for tasks to queue
[2023-10-28T08:24:35.830+0000] {logging_mixin.py:149} INFO - [2023-10-28T08:24:35.830+0000] {dagbag.py:541} INFO - Filling up the DagBag from /usr/local/lib/python3.10/dist-packages/airflow/example_dags/example_sla_dag.py
[2023-10-28T08:24:35.850+0000] {processor.py:809} INFO - DAG(s) dict_keys(['example_sla_dag']) retrieved from /usr/local/lib/python3.10/dist-packages/airflow/example_dags/example_sla_dag.py
[2023-10-28T08:24:35.925+0000] {logging_mixin.py:149} INFO - [2023-10-28T08:24:35.924+0000] {dag.py:2726} INFO - Sync 1 DAGs
[2023-10-28T08:24:36.016+0000] {logging_mixin.py:149} INFO - [2023-10-28T08:24:36.015+0000] {dag.py:3486} INFO - Setting next_dagrun for example_sla_dag to 2023-10-28T08:22:00+00:00, run_after=2023-10-28T08:24:00+00:00
[2023-10-28T08:24:36.129+0000] {processor.py:178} INFO - Processing /usr/local/lib/python3.10/dist-packages/airflow/example_dags/example_sla_dag.py took 0.311 seconds
[2023-10-28T08:25:06.324+0000] {processor.py:156} INFO - Started process (PID=1508420) to work on /usr/local/lib/python3.10/dist-packages/airflow/example_dags/example_sla_dag.py
[2023-10-28T08:25:06.385+0000] {processor.py:799} INFO - Processing file /usr/local/lib/python3.10/dist-packages/airflow/example_dags/example_sla_dag.py for tasks to queue
[2023-10-28T08:25:06.387+0000] {logging_mixin.py:149} INFO - [2023-10-28T08:25:06.386+0000] {dagbag.py:541} INFO - Filling up the DagBag from /usr/local/lib/python3.10/dist-packages/airflow/example_dags/example_sla_dag.py
[2023-10-28T08:25:06.406+0000] {processor.py:809} INFO - DAG(s) dict_keys(['example_sla_dag']) retrieved from /usr/local/lib/python3.10/dist-packages/airflow/example_dags/example_sla_dag.py
[2023-10-28T08:25:06.483+0000] {logging_mixin.py:149} INFO - [2023-10-28T08:25:06.482+0000] {dag.py:2726} INFO - Sync 1 DAGs
[2023-10-28T08:25:06.585+0000] {logging_mixin.py:149} INFO - [2023-10-28T08:25:06.585+0000] {dag.py:3486} INFO - Setting next_dagrun for example_sla_dag to 2023-10-28T08:22:00+00:00, run_after=2023-10-28T08:24:00+00:00
[2023-10-28T08:25:06.652+0000] {processor.py:178} INFO - Processing /usr/local/lib/python3.10/dist-packages/airflow/example_dags/example_sla_dag.py took 0.335 seconds
[2023-10-28T08:25:37.035+0000] {processor.py:156} INFO - Started process (PID=1509223) to work on /usr/local/lib/python3.10/dist-packages/airflow/example_dags/example_sla_dag.py
[2023-10-28T08:25:37.065+0000] {processor.py:799} INFO - Processing file /usr/local/lib/python3.10/dist-packages/airflow/example_dags/example_sla_dag.py for tasks to queue
[2023-10-28T08:25:37.067+0000] {logging_mixin.py:149} INFO - [2023-10-28T08:25:37.066+0000] {dagbag.py:541} INFO - Filling up the DagBag from /usr/local/lib/python3.10/dist-packages/airflow/example_dags/example_sla_dag.py
[2023-10-28T08:25:37.089+0000] {processor.py:809} INFO - DAG(s) dict_keys(['example_sla_dag']) retrieved from /usr/local/lib/python3.10/dist-packages/airflow/example_dags/example_sla_dag.py
[2023-10-28T08:25:37.168+0000] {logging_mixin.py:149} INFO - [2023-10-28T08:25:37.167+0000] {dag.py:2726} INFO - Sync 1 DAGs
[2023-10-28T08:25:37.262+0000] {logging_mixin.py:149} INFO - [2023-10-28T08:25:37.261+0000] {dag.py:3486} INFO - Setting next_dagrun for example_sla_dag to 2023-10-28T08:22:00+00:00, run_after=2023-10-28T08:24:00+00:00
[2023-10-28T08:25:37.364+0000] {processor.py:178} INFO - Processing /usr/local/lib/python3.10/dist-packages/airflow/example_dags/example_sla_dag.py took 0.337 seconds
[2023-10-28T08:26:07.447+0000] {processor.py:156} INFO - Started process (PID=1509601) to work on /usr/local/lib/python3.10/dist-packages/airflow/example_dags/example_sla_dag.py
[2023-10-28T08:26:07.449+0000] {processor.py:799} INFO - Processing file /usr/local/lib/python3.10/dist-packages/airflow/example_dags/example_sla_dag.py for tasks to queue
[2023-10-28T08:26:07.452+0000] {logging_mixin.py:149} INFO - [2023-10-28T08:26:07.451+0000] {dagbag.py:541} INFO - Filling up the DagBag from /usr/local/lib/python3.10/dist-packages/airflow/example_dags/example_sla_dag.py
[2023-10-28T08:26:07.471+0000] {processor.py:809} INFO - DAG(s) dict_keys(['example_sla_dag']) retrieved from /usr/local/lib/python3.10/dist-packages/airflow/example_dags/example_sla_dag.py
[2023-10-28T08:26:07.548+0000] {logging_mixin.py:149} INFO - [2023-10-28T08:26:07.548+0000] {dag.py:2726} INFO - Sync 1 DAGs
[2023-10-28T08:26:07.634+0000] {logging_mixin.py:149} INFO - [2023-10-28T08:26:07.633+0000] {dag.py:3486} INFO - Setting next_dagrun for example_sla_dag to 2023-10-28T08:24:00+00:00, run_after=2023-10-28T08:26:00+00:00
[2023-10-28T08:26:07.695+0000] {processor.py:178} INFO - Processing /usr/local/lib/python3.10/dist-packages/airflow/example_dags/example_sla_dag.py took 0.257 seconds
[2023-10-28T08:26:38.134+0000] {processor.py:156} INFO - Started process (PID=1509960) to work on /usr/local/lib/python3.10/dist-packages/airflow/example_dags/example_sla_dag.py
[2023-10-28T08:26:38.136+0000] {processor.py:799} INFO - Processing file /usr/local/lib/python3.10/dist-packages/airflow/example_dags/example_sla_dag.py for tasks to queue
[2023-10-28T08:26:38.139+0000] {logging_mixin.py:149} INFO - [2023-10-28T08:26:38.138+0000] {dagbag.py:541} INFO - Filling up the DagBag from /usr/local/lib/python3.10/dist-packages/airflow/example_dags/example_sla_dag.py
[2023-10-28T08:26:38.159+0000] {processor.py:809} INFO - DAG(s) dict_keys(['example_sla_dag']) retrieved from /usr/local/lib/python3.10/dist-packages/airflow/example_dags/example_sla_dag.py
[2023-10-28T08:26:38.236+0000] {logging_mixin.py:149} INFO - [2023-10-28T08:26:38.236+0000] {dag.py:2726} INFO - Sync 1 DAGs
[2023-10-28T08:26:38.337+0000] {logging_mixin.py:149} INFO - [2023-10-28T08:26:38.336+0000] {dag.py:3486} INFO - Setting next_dagrun for example_sla_dag to 2023-10-28T08:24:00+00:00, run_after=2023-10-28T08:26:00+00:00
[2023-10-28T08:26:38.445+0000] {processor.py:178} INFO - Processing /usr/local/lib/python3.10/dist-packages/airflow/example_dags/example_sla_dag.py took 0.319 seconds
[2023-10-28T08:27:09.034+0000] {processor.py:156} INFO - Started process (PID=1510481) to work on /usr/local/lib/python3.10/dist-packages/airflow/example_dags/example_sla_dag.py
[2023-10-28T08:27:09.036+0000] {processor.py:799} INFO - Processing file /usr/local/lib/python3.10/dist-packages/airflow/example_dags/example_sla_dag.py for tasks to queue
[2023-10-28T08:27:09.038+0000] {logging_mixin.py:149} INFO - [2023-10-28T08:27:09.038+0000] {dagbag.py:541} INFO - Filling up the DagBag from /usr/local/lib/python3.10/dist-packages/airflow/example_dags/example_sla_dag.py
[2023-10-28T08:27:09.059+0000] {processor.py:809} INFO - DAG(s) dict_keys(['example_sla_dag']) retrieved from /usr/local/lib/python3.10/dist-packages/airflow/example_dags/example_sla_dag.py
[2023-10-28T08:27:09.134+0000] {logging_mixin.py:149} INFO - [2023-10-28T08:27:09.134+0000] {dag.py:2726} INFO - Sync 1 DAGs
[2023-10-28T08:27:09.231+0000] {logging_mixin.py:149} INFO - [2023-10-28T08:27:09.231+0000] {dag.py:3486} INFO - Setting next_dagrun for example_sla_dag to 2023-10-28T08:24:00+00:00, run_after=2023-10-28T08:26:00+00:00
[2023-10-28T08:27:09.300+0000] {processor.py:178} INFO - Processing /usr/local/lib/python3.10/dist-packages/airflow/example_dags/example_sla_dag.py took 0.275 seconds
[2023-10-28T08:27:39.919+0000] {processor.py:156} INFO - Started process (PID=1510903) to work on /usr/local/lib/python3.10/dist-packages/airflow/example_dags/example_sla_dag.py
[2023-10-28T08:27:39.921+0000] {processor.py:799} INFO - Processing file /usr/local/lib/python3.10/dist-packages/airflow/example_dags/example_sla_dag.py for tasks to queue
[2023-10-28T08:27:39.923+0000] {logging_mixin.py:149} INFO - [2023-10-28T08:27:39.922+0000] {dagbag.py:541} INFO - Filling up the DagBag from /usr/local/lib/python3.10/dist-packages/airflow/example_dags/example_sla_dag.py
[2023-10-28T08:27:39.943+0000] {processor.py:809} INFO - DAG(s) dict_keys(['example_sla_dag']) retrieved from /usr/local/lib/python3.10/dist-packages/airflow/example_dags/example_sla_dag.py
[2023-10-28T08:27:40.022+0000] {logging_mixin.py:149} INFO - [2023-10-28T08:27:40.021+0000] {dag.py:2726} INFO - Sync 1 DAGs
[2023-10-28T08:27:40.106+0000] {logging_mixin.py:149} INFO - [2023-10-28T08:27:40.106+0000] {dag.py:3486} INFO - Setting next_dagrun for example_sla_dag to 2023-10-28T08:24:00+00:00, run_after=2023-10-28T08:26:00+00:00
[2023-10-28T08:27:40.174+0000] {processor.py:178} INFO - Processing /usr/local/lib/python3.10/dist-packages/airflow/example_dags/example_sla_dag.py took 0.263 seconds
[2023-10-28T08:28:10.507+0000] {processor.py:156} INFO - Started process (PID=1511287) to work on /usr/local/lib/python3.10/dist-packages/airflow/example_dags/example_sla_dag.py
[2023-10-28T08:28:10.547+0000] {processor.py:799} INFO - Processing file /usr/local/lib/python3.10/dist-packages/airflow/example_dags/example_sla_dag.py for tasks to queue
[2023-10-28T08:28:10.550+0000] {logging_mixin.py:149} INFO - [2023-10-28T08:28:10.549+0000] {dagbag.py:541} INFO - Filling up the DagBag from /usr/local/lib/python3.10/dist-packages/airflow/example_dags/example_sla_dag.py
[2023-10-28T08:28:10.572+0000] {processor.py:809} INFO - DAG(s) dict_keys(['example_sla_dag']) retrieved from /usr/local/lib/python3.10/dist-packages/airflow/example_dags/example_sla_dag.py
[2023-10-28T08:28:10.660+0000] {logging_mixin.py:149} INFO - [2023-10-28T08:28:10.659+0000] {dag.py:2726} INFO - Sync 1 DAGs
[2023-10-28T08:28:10.749+0000] {logging_mixin.py:149} INFO - [2023-10-28T08:28:10.748+0000] {dag.py:3486} INFO - Setting next_dagrun for example_sla_dag to 2023-10-28T08:26:00+00:00, run_after=2023-10-28T08:28:00+00:00
[2023-10-28T08:28:10.858+0000] {processor.py:178} INFO - Processing /usr/local/lib/python3.10/dist-packages/airflow/example_dags/example_sla_dag.py took 0.359 seconds
[2023-10-28T08:28:41.049+0000] {processor.py:156} INFO - Started process (PID=1511643) to work on /usr/local/lib/python3.10/dist-packages/airflow/example_dags/example_sla_dag.py
[2023-10-28T08:28:41.089+0000] {processor.py:799} INFO - Processing file /usr/local/lib/python3.10/dist-packages/airflow/example_dags/example_sla_dag.py for tasks to queue
[2023-10-28T08:28:41.090+0000] {logging_mixin.py:149} INFO - [2023-10-28T08:28:41.090+0000] {dagbag.py:541} INFO - Filling up the DagBag from /usr/local/lib/python3.10/dist-packages/airflow/example_dags/example_sla_dag.py
[2023-10-28T08:28:41.111+0000] {processor.py:809} INFO - DAG(s) dict_keys(['example_sla_dag']) retrieved from /usr/local/lib/python3.10/dist-packages/airflow/example_dags/example_sla_dag.py
[2023-10-28T08:28:41.197+0000] {logging_mixin.py:149} INFO - [2023-10-28T08:28:41.196+0000] {dag.py:2726} INFO - Sync 1 DAGs
[2023-10-28T08:28:41.283+0000] {logging_mixin.py:149} INFO - [2023-10-28T08:28:41.283+0000] {dag.py:3486} INFO - Setting next_dagrun for example_sla_dag to 2023-10-28T08:26:00+00:00, run_after=2023-10-28T08:28:00+00:00
[2023-10-28T08:28:41.389+0000] {processor.py:178} INFO - Processing /usr/local/lib/python3.10/dist-packages/airflow/example_dags/example_sla_dag.py took 0.346 seconds
[2023-10-28T08:29:11.735+0000] {processor.py:156} INFO - Started process (PID=1512039) to work on /usr/local/lib/python3.10/dist-packages/airflow/example_dags/example_sla_dag.py
[2023-10-28T08:29:11.773+0000] {processor.py:799} INFO - Processing file /usr/local/lib/python3.10/dist-packages/airflow/example_dags/example_sla_dag.py for tasks to queue
[2023-10-28T08:29:11.775+0000] {logging_mixin.py:149} INFO - [2023-10-28T08:29:11.775+0000] {dagbag.py:541} INFO - Filling up the DagBag from /usr/local/lib/python3.10/dist-packages/airflow/example_dags/example_sla_dag.py
[2023-10-28T08:29:11.796+0000] {processor.py:809} INFO - DAG(s) dict_keys(['example_sla_dag']) retrieved from /usr/local/lib/python3.10/dist-packages/airflow/example_dags/example_sla_dag.py
[2023-10-28T08:29:11.884+0000] {logging_mixin.py:149} INFO - [2023-10-28T08:29:11.884+0000] {dag.py:2726} INFO - Sync 1 DAGs
[2023-10-28T08:29:11.974+0000] {logging_mixin.py:149} INFO - [2023-10-28T08:29:11.973+0000] {dag.py:3486} INFO - Setting next_dagrun for example_sla_dag to 2023-10-28T08:26:00+00:00, run_after=2023-10-28T08:28:00+00:00
[2023-10-28T08:29:12.068+0000] {processor.py:178} INFO - Processing /usr/local/lib/python3.10/dist-packages/airflow/example_dags/example_sla_dag.py took 0.340 seconds
[2023-10-28T08:29:42.187+0000] {processor.py:156} INFO - Started process (PID=1512396) to work on /usr/local/lib/python3.10/dist-packages/airflow/example_dags/example_sla_dag.py
[2023-10-28T08:29:42.241+0000] {processor.py:799} INFO - Processing file /usr/local/lib/python3.10/dist-packages/airflow/example_dags/example_sla_dag.py for tasks to queue
[2023-10-28T08:29:42.244+0000] {logging_mixin.py:149} INFO - [2023-10-28T08:29:42.243+0000] {dagbag.py:541} INFO - Filling up the DagBag from /usr/local/lib/python3.10/dist-packages/airflow/example_dags/example_sla_dag.py
[2023-10-28T08:29:42.269+0000] {processor.py:809} INFO - DAG(s) dict_keys(['example_sla_dag']) retrieved from /usr/local/lib/python3.10/dist-packages/airflow/example_dags/example_sla_dag.py
[2023-10-28T08:29:42.348+0000] {logging_mixin.py:149} INFO - [2023-10-28T08:29:42.347+0000] {dag.py:2726} INFO - Sync 1 DAGs
[2023-10-28T08:29:42.433+0000] {logging_mixin.py:149} INFO - [2023-10-28T08:29:42.432+0000] {dag.py:3486} INFO - Setting next_dagrun for example_sla_dag to 2023-10-28T08:26:00+00:00, run_after=2023-10-28T08:28:00+00:00
[2023-10-28T08:29:42.532+0000] {processor.py:178} INFO - Processing /usr/local/lib/python3.10/dist-packages/airflow/example_dags/example_sla_dag.py took 0.353 seconds
[2023-10-28T08:30:12.655+0000] {processor.py:156} INFO - Started process (PID=1512774) to work on /usr/local/lib/python3.10/dist-packages/airflow/example_dags/example_sla_dag.py
[2023-10-28T08:30:12.708+0000] {processor.py:799} INFO - Processing file /usr/local/lib/python3.10/dist-packages/airflow/example_dags/example_sla_dag.py for tasks to queue
[2023-10-28T08:30:12.710+0000] {logging_mixin.py:149} INFO - [2023-10-28T08:30:12.709+0000] {dagbag.py:541} INFO - Filling up the DagBag from /usr/local/lib/python3.10/dist-packages/airflow/example_dags/example_sla_dag.py
[2023-10-28T08:30:12.729+0000] {processor.py:809} INFO - DAG(s) dict_keys(['example_sla_dag']) retrieved from /usr/local/lib/python3.10/dist-packages/airflow/example_dags/example_sla_dag.py
[2023-10-28T08:30:12.809+0000] {logging_mixin.py:149} INFO - [2023-10-28T08:30:12.809+0000] {dag.py:2726} INFO - Sync 1 DAGs
[2023-10-28T08:30:12.895+0000] {logging_mixin.py:149} INFO - [2023-10-28T08:30:12.895+0000] {dag.py:3486} INFO - Setting next_dagrun for example_sla_dag to 2023-10-28T08:28:00+00:00, run_after=2023-10-28T08:30:00+00:00
[2023-10-28T08:30:13.001+0000] {processor.py:178} INFO - Processing /usr/local/lib/python3.10/dist-packages/airflow/example_dags/example_sla_dag.py took 0.354 seconds
[2023-10-28T08:30:43.536+0000] {processor.py:156} INFO - Started process (PID=1513390) to work on /usr/local/lib/python3.10/dist-packages/airflow/example_dags/example_sla_dag.py
[2023-10-28T08:30:43.598+0000] {processor.py:799} INFO - Processing file /usr/local/lib/python3.10/dist-packages/airflow/example_dags/example_sla_dag.py for tasks to queue
[2023-10-28T08:30:43.600+0000] {logging_mixin.py:149} INFO - [2023-10-28T08:30:43.599+0000] {dagbag.py:541} INFO - Filling up the DagBag from /usr/local/lib/python3.10/dist-packages/airflow/example_dags/example_sla_dag.py
[2023-10-28T08:30:43.620+0000] {processor.py:809} INFO - DAG(s) dict_keys(['example_sla_dag']) retrieved from /usr/local/lib/python3.10/dist-packages/airflow/example_dags/example_sla_dag.py
[2023-10-28T08:30:43.713+0000] {logging_mixin.py:149} INFO - [2023-10-28T08:30:43.712+0000] {dag.py:2726} INFO - Sync 1 DAGs
[2023-10-28T08:30:43.804+0000] {logging_mixin.py:149} INFO - [2023-10-28T08:30:43.803+0000] {dag.py:3486} INFO - Setting next_dagrun for example_sla_dag to 2023-10-28T08:28:00+00:00, run_after=2023-10-28T08:30:00+00:00
[2023-10-28T08:30:43.914+0000] {processor.py:178} INFO - Processing /usr/local/lib/python3.10/dist-packages/airflow/example_dags/example_sla_dag.py took 0.386 seconds
[2023-10-28T08:31:14.840+0000] {processor.py:156} INFO - Started process (PID=1513826) to work on /usr/local/lib/python3.10/dist-packages/airflow/example_dags/example_sla_dag.py
[2023-10-28T08:31:14.841+0000] {processor.py:799} INFO - Processing file /usr/local/lib/python3.10/dist-packages/airflow/example_dags/example_sla_dag.py for tasks to queue
[2023-10-28T08:31:14.843+0000] {logging_mixin.py:149} INFO - [2023-10-28T08:31:14.843+0000] {dagbag.py:541} INFO - Filling up the DagBag from /usr/local/lib/python3.10/dist-packages/airflow/example_dags/example_sla_dag.py
[2023-10-28T08:31:14.864+0000] {processor.py:809} INFO - DAG(s) dict_keys(['example_sla_dag']) retrieved from /usr/local/lib/python3.10/dist-packages/airflow/example_dags/example_sla_dag.py
[2023-10-28T08:31:14.937+0000] {logging_mixin.py:149} INFO - [2023-10-28T08:31:14.937+0000] {dag.py:2726} INFO - Sync 1 DAGs
[2023-10-28T08:31:15.029+0000] {logging_mixin.py:149} INFO - [2023-10-28T08:31:15.028+0000] {dag.py:3486} INFO - Setting next_dagrun for example_sla_dag to 2023-10-28T08:28:00+00:00, run_after=2023-10-28T08:30:00+00:00
[2023-10-28T08:31:15.147+0000] {processor.py:178} INFO - Processing /usr/local/lib/python3.10/dist-packages/airflow/example_dags/example_sla_dag.py took 0.315 seconds
[2023-10-28T08:31:45.546+0000] {processor.py:156} INFO - Started process (PID=1514401) to work on /usr/local/lib/python3.10/dist-packages/airflow/example_dags/example_sla_dag.py
[2023-10-28T08:31:45.548+0000] {processor.py:799} INFO - Processing file /usr/local/lib/python3.10/dist-packages/airflow/example_dags/example_sla_dag.py for tasks to queue
[2023-10-28T08:31:45.550+0000] {logging_mixin.py:149} INFO - [2023-10-28T08:31:45.549+0000] {dagbag.py:541} INFO - Filling up the DagBag from /usr/local/lib/python3.10/dist-packages/airflow/example_dags/example_sla_dag.py
[2023-10-28T08:31:45.572+0000] {processor.py:809} INFO - DAG(s) dict_keys(['example_sla_dag']) retrieved from /usr/local/lib/python3.10/dist-packages/airflow/example_dags/example_sla_dag.py
[2023-10-28T08:31:45.648+0000] {logging_mixin.py:149} INFO - [2023-10-28T08:31:45.647+0000] {dag.py:2726} INFO - Sync 1 DAGs
[2023-10-28T08:31:45.733+0000] {logging_mixin.py:149} INFO - [2023-10-28T08:31:45.732+0000] {dag.py:3486} INFO - Setting next_dagrun for example_sla_dag to 2023-10-28T08:28:00+00:00, run_after=2023-10-28T08:30:00+00:00
[2023-10-28T08:31:45.823+0000] {processor.py:178} INFO - Processing /usr/local/lib/python3.10/dist-packages/airflow/example_dags/example_sla_dag.py took 0.285 seconds
[2023-10-28T08:32:16.873+0000] {processor.py:156} INFO - Started process (PID=1515056) to work on /usr/local/lib/python3.10/dist-packages/airflow/example_dags/example_sla_dag.py
[2023-10-28T08:32:16.906+0000] {processor.py:799} INFO - Processing file /usr/local/lib/python3.10/dist-packages/airflow/example_dags/example_sla_dag.py for tasks to queue
[2023-10-28T08:32:16.908+0000] {logging_mixin.py:149} INFO - [2023-10-28T08:32:16.907+0000] {dagbag.py:541} INFO - Filling up the DagBag from /usr/local/lib/python3.10/dist-packages/airflow/example_dags/example_sla_dag.py
[2023-10-28T08:32:16.934+0000] {processor.py:809} INFO - DAG(s) dict_keys(['example_sla_dag']) retrieved from /usr/local/lib/python3.10/dist-packages/airflow/example_dags/example_sla_dag.py
[2023-10-28T08:32:17.021+0000] {logging_mixin.py:149} INFO - [2023-10-28T08:32:17.021+0000] {dag.py:2726} INFO - Sync 1 DAGs
[2023-10-28T08:32:17.117+0000] {logging_mixin.py:149} INFO - [2023-10-28T08:32:17.117+0000] {dag.py:3486} INFO - Setting next_dagrun for example_sla_dag to 2023-10-28T08:30:00+00:00, run_after=2023-10-28T08:32:00+00:00
[2023-10-28T08:32:17.197+0000] {processor.py:178} INFO - Processing /usr/local/lib/python3.10/dist-packages/airflow/example_dags/example_sla_dag.py took 0.331 seconds
[2023-10-28T08:32:47.296+0000] {processor.py:156} INFO - Started process (PID=1515639) to work on /usr/local/lib/python3.10/dist-packages/airflow/example_dags/example_sla_dag.py
[2023-10-28T08:32:47.332+0000] {processor.py:799} INFO - Processing file /usr/local/lib/python3.10/dist-packages/airflow/example_dags/example_sla_dag.py for tasks to queue
[2023-10-28T08:32:47.334+0000] {logging_mixin.py:149} INFO - [2023-10-28T08:32:47.334+0000] {dagbag.py:541} INFO - Filling up the DagBag from /usr/local/lib/python3.10/dist-packages/airflow/example_dags/example_sla_dag.py
[2023-10-28T08:32:47.354+0000] {processor.py:809} INFO - DAG(s) dict_keys(['example_sla_dag']) retrieved from /usr/local/lib/python3.10/dist-packages/airflow/example_dags/example_sla_dag.py
[2023-10-28T08:32:47.435+0000] {logging_mixin.py:149} INFO - [2023-10-28T08:32:47.434+0000] {dag.py:2726} INFO - Sync 1 DAGs
[2023-10-28T08:32:47.527+0000] {logging_mixin.py:149} INFO - [2023-10-28T08:32:47.526+0000] {dag.py:3486} INFO - Setting next_dagrun for example_sla_dag to 2023-10-28T08:30:00+00:00, run_after=2023-10-28T08:32:00+00:00
[2023-10-28T08:32:47.600+0000] {processor.py:178} INFO - Processing /usr/local/lib/python3.10/dist-packages/airflow/example_dags/example_sla_dag.py took 0.311 seconds
[2023-10-28T08:33:18.108+0000] {processor.py:156} INFO - Started process (PID=1516136) to work on /usr/local/lib/python3.10/dist-packages/airflow/example_dags/example_sla_dag.py
[2023-10-28T08:33:18.110+0000] {processor.py:799} INFO - Processing file /usr/local/lib/python3.10/dist-packages/airflow/example_dags/example_sla_dag.py for tasks to queue
[2023-10-28T08:33:18.111+0000] {logging_mixin.py:149} INFO - [2023-10-28T08:33:18.111+0000] {dagbag.py:541} INFO - Filling up the DagBag from /usr/local/lib/python3.10/dist-packages/airflow/example_dags/example_sla_dag.py
[2023-10-28T08:33:18.132+0000] {processor.py:809} INFO - DAG(s) dict_keys(['example_sla_dag']) retrieved from /usr/local/lib/python3.10/dist-packages/airflow/example_dags/example_sla_dag.py
[2023-10-28T08:33:18.211+0000] {logging_mixin.py:149} INFO - [2023-10-28T08:33:18.211+0000] {dag.py:2726} INFO - Sync 1 DAGs
[2023-10-28T08:33:18.300+0000] {logging_mixin.py:149} INFO - [2023-10-28T08:33:18.299+0000] {dag.py:3486} INFO - Setting next_dagrun for example_sla_dag to 2023-10-28T08:30:00+00:00, run_after=2023-10-28T08:32:00+00:00
[2023-10-28T08:33:18.392+0000] {processor.py:178} INFO - Processing /usr/local/lib/python3.10/dist-packages/airflow/example_dags/example_sla_dag.py took 0.293 seconds
[2023-10-28T08:33:48.845+0000] {processor.py:156} INFO - Started process (PID=1516490) to work on /usr/local/lib/python3.10/dist-packages/airflow/example_dags/example_sla_dag.py
[2023-10-28T08:33:48.873+0000] {processor.py:799} INFO - Processing file /usr/local/lib/python3.10/dist-packages/airflow/example_dags/example_sla_dag.py for tasks to queue
[2023-10-28T08:33:48.875+0000] {logging_mixin.py:149} INFO - [2023-10-28T08:33:48.875+0000] {dagbag.py:541} INFO - Filling up the DagBag from /usr/local/lib/python3.10/dist-packages/airflow/example_dags/example_sla_dag.py
[2023-10-28T08:33:48.896+0000] {processor.py:809} INFO - DAG(s) dict_keys(['example_sla_dag']) retrieved from /usr/local/lib/python3.10/dist-packages/airflow/example_dags/example_sla_dag.py
[2023-10-28T08:33:48.979+0000] {logging_mixin.py:149} INFO - [2023-10-28T08:33:48.978+0000] {dag.py:2726} INFO - Sync 1 DAGs
[2023-10-28T08:33:49.070+0000] {logging_mixin.py:149} INFO - [2023-10-28T08:33:49.070+0000] {dag.py:3486} INFO - Setting next_dagrun for example_sla_dag to 2023-10-28T08:30:00+00:00, run_after=2023-10-28T08:32:00+00:00
[2023-10-28T08:33:49.175+0000] {processor.py:178} INFO - Processing /usr/local/lib/python3.10/dist-packages/airflow/example_dags/example_sla_dag.py took 0.337 seconds
[2023-10-28T08:34:19.447+0000] {processor.py:156} INFO - Started process (PID=1516888) to work on /usr/local/lib/python3.10/dist-packages/airflow/example_dags/example_sla_dag.py
[2023-10-28T08:34:19.449+0000] {processor.py:799} INFO - Processing file /usr/local/lib/python3.10/dist-packages/airflow/example_dags/example_sla_dag.py for tasks to queue
[2023-10-28T08:34:19.451+0000] {logging_mixin.py:149} INFO - [2023-10-28T08:34:19.451+0000] {dagbag.py:541} INFO - Filling up the DagBag from /usr/local/lib/python3.10/dist-packages/airflow/example_dags/example_sla_dag.py
[2023-10-28T08:34:19.474+0000] {processor.py:809} INFO - DAG(s) dict_keys(['example_sla_dag']) retrieved from /usr/local/lib/python3.10/dist-packages/airflow/example_dags/example_sla_dag.py
[2023-10-28T08:34:19.553+0000] {logging_mixin.py:149} INFO - [2023-10-28T08:34:19.552+0000] {dag.py:2726} INFO - Sync 1 DAGs
[2023-10-28T08:34:19.647+0000] {logging_mixin.py:149} INFO - [2023-10-28T08:34:19.646+0000] {dag.py:3486} INFO - Setting next_dagrun for example_sla_dag to 2023-10-28T08:32:00+00:00, run_after=2023-10-28T08:34:00+00:00
[2023-10-28T08:34:19.767+0000] {processor.py:178} INFO - Processing /usr/local/lib/python3.10/dist-packages/airflow/example_dags/example_sla_dag.py took 0.328 seconds
[2023-10-28T08:34:50.281+0000] {processor.py:156} INFO - Started process (PID=1517240) to work on /usr/local/lib/python3.10/dist-packages/airflow/example_dags/example_sla_dag.py
[2023-10-28T08:34:50.284+0000] {processor.py:799} INFO - Processing file /usr/local/lib/python3.10/dist-packages/airflow/example_dags/example_sla_dag.py for tasks to queue
[2023-10-28T08:34:50.287+0000] {logging_mixin.py:149} INFO - [2023-10-28T08:34:50.286+0000] {dagbag.py:541} INFO - Filling up the DagBag from /usr/local/lib/python3.10/dist-packages/airflow/example_dags/example_sla_dag.py
[2023-10-28T08:34:50.310+0000] {processor.py:809} INFO - DAG(s) dict_keys(['example_sla_dag']) retrieved from /usr/local/lib/python3.10/dist-packages/airflow/example_dags/example_sla_dag.py
[2023-10-28T08:34:50.380+0000] {logging_mixin.py:149} INFO - [2023-10-28T08:34:50.380+0000] {dag.py:2726} INFO - Sync 1 DAGs
[2023-10-28T08:34:50.469+0000] {logging_mixin.py:149} INFO - [2023-10-28T08:34:50.468+0000] {dag.py:3486} INFO - Setting next_dagrun for example_sla_dag to 2023-10-28T08:32:00+00:00, run_after=2023-10-28T08:34:00+00:00
[2023-10-28T08:34:50.534+0000] {processor.py:178} INFO - Processing /usr/local/lib/python3.10/dist-packages/airflow/example_dags/example_sla_dag.py took 0.261 seconds
[2023-10-28T08:35:21.335+0000] {processor.py:156} INFO - Started process (PID=1517795) to work on /usr/local/lib/python3.10/dist-packages/airflow/example_dags/example_sla_dag.py
[2023-10-28T08:35:21.339+0000] {processor.py:799} INFO - Processing file /usr/local/lib/python3.10/dist-packages/airflow/example_dags/example_sla_dag.py for tasks to queue
[2023-10-28T08:35:21.341+0000] {logging_mixin.py:149} INFO - [2023-10-28T08:35:21.340+0000] {dagbag.py:541} INFO - Filling up the DagBag from /usr/local/lib/python3.10/dist-packages/airflow/example_dags/example_sla_dag.py
[2023-10-28T08:35:21.364+0000] {processor.py:809} INFO - DAG(s) dict_keys(['example_sla_dag']) retrieved from /usr/local/lib/python3.10/dist-packages/airflow/example_dags/example_sla_dag.py
[2023-10-28T08:35:21.440+0000] {logging_mixin.py:149} INFO - [2023-10-28T08:35:21.440+0000] {dag.py:2726} INFO - Sync 1 DAGs
[2023-10-28T08:35:21.534+0000] {logging_mixin.py:149} INFO - [2023-10-28T08:35:21.534+0000] {dag.py:3486} INFO - Setting next_dagrun for example_sla_dag to 2023-10-28T08:32:00+00:00, run_after=2023-10-28T08:34:00+00:00
[2023-10-28T08:35:21.659+0000] {processor.py:178} INFO - Processing /usr/local/lib/python3.10/dist-packages/airflow/example_dags/example_sla_dag.py took 0.332 seconds
[2023-10-28T08:35:51.751+0000] {processor.py:156} INFO - Started process (PID=1518259) to work on /usr/local/lib/python3.10/dist-packages/airflow/example_dags/example_sla_dag.py
[2023-10-28T08:35:51.753+0000] {processor.py:799} INFO - Processing file /usr/local/lib/python3.10/dist-packages/airflow/example_dags/example_sla_dag.py for tasks to queue
[2023-10-28T08:35:51.755+0000] {logging_mixin.py:149} INFO - [2023-10-28T08:35:51.754+0000] {dagbag.py:541} INFO - Filling up the DagBag from /usr/local/lib/python3.10/dist-packages/airflow/example_dags/example_sla_dag.py
[2023-10-28T08:35:51.776+0000] {processor.py:809} INFO - DAG(s) dict_keys(['example_sla_dag']) retrieved from /usr/local/lib/python3.10/dist-packages/airflow/example_dags/example_sla_dag.py
[2023-10-28T08:35:51.852+0000] {logging_mixin.py:149} INFO - [2023-10-28T08:35:51.852+0000] {dag.py:2726} INFO - Sync 1 DAGs
[2023-10-28T08:35:51.940+0000] {logging_mixin.py:149} INFO - [2023-10-28T08:35:51.939+0000] {dag.py:3486} INFO - Setting next_dagrun for example_sla_dag to 2023-10-28T08:32:00+00:00, run_after=2023-10-28T08:34:00+00:00
[2023-10-28T08:35:52.043+0000] {processor.py:178} INFO - Processing /usr/local/lib/python3.10/dist-packages/airflow/example_dags/example_sla_dag.py took 0.300 seconds
[2023-10-28T08:36:22.226+0000] {processor.py:156} INFO - Started process (PID=1518644) to work on /usr/local/lib/python3.10/dist-packages/airflow/example_dags/example_sla_dag.py
[2023-10-28T08:36:22.228+0000] {processor.py:799} INFO - Processing file /usr/local/lib/python3.10/dist-packages/airflow/example_dags/example_sla_dag.py for tasks to queue
[2023-10-28T08:36:22.230+0000] {logging_mixin.py:149} INFO - [2023-10-28T08:36:22.230+0000] {dagbag.py:541} INFO - Filling up the DagBag from /usr/local/lib/python3.10/dist-packages/airflow/example_dags/example_sla_dag.py
[2023-10-28T08:36:22.250+0000] {processor.py:809} INFO - DAG(s) dict_keys(['example_sla_dag']) retrieved from /usr/local/lib/python3.10/dist-packages/airflow/example_dags/example_sla_dag.py
[2023-10-28T08:36:22.323+0000] {logging_mixin.py:149} INFO - [2023-10-28T08:36:22.323+0000] {dag.py:2726} INFO - Sync 1 DAGs
[2023-10-28T08:36:22.409+0000] {logging_mixin.py:149} INFO - [2023-10-28T08:36:22.409+0000] {dag.py:3486} INFO - Setting next_dagrun for example_sla_dag to 2023-10-28T08:34:00+00:00, run_after=2023-10-28T08:36:00+00:00
[2023-10-28T08:36:22.511+0000] {processor.py:178} INFO - Processing /usr/local/lib/python3.10/dist-packages/airflow/example_dags/example_sla_dag.py took 0.292 seconds
[2023-10-28T08:36:52.639+0000] {processor.py:156} INFO - Started process (PID=1518995) to work on /usr/local/lib/python3.10/dist-packages/airflow/example_dags/example_sla_dag.py
[2023-10-28T08:36:52.640+0000] {processor.py:799} INFO - Processing file /usr/local/lib/python3.10/dist-packages/airflow/example_dags/example_sla_dag.py for tasks to queue
[2023-10-28T08:36:52.643+0000] {logging_mixin.py:149} INFO - [2023-10-28T08:36:52.642+0000] {dagbag.py:541} INFO - Filling up the DagBag from /usr/local/lib/python3.10/dist-packages/airflow/example_dags/example_sla_dag.py
[2023-10-28T08:36:52.663+0000] {processor.py:809} INFO - DAG(s) dict_keys(['example_sla_dag']) retrieved from /usr/local/lib/python3.10/dist-packages/airflow/example_dags/example_sla_dag.py
[2023-10-28T08:36:52.740+0000] {logging_mixin.py:149} INFO - [2023-10-28T08:36:52.739+0000] {dag.py:2726} INFO - Sync 1 DAGs
[2023-10-28T08:36:52.838+0000] {logging_mixin.py:149} INFO - [2023-10-28T08:36:52.837+0000] {dag.py:3486} INFO - Setting next_dagrun for example_sla_dag to 2023-10-28T08:34:00+00:00, run_after=2023-10-28T08:36:00+00:00
[2023-10-28T08:36:52.903+0000] {processor.py:178} INFO - Processing /usr/local/lib/python3.10/dist-packages/airflow/example_dags/example_sla_dag.py took 0.273 seconds
[2023-10-28T08:37:23.268+0000] {processor.py:156} INFO - Started process (PID=1519501) to work on /usr/local/lib/python3.10/dist-packages/airflow/example_dags/example_sla_dag.py
[2023-10-28T08:37:23.271+0000] {processor.py:799} INFO - Processing file /usr/local/lib/python3.10/dist-packages/airflow/example_dags/example_sla_dag.py for tasks to queue
[2023-10-28T08:37:23.273+0000] {logging_mixin.py:149} INFO - [2023-10-28T08:37:23.272+0000] {dagbag.py:541} INFO - Filling up the DagBag from /usr/local/lib/python3.10/dist-packages/airflow/example_dags/example_sla_dag.py
[2023-10-28T08:37:23.292+0000] {processor.py:809} INFO - DAG(s) dict_keys(['example_sla_dag']) retrieved from /usr/local/lib/python3.10/dist-packages/airflow/example_dags/example_sla_dag.py
[2023-10-28T08:37:23.368+0000] {logging_mixin.py:149} INFO - [2023-10-28T08:37:23.368+0000] {dag.py:2726} INFO - Sync 1 DAGs
[2023-10-28T08:37:23.458+0000] {logging_mixin.py:149} INFO - [2023-10-28T08:37:23.458+0000] {dag.py:3486} INFO - Setting next_dagrun for example_sla_dag to 2023-10-28T08:34:00+00:00, run_after=2023-10-28T08:36:00+00:00
[2023-10-28T08:37:23.564+0000] {processor.py:178} INFO - Processing /usr/local/lib/python3.10/dist-packages/airflow/example_dags/example_sla_dag.py took 0.304 seconds
[2023-10-28T08:37:53.891+0000] {processor.py:156} INFO - Started process (PID=1519858) to work on /usr/local/lib/python3.10/dist-packages/airflow/example_dags/example_sla_dag.py
[2023-10-28T08:37:53.893+0000] {processor.py:799} INFO - Processing file /usr/local/lib/python3.10/dist-packages/airflow/example_dags/example_sla_dag.py for tasks to queue
[2023-10-28T08:37:53.895+0000] {logging_mixin.py:149} INFO - [2023-10-28T08:37:53.894+0000] {dagbag.py:541} INFO - Filling up the DagBag from /usr/local/lib/python3.10/dist-packages/airflow/example_dags/example_sla_dag.py
[2023-10-28T08:37:53.915+0000] {processor.py:809} INFO - DAG(s) dict_keys(['example_sla_dag']) retrieved from /usr/local/lib/python3.10/dist-packages/airflow/example_dags/example_sla_dag.py
[2023-10-28T08:37:53.998+0000] {logging_mixin.py:149} INFO - [2023-10-28T08:37:53.998+0000] {dag.py:2726} INFO - Sync 1 DAGs
[2023-10-28T08:37:54.089+0000] {logging_mixin.py:149} INFO - [2023-10-28T08:37:54.089+0000] {dag.py:3486} INFO - Setting next_dagrun for example_sla_dag to 2023-10-28T08:34:00+00:00, run_after=2023-10-28T08:36:00+00:00
[2023-10-28T08:37:54.188+0000] {processor.py:178} INFO - Processing /usr/local/lib/python3.10/dist-packages/airflow/example_dags/example_sla_dag.py took 0.304 seconds
[2023-10-28T08:38:24.835+0000] {processor.py:156} INFO - Started process (PID=1520406) to work on /usr/local/lib/python3.10/dist-packages/airflow/example_dags/example_sla_dag.py
[2023-10-28T08:38:24.893+0000] {processor.py:799} INFO - Processing file /usr/local/lib/python3.10/dist-packages/airflow/example_dags/example_sla_dag.py for tasks to queue
[2023-10-28T08:38:24.895+0000] {logging_mixin.py:149} INFO - [2023-10-28T08:38:24.894+0000] {dagbag.py:541} INFO - Filling up the DagBag from /usr/local/lib/python3.10/dist-packages/airflow/example_dags/example_sla_dag.py
[2023-10-28T08:38:24.914+0000] {processor.py:809} INFO - DAG(s) dict_keys(['example_sla_dag']) retrieved from /usr/local/lib/python3.10/dist-packages/airflow/example_dags/example_sla_dag.py
[2023-10-28T08:38:24.986+0000] {logging_mixin.py:149} INFO - [2023-10-28T08:38:24.985+0000] {dag.py:2726} INFO - Sync 1 DAGs
[2023-10-28T08:38:25.069+0000] {logging_mixin.py:149} INFO - [2023-10-28T08:38:25.068+0000] {dag.py:3486} INFO - Setting next_dagrun for example_sla_dag to 2023-10-28T08:36:00+00:00, run_after=2023-10-28T08:38:00+00:00
[2023-10-28T08:38:25.192+0000] {processor.py:178} INFO - Processing /usr/local/lib/python3.10/dist-packages/airflow/example_dags/example_sla_dag.py took 0.363 seconds
[2023-10-28T08:38:55.683+0000] {processor.py:156} INFO - Started process (PID=1520926) to work on /usr/local/lib/python3.10/dist-packages/airflow/example_dags/example_sla_dag.py
[2023-10-28T08:38:55.685+0000] {processor.py:799} INFO - Processing file /usr/local/lib/python3.10/dist-packages/airflow/example_dags/example_sla_dag.py for tasks to queue
[2023-10-28T08:38:55.687+0000] {logging_mixin.py:149} INFO - [2023-10-28T08:38:55.687+0000] {dagbag.py:541} INFO - Filling up the DagBag from /usr/local/lib/python3.10/dist-packages/airflow/example_dags/example_sla_dag.py
[2023-10-28T08:38:55.708+0000] {processor.py:809} INFO - DAG(s) dict_keys(['example_sla_dag']) retrieved from /usr/local/lib/python3.10/dist-packages/airflow/example_dags/example_sla_dag.py
[2023-10-28T08:38:55.796+0000] {logging_mixin.py:149} INFO - [2023-10-28T08:38:55.796+0000] {dag.py:2726} INFO - Sync 1 DAGs
[2023-10-28T08:38:55.893+0000] {logging_mixin.py:149} INFO - [2023-10-28T08:38:55.892+0000] {dag.py:3486} INFO - Setting next_dagrun for example_sla_dag to 2023-10-28T08:36:00+00:00, run_after=2023-10-28T08:38:00+00:00
[2023-10-28T08:38:55.990+0000] {processor.py:178} INFO - Processing /usr/local/lib/python3.10/dist-packages/airflow/example_dags/example_sla_dag.py took 0.315 seconds
[2023-10-28T08:39:26.640+0000] {processor.py:156} INFO - Started process (PID=1521430) to work on /usr/local/lib/python3.10/dist-packages/airflow/example_dags/example_sla_dag.py
[2023-10-28T08:39:26.694+0000] {processor.py:799} INFO - Processing file /usr/local/lib/python3.10/dist-packages/airflow/example_dags/example_sla_dag.py for tasks to queue
[2023-10-28T08:39:26.696+0000] {logging_mixin.py:149} INFO - [2023-10-28T08:39:26.695+0000] {dagbag.py:541} INFO - Filling up the DagBag from /usr/local/lib/python3.10/dist-packages/airflow/example_dags/example_sla_dag.py
[2023-10-28T08:39:26.716+0000] {processor.py:809} INFO - DAG(s) dict_keys(['example_sla_dag']) retrieved from /usr/local/lib/python3.10/dist-packages/airflow/example_dags/example_sla_dag.py
[2023-10-28T08:39:26.799+0000] {logging_mixin.py:149} INFO - [2023-10-28T08:39:26.799+0000] {dag.py:2726} INFO - Sync 1 DAGs
[2023-10-28T08:39:26.886+0000] {logging_mixin.py:149} INFO - [2023-10-28T08:39:26.885+0000] {dag.py:3486} INFO - Setting next_dagrun for example_sla_dag to 2023-10-28T08:36:00+00:00, run_after=2023-10-28T08:38:00+00:00
[2023-10-28T08:39:26.986+0000] {processor.py:178} INFO - Processing /usr/local/lib/python3.10/dist-packages/airflow/example_dags/example_sla_dag.py took 0.354 seconds
