[2023-10-28T07:57:11.902+0000] {processor.py:156} INFO - Started process (PID=1491472) to work on /usr/local/lib/python3.10/dist-packages/airflow/example_dags/tutorial_taskflow_api.py
[2023-10-28T07:57:11.904+0000] {processor.py:799} INFO - Processing file /usr/local/lib/python3.10/dist-packages/airflow/example_dags/tutorial_taskflow_api.py for tasks to queue
[2023-10-28T07:57:11.906+0000] {logging_mixin.py:149} INFO - [2023-10-28T07:57:11.906+0000] {dagbag.py:541} INFO - Filling up the DagBag from /usr/local/lib/python3.10/dist-packages/airflow/example_dags/tutorial_taskflow_api.py
[2023-10-28T07:57:11.928+0000] {processor.py:809} INFO - DAG(s) dict_keys(['tutorial_taskflow_api']) retrieved from /usr/local/lib/python3.10/dist-packages/airflow/example_dags/tutorial_taskflow_api.py
[2023-10-28T07:57:12.452+0000] {logging_mixin.py:149} INFO - [2023-10-28T07:57:12.451+0000] {manager.py:504} INFO - Created Permission View: can read on DAG:tutorial_taskflow_api
[2023-10-28T07:57:12.480+0000] {logging_mixin.py:149} INFO - [2023-10-28T07:57:12.479+0000] {manager.py:504} INFO - Created Permission View: can edit on DAG:tutorial_taskflow_api
[2023-10-28T07:57:12.504+0000] {logging_mixin.py:149} INFO - [2023-10-28T07:57:12.503+0000] {manager.py:504} INFO - Created Permission View: can delete on DAG:tutorial_taskflow_api
[2023-10-28T07:57:12.505+0000] {logging_mixin.py:149} INFO - [2023-10-28T07:57:12.505+0000] {dag.py:2726} INFO - Sync 1 DAGs
[2023-10-28T07:57:12.533+0000] {logging_mixin.py:149} INFO - [2023-10-28T07:57:12.532+0000] {dag.py:2747} INFO - Creating ORM DAG for tutorial_taskflow_api
[2023-10-28T07:57:12.557+0000] {logging_mixin.py:149} INFO - [2023-10-28T07:57:12.556+0000] {dag.py:3486} INFO - Setting next_dagrun for tutorial_taskflow_api to None, run_after=None
[2023-10-28T07:57:12.656+0000] {processor.py:178} INFO - Processing /usr/local/lib/python3.10/dist-packages/airflow/example_dags/tutorial_taskflow_api.py took 0.761 seconds
[2023-10-28T07:58:26.750+0000] {processor.py:156} INFO - Started process (PID=1491913) to work on /usr/local/lib/python3.10/dist-packages/airflow/example_dags/tutorial_taskflow_api.py
[2023-10-28T07:58:26.784+0000] {processor.py:799} INFO - Processing file /usr/local/lib/python3.10/dist-packages/airflow/example_dags/tutorial_taskflow_api.py for tasks to queue
[2023-10-28T07:58:26.786+0000] {logging_mixin.py:149} INFO - [2023-10-28T07:58:26.785+0000] {dagbag.py:541} INFO - Filling up the DagBag from /usr/local/lib/python3.10/dist-packages/airflow/example_dags/tutorial_taskflow_api.py
[2023-10-28T07:58:26.800+0000] {processor.py:809} INFO - DAG(s) dict_keys(['tutorial_taskflow_api']) retrieved from /usr/local/lib/python3.10/dist-packages/airflow/example_dags/tutorial_taskflow_api.py
[2023-10-28T07:58:27.055+0000] {logging_mixin.py:149} INFO - [2023-10-28T07:58:27.055+0000] {dag.py:2726} INFO - Sync 1 DAGs
[2023-10-28T07:58:27.106+0000] {logging_mixin.py:149} INFO - [2023-10-28T07:58:27.106+0000] {dag.py:3486} INFO - Setting next_dagrun for tutorial_taskflow_api to None, run_after=None
[2023-10-28T07:58:27.187+0000] {processor.py:178} INFO - Processing /usr/local/lib/python3.10/dist-packages/airflow/example_dags/tutorial_taskflow_api.py took 0.443 seconds
[2023-10-28T07:59:29.427+0000] {processor.py:156} INFO - Started process (PID=1492401) to work on /usr/local/lib/python3.10/dist-packages/airflow/example_dags/tutorial_taskflow_api.py
[2023-10-28T07:59:29.465+0000] {processor.py:799} INFO - Processing file /usr/local/lib/python3.10/dist-packages/airflow/example_dags/tutorial_taskflow_api.py for tasks to queue
[2023-10-28T07:59:29.467+0000] {logging_mixin.py:149} INFO - [2023-10-28T07:59:29.466+0000] {dagbag.py:541} INFO - Filling up the DagBag from /usr/local/lib/python3.10/dist-packages/airflow/example_dags/tutorial_taskflow_api.py
[2023-10-28T07:59:29.482+0000] {processor.py:809} INFO - DAG(s) dict_keys(['tutorial_taskflow_api']) retrieved from /usr/local/lib/python3.10/dist-packages/airflow/example_dags/tutorial_taskflow_api.py
[2023-10-28T07:59:29.529+0000] {logging_mixin.py:149} INFO - [2023-10-28T07:59:29.529+0000] {dag.py:2726} INFO - Sync 1 DAGs
[2023-10-28T07:59:29.587+0000] {logging_mixin.py:149} INFO - [2023-10-28T07:59:29.587+0000] {dag.py:3486} INFO - Setting next_dagrun for tutorial_taskflow_api to None, run_after=None
[2023-10-28T07:59:29.684+0000] {processor.py:178} INFO - Processing /usr/local/lib/python3.10/dist-packages/airflow/example_dags/tutorial_taskflow_api.py took 0.264 seconds
[2023-10-28T08:15:20.118+0000] {processor.py:156} INFO - Started process (PID=1497695) to work on /usr/local/lib/python3.10/dist-packages/airflow/example_dags/tutorial_taskflow_api.py
[2023-10-28T08:15:20.136+0000] {processor.py:799} INFO - Processing file /usr/local/lib/python3.10/dist-packages/airflow/example_dags/tutorial_taskflow_api.py for tasks to queue
[2023-10-28T08:15:20.138+0000] {logging_mixin.py:149} INFO - [2023-10-28T08:15:20.138+0000] {dagbag.py:541} INFO - Filling up the DagBag from /usr/local/lib/python3.10/dist-packages/airflow/example_dags/tutorial_taskflow_api.py
[2023-10-28T08:15:20.158+0000] {processor.py:809} INFO - DAG(s) dict_keys(['tutorial_taskflow_api']) retrieved from /usr/local/lib/python3.10/dist-packages/airflow/example_dags/tutorial_taskflow_api.py
[2023-10-28T08:15:20.724+0000] {logging_mixin.py:149} INFO - [2023-10-28T08:15:20.724+0000] {manager.py:504} INFO - Created Permission View: can read on DAG:tutorial_taskflow_api
[2023-10-28T08:15:20.756+0000] {logging_mixin.py:149} INFO - [2023-10-28T08:15:20.756+0000] {manager.py:504} INFO - Created Permission View: can delete on DAG:tutorial_taskflow_api
[2023-10-28T08:15:20.783+0000] {logging_mixin.py:149} INFO - [2023-10-28T08:15:20.783+0000] {manager.py:504} INFO - Created Permission View: can edit on DAG:tutorial_taskflow_api
[2023-10-28T08:15:20.784+0000] {logging_mixin.py:149} INFO - [2023-10-28T08:15:20.784+0000] {dag.py:2726} INFO - Sync 1 DAGs
[2023-10-28T08:15:20.825+0000] {logging_mixin.py:149} INFO - [2023-10-28T08:15:20.824+0000] {dag.py:2747} INFO - Creating ORM DAG for tutorial_taskflow_api
[2023-10-28T08:15:20.860+0000] {logging_mixin.py:149} INFO - [2023-10-28T08:15:20.859+0000] {dag.py:3486} INFO - Setting next_dagrun for tutorial_taskflow_api to None, run_after=None
[2023-10-28T08:15:20.921+0000] {processor.py:178} INFO - Processing /usr/local/lib/python3.10/dist-packages/airflow/example_dags/tutorial_taskflow_api.py took 0.811 seconds
[2023-10-28T08:15:51.759+0000] {processor.py:156} INFO - Started process (PID=1498577) to work on /usr/local/lib/python3.10/dist-packages/airflow/example_dags/tutorial_taskflow_api.py
[2023-10-28T08:15:51.801+0000] {processor.py:799} INFO - Processing file /usr/local/lib/python3.10/dist-packages/airflow/example_dags/tutorial_taskflow_api.py for tasks to queue
[2023-10-28T08:15:51.802+0000] {logging_mixin.py:149} INFO - [2023-10-28T08:15:51.802+0000] {dagbag.py:541} INFO - Filling up the DagBag from /usr/local/lib/python3.10/dist-packages/airflow/example_dags/tutorial_taskflow_api.py
[2023-10-28T08:15:51.818+0000] {processor.py:809} INFO - DAG(s) dict_keys(['tutorial_taskflow_api']) retrieved from /usr/local/lib/python3.10/dist-packages/airflow/example_dags/tutorial_taskflow_api.py
[2023-10-28T08:15:51.899+0000] {logging_mixin.py:149} INFO - [2023-10-28T08:15:51.898+0000] {dag.py:2726} INFO - Sync 1 DAGs
[2023-10-28T08:15:51.970+0000] {logging_mixin.py:149} INFO - [2023-10-28T08:15:51.969+0000] {dag.py:3486} INFO - Setting next_dagrun for tutorial_taskflow_api to None, run_after=None
[2023-10-28T08:15:52.068+0000] {processor.py:178} INFO - Processing /usr/local/lib/python3.10/dist-packages/airflow/example_dags/tutorial_taskflow_api.py took 0.317 seconds
[2023-10-28T08:16:22.914+0000] {processor.py:156} INFO - Started process (PID=1499915) to work on /usr/local/lib/python3.10/dist-packages/airflow/example_dags/tutorial_taskflow_api.py
[2023-10-28T08:16:22.956+0000] {processor.py:799} INFO - Processing file /usr/local/lib/python3.10/dist-packages/airflow/example_dags/tutorial_taskflow_api.py for tasks to queue
[2023-10-28T08:16:22.958+0000] {logging_mixin.py:149} INFO - [2023-10-28T08:16:22.958+0000] {dagbag.py:541} INFO - Filling up the DagBag from /usr/local/lib/python3.10/dist-packages/airflow/example_dags/tutorial_taskflow_api.py
[2023-10-28T08:16:22.972+0000] {processor.py:809} INFO - DAG(s) dict_keys(['tutorial_taskflow_api']) retrieved from /usr/local/lib/python3.10/dist-packages/airflow/example_dags/tutorial_taskflow_api.py
[2023-10-28T08:16:23.052+0000] {logging_mixin.py:149} INFO - [2023-10-28T08:16:23.052+0000] {dag.py:2726} INFO - Sync 1 DAGs
[2023-10-28T08:16:23.126+0000] {logging_mixin.py:149} INFO - [2023-10-28T08:16:23.125+0000] {dag.py:3486} INFO - Setting next_dagrun for tutorial_taskflow_api to None, run_after=None
[2023-10-28T08:16:23.226+0000] {processor.py:178} INFO - Processing /usr/local/lib/python3.10/dist-packages/airflow/example_dags/tutorial_taskflow_api.py took 0.320 seconds
[2023-10-28T08:16:53.396+0000] {processor.py:156} INFO - Started process (PID=1500530) to work on /usr/local/lib/python3.10/dist-packages/airflow/example_dags/tutorial_taskflow_api.py
[2023-10-28T08:16:53.398+0000] {processor.py:799} INFO - Processing file /usr/local/lib/python3.10/dist-packages/airflow/example_dags/tutorial_taskflow_api.py for tasks to queue
[2023-10-28T08:16:53.400+0000] {logging_mixin.py:149} INFO - [2023-10-28T08:16:53.399+0000] {dagbag.py:541} INFO - Filling up the DagBag from /usr/local/lib/python3.10/dist-packages/airflow/example_dags/tutorial_taskflow_api.py
[2023-10-28T08:16:53.416+0000] {processor.py:809} INFO - DAG(s) dict_keys(['tutorial_taskflow_api']) retrieved from /usr/local/lib/python3.10/dist-packages/airflow/example_dags/tutorial_taskflow_api.py
[2023-10-28T08:16:53.490+0000] {logging_mixin.py:149} INFO - [2023-10-28T08:16:53.490+0000] {dag.py:2726} INFO - Sync 1 DAGs
[2023-10-28T08:16:53.565+0000] {logging_mixin.py:149} INFO - [2023-10-28T08:16:53.565+0000] {dag.py:3486} INFO - Setting next_dagrun for tutorial_taskflow_api to None, run_after=None
[2023-10-28T08:16:53.633+0000] {processor.py:178} INFO - Processing /usr/local/lib/python3.10/dist-packages/airflow/example_dags/tutorial_taskflow_api.py took 0.244 seconds
[2023-10-28T08:17:24.357+0000] {processor.py:156} INFO - Started process (PID=1501048) to work on /usr/local/lib/python3.10/dist-packages/airflow/example_dags/tutorial_taskflow_api.py
[2023-10-28T08:17:24.396+0000] {processor.py:799} INFO - Processing file /usr/local/lib/python3.10/dist-packages/airflow/example_dags/tutorial_taskflow_api.py for tasks to queue
[2023-10-28T08:17:24.398+0000] {logging_mixin.py:149} INFO - [2023-10-28T08:17:24.398+0000] {dagbag.py:541} INFO - Filling up the DagBag from /usr/local/lib/python3.10/dist-packages/airflow/example_dags/tutorial_taskflow_api.py
[2023-10-28T08:17:24.412+0000] {processor.py:809} INFO - DAG(s) dict_keys(['tutorial_taskflow_api']) retrieved from /usr/local/lib/python3.10/dist-packages/airflow/example_dags/tutorial_taskflow_api.py
[2023-10-28T08:17:24.492+0000] {logging_mixin.py:149} INFO - [2023-10-28T08:17:24.492+0000] {dag.py:2726} INFO - Sync 1 DAGs
[2023-10-28T08:17:24.566+0000] {logging_mixin.py:149} INFO - [2023-10-28T08:17:24.566+0000] {dag.py:3486} INFO - Setting next_dagrun for tutorial_taskflow_api to None, run_after=None
[2023-10-28T08:17:24.663+0000] {processor.py:178} INFO - Processing /usr/local/lib/python3.10/dist-packages/airflow/example_dags/tutorial_taskflow_api.py took 0.314 seconds
[2023-10-28T08:17:55.339+0000] {processor.py:156} INFO - Started process (PID=1501407) to work on /usr/local/lib/python3.10/dist-packages/airflow/example_dags/tutorial_taskflow_api.py
[2023-10-28T08:17:55.385+0000] {processor.py:799} INFO - Processing file /usr/local/lib/python3.10/dist-packages/airflow/example_dags/tutorial_taskflow_api.py for tasks to queue
[2023-10-28T08:17:55.388+0000] {logging_mixin.py:149} INFO - [2023-10-28T08:17:55.387+0000] {dagbag.py:541} INFO - Filling up the DagBag from /usr/local/lib/python3.10/dist-packages/airflow/example_dags/tutorial_taskflow_api.py
[2023-10-28T08:17:55.405+0000] {processor.py:809} INFO - DAG(s) dict_keys(['tutorial_taskflow_api']) retrieved from /usr/local/lib/python3.10/dist-packages/airflow/example_dags/tutorial_taskflow_api.py
[2023-10-28T08:17:55.490+0000] {logging_mixin.py:149} INFO - [2023-10-28T08:17:55.490+0000] {dag.py:2726} INFO - Sync 1 DAGs
[2023-10-28T08:17:55.572+0000] {logging_mixin.py:149} INFO - [2023-10-28T08:17:55.571+0000] {dag.py:3486} INFO - Setting next_dagrun for tutorial_taskflow_api to None, run_after=None
[2023-10-28T08:17:55.669+0000] {processor.py:178} INFO - Processing /usr/local/lib/python3.10/dist-packages/airflow/example_dags/tutorial_taskflow_api.py took 0.338 seconds
[2023-10-28T08:18:25.973+0000] {processor.py:156} INFO - Started process (PID=1501785) to work on /usr/local/lib/python3.10/dist-packages/airflow/example_dags/tutorial_taskflow_api.py
[2023-10-28T08:18:26.013+0000] {processor.py:799} INFO - Processing file /usr/local/lib/python3.10/dist-packages/airflow/example_dags/tutorial_taskflow_api.py for tasks to queue
[2023-10-28T08:18:26.015+0000] {logging_mixin.py:149} INFO - [2023-10-28T08:18:26.014+0000] {dagbag.py:541} INFO - Filling up the DagBag from /usr/local/lib/python3.10/dist-packages/airflow/example_dags/tutorial_taskflow_api.py
[2023-10-28T08:18:26.029+0000] {processor.py:809} INFO - DAG(s) dict_keys(['tutorial_taskflow_api']) retrieved from /usr/local/lib/python3.10/dist-packages/airflow/example_dags/tutorial_taskflow_api.py
[2023-10-28T08:18:26.109+0000] {logging_mixin.py:149} INFO - [2023-10-28T08:18:26.108+0000] {dag.py:2726} INFO - Sync 1 DAGs
[2023-10-28T08:18:26.188+0000] {logging_mixin.py:149} INFO - [2023-10-28T08:18:26.187+0000] {dag.py:3486} INFO - Setting next_dagrun for tutorial_taskflow_api to None, run_after=None
[2023-10-28T08:18:26.285+0000] {processor.py:178} INFO - Processing /usr/local/lib/python3.10/dist-packages/airflow/example_dags/tutorial_taskflow_api.py took 0.320 seconds
[2023-10-28T08:18:56.542+0000] {processor.py:156} INFO - Started process (PID=1502140) to work on /usr/local/lib/python3.10/dist-packages/airflow/example_dags/tutorial_taskflow_api.py
[2023-10-28T08:18:56.583+0000] {processor.py:799} INFO - Processing file /usr/local/lib/python3.10/dist-packages/airflow/example_dags/tutorial_taskflow_api.py for tasks to queue
[2023-10-28T08:18:56.585+0000] {logging_mixin.py:149} INFO - [2023-10-28T08:18:56.585+0000] {dagbag.py:541} INFO - Filling up the DagBag from /usr/local/lib/python3.10/dist-packages/airflow/example_dags/tutorial_taskflow_api.py
[2023-10-28T08:18:56.601+0000] {processor.py:809} INFO - DAG(s) dict_keys(['tutorial_taskflow_api']) retrieved from /usr/local/lib/python3.10/dist-packages/airflow/example_dags/tutorial_taskflow_api.py
[2023-10-28T08:18:56.684+0000] {logging_mixin.py:149} INFO - [2023-10-28T08:18:56.683+0000] {dag.py:2726} INFO - Sync 1 DAGs
[2023-10-28T08:18:56.758+0000] {logging_mixin.py:149} INFO - [2023-10-28T08:18:56.757+0000] {dag.py:3486} INFO - Setting next_dagrun for tutorial_taskflow_api to None, run_after=None
[2023-10-28T08:18:56.825+0000] {processor.py:178} INFO - Processing /usr/local/lib/python3.10/dist-packages/airflow/example_dags/tutorial_taskflow_api.py took 0.291 seconds
[2023-10-28T08:19:27.243+0000] {processor.py:156} INFO - Started process (PID=1502534) to work on /usr/local/lib/python3.10/dist-packages/airflow/example_dags/tutorial_taskflow_api.py
[2023-10-28T08:19:27.246+0000] {processor.py:799} INFO - Processing file /usr/local/lib/python3.10/dist-packages/airflow/example_dags/tutorial_taskflow_api.py for tasks to queue
[2023-10-28T08:19:27.248+0000] {logging_mixin.py:149} INFO - [2023-10-28T08:19:27.247+0000] {dagbag.py:541} INFO - Filling up the DagBag from /usr/local/lib/python3.10/dist-packages/airflow/example_dags/tutorial_taskflow_api.py
[2023-10-28T08:19:27.262+0000] {processor.py:809} INFO - DAG(s) dict_keys(['tutorial_taskflow_api']) retrieved from /usr/local/lib/python3.10/dist-packages/airflow/example_dags/tutorial_taskflow_api.py
[2023-10-28T08:19:27.345+0000] {logging_mixin.py:149} INFO - [2023-10-28T08:19:27.344+0000] {dag.py:2726} INFO - Sync 1 DAGs
[2023-10-28T08:19:27.424+0000] {logging_mixin.py:149} INFO - [2023-10-28T08:19:27.423+0000] {dag.py:3486} INFO - Setting next_dagrun for tutorial_taskflow_api to None, run_after=None
[2023-10-28T08:19:27.527+0000] {processor.py:178} INFO - Processing /usr/local/lib/python3.10/dist-packages/airflow/example_dags/tutorial_taskflow_api.py took 0.291 seconds
[2023-10-28T08:19:57.742+0000] {processor.py:156} INFO - Started process (PID=1502890) to work on /usr/local/lib/python3.10/dist-packages/airflow/example_dags/tutorial_taskflow_api.py
[2023-10-28T08:19:57.776+0000] {processor.py:799} INFO - Processing file /usr/local/lib/python3.10/dist-packages/airflow/example_dags/tutorial_taskflow_api.py for tasks to queue
[2023-10-28T08:19:57.778+0000] {logging_mixin.py:149} INFO - [2023-10-28T08:19:57.778+0000] {dagbag.py:541} INFO - Filling up the DagBag from /usr/local/lib/python3.10/dist-packages/airflow/example_dags/tutorial_taskflow_api.py
[2023-10-28T08:19:57.793+0000] {processor.py:809} INFO - DAG(s) dict_keys(['tutorial_taskflow_api']) retrieved from /usr/local/lib/python3.10/dist-packages/airflow/example_dags/tutorial_taskflow_api.py
[2023-10-28T08:19:57.874+0000] {logging_mixin.py:149} INFO - [2023-10-28T08:19:57.874+0000] {dag.py:2726} INFO - Sync 1 DAGs
[2023-10-28T08:19:57.948+0000] {logging_mixin.py:149} INFO - [2023-10-28T08:19:57.947+0000] {dag.py:3486} INFO - Setting next_dagrun for tutorial_taskflow_api to None, run_after=None
[2023-10-28T08:19:58.008+0000] {processor.py:178} INFO - Processing /usr/local/lib/python3.10/dist-packages/airflow/example_dags/tutorial_taskflow_api.py took 0.275 seconds
[2023-10-28T08:20:28.458+0000] {processor.py:156} INFO - Started process (PID=1503404) to work on /usr/local/lib/python3.10/dist-packages/airflow/example_dags/tutorial_taskflow_api.py
[2023-10-28T08:20:28.496+0000] {processor.py:799} INFO - Processing file /usr/local/lib/python3.10/dist-packages/airflow/example_dags/tutorial_taskflow_api.py for tasks to queue
[2023-10-28T08:20:28.498+0000] {logging_mixin.py:149} INFO - [2023-10-28T08:20:28.498+0000] {dagbag.py:541} INFO - Filling up the DagBag from /usr/local/lib/python3.10/dist-packages/airflow/example_dags/tutorial_taskflow_api.py
[2023-10-28T08:20:28.515+0000] {processor.py:809} INFO - DAG(s) dict_keys(['tutorial_taskflow_api']) retrieved from /usr/local/lib/python3.10/dist-packages/airflow/example_dags/tutorial_taskflow_api.py
[2023-10-28T08:20:28.591+0000] {logging_mixin.py:149} INFO - [2023-10-28T08:20:28.590+0000] {dag.py:2726} INFO - Sync 1 DAGs
[2023-10-28T08:20:28.668+0000] {logging_mixin.py:149} INFO - [2023-10-28T08:20:28.667+0000] {dag.py:3486} INFO - Setting next_dagrun for tutorial_taskflow_api to None, run_after=None
[2023-10-28T08:20:28.761+0000] {processor.py:178} INFO - Processing /usr/local/lib/python3.10/dist-packages/airflow/example_dags/tutorial_taskflow_api.py took 0.310 seconds
[2023-10-28T08:20:59.215+0000] {processor.py:156} INFO - Started process (PID=1503783) to work on /usr/local/lib/python3.10/dist-packages/airflow/example_dags/tutorial_taskflow_api.py
[2023-10-28T08:20:59.253+0000] {processor.py:799} INFO - Processing file /usr/local/lib/python3.10/dist-packages/airflow/example_dags/tutorial_taskflow_api.py for tasks to queue
[2023-10-28T08:20:59.255+0000] {logging_mixin.py:149} INFO - [2023-10-28T08:20:59.254+0000] {dagbag.py:541} INFO - Filling up the DagBag from /usr/local/lib/python3.10/dist-packages/airflow/example_dags/tutorial_taskflow_api.py
[2023-10-28T08:20:59.268+0000] {processor.py:809} INFO - DAG(s) dict_keys(['tutorial_taskflow_api']) retrieved from /usr/local/lib/python3.10/dist-packages/airflow/example_dags/tutorial_taskflow_api.py
[2023-10-28T08:20:59.348+0000] {logging_mixin.py:149} INFO - [2023-10-28T08:20:59.347+0000] {dag.py:2726} INFO - Sync 1 DAGs
[2023-10-28T08:20:59.435+0000] {logging_mixin.py:149} INFO - [2023-10-28T08:20:59.434+0000] {dag.py:3486} INFO - Setting next_dagrun for tutorial_taskflow_api to None, run_after=None
[2023-10-28T08:20:59.538+0000] {processor.py:178} INFO - Processing /usr/local/lib/python3.10/dist-packages/airflow/example_dags/tutorial_taskflow_api.py took 0.330 seconds
[2023-10-28T08:21:29.765+0000] {processor.py:156} INFO - Started process (PID=1504415) to work on /usr/local/lib/python3.10/dist-packages/airflow/example_dags/tutorial_taskflow_api.py
[2023-10-28T08:21:29.767+0000] {processor.py:799} INFO - Processing file /usr/local/lib/python3.10/dist-packages/airflow/example_dags/tutorial_taskflow_api.py for tasks to queue
[2023-10-28T08:21:29.769+0000] {logging_mixin.py:149} INFO - [2023-10-28T08:21:29.768+0000] {dagbag.py:541} INFO - Filling up the DagBag from /usr/local/lib/python3.10/dist-packages/airflow/example_dags/tutorial_taskflow_api.py
[2023-10-28T08:21:29.783+0000] {processor.py:809} INFO - DAG(s) dict_keys(['tutorial_taskflow_api']) retrieved from /usr/local/lib/python3.10/dist-packages/airflow/example_dags/tutorial_taskflow_api.py
[2023-10-28T08:21:29.866+0000] {logging_mixin.py:149} INFO - [2023-10-28T08:21:29.866+0000] {dag.py:2726} INFO - Sync 1 DAGs
[2023-10-28T08:21:29.951+0000] {logging_mixin.py:149} INFO - [2023-10-28T08:21:29.951+0000] {dag.py:3486} INFO - Setting next_dagrun for tutorial_taskflow_api to None, run_after=None
[2023-10-28T08:21:30.026+0000] {processor.py:178} INFO - Processing /usr/local/lib/python3.10/dist-packages/airflow/example_dags/tutorial_taskflow_api.py took 0.270 seconds
[2023-10-28T08:22:00.825+0000] {processor.py:156} INFO - Started process (PID=1505239) to work on /usr/local/lib/python3.10/dist-packages/airflow/example_dags/tutorial_taskflow_api.py
[2023-10-28T08:22:00.842+0000] {processor.py:799} INFO - Processing file /usr/local/lib/python3.10/dist-packages/airflow/example_dags/tutorial_taskflow_api.py for tasks to queue
[2023-10-28T08:22:00.844+0000] {logging_mixin.py:149} INFO - [2023-10-28T08:22:00.843+0000] {dagbag.py:541} INFO - Filling up the DagBag from /usr/local/lib/python3.10/dist-packages/airflow/example_dags/tutorial_taskflow_api.py
[2023-10-28T08:22:00.858+0000] {processor.py:809} INFO - DAG(s) dict_keys(['tutorial_taskflow_api']) retrieved from /usr/local/lib/python3.10/dist-packages/airflow/example_dags/tutorial_taskflow_api.py
[2023-10-28T08:22:00.945+0000] {logging_mixin.py:149} INFO - [2023-10-28T08:22:00.944+0000] {dag.py:2726} INFO - Sync 1 DAGs
[2023-10-28T08:22:01.018+0000] {logging_mixin.py:149} INFO - [2023-10-28T08:22:01.017+0000] {dag.py:3486} INFO - Setting next_dagrun for tutorial_taskflow_api to None, run_after=None
[2023-10-28T08:22:01.124+0000] {processor.py:178} INFO - Processing /usr/local/lib/python3.10/dist-packages/airflow/example_dags/tutorial_taskflow_api.py took 0.306 seconds
[2023-10-28T08:22:31.252+0000] {processor.py:156} INFO - Started process (PID=1505767) to work on /usr/local/lib/python3.10/dist-packages/airflow/example_dags/tutorial_taskflow_api.py
[2023-10-28T08:22:31.289+0000] {processor.py:799} INFO - Processing file /usr/local/lib/python3.10/dist-packages/airflow/example_dags/tutorial_taskflow_api.py for tasks to queue
[2023-10-28T08:22:31.291+0000] {logging_mixin.py:149} INFO - [2023-10-28T08:22:31.290+0000] {dagbag.py:541} INFO - Filling up the DagBag from /usr/local/lib/python3.10/dist-packages/airflow/example_dags/tutorial_taskflow_api.py
[2023-10-28T08:22:31.307+0000] {processor.py:809} INFO - DAG(s) dict_keys(['tutorial_taskflow_api']) retrieved from /usr/local/lib/python3.10/dist-packages/airflow/example_dags/tutorial_taskflow_api.py
[2023-10-28T08:22:31.389+0000] {logging_mixin.py:149} INFO - [2023-10-28T08:22:31.389+0000] {dag.py:2726} INFO - Sync 1 DAGs
[2023-10-28T08:22:31.469+0000] {logging_mixin.py:149} INFO - [2023-10-28T08:22:31.468+0000] {dag.py:3486} INFO - Setting next_dagrun for tutorial_taskflow_api to None, run_after=None
[2023-10-28T08:22:31.569+0000] {processor.py:178} INFO - Processing /usr/local/lib/python3.10/dist-packages/airflow/example_dags/tutorial_taskflow_api.py took 0.324 seconds
[2023-10-28T08:23:01.682+0000] {processor.py:156} INFO - Started process (PID=1506258) to work on /usr/local/lib/python3.10/dist-packages/airflow/example_dags/tutorial_taskflow_api.py
[2023-10-28T08:23:01.716+0000] {processor.py:799} INFO - Processing file /usr/local/lib/python3.10/dist-packages/airflow/example_dags/tutorial_taskflow_api.py for tasks to queue
[2023-10-28T08:23:01.718+0000] {logging_mixin.py:149} INFO - [2023-10-28T08:23:01.717+0000] {dagbag.py:541} INFO - Filling up the DagBag from /usr/local/lib/python3.10/dist-packages/airflow/example_dags/tutorial_taskflow_api.py
[2023-10-28T08:23:01.732+0000] {processor.py:809} INFO - DAG(s) dict_keys(['tutorial_taskflow_api']) retrieved from /usr/local/lib/python3.10/dist-packages/airflow/example_dags/tutorial_taskflow_api.py
[2023-10-28T08:23:01.809+0000] {logging_mixin.py:149} INFO - [2023-10-28T08:23:01.808+0000] {dag.py:2726} INFO - Sync 1 DAGs
[2023-10-28T08:23:01.886+0000] {logging_mixin.py:149} INFO - [2023-10-28T08:23:01.885+0000] {dag.py:3486} INFO - Setting next_dagrun for tutorial_taskflow_api to None, run_after=None
[2023-10-28T08:23:01.992+0000] {processor.py:178} INFO - Processing /usr/local/lib/python3.10/dist-packages/airflow/example_dags/tutorial_taskflow_api.py took 0.318 seconds
[2023-10-28T08:23:32.191+0000] {processor.py:156} INFO - Started process (PID=1506739) to work on /usr/local/lib/python3.10/dist-packages/airflow/example_dags/tutorial_taskflow_api.py
[2023-10-28T08:23:32.194+0000] {processor.py:799} INFO - Processing file /usr/local/lib/python3.10/dist-packages/airflow/example_dags/tutorial_taskflow_api.py for tasks to queue
[2023-10-28T08:23:32.196+0000] {logging_mixin.py:149} INFO - [2023-10-28T08:23:32.195+0000] {dagbag.py:541} INFO - Filling up the DagBag from /usr/local/lib/python3.10/dist-packages/airflow/example_dags/tutorial_taskflow_api.py
[2023-10-28T08:23:32.214+0000] {processor.py:809} INFO - DAG(s) dict_keys(['tutorial_taskflow_api']) retrieved from /usr/local/lib/python3.10/dist-packages/airflow/example_dags/tutorial_taskflow_api.py
[2023-10-28T08:23:32.304+0000] {logging_mixin.py:149} INFO - [2023-10-28T08:23:32.303+0000] {dag.py:2726} INFO - Sync 1 DAGs
[2023-10-28T08:23:32.384+0000] {logging_mixin.py:149} INFO - [2023-10-28T08:23:32.383+0000] {dag.py:3486} INFO - Setting next_dagrun for tutorial_taskflow_api to None, run_after=None
[2023-10-28T08:23:32.480+0000] {processor.py:178} INFO - Processing /usr/local/lib/python3.10/dist-packages/airflow/example_dags/tutorial_taskflow_api.py took 0.296 seconds
[2023-10-28T08:24:03.065+0000] {processor.py:156} INFO - Started process (PID=1507292) to work on /usr/local/lib/python3.10/dist-packages/airflow/example_dags/tutorial_taskflow_api.py
[2023-10-28T08:24:03.104+0000] {processor.py:799} INFO - Processing file /usr/local/lib/python3.10/dist-packages/airflow/example_dags/tutorial_taskflow_api.py for tasks to queue
[2023-10-28T08:24:03.106+0000] {logging_mixin.py:149} INFO - [2023-10-28T08:24:03.106+0000] {dagbag.py:541} INFO - Filling up the DagBag from /usr/local/lib/python3.10/dist-packages/airflow/example_dags/tutorial_taskflow_api.py
[2023-10-28T08:24:03.123+0000] {processor.py:809} INFO - DAG(s) dict_keys(['tutorial_taskflow_api']) retrieved from /usr/local/lib/python3.10/dist-packages/airflow/example_dags/tutorial_taskflow_api.py
[2023-10-28T08:24:03.213+0000] {logging_mixin.py:149} INFO - [2023-10-28T08:24:03.212+0000] {dag.py:2726} INFO - Sync 1 DAGs
[2023-10-28T08:24:03.298+0000] {logging_mixin.py:149} INFO - [2023-10-28T08:24:03.297+0000] {dag.py:3486} INFO - Setting next_dagrun for tutorial_taskflow_api to None, run_after=None
[2023-10-28T08:24:03.404+0000] {processor.py:178} INFO - Processing /usr/local/lib/python3.10/dist-packages/airflow/example_dags/tutorial_taskflow_api.py took 0.346 seconds
[2023-10-28T08:24:34.008+0000] {processor.py:156} INFO - Started process (PID=1507910) to work on /usr/local/lib/python3.10/dist-packages/airflow/example_dags/tutorial_taskflow_api.py
[2023-10-28T08:24:34.045+0000] {processor.py:799} INFO - Processing file /usr/local/lib/python3.10/dist-packages/airflow/example_dags/tutorial_taskflow_api.py for tasks to queue
[2023-10-28T08:24:34.047+0000] {logging_mixin.py:149} INFO - [2023-10-28T08:24:34.046+0000] {dagbag.py:541} INFO - Filling up the DagBag from /usr/local/lib/python3.10/dist-packages/airflow/example_dags/tutorial_taskflow_api.py
[2023-10-28T08:24:34.061+0000] {processor.py:809} INFO - DAG(s) dict_keys(['tutorial_taskflow_api']) retrieved from /usr/local/lib/python3.10/dist-packages/airflow/example_dags/tutorial_taskflow_api.py
[2023-10-28T08:24:34.145+0000] {logging_mixin.py:149} INFO - [2023-10-28T08:24:34.145+0000] {dag.py:2726} INFO - Sync 1 DAGs
[2023-10-28T08:24:34.230+0000] {logging_mixin.py:149} INFO - [2023-10-28T08:24:34.229+0000] {dag.py:3486} INFO - Setting next_dagrun for tutorial_taskflow_api to None, run_after=None
[2023-10-28T08:24:34.336+0000] {processor.py:178} INFO - Processing /usr/local/lib/python3.10/dist-packages/airflow/example_dags/tutorial_taskflow_api.py took 0.335 seconds
[2023-10-28T08:25:04.527+0000] {processor.py:156} INFO - Started process (PID=1508336) to work on /usr/local/lib/python3.10/dist-packages/airflow/example_dags/tutorial_taskflow_api.py
[2023-10-28T08:25:04.530+0000] {processor.py:799} INFO - Processing file /usr/local/lib/python3.10/dist-packages/airflow/example_dags/tutorial_taskflow_api.py for tasks to queue
[2023-10-28T08:25:04.532+0000] {logging_mixin.py:149} INFO - [2023-10-28T08:25:04.531+0000] {dagbag.py:541} INFO - Filling up the DagBag from /usr/local/lib/python3.10/dist-packages/airflow/example_dags/tutorial_taskflow_api.py
[2023-10-28T08:25:04.546+0000] {processor.py:809} INFO - DAG(s) dict_keys(['tutorial_taskflow_api']) retrieved from /usr/local/lib/python3.10/dist-packages/airflow/example_dags/tutorial_taskflow_api.py
[2023-10-28T08:25:04.629+0000] {logging_mixin.py:149} INFO - [2023-10-28T08:25:04.629+0000] {dag.py:2726} INFO - Sync 1 DAGs
[2023-10-28T08:25:04.704+0000] {logging_mixin.py:149} INFO - [2023-10-28T08:25:04.704+0000] {dag.py:3486} INFO - Setting next_dagrun for tutorial_taskflow_api to None, run_after=None
[2023-10-28T08:25:04.815+0000] {processor.py:178} INFO - Processing /usr/local/lib/python3.10/dist-packages/airflow/example_dags/tutorial_taskflow_api.py took 0.296 seconds
[2023-10-28T08:25:35.136+0000] {processor.py:156} INFO - Started process (PID=1509151) to work on /usr/local/lib/python3.10/dist-packages/airflow/example_dags/tutorial_taskflow_api.py
[2023-10-28T08:25:35.172+0000] {processor.py:799} INFO - Processing file /usr/local/lib/python3.10/dist-packages/airflow/example_dags/tutorial_taskflow_api.py for tasks to queue
[2023-10-28T08:25:35.174+0000] {logging_mixin.py:149} INFO - [2023-10-28T08:25:35.174+0000] {dagbag.py:541} INFO - Filling up the DagBag from /usr/local/lib/python3.10/dist-packages/airflow/example_dags/tutorial_taskflow_api.py
[2023-10-28T08:25:35.192+0000] {processor.py:809} INFO - DAG(s) dict_keys(['tutorial_taskflow_api']) retrieved from /usr/local/lib/python3.10/dist-packages/airflow/example_dags/tutorial_taskflow_api.py
[2023-10-28T08:25:35.271+0000] {logging_mixin.py:149} INFO - [2023-10-28T08:25:35.270+0000] {dag.py:2726} INFO - Sync 1 DAGs
[2023-10-28T08:25:35.346+0000] {logging_mixin.py:149} INFO - [2023-10-28T08:25:35.345+0000] {dag.py:3486} INFO - Setting next_dagrun for tutorial_taskflow_api to None, run_after=None
[2023-10-28T08:25:35.441+0000] {processor.py:178} INFO - Processing /usr/local/lib/python3.10/dist-packages/airflow/example_dags/tutorial_taskflow_api.py took 0.314 seconds
[2023-10-28T08:26:05.636+0000] {processor.py:156} INFO - Started process (PID=1509536) to work on /usr/local/lib/python3.10/dist-packages/airflow/example_dags/tutorial_taskflow_api.py
[2023-10-28T08:26:05.676+0000] {processor.py:799} INFO - Processing file /usr/local/lib/python3.10/dist-packages/airflow/example_dags/tutorial_taskflow_api.py for tasks to queue
[2023-10-28T08:26:05.678+0000] {logging_mixin.py:149} INFO - [2023-10-28T08:26:05.677+0000] {dagbag.py:541} INFO - Filling up the DagBag from /usr/local/lib/python3.10/dist-packages/airflow/example_dags/tutorial_taskflow_api.py
[2023-10-28T08:26:05.692+0000] {processor.py:809} INFO - DAG(s) dict_keys(['tutorial_taskflow_api']) retrieved from /usr/local/lib/python3.10/dist-packages/airflow/example_dags/tutorial_taskflow_api.py
[2023-10-28T08:26:05.775+0000] {logging_mixin.py:149} INFO - [2023-10-28T08:26:05.775+0000] {dag.py:2726} INFO - Sync 1 DAGs
[2023-10-28T08:26:05.851+0000] {logging_mixin.py:149} INFO - [2023-10-28T08:26:05.851+0000] {dag.py:3486} INFO - Setting next_dagrun for tutorial_taskflow_api to None, run_after=None
[2023-10-28T08:26:05.948+0000] {processor.py:178} INFO - Processing /usr/local/lib/python3.10/dist-packages/airflow/example_dags/tutorial_taskflow_api.py took 0.321 seconds
[2023-10-28T08:26:36.207+0000] {processor.py:156} INFO - Started process (PID=1509888) to work on /usr/local/lib/python3.10/dist-packages/airflow/example_dags/tutorial_taskflow_api.py
[2023-10-28T08:26:36.241+0000] {processor.py:799} INFO - Processing file /usr/local/lib/python3.10/dist-packages/airflow/example_dags/tutorial_taskflow_api.py for tasks to queue
[2023-10-28T08:26:36.242+0000] {logging_mixin.py:149} INFO - [2023-10-28T08:26:36.242+0000] {dagbag.py:541} INFO - Filling up the DagBag from /usr/local/lib/python3.10/dist-packages/airflow/example_dags/tutorial_taskflow_api.py
[2023-10-28T08:26:36.257+0000] {processor.py:809} INFO - DAG(s) dict_keys(['tutorial_taskflow_api']) retrieved from /usr/local/lib/python3.10/dist-packages/airflow/example_dags/tutorial_taskflow_api.py
[2023-10-28T08:26:36.343+0000] {logging_mixin.py:149} INFO - [2023-10-28T08:26:36.342+0000] {dag.py:2726} INFO - Sync 1 DAGs
[2023-10-28T08:26:36.416+0000] {logging_mixin.py:149} INFO - [2023-10-28T08:26:36.415+0000] {dag.py:3486} INFO - Setting next_dagrun for tutorial_taskflow_api to None, run_after=None
[2023-10-28T08:26:36.529+0000] {processor.py:178} INFO - Processing /usr/local/lib/python3.10/dist-packages/airflow/example_dags/tutorial_taskflow_api.py took 0.331 seconds
[2023-10-28T08:27:06.627+0000] {processor.py:156} INFO - Started process (PID=1510392) to work on /usr/local/lib/python3.10/dist-packages/airflow/example_dags/tutorial_taskflow_api.py
[2023-10-28T08:27:06.629+0000] {processor.py:799} INFO - Processing file /usr/local/lib/python3.10/dist-packages/airflow/example_dags/tutorial_taskflow_api.py for tasks to queue
[2023-10-28T08:27:06.631+0000] {logging_mixin.py:149} INFO - [2023-10-28T08:27:06.630+0000] {dagbag.py:541} INFO - Filling up the DagBag from /usr/local/lib/python3.10/dist-packages/airflow/example_dags/tutorial_taskflow_api.py
[2023-10-28T08:27:06.646+0000] {processor.py:809} INFO - DAG(s) dict_keys(['tutorial_taskflow_api']) retrieved from /usr/local/lib/python3.10/dist-packages/airflow/example_dags/tutorial_taskflow_api.py
[2023-10-28T08:27:06.724+0000] {logging_mixin.py:149} INFO - [2023-10-28T08:27:06.724+0000] {dag.py:2726} INFO - Sync 1 DAGs
[2023-10-28T08:27:06.803+0000] {logging_mixin.py:149} INFO - [2023-10-28T08:27:06.802+0000] {dag.py:3486} INFO - Setting next_dagrun for tutorial_taskflow_api to None, run_after=None
[2023-10-28T08:27:06.911+0000] {processor.py:178} INFO - Processing /usr/local/lib/python3.10/dist-packages/airflow/example_dags/tutorial_taskflow_api.py took 0.293 seconds
[2023-10-28T08:27:37.477+0000] {processor.py:156} INFO - Started process (PID=1510819) to work on /usr/local/lib/python3.10/dist-packages/airflow/example_dags/tutorial_taskflow_api.py
[2023-10-28T08:27:37.501+0000] {processor.py:799} INFO - Processing file /usr/local/lib/python3.10/dist-packages/airflow/example_dags/tutorial_taskflow_api.py for tasks to queue
[2023-10-28T08:27:37.503+0000] {logging_mixin.py:149} INFO - [2023-10-28T08:27:37.503+0000] {dagbag.py:541} INFO - Filling up the DagBag from /usr/local/lib/python3.10/dist-packages/airflow/example_dags/tutorial_taskflow_api.py
[2023-10-28T08:27:37.519+0000] {processor.py:809} INFO - DAG(s) dict_keys(['tutorial_taskflow_api']) retrieved from /usr/local/lib/python3.10/dist-packages/airflow/example_dags/tutorial_taskflow_api.py
[2023-10-28T08:27:37.606+0000] {logging_mixin.py:149} INFO - [2023-10-28T08:27:37.605+0000] {dag.py:2726} INFO - Sync 1 DAGs
[2023-10-28T08:27:37.700+0000] {logging_mixin.py:149} INFO - [2023-10-28T08:27:37.699+0000] {dag.py:3486} INFO - Setting next_dagrun for tutorial_taskflow_api to None, run_after=None
[2023-10-28T08:27:37.769+0000] {processor.py:178} INFO - Processing /usr/local/lib/python3.10/dist-packages/airflow/example_dags/tutorial_taskflow_api.py took 0.298 seconds
[2023-10-28T08:28:07.959+0000] {processor.py:156} INFO - Started process (PID=1511202) to work on /usr/local/lib/python3.10/dist-packages/airflow/example_dags/tutorial_taskflow_api.py
[2023-10-28T08:28:07.985+0000] {processor.py:799} INFO - Processing file /usr/local/lib/python3.10/dist-packages/airflow/example_dags/tutorial_taskflow_api.py for tasks to queue
[2023-10-28T08:28:07.987+0000] {logging_mixin.py:149} INFO - [2023-10-28T08:28:07.986+0000] {dagbag.py:541} INFO - Filling up the DagBag from /usr/local/lib/python3.10/dist-packages/airflow/example_dags/tutorial_taskflow_api.py
[2023-10-28T08:28:08.005+0000] {processor.py:809} INFO - DAG(s) dict_keys(['tutorial_taskflow_api']) retrieved from /usr/local/lib/python3.10/dist-packages/airflow/example_dags/tutorial_taskflow_api.py
[2023-10-28T08:28:08.093+0000] {logging_mixin.py:149} INFO - [2023-10-28T08:28:08.093+0000] {dag.py:2726} INFO - Sync 1 DAGs
[2023-10-28T08:28:08.175+0000] {logging_mixin.py:149} INFO - [2023-10-28T08:28:08.175+0000] {dag.py:3486} INFO - Setting next_dagrun for tutorial_taskflow_api to None, run_after=None
[2023-10-28T08:28:08.238+0000] {processor.py:178} INFO - Processing /usr/local/lib/python3.10/dist-packages/airflow/example_dags/tutorial_taskflow_api.py took 0.286 seconds
[2023-10-28T08:28:38.768+0000] {processor.py:156} INFO - Started process (PID=1511579) to work on /usr/local/lib/python3.10/dist-packages/airflow/example_dags/tutorial_taskflow_api.py
[2023-10-28T08:28:38.804+0000] {processor.py:799} INFO - Processing file /usr/local/lib/python3.10/dist-packages/airflow/example_dags/tutorial_taskflow_api.py for tasks to queue
[2023-10-28T08:28:38.806+0000] {logging_mixin.py:149} INFO - [2023-10-28T08:28:38.805+0000] {dagbag.py:541} INFO - Filling up the DagBag from /usr/local/lib/python3.10/dist-packages/airflow/example_dags/tutorial_taskflow_api.py
[2023-10-28T08:28:38.821+0000] {processor.py:809} INFO - DAG(s) dict_keys(['tutorial_taskflow_api']) retrieved from /usr/local/lib/python3.10/dist-packages/airflow/example_dags/tutorial_taskflow_api.py
[2023-10-28T08:28:38.902+0000] {logging_mixin.py:149} INFO - [2023-10-28T08:28:38.902+0000] {dag.py:2726} INFO - Sync 1 DAGs
[2023-10-28T08:28:38.974+0000] {logging_mixin.py:149} INFO - [2023-10-28T08:28:38.974+0000] {dag.py:3486} INFO - Setting next_dagrun for tutorial_taskflow_api to None, run_after=None
[2023-10-28T08:28:39.036+0000] {processor.py:178} INFO - Processing /usr/local/lib/python3.10/dist-packages/airflow/example_dags/tutorial_taskflow_api.py took 0.276 seconds
[2023-10-28T08:29:09.339+0000] {processor.py:156} INFO - Started process (PID=1511973) to work on /usr/local/lib/python3.10/dist-packages/airflow/example_dags/tutorial_taskflow_api.py
[2023-10-28T08:29:09.342+0000] {processor.py:799} INFO - Processing file /usr/local/lib/python3.10/dist-packages/airflow/example_dags/tutorial_taskflow_api.py for tasks to queue
[2023-10-28T08:29:09.344+0000] {logging_mixin.py:149} INFO - [2023-10-28T08:29:09.343+0000] {dagbag.py:541} INFO - Filling up the DagBag from /usr/local/lib/python3.10/dist-packages/airflow/example_dags/tutorial_taskflow_api.py
[2023-10-28T08:29:09.359+0000] {processor.py:809} INFO - DAG(s) dict_keys(['tutorial_taskflow_api']) retrieved from /usr/local/lib/python3.10/dist-packages/airflow/example_dags/tutorial_taskflow_api.py
[2023-10-28T08:29:09.435+0000] {logging_mixin.py:149} INFO - [2023-10-28T08:29:09.435+0000] {dag.py:2726} INFO - Sync 1 DAGs
[2023-10-28T08:29:09.508+0000] {logging_mixin.py:149} INFO - [2023-10-28T08:29:09.507+0000] {dag.py:3486} INFO - Setting next_dagrun for tutorial_taskflow_api to None, run_after=None
[2023-10-28T08:29:09.585+0000] {processor.py:178} INFO - Processing /usr/local/lib/python3.10/dist-packages/airflow/example_dags/tutorial_taskflow_api.py took 0.253 seconds
[2023-10-28T08:29:39.811+0000] {processor.py:156} INFO - Started process (PID=1512331) to work on /usr/local/lib/python3.10/dist-packages/airflow/example_dags/tutorial_taskflow_api.py
[2023-10-28T08:29:39.837+0000] {processor.py:799} INFO - Processing file /usr/local/lib/python3.10/dist-packages/airflow/example_dags/tutorial_taskflow_api.py for tasks to queue
[2023-10-28T08:29:39.839+0000] {logging_mixin.py:149} INFO - [2023-10-28T08:29:39.839+0000] {dagbag.py:541} INFO - Filling up the DagBag from /usr/local/lib/python3.10/dist-packages/airflow/example_dags/tutorial_taskflow_api.py
[2023-10-28T08:29:39.854+0000] {processor.py:809} INFO - DAG(s) dict_keys(['tutorial_taskflow_api']) retrieved from /usr/local/lib/python3.10/dist-packages/airflow/example_dags/tutorial_taskflow_api.py
[2023-10-28T08:29:39.933+0000] {logging_mixin.py:149} INFO - [2023-10-28T08:29:39.933+0000] {dag.py:2726} INFO - Sync 1 DAGs
[2023-10-28T08:29:40.005+0000] {logging_mixin.py:149} INFO - [2023-10-28T08:29:40.005+0000] {dag.py:3486} INFO - Setting next_dagrun for tutorial_taskflow_api to None, run_after=None
[2023-10-28T08:29:40.098+0000] {processor.py:178} INFO - Processing /usr/local/lib/python3.10/dist-packages/airflow/example_dags/tutorial_taskflow_api.py took 0.295 seconds
[2023-10-28T08:30:10.301+0000] {processor.py:156} INFO - Started process (PID=1512711) to work on /usr/local/lib/python3.10/dist-packages/airflow/example_dags/tutorial_taskflow_api.py
[2023-10-28T08:30:10.325+0000] {processor.py:799} INFO - Processing file /usr/local/lib/python3.10/dist-packages/airflow/example_dags/tutorial_taskflow_api.py for tasks to queue
[2023-10-28T08:30:10.327+0000] {logging_mixin.py:149} INFO - [2023-10-28T08:30:10.326+0000] {dagbag.py:541} INFO - Filling up the DagBag from /usr/local/lib/python3.10/dist-packages/airflow/example_dags/tutorial_taskflow_api.py
[2023-10-28T08:30:10.341+0000] {processor.py:809} INFO - DAG(s) dict_keys(['tutorial_taskflow_api']) retrieved from /usr/local/lib/python3.10/dist-packages/airflow/example_dags/tutorial_taskflow_api.py
[2023-10-28T08:30:10.422+0000] {logging_mixin.py:149} INFO - [2023-10-28T08:30:10.422+0000] {dag.py:2726} INFO - Sync 1 DAGs
[2023-10-28T08:30:10.497+0000] {logging_mixin.py:149} INFO - [2023-10-28T08:30:10.497+0000] {dag.py:3486} INFO - Setting next_dagrun for tutorial_taskflow_api to None, run_after=None
[2023-10-28T08:30:10.597+0000] {processor.py:178} INFO - Processing /usr/local/lib/python3.10/dist-packages/airflow/example_dags/tutorial_taskflow_api.py took 0.304 seconds
[2023-10-28T08:30:41.381+0000] {processor.py:156} INFO - Started process (PID=1513325) to work on /usr/local/lib/python3.10/dist-packages/airflow/example_dags/tutorial_taskflow_api.py
[2023-10-28T08:30:41.383+0000] {processor.py:799} INFO - Processing file /usr/local/lib/python3.10/dist-packages/airflow/example_dags/tutorial_taskflow_api.py for tasks to queue
[2023-10-28T08:30:41.385+0000] {logging_mixin.py:149} INFO - [2023-10-28T08:30:41.385+0000] {dagbag.py:541} INFO - Filling up the DagBag from /usr/local/lib/python3.10/dist-packages/airflow/example_dags/tutorial_taskflow_api.py
[2023-10-28T08:30:41.403+0000] {processor.py:809} INFO - DAG(s) dict_keys(['tutorial_taskflow_api']) retrieved from /usr/local/lib/python3.10/dist-packages/airflow/example_dags/tutorial_taskflow_api.py
[2023-10-28T08:30:41.488+0000] {logging_mixin.py:149} INFO - [2023-10-28T08:30:41.488+0000] {dag.py:2726} INFO - Sync 1 DAGs
[2023-10-28T08:30:41.564+0000] {logging_mixin.py:149} INFO - [2023-10-28T08:30:41.564+0000] {dag.py:3486} INFO - Setting next_dagrun for tutorial_taskflow_api to None, run_after=None
[2023-10-28T08:30:41.665+0000] {processor.py:178} INFO - Processing /usr/local/lib/python3.10/dist-packages/airflow/example_dags/tutorial_taskflow_api.py took 0.292 seconds
[2023-10-28T08:31:11.921+0000] {processor.py:156} INFO - Started process (PID=1513748) to work on /usr/local/lib/python3.10/dist-packages/airflow/example_dags/tutorial_taskflow_api.py
[2023-10-28T08:31:11.924+0000] {processor.py:799} INFO - Processing file /usr/local/lib/python3.10/dist-packages/airflow/example_dags/tutorial_taskflow_api.py for tasks to queue
[2023-10-28T08:31:11.926+0000] {logging_mixin.py:149} INFO - [2023-10-28T08:31:11.925+0000] {dagbag.py:541} INFO - Filling up the DagBag from /usr/local/lib/python3.10/dist-packages/airflow/example_dags/tutorial_taskflow_api.py
[2023-10-28T08:31:11.941+0000] {processor.py:809} INFO - DAG(s) dict_keys(['tutorial_taskflow_api']) retrieved from /usr/local/lib/python3.10/dist-packages/airflow/example_dags/tutorial_taskflow_api.py
[2023-10-28T08:31:12.023+0000] {logging_mixin.py:149} INFO - [2023-10-28T08:31:12.022+0000] {dag.py:2726} INFO - Sync 1 DAGs
[2023-10-28T08:31:12.103+0000] {logging_mixin.py:149} INFO - [2023-10-28T08:31:12.102+0000] {dag.py:3486} INFO - Setting next_dagrun for tutorial_taskflow_api to None, run_after=None
[2023-10-28T08:31:12.211+0000] {processor.py:178} INFO - Processing /usr/local/lib/python3.10/dist-packages/airflow/example_dags/tutorial_taskflow_api.py took 0.297 seconds
[2023-10-28T08:31:42.903+0000] {processor.py:156} INFO - Started process (PID=1514334) to work on /usr/local/lib/python3.10/dist-packages/airflow/example_dags/tutorial_taskflow_api.py
[2023-10-28T08:31:42.931+0000] {processor.py:799} INFO - Processing file /usr/local/lib/python3.10/dist-packages/airflow/example_dags/tutorial_taskflow_api.py for tasks to queue
[2023-10-28T08:31:42.933+0000] {logging_mixin.py:149} INFO - [2023-10-28T08:31:42.933+0000] {dagbag.py:541} INFO - Filling up the DagBag from /usr/local/lib/python3.10/dist-packages/airflow/example_dags/tutorial_taskflow_api.py
[2023-10-28T08:31:42.951+0000] {processor.py:809} INFO - DAG(s) dict_keys(['tutorial_taskflow_api']) retrieved from /usr/local/lib/python3.10/dist-packages/airflow/example_dags/tutorial_taskflow_api.py
[2023-10-28T08:31:43.035+0000] {logging_mixin.py:149} INFO - [2023-10-28T08:31:43.034+0000] {dag.py:2726} INFO - Sync 1 DAGs
[2023-10-28T08:31:43.113+0000] {logging_mixin.py:149} INFO - [2023-10-28T08:31:43.113+0000] {dag.py:3486} INFO - Setting next_dagrun for tutorial_taskflow_api to None, run_after=None
[2023-10-28T08:31:43.198+0000] {processor.py:178} INFO - Processing /usr/local/lib/python3.10/dist-packages/airflow/example_dags/tutorial_taskflow_api.py took 0.303 seconds
[2023-10-28T08:32:13.541+0000] {processor.py:156} INFO - Started process (PID=1514971) to work on /usr/local/lib/python3.10/dist-packages/airflow/example_dags/tutorial_taskflow_api.py
[2023-10-28T08:32:13.544+0000] {processor.py:799} INFO - Processing file /usr/local/lib/python3.10/dist-packages/airflow/example_dags/tutorial_taskflow_api.py for tasks to queue
[2023-10-28T08:32:13.546+0000] {logging_mixin.py:149} INFO - [2023-10-28T08:32:13.546+0000] {dagbag.py:541} INFO - Filling up the DagBag from /usr/local/lib/python3.10/dist-packages/airflow/example_dags/tutorial_taskflow_api.py
[2023-10-28T08:32:13.563+0000] {processor.py:809} INFO - DAG(s) dict_keys(['tutorial_taskflow_api']) retrieved from /usr/local/lib/python3.10/dist-packages/airflow/example_dags/tutorial_taskflow_api.py
[2023-10-28T08:32:13.647+0000] {logging_mixin.py:149} INFO - [2023-10-28T08:32:13.646+0000] {dag.py:2726} INFO - Sync 1 DAGs
[2023-10-28T08:32:13.729+0000] {logging_mixin.py:149} INFO - [2023-10-28T08:32:13.729+0000] {dag.py:3486} INFO - Setting next_dagrun for tutorial_taskflow_api to None, run_after=None
[2023-10-28T08:32:13.797+0000] {processor.py:178} INFO - Processing /usr/local/lib/python3.10/dist-packages/airflow/example_dags/tutorial_taskflow_api.py took 0.263 seconds
[2023-10-28T08:32:43.995+0000] {processor.py:156} INFO - Started process (PID=1515554) to work on /usr/local/lib/python3.10/dist-packages/airflow/example_dags/tutorial_taskflow_api.py
[2023-10-28T08:32:44.036+0000] {processor.py:799} INFO - Processing file /usr/local/lib/python3.10/dist-packages/airflow/example_dags/tutorial_taskflow_api.py for tasks to queue
[2023-10-28T08:32:44.038+0000] {logging_mixin.py:149} INFO - [2023-10-28T08:32:44.037+0000] {dagbag.py:541} INFO - Filling up the DagBag from /usr/local/lib/python3.10/dist-packages/airflow/example_dags/tutorial_taskflow_api.py
[2023-10-28T08:32:44.052+0000] {processor.py:809} INFO - DAG(s) dict_keys(['tutorial_taskflow_api']) retrieved from /usr/local/lib/python3.10/dist-packages/airflow/example_dags/tutorial_taskflow_api.py
[2023-10-28T08:32:44.127+0000] {logging_mixin.py:149} INFO - [2023-10-28T08:32:44.126+0000] {dag.py:2726} INFO - Sync 1 DAGs
[2023-10-28T08:32:44.208+0000] {logging_mixin.py:149} INFO - [2023-10-28T08:32:44.207+0000] {dag.py:3486} INFO - Setting next_dagrun for tutorial_taskflow_api to None, run_after=None
[2023-10-28T08:32:44.283+0000] {processor.py:178} INFO - Processing /usr/local/lib/python3.10/dist-packages/airflow/example_dags/tutorial_taskflow_api.py took 0.296 seconds
[2023-10-28T08:33:14.868+0000] {processor.py:156} INFO - Started process (PID=1516075) to work on /usr/local/lib/python3.10/dist-packages/airflow/example_dags/tutorial_taskflow_api.py
[2023-10-28T08:33:14.870+0000] {processor.py:799} INFO - Processing file /usr/local/lib/python3.10/dist-packages/airflow/example_dags/tutorial_taskflow_api.py for tasks to queue
[2023-10-28T08:33:14.872+0000] {logging_mixin.py:149} INFO - [2023-10-28T08:33:14.871+0000] {dagbag.py:541} INFO - Filling up the DagBag from /usr/local/lib/python3.10/dist-packages/airflow/example_dags/tutorial_taskflow_api.py
[2023-10-28T08:33:14.886+0000] {processor.py:809} INFO - DAG(s) dict_keys(['tutorial_taskflow_api']) retrieved from /usr/local/lib/python3.10/dist-packages/airflow/example_dags/tutorial_taskflow_api.py
[2023-10-28T08:33:14.966+0000] {logging_mixin.py:149} INFO - [2023-10-28T08:33:14.965+0000] {dag.py:2726} INFO - Sync 1 DAGs
[2023-10-28T08:33:15.040+0000] {logging_mixin.py:149} INFO - [2023-10-28T08:33:15.039+0000] {dag.py:3486} INFO - Setting next_dagrun for tutorial_taskflow_api to None, run_after=None
[2023-10-28T08:33:15.120+0000] {processor.py:178} INFO - Processing /usr/local/lib/python3.10/dist-packages/airflow/example_dags/tutorial_taskflow_api.py took 0.260 seconds
[2023-10-28T08:33:45.576+0000] {processor.py:156} INFO - Started process (PID=1516434) to work on /usr/local/lib/python3.10/dist-packages/airflow/example_dags/tutorial_taskflow_api.py
[2023-10-28T08:33:45.616+0000] {processor.py:799} INFO - Processing file /usr/local/lib/python3.10/dist-packages/airflow/example_dags/tutorial_taskflow_api.py for tasks to queue
[2023-10-28T08:33:45.618+0000] {logging_mixin.py:149} INFO - [2023-10-28T08:33:45.618+0000] {dagbag.py:541} INFO - Filling up the DagBag from /usr/local/lib/python3.10/dist-packages/airflow/example_dags/tutorial_taskflow_api.py
[2023-10-28T08:33:45.633+0000] {processor.py:809} INFO - DAG(s) dict_keys(['tutorial_taskflow_api']) retrieved from /usr/local/lib/python3.10/dist-packages/airflow/example_dags/tutorial_taskflow_api.py
[2023-10-28T08:33:45.713+0000] {logging_mixin.py:149} INFO - [2023-10-28T08:33:45.712+0000] {dag.py:2726} INFO - Sync 1 DAGs
[2023-10-28T08:33:45.794+0000] {logging_mixin.py:149} INFO - [2023-10-28T08:33:45.793+0000] {dag.py:3486} INFO - Setting next_dagrun for tutorial_taskflow_api to None, run_after=None
[2023-10-28T08:33:45.861+0000] {processor.py:178} INFO - Processing /usr/local/lib/python3.10/dist-packages/airflow/example_dags/tutorial_taskflow_api.py took 0.294 seconds
[2023-10-28T08:34:16.050+0000] {processor.py:156} INFO - Started process (PID=1516830) to work on /usr/local/lib/python3.10/dist-packages/airflow/example_dags/tutorial_taskflow_api.py
[2023-10-28T08:34:16.085+0000] {processor.py:799} INFO - Processing file /usr/local/lib/python3.10/dist-packages/airflow/example_dags/tutorial_taskflow_api.py for tasks to queue
[2023-10-28T08:34:16.086+0000] {logging_mixin.py:149} INFO - [2023-10-28T08:34:16.086+0000] {dagbag.py:541} INFO - Filling up the DagBag from /usr/local/lib/python3.10/dist-packages/airflow/example_dags/tutorial_taskflow_api.py
[2023-10-28T08:34:16.101+0000] {processor.py:809} INFO - DAG(s) dict_keys(['tutorial_taskflow_api']) retrieved from /usr/local/lib/python3.10/dist-packages/airflow/example_dags/tutorial_taskflow_api.py
[2023-10-28T08:34:16.184+0000] {logging_mixin.py:149} INFO - [2023-10-28T08:34:16.183+0000] {dag.py:2726} INFO - Sync 1 DAGs
[2023-10-28T08:34:16.255+0000] {logging_mixin.py:149} INFO - [2023-10-28T08:34:16.254+0000] {dag.py:3486} INFO - Setting next_dagrun for tutorial_taskflow_api to None, run_after=None
[2023-10-28T08:34:16.322+0000] {processor.py:178} INFO - Processing /usr/local/lib/python3.10/dist-packages/airflow/example_dags/tutorial_taskflow_api.py took 0.278 seconds
[2023-10-28T08:34:46.830+0000] {processor.py:156} INFO - Started process (PID=1517191) to work on /usr/local/lib/python3.10/dist-packages/airflow/example_dags/tutorial_taskflow_api.py
[2023-10-28T08:34:46.865+0000] {processor.py:799} INFO - Processing file /usr/local/lib/python3.10/dist-packages/airflow/example_dags/tutorial_taskflow_api.py for tasks to queue
[2023-10-28T08:34:46.867+0000] {logging_mixin.py:149} INFO - [2023-10-28T08:34:46.867+0000] {dagbag.py:541} INFO - Filling up the DagBag from /usr/local/lib/python3.10/dist-packages/airflow/example_dags/tutorial_taskflow_api.py
[2023-10-28T08:34:46.881+0000] {processor.py:809} INFO - DAG(s) dict_keys(['tutorial_taskflow_api']) retrieved from /usr/local/lib/python3.10/dist-packages/airflow/example_dags/tutorial_taskflow_api.py
[2023-10-28T08:34:46.962+0000] {logging_mixin.py:149} INFO - [2023-10-28T08:34:46.961+0000] {dag.py:2726} INFO - Sync 1 DAGs
[2023-10-28T08:34:47.034+0000] {logging_mixin.py:149} INFO - [2023-10-28T08:34:47.033+0000] {dag.py:3486} INFO - Setting next_dagrun for tutorial_taskflow_api to None, run_after=None
[2023-10-28T08:34:47.143+0000] {processor.py:178} INFO - Processing /usr/local/lib/python3.10/dist-packages/airflow/example_dags/tutorial_taskflow_api.py took 0.320 seconds
[2023-10-28T08:35:17.923+0000] {processor.py:156} INFO - Started process (PID=1517594) to work on /usr/local/lib/python3.10/dist-packages/airflow/example_dags/tutorial_taskflow_api.py
[2023-10-28T08:35:17.964+0000] {processor.py:799} INFO - Processing file /usr/local/lib/python3.10/dist-packages/airflow/example_dags/tutorial_taskflow_api.py for tasks to queue
[2023-10-28T08:35:17.966+0000] {logging_mixin.py:149} INFO - [2023-10-28T08:35:17.966+0000] {dagbag.py:541} INFO - Filling up the DagBag from /usr/local/lib/python3.10/dist-packages/airflow/example_dags/tutorial_taskflow_api.py
[2023-10-28T08:35:17.981+0000] {processor.py:809} INFO - DAG(s) dict_keys(['tutorial_taskflow_api']) retrieved from /usr/local/lib/python3.10/dist-packages/airflow/example_dags/tutorial_taskflow_api.py
[2023-10-28T08:35:18.059+0000] {logging_mixin.py:149} INFO - [2023-10-28T08:35:18.058+0000] {dag.py:2726} INFO - Sync 1 DAGs
[2023-10-28T08:35:18.136+0000] {logging_mixin.py:149} INFO - [2023-10-28T08:35:18.135+0000] {dag.py:3486} INFO - Setting next_dagrun for tutorial_taskflow_api to None, run_after=None
[2023-10-28T08:35:18.207+0000] {processor.py:178} INFO - Processing /usr/local/lib/python3.10/dist-packages/airflow/example_dags/tutorial_taskflow_api.py took 0.291 seconds
[2023-10-28T08:35:48.282+0000] {processor.py:156} INFO - Started process (PID=1518202) to work on /usr/local/lib/python3.10/dist-packages/airflow/example_dags/tutorial_taskflow_api.py
[2023-10-28T08:35:48.284+0000] {processor.py:799} INFO - Processing file /usr/local/lib/python3.10/dist-packages/airflow/example_dags/tutorial_taskflow_api.py for tasks to queue
[2023-10-28T08:35:48.286+0000] {logging_mixin.py:149} INFO - [2023-10-28T08:35:48.286+0000] {dagbag.py:541} INFO - Filling up the DagBag from /usr/local/lib/python3.10/dist-packages/airflow/example_dags/tutorial_taskflow_api.py
[2023-10-28T08:35:48.303+0000] {processor.py:809} INFO - DAG(s) dict_keys(['tutorial_taskflow_api']) retrieved from /usr/local/lib/python3.10/dist-packages/airflow/example_dags/tutorial_taskflow_api.py
[2023-10-28T08:35:48.385+0000] {logging_mixin.py:149} INFO - [2023-10-28T08:35:48.385+0000] {dag.py:2726} INFO - Sync 1 DAGs
[2023-10-28T08:35:48.460+0000] {logging_mixin.py:149} INFO - [2023-10-28T08:35:48.459+0000] {dag.py:3486} INFO - Setting next_dagrun for tutorial_taskflow_api to None, run_after=None
[2023-10-28T08:35:48.565+0000] {processor.py:178} INFO - Processing /usr/local/lib/python3.10/dist-packages/airflow/example_dags/tutorial_taskflow_api.py took 0.291 seconds
[2023-10-28T08:36:18.953+0000] {processor.py:156} INFO - Started process (PID=1518586) to work on /usr/local/lib/python3.10/dist-packages/airflow/example_dags/tutorial_taskflow_api.py
[2023-10-28T08:36:18.977+0000] {processor.py:799} INFO - Processing file /usr/local/lib/python3.10/dist-packages/airflow/example_dags/tutorial_taskflow_api.py for tasks to queue
[2023-10-28T08:36:18.979+0000] {logging_mixin.py:149} INFO - [2023-10-28T08:36:18.979+0000] {dagbag.py:541} INFO - Filling up the DagBag from /usr/local/lib/python3.10/dist-packages/airflow/example_dags/tutorial_taskflow_api.py
[2023-10-28T08:36:18.996+0000] {processor.py:809} INFO - DAG(s) dict_keys(['tutorial_taskflow_api']) retrieved from /usr/local/lib/python3.10/dist-packages/airflow/example_dags/tutorial_taskflow_api.py
[2023-10-28T08:36:19.073+0000] {logging_mixin.py:149} INFO - [2023-10-28T08:36:19.072+0000] {dag.py:2726} INFO - Sync 1 DAGs
[2023-10-28T08:36:19.144+0000] {logging_mixin.py:149} INFO - [2023-10-28T08:36:19.143+0000] {dag.py:3486} INFO - Setting next_dagrun for tutorial_taskflow_api to None, run_after=None
[2023-10-28T08:36:19.229+0000] {processor.py:178} INFO - Processing /usr/local/lib/python3.10/dist-packages/airflow/example_dags/tutorial_taskflow_api.py took 0.282 seconds
[2023-10-28T08:36:49.931+0000] {processor.py:156} INFO - Started process (PID=1518941) to work on /usr/local/lib/python3.10/dist-packages/airflow/example_dags/tutorial_taskflow_api.py
[2023-10-28T08:36:49.933+0000] {processor.py:799} INFO - Processing file /usr/local/lib/python3.10/dist-packages/airflow/example_dags/tutorial_taskflow_api.py for tasks to queue
[2023-10-28T08:36:49.935+0000] {logging_mixin.py:149} INFO - [2023-10-28T08:36:49.935+0000] {dagbag.py:541} INFO - Filling up the DagBag from /usr/local/lib/python3.10/dist-packages/airflow/example_dags/tutorial_taskflow_api.py
[2023-10-28T08:36:49.950+0000] {processor.py:809} INFO - DAG(s) dict_keys(['tutorial_taskflow_api']) retrieved from /usr/local/lib/python3.10/dist-packages/airflow/example_dags/tutorial_taskflow_api.py
[2023-10-28T08:36:50.029+0000] {logging_mixin.py:149} INFO - [2023-10-28T08:36:50.028+0000] {dag.py:2726} INFO - Sync 1 DAGs
[2023-10-28T08:36:50.110+0000] {logging_mixin.py:149} INFO - [2023-10-28T08:36:50.110+0000] {dag.py:3486} INFO - Setting next_dagrun for tutorial_taskflow_api to None, run_after=None
[2023-10-28T08:36:50.193+0000] {processor.py:178} INFO - Processing /usr/local/lib/python3.10/dist-packages/airflow/example_dags/tutorial_taskflow_api.py took 0.269 seconds
[2023-10-28T08:37:20.817+0000] {processor.py:156} INFO - Started process (PID=1519443) to work on /usr/local/lib/python3.10/dist-packages/airflow/example_dags/tutorial_taskflow_api.py
[2023-10-28T08:37:20.860+0000] {processor.py:799} INFO - Processing file /usr/local/lib/python3.10/dist-packages/airflow/example_dags/tutorial_taskflow_api.py for tasks to queue
[2023-10-28T08:37:20.862+0000] {logging_mixin.py:149} INFO - [2023-10-28T08:37:20.862+0000] {dagbag.py:541} INFO - Filling up the DagBag from /usr/local/lib/python3.10/dist-packages/airflow/example_dags/tutorial_taskflow_api.py
[2023-10-28T08:37:20.877+0000] {processor.py:809} INFO - DAG(s) dict_keys(['tutorial_taskflow_api']) retrieved from /usr/local/lib/python3.10/dist-packages/airflow/example_dags/tutorial_taskflow_api.py
[2023-10-28T08:37:20.957+0000] {logging_mixin.py:149} INFO - [2023-10-28T08:37:20.957+0000] {dag.py:2726} INFO - Sync 1 DAGs
[2023-10-28T08:37:21.035+0000] {logging_mixin.py:149} INFO - [2023-10-28T08:37:21.034+0000] {dag.py:3486} INFO - Setting next_dagrun for tutorial_taskflow_api to None, run_after=None
[2023-10-28T08:37:21.102+0000] {processor.py:178} INFO - Processing /usr/local/lib/python3.10/dist-packages/airflow/example_dags/tutorial_taskflow_api.py took 0.292 seconds
[2023-10-28T08:37:51.456+0000] {processor.py:156} INFO - Started process (PID=1519802) to work on /usr/local/lib/python3.10/dist-packages/airflow/example_dags/tutorial_taskflow_api.py
[2023-10-28T08:37:51.458+0000] {processor.py:799} INFO - Processing file /usr/local/lib/python3.10/dist-packages/airflow/example_dags/tutorial_taskflow_api.py for tasks to queue
[2023-10-28T08:37:51.460+0000] {logging_mixin.py:149} INFO - [2023-10-28T08:37:51.460+0000] {dagbag.py:541} INFO - Filling up the DagBag from /usr/local/lib/python3.10/dist-packages/airflow/example_dags/tutorial_taskflow_api.py
[2023-10-28T08:37:51.474+0000] {processor.py:809} INFO - DAG(s) dict_keys(['tutorial_taskflow_api']) retrieved from /usr/local/lib/python3.10/dist-packages/airflow/example_dags/tutorial_taskflow_api.py
[2023-10-28T08:37:51.554+0000] {logging_mixin.py:149} INFO - [2023-10-28T08:37:51.553+0000] {dag.py:2726} INFO - Sync 1 DAGs
[2023-10-28T08:37:51.625+0000] {logging_mixin.py:149} INFO - [2023-10-28T08:37:51.625+0000] {dag.py:3486} INFO - Setting next_dagrun for tutorial_taskflow_api to None, run_after=None
[2023-10-28T08:37:51.697+0000] {processor.py:178} INFO - Processing /usr/local/lib/python3.10/dist-packages/airflow/example_dags/tutorial_taskflow_api.py took 0.248 seconds
[2023-10-28T08:38:22.409+0000] {processor.py:156} INFO - Started process (PID=1520321) to work on /usr/local/lib/python3.10/dist-packages/airflow/example_dags/tutorial_taskflow_api.py
[2023-10-28T08:38:22.421+0000] {processor.py:799} INFO - Processing file /usr/local/lib/python3.10/dist-packages/airflow/example_dags/tutorial_taskflow_api.py for tasks to queue
[2023-10-28T08:38:22.423+0000] {logging_mixin.py:149} INFO - [2023-10-28T08:38:22.423+0000] {dagbag.py:541} INFO - Filling up the DagBag from /usr/local/lib/python3.10/dist-packages/airflow/example_dags/tutorial_taskflow_api.py
[2023-10-28T08:38:22.438+0000] {processor.py:809} INFO - DAG(s) dict_keys(['tutorial_taskflow_api']) retrieved from /usr/local/lib/python3.10/dist-packages/airflow/example_dags/tutorial_taskflow_api.py
[2023-10-28T08:38:22.518+0000] {logging_mixin.py:149} INFO - [2023-10-28T08:38:22.517+0000] {dag.py:2726} INFO - Sync 1 DAGs
[2023-10-28T08:38:22.591+0000] {logging_mixin.py:149} INFO - [2023-10-28T08:38:22.591+0000] {dag.py:3486} INFO - Setting next_dagrun for tutorial_taskflow_api to None, run_after=None
[2023-10-28T08:38:22.692+0000] {processor.py:178} INFO - Processing /usr/local/lib/python3.10/dist-packages/airflow/example_dags/tutorial_taskflow_api.py took 0.290 seconds
[2023-10-28T08:38:52.823+0000] {processor.py:156} INFO - Started process (PID=1520845) to work on /usr/local/lib/python3.10/dist-packages/airflow/example_dags/tutorial_taskflow_api.py
[2023-10-28T08:38:52.825+0000] {processor.py:799} INFO - Processing file /usr/local/lib/python3.10/dist-packages/airflow/example_dags/tutorial_taskflow_api.py for tasks to queue
[2023-10-28T08:38:52.827+0000] {logging_mixin.py:149} INFO - [2023-10-28T08:38:52.826+0000] {dagbag.py:541} INFO - Filling up the DagBag from /usr/local/lib/python3.10/dist-packages/airflow/example_dags/tutorial_taskflow_api.py
[2023-10-28T08:38:52.841+0000] {processor.py:809} INFO - DAG(s) dict_keys(['tutorial_taskflow_api']) retrieved from /usr/local/lib/python3.10/dist-packages/airflow/example_dags/tutorial_taskflow_api.py
[2023-10-28T08:38:52.928+0000] {logging_mixin.py:149} INFO - [2023-10-28T08:38:52.927+0000] {dag.py:2726} INFO - Sync 1 DAGs
[2023-10-28T08:38:53.001+0000] {logging_mixin.py:149} INFO - [2023-10-28T08:38:53.001+0000] {dag.py:3486} INFO - Setting next_dagrun for tutorial_taskflow_api to None, run_after=None
[2023-10-28T08:38:53.100+0000] {processor.py:178} INFO - Processing /usr/local/lib/python3.10/dist-packages/airflow/example_dags/tutorial_taskflow_api.py took 0.284 seconds
[2023-10-28T08:39:24.143+0000] {processor.py:156} INFO - Started process (PID=1521356) to work on /usr/local/lib/python3.10/dist-packages/airflow/example_dags/tutorial_taskflow_api.py
[2023-10-28T08:39:24.188+0000] {processor.py:799} INFO - Processing file /usr/local/lib/python3.10/dist-packages/airflow/example_dags/tutorial_taskflow_api.py for tasks to queue
[2023-10-28T08:39:24.190+0000] {logging_mixin.py:149} INFO - [2023-10-28T08:39:24.190+0000] {dagbag.py:541} INFO - Filling up the DagBag from /usr/local/lib/python3.10/dist-packages/airflow/example_dags/tutorial_taskflow_api.py
[2023-10-28T08:39:24.204+0000] {processor.py:809} INFO - DAG(s) dict_keys(['tutorial_taskflow_api']) retrieved from /usr/local/lib/python3.10/dist-packages/airflow/example_dags/tutorial_taskflow_api.py
[2023-10-28T08:39:24.281+0000] {logging_mixin.py:149} INFO - [2023-10-28T08:39:24.280+0000] {dag.py:2726} INFO - Sync 1 DAGs
[2023-10-28T08:39:24.354+0000] {logging_mixin.py:149} INFO - [2023-10-28T08:39:24.354+0000] {dag.py:3486} INFO - Setting next_dagrun for tutorial_taskflow_api to None, run_after=None
[2023-10-28T08:39:24.416+0000] {processor.py:178} INFO - Processing /usr/local/lib/python3.10/dist-packages/airflow/example_dags/tutorial_taskflow_api.py took 0.280 seconds
