[2023-10-28T07:57:08.642+0000] {processor.py:156} INFO - Started process (PID=1491448) to work on /usr/local/lib/python3.10/dist-packages/airflow/example_dags/tutorial.py
[2023-10-28T07:57:08.644+0000] {processor.py:799} INFO - Processing file /usr/local/lib/python3.10/dist-packages/airflow/example_dags/tutorial.py for tasks to queue
[2023-10-28T07:57:08.646+0000] {logging_mixin.py:149} INFO - [2023-10-28T07:57:08.646+0000] {dagbag.py:541} INFO - Filling up the DagBag from /usr/local/lib/python3.10/dist-packages/airflow/example_dags/tutorial.py
[2023-10-28T07:57:08.669+0000] {processor.py:809} INFO - DAG(s) dict_keys(['tutorial']) retrieved from /usr/local/lib/python3.10/dist-packages/airflow/example_dags/tutorial.py
[2023-10-28T07:57:09.193+0000] {logging_mixin.py:149} INFO - [2023-10-28T07:57:09.192+0000] {manager.py:504} INFO - Created Permission View: can read on DAG:tutorial
[2023-10-28T07:57:09.221+0000] {logging_mixin.py:149} INFO - [2023-10-28T07:57:09.220+0000] {manager.py:504} INFO - Created Permission View: can edit on DAG:tutorial
[2023-10-28T07:57:09.244+0000] {logging_mixin.py:149} INFO - [2023-10-28T07:57:09.243+0000] {manager.py:504} INFO - Created Permission View: can delete on DAG:tutorial
[2023-10-28T07:57:09.245+0000] {logging_mixin.py:149} INFO - [2023-10-28T07:57:09.244+0000] {dag.py:2726} INFO - Sync 1 DAGs
[2023-10-28T07:57:09.273+0000] {logging_mixin.py:149} INFO - [2023-10-28T07:57:09.272+0000] {dag.py:2747} INFO - Creating ORM DAG for tutorial
[2023-10-28T07:57:09.297+0000] {logging_mixin.py:149} INFO - [2023-10-28T07:57:09.297+0000] {dag.py:3486} INFO - Setting next_dagrun for tutorial to 2023-10-27T07:57:09.296514+00:00, run_after=2023-10-28T07:57:09.296514+00:00
[2023-10-28T07:57:09.399+0000] {processor.py:178} INFO - Processing /usr/local/lib/python3.10/dist-packages/airflow/example_dags/tutorial.py took 0.764 seconds
[2023-10-28T07:58:23.286+0000] {processor.py:156} INFO - Started process (PID=1491896) to work on /usr/local/lib/python3.10/dist-packages/airflow/example_dags/tutorial.py
[2023-10-28T07:58:23.288+0000] {processor.py:799} INFO - Processing file /usr/local/lib/python3.10/dist-packages/airflow/example_dags/tutorial.py for tasks to queue
[2023-10-28T07:58:23.290+0000] {logging_mixin.py:149} INFO - [2023-10-28T07:58:23.290+0000] {dagbag.py:541} INFO - Filling up the DagBag from /usr/local/lib/python3.10/dist-packages/airflow/example_dags/tutorial.py
[2023-10-28T07:58:23.305+0000] {processor.py:809} INFO - DAG(s) dict_keys(['tutorial']) retrieved from /usr/local/lib/python3.10/dist-packages/airflow/example_dags/tutorial.py
[2023-10-28T07:58:23.563+0000] {logging_mixin.py:149} INFO - [2023-10-28T07:58:23.562+0000] {dag.py:2726} INFO - Sync 1 DAGs
[2023-10-28T07:58:23.617+0000] {logging_mixin.py:149} INFO - [2023-10-28T07:58:23.617+0000] {dag.py:3486} INFO - Setting next_dagrun for tutorial to 2023-10-27T07:58:23.616796+00:00, run_after=2023-10-28T07:58:23.616796+00:00
[2023-10-28T07:58:23.675+0000] {processor.py:178} INFO - Processing /usr/local/lib/python3.10/dist-packages/airflow/example_dags/tutorial.py took 0.395 seconds
[2023-10-28T07:59:02.193+0000] {processor.py:156} INFO - Started process (PID=1492185) to work on /usr/local/lib/python3.10/dist-packages/airflow/example_dags/tutorial.py
[2023-10-28T07:59:02.232+0000] {processor.py:799} INFO - Processing file /usr/local/lib/python3.10/dist-packages/airflow/example_dags/tutorial.py for tasks to queue
[2023-10-28T07:59:02.234+0000] {logging_mixin.py:149} INFO - [2023-10-28T07:59:02.234+0000] {dagbag.py:541} INFO - Filling up the DagBag from /usr/local/lib/python3.10/dist-packages/airflow/example_dags/tutorial.py
[2023-10-28T07:59:02.249+0000] {processor.py:809} INFO - DAG(s) dict_keys(['tutorial']) retrieved from /usr/local/lib/python3.10/dist-packages/airflow/example_dags/tutorial.py
[2023-10-28T07:59:02.295+0000] {logging_mixin.py:149} INFO - [2023-10-28T07:59:02.295+0000] {dag.py:2726} INFO - Sync 1 DAGs
[2023-10-28T07:59:02.352+0000] {logging_mixin.py:149} INFO - [2023-10-28T07:59:02.351+0000] {dag.py:3486} INFO - Setting next_dagrun for tutorial to 2023-10-27T07:59:02.351112+00:00, run_after=2023-10-28T07:59:02.351112+00:00
[2023-10-28T07:59:02.447+0000] {processor.py:178} INFO - Processing /usr/local/lib/python3.10/dist-packages/airflow/example_dags/tutorial.py took 0.260 seconds
[2023-10-28T07:59:58.315+0000] {processor.py:156} INFO - Started process (PID=1492564) to work on /usr/local/lib/python3.10/dist-packages/airflow/example_dags/tutorial.py
[2023-10-28T07:59:58.353+0000] {processor.py:799} INFO - Processing file /usr/local/lib/python3.10/dist-packages/airflow/example_dags/tutorial.py for tasks to queue
[2023-10-28T07:59:58.355+0000] {logging_mixin.py:149} INFO - [2023-10-28T07:59:58.354+0000] {dagbag.py:541} INFO - Filling up the DagBag from /usr/local/lib/python3.10/dist-packages/airflow/example_dags/tutorial.py
[2023-10-28T07:59:58.371+0000] {processor.py:809} INFO - DAG(s) dict_keys(['tutorial']) retrieved from /usr/local/lib/python3.10/dist-packages/airflow/example_dags/tutorial.py
[2023-10-28T07:59:58.421+0000] {logging_mixin.py:149} INFO - [2023-10-28T07:59:58.421+0000] {dag.py:2726} INFO - Sync 1 DAGs
[2023-10-28T07:59:58.478+0000] {logging_mixin.py:149} INFO - [2023-10-28T07:59:58.477+0000] {dag.py:3486} INFO - Setting next_dagrun for tutorial to 2023-10-27T07:59:58.477088+00:00, run_after=2023-10-28T07:59:58.477088+00:00
[2023-10-28T07:59:58.572+0000] {processor.py:178} INFO - Processing /usr/local/lib/python3.10/dist-packages/airflow/example_dags/tutorial.py took 0.263 seconds
[2023-10-28T08:15:19.070+0000] {processor.py:156} INFO - Started process (PID=1497676) to work on /usr/local/lib/python3.10/dist-packages/airflow/example_dags/tutorial.py
[2023-10-28T08:15:19.072+0000] {processor.py:799} INFO - Processing file /usr/local/lib/python3.10/dist-packages/airflow/example_dags/tutorial.py for tasks to queue
[2023-10-28T08:15:19.074+0000] {logging_mixin.py:149} INFO - [2023-10-28T08:15:19.074+0000] {dagbag.py:541} INFO - Filling up the DagBag from /usr/local/lib/python3.10/dist-packages/airflow/example_dags/tutorial.py
[2023-10-28T08:15:19.095+0000] {processor.py:809} INFO - DAG(s) dict_keys(['tutorial']) retrieved from /usr/local/lib/python3.10/dist-packages/airflow/example_dags/tutorial.py
[2023-10-28T08:15:19.673+0000] {logging_mixin.py:149} INFO - [2023-10-28T08:15:19.672+0000] {manager.py:504} INFO - Created Permission View: can read on DAG:tutorial
[2023-10-28T08:15:19.713+0000] {logging_mixin.py:149} INFO - [2023-10-28T08:15:19.713+0000] {manager.py:504} INFO - Created Permission View: can delete on DAG:tutorial
[2023-10-28T08:15:19.744+0000] {logging_mixin.py:149} INFO - [2023-10-28T08:15:19.744+0000] {manager.py:504} INFO - Created Permission View: can edit on DAG:tutorial
[2023-10-28T08:15:19.746+0000] {logging_mixin.py:149} INFO - [2023-10-28T08:15:19.745+0000] {dag.py:2726} INFO - Sync 1 DAGs
[2023-10-28T08:15:19.790+0000] {logging_mixin.py:149} INFO - [2023-10-28T08:15:19.789+0000] {dag.py:2747} INFO - Creating ORM DAG for tutorial
[2023-10-28T08:15:19.824+0000] {logging_mixin.py:149} INFO - [2023-10-28T08:15:19.824+0000] {dag.py:3486} INFO - Setting next_dagrun for tutorial to 2023-10-27T08:15:19.823692+00:00, run_after=2023-10-28T08:15:19.823692+00:00
[2023-10-28T08:15:19.929+0000] {processor.py:178} INFO - Processing /usr/local/lib/python3.10/dist-packages/airflow/example_dags/tutorial.py took 0.866 seconds
[2023-10-28T08:15:50.351+0000] {processor.py:156} INFO - Started process (PID=1498558) to work on /usr/local/lib/python3.10/dist-packages/airflow/example_dags/tutorial.py
[2023-10-28T08:15:50.395+0000] {processor.py:799} INFO - Processing file /usr/local/lib/python3.10/dist-packages/airflow/example_dags/tutorial.py for tasks to queue
[2023-10-28T08:15:50.397+0000] {logging_mixin.py:149} INFO - [2023-10-28T08:15:50.396+0000] {dagbag.py:541} INFO - Filling up the DagBag from /usr/local/lib/python3.10/dist-packages/airflow/example_dags/tutorial.py
[2023-10-28T08:15:50.413+0000] {processor.py:809} INFO - DAG(s) dict_keys(['tutorial']) retrieved from /usr/local/lib/python3.10/dist-packages/airflow/example_dags/tutorial.py
[2023-10-28T08:15:50.488+0000] {logging_mixin.py:149} INFO - [2023-10-28T08:15:50.488+0000] {dag.py:2726} INFO - Sync 1 DAGs
[2023-10-28T08:15:50.561+0000] {logging_mixin.py:149} INFO - [2023-10-28T08:15:50.560+0000] {dag.py:3486} INFO - Setting next_dagrun for tutorial to 2023-10-27T08:15:50.560261+00:00, run_after=2023-10-28T08:15:50.560261+00:00
[2023-10-28T08:15:50.663+0000] {processor.py:178} INFO - Processing /usr/local/lib/python3.10/dist-packages/airflow/example_dags/tutorial.py took 0.319 seconds
[2023-10-28T08:16:21.493+0000] {processor.py:156} INFO - Started process (PID=1499886) to work on /usr/local/lib/python3.10/dist-packages/airflow/example_dags/tutorial.py
[2023-10-28T08:16:21.532+0000] {processor.py:799} INFO - Processing file /usr/local/lib/python3.10/dist-packages/airflow/example_dags/tutorial.py for tasks to queue
[2023-10-28T08:16:21.534+0000] {logging_mixin.py:149} INFO - [2023-10-28T08:16:21.534+0000] {dagbag.py:541} INFO - Filling up the DagBag from /usr/local/lib/python3.10/dist-packages/airflow/example_dags/tutorial.py
[2023-10-28T08:16:21.552+0000] {processor.py:809} INFO - DAG(s) dict_keys(['tutorial']) retrieved from /usr/local/lib/python3.10/dist-packages/airflow/example_dags/tutorial.py
[2023-10-28T08:16:21.638+0000] {logging_mixin.py:149} INFO - [2023-10-28T08:16:21.638+0000] {dag.py:2726} INFO - Sync 1 DAGs
[2023-10-28T08:16:21.720+0000] {logging_mixin.py:149} INFO - [2023-10-28T08:16:21.720+0000] {dag.py:3486} INFO - Setting next_dagrun for tutorial to 2023-10-27T08:16:21.719750+00:00, run_after=2023-10-28T08:16:21.719750+00:00
[2023-10-28T08:16:21.824+0000] {processor.py:178} INFO - Processing /usr/local/lib/python3.10/dist-packages/airflow/example_dags/tutorial.py took 0.339 seconds
[2023-10-28T08:16:51.943+0000] {processor.py:156} INFO - Started process (PID=1500506) to work on /usr/local/lib/python3.10/dist-packages/airflow/example_dags/tutorial.py
[2023-10-28T08:16:51.945+0000] {processor.py:799} INFO - Processing file /usr/local/lib/python3.10/dist-packages/airflow/example_dags/tutorial.py for tasks to queue
[2023-10-28T08:16:51.947+0000] {logging_mixin.py:149} INFO - [2023-10-28T08:16:51.946+0000] {dagbag.py:541} INFO - Filling up the DagBag from /usr/local/lib/python3.10/dist-packages/airflow/example_dags/tutorial.py
[2023-10-28T08:16:51.961+0000] {processor.py:809} INFO - DAG(s) dict_keys(['tutorial']) retrieved from /usr/local/lib/python3.10/dist-packages/airflow/example_dags/tutorial.py
[2023-10-28T08:16:52.040+0000] {logging_mixin.py:149} INFO - [2023-10-28T08:16:52.039+0000] {dag.py:2726} INFO - Sync 1 DAGs
[2023-10-28T08:16:52.114+0000] {logging_mixin.py:149} INFO - [2023-10-28T08:16:52.114+0000] {dag.py:3486} INFO - Setting next_dagrun for tutorial to 2023-10-27T08:16:52.113425+00:00, run_after=2023-10-28T08:16:52.113425+00:00
[2023-10-28T08:16:52.217+0000] {processor.py:178} INFO - Processing /usr/local/lib/python3.10/dist-packages/airflow/example_dags/tutorial.py took 0.282 seconds
[2023-10-28T08:17:22.947+0000] {processor.py:156} INFO - Started process (PID=1501028) to work on /usr/local/lib/python3.10/dist-packages/airflow/example_dags/tutorial.py
[2023-10-28T08:17:22.980+0000] {processor.py:799} INFO - Processing file /usr/local/lib/python3.10/dist-packages/airflow/example_dags/tutorial.py for tasks to queue
[2023-10-28T08:17:22.982+0000] {logging_mixin.py:149} INFO - [2023-10-28T08:17:22.982+0000] {dagbag.py:541} INFO - Filling up the DagBag from /usr/local/lib/python3.10/dist-packages/airflow/example_dags/tutorial.py
[2023-10-28T08:17:22.996+0000] {processor.py:809} INFO - DAG(s) dict_keys(['tutorial']) retrieved from /usr/local/lib/python3.10/dist-packages/airflow/example_dags/tutorial.py
[2023-10-28T08:17:23.076+0000] {logging_mixin.py:149} INFO - [2023-10-28T08:17:23.075+0000] {dag.py:2726} INFO - Sync 1 DAGs
[2023-10-28T08:17:23.161+0000] {logging_mixin.py:149} INFO - [2023-10-28T08:17:23.161+0000] {dag.py:3486} INFO - Setting next_dagrun for tutorial to 2023-10-27T08:17:23.160767+00:00, run_after=2023-10-28T08:17:23.160767+00:00
[2023-10-28T08:17:23.266+0000] {processor.py:178} INFO - Processing /usr/local/lib/python3.10/dist-packages/airflow/example_dags/tutorial.py took 0.326 seconds
[2023-10-28T08:17:53.924+0000] {processor.py:156} INFO - Started process (PID=1501387) to work on /usr/local/lib/python3.10/dist-packages/airflow/example_dags/tutorial.py
[2023-10-28T08:17:53.965+0000] {processor.py:799} INFO - Processing file /usr/local/lib/python3.10/dist-packages/airflow/example_dags/tutorial.py for tasks to queue
[2023-10-28T08:17:53.968+0000] {logging_mixin.py:149} INFO - [2023-10-28T08:17:53.967+0000] {dagbag.py:541} INFO - Filling up the DagBag from /usr/local/lib/python3.10/dist-packages/airflow/example_dags/tutorial.py
[2023-10-28T08:17:53.986+0000] {processor.py:809} INFO - DAG(s) dict_keys(['tutorial']) retrieved from /usr/local/lib/python3.10/dist-packages/airflow/example_dags/tutorial.py
[2023-10-28T08:17:54.065+0000] {logging_mixin.py:149} INFO - [2023-10-28T08:17:54.065+0000] {dag.py:2726} INFO - Sync 1 DAGs
[2023-10-28T08:17:54.147+0000] {logging_mixin.py:149} INFO - [2023-10-28T08:17:54.146+0000] {dag.py:3486} INFO - Setting next_dagrun for tutorial to 2023-10-27T08:17:54.146205+00:00, run_after=2023-10-28T08:17:54.146205+00:00
[2023-10-28T08:17:54.251+0000] {processor.py:178} INFO - Processing /usr/local/lib/python3.10/dist-packages/airflow/example_dags/tutorial.py took 0.335 seconds
[2023-10-28T08:18:24.548+0000] {processor.py:156} INFO - Started process (PID=1501766) to work on /usr/local/lib/python3.10/dist-packages/airflow/example_dags/tutorial.py
[2023-10-28T08:18:24.589+0000] {processor.py:799} INFO - Processing file /usr/local/lib/python3.10/dist-packages/airflow/example_dags/tutorial.py for tasks to queue
[2023-10-28T08:18:24.592+0000] {logging_mixin.py:149} INFO - [2023-10-28T08:18:24.591+0000] {dagbag.py:541} INFO - Filling up the DagBag from /usr/local/lib/python3.10/dist-packages/airflow/example_dags/tutorial.py
[2023-10-28T08:18:24.610+0000] {processor.py:809} INFO - DAG(s) dict_keys(['tutorial']) retrieved from /usr/local/lib/python3.10/dist-packages/airflow/example_dags/tutorial.py
[2023-10-28T08:18:24.694+0000] {logging_mixin.py:149} INFO - [2023-10-28T08:18:24.694+0000] {dag.py:2726} INFO - Sync 1 DAGs
[2023-10-28T08:18:24.808+0000] {logging_mixin.py:149} INFO - [2023-10-28T08:18:24.808+0000] {dag.py:3486} INFO - Setting next_dagrun for tutorial to 2023-10-27T08:18:24.807529+00:00, run_after=2023-10-28T08:18:24.807529+00:00
[2023-10-28T08:18:24.881+0000] {processor.py:178} INFO - Processing /usr/local/lib/python3.10/dist-packages/airflow/example_dags/tutorial.py took 0.341 seconds
[2023-10-28T08:18:55.148+0000] {processor.py:156} INFO - Started process (PID=1502119) to work on /usr/local/lib/python3.10/dist-packages/airflow/example_dags/tutorial.py
[2023-10-28T08:18:55.187+0000] {processor.py:799} INFO - Processing file /usr/local/lib/python3.10/dist-packages/airflow/example_dags/tutorial.py for tasks to queue
[2023-10-28T08:18:55.189+0000] {logging_mixin.py:149} INFO - [2023-10-28T08:18:55.188+0000] {dagbag.py:541} INFO - Filling up the DagBag from /usr/local/lib/python3.10/dist-packages/airflow/example_dags/tutorial.py
[2023-10-28T08:18:55.205+0000] {processor.py:809} INFO - DAG(s) dict_keys(['tutorial']) retrieved from /usr/local/lib/python3.10/dist-packages/airflow/example_dags/tutorial.py
[2023-10-28T08:18:55.280+0000] {logging_mixin.py:149} INFO - [2023-10-28T08:18:55.279+0000] {dag.py:2726} INFO - Sync 1 DAGs
[2023-10-28T08:18:55.352+0000] {logging_mixin.py:149} INFO - [2023-10-28T08:18:55.351+0000] {dag.py:3486} INFO - Setting next_dagrun for tutorial to 2023-10-27T08:18:55.351109+00:00, run_after=2023-10-28T08:18:55.351109+00:00
[2023-10-28T08:18:55.452+0000] {processor.py:178} INFO - Processing /usr/local/lib/python3.10/dist-packages/airflow/example_dags/tutorial.py took 0.313 seconds
[2023-10-28T08:19:25.843+0000] {processor.py:156} INFO - Started process (PID=1502515) to work on /usr/local/lib/python3.10/dist-packages/airflow/example_dags/tutorial.py
[2023-10-28T08:19:25.883+0000] {processor.py:799} INFO - Processing file /usr/local/lib/python3.10/dist-packages/airflow/example_dags/tutorial.py for tasks to queue
[2023-10-28T08:19:25.885+0000] {logging_mixin.py:149} INFO - [2023-10-28T08:19:25.884+0000] {dagbag.py:541} INFO - Filling up the DagBag from /usr/local/lib/python3.10/dist-packages/airflow/example_dags/tutorial.py
[2023-10-28T08:19:25.902+0000] {processor.py:809} INFO - DAG(s) dict_keys(['tutorial']) retrieved from /usr/local/lib/python3.10/dist-packages/airflow/example_dags/tutorial.py
[2023-10-28T08:19:25.976+0000] {logging_mixin.py:149} INFO - [2023-10-28T08:19:25.976+0000] {dag.py:2726} INFO - Sync 1 DAGs
[2023-10-28T08:19:26.052+0000] {logging_mixin.py:149} INFO - [2023-10-28T08:19:26.052+0000] {dag.py:3486} INFO - Setting next_dagrun for tutorial to 2023-10-27T08:19:26.051442+00:00, run_after=2023-10-28T08:19:26.051442+00:00
[2023-10-28T08:19:26.150+0000] {processor.py:178} INFO - Processing /usr/local/lib/python3.10/dist-packages/airflow/example_dags/tutorial.py took 0.314 seconds
[2023-10-28T08:19:56.264+0000] {processor.py:156} INFO - Started process (PID=1502873) to work on /usr/local/lib/python3.10/dist-packages/airflow/example_dags/tutorial.py
[2023-10-28T08:19:56.268+0000] {processor.py:799} INFO - Processing file /usr/local/lib/python3.10/dist-packages/airflow/example_dags/tutorial.py for tasks to queue
[2023-10-28T08:19:56.270+0000] {logging_mixin.py:149} INFO - [2023-10-28T08:19:56.269+0000] {dagbag.py:541} INFO - Filling up the DagBag from /usr/local/lib/python3.10/dist-packages/airflow/example_dags/tutorial.py
[2023-10-28T08:19:56.286+0000] {processor.py:809} INFO - DAG(s) dict_keys(['tutorial']) retrieved from /usr/local/lib/python3.10/dist-packages/airflow/example_dags/tutorial.py
[2023-10-28T08:19:56.365+0000] {logging_mixin.py:149} INFO - [2023-10-28T08:19:56.364+0000] {dag.py:2726} INFO - Sync 1 DAGs
[2023-10-28T08:19:56.440+0000] {logging_mixin.py:149} INFO - [2023-10-28T08:19:56.440+0000] {dag.py:3486} INFO - Setting next_dagrun for tutorial to 2023-10-27T08:19:56.439821+00:00, run_after=2023-10-28T08:19:56.439821+00:00
[2023-10-28T08:19:56.509+0000] {processor.py:178} INFO - Processing /usr/local/lib/python3.10/dist-packages/airflow/example_dags/tutorial.py took 0.253 seconds
[2023-10-28T08:20:27.301+0000] {processor.py:156} INFO - Started process (PID=1503391) to work on /usr/local/lib/python3.10/dist-packages/airflow/example_dags/tutorial.py
[2023-10-28T08:20:27.320+0000] {processor.py:799} INFO - Processing file /usr/local/lib/python3.10/dist-packages/airflow/example_dags/tutorial.py for tasks to queue
[2023-10-28T08:20:27.322+0000] {logging_mixin.py:149} INFO - [2023-10-28T08:20:27.322+0000] {dagbag.py:541} INFO - Filling up the DagBag from /usr/local/lib/python3.10/dist-packages/airflow/example_dags/tutorial.py
[2023-10-28T08:20:27.339+0000] {processor.py:809} INFO - DAG(s) dict_keys(['tutorial']) retrieved from /usr/local/lib/python3.10/dist-packages/airflow/example_dags/tutorial.py
[2023-10-28T08:20:27.413+0000] {logging_mixin.py:149} INFO - [2023-10-28T08:20:27.412+0000] {dag.py:2726} INFO - Sync 1 DAGs
[2023-10-28T08:20:27.490+0000] {logging_mixin.py:149} INFO - [2023-10-28T08:20:27.490+0000] {dag.py:3486} INFO - Setting next_dagrun for tutorial to 2023-10-27T08:20:27.489655+00:00, run_after=2023-10-28T08:20:27.489655+00:00
[2023-10-28T08:20:27.591+0000] {processor.py:178} INFO - Processing /usr/local/lib/python3.10/dist-packages/airflow/example_dags/tutorial.py took 0.298 seconds
[2023-10-28T08:20:58.049+0000] {processor.py:156} INFO - Started process (PID=1503760) to work on /usr/local/lib/python3.10/dist-packages/airflow/example_dags/tutorial.py
[2023-10-28T08:20:58.077+0000] {processor.py:799} INFO - Processing file /usr/local/lib/python3.10/dist-packages/airflow/example_dags/tutorial.py for tasks to queue
[2023-10-28T08:20:58.079+0000] {logging_mixin.py:149} INFO - [2023-10-28T08:20:58.079+0000] {dagbag.py:541} INFO - Filling up the DagBag from /usr/local/lib/python3.10/dist-packages/airflow/example_dags/tutorial.py
[2023-10-28T08:20:58.093+0000] {processor.py:809} INFO - DAG(s) dict_keys(['tutorial']) retrieved from /usr/local/lib/python3.10/dist-packages/airflow/example_dags/tutorial.py
[2023-10-28T08:20:58.170+0000] {logging_mixin.py:149} INFO - [2023-10-28T08:20:58.169+0000] {dag.py:2726} INFO - Sync 1 DAGs
[2023-10-28T08:20:58.242+0000] {logging_mixin.py:149} INFO - [2023-10-28T08:20:58.242+0000] {dag.py:3486} INFO - Setting next_dagrun for tutorial to 2023-10-27T08:20:58.241586+00:00, run_after=2023-10-28T08:20:58.241586+00:00
[2023-10-28T08:20:58.347+0000] {processor.py:178} INFO - Processing /usr/local/lib/python3.10/dist-packages/airflow/example_dags/tutorial.py took 0.304 seconds
[2023-10-28T08:21:28.608+0000] {processor.py:156} INFO - Started process (PID=1504402) to work on /usr/local/lib/python3.10/dist-packages/airflow/example_dags/tutorial.py
[2023-10-28T08:21:28.610+0000] {processor.py:799} INFO - Processing file /usr/local/lib/python3.10/dist-packages/airflow/example_dags/tutorial.py for tasks to queue
[2023-10-28T08:21:28.612+0000] {logging_mixin.py:149} INFO - [2023-10-28T08:21:28.611+0000] {dagbag.py:541} INFO - Filling up the DagBag from /usr/local/lib/python3.10/dist-packages/airflow/example_dags/tutorial.py
[2023-10-28T08:21:28.627+0000] {processor.py:809} INFO - DAG(s) dict_keys(['tutorial']) retrieved from /usr/local/lib/python3.10/dist-packages/airflow/example_dags/tutorial.py
[2023-10-28T08:21:28.701+0000] {logging_mixin.py:149} INFO - [2023-10-28T08:21:28.700+0000] {dag.py:2726} INFO - Sync 1 DAGs
[2023-10-28T08:21:28.781+0000] {logging_mixin.py:149} INFO - [2023-10-28T08:21:28.780+0000] {dag.py:3486} INFO - Setting next_dagrun for tutorial to 2023-10-27T08:21:28.779676+00:00, run_after=2023-10-28T08:21:28.779676+00:00
[2023-10-28T08:21:28.851+0000] {processor.py:178} INFO - Processing /usr/local/lib/python3.10/dist-packages/airflow/example_dags/tutorial.py took 0.250 seconds
[2023-10-28T08:21:59.272+0000] {processor.py:156} INFO - Started process (PID=1505203) to work on /usr/local/lib/python3.10/dist-packages/airflow/example_dags/tutorial.py
[2023-10-28T08:21:59.317+0000] {processor.py:799} INFO - Processing file /usr/local/lib/python3.10/dist-packages/airflow/example_dags/tutorial.py for tasks to queue
[2023-10-28T08:21:59.319+0000] {logging_mixin.py:149} INFO - [2023-10-28T08:21:59.319+0000] {dagbag.py:541} INFO - Filling up the DagBag from /usr/local/lib/python3.10/dist-packages/airflow/example_dags/tutorial.py
[2023-10-28T08:21:59.335+0000] {processor.py:809} INFO - DAG(s) dict_keys(['tutorial']) retrieved from /usr/local/lib/python3.10/dist-packages/airflow/example_dags/tutorial.py
[2023-10-28T08:21:59.417+0000] {logging_mixin.py:149} INFO - [2023-10-28T08:21:59.416+0000] {dag.py:2726} INFO - Sync 1 DAGs
[2023-10-28T08:21:59.490+0000] {logging_mixin.py:149} INFO - [2023-10-28T08:21:59.490+0000] {dag.py:3486} INFO - Setting next_dagrun for tutorial to 2023-10-27T08:21:59.489726+00:00, run_after=2023-10-28T08:21:59.489726+00:00
[2023-10-28T08:21:59.603+0000] {processor.py:178} INFO - Processing /usr/local/lib/python3.10/dist-packages/airflow/example_dags/tutorial.py took 0.338 seconds
[2023-10-28T08:22:29.706+0000] {processor.py:156} INFO - Started process (PID=1505714) to work on /usr/local/lib/python3.10/dist-packages/airflow/example_dags/tutorial.py
[2023-10-28T08:22:29.733+0000] {processor.py:799} INFO - Processing file /usr/local/lib/python3.10/dist-packages/airflow/example_dags/tutorial.py for tasks to queue
[2023-10-28T08:22:29.735+0000] {logging_mixin.py:149} INFO - [2023-10-28T08:22:29.735+0000] {dagbag.py:541} INFO - Filling up the DagBag from /usr/local/lib/python3.10/dist-packages/airflow/example_dags/tutorial.py
[2023-10-28T08:22:29.750+0000] {processor.py:809} INFO - DAG(s) dict_keys(['tutorial']) retrieved from /usr/local/lib/python3.10/dist-packages/airflow/example_dags/tutorial.py
[2023-10-28T08:22:29.836+0000] {logging_mixin.py:149} INFO - [2023-10-28T08:22:29.836+0000] {dag.py:2726} INFO - Sync 1 DAGs
[2023-10-28T08:22:29.914+0000] {logging_mixin.py:149} INFO - [2023-10-28T08:22:29.913+0000] {dag.py:3486} INFO - Setting next_dagrun for tutorial to 2023-10-27T08:22:29.913206+00:00, run_after=2023-10-28T08:22:29.913206+00:00
[2023-10-28T08:22:30.026+0000] {processor.py:178} INFO - Processing /usr/local/lib/python3.10/dist-packages/airflow/example_dags/tutorial.py took 0.328 seconds
[2023-10-28T08:23:00.126+0000] {processor.py:156} INFO - Started process (PID=1506238) to work on /usr/local/lib/python3.10/dist-packages/airflow/example_dags/tutorial.py
[2023-10-28T08:23:00.175+0000] {processor.py:799} INFO - Processing file /usr/local/lib/python3.10/dist-packages/airflow/example_dags/tutorial.py for tasks to queue
[2023-10-28T08:23:00.177+0000] {logging_mixin.py:149} INFO - [2023-10-28T08:23:00.176+0000] {dagbag.py:541} INFO - Filling up the DagBag from /usr/local/lib/python3.10/dist-packages/airflow/example_dags/tutorial.py
[2023-10-28T08:23:00.194+0000] {processor.py:809} INFO - DAG(s) dict_keys(['tutorial']) retrieved from /usr/local/lib/python3.10/dist-packages/airflow/example_dags/tutorial.py
[2023-10-28T08:23:00.281+0000] {logging_mixin.py:149} INFO - [2023-10-28T08:23:00.280+0000] {dag.py:2726} INFO - Sync 1 DAGs
[2023-10-28T08:23:00.354+0000] {logging_mixin.py:149} INFO - [2023-10-28T08:23:00.354+0000] {dag.py:3486} INFO - Setting next_dagrun for tutorial to 2023-10-27T08:23:00.353669+00:00, run_after=2023-10-28T08:23:00.353669+00:00
[2023-10-28T08:23:00.453+0000] {processor.py:178} INFO - Processing /usr/local/lib/python3.10/dist-packages/airflow/example_dags/tutorial.py took 0.335 seconds
[2023-10-28T08:23:30.690+0000] {processor.py:156} INFO - Started process (PID=1506705) to work on /usr/local/lib/python3.10/dist-packages/airflow/example_dags/tutorial.py
[2023-10-28T08:23:30.725+0000] {processor.py:799} INFO - Processing file /usr/local/lib/python3.10/dist-packages/airflow/example_dags/tutorial.py for tasks to queue
[2023-10-28T08:23:30.727+0000] {logging_mixin.py:149} INFO - [2023-10-28T08:23:30.726+0000] {dagbag.py:541} INFO - Filling up the DagBag from /usr/local/lib/python3.10/dist-packages/airflow/example_dags/tutorial.py
[2023-10-28T08:23:30.741+0000] {processor.py:809} INFO - DAG(s) dict_keys(['tutorial']) retrieved from /usr/local/lib/python3.10/dist-packages/airflow/example_dags/tutorial.py
[2023-10-28T08:23:30.816+0000] {logging_mixin.py:149} INFO - [2023-10-28T08:23:30.815+0000] {dag.py:2726} INFO - Sync 1 DAGs
[2023-10-28T08:23:30.909+0000] {logging_mixin.py:149} INFO - [2023-10-28T08:23:30.908+0000] {dag.py:3486} INFO - Setting next_dagrun for tutorial to 2023-10-27T08:23:30.908061+00:00, run_after=2023-10-28T08:23:30.908061+00:00
[2023-10-28T08:23:30.978+0000] {processor.py:178} INFO - Processing /usr/local/lib/python3.10/dist-packages/airflow/example_dags/tutorial.py took 0.295 seconds
[2023-10-28T08:24:01.535+0000] {processor.py:156} INFO - Started process (PID=1507255) to work on /usr/local/lib/python3.10/dist-packages/airflow/example_dags/tutorial.py
[2023-10-28T08:24:01.575+0000] {processor.py:799} INFO - Processing file /usr/local/lib/python3.10/dist-packages/airflow/example_dags/tutorial.py for tasks to queue
[2023-10-28T08:24:01.577+0000] {logging_mixin.py:149} INFO - [2023-10-28T08:24:01.577+0000] {dagbag.py:541} INFO - Filling up the DagBag from /usr/local/lib/python3.10/dist-packages/airflow/example_dags/tutorial.py
[2023-10-28T08:24:01.591+0000] {processor.py:809} INFO - DAG(s) dict_keys(['tutorial']) retrieved from /usr/local/lib/python3.10/dist-packages/airflow/example_dags/tutorial.py
[2023-10-28T08:24:01.674+0000] {logging_mixin.py:149} INFO - [2023-10-28T08:24:01.674+0000] {dag.py:2726} INFO - Sync 1 DAGs
[2023-10-28T08:24:01.756+0000] {logging_mixin.py:149} INFO - [2023-10-28T08:24:01.756+0000] {dag.py:3486} INFO - Setting next_dagrun for tutorial to 2023-10-27T08:24:01.755583+00:00, run_after=2023-10-28T08:24:01.755583+00:00
[2023-10-28T08:24:01.841+0000] {processor.py:178} INFO - Processing /usr/local/lib/python3.10/dist-packages/airflow/example_dags/tutorial.py took 0.313 seconds
[2023-10-28T08:24:32.472+0000] {processor.py:156} INFO - Started process (PID=1507890) to work on /usr/local/lib/python3.10/dist-packages/airflow/example_dags/tutorial.py
[2023-10-28T08:24:32.508+0000] {processor.py:799} INFO - Processing file /usr/local/lib/python3.10/dist-packages/airflow/example_dags/tutorial.py for tasks to queue
[2023-10-28T08:24:32.510+0000] {logging_mixin.py:149} INFO - [2023-10-28T08:24:32.510+0000] {dagbag.py:541} INFO - Filling up the DagBag from /usr/local/lib/python3.10/dist-packages/airflow/example_dags/tutorial.py
[2023-10-28T08:24:32.525+0000] {processor.py:809} INFO - DAG(s) dict_keys(['tutorial']) retrieved from /usr/local/lib/python3.10/dist-packages/airflow/example_dags/tutorial.py
[2023-10-28T08:24:32.609+0000] {logging_mixin.py:149} INFO - [2023-10-28T08:24:32.609+0000] {dag.py:2726} INFO - Sync 1 DAGs
[2023-10-28T08:24:32.688+0000] {logging_mixin.py:149} INFO - [2023-10-28T08:24:32.687+0000] {dag.py:3486} INFO - Setting next_dagrun for tutorial to 2023-10-27T08:24:32.687106+00:00, run_after=2023-10-28T08:24:32.687106+00:00
[2023-10-28T08:24:32.756+0000] {processor.py:178} INFO - Processing /usr/local/lib/python3.10/dist-packages/airflow/example_dags/tutorial.py took 0.291 seconds
[2023-10-28T08:25:02.976+0000] {processor.py:156} INFO - Started process (PID=1508301) to work on /usr/local/lib/python3.10/dist-packages/airflow/example_dags/tutorial.py
[2023-10-28T08:25:03.014+0000] {processor.py:799} INFO - Processing file /usr/local/lib/python3.10/dist-packages/airflow/example_dags/tutorial.py for tasks to queue
[2023-10-28T08:25:03.016+0000] {logging_mixin.py:149} INFO - [2023-10-28T08:25:03.016+0000] {dagbag.py:541} INFO - Filling up the DagBag from /usr/local/lib/python3.10/dist-packages/airflow/example_dags/tutorial.py
[2023-10-28T08:25:03.032+0000] {processor.py:809} INFO - DAG(s) dict_keys(['tutorial']) retrieved from /usr/local/lib/python3.10/dist-packages/airflow/example_dags/tutorial.py
[2023-10-28T08:25:03.118+0000] {logging_mixin.py:149} INFO - [2023-10-28T08:25:03.118+0000] {dag.py:2726} INFO - Sync 1 DAGs
[2023-10-28T08:25:03.194+0000] {logging_mixin.py:149} INFO - [2023-10-28T08:25:03.193+0000] {dag.py:3486} INFO - Setting next_dagrun for tutorial to 2023-10-27T08:25:03.193167+00:00, run_after=2023-10-28T08:25:03.193167+00:00
[2023-10-28T08:25:03.297+0000] {processor.py:178} INFO - Processing /usr/local/lib/python3.10/dist-packages/airflow/example_dags/tutorial.py took 0.327 seconds
[2023-10-28T08:25:33.557+0000] {processor.py:156} INFO - Started process (PID=1509131) to work on /usr/local/lib/python3.10/dist-packages/airflow/example_dags/tutorial.py
[2023-10-28T08:25:33.593+0000] {processor.py:799} INFO - Processing file /usr/local/lib/python3.10/dist-packages/airflow/example_dags/tutorial.py for tasks to queue
[2023-10-28T08:25:33.595+0000] {logging_mixin.py:149} INFO - [2023-10-28T08:25:33.595+0000] {dagbag.py:541} INFO - Filling up the DagBag from /usr/local/lib/python3.10/dist-packages/airflow/example_dags/tutorial.py
[2023-10-28T08:25:33.610+0000] {processor.py:809} INFO - DAG(s) dict_keys(['tutorial']) retrieved from /usr/local/lib/python3.10/dist-packages/airflow/example_dags/tutorial.py
[2023-10-28T08:25:33.693+0000] {logging_mixin.py:149} INFO - [2023-10-28T08:25:33.692+0000] {dag.py:2726} INFO - Sync 1 DAGs
[2023-10-28T08:25:33.769+0000] {logging_mixin.py:149} INFO - [2023-10-28T08:25:33.769+0000] {dag.py:3486} INFO - Setting next_dagrun for tutorial to 2023-10-27T08:25:33.768782+00:00, run_after=2023-10-28T08:25:33.768782+00:00
[2023-10-28T08:25:33.868+0000] {processor.py:178} INFO - Processing /usr/local/lib/python3.10/dist-packages/airflow/example_dags/tutorial.py took 0.319 seconds
[2023-10-28T08:26:04.069+0000] {processor.py:156} INFO - Started process (PID=1509517) to work on /usr/local/lib/python3.10/dist-packages/airflow/example_dags/tutorial.py
[2023-10-28T08:26:04.114+0000] {processor.py:799} INFO - Processing file /usr/local/lib/python3.10/dist-packages/airflow/example_dags/tutorial.py for tasks to queue
[2023-10-28T08:26:04.116+0000] {logging_mixin.py:149} INFO - [2023-10-28T08:26:04.115+0000] {dagbag.py:541} INFO - Filling up the DagBag from /usr/local/lib/python3.10/dist-packages/airflow/example_dags/tutorial.py
[2023-10-28T08:26:04.132+0000] {processor.py:809} INFO - DAG(s) dict_keys(['tutorial']) retrieved from /usr/local/lib/python3.10/dist-packages/airflow/example_dags/tutorial.py
[2023-10-28T08:26:04.215+0000] {logging_mixin.py:149} INFO - [2023-10-28T08:26:04.215+0000] {dag.py:2726} INFO - Sync 1 DAGs
[2023-10-28T08:26:04.291+0000] {logging_mixin.py:149} INFO - [2023-10-28T08:26:04.290+0000] {dag.py:3486} INFO - Setting next_dagrun for tutorial to 2023-10-27T08:26:04.290157+00:00, run_after=2023-10-28T08:26:04.290157+00:00
[2023-10-28T08:26:04.407+0000] {processor.py:178} INFO - Processing /usr/local/lib/python3.10/dist-packages/airflow/example_dags/tutorial.py took 0.345 seconds
[2023-10-28T08:26:34.629+0000] {processor.py:156} INFO - Started process (PID=1509868) to work on /usr/local/lib/python3.10/dist-packages/airflow/example_dags/tutorial.py
[2023-10-28T08:26:34.666+0000] {processor.py:799} INFO - Processing file /usr/local/lib/python3.10/dist-packages/airflow/example_dags/tutorial.py for tasks to queue
[2023-10-28T08:26:34.668+0000] {logging_mixin.py:149} INFO - [2023-10-28T08:26:34.668+0000] {dagbag.py:541} INFO - Filling up the DagBag from /usr/local/lib/python3.10/dist-packages/airflow/example_dags/tutorial.py
[2023-10-28T08:26:34.684+0000] {processor.py:809} INFO - DAG(s) dict_keys(['tutorial']) retrieved from /usr/local/lib/python3.10/dist-packages/airflow/example_dags/tutorial.py
[2023-10-28T08:26:34.774+0000] {logging_mixin.py:149} INFO - [2023-10-28T08:26:34.774+0000] {dag.py:2726} INFO - Sync 1 DAGs
[2023-10-28T08:26:34.853+0000] {logging_mixin.py:149} INFO - [2023-10-28T08:26:34.852+0000] {dag.py:3486} INFO - Setting next_dagrun for tutorial to 2023-10-27T08:26:34.851815+00:00, run_after=2023-10-28T08:26:34.851815+00:00
[2023-10-28T08:26:34.963+0000] {processor.py:178} INFO - Processing /usr/local/lib/python3.10/dist-packages/airflow/example_dags/tutorial.py took 0.341 seconds
[2023-10-28T08:27:05.847+0000] {processor.py:156} INFO - Started process (PID=1510373) to work on /usr/local/lib/python3.10/dist-packages/airflow/example_dags/tutorial.py
[2023-10-28T08:27:05.848+0000] {processor.py:799} INFO - Processing file /usr/local/lib/python3.10/dist-packages/airflow/example_dags/tutorial.py for tasks to queue
[2023-10-28T08:27:05.850+0000] {logging_mixin.py:149} INFO - [2023-10-28T08:27:05.850+0000] {dagbag.py:541} INFO - Filling up the DagBag from /usr/local/lib/python3.10/dist-packages/airflow/example_dags/tutorial.py
[2023-10-28T08:27:05.866+0000] {processor.py:809} INFO - DAG(s) dict_keys(['tutorial']) retrieved from /usr/local/lib/python3.10/dist-packages/airflow/example_dags/tutorial.py
[2023-10-28T08:27:05.948+0000] {logging_mixin.py:149} INFO - [2023-10-28T08:27:05.948+0000] {dag.py:2726} INFO - Sync 1 DAGs
[2023-10-28T08:27:06.024+0000] {logging_mixin.py:149} INFO - [2023-10-28T08:27:06.023+0000] {dag.py:3486} INFO - Setting next_dagrun for tutorial to 2023-10-27T08:27:06.022941+00:00, run_after=2023-10-28T08:27:06.022941+00:00
[2023-10-28T08:27:06.126+0000] {processor.py:178} INFO - Processing /usr/local/lib/python3.10/dist-packages/airflow/example_dags/tutorial.py took 0.287 seconds
[2023-10-28T08:27:36.277+0000] {processor.py:156} INFO - Started process (PID=1510801) to work on /usr/local/lib/python3.10/dist-packages/airflow/example_dags/tutorial.py
[2023-10-28T08:27:36.281+0000] {processor.py:799} INFO - Processing file /usr/local/lib/python3.10/dist-packages/airflow/example_dags/tutorial.py for tasks to queue
[2023-10-28T08:27:36.283+0000] {logging_mixin.py:149} INFO - [2023-10-28T08:27:36.283+0000] {dagbag.py:541} INFO - Filling up the DagBag from /usr/local/lib/python3.10/dist-packages/airflow/example_dags/tutorial.py
[2023-10-28T08:27:36.298+0000] {processor.py:809} INFO - DAG(s) dict_keys(['tutorial']) retrieved from /usr/local/lib/python3.10/dist-packages/airflow/example_dags/tutorial.py
[2023-10-28T08:27:36.376+0000] {logging_mixin.py:149} INFO - [2023-10-28T08:27:36.376+0000] {dag.py:2726} INFO - Sync 1 DAGs
[2023-10-28T08:27:36.451+0000] {logging_mixin.py:149} INFO - [2023-10-28T08:27:36.451+0000] {dag.py:3486} INFO - Setting next_dagrun for tutorial to 2023-10-27T08:27:36.450668+00:00, run_after=2023-10-28T08:27:36.450668+00:00
[2023-10-28T08:27:36.556+0000] {processor.py:178} INFO - Processing /usr/local/lib/python3.10/dist-packages/airflow/example_dags/tutorial.py took 0.287 seconds
[2023-10-28T08:28:07.407+0000] {processor.py:156} INFO - Started process (PID=1511187) to work on /usr/local/lib/python3.10/dist-packages/airflow/example_dags/tutorial.py
[2023-10-28T08:28:07.446+0000] {processor.py:799} INFO - Processing file /usr/local/lib/python3.10/dist-packages/airflow/example_dags/tutorial.py for tasks to queue
[2023-10-28T08:28:07.448+0000] {logging_mixin.py:149} INFO - [2023-10-28T08:28:07.447+0000] {dagbag.py:541} INFO - Filling up the DagBag from /usr/local/lib/python3.10/dist-packages/airflow/example_dags/tutorial.py
[2023-10-28T08:28:07.462+0000] {processor.py:809} INFO - DAG(s) dict_keys(['tutorial']) retrieved from /usr/local/lib/python3.10/dist-packages/airflow/example_dags/tutorial.py
[2023-10-28T08:28:07.556+0000] {logging_mixin.py:149} INFO - [2023-10-28T08:28:07.555+0000] {dag.py:2726} INFO - Sync 1 DAGs
[2023-10-28T08:28:07.635+0000] {logging_mixin.py:149} INFO - [2023-10-28T08:28:07.635+0000] {dag.py:3486} INFO - Setting next_dagrun for tutorial to 2023-10-27T08:28:07.634668+00:00, run_after=2023-10-28T08:28:07.634668+00:00
[2023-10-28T08:28:07.749+0000] {processor.py:178} INFO - Processing /usr/local/lib/python3.10/dist-packages/airflow/example_dags/tutorial.py took 0.349 seconds
[2023-10-28T08:28:38.289+0000] {processor.py:156} INFO - Started process (PID=1511544) to work on /usr/local/lib/python3.10/dist-packages/airflow/example_dags/tutorial.py
[2023-10-28T08:28:38.320+0000] {processor.py:799} INFO - Processing file /usr/local/lib/python3.10/dist-packages/airflow/example_dags/tutorial.py for tasks to queue
[2023-10-28T08:28:38.322+0000] {logging_mixin.py:149} INFO - [2023-10-28T08:28:38.322+0000] {dagbag.py:541} INFO - Filling up the DagBag from /usr/local/lib/python3.10/dist-packages/airflow/example_dags/tutorial.py
[2023-10-28T08:28:38.337+0000] {processor.py:809} INFO - DAG(s) dict_keys(['tutorial']) retrieved from /usr/local/lib/python3.10/dist-packages/airflow/example_dags/tutorial.py
[2023-10-28T08:28:38.424+0000] {logging_mixin.py:149} INFO - [2023-10-28T08:28:38.424+0000] {dag.py:2726} INFO - Sync 1 DAGs
[2023-10-28T08:28:38.507+0000] {logging_mixin.py:149} INFO - [2023-10-28T08:28:38.506+0000] {dag.py:3486} INFO - Setting next_dagrun for tutorial to 2023-10-27T08:28:38.505872+00:00, run_after=2023-10-28T08:28:38.505872+00:00
[2023-10-28T08:28:38.571+0000] {processor.py:178} INFO - Processing /usr/local/lib/python3.10/dist-packages/airflow/example_dags/tutorial.py took 0.289 seconds
[2023-10-28T08:29:08.851+0000] {processor.py:156} INFO - Started process (PID=1511942) to work on /usr/local/lib/python3.10/dist-packages/airflow/example_dags/tutorial.py
[2023-10-28T08:29:08.853+0000] {processor.py:799} INFO - Processing file /usr/local/lib/python3.10/dist-packages/airflow/example_dags/tutorial.py for tasks to queue
[2023-10-28T08:29:08.855+0000] {logging_mixin.py:149} INFO - [2023-10-28T08:29:08.855+0000] {dagbag.py:541} INFO - Filling up the DagBag from /usr/local/lib/python3.10/dist-packages/airflow/example_dags/tutorial.py
[2023-10-28T08:29:08.871+0000] {processor.py:809} INFO - DAG(s) dict_keys(['tutorial']) retrieved from /usr/local/lib/python3.10/dist-packages/airflow/example_dags/tutorial.py
[2023-10-28T08:29:08.959+0000] {logging_mixin.py:149} INFO - [2023-10-28T08:29:08.958+0000] {dag.py:2726} INFO - Sync 1 DAGs
[2023-10-28T08:29:09.042+0000] {logging_mixin.py:149} INFO - [2023-10-28T08:29:09.042+0000] {dag.py:3486} INFO - Setting next_dagrun for tutorial to 2023-10-27T08:29:09.041338+00:00, run_after=2023-10-28T08:29:09.041338+00:00
[2023-10-28T08:29:09.115+0000] {processor.py:178} INFO - Processing /usr/local/lib/python3.10/dist-packages/airflow/example_dags/tutorial.py took 0.270 seconds
[2023-10-28T08:29:39.264+0000] {processor.py:156} INFO - Started process (PID=1512297) to work on /usr/local/lib/python3.10/dist-packages/airflow/example_dags/tutorial.py
[2023-10-28T08:29:39.305+0000] {processor.py:799} INFO - Processing file /usr/local/lib/python3.10/dist-packages/airflow/example_dags/tutorial.py for tasks to queue
[2023-10-28T08:29:39.307+0000] {logging_mixin.py:149} INFO - [2023-10-28T08:29:39.306+0000] {dagbag.py:541} INFO - Filling up the DagBag from /usr/local/lib/python3.10/dist-packages/airflow/example_dags/tutorial.py
[2023-10-28T08:29:39.321+0000] {processor.py:809} INFO - DAG(s) dict_keys(['tutorial']) retrieved from /usr/local/lib/python3.10/dist-packages/airflow/example_dags/tutorial.py
[2023-10-28T08:29:39.404+0000] {logging_mixin.py:149} INFO - [2023-10-28T08:29:39.403+0000] {dag.py:2726} INFO - Sync 1 DAGs
[2023-10-28T08:29:39.495+0000] {logging_mixin.py:149} INFO - [2023-10-28T08:29:39.494+0000] {dag.py:3486} INFO - Setting next_dagrun for tutorial to 2023-10-27T08:29:39.494160+00:00, run_after=2023-10-28T08:29:39.494160+00:00
[2023-10-28T08:29:39.562+0000] {processor.py:178} INFO - Processing /usr/local/lib/python3.10/dist-packages/airflow/example_dags/tutorial.py took 0.305 seconds
[2023-10-28T08:30:09.816+0000] {processor.py:156} INFO - Started process (PID=1512688) to work on /usr/local/lib/python3.10/dist-packages/airflow/example_dags/tutorial.py
[2023-10-28T08:30:09.856+0000] {processor.py:799} INFO - Processing file /usr/local/lib/python3.10/dist-packages/airflow/example_dags/tutorial.py for tasks to queue
[2023-10-28T08:30:09.858+0000] {logging_mixin.py:149} INFO - [2023-10-28T08:30:09.857+0000] {dagbag.py:541} INFO - Filling up the DagBag from /usr/local/lib/python3.10/dist-packages/airflow/example_dags/tutorial.py
[2023-10-28T08:30:09.874+0000] {processor.py:809} INFO - DAG(s) dict_keys(['tutorial']) retrieved from /usr/local/lib/python3.10/dist-packages/airflow/example_dags/tutorial.py
[2023-10-28T08:30:09.957+0000] {logging_mixin.py:149} INFO - [2023-10-28T08:30:09.957+0000] {dag.py:2726} INFO - Sync 1 DAGs
[2023-10-28T08:30:10.042+0000] {logging_mixin.py:149} INFO - [2023-10-28T08:30:10.042+0000] {dag.py:3486} INFO - Setting next_dagrun for tutorial to 2023-10-27T08:30:10.041429+00:00, run_after=2023-10-28T08:30:10.041429+00:00
[2023-10-28T08:30:10.112+0000] {processor.py:178} INFO - Processing /usr/local/lib/python3.10/dist-packages/airflow/example_dags/tutorial.py took 0.304 seconds
[2023-10-28T08:30:40.863+0000] {processor.py:156} INFO - Started process (PID=1513310) to work on /usr/local/lib/python3.10/dist-packages/airflow/example_dags/tutorial.py
[2023-10-28T08:30:40.905+0000] {processor.py:799} INFO - Processing file /usr/local/lib/python3.10/dist-packages/airflow/example_dags/tutorial.py for tasks to queue
[2023-10-28T08:30:40.907+0000] {logging_mixin.py:149} INFO - [2023-10-28T08:30:40.906+0000] {dagbag.py:541} INFO - Filling up the DagBag from /usr/local/lib/python3.10/dist-packages/airflow/example_dags/tutorial.py
[2023-10-28T08:30:40.922+0000] {processor.py:809} INFO - DAG(s) dict_keys(['tutorial']) retrieved from /usr/local/lib/python3.10/dist-packages/airflow/example_dags/tutorial.py
[2023-10-28T08:30:41.008+0000] {logging_mixin.py:149} INFO - [2023-10-28T08:30:41.007+0000] {dag.py:2726} INFO - Sync 1 DAGs
[2023-10-28T08:30:41.086+0000] {logging_mixin.py:149} INFO - [2023-10-28T08:30:41.086+0000] {dag.py:3486} INFO - Setting next_dagrun for tutorial to 2023-10-27T08:30:41.085680+00:00, run_after=2023-10-28T08:30:41.085680+00:00
[2023-10-28T08:30:41.156+0000] {processor.py:178} INFO - Processing /usr/local/lib/python3.10/dist-packages/airflow/example_dags/tutorial.py took 0.300 seconds
[2023-10-28T08:31:11.440+0000] {processor.py:156} INFO - Started process (PID=1513730) to work on /usr/local/lib/python3.10/dist-packages/airflow/example_dags/tutorial.py
[2023-10-28T08:31:11.441+0000] {processor.py:799} INFO - Processing file /usr/local/lib/python3.10/dist-packages/airflow/example_dags/tutorial.py for tasks to queue
[2023-10-28T08:31:11.443+0000] {logging_mixin.py:149} INFO - [2023-10-28T08:31:11.443+0000] {dagbag.py:541} INFO - Filling up the DagBag from /usr/local/lib/python3.10/dist-packages/airflow/example_dags/tutorial.py
[2023-10-28T08:31:11.458+0000] {processor.py:809} INFO - DAG(s) dict_keys(['tutorial']) retrieved from /usr/local/lib/python3.10/dist-packages/airflow/example_dags/tutorial.py
[2023-10-28T08:31:11.535+0000] {logging_mixin.py:149} INFO - [2023-10-28T08:31:11.534+0000] {dag.py:2726} INFO - Sync 1 DAGs
[2023-10-28T08:31:11.611+0000] {logging_mixin.py:149} INFO - [2023-10-28T08:31:11.611+0000] {dag.py:3486} INFO - Setting next_dagrun for tutorial to 2023-10-27T08:31:11.610815+00:00, run_after=2023-10-28T08:31:11.610815+00:00
[2023-10-28T08:31:11.718+0000] {processor.py:178} INFO - Processing /usr/local/lib/python3.10/dist-packages/airflow/example_dags/tutorial.py took 0.285 seconds
[2023-10-28T08:31:42.342+0000] {processor.py:156} INFO - Started process (PID=1514319) to work on /usr/local/lib/python3.10/dist-packages/airflow/example_dags/tutorial.py
[2023-10-28T08:31:42.384+0000] {processor.py:799} INFO - Processing file /usr/local/lib/python3.10/dist-packages/airflow/example_dags/tutorial.py for tasks to queue
[2023-10-28T08:31:42.386+0000] {logging_mixin.py:149} INFO - [2023-10-28T08:31:42.386+0000] {dagbag.py:541} INFO - Filling up the DagBag from /usr/local/lib/python3.10/dist-packages/airflow/example_dags/tutorial.py
[2023-10-28T08:31:42.401+0000] {processor.py:809} INFO - DAG(s) dict_keys(['tutorial']) retrieved from /usr/local/lib/python3.10/dist-packages/airflow/example_dags/tutorial.py
[2023-10-28T08:31:42.476+0000] {logging_mixin.py:149} INFO - [2023-10-28T08:31:42.475+0000] {dag.py:2726} INFO - Sync 1 DAGs
[2023-10-28T08:31:42.550+0000] {logging_mixin.py:149} INFO - [2023-10-28T08:31:42.549+0000] {dag.py:3486} INFO - Setting next_dagrun for tutorial to 2023-10-27T08:31:42.549119+00:00, run_after=2023-10-28T08:31:42.549119+00:00
[2023-10-28T08:31:42.651+0000] {processor.py:178} INFO - Processing /usr/local/lib/python3.10/dist-packages/airflow/example_dags/tutorial.py took 0.316 seconds
[2023-10-28T08:32:13.027+0000] {processor.py:156} INFO - Started process (PID=1514954) to work on /usr/local/lib/python3.10/dist-packages/airflow/example_dags/tutorial.py
[2023-10-28T08:32:13.068+0000] {processor.py:799} INFO - Processing file /usr/local/lib/python3.10/dist-packages/airflow/example_dags/tutorial.py for tasks to queue
[2023-10-28T08:32:13.070+0000] {logging_mixin.py:149} INFO - [2023-10-28T08:32:13.070+0000] {dagbag.py:541} INFO - Filling up the DagBag from /usr/local/lib/python3.10/dist-packages/airflow/example_dags/tutorial.py
[2023-10-28T08:32:13.085+0000] {processor.py:809} INFO - DAG(s) dict_keys(['tutorial']) retrieved from /usr/local/lib/python3.10/dist-packages/airflow/example_dags/tutorial.py
[2023-10-28T08:32:13.168+0000] {logging_mixin.py:149} INFO - [2023-10-28T08:32:13.168+0000] {dag.py:2726} INFO - Sync 1 DAGs
[2023-10-28T08:32:13.243+0000] {logging_mixin.py:149} INFO - [2023-10-28T08:32:13.242+0000] {dag.py:3486} INFO - Setting next_dagrun for tutorial to 2023-10-27T08:32:13.242033+00:00, run_after=2023-10-28T08:32:13.242033+00:00
[2023-10-28T08:32:13.349+0000] {processor.py:178} INFO - Processing /usr/local/lib/python3.10/dist-packages/airflow/example_dags/tutorial.py took 0.329 seconds
[2023-10-28T08:32:43.476+0000] {processor.py:156} INFO - Started process (PID=1515538) to work on /usr/local/lib/python3.10/dist-packages/airflow/example_dags/tutorial.py
[2023-10-28T08:32:43.517+0000] {processor.py:799} INFO - Processing file /usr/local/lib/python3.10/dist-packages/airflow/example_dags/tutorial.py for tasks to queue
[2023-10-28T08:32:43.519+0000] {logging_mixin.py:149} INFO - [2023-10-28T08:32:43.518+0000] {dagbag.py:541} INFO - Filling up the DagBag from /usr/local/lib/python3.10/dist-packages/airflow/example_dags/tutorial.py
[2023-10-28T08:32:43.534+0000] {processor.py:809} INFO - DAG(s) dict_keys(['tutorial']) retrieved from /usr/local/lib/python3.10/dist-packages/airflow/example_dags/tutorial.py
[2023-10-28T08:32:43.611+0000] {logging_mixin.py:149} INFO - [2023-10-28T08:32:43.611+0000] {dag.py:2726} INFO - Sync 1 DAGs
[2023-10-28T08:32:43.685+0000] {logging_mixin.py:149} INFO - [2023-10-28T08:32:43.685+0000] {dag.py:3486} INFO - Setting next_dagrun for tutorial to 2023-10-27T08:32:43.684442+00:00, run_after=2023-10-28T08:32:43.684442+00:00
[2023-10-28T08:32:43.787+0000] {processor.py:178} INFO - Processing /usr/local/lib/python3.10/dist-packages/airflow/example_dags/tutorial.py took 0.318 seconds
[2023-10-28T08:33:14.386+0000] {processor.py:156} INFO - Started process (PID=1516060) to work on /usr/local/lib/python3.10/dist-packages/airflow/example_dags/tutorial.py
[2023-10-28T08:33:14.387+0000] {processor.py:799} INFO - Processing file /usr/local/lib/python3.10/dist-packages/airflow/example_dags/tutorial.py for tasks to queue
[2023-10-28T08:33:14.389+0000] {logging_mixin.py:149} INFO - [2023-10-28T08:33:14.389+0000] {dagbag.py:541} INFO - Filling up the DagBag from /usr/local/lib/python3.10/dist-packages/airflow/example_dags/tutorial.py
[2023-10-28T08:33:14.404+0000] {processor.py:809} INFO - DAG(s) dict_keys(['tutorial']) retrieved from /usr/local/lib/python3.10/dist-packages/airflow/example_dags/tutorial.py
[2023-10-28T08:33:14.487+0000] {logging_mixin.py:149} INFO - [2023-10-28T08:33:14.486+0000] {dag.py:2726} INFO - Sync 1 DAGs
[2023-10-28T08:33:14.562+0000] {logging_mixin.py:149} INFO - [2023-10-28T08:33:14.561+0000] {dag.py:3486} INFO - Setting next_dagrun for tutorial to 2023-10-27T08:33:14.560890+00:00, run_after=2023-10-28T08:33:14.560890+00:00
[2023-10-28T08:33:14.663+0000] {processor.py:178} INFO - Processing /usr/local/lib/python3.10/dist-packages/airflow/example_dags/tutorial.py took 0.284 seconds
[2023-10-28T08:33:45.058+0000] {processor.py:156} INFO - Started process (PID=1516417) to work on /usr/local/lib/python3.10/dist-packages/airflow/example_dags/tutorial.py
[2023-10-28T08:33:45.097+0000] {processor.py:799} INFO - Processing file /usr/local/lib/python3.10/dist-packages/airflow/example_dags/tutorial.py for tasks to queue
[2023-10-28T08:33:45.099+0000] {logging_mixin.py:149} INFO - [2023-10-28T08:33:45.099+0000] {dagbag.py:541} INFO - Filling up the DagBag from /usr/local/lib/python3.10/dist-packages/airflow/example_dags/tutorial.py
[2023-10-28T08:33:45.114+0000] {processor.py:809} INFO - DAG(s) dict_keys(['tutorial']) retrieved from /usr/local/lib/python3.10/dist-packages/airflow/example_dags/tutorial.py
[2023-10-28T08:33:45.199+0000] {logging_mixin.py:149} INFO - [2023-10-28T08:33:45.198+0000] {dag.py:2726} INFO - Sync 1 DAGs
[2023-10-28T08:33:45.276+0000] {logging_mixin.py:149} INFO - [2023-10-28T08:33:45.275+0000] {dag.py:3486} INFO - Setting next_dagrun for tutorial to 2023-10-27T08:33:45.274935+00:00, run_after=2023-10-28T08:33:45.274935+00:00
[2023-10-28T08:33:45.382+0000] {processor.py:178} INFO - Processing /usr/local/lib/python3.10/dist-packages/airflow/example_dags/tutorial.py took 0.332 seconds
[2023-10-28T08:34:15.558+0000] {processor.py:156} INFO - Started process (PID=1516814) to work on /usr/local/lib/python3.10/dist-packages/airflow/example_dags/tutorial.py
[2023-10-28T08:34:15.593+0000] {processor.py:799} INFO - Processing file /usr/local/lib/python3.10/dist-packages/airflow/example_dags/tutorial.py for tasks to queue
[2023-10-28T08:34:15.595+0000] {logging_mixin.py:149} INFO - [2023-10-28T08:34:15.594+0000] {dagbag.py:541} INFO - Filling up the DagBag from /usr/local/lib/python3.10/dist-packages/airflow/example_dags/tutorial.py
[2023-10-28T08:34:15.610+0000] {processor.py:809} INFO - DAG(s) dict_keys(['tutorial']) retrieved from /usr/local/lib/python3.10/dist-packages/airflow/example_dags/tutorial.py
[2023-10-28T08:34:15.685+0000] {logging_mixin.py:149} INFO - [2023-10-28T08:34:15.684+0000] {dag.py:2726} INFO - Sync 1 DAGs
[2023-10-28T08:34:15.757+0000] {logging_mixin.py:149} INFO - [2023-10-28T08:34:15.757+0000] {dag.py:3486} INFO - Setting next_dagrun for tutorial to 2023-10-27T08:34:15.756729+00:00, run_after=2023-10-28T08:34:15.756729+00:00
[2023-10-28T08:34:15.865+0000] {processor.py:178} INFO - Processing /usr/local/lib/python3.10/dist-packages/airflow/example_dags/tutorial.py took 0.314 seconds
[2023-10-28T08:34:46.360+0000] {processor.py:156} INFO - Started process (PID=1517170) to work on /usr/local/lib/python3.10/dist-packages/airflow/example_dags/tutorial.py
[2023-10-28T08:34:46.363+0000] {processor.py:799} INFO - Processing file /usr/local/lib/python3.10/dist-packages/airflow/example_dags/tutorial.py for tasks to queue
[2023-10-28T08:34:46.366+0000] {logging_mixin.py:149} INFO - [2023-10-28T08:34:46.365+0000] {dagbag.py:541} INFO - Filling up the DagBag from /usr/local/lib/python3.10/dist-packages/airflow/example_dags/tutorial.py
[2023-10-28T08:34:46.382+0000] {processor.py:809} INFO - DAG(s) dict_keys(['tutorial']) retrieved from /usr/local/lib/python3.10/dist-packages/airflow/example_dags/tutorial.py
[2023-10-28T08:34:46.453+0000] {logging_mixin.py:149} INFO - [2023-10-28T08:34:46.453+0000] {dag.py:2726} INFO - Sync 1 DAGs
[2023-10-28T08:34:46.526+0000] {logging_mixin.py:149} INFO - [2023-10-28T08:34:46.525+0000] {dag.py:3486} INFO - Setting next_dagrun for tutorial to 2023-10-27T08:34:46.525129+00:00, run_after=2023-10-28T08:34:46.525129+00:00
[2023-10-28T08:34:46.619+0000] {processor.py:178} INFO - Processing /usr/local/lib/python3.10/dist-packages/airflow/example_dags/tutorial.py took 0.267 seconds
[2023-10-28T08:35:17.394+0000] {processor.py:156} INFO - Started process (PID=1517577) to work on /usr/local/lib/python3.10/dist-packages/airflow/example_dags/tutorial.py
[2023-10-28T08:35:17.433+0000] {processor.py:799} INFO - Processing file /usr/local/lib/python3.10/dist-packages/airflow/example_dags/tutorial.py for tasks to queue
[2023-10-28T08:35:17.435+0000] {logging_mixin.py:149} INFO - [2023-10-28T08:35:17.435+0000] {dagbag.py:541} INFO - Filling up the DagBag from /usr/local/lib/python3.10/dist-packages/airflow/example_dags/tutorial.py
[2023-10-28T08:35:17.450+0000] {processor.py:809} INFO - DAG(s) dict_keys(['tutorial']) retrieved from /usr/local/lib/python3.10/dist-packages/airflow/example_dags/tutorial.py
[2023-10-28T08:35:17.528+0000] {logging_mixin.py:149} INFO - [2023-10-28T08:35:17.528+0000] {dag.py:2726} INFO - Sync 1 DAGs
[2023-10-28T08:35:17.606+0000] {logging_mixin.py:149} INFO - [2023-10-28T08:35:17.606+0000] {dag.py:3486} INFO - Setting next_dagrun for tutorial to 2023-10-27T08:35:17.605515+00:00, run_after=2023-10-28T08:35:17.605515+00:00
[2023-10-28T08:35:17.711+0000] {processor.py:178} INFO - Processing /usr/local/lib/python3.10/dist-packages/airflow/example_dags/tutorial.py took 0.325 seconds
[2023-10-28T08:35:47.770+0000] {processor.py:156} INFO - Started process (PID=1518183) to work on /usr/local/lib/python3.10/dist-packages/airflow/example_dags/tutorial.py
[2023-10-28T08:35:47.805+0000] {processor.py:799} INFO - Processing file /usr/local/lib/python3.10/dist-packages/airflow/example_dags/tutorial.py for tasks to queue
[2023-10-28T08:35:47.807+0000] {logging_mixin.py:149} INFO - [2023-10-28T08:35:47.806+0000] {dagbag.py:541} INFO - Filling up the DagBag from /usr/local/lib/python3.10/dist-packages/airflow/example_dags/tutorial.py
[2023-10-28T08:35:47.821+0000] {processor.py:809} INFO - DAG(s) dict_keys(['tutorial']) retrieved from /usr/local/lib/python3.10/dist-packages/airflow/example_dags/tutorial.py
[2023-10-28T08:35:47.900+0000] {logging_mixin.py:149} INFO - [2023-10-28T08:35:47.900+0000] {dag.py:2726} INFO - Sync 1 DAGs
[2023-10-28T08:35:47.974+0000] {logging_mixin.py:149} INFO - [2023-10-28T08:35:47.974+0000] {dag.py:3486} INFO - Setting next_dagrun for tutorial to 2023-10-27T08:35:47.973430+00:00, run_after=2023-10-28T08:35:47.973430+00:00
[2023-10-28T08:35:48.081+0000] {processor.py:178} INFO - Processing /usr/local/lib/python3.10/dist-packages/airflow/example_dags/tutorial.py took 0.318 seconds
[2023-10-28T08:36:18.415+0000] {processor.py:156} INFO - Started process (PID=1518569) to work on /usr/local/lib/python3.10/dist-packages/airflow/example_dags/tutorial.py
[2023-10-28T08:36:18.455+0000] {processor.py:799} INFO - Processing file /usr/local/lib/python3.10/dist-packages/airflow/example_dags/tutorial.py for tasks to queue
[2023-10-28T08:36:18.457+0000] {logging_mixin.py:149} INFO - [2023-10-28T08:36:18.457+0000] {dagbag.py:541} INFO - Filling up the DagBag from /usr/local/lib/python3.10/dist-packages/airflow/example_dags/tutorial.py
[2023-10-28T08:36:18.472+0000] {processor.py:809} INFO - DAG(s) dict_keys(['tutorial']) retrieved from /usr/local/lib/python3.10/dist-packages/airflow/example_dags/tutorial.py
[2023-10-28T08:36:18.556+0000] {logging_mixin.py:149} INFO - [2023-10-28T08:36:18.556+0000] {dag.py:2726} INFO - Sync 1 DAGs
[2023-10-28T08:36:18.632+0000] {logging_mixin.py:149} INFO - [2023-10-28T08:36:18.631+0000] {dag.py:3486} INFO - Setting next_dagrun for tutorial to 2023-10-27T08:36:18.630886+00:00, run_after=2023-10-28T08:36:18.630886+00:00
[2023-10-28T08:36:18.736+0000] {processor.py:178} INFO - Processing /usr/local/lib/python3.10/dist-packages/airflow/example_dags/tutorial.py took 0.329 seconds
[2023-10-28T08:36:49.508+0000] {processor.py:156} INFO - Started process (PID=1518926) to work on /usr/local/lib/python3.10/dist-packages/airflow/example_dags/tutorial.py
[2023-10-28T08:36:49.510+0000] {processor.py:799} INFO - Processing file /usr/local/lib/python3.10/dist-packages/airflow/example_dags/tutorial.py for tasks to queue
[2023-10-28T08:36:49.511+0000] {logging_mixin.py:149} INFO - [2023-10-28T08:36:49.511+0000] {dagbag.py:541} INFO - Filling up the DagBag from /usr/local/lib/python3.10/dist-packages/airflow/example_dags/tutorial.py
[2023-10-28T08:36:49.527+0000] {processor.py:809} INFO - DAG(s) dict_keys(['tutorial']) retrieved from /usr/local/lib/python3.10/dist-packages/airflow/example_dags/tutorial.py
[2023-10-28T08:36:49.602+0000] {logging_mixin.py:149} INFO - [2023-10-28T08:36:49.602+0000] {dag.py:2726} INFO - Sync 1 DAGs
[2023-10-28T08:36:49.677+0000] {logging_mixin.py:149} INFO - [2023-10-28T08:36:49.677+0000] {dag.py:3486} INFO - Setting next_dagrun for tutorial to 2023-10-27T08:36:49.676347+00:00, run_after=2023-10-28T08:36:49.676347+00:00
[2023-10-28T08:36:49.741+0000] {processor.py:178} INFO - Processing /usr/local/lib/python3.10/dist-packages/airflow/example_dags/tutorial.py took 0.241 seconds
[2023-10-28T08:37:20.286+0000] {processor.py:156} INFO - Started process (PID=1519427) to work on /usr/local/lib/python3.10/dist-packages/airflow/example_dags/tutorial.py
[2023-10-28T08:37:20.315+0000] {processor.py:799} INFO - Processing file /usr/local/lib/python3.10/dist-packages/airflow/example_dags/tutorial.py for tasks to queue
[2023-10-28T08:37:20.317+0000] {logging_mixin.py:149} INFO - [2023-10-28T08:37:20.316+0000] {dagbag.py:541} INFO - Filling up the DagBag from /usr/local/lib/python3.10/dist-packages/airflow/example_dags/tutorial.py
[2023-10-28T08:37:20.332+0000] {processor.py:809} INFO - DAG(s) dict_keys(['tutorial']) retrieved from /usr/local/lib/python3.10/dist-packages/airflow/example_dags/tutorial.py
[2023-10-28T08:37:20.413+0000] {logging_mixin.py:149} INFO - [2023-10-28T08:37:20.413+0000] {dag.py:2726} INFO - Sync 1 DAGs
[2023-10-28T08:37:20.487+0000] {logging_mixin.py:149} INFO - [2023-10-28T08:37:20.486+0000] {dag.py:3486} INFO - Setting next_dagrun for tutorial to 2023-10-27T08:37:20.486099+00:00, run_after=2023-10-28T08:37:20.486099+00:00
[2023-10-28T08:37:20.592+0000] {processor.py:178} INFO - Processing /usr/local/lib/python3.10/dist-packages/airflow/example_dags/tutorial.py took 0.314 seconds
[2023-10-28T08:37:50.662+0000] {processor.py:156} INFO - Started process (PID=1519780) to work on /usr/local/lib/python3.10/dist-packages/airflow/example_dags/tutorial.py
[2023-10-28T08:37:50.663+0000] {processor.py:799} INFO - Processing file /usr/local/lib/python3.10/dist-packages/airflow/example_dags/tutorial.py for tasks to queue
[2023-10-28T08:37:50.665+0000] {logging_mixin.py:149} INFO - [2023-10-28T08:37:50.665+0000] {dagbag.py:541} INFO - Filling up the DagBag from /usr/local/lib/python3.10/dist-packages/airflow/example_dags/tutorial.py
[2023-10-28T08:37:50.680+0000] {processor.py:809} INFO - DAG(s) dict_keys(['tutorial']) retrieved from /usr/local/lib/python3.10/dist-packages/airflow/example_dags/tutorial.py
[2023-10-28T08:37:50.761+0000] {logging_mixin.py:149} INFO - [2023-10-28T08:37:50.761+0000] {dag.py:2726} INFO - Sync 1 DAGs
[2023-10-28T08:37:50.836+0000] {logging_mixin.py:149} INFO - [2023-10-28T08:37:50.835+0000] {dag.py:3486} INFO - Setting next_dagrun for tutorial to 2023-10-27T08:37:50.835002+00:00, run_after=2023-10-28T08:37:50.835002+00:00
[2023-10-28T08:37:50.934+0000] {processor.py:178} INFO - Processing /usr/local/lib/python3.10/dist-packages/airflow/example_dags/tutorial.py took 0.279 seconds
[2023-10-28T08:38:21.904+0000] {processor.py:156} INFO - Started process (PID=1520289) to work on /usr/local/lib/python3.10/dist-packages/airflow/example_dags/tutorial.py
[2023-10-28T08:38:21.949+0000] {processor.py:799} INFO - Processing file /usr/local/lib/python3.10/dist-packages/airflow/example_dags/tutorial.py for tasks to queue
[2023-10-28T08:38:21.951+0000] {logging_mixin.py:149} INFO - [2023-10-28T08:38:21.951+0000] {dagbag.py:541} INFO - Filling up the DagBag from /usr/local/lib/python3.10/dist-packages/airflow/example_dags/tutorial.py
[2023-10-28T08:38:21.967+0000] {processor.py:809} INFO - DAG(s) dict_keys(['tutorial']) retrieved from /usr/local/lib/python3.10/dist-packages/airflow/example_dags/tutorial.py
[2023-10-28T08:38:22.047+0000] {logging_mixin.py:149} INFO - [2023-10-28T08:38:22.047+0000] {dag.py:2726} INFO - Sync 1 DAGs
[2023-10-28T08:38:22.121+0000] {logging_mixin.py:149} INFO - [2023-10-28T08:38:22.120+0000] {dag.py:3486} INFO - Setting next_dagrun for tutorial to 2023-10-27T08:38:22.120142+00:00, run_after=2023-10-28T08:38:22.120142+00:00
[2023-10-28T08:38:22.194+0000] {processor.py:178} INFO - Processing /usr/local/lib/python3.10/dist-packages/airflow/example_dags/tutorial.py took 0.297 seconds
[2023-10-28T08:38:52.348+0000] {processor.py:156} INFO - Started process (PID=1520826) to work on /usr/local/lib/python3.10/dist-packages/airflow/example_dags/tutorial.py
[2023-10-28T08:38:52.349+0000] {processor.py:799} INFO - Processing file /usr/local/lib/python3.10/dist-packages/airflow/example_dags/tutorial.py for tasks to queue
[2023-10-28T08:38:52.351+0000] {logging_mixin.py:149} INFO - [2023-10-28T08:38:52.351+0000] {dagbag.py:541} INFO - Filling up the DagBag from /usr/local/lib/python3.10/dist-packages/airflow/example_dags/tutorial.py
[2023-10-28T08:38:52.366+0000] {processor.py:809} INFO - DAG(s) dict_keys(['tutorial']) retrieved from /usr/local/lib/python3.10/dist-packages/airflow/example_dags/tutorial.py
[2023-10-28T08:38:52.440+0000] {logging_mixin.py:149} INFO - [2023-10-28T08:38:52.439+0000] {dag.py:2726} INFO - Sync 1 DAGs
[2023-10-28T08:38:52.513+0000] {logging_mixin.py:149} INFO - [2023-10-28T08:38:52.513+0000] {dag.py:3486} INFO - Setting next_dagrun for tutorial to 2023-10-27T08:38:52.512667+00:00, run_after=2023-10-28T08:38:52.512667+00:00
[2023-10-28T08:38:52.582+0000] {processor.py:178} INFO - Processing /usr/local/lib/python3.10/dist-packages/airflow/example_dags/tutorial.py took 0.241 seconds
[2023-10-28T08:39:23.605+0000] {processor.py:156} INFO - Started process (PID=1521340) to work on /usr/local/lib/python3.10/dist-packages/airflow/example_dags/tutorial.py
[2023-10-28T08:39:23.644+0000] {processor.py:799} INFO - Processing file /usr/local/lib/python3.10/dist-packages/airflow/example_dags/tutorial.py for tasks to queue
[2023-10-28T08:39:23.647+0000] {logging_mixin.py:149} INFO - [2023-10-28T08:39:23.647+0000] {dagbag.py:541} INFO - Filling up the DagBag from /usr/local/lib/python3.10/dist-packages/airflow/example_dags/tutorial.py
[2023-10-28T08:39:23.662+0000] {processor.py:809} INFO - DAG(s) dict_keys(['tutorial']) retrieved from /usr/local/lib/python3.10/dist-packages/airflow/example_dags/tutorial.py
[2023-10-28T08:39:23.742+0000] {logging_mixin.py:149} INFO - [2023-10-28T08:39:23.741+0000] {dag.py:2726} INFO - Sync 1 DAGs
[2023-10-28T08:39:23.818+0000] {logging_mixin.py:149} INFO - [2023-10-28T08:39:23.817+0000] {dag.py:3486} INFO - Setting next_dagrun for tutorial to 2023-10-27T08:39:23.816990+00:00, run_after=2023-10-28T08:39:23.816990+00:00
[2023-10-28T08:39:23.919+0000] {processor.py:178} INFO - Processing /usr/local/lib/python3.10/dist-packages/airflow/example_dags/tutorial.py took 0.321 seconds
