[2023-10-28T07:57:09.651+0000] {processor.py:156} INFO - Started process (PID=1491451) to work on /usr/local/lib/python3.10/dist-packages/airflow/example_dags/tutorial_dag.py
[2023-10-28T07:57:09.653+0000] {processor.py:799} INFO - Processing file /usr/local/lib/python3.10/dist-packages/airflow/example_dags/tutorial_dag.py for tasks to queue
[2023-10-28T07:57:09.655+0000] {logging_mixin.py:149} INFO - [2023-10-28T07:57:09.654+0000] {dagbag.py:541} INFO - Filling up the DagBag from /usr/local/lib/python3.10/dist-packages/airflow/example_dags/tutorial_dag.py
[2023-10-28T07:57:09.675+0000] {processor.py:809} INFO - DAG(s) dict_keys(['tutorial_dag']) retrieved from /usr/local/lib/python3.10/dist-packages/airflow/example_dags/tutorial_dag.py
[2023-10-28T07:57:10.195+0000] {logging_mixin.py:149} INFO - [2023-10-28T07:57:10.194+0000] {manager.py:504} INFO - Created Permission View: can read on DAG:tutorial_dag
[2023-10-28T07:57:10.223+0000] {logging_mixin.py:149} INFO - [2023-10-28T07:57:10.222+0000] {manager.py:504} INFO - Created Permission View: can edit on DAG:tutorial_dag
[2023-10-28T07:57:10.246+0000] {logging_mixin.py:149} INFO - [2023-10-28T07:57:10.245+0000] {manager.py:504} INFO - Created Permission View: can delete on DAG:tutorial_dag
[2023-10-28T07:57:10.247+0000] {logging_mixin.py:149} INFO - [2023-10-28T07:57:10.246+0000] {dag.py:2726} INFO - Sync 1 DAGs
[2023-10-28T07:57:10.275+0000] {logging_mixin.py:149} INFO - [2023-10-28T07:57:10.274+0000] {dag.py:2747} INFO - Creating ORM DAG for tutorial_dag
[2023-10-28T07:57:10.299+0000] {logging_mixin.py:149} INFO - [2023-10-28T07:57:10.299+0000] {dag.py:3486} INFO - Setting next_dagrun for tutorial_dag to None, run_after=None
[2023-10-28T07:57:10.404+0000] {processor.py:178} INFO - Processing /usr/local/lib/python3.10/dist-packages/airflow/example_dags/tutorial_dag.py took 0.761 seconds
[2023-10-28T07:58:23.825+0000] {processor.py:156} INFO - Started process (PID=1491897) to work on /usr/local/lib/python3.10/dist-packages/airflow/example_dags/tutorial_dag.py
[2023-10-28T07:58:23.828+0000] {processor.py:799} INFO - Processing file /usr/local/lib/python3.10/dist-packages/airflow/example_dags/tutorial_dag.py for tasks to queue
[2023-10-28T07:58:23.830+0000] {logging_mixin.py:149} INFO - [2023-10-28T07:58:23.829+0000] {dagbag.py:541} INFO - Filling up the DagBag from /usr/local/lib/python3.10/dist-packages/airflow/example_dags/tutorial_dag.py
[2023-10-28T07:58:23.841+0000] {processor.py:809} INFO - DAG(s) dict_keys(['tutorial_dag']) retrieved from /usr/local/lib/python3.10/dist-packages/airflow/example_dags/tutorial_dag.py
[2023-10-28T07:58:24.098+0000] {logging_mixin.py:149} INFO - [2023-10-28T07:58:24.098+0000] {dag.py:2726} INFO - Sync 1 DAGs
[2023-10-28T07:58:24.149+0000] {logging_mixin.py:149} INFO - [2023-10-28T07:58:24.148+0000] {dag.py:3486} INFO - Setting next_dagrun for tutorial_dag to None, run_after=None
[2023-10-28T07:58:24.241+0000] {processor.py:178} INFO - Processing /usr/local/lib/python3.10/dist-packages/airflow/example_dags/tutorial_dag.py took 0.422 seconds
[2023-10-28T07:59:03.670+0000] {processor.py:156} INFO - Started process (PID=1492213) to work on /usr/local/lib/python3.10/dist-packages/airflow/example_dags/tutorial_dag.py
[2023-10-28T07:59:03.705+0000] {processor.py:799} INFO - Processing file /usr/local/lib/python3.10/dist-packages/airflow/example_dags/tutorial_dag.py for tasks to queue
[2023-10-28T07:59:03.707+0000] {logging_mixin.py:149} INFO - [2023-10-28T07:59:03.707+0000] {dagbag.py:541} INFO - Filling up the DagBag from /usr/local/lib/python3.10/dist-packages/airflow/example_dags/tutorial_dag.py
[2023-10-28T07:59:03.721+0000] {processor.py:809} INFO - DAG(s) dict_keys(['tutorial_dag']) retrieved from /usr/local/lib/python3.10/dist-packages/airflow/example_dags/tutorial_dag.py
[2023-10-28T07:59:03.772+0000] {logging_mixin.py:149} INFO - [2023-10-28T07:59:03.772+0000] {dag.py:2726} INFO - Sync 1 DAGs
[2023-10-28T07:59:03.828+0000] {logging_mixin.py:149} INFO - [2023-10-28T07:59:03.827+0000] {dag.py:3486} INFO - Setting next_dagrun for tutorial_dag to None, run_after=None
[2023-10-28T07:59:03.927+0000] {processor.py:178} INFO - Processing /usr/local/lib/python3.10/dist-packages/airflow/example_dags/tutorial_dag.py took 0.265 seconds
[2023-10-28T07:59:59.739+0000] {processor.py:156} INFO - Started process (PID=1492566) to work on /usr/local/lib/python3.10/dist-packages/airflow/example_dags/tutorial_dag.py
[2023-10-28T07:59:59.777+0000] {processor.py:799} INFO - Processing file /usr/local/lib/python3.10/dist-packages/airflow/example_dags/tutorial_dag.py for tasks to queue
[2023-10-28T07:59:59.779+0000] {logging_mixin.py:149} INFO - [2023-10-28T07:59:59.778+0000] {dagbag.py:541} INFO - Filling up the DagBag from /usr/local/lib/python3.10/dist-packages/airflow/example_dags/tutorial_dag.py
[2023-10-28T07:59:59.791+0000] {processor.py:809} INFO - DAG(s) dict_keys(['tutorial_dag']) retrieved from /usr/local/lib/python3.10/dist-packages/airflow/example_dags/tutorial_dag.py
[2023-10-28T07:59:59.845+0000] {logging_mixin.py:149} INFO - [2023-10-28T07:59:59.845+0000] {dag.py:2726} INFO - Sync 1 DAGs
[2023-10-28T07:59:59.901+0000] {logging_mixin.py:149} INFO - [2023-10-28T07:59:59.900+0000] {dag.py:3486} INFO - Setting next_dagrun for tutorial_dag to None, run_after=None
[2023-10-28T07:59:59.993+0000] {processor.py:178} INFO - Processing /usr/local/lib/python3.10/dist-packages/airflow/example_dags/tutorial_dag.py took 0.262 seconds
[2023-10-28T08:15:19.304+0000] {processor.py:156} INFO - Started process (PID=1497682) to work on /usr/local/lib/python3.10/dist-packages/airflow/example_dags/tutorial_dag.py
[2023-10-28T08:15:19.345+0000] {processor.py:799} INFO - Processing file /usr/local/lib/python3.10/dist-packages/airflow/example_dags/tutorial_dag.py for tasks to queue
[2023-10-28T08:15:19.348+0000] {logging_mixin.py:149} INFO - [2023-10-28T08:15:19.347+0000] {dagbag.py:541} INFO - Filling up the DagBag from /usr/local/lib/python3.10/dist-packages/airflow/example_dags/tutorial_dag.py
[2023-10-28T08:15:19.372+0000] {processor.py:809} INFO - DAG(s) dict_keys(['tutorial_dag']) retrieved from /usr/local/lib/python3.10/dist-packages/airflow/example_dags/tutorial_dag.py
[2023-10-28T08:15:19.960+0000] {logging_mixin.py:149} INFO - [2023-10-28T08:15:19.959+0000] {manager.py:504} INFO - Created Permission View: can read on DAG:tutorial_dag
[2023-10-28T08:15:19.988+0000] {logging_mixin.py:149} INFO - [2023-10-28T08:15:19.988+0000] {manager.py:504} INFO - Created Permission View: can delete on DAG:tutorial_dag
[2023-10-28T08:15:20.013+0000] {logging_mixin.py:149} INFO - [2023-10-28T08:15:20.013+0000] {manager.py:504} INFO - Created Permission View: can edit on DAG:tutorial_dag
[2023-10-28T08:15:20.014+0000] {logging_mixin.py:149} INFO - [2023-10-28T08:15:20.014+0000] {dag.py:2726} INFO - Sync 1 DAGs
[2023-10-28T08:15:20.058+0000] {logging_mixin.py:149} INFO - [2023-10-28T08:15:20.057+0000] {dag.py:2747} INFO - Creating ORM DAG for tutorial_dag
[2023-10-28T08:15:20.096+0000] {logging_mixin.py:149} INFO - [2023-10-28T08:15:20.095+0000] {dag.py:3486} INFO - Setting next_dagrun for tutorial_dag to None, run_after=None
[2023-10-28T08:15:20.167+0000] {processor.py:178} INFO - Processing /usr/local/lib/python3.10/dist-packages/airflow/example_dags/tutorial_dag.py took 0.873 seconds
[2023-10-28T08:15:50.367+0000] {processor.py:156} INFO - Started process (PID=1498561) to work on /usr/local/lib/python3.10/dist-packages/airflow/example_dags/tutorial_dag.py
[2023-10-28T08:15:50.395+0000] {processor.py:799} INFO - Processing file /usr/local/lib/python3.10/dist-packages/airflow/example_dags/tutorial_dag.py for tasks to queue
[2023-10-28T08:15:50.397+0000] {logging_mixin.py:149} INFO - [2023-10-28T08:15:50.396+0000] {dagbag.py:541} INFO - Filling up the DagBag from /usr/local/lib/python3.10/dist-packages/airflow/example_dags/tutorial_dag.py
[2023-10-28T08:15:50.409+0000] {processor.py:809} INFO - DAG(s) dict_keys(['tutorial_dag']) retrieved from /usr/local/lib/python3.10/dist-packages/airflow/example_dags/tutorial_dag.py
[2023-10-28T08:15:50.491+0000] {logging_mixin.py:149} INFO - [2023-10-28T08:15:50.490+0000] {dag.py:2726} INFO - Sync 1 DAGs
[2023-10-28T08:15:50.563+0000] {logging_mixin.py:149} INFO - [2023-10-28T08:15:50.562+0000] {dag.py:3486} INFO - Setting next_dagrun for tutorial_dag to None, run_after=None
[2023-10-28T08:15:50.663+0000] {processor.py:178} INFO - Processing /usr/local/lib/python3.10/dist-packages/airflow/example_dags/tutorial_dag.py took 0.304 seconds
[2023-10-28T08:16:21.508+0000] {processor.py:156} INFO - Started process (PID=1499889) to work on /usr/local/lib/python3.10/dist-packages/airflow/example_dags/tutorial_dag.py
[2023-10-28T08:16:21.532+0000] {processor.py:799} INFO - Processing file /usr/local/lib/python3.10/dist-packages/airflow/example_dags/tutorial_dag.py for tasks to queue
[2023-10-28T08:16:21.535+0000] {logging_mixin.py:149} INFO - [2023-10-28T08:16:21.534+0000] {dagbag.py:541} INFO - Filling up the DagBag from /usr/local/lib/python3.10/dist-packages/airflow/example_dags/tutorial_dag.py
[2023-10-28T08:16:21.546+0000] {processor.py:809} INFO - DAG(s) dict_keys(['tutorial_dag']) retrieved from /usr/local/lib/python3.10/dist-packages/airflow/example_dags/tutorial_dag.py
[2023-10-28T08:16:21.627+0000] {logging_mixin.py:149} INFO - [2023-10-28T08:16:21.626+0000] {dag.py:2726} INFO - Sync 1 DAGs
[2023-10-28T08:16:21.706+0000] {logging_mixin.py:149} INFO - [2023-10-28T08:16:21.705+0000] {dag.py:3486} INFO - Setting next_dagrun for tutorial_dag to None, run_after=None
[2023-10-28T08:16:21.821+0000] {processor.py:178} INFO - Processing /usr/local/lib/python3.10/dist-packages/airflow/example_dags/tutorial_dag.py took 0.321 seconds
[2023-10-28T08:16:51.958+0000] {processor.py:156} INFO - Started process (PID=1500509) to work on /usr/local/lib/python3.10/dist-packages/airflow/example_dags/tutorial_dag.py
[2023-10-28T08:16:51.959+0000] {processor.py:799} INFO - Processing file /usr/local/lib/python3.10/dist-packages/airflow/example_dags/tutorial_dag.py for tasks to queue
[2023-10-28T08:16:51.961+0000] {logging_mixin.py:149} INFO - [2023-10-28T08:16:51.961+0000] {dagbag.py:541} INFO - Filling up the DagBag from /usr/local/lib/python3.10/dist-packages/airflow/example_dags/tutorial_dag.py
[2023-10-28T08:16:51.973+0000] {processor.py:809} INFO - DAG(s) dict_keys(['tutorial_dag']) retrieved from /usr/local/lib/python3.10/dist-packages/airflow/example_dags/tutorial_dag.py
[2023-10-28T08:16:52.061+0000] {logging_mixin.py:149} INFO - [2023-10-28T08:16:52.061+0000] {dag.py:2726} INFO - Sync 1 DAGs
[2023-10-28T08:16:52.133+0000] {logging_mixin.py:149} INFO - [2023-10-28T08:16:52.132+0000] {dag.py:3486} INFO - Setting next_dagrun for tutorial_dag to None, run_after=None
[2023-10-28T08:16:52.211+0000] {processor.py:178} INFO - Processing /usr/local/lib/python3.10/dist-packages/airflow/example_dags/tutorial_dag.py took 0.260 seconds
[2023-10-28T08:17:22.960+0000] {processor.py:156} INFO - Started process (PID=1501031) to work on /usr/local/lib/python3.10/dist-packages/airflow/example_dags/tutorial_dag.py
[2023-10-28T08:17:22.981+0000] {processor.py:799} INFO - Processing file /usr/local/lib/python3.10/dist-packages/airflow/example_dags/tutorial_dag.py for tasks to queue
[2023-10-28T08:17:22.983+0000] {logging_mixin.py:149} INFO - [2023-10-28T08:17:22.982+0000] {dagbag.py:541} INFO - Filling up the DagBag from /usr/local/lib/python3.10/dist-packages/airflow/example_dags/tutorial_dag.py
[2023-10-28T08:17:22.994+0000] {processor.py:809} INFO - DAG(s) dict_keys(['tutorial_dag']) retrieved from /usr/local/lib/python3.10/dist-packages/airflow/example_dags/tutorial_dag.py
[2023-10-28T08:17:23.075+0000] {logging_mixin.py:149} INFO - [2023-10-28T08:17:23.075+0000] {dag.py:2726} INFO - Sync 1 DAGs
[2023-10-28T08:17:23.159+0000] {logging_mixin.py:149} INFO - [2023-10-28T08:17:23.159+0000] {dag.py:3486} INFO - Setting next_dagrun for tutorial_dag to None, run_after=None
[2023-10-28T08:17:23.265+0000] {processor.py:178} INFO - Processing /usr/local/lib/python3.10/dist-packages/airflow/example_dags/tutorial_dag.py took 0.311 seconds
[2023-10-28T08:17:53.940+0000] {processor.py:156} INFO - Started process (PID=1501390) to work on /usr/local/lib/python3.10/dist-packages/airflow/example_dags/tutorial_dag.py
[2023-10-28T08:17:53.965+0000] {processor.py:799} INFO - Processing file /usr/local/lib/python3.10/dist-packages/airflow/example_dags/tutorial_dag.py for tasks to queue
[2023-10-28T08:17:53.968+0000] {logging_mixin.py:149} INFO - [2023-10-28T08:17:53.967+0000] {dagbag.py:541} INFO - Filling up the DagBag from /usr/local/lib/python3.10/dist-packages/airflow/example_dags/tutorial_dag.py
[2023-10-28T08:17:53.982+0000] {processor.py:809} INFO - DAG(s) dict_keys(['tutorial_dag']) retrieved from /usr/local/lib/python3.10/dist-packages/airflow/example_dags/tutorial_dag.py
[2023-10-28T08:17:54.065+0000] {logging_mixin.py:149} INFO - [2023-10-28T08:17:54.065+0000] {dag.py:2726} INFO - Sync 1 DAGs
[2023-10-28T08:17:54.147+0000] {logging_mixin.py:149} INFO - [2023-10-28T08:17:54.147+0000] {dag.py:3486} INFO - Setting next_dagrun for tutorial_dag to None, run_after=None
[2023-10-28T08:17:54.248+0000] {processor.py:178} INFO - Processing /usr/local/lib/python3.10/dist-packages/airflow/example_dags/tutorial_dag.py took 0.316 seconds
[2023-10-28T08:18:24.562+0000] {processor.py:156} INFO - Started process (PID=1501769) to work on /usr/local/lib/python3.10/dist-packages/airflow/example_dags/tutorial_dag.py
[2023-10-28T08:18:24.589+0000] {processor.py:799} INFO - Processing file /usr/local/lib/python3.10/dist-packages/airflow/example_dags/tutorial_dag.py for tasks to queue
[2023-10-28T08:18:24.592+0000] {logging_mixin.py:149} INFO - [2023-10-28T08:18:24.591+0000] {dagbag.py:541} INFO - Filling up the DagBag from /usr/local/lib/python3.10/dist-packages/airflow/example_dags/tutorial_dag.py
[2023-10-28T08:18:24.606+0000] {processor.py:809} INFO - DAG(s) dict_keys(['tutorial_dag']) retrieved from /usr/local/lib/python3.10/dist-packages/airflow/example_dags/tutorial_dag.py
[2023-10-28T08:18:24.690+0000] {logging_mixin.py:149} INFO - [2023-10-28T08:18:24.689+0000] {dag.py:2726} INFO - Sync 1 DAGs
[2023-10-28T08:18:24.773+0000] {logging_mixin.py:149} INFO - [2023-10-28T08:18:24.772+0000] {dag.py:3486} INFO - Setting next_dagrun for tutorial_dag to None, run_after=None
[2023-10-28T08:18:24.880+0000] {processor.py:178} INFO - Processing /usr/local/lib/python3.10/dist-packages/airflow/example_dags/tutorial_dag.py took 0.324 seconds
[2023-10-28T08:18:55.162+0000] {processor.py:156} INFO - Started process (PID=1502122) to work on /usr/local/lib/python3.10/dist-packages/airflow/example_dags/tutorial_dag.py
[2023-10-28T08:18:55.186+0000] {processor.py:799} INFO - Processing file /usr/local/lib/python3.10/dist-packages/airflow/example_dags/tutorial_dag.py for tasks to queue
[2023-10-28T08:18:55.188+0000] {logging_mixin.py:149} INFO - [2023-10-28T08:18:55.187+0000] {dagbag.py:541} INFO - Filling up the DagBag from /usr/local/lib/python3.10/dist-packages/airflow/example_dags/tutorial_dag.py
[2023-10-28T08:18:55.202+0000] {processor.py:809} INFO - DAG(s) dict_keys(['tutorial_dag']) retrieved from /usr/local/lib/python3.10/dist-packages/airflow/example_dags/tutorial_dag.py
[2023-10-28T08:18:55.281+0000] {logging_mixin.py:149} INFO - [2023-10-28T08:18:55.281+0000] {dag.py:2726} INFO - Sync 1 DAGs
[2023-10-28T08:18:55.353+0000] {logging_mixin.py:149} INFO - [2023-10-28T08:18:55.353+0000] {dag.py:3486} INFO - Setting next_dagrun for tutorial_dag to None, run_after=None
[2023-10-28T08:18:55.453+0000] {processor.py:178} INFO - Processing /usr/local/lib/python3.10/dist-packages/airflow/example_dags/tutorial_dag.py took 0.298 seconds
[2023-10-28T08:19:25.858+0000] {processor.py:156} INFO - Started process (PID=1502518) to work on /usr/local/lib/python3.10/dist-packages/airflow/example_dags/tutorial_dag.py
[2023-10-28T08:19:25.881+0000] {processor.py:799} INFO - Processing file /usr/local/lib/python3.10/dist-packages/airflow/example_dags/tutorial_dag.py for tasks to queue
[2023-10-28T08:19:25.884+0000] {logging_mixin.py:149} INFO - [2023-10-28T08:19:25.883+0000] {dagbag.py:541} INFO - Filling up the DagBag from /usr/local/lib/python3.10/dist-packages/airflow/example_dags/tutorial_dag.py
[2023-10-28T08:19:25.897+0000] {processor.py:809} INFO - DAG(s) dict_keys(['tutorial_dag']) retrieved from /usr/local/lib/python3.10/dist-packages/airflow/example_dags/tutorial_dag.py
[2023-10-28T08:19:25.974+0000] {logging_mixin.py:149} INFO - [2023-10-28T08:19:25.974+0000] {dag.py:2726} INFO - Sync 1 DAGs
[2023-10-28T08:19:26.050+0000] {logging_mixin.py:149} INFO - [2023-10-28T08:19:26.049+0000] {dag.py:3486} INFO - Setting next_dagrun for tutorial_dag to None, run_after=None
[2023-10-28T08:19:26.148+0000] {processor.py:178} INFO - Processing /usr/local/lib/python3.10/dist-packages/airflow/example_dags/tutorial_dag.py took 0.297 seconds
[2023-10-28T08:19:56.213+0000] {processor.py:156} INFO - Started process (PID=1502867) to work on /usr/local/lib/python3.10/dist-packages/airflow/example_dags/tutorial_dag.py
[2023-10-28T08:19:56.217+0000] {processor.py:799} INFO - Processing file /usr/local/lib/python3.10/dist-packages/airflow/example_dags/tutorial_dag.py for tasks to queue
[2023-10-28T08:19:56.219+0000] {logging_mixin.py:149} INFO - [2023-10-28T08:19:56.218+0000] {dagbag.py:541} INFO - Filling up the DagBag from /usr/local/lib/python3.10/dist-packages/airflow/example_dags/tutorial_dag.py
[2023-10-28T08:19:56.233+0000] {processor.py:809} INFO - DAG(s) dict_keys(['tutorial_dag']) retrieved from /usr/local/lib/python3.10/dist-packages/airflow/example_dags/tutorial_dag.py
[2023-10-28T08:19:56.315+0000] {logging_mixin.py:149} INFO - [2023-10-28T08:19:56.314+0000] {dag.py:2726} INFO - Sync 1 DAGs
[2023-10-28T08:19:56.389+0000] {logging_mixin.py:149} INFO - [2023-10-28T08:19:56.388+0000] {dag.py:3486} INFO - Setting next_dagrun for tutorial_dag to None, run_after=None
[2023-10-28T08:19:56.490+0000] {processor.py:178} INFO - Processing /usr/local/lib/python3.10/dist-packages/airflow/example_dags/tutorial_dag.py took 0.285 seconds
[2023-10-28T08:20:26.938+0000] {processor.py:156} INFO - Started process (PID=1503385) to work on /usr/local/lib/python3.10/dist-packages/airflow/example_dags/tutorial_dag.py
[2023-10-28T08:20:26.965+0000] {processor.py:799} INFO - Processing file /usr/local/lib/python3.10/dist-packages/airflow/example_dags/tutorial_dag.py for tasks to queue
[2023-10-28T08:20:26.967+0000] {logging_mixin.py:149} INFO - [2023-10-28T08:20:26.967+0000] {dagbag.py:541} INFO - Filling up the DagBag from /usr/local/lib/python3.10/dist-packages/airflow/example_dags/tutorial_dag.py
[2023-10-28T08:20:26.979+0000] {processor.py:809} INFO - DAG(s) dict_keys(['tutorial_dag']) retrieved from /usr/local/lib/python3.10/dist-packages/airflow/example_dags/tutorial_dag.py
[2023-10-28T08:20:27.057+0000] {logging_mixin.py:149} INFO - [2023-10-28T08:20:27.056+0000] {dag.py:2726} INFO - Sync 1 DAGs
[2023-10-28T08:20:27.133+0000] {logging_mixin.py:149} INFO - [2023-10-28T08:20:27.132+0000] {dag.py:3486} INFO - Setting next_dagrun for tutorial_dag to None, run_after=None
[2023-10-28T08:20:27.234+0000] {processor.py:178} INFO - Processing /usr/local/lib/python3.10/dist-packages/airflow/example_dags/tutorial_dag.py took 0.303 seconds
[2023-10-28T08:20:57.722+0000] {processor.py:156} INFO - Started process (PID=1503746) to work on /usr/local/lib/python3.10/dist-packages/airflow/example_dags/tutorial_dag.py
[2023-10-28T08:20:57.753+0000] {processor.py:799} INFO - Processing file /usr/local/lib/python3.10/dist-packages/airflow/example_dags/tutorial_dag.py for tasks to queue
[2023-10-28T08:20:57.755+0000] {logging_mixin.py:149} INFO - [2023-10-28T08:20:57.755+0000] {dagbag.py:541} INFO - Filling up the DagBag from /usr/local/lib/python3.10/dist-packages/airflow/example_dags/tutorial_dag.py
[2023-10-28T08:20:57.767+0000] {processor.py:809} INFO - DAG(s) dict_keys(['tutorial_dag']) retrieved from /usr/local/lib/python3.10/dist-packages/airflow/example_dags/tutorial_dag.py
[2023-10-28T08:20:57.852+0000] {logging_mixin.py:149} INFO - [2023-10-28T08:20:57.851+0000] {dag.py:2726} INFO - Sync 1 DAGs
[2023-10-28T08:20:57.925+0000] {logging_mixin.py:149} INFO - [2023-10-28T08:20:57.925+0000] {dag.py:3486} INFO - Setting next_dagrun for tutorial_dag to None, run_after=None
[2023-10-28T08:20:57.993+0000] {processor.py:178} INFO - Processing /usr/local/lib/python3.10/dist-packages/airflow/example_dags/tutorial_dag.py took 0.279 seconds
[2023-10-28T08:21:28.318+0000] {processor.py:156} INFO - Started process (PID=1504396) to work on /usr/local/lib/python3.10/dist-packages/airflow/example_dags/tutorial_dag.py
[2023-10-28T08:21:28.322+0000] {processor.py:799} INFO - Processing file /usr/local/lib/python3.10/dist-packages/airflow/example_dags/tutorial_dag.py for tasks to queue
[2023-10-28T08:21:28.324+0000] {logging_mixin.py:149} INFO - [2023-10-28T08:21:28.323+0000] {dagbag.py:541} INFO - Filling up the DagBag from /usr/local/lib/python3.10/dist-packages/airflow/example_dags/tutorial_dag.py
[2023-10-28T08:21:28.335+0000] {processor.py:809} INFO - DAG(s) dict_keys(['tutorial_dag']) retrieved from /usr/local/lib/python3.10/dist-packages/airflow/example_dags/tutorial_dag.py
[2023-10-28T08:21:28.412+0000] {logging_mixin.py:149} INFO - [2023-10-28T08:21:28.411+0000] {dag.py:2726} INFO - Sync 1 DAGs
[2023-10-28T08:21:28.488+0000] {logging_mixin.py:149} INFO - [2023-10-28T08:21:28.488+0000] {dag.py:3486} INFO - Setting next_dagrun for tutorial_dag to None, run_after=None
[2023-10-28T08:21:28.552+0000] {processor.py:178} INFO - Processing /usr/local/lib/python3.10/dist-packages/airflow/example_dags/tutorial_dag.py took 0.241 seconds
[2023-10-28T08:21:59.668+0000] {processor.py:156} INFO - Started process (PID=1505209) to work on /usr/local/lib/python3.10/dist-packages/airflow/example_dags/tutorial_dag.py
[2023-10-28T08:21:59.684+0000] {processor.py:799} INFO - Processing file /usr/local/lib/python3.10/dist-packages/airflow/example_dags/tutorial_dag.py for tasks to queue
[2023-10-28T08:21:59.686+0000] {logging_mixin.py:149} INFO - [2023-10-28T08:21:59.686+0000] {dagbag.py:541} INFO - Filling up the DagBag from /usr/local/lib/python3.10/dist-packages/airflow/example_dags/tutorial_dag.py
[2023-10-28T08:21:59.700+0000] {processor.py:809} INFO - DAG(s) dict_keys(['tutorial_dag']) retrieved from /usr/local/lib/python3.10/dist-packages/airflow/example_dags/tutorial_dag.py
[2023-10-28T08:21:59.786+0000] {logging_mixin.py:149} INFO - [2023-10-28T08:21:59.785+0000] {dag.py:2726} INFO - Sync 1 DAGs
[2023-10-28T08:21:59.860+0000] {logging_mixin.py:149} INFO - [2023-10-28T08:21:59.859+0000] {dag.py:3486} INFO - Setting next_dagrun for tutorial_dag to None, run_after=None
[2023-10-28T08:21:59.927+0000] {processor.py:178} INFO - Processing /usr/local/lib/python3.10/dist-packages/airflow/example_dags/tutorial_dag.py took 0.266 seconds
[2023-10-28T08:22:30.089+0000] {processor.py:156} INFO - Started process (PID=1505724) to work on /usr/local/lib/python3.10/dist-packages/airflow/example_dags/tutorial_dag.py
[2023-10-28T08:22:30.128+0000] {processor.py:799} INFO - Processing file /usr/local/lib/python3.10/dist-packages/airflow/example_dags/tutorial_dag.py for tasks to queue
[2023-10-28T08:22:30.130+0000] {logging_mixin.py:149} INFO - [2023-10-28T08:22:30.130+0000] {dagbag.py:541} INFO - Filling up the DagBag from /usr/local/lib/python3.10/dist-packages/airflow/example_dags/tutorial_dag.py
[2023-10-28T08:22:30.143+0000] {processor.py:809} INFO - DAG(s) dict_keys(['tutorial_dag']) retrieved from /usr/local/lib/python3.10/dist-packages/airflow/example_dags/tutorial_dag.py
[2023-10-28T08:22:30.217+0000] {logging_mixin.py:149} INFO - [2023-10-28T08:22:30.216+0000] {dag.py:2726} INFO - Sync 1 DAGs
[2023-10-28T08:22:30.299+0000] {logging_mixin.py:149} INFO - [2023-10-28T08:22:30.299+0000] {dag.py:3486} INFO - Setting next_dagrun for tutorial_dag to None, run_after=None
[2023-10-28T08:22:30.386+0000] {processor.py:178} INFO - Processing /usr/local/lib/python3.10/dist-packages/airflow/example_dags/tutorial_dag.py took 0.306 seconds
[2023-10-28T08:23:00.513+0000] {processor.py:156} INFO - Started process (PID=1506245) to work on /usr/local/lib/python3.10/dist-packages/airflow/example_dags/tutorial_dag.py
[2023-10-28T08:23:00.541+0000] {processor.py:799} INFO - Processing file /usr/local/lib/python3.10/dist-packages/airflow/example_dags/tutorial_dag.py for tasks to queue
[2023-10-28T08:23:00.542+0000] {logging_mixin.py:149} INFO - [2023-10-28T08:23:00.542+0000] {dagbag.py:541} INFO - Filling up the DagBag from /usr/local/lib/python3.10/dist-packages/airflow/example_dags/tutorial_dag.py
[2023-10-28T08:23:00.554+0000] {processor.py:809} INFO - DAG(s) dict_keys(['tutorial_dag']) retrieved from /usr/local/lib/python3.10/dist-packages/airflow/example_dags/tutorial_dag.py
[2023-10-28T08:23:00.632+0000] {logging_mixin.py:149} INFO - [2023-10-28T08:23:00.632+0000] {dag.py:2726} INFO - Sync 1 DAGs
[2023-10-28T08:23:00.705+0000] {logging_mixin.py:149} INFO - [2023-10-28T08:23:00.704+0000] {dag.py:3486} INFO - Setting next_dagrun for tutorial_dag to None, run_after=None
[2023-10-28T08:23:00.805+0000] {processor.py:178} INFO - Processing /usr/local/lib/python3.10/dist-packages/airflow/example_dags/tutorial_dag.py took 0.299 seconds
[2023-10-28T08:23:31.159+0000] {processor.py:156} INFO - Started process (PID=1506717) to work on /usr/local/lib/python3.10/dist-packages/airflow/example_dags/tutorial_dag.py
[2023-10-28T08:23:31.161+0000] {processor.py:799} INFO - Processing file /usr/local/lib/python3.10/dist-packages/airflow/example_dags/tutorial_dag.py for tasks to queue
[2023-10-28T08:23:31.163+0000] {logging_mixin.py:149} INFO - [2023-10-28T08:23:31.163+0000] {dagbag.py:541} INFO - Filling up the DagBag from /usr/local/lib/python3.10/dist-packages/airflow/example_dags/tutorial_dag.py
[2023-10-28T08:23:31.176+0000] {processor.py:809} INFO - DAG(s) dict_keys(['tutorial_dag']) retrieved from /usr/local/lib/python3.10/dist-packages/airflow/example_dags/tutorial_dag.py
[2023-10-28T08:23:31.258+0000] {logging_mixin.py:149} INFO - [2023-10-28T08:23:31.257+0000] {dag.py:2726} INFO - Sync 1 DAGs
[2023-10-28T08:23:31.335+0000] {logging_mixin.py:149} INFO - [2023-10-28T08:23:31.335+0000] {dag.py:3486} INFO - Setting next_dagrun for tutorial_dag to None, run_after=None
[2023-10-28T08:23:31.441+0000] {processor.py:178} INFO - Processing /usr/local/lib/python3.10/dist-packages/airflow/example_dags/tutorial_dag.py took 0.290 seconds
[2023-10-28T08:24:02.041+0000] {processor.py:156} INFO - Started process (PID=1507276) to work on /usr/local/lib/python3.10/dist-packages/airflow/example_dags/tutorial_dag.py
[2023-10-28T08:24:02.080+0000] {processor.py:799} INFO - Processing file /usr/local/lib/python3.10/dist-packages/airflow/example_dags/tutorial_dag.py for tasks to queue
[2023-10-28T08:24:02.082+0000] {logging_mixin.py:149} INFO - [2023-10-28T08:24:02.082+0000] {dagbag.py:541} INFO - Filling up the DagBag from /usr/local/lib/python3.10/dist-packages/airflow/example_dags/tutorial_dag.py
[2023-10-28T08:24:02.094+0000] {processor.py:809} INFO - DAG(s) dict_keys(['tutorial_dag']) retrieved from /usr/local/lib/python3.10/dist-packages/airflow/example_dags/tutorial_dag.py
[2023-10-28T08:24:02.184+0000] {logging_mixin.py:149} INFO - [2023-10-28T08:24:02.184+0000] {dag.py:2726} INFO - Sync 1 DAGs
[2023-10-28T08:24:02.264+0000] {logging_mixin.py:149} INFO - [2023-10-28T08:24:02.263+0000] {dag.py:3486} INFO - Setting next_dagrun for tutorial_dag to None, run_after=None
[2023-10-28T08:24:02.362+0000] {processor.py:178} INFO - Processing /usr/local/lib/python3.10/dist-packages/airflow/example_dags/tutorial_dag.py took 0.328 seconds
[2023-10-28T08:24:32.976+0000] {processor.py:156} INFO - Started process (PID=1507903) to work on /usr/local/lib/python3.10/dist-packages/airflow/example_dags/tutorial_dag.py
[2023-10-28T08:24:33.017+0000] {processor.py:799} INFO - Processing file /usr/local/lib/python3.10/dist-packages/airflow/example_dags/tutorial_dag.py for tasks to queue
[2023-10-28T08:24:33.018+0000] {logging_mixin.py:149} INFO - [2023-10-28T08:24:33.018+0000] {dagbag.py:541} INFO - Filling up the DagBag from /usr/local/lib/python3.10/dist-packages/airflow/example_dags/tutorial_dag.py
[2023-10-28T08:24:33.031+0000] {processor.py:809} INFO - DAG(s) dict_keys(['tutorial_dag']) retrieved from /usr/local/lib/python3.10/dist-packages/airflow/example_dags/tutorial_dag.py
[2023-10-28T08:24:33.118+0000] {logging_mixin.py:149} INFO - [2023-10-28T08:24:33.118+0000] {dag.py:2726} INFO - Sync 1 DAGs
[2023-10-28T08:24:33.206+0000] {logging_mixin.py:149} INFO - [2023-10-28T08:24:33.205+0000] {dag.py:3486} INFO - Setting next_dagrun for tutorial_dag to None, run_after=None
[2023-10-28T08:24:33.312+0000] {processor.py:178} INFO - Processing /usr/local/lib/python3.10/dist-packages/airflow/example_dags/tutorial_dag.py took 0.343 seconds
[2023-10-28T08:25:03.501+0000] {processor.py:156} INFO - Started process (PID=1508313) to work on /usr/local/lib/python3.10/dist-packages/airflow/example_dags/tutorial_dag.py
[2023-10-28T08:25:03.538+0000] {processor.py:799} INFO - Processing file /usr/local/lib/python3.10/dist-packages/airflow/example_dags/tutorial_dag.py for tasks to queue
[2023-10-28T08:25:03.540+0000] {logging_mixin.py:149} INFO - [2023-10-28T08:25:03.539+0000] {dagbag.py:541} INFO - Filling up the DagBag from /usr/local/lib/python3.10/dist-packages/airflow/example_dags/tutorial_dag.py
[2023-10-28T08:25:03.553+0000] {processor.py:809} INFO - DAG(s) dict_keys(['tutorial_dag']) retrieved from /usr/local/lib/python3.10/dist-packages/airflow/example_dags/tutorial_dag.py
[2023-10-28T08:25:03.637+0000] {logging_mixin.py:149} INFO - [2023-10-28T08:25:03.636+0000] {dag.py:2726} INFO - Sync 1 DAGs
[2023-10-28T08:25:03.710+0000] {logging_mixin.py:149} INFO - [2023-10-28T08:25:03.710+0000] {dag.py:3486} INFO - Setting next_dagrun for tutorial_dag to None, run_after=None
[2023-10-28T08:25:03.812+0000] {processor.py:178} INFO - Processing /usr/local/lib/python3.10/dist-packages/airflow/example_dags/tutorial_dag.py took 0.319 seconds
[2023-10-28T08:25:34.100+0000] {processor.py:156} INFO - Started process (PID=1509144) to work on /usr/local/lib/python3.10/dist-packages/airflow/example_dags/tutorial_dag.py
[2023-10-28T08:25:34.137+0000] {processor.py:799} INFO - Processing file /usr/local/lib/python3.10/dist-packages/airflow/example_dags/tutorial_dag.py for tasks to queue
[2023-10-28T08:25:34.139+0000] {logging_mixin.py:149} INFO - [2023-10-28T08:25:34.138+0000] {dagbag.py:541} INFO - Filling up the DagBag from /usr/local/lib/python3.10/dist-packages/airflow/example_dags/tutorial_dag.py
[2023-10-28T08:25:34.152+0000] {processor.py:809} INFO - DAG(s) dict_keys(['tutorial_dag']) retrieved from /usr/local/lib/python3.10/dist-packages/airflow/example_dags/tutorial_dag.py
[2023-10-28T08:25:34.245+0000] {logging_mixin.py:149} INFO - [2023-10-28T08:25:34.245+0000] {dag.py:2726} INFO - Sync 1 DAGs
[2023-10-28T08:25:34.327+0000] {logging_mixin.py:149} INFO - [2023-10-28T08:25:34.326+0000] {dag.py:3486} INFO - Setting next_dagrun for tutorial_dag to None, run_after=None
[2023-10-28T08:25:34.431+0000] {processor.py:178} INFO - Processing /usr/local/lib/python3.10/dist-packages/airflow/example_dags/tutorial_dag.py took 0.339 seconds
[2023-10-28T08:26:04.601+0000] {processor.py:156} INFO - Started process (PID=1509529) to work on /usr/local/lib/python3.10/dist-packages/airflow/example_dags/tutorial_dag.py
[2023-10-28T08:26:04.637+0000] {processor.py:799} INFO - Processing file /usr/local/lib/python3.10/dist-packages/airflow/example_dags/tutorial_dag.py for tasks to queue
[2023-10-28T08:26:04.639+0000] {logging_mixin.py:149} INFO - [2023-10-28T08:26:04.639+0000] {dagbag.py:541} INFO - Filling up the DagBag from /usr/local/lib/python3.10/dist-packages/airflow/example_dags/tutorial_dag.py
[2023-10-28T08:26:04.652+0000] {processor.py:809} INFO - DAG(s) dict_keys(['tutorial_dag']) retrieved from /usr/local/lib/python3.10/dist-packages/airflow/example_dags/tutorial_dag.py
[2023-10-28T08:26:04.737+0000] {logging_mixin.py:149} INFO - [2023-10-28T08:26:04.737+0000] {dag.py:2726} INFO - Sync 1 DAGs
[2023-10-28T08:26:04.814+0000] {logging_mixin.py:149} INFO - [2023-10-28T08:26:04.813+0000] {dag.py:3486} INFO - Setting next_dagrun for tutorial_dag to None, run_after=None
[2023-10-28T08:26:04.916+0000] {processor.py:178} INFO - Processing /usr/local/lib/python3.10/dist-packages/airflow/example_dags/tutorial_dag.py took 0.323 seconds
[2023-10-28T08:26:35.178+0000] {processor.py:156} INFO - Started process (PID=1509881) to work on /usr/local/lib/python3.10/dist-packages/airflow/example_dags/tutorial_dag.py
[2023-10-28T08:26:35.181+0000] {processor.py:799} INFO - Processing file /usr/local/lib/python3.10/dist-packages/airflow/example_dags/tutorial_dag.py for tasks to queue
[2023-10-28T08:26:35.183+0000] {logging_mixin.py:149} INFO - [2023-10-28T08:26:35.182+0000] {dagbag.py:541} INFO - Filling up the DagBag from /usr/local/lib/python3.10/dist-packages/airflow/example_dags/tutorial_dag.py
[2023-10-28T08:26:35.195+0000] {processor.py:809} INFO - DAG(s) dict_keys(['tutorial_dag']) retrieved from /usr/local/lib/python3.10/dist-packages/airflow/example_dags/tutorial_dag.py
[2023-10-28T08:26:35.277+0000] {logging_mixin.py:149} INFO - [2023-10-28T08:26:35.277+0000] {dag.py:2726} INFO - Sync 1 DAGs
[2023-10-28T08:26:35.351+0000] {logging_mixin.py:149} INFO - [2023-10-28T08:26:35.350+0000] {dag.py:3486} INFO - Setting next_dagrun for tutorial_dag to None, run_after=None
[2023-10-28T08:26:35.458+0000] {processor.py:178} INFO - Processing /usr/local/lib/python3.10/dist-packages/airflow/example_dags/tutorial_dag.py took 0.287 seconds
[2023-10-28T08:27:06.297+0000] {processor.py:156} INFO - Started process (PID=1510386) to work on /usr/local/lib/python3.10/dist-packages/airflow/example_dags/tutorial_dag.py
[2023-10-28T08:27:06.299+0000] {processor.py:799} INFO - Processing file /usr/local/lib/python3.10/dist-packages/airflow/example_dags/tutorial_dag.py for tasks to queue
[2023-10-28T08:27:06.301+0000] {logging_mixin.py:149} INFO - [2023-10-28T08:27:06.300+0000] {dagbag.py:541} INFO - Filling up the DagBag from /usr/local/lib/python3.10/dist-packages/airflow/example_dags/tutorial_dag.py
[2023-10-28T08:27:06.313+0000] {processor.py:809} INFO - DAG(s) dict_keys(['tutorial_dag']) retrieved from /usr/local/lib/python3.10/dist-packages/airflow/example_dags/tutorial_dag.py
[2023-10-28T08:27:06.388+0000] {logging_mixin.py:149} INFO - [2023-10-28T08:27:06.387+0000] {dag.py:2726} INFO - Sync 1 DAGs
[2023-10-28T08:27:06.463+0000] {logging_mixin.py:149} INFO - [2023-10-28T08:27:06.463+0000] {dag.py:3486} INFO - Setting next_dagrun for tutorial_dag to None, run_after=None
[2023-10-28T08:27:06.565+0000] {processor.py:178} INFO - Processing /usr/local/lib/python3.10/dist-packages/airflow/example_dags/tutorial_dag.py took 0.275 seconds
[2023-10-28T08:27:37.466+0000] {processor.py:156} INFO - Started process (PID=1510816) to work on /usr/local/lib/python3.10/dist-packages/airflow/example_dags/tutorial_dag.py
[2023-10-28T08:27:37.501+0000] {processor.py:799} INFO - Processing file /usr/local/lib/python3.10/dist-packages/airflow/example_dags/tutorial_dag.py for tasks to queue
[2023-10-28T08:27:37.503+0000] {logging_mixin.py:149} INFO - [2023-10-28T08:27:37.502+0000] {dagbag.py:541} INFO - Filling up the DagBag from /usr/local/lib/python3.10/dist-packages/airflow/example_dags/tutorial_dag.py
[2023-10-28T08:27:37.517+0000] {processor.py:809} INFO - DAG(s) dict_keys(['tutorial_dag']) retrieved from /usr/local/lib/python3.10/dist-packages/airflow/example_dags/tutorial_dag.py
[2023-10-28T08:27:37.600+0000] {logging_mixin.py:149} INFO - [2023-10-28T08:27:37.600+0000] {dag.py:2726} INFO - Sync 1 DAGs
[2023-10-28T08:27:37.691+0000] {logging_mixin.py:149} INFO - [2023-10-28T08:27:37.690+0000] {dag.py:3486} INFO - Setting next_dagrun for tutorial_dag to None, run_after=None
[2023-10-28T08:27:37.760+0000] {processor.py:178} INFO - Processing /usr/local/lib/python3.10/dist-packages/airflow/example_dags/tutorial_dag.py took 0.302 seconds
[2023-10-28T08:28:07.944+0000] {processor.py:156} INFO - Started process (PID=1511199) to work on /usr/local/lib/python3.10/dist-packages/airflow/example_dags/tutorial_dag.py
[2023-10-28T08:28:07.984+0000] {processor.py:799} INFO - Processing file /usr/local/lib/python3.10/dist-packages/airflow/example_dags/tutorial_dag.py for tasks to queue
[2023-10-28T08:28:07.986+0000] {logging_mixin.py:149} INFO - [2023-10-28T08:28:07.986+0000] {dagbag.py:541} INFO - Filling up the DagBag from /usr/local/lib/python3.10/dist-packages/airflow/example_dags/tutorial_dag.py
[2023-10-28T08:28:08.000+0000] {processor.py:809} INFO - DAG(s) dict_keys(['tutorial_dag']) retrieved from /usr/local/lib/python3.10/dist-packages/airflow/example_dags/tutorial_dag.py
[2023-10-28T08:28:08.083+0000] {logging_mixin.py:149} INFO - [2023-10-28T08:28:08.082+0000] {dag.py:2726} INFO - Sync 1 DAGs
[2023-10-28T08:28:08.160+0000] {logging_mixin.py:149} INFO - [2023-10-28T08:28:08.160+0000] {dag.py:3486} INFO - Setting next_dagrun for tutorial_dag to None, run_after=None
[2023-10-28T08:28:08.225+0000] {processor.py:178} INFO - Processing /usr/local/lib/python3.10/dist-packages/airflow/example_dags/tutorial_dag.py took 0.289 seconds
[2023-10-28T08:28:38.635+0000] {processor.py:156} INFO - Started process (PID=1511569) to work on /usr/local/lib/python3.10/dist-packages/airflow/example_dags/tutorial_dag.py
[2023-10-28T08:28:38.638+0000] {processor.py:799} INFO - Processing file /usr/local/lib/python3.10/dist-packages/airflow/example_dags/tutorial_dag.py for tasks to queue
[2023-10-28T08:28:38.640+0000] {logging_mixin.py:149} INFO - [2023-10-28T08:28:38.639+0000] {dagbag.py:541} INFO - Filling up the DagBag from /usr/local/lib/python3.10/dist-packages/airflow/example_dags/tutorial_dag.py
[2023-10-28T08:28:38.653+0000] {processor.py:809} INFO - DAG(s) dict_keys(['tutorial_dag']) retrieved from /usr/local/lib/python3.10/dist-packages/airflow/example_dags/tutorial_dag.py
[2023-10-28T08:28:38.733+0000] {logging_mixin.py:149} INFO - [2023-10-28T08:28:38.733+0000] {dag.py:2726} INFO - Sync 1 DAGs
[2023-10-28T08:28:38.808+0000] {logging_mixin.py:149} INFO - [2023-10-28T08:28:38.807+0000] {dag.py:3486} INFO - Setting next_dagrun for tutorial_dag to None, run_after=None
[2023-10-28T08:28:38.873+0000] {processor.py:178} INFO - Processing /usr/local/lib/python3.10/dist-packages/airflow/example_dags/tutorial_dag.py took 0.245 seconds
[2023-10-28T08:29:09.319+0000] {processor.py:156} INFO - Started process (PID=1511970) to work on /usr/local/lib/python3.10/dist-packages/airflow/example_dags/tutorial_dag.py
[2023-10-28T08:29:09.321+0000] {processor.py:799} INFO - Processing file /usr/local/lib/python3.10/dist-packages/airflow/example_dags/tutorial_dag.py for tasks to queue
[2023-10-28T08:29:09.323+0000] {logging_mixin.py:149} INFO - [2023-10-28T08:29:09.322+0000] {dagbag.py:541} INFO - Filling up the DagBag from /usr/local/lib/python3.10/dist-packages/airflow/example_dags/tutorial_dag.py
[2023-10-28T08:29:09.336+0000] {processor.py:809} INFO - DAG(s) dict_keys(['tutorial_dag']) retrieved from /usr/local/lib/python3.10/dist-packages/airflow/example_dags/tutorial_dag.py
[2023-10-28T08:29:09.415+0000] {logging_mixin.py:149} INFO - [2023-10-28T08:29:09.414+0000] {dag.py:2726} INFO - Sync 1 DAGs
[2023-10-28T08:29:09.491+0000] {logging_mixin.py:149} INFO - [2023-10-28T08:29:09.490+0000] {dag.py:3486} INFO - Setting next_dagrun for tutorial_dag to None, run_after=None
[2023-10-28T08:29:09.585+0000] {processor.py:178} INFO - Processing /usr/local/lib/python3.10/dist-packages/airflow/example_dags/tutorial_dag.py took 0.273 seconds
[2023-10-28T08:29:39.796+0000] {processor.py:156} INFO - Started process (PID=1512328) to work on /usr/local/lib/python3.10/dist-packages/airflow/example_dags/tutorial_dag.py
[2023-10-28T08:29:39.837+0000] {processor.py:799} INFO - Processing file /usr/local/lib/python3.10/dist-packages/airflow/example_dags/tutorial_dag.py for tasks to queue
[2023-10-28T08:29:39.839+0000] {logging_mixin.py:149} INFO - [2023-10-28T08:29:39.839+0000] {dagbag.py:541} INFO - Filling up the DagBag from /usr/local/lib/python3.10/dist-packages/airflow/example_dags/tutorial_dag.py
[2023-10-28T08:29:39.850+0000] {processor.py:809} INFO - DAG(s) dict_keys(['tutorial_dag']) retrieved from /usr/local/lib/python3.10/dist-packages/airflow/example_dags/tutorial_dag.py
[2023-10-28T08:29:39.928+0000] {logging_mixin.py:149} INFO - [2023-10-28T08:29:39.927+0000] {dag.py:2726} INFO - Sync 1 DAGs
[2023-10-28T08:29:40.000+0000] {logging_mixin.py:149} INFO - [2023-10-28T08:29:39.999+0000] {dag.py:3486} INFO - Setting next_dagrun for tutorial_dag to None, run_after=None
[2023-10-28T08:29:40.105+0000] {processor.py:178} INFO - Processing /usr/local/lib/python3.10/dist-packages/airflow/example_dags/tutorial_dag.py took 0.317 seconds
[2023-10-28T08:30:10.287+0000] {processor.py:156} INFO - Started process (PID=1512708) to work on /usr/local/lib/python3.10/dist-packages/airflow/example_dags/tutorial_dag.py
[2023-10-28T08:30:10.325+0000] {processor.py:799} INFO - Processing file /usr/local/lib/python3.10/dist-packages/airflow/example_dags/tutorial_dag.py for tasks to queue
[2023-10-28T08:30:10.326+0000] {logging_mixin.py:149} INFO - [2023-10-28T08:30:10.326+0000] {dagbag.py:541} INFO - Filling up the DagBag from /usr/local/lib/python3.10/dist-packages/airflow/example_dags/tutorial_dag.py
[2023-10-28T08:30:10.338+0000] {processor.py:809} INFO - DAG(s) dict_keys(['tutorial_dag']) retrieved from /usr/local/lib/python3.10/dist-packages/airflow/example_dags/tutorial_dag.py
[2023-10-28T08:30:10.421+0000] {logging_mixin.py:149} INFO - [2023-10-28T08:30:10.421+0000] {dag.py:2726} INFO - Sync 1 DAGs
[2023-10-28T08:30:10.497+0000] {logging_mixin.py:149} INFO - [2023-10-28T08:30:10.496+0000] {dag.py:3486} INFO - Setting next_dagrun for tutorial_dag to None, run_after=None
[2023-10-28T08:30:10.597+0000] {processor.py:178} INFO - Processing /usr/local/lib/python3.10/dist-packages/airflow/example_dags/tutorial_dag.py took 0.317 seconds
[2023-10-28T08:30:41.366+0000] {processor.py:156} INFO - Started process (PID=1513322) to work on /usr/local/lib/python3.10/dist-packages/airflow/example_dags/tutorial_dag.py
[2023-10-28T08:30:41.380+0000] {processor.py:799} INFO - Processing file /usr/local/lib/python3.10/dist-packages/airflow/example_dags/tutorial_dag.py for tasks to queue
[2023-10-28T08:30:41.382+0000] {logging_mixin.py:149} INFO - [2023-10-28T08:30:41.381+0000] {dagbag.py:541} INFO - Filling up the DagBag from /usr/local/lib/python3.10/dist-packages/airflow/example_dags/tutorial_dag.py
[2023-10-28T08:30:41.396+0000] {processor.py:809} INFO - DAG(s) dict_keys(['tutorial_dag']) retrieved from /usr/local/lib/python3.10/dist-packages/airflow/example_dags/tutorial_dag.py
[2023-10-28T08:30:41.484+0000] {logging_mixin.py:149} INFO - [2023-10-28T08:30:41.483+0000] {dag.py:2726} INFO - Sync 1 DAGs
[2023-10-28T08:30:41.563+0000] {logging_mixin.py:149} INFO - [2023-10-28T08:30:41.562+0000] {dag.py:3486} INFO - Setting next_dagrun for tutorial_dag to None, run_after=None
[2023-10-28T08:30:41.665+0000] {processor.py:178} INFO - Processing /usr/local/lib/python3.10/dist-packages/airflow/example_dags/tutorial_dag.py took 0.306 seconds
[2023-10-28T08:31:11.784+0000] {processor.py:156} INFO - Started process (PID=1513736) to work on /usr/local/lib/python3.10/dist-packages/airflow/example_dags/tutorial_dag.py
[2023-10-28T08:31:11.796+0000] {processor.py:799} INFO - Processing file /usr/local/lib/python3.10/dist-packages/airflow/example_dags/tutorial_dag.py for tasks to queue
[2023-10-28T08:31:11.799+0000] {logging_mixin.py:149} INFO - [2023-10-28T08:31:11.798+0000] {dagbag.py:541} INFO - Filling up the DagBag from /usr/local/lib/python3.10/dist-packages/airflow/example_dags/tutorial_dag.py
[2023-10-28T08:31:11.816+0000] {processor.py:809} INFO - DAG(s) dict_keys(['tutorial_dag']) retrieved from /usr/local/lib/python3.10/dist-packages/airflow/example_dags/tutorial_dag.py
[2023-10-28T08:31:11.904+0000] {logging_mixin.py:149} INFO - [2023-10-28T08:31:11.903+0000] {dag.py:2726} INFO - Sync 1 DAGs
[2023-10-28T08:31:11.989+0000] {logging_mixin.py:149} INFO - [2023-10-28T08:31:11.989+0000] {dag.py:3486} INFO - Setting next_dagrun for tutorial_dag to None, run_after=None
[2023-10-28T08:31:12.095+0000] {processor.py:178} INFO - Processing /usr/local/lib/python3.10/dist-packages/airflow/example_dags/tutorial_dag.py took 0.318 seconds
[2023-10-28T08:31:42.887+0000] {processor.py:156} INFO - Started process (PID=1514331) to work on /usr/local/lib/python3.10/dist-packages/airflow/example_dags/tutorial_dag.py
[2023-10-28T08:31:42.931+0000] {processor.py:799} INFO - Processing file /usr/local/lib/python3.10/dist-packages/airflow/example_dags/tutorial_dag.py for tasks to queue
[2023-10-28T08:31:42.933+0000] {logging_mixin.py:149} INFO - [2023-10-28T08:31:42.933+0000] {dagbag.py:541} INFO - Filling up the DagBag from /usr/local/lib/python3.10/dist-packages/airflow/example_dags/tutorial_dag.py
[2023-10-28T08:31:42.947+0000] {processor.py:809} INFO - DAG(s) dict_keys(['tutorial_dag']) retrieved from /usr/local/lib/python3.10/dist-packages/airflow/example_dags/tutorial_dag.py
[2023-10-28T08:31:43.027+0000] {logging_mixin.py:149} INFO - [2023-10-28T08:31:43.027+0000] {dag.py:2726} INFO - Sync 1 DAGs
[2023-10-28T08:31:43.103+0000] {logging_mixin.py:149} INFO - [2023-10-28T08:31:43.102+0000] {dag.py:3486} INFO - Setting next_dagrun for tutorial_dag to None, run_after=None
[2023-10-28T08:31:43.199+0000] {processor.py:178} INFO - Processing /usr/local/lib/python3.10/dist-packages/airflow/example_dags/tutorial_dag.py took 0.319 seconds
[2023-10-28T08:32:13.407+0000] {processor.py:156} INFO - Started process (PID=1514961) to work on /usr/local/lib/python3.10/dist-packages/airflow/example_dags/tutorial_dag.py
[2023-10-28T08:32:13.425+0000] {processor.py:799} INFO - Processing file /usr/local/lib/python3.10/dist-packages/airflow/example_dags/tutorial_dag.py for tasks to queue
[2023-10-28T08:32:13.430+0000] {logging_mixin.py:149} INFO - [2023-10-28T08:32:13.429+0000] {dagbag.py:541} INFO - Filling up the DagBag from /usr/local/lib/python3.10/dist-packages/airflow/example_dags/tutorial_dag.py
[2023-10-28T08:32:13.444+0000] {processor.py:809} INFO - DAG(s) dict_keys(['tutorial_dag']) retrieved from /usr/local/lib/python3.10/dist-packages/airflow/example_dags/tutorial_dag.py
[2023-10-28T08:32:13.520+0000] {logging_mixin.py:149} INFO - [2023-10-28T08:32:13.519+0000] {dag.py:2726} INFO - Sync 1 DAGs
[2023-10-28T08:32:13.593+0000] {logging_mixin.py:149} INFO - [2023-10-28T08:32:13.593+0000] {dag.py:3486} INFO - Setting next_dagrun for tutorial_dag to None, run_after=None
[2023-10-28T08:32:13.664+0000] {processor.py:178} INFO - Processing /usr/local/lib/python3.10/dist-packages/airflow/example_dags/tutorial_dag.py took 0.265 seconds
[2023-10-28T08:32:43.848+0000] {processor.py:156} INFO - Started process (PID=1515544) to work on /usr/local/lib/python3.10/dist-packages/airflow/example_dags/tutorial_dag.py
[2023-10-28T08:32:43.884+0000] {processor.py:799} INFO - Processing file /usr/local/lib/python3.10/dist-packages/airflow/example_dags/tutorial_dag.py for tasks to queue
[2023-10-28T08:32:43.886+0000] {logging_mixin.py:149} INFO - [2023-10-28T08:32:43.886+0000] {dagbag.py:541} INFO - Filling up the DagBag from /usr/local/lib/python3.10/dist-packages/airflow/example_dags/tutorial_dag.py
[2023-10-28T08:32:43.900+0000] {processor.py:809} INFO - DAG(s) dict_keys(['tutorial_dag']) retrieved from /usr/local/lib/python3.10/dist-packages/airflow/example_dags/tutorial_dag.py
[2023-10-28T08:32:43.977+0000] {logging_mixin.py:149} INFO - [2023-10-28T08:32:43.976+0000] {dag.py:2726} INFO - Sync 1 DAGs
[2023-10-28T08:32:44.049+0000] {logging_mixin.py:149} INFO - [2023-10-28T08:32:44.049+0000] {dag.py:3486} INFO - Setting next_dagrun for tutorial_dag to None, run_after=None
[2023-10-28T08:32:44.115+0000] {processor.py:178} INFO - Processing /usr/local/lib/python3.10/dist-packages/airflow/example_dags/tutorial_dag.py took 0.274 seconds
[2023-10-28T08:33:14.847+0000] {processor.py:156} INFO - Started process (PID=1516072) to work on /usr/local/lib/python3.10/dist-packages/airflow/example_dags/tutorial_dag.py
[2023-10-28T08:33:14.849+0000] {processor.py:799} INFO - Processing file /usr/local/lib/python3.10/dist-packages/airflow/example_dags/tutorial_dag.py for tasks to queue
[2023-10-28T08:33:14.851+0000] {logging_mixin.py:149} INFO - [2023-10-28T08:33:14.850+0000] {dagbag.py:541} INFO - Filling up the DagBag from /usr/local/lib/python3.10/dist-packages/airflow/example_dags/tutorial_dag.py
[2023-10-28T08:33:14.863+0000] {processor.py:809} INFO - DAG(s) dict_keys(['tutorial_dag']) retrieved from /usr/local/lib/python3.10/dist-packages/airflow/example_dags/tutorial_dag.py
[2023-10-28T08:33:14.947+0000] {logging_mixin.py:149} INFO - [2023-10-28T08:33:14.946+0000] {dag.py:2726} INFO - Sync 1 DAGs
[2023-10-28T08:33:15.023+0000] {logging_mixin.py:149} INFO - [2023-10-28T08:33:15.022+0000] {dag.py:3486} INFO - Setting next_dagrun for tutorial_dag to None, run_after=None
[2023-10-28T08:33:15.120+0000] {processor.py:178} INFO - Processing /usr/local/lib/python3.10/dist-packages/airflow/example_dags/tutorial_dag.py took 0.280 seconds
[2023-10-28T08:33:45.439+0000] {processor.py:156} INFO - Started process (PID=1516424) to work on /usr/local/lib/python3.10/dist-packages/airflow/example_dags/tutorial_dag.py
[2023-10-28T08:33:45.442+0000] {processor.py:799} INFO - Processing file /usr/local/lib/python3.10/dist-packages/airflow/example_dags/tutorial_dag.py for tasks to queue
[2023-10-28T08:33:45.444+0000] {logging_mixin.py:149} INFO - [2023-10-28T08:33:45.443+0000] {dagbag.py:541} INFO - Filling up the DagBag from /usr/local/lib/python3.10/dist-packages/airflow/example_dags/tutorial_dag.py
[2023-10-28T08:33:45.458+0000] {processor.py:809} INFO - DAG(s) dict_keys(['tutorial_dag']) retrieved from /usr/local/lib/python3.10/dist-packages/airflow/example_dags/tutorial_dag.py
[2023-10-28T08:33:45.538+0000] {logging_mixin.py:149} INFO - [2023-10-28T08:33:45.537+0000] {dag.py:2726} INFO - Sync 1 DAGs
[2023-10-28T08:33:45.619+0000] {logging_mixin.py:149} INFO - [2023-10-28T08:33:45.618+0000] {dag.py:3486} INFO - Setting next_dagrun for tutorial_dag to None, run_after=None
[2023-10-28T08:33:45.688+0000] {processor.py:178} INFO - Processing /usr/local/lib/python3.10/dist-packages/airflow/example_dags/tutorial_dag.py took 0.255 seconds
[2023-10-28T08:34:15.922+0000] {processor.py:156} INFO - Started process (PID=1516820) to work on /usr/local/lib/python3.10/dist-packages/airflow/example_dags/tutorial_dag.py
[2023-10-28T08:34:15.925+0000] {processor.py:799} INFO - Processing file /usr/local/lib/python3.10/dist-packages/airflow/example_dags/tutorial_dag.py for tasks to queue
[2023-10-28T08:34:15.927+0000] {logging_mixin.py:149} INFO - [2023-10-28T08:34:15.927+0000] {dagbag.py:541} INFO - Filling up the DagBag from /usr/local/lib/python3.10/dist-packages/airflow/example_dags/tutorial_dag.py
[2023-10-28T08:34:15.939+0000] {processor.py:809} INFO - DAG(s) dict_keys(['tutorial_dag']) retrieved from /usr/local/lib/python3.10/dist-packages/airflow/example_dags/tutorial_dag.py
[2023-10-28T08:34:16.015+0000] {logging_mixin.py:149} INFO - [2023-10-28T08:34:16.014+0000] {dag.py:2726} INFO - Sync 1 DAGs
[2023-10-28T08:34:16.092+0000] {logging_mixin.py:149} INFO - [2023-10-28T08:34:16.092+0000] {dag.py:3486} INFO - Setting next_dagrun for tutorial_dag to None, run_after=None
[2023-10-28T08:34:16.159+0000] {processor.py:178} INFO - Processing /usr/local/lib/python3.10/dist-packages/airflow/example_dags/tutorial_dag.py took 0.245 seconds
[2023-10-28T08:34:46.404+0000] {processor.py:156} INFO - Started process (PID=1517175) to work on /usr/local/lib/python3.10/dist-packages/airflow/example_dags/tutorial_dag.py
[2023-10-28T08:34:46.407+0000] {processor.py:799} INFO - Processing file /usr/local/lib/python3.10/dist-packages/airflow/example_dags/tutorial_dag.py for tasks to queue
[2023-10-28T08:34:46.409+0000] {logging_mixin.py:149} INFO - [2023-10-28T08:34:46.408+0000] {dagbag.py:541} INFO - Filling up the DagBag from /usr/local/lib/python3.10/dist-packages/airflow/example_dags/tutorial_dag.py
[2023-10-28T08:34:46.420+0000] {processor.py:809} INFO - DAG(s) dict_keys(['tutorial_dag']) retrieved from /usr/local/lib/python3.10/dist-packages/airflow/example_dags/tutorial_dag.py
[2023-10-28T08:34:46.495+0000] {logging_mixin.py:149} INFO - [2023-10-28T08:34:46.494+0000] {dag.py:2726} INFO - Sync 1 DAGs
[2023-10-28T08:34:46.566+0000] {logging_mixin.py:149} INFO - [2023-10-28T08:34:46.565+0000] {dag.py:3486} INFO - Setting next_dagrun for tutorial_dag to None, run_after=None
[2023-10-28T08:34:46.628+0000] {processor.py:178} INFO - Processing /usr/local/lib/python3.10/dist-packages/airflow/example_dags/tutorial_dag.py took 0.231 seconds
[2023-10-28T08:35:17.770+0000] {processor.py:156} INFO - Started process (PID=1517584) to work on /usr/local/lib/python3.10/dist-packages/airflow/example_dags/tutorial_dag.py
[2023-10-28T08:35:17.809+0000] {processor.py:799} INFO - Processing file /usr/local/lib/python3.10/dist-packages/airflow/example_dags/tutorial_dag.py for tasks to queue
[2023-10-28T08:35:17.811+0000] {logging_mixin.py:149} INFO - [2023-10-28T08:35:17.811+0000] {dagbag.py:541} INFO - Filling up the DagBag from /usr/local/lib/python3.10/dist-packages/airflow/example_dags/tutorial_dag.py
[2023-10-28T08:35:17.823+0000] {processor.py:809} INFO - DAG(s) dict_keys(['tutorial_dag']) retrieved from /usr/local/lib/python3.10/dist-packages/airflow/example_dags/tutorial_dag.py
[2023-10-28T08:35:17.900+0000] {logging_mixin.py:149} INFO - [2023-10-28T08:35:17.899+0000] {dag.py:2726} INFO - Sync 1 DAGs
[2023-10-28T08:35:17.977+0000] {logging_mixin.py:149} INFO - [2023-10-28T08:35:17.976+0000] {dag.py:3486} INFO - Setting next_dagrun for tutorial_dag to None, run_after=None
[2023-10-28T08:35:18.044+0000] {processor.py:178} INFO - Processing /usr/local/lib/python3.10/dist-packages/airflow/example_dags/tutorial_dag.py took 0.282 seconds
[2023-10-28T08:35:48.137+0000] {processor.py:156} INFO - Started process (PID=1518192) to work on /usr/local/lib/python3.10/dist-packages/airflow/example_dags/tutorial_dag.py
[2023-10-28T08:35:48.139+0000] {processor.py:799} INFO - Processing file /usr/local/lib/python3.10/dist-packages/airflow/example_dags/tutorial_dag.py for tasks to queue
[2023-10-28T08:35:48.141+0000] {logging_mixin.py:149} INFO - [2023-10-28T08:35:48.140+0000] {dagbag.py:541} INFO - Filling up the DagBag from /usr/local/lib/python3.10/dist-packages/airflow/example_dags/tutorial_dag.py
[2023-10-28T08:35:48.153+0000] {processor.py:809} INFO - DAG(s) dict_keys(['tutorial_dag']) retrieved from /usr/local/lib/python3.10/dist-packages/airflow/example_dags/tutorial_dag.py
[2023-10-28T08:35:48.236+0000] {logging_mixin.py:149} INFO - [2023-10-28T08:35:48.235+0000] {dag.py:2726} INFO - Sync 1 DAGs
[2023-10-28T08:35:48.316+0000] {logging_mixin.py:149} INFO - [2023-10-28T08:35:48.316+0000] {dag.py:3486} INFO - Setting next_dagrun for tutorial_dag to None, run_after=None
[2023-10-28T08:35:48.385+0000] {processor.py:178} INFO - Processing /usr/local/lib/python3.10/dist-packages/airflow/example_dags/tutorial_dag.py took 0.255 seconds
[2023-10-28T08:36:18.938+0000] {processor.py:156} INFO - Started process (PID=1518583) to work on /usr/local/lib/python3.10/dist-packages/airflow/example_dags/tutorial_dag.py
[2023-10-28T08:36:18.973+0000] {processor.py:799} INFO - Processing file /usr/local/lib/python3.10/dist-packages/airflow/example_dags/tutorial_dag.py for tasks to queue
[2023-10-28T08:36:18.975+0000] {logging_mixin.py:149} INFO - [2023-10-28T08:36:18.975+0000] {dagbag.py:541} INFO - Filling up the DagBag from /usr/local/lib/python3.10/dist-packages/airflow/example_dags/tutorial_dag.py
[2023-10-28T08:36:18.989+0000] {processor.py:809} INFO - DAG(s) dict_keys(['tutorial_dag']) retrieved from /usr/local/lib/python3.10/dist-packages/airflow/example_dags/tutorial_dag.py
[2023-10-28T08:36:19.063+0000] {logging_mixin.py:149} INFO - [2023-10-28T08:36:19.062+0000] {dag.py:2726} INFO - Sync 1 DAGs
[2023-10-28T08:36:19.133+0000] {logging_mixin.py:149} INFO - [2023-10-28T08:36:19.133+0000] {dag.py:3486} INFO - Setting next_dagrun for tutorial_dag to None, run_after=None
[2023-10-28T08:36:19.228+0000] {processor.py:178} INFO - Processing /usr/local/lib/python3.10/dist-packages/airflow/example_dags/tutorial_dag.py took 0.297 seconds
[2023-10-28T08:36:49.917+0000] {processor.py:156} INFO - Started process (PID=1518938) to work on /usr/local/lib/python3.10/dist-packages/airflow/example_dags/tutorial_dag.py
[2023-10-28T08:36:49.918+0000] {processor.py:799} INFO - Processing file /usr/local/lib/python3.10/dist-packages/airflow/example_dags/tutorial_dag.py for tasks to queue
[2023-10-28T08:36:49.920+0000] {logging_mixin.py:149} INFO - [2023-10-28T08:36:49.920+0000] {dagbag.py:541} INFO - Filling up the DagBag from /usr/local/lib/python3.10/dist-packages/airflow/example_dags/tutorial_dag.py
[2023-10-28T08:36:49.931+0000] {processor.py:809} INFO - DAG(s) dict_keys(['tutorial_dag']) retrieved from /usr/local/lib/python3.10/dist-packages/airflow/example_dags/tutorial_dag.py
[2023-10-28T08:36:50.015+0000] {logging_mixin.py:149} INFO - [2023-10-28T08:36:50.014+0000] {dag.py:2726} INFO - Sync 1 DAGs
[2023-10-28T08:36:50.096+0000] {logging_mixin.py:149} INFO - [2023-10-28T08:36:50.096+0000] {dag.py:3486} INFO - Setting next_dagrun for tutorial_dag to None, run_after=None
[2023-10-28T08:36:50.192+0000] {processor.py:178} INFO - Processing /usr/local/lib/python3.10/dist-packages/airflow/example_dags/tutorial_dag.py took 0.283 seconds
[2023-10-28T08:37:20.651+0000] {processor.py:156} INFO - Started process (PID=1519433) to work on /usr/local/lib/python3.10/dist-packages/airflow/example_dags/tutorial_dag.py
[2023-10-28T08:37:20.702+0000] {processor.py:799} INFO - Processing file /usr/local/lib/python3.10/dist-packages/airflow/example_dags/tutorial_dag.py for tasks to queue
[2023-10-28T08:37:20.704+0000] {logging_mixin.py:149} INFO - [2023-10-28T08:37:20.704+0000] {dagbag.py:541} INFO - Filling up the DagBag from /usr/local/lib/python3.10/dist-packages/airflow/example_dags/tutorial_dag.py
[2023-10-28T08:37:20.718+0000] {processor.py:809} INFO - DAG(s) dict_keys(['tutorial_dag']) retrieved from /usr/local/lib/python3.10/dist-packages/airflow/example_dags/tutorial_dag.py
[2023-10-28T08:37:20.801+0000] {logging_mixin.py:149} INFO - [2023-10-28T08:37:20.800+0000] {dag.py:2726} INFO - Sync 1 DAGs
[2023-10-28T08:37:20.874+0000] {logging_mixin.py:149} INFO - [2023-10-28T08:37:20.874+0000] {dag.py:3486} INFO - Setting next_dagrun for tutorial_dag to None, run_after=None
[2023-10-28T08:37:20.941+0000] {processor.py:178} INFO - Processing /usr/local/lib/python3.10/dist-packages/airflow/example_dags/tutorial_dag.py took 0.298 seconds
[2023-10-28T08:37:51.114+0000] {processor.py:156} INFO - Started process (PID=1519795) to work on /usr/local/lib/python3.10/dist-packages/airflow/example_dags/tutorial_dag.py
[2023-10-28T08:37:51.115+0000] {processor.py:799} INFO - Processing file /usr/local/lib/python3.10/dist-packages/airflow/example_dags/tutorial_dag.py for tasks to queue
[2023-10-28T08:37:51.117+0000] {logging_mixin.py:149} INFO - [2023-10-28T08:37:51.117+0000] {dagbag.py:541} INFO - Filling up the DagBag from /usr/local/lib/python3.10/dist-packages/airflow/example_dags/tutorial_dag.py
[2023-10-28T08:37:51.128+0000] {processor.py:809} INFO - DAG(s) dict_keys(['tutorial_dag']) retrieved from /usr/local/lib/python3.10/dist-packages/airflow/example_dags/tutorial_dag.py
[2023-10-28T08:37:51.212+0000] {logging_mixin.py:149} INFO - [2023-10-28T08:37:51.211+0000] {dag.py:2726} INFO - Sync 1 DAGs
[2023-10-28T08:37:51.287+0000] {logging_mixin.py:149} INFO - [2023-10-28T08:37:51.287+0000] {dag.py:3486} INFO - Setting next_dagrun for tutorial_dag to None, run_after=None
[2023-10-28T08:37:51.389+0000] {processor.py:178} INFO - Processing /usr/local/lib/python3.10/dist-packages/airflow/example_dags/tutorial_dag.py took 0.283 seconds
[2023-10-28T08:38:22.250+0000] {processor.py:156} INFO - Started process (PID=1520310) to work on /usr/local/lib/python3.10/dist-packages/airflow/example_dags/tutorial_dag.py
[2023-10-28T08:38:22.292+0000] {processor.py:799} INFO - Processing file /usr/local/lib/python3.10/dist-packages/airflow/example_dags/tutorial_dag.py for tasks to queue
[2023-10-28T08:38:22.295+0000] {logging_mixin.py:149} INFO - [2023-10-28T08:38:22.294+0000] {dagbag.py:541} INFO - Filling up the DagBag from /usr/local/lib/python3.10/dist-packages/airflow/example_dags/tutorial_dag.py
[2023-10-28T08:38:22.307+0000] {processor.py:809} INFO - DAG(s) dict_keys(['tutorial_dag']) retrieved from /usr/local/lib/python3.10/dist-packages/airflow/example_dags/tutorial_dag.py
[2023-10-28T08:38:22.392+0000] {logging_mixin.py:149} INFO - [2023-10-28T08:38:22.392+0000] {dag.py:2726} INFO - Sync 1 DAGs
[2023-10-28T08:38:22.471+0000] {logging_mixin.py:149} INFO - [2023-10-28T08:38:22.470+0000] {dag.py:3486} INFO - Setting next_dagrun for tutorial_dag to None, run_after=None
[2023-10-28T08:38:22.572+0000] {processor.py:178} INFO - Processing /usr/local/lib/python3.10/dist-packages/airflow/example_dags/tutorial_dag.py took 0.330 seconds
[2023-10-28T08:38:52.646+0000] {processor.py:156} INFO - Started process (PID=1520835) to work on /usr/local/lib/python3.10/dist-packages/airflow/example_dags/tutorial_dag.py
[2023-10-28T08:38:52.648+0000] {processor.py:799} INFO - Processing file /usr/local/lib/python3.10/dist-packages/airflow/example_dags/tutorial_dag.py for tasks to queue
[2023-10-28T08:38:52.651+0000] {logging_mixin.py:149} INFO - [2023-10-28T08:38:52.651+0000] {dagbag.py:541} INFO - Filling up the DagBag from /usr/local/lib/python3.10/dist-packages/airflow/example_dags/tutorial_dag.py
[2023-10-28T08:38:52.666+0000] {processor.py:809} INFO - DAG(s) dict_keys(['tutorial_dag']) retrieved from /usr/local/lib/python3.10/dist-packages/airflow/example_dags/tutorial_dag.py
[2023-10-28T08:38:52.763+0000] {logging_mixin.py:149} INFO - [2023-10-28T08:38:52.763+0000] {dag.py:2726} INFO - Sync 1 DAGs
[2023-10-28T08:38:52.846+0000] {logging_mixin.py:149} INFO - [2023-10-28T08:38:52.845+0000] {dag.py:3486} INFO - Setting next_dagrun for tutorial_dag to None, run_after=None
[2023-10-28T08:38:52.917+0000] {processor.py:178} INFO - Processing /usr/local/lib/python3.10/dist-packages/airflow/example_dags/tutorial_dag.py took 0.279 seconds
[2023-10-28T08:39:23.987+0000] {processor.py:156} INFO - Started process (PID=1521346) to work on /usr/local/lib/python3.10/dist-packages/airflow/example_dags/tutorial_dag.py
[2023-10-28T08:39:24.029+0000] {processor.py:799} INFO - Processing file /usr/local/lib/python3.10/dist-packages/airflow/example_dags/tutorial_dag.py for tasks to queue
[2023-10-28T08:39:24.031+0000] {logging_mixin.py:149} INFO - [2023-10-28T08:39:24.030+0000] {dagbag.py:541} INFO - Filling up the DagBag from /usr/local/lib/python3.10/dist-packages/airflow/example_dags/tutorial_dag.py
[2023-10-28T08:39:24.041+0000] {processor.py:809} INFO - DAG(s) dict_keys(['tutorial_dag']) retrieved from /usr/local/lib/python3.10/dist-packages/airflow/example_dags/tutorial_dag.py
[2023-10-28T08:39:24.120+0000] {logging_mixin.py:149} INFO - [2023-10-28T08:39:24.120+0000] {dag.py:2726} INFO - Sync 1 DAGs
[2023-10-28T08:39:24.195+0000] {logging_mixin.py:149} INFO - [2023-10-28T08:39:24.195+0000] {dag.py:3486} INFO - Setting next_dagrun for tutorial_dag to None, run_after=None
[2023-10-28T08:39:24.256+0000] {processor.py:178} INFO - Processing /usr/local/lib/python3.10/dist-packages/airflow/example_dags/tutorial_dag.py took 0.277 seconds
