[2023-10-28T07:56:59.749+0000] {processor.py:156} INFO - Started process (PID=1491335) to work on /usr/local/lib/python3.10/dist-packages/airflow/example_dags/subdags/subdag.py
[2023-10-28T07:56:59.751+0000] {processor.py:799} INFO - Processing file /usr/local/lib/python3.10/dist-packages/airflow/example_dags/subdags/subdag.py for tasks to queue
[2023-10-28T07:56:59.753+0000] {logging_mixin.py:149} INFO - [2023-10-28T07:56:59.752+0000] {dagbag.py:541} INFO - Filling up the DagBag from /usr/local/lib/python3.10/dist-packages/airflow/example_dags/subdags/subdag.py
[2023-10-28T07:56:59.757+0000] {processor.py:811} WARNING - No viable dags retrieved from /usr/local/lib/python3.10/dist-packages/airflow/example_dags/subdags/subdag.py
[2023-10-28T07:56:59.781+0000] {processor.py:178} INFO - Processing /usr/local/lib/python3.10/dist-packages/airflow/example_dags/subdags/subdag.py took 0.038 seconds
[2023-10-28T07:58:16.129+0000] {processor.py:156} INFO - Started process (PID=1491814) to work on /usr/local/lib/python3.10/dist-packages/airflow/example_dags/subdags/subdag.py
[2023-10-28T07:58:16.165+0000] {processor.py:799} INFO - Processing file /usr/local/lib/python3.10/dist-packages/airflow/example_dags/subdags/subdag.py for tasks to queue
[2023-10-28T07:58:16.167+0000] {logging_mixin.py:149} INFO - [2023-10-28T07:58:16.166+0000] {dagbag.py:541} INFO - Filling up the DagBag from /usr/local/lib/python3.10/dist-packages/airflow/example_dags/subdags/subdag.py
[2023-10-28T07:58:16.171+0000] {processor.py:811} WARNING - No viable dags retrieved from /usr/local/lib/python3.10/dist-packages/airflow/example_dags/subdags/subdag.py
[2023-10-28T07:58:16.196+0000] {processor.py:178} INFO - Processing /usr/local/lib/python3.10/dist-packages/airflow/example_dags/subdags/subdag.py took 0.073 seconds
[2023-10-28T07:58:55.011+0000] {processor.py:156} INFO - Started process (PID=1492152) to work on /usr/local/lib/python3.10/dist-packages/airflow/example_dags/subdags/subdag.py
[2023-10-28T07:58:55.053+0000] {processor.py:799} INFO - Processing file /usr/local/lib/python3.10/dist-packages/airflow/example_dags/subdags/subdag.py for tasks to queue
[2023-10-28T07:58:55.055+0000] {logging_mixin.py:149} INFO - [2023-10-28T07:58:55.054+0000] {dagbag.py:541} INFO - Filling up the DagBag from /usr/local/lib/python3.10/dist-packages/airflow/example_dags/subdags/subdag.py
[2023-10-28T07:58:55.059+0000] {processor.py:811} WARNING - No viable dags retrieved from /usr/local/lib/python3.10/dist-packages/airflow/example_dags/subdags/subdag.py
[2023-10-28T07:58:55.084+0000] {processor.py:178} INFO - Processing /usr/local/lib/python3.10/dist-packages/airflow/example_dags/subdags/subdag.py took 0.080 seconds
[2023-10-28T07:59:26.844+0000] {processor.py:156} INFO - Started process (PID=1492395) to work on /usr/local/lib/python3.10/dist-packages/airflow/example_dags/subdags/subdag.py
[2023-10-28T07:59:26.882+0000] {processor.py:799} INFO - Processing file /usr/local/lib/python3.10/dist-packages/airflow/example_dags/subdags/subdag.py for tasks to queue
[2023-10-28T07:59:26.884+0000] {logging_mixin.py:149} INFO - [2023-10-28T07:59:26.883+0000] {dagbag.py:541} INFO - Filling up the DagBag from /usr/local/lib/python3.10/dist-packages/airflow/example_dags/subdags/subdag.py
[2023-10-28T07:59:26.889+0000] {processor.py:811} WARNING - No viable dags retrieved from /usr/local/lib/python3.10/dist-packages/airflow/example_dags/subdags/subdag.py
[2023-10-28T07:59:26.917+0000] {processor.py:178} INFO - Processing /usr/local/lib/python3.10/dist-packages/airflow/example_dags/subdags/subdag.py took 0.080 seconds
[2023-10-28T08:15:17.933+0000] {processor.py:156} INFO - Started process (PID=1497632) to work on /usr/local/lib/python3.10/dist-packages/airflow/example_dags/subdags/subdag.py
[2023-10-28T08:15:17.936+0000] {processor.py:799} INFO - Processing file /usr/local/lib/python3.10/dist-packages/airflow/example_dags/subdags/subdag.py for tasks to queue
[2023-10-28T08:15:17.938+0000] {logging_mixin.py:149} INFO - [2023-10-28T08:15:17.937+0000] {dagbag.py:541} INFO - Filling up the DagBag from /usr/local/lib/python3.10/dist-packages/airflow/example_dags/subdags/subdag.py
[2023-10-28T08:15:17.942+0000] {processor.py:811} WARNING - No viable dags retrieved from /usr/local/lib/python3.10/dist-packages/airflow/example_dags/subdags/subdag.py
[2023-10-28T08:15:17.996+0000] {processor.py:178} INFO - Processing /usr/local/lib/python3.10/dist-packages/airflow/example_dags/subdags/subdag.py took 0.069 seconds
[2023-10-28T08:15:48.837+0000] {processor.py:156} INFO - Started process (PID=1498521) to work on /usr/local/lib/python3.10/dist-packages/airflow/example_dags/subdags/subdag.py
[2023-10-28T08:15:48.885+0000] {processor.py:799} INFO - Processing file /usr/local/lib/python3.10/dist-packages/airflow/example_dags/subdags/subdag.py for tasks to queue
[2023-10-28T08:15:48.887+0000] {logging_mixin.py:149} INFO - [2023-10-28T08:15:48.886+0000] {dagbag.py:541} INFO - Filling up the DagBag from /usr/local/lib/python3.10/dist-packages/airflow/example_dags/subdags/subdag.py
[2023-10-28T08:15:48.890+0000] {processor.py:811} WARNING - No viable dags retrieved from /usr/local/lib/python3.10/dist-packages/airflow/example_dags/subdags/subdag.py
[2023-10-28T08:15:48.938+0000] {processor.py:178} INFO - Processing /usr/local/lib/python3.10/dist-packages/airflow/example_dags/subdags/subdag.py took 0.108 seconds
[2023-10-28T08:16:19.146+0000] {processor.py:156} INFO - Started process (PID=1499772) to work on /usr/local/lib/python3.10/dist-packages/airflow/example_dags/subdags/subdag.py
[2023-10-28T08:16:19.184+0000] {processor.py:799} INFO - Processing file /usr/local/lib/python3.10/dist-packages/airflow/example_dags/subdags/subdag.py for tasks to queue
[2023-10-28T08:16:19.186+0000] {logging_mixin.py:149} INFO - [2023-10-28T08:16:19.186+0000] {dagbag.py:541} INFO - Filling up the DagBag from /usr/local/lib/python3.10/dist-packages/airflow/example_dags/subdags/subdag.py
[2023-10-28T08:16:19.190+0000] {processor.py:811} WARNING - No viable dags retrieved from /usr/local/lib/python3.10/dist-packages/airflow/example_dags/subdags/subdag.py
[2023-10-28T08:16:19.244+0000] {processor.py:178} INFO - Processing /usr/local/lib/python3.10/dist-packages/airflow/example_dags/subdags/subdag.py took 0.105 seconds
[2023-10-28T08:16:49.627+0000] {processor.py:156} INFO - Started process (PID=1500468) to work on /usr/local/lib/python3.10/dist-packages/airflow/example_dags/subdags/subdag.py
[2023-10-28T08:16:49.629+0000] {processor.py:799} INFO - Processing file /usr/local/lib/python3.10/dist-packages/airflow/example_dags/subdags/subdag.py for tasks to queue
[2023-10-28T08:16:49.631+0000] {logging_mixin.py:149} INFO - [2023-10-28T08:16:49.631+0000] {dagbag.py:541} INFO - Filling up the DagBag from /usr/local/lib/python3.10/dist-packages/airflow/example_dags/subdags/subdag.py
[2023-10-28T08:16:49.635+0000] {processor.py:811} WARNING - No viable dags retrieved from /usr/local/lib/python3.10/dist-packages/airflow/example_dags/subdags/subdag.py
[2023-10-28T08:16:49.682+0000] {processor.py:178} INFO - Processing /usr/local/lib/python3.10/dist-packages/airflow/example_dags/subdags/subdag.py took 0.063 seconds
[2023-10-28T08:17:20.248+0000] {processor.py:156} INFO - Started process (PID=1500990) to work on /usr/local/lib/python3.10/dist-packages/airflow/example_dags/subdags/subdag.py
[2023-10-28T08:17:20.284+0000] {processor.py:799} INFO - Processing file /usr/local/lib/python3.10/dist-packages/airflow/example_dags/subdags/subdag.py for tasks to queue
[2023-10-28T08:17:20.286+0000] {logging_mixin.py:149} INFO - [2023-10-28T08:17:20.286+0000] {dagbag.py:541} INFO - Filling up the DagBag from /usr/local/lib/python3.10/dist-packages/airflow/example_dags/subdags/subdag.py
[2023-10-28T08:17:20.290+0000] {processor.py:811} WARNING - No viable dags retrieved from /usr/local/lib/python3.10/dist-packages/airflow/example_dags/subdags/subdag.py
[2023-10-28T08:17:20.335+0000] {processor.py:178} INFO - Processing /usr/local/lib/python3.10/dist-packages/airflow/example_dags/subdags/subdag.py took 0.095 seconds
[2023-10-28T08:17:50.419+0000] {processor.py:156} INFO - Started process (PID=1501348) to work on /usr/local/lib/python3.10/dist-packages/airflow/example_dags/subdags/subdag.py
[2023-10-28T08:17:50.463+0000] {processor.py:799} INFO - Processing file /usr/local/lib/python3.10/dist-packages/airflow/example_dags/subdags/subdag.py for tasks to queue
[2023-10-28T08:17:50.465+0000] {logging_mixin.py:149} INFO - [2023-10-28T08:17:50.464+0000] {dagbag.py:541} INFO - Filling up the DagBag from /usr/local/lib/python3.10/dist-packages/airflow/example_dags/subdags/subdag.py
[2023-10-28T08:17:50.469+0000] {processor.py:811} WARNING - No viable dags retrieved from /usr/local/lib/python3.10/dist-packages/airflow/example_dags/subdags/subdag.py
[2023-10-28T08:17:50.516+0000] {processor.py:178} INFO - Processing /usr/local/lib/python3.10/dist-packages/airflow/example_dags/subdags/subdag.py took 0.105 seconds
[2023-10-28T08:18:20.985+0000] {processor.py:156} INFO - Started process (PID=1501726) to work on /usr/local/lib/python3.10/dist-packages/airflow/example_dags/subdags/subdag.py
[2023-10-28T08:18:21.024+0000] {processor.py:799} INFO - Processing file /usr/local/lib/python3.10/dist-packages/airflow/example_dags/subdags/subdag.py for tasks to queue
[2023-10-28T08:18:21.026+0000] {logging_mixin.py:149} INFO - [2023-10-28T08:18:21.026+0000] {dagbag.py:541} INFO - Filling up the DagBag from /usr/local/lib/python3.10/dist-packages/airflow/example_dags/subdags/subdag.py
[2023-10-28T08:18:21.030+0000] {processor.py:811} WARNING - No viable dags retrieved from /usr/local/lib/python3.10/dist-packages/airflow/example_dags/subdags/subdag.py
[2023-10-28T08:18:21.075+0000] {processor.py:178} INFO - Processing /usr/local/lib/python3.10/dist-packages/airflow/example_dags/subdags/subdag.py took 0.097 seconds
[2023-10-28T08:18:51.640+0000] {processor.py:156} INFO - Started process (PID=1502080) to work on /usr/local/lib/python3.10/dist-packages/airflow/example_dags/subdags/subdag.py
[2023-10-28T08:18:51.681+0000] {processor.py:799} INFO - Processing file /usr/local/lib/python3.10/dist-packages/airflow/example_dags/subdags/subdag.py for tasks to queue
[2023-10-28T08:18:51.683+0000] {logging_mixin.py:149} INFO - [2023-10-28T08:18:51.682+0000] {dagbag.py:541} INFO - Filling up the DagBag from /usr/local/lib/python3.10/dist-packages/airflow/example_dags/subdags/subdag.py
[2023-10-28T08:18:51.687+0000] {processor.py:811} WARNING - No viable dags retrieved from /usr/local/lib/python3.10/dist-packages/airflow/example_dags/subdags/subdag.py
[2023-10-28T08:18:51.734+0000] {processor.py:178} INFO - Processing /usr/local/lib/python3.10/dist-packages/airflow/example_dags/subdags/subdag.py took 0.103 seconds
[2023-10-28T08:19:22.326+0000] {processor.py:156} INFO - Started process (PID=1502475) to work on /usr/local/lib/python3.10/dist-packages/airflow/example_dags/subdags/subdag.py
[2023-10-28T08:19:22.360+0000] {processor.py:799} INFO - Processing file /usr/local/lib/python3.10/dist-packages/airflow/example_dags/subdags/subdag.py for tasks to queue
[2023-10-28T08:19:22.362+0000] {logging_mixin.py:149} INFO - [2023-10-28T08:19:22.361+0000] {dagbag.py:541} INFO - Filling up the DagBag from /usr/local/lib/python3.10/dist-packages/airflow/example_dags/subdags/subdag.py
[2023-10-28T08:19:22.366+0000] {processor.py:811} WARNING - No viable dags retrieved from /usr/local/lib/python3.10/dist-packages/airflow/example_dags/subdags/subdag.py
[2023-10-28T08:19:22.433+0000] {processor.py:178} INFO - Processing /usr/local/lib/python3.10/dist-packages/airflow/example_dags/subdags/subdag.py took 0.114 seconds
[2023-10-28T08:19:52.663+0000] {processor.py:156} INFO - Started process (PID=1502836) to work on /usr/local/lib/python3.10/dist-packages/airflow/example_dags/subdags/subdag.py
[2023-10-28T08:19:52.697+0000] {processor.py:799} INFO - Processing file /usr/local/lib/python3.10/dist-packages/airflow/example_dags/subdags/subdag.py for tasks to queue
[2023-10-28T08:19:52.699+0000] {logging_mixin.py:149} INFO - [2023-10-28T08:19:52.698+0000] {dagbag.py:541} INFO - Filling up the DagBag from /usr/local/lib/python3.10/dist-packages/airflow/example_dags/subdags/subdag.py
[2023-10-28T08:19:52.703+0000] {processor.py:811} WARNING - No viable dags retrieved from /usr/local/lib/python3.10/dist-packages/airflow/example_dags/subdags/subdag.py
[2023-10-28T08:19:52.753+0000] {processor.py:178} INFO - Processing /usr/local/lib/python3.10/dist-packages/airflow/example_dags/subdags/subdag.py took 0.098 seconds
[2023-10-28T08:20:23.197+0000] {processor.py:156} INFO - Started process (PID=1503345) to work on /usr/local/lib/python3.10/dist-packages/airflow/example_dags/subdags/subdag.py
[2023-10-28T08:20:23.233+0000] {processor.py:799} INFO - Processing file /usr/local/lib/python3.10/dist-packages/airflow/example_dags/subdags/subdag.py for tasks to queue
[2023-10-28T08:20:23.235+0000] {logging_mixin.py:149} INFO - [2023-10-28T08:20:23.235+0000] {dagbag.py:541} INFO - Filling up the DagBag from /usr/local/lib/python3.10/dist-packages/airflow/example_dags/subdags/subdag.py
[2023-10-28T08:20:23.239+0000] {processor.py:811} WARNING - No viable dags retrieved from /usr/local/lib/python3.10/dist-packages/airflow/example_dags/subdags/subdag.py
[2023-10-28T08:20:23.294+0000] {processor.py:178} INFO - Processing /usr/local/lib/python3.10/dist-packages/airflow/example_dags/subdags/subdag.py took 0.106 seconds
[2023-10-28T08:20:53.957+0000] {processor.py:156} INFO - Started process (PID=1503701) to work on /usr/local/lib/python3.10/dist-packages/airflow/example_dags/subdags/subdag.py
[2023-10-28T08:20:53.995+0000] {processor.py:799} INFO - Processing file /usr/local/lib/python3.10/dist-packages/airflow/example_dags/subdags/subdag.py for tasks to queue
[2023-10-28T08:20:53.997+0000] {logging_mixin.py:149} INFO - [2023-10-28T08:20:53.996+0000] {dagbag.py:541} INFO - Filling up the DagBag from /usr/local/lib/python3.10/dist-packages/airflow/example_dags/subdags/subdag.py
[2023-10-28T08:20:54.001+0000] {processor.py:811} WARNING - No viable dags retrieved from /usr/local/lib/python3.10/dist-packages/airflow/example_dags/subdags/subdag.py
[2023-10-28T08:20:54.046+0000] {processor.py:178} INFO - Processing /usr/local/lib/python3.10/dist-packages/airflow/example_dags/subdags/subdag.py took 0.098 seconds
[2023-10-28T08:21:24.671+0000] {processor.py:156} INFO - Started process (PID=1504306) to work on /usr/local/lib/python3.10/dist-packages/airflow/example_dags/subdags/subdag.py
[2023-10-28T08:21:24.673+0000] {processor.py:799} INFO - Processing file /usr/local/lib/python3.10/dist-packages/airflow/example_dags/subdags/subdag.py for tasks to queue
[2023-10-28T08:21:24.675+0000] {logging_mixin.py:149} INFO - [2023-10-28T08:21:24.674+0000] {dagbag.py:541} INFO - Filling up the DagBag from /usr/local/lib/python3.10/dist-packages/airflow/example_dags/subdags/subdag.py
[2023-10-28T08:21:24.679+0000] {processor.py:811} WARNING - No viable dags retrieved from /usr/local/lib/python3.10/dist-packages/airflow/example_dags/subdags/subdag.py
[2023-10-28T08:21:24.730+0000] {processor.py:178} INFO - Processing /usr/local/lib/python3.10/dist-packages/airflow/example_dags/subdags/subdag.py took 0.066 seconds
[2023-10-28T08:21:55.574+0000] {processor.py:156} INFO - Started process (PID=1505144) to work on /usr/local/lib/python3.10/dist-packages/airflow/example_dags/subdags/subdag.py
[2023-10-28T08:21:55.608+0000] {processor.py:799} INFO - Processing file /usr/local/lib/python3.10/dist-packages/airflow/example_dags/subdags/subdag.py for tasks to queue
[2023-10-28T08:21:55.610+0000] {logging_mixin.py:149} INFO - [2023-10-28T08:21:55.609+0000] {dagbag.py:541} INFO - Filling up the DagBag from /usr/local/lib/python3.10/dist-packages/airflow/example_dags/subdags/subdag.py
[2023-10-28T08:21:55.614+0000] {processor.py:811} WARNING - No viable dags retrieved from /usr/local/lib/python3.10/dist-packages/airflow/example_dags/subdags/subdag.py
[2023-10-28T08:21:55.663+0000] {processor.py:178} INFO - Processing /usr/local/lib/python3.10/dist-packages/airflow/example_dags/subdags/subdag.py took 0.098 seconds
[2023-10-28T08:22:25.807+0000] {processor.py:156} INFO - Started process (PID=1505624) to work on /usr/local/lib/python3.10/dist-packages/airflow/example_dags/subdags/subdag.py
[2023-10-28T08:22:25.849+0000] {processor.py:799} INFO - Processing file /usr/local/lib/python3.10/dist-packages/airflow/example_dags/subdags/subdag.py for tasks to queue
[2023-10-28T08:22:25.851+0000] {logging_mixin.py:149} INFO - [2023-10-28T08:22:25.851+0000] {dagbag.py:541} INFO - Filling up the DagBag from /usr/local/lib/python3.10/dist-packages/airflow/example_dags/subdags/subdag.py
[2023-10-28T08:22:25.855+0000] {processor.py:811} WARNING - No viable dags retrieved from /usr/local/lib/python3.10/dist-packages/airflow/example_dags/subdags/subdag.py
[2023-10-28T08:22:25.905+0000] {processor.py:178} INFO - Processing /usr/local/lib/python3.10/dist-packages/airflow/example_dags/subdags/subdag.py took 0.106 seconds
[2023-10-28T08:22:56.429+0000] {processor.py:156} INFO - Started process (PID=1506199) to work on /usr/local/lib/python3.10/dist-packages/airflow/example_dags/subdags/subdag.py
[2023-10-28T08:22:56.432+0000] {processor.py:799} INFO - Processing file /usr/local/lib/python3.10/dist-packages/airflow/example_dags/subdags/subdag.py for tasks to queue
[2023-10-28T08:22:56.434+0000] {logging_mixin.py:149} INFO - [2023-10-28T08:22:56.433+0000] {dagbag.py:541} INFO - Filling up the DagBag from /usr/local/lib/python3.10/dist-packages/airflow/example_dags/subdags/subdag.py
[2023-10-28T08:22:56.438+0000] {processor.py:811} WARNING - No viable dags retrieved from /usr/local/lib/python3.10/dist-packages/airflow/example_dags/subdags/subdag.py
[2023-10-28T08:22:56.486+0000] {processor.py:178} INFO - Processing /usr/local/lib/python3.10/dist-packages/airflow/example_dags/subdags/subdag.py took 0.066 seconds
[2023-10-28T08:23:27.035+0000] {processor.py:156} INFO - Started process (PID=1506665) to work on /usr/local/lib/python3.10/dist-packages/airflow/example_dags/subdags/subdag.py
[2023-10-28T08:23:27.037+0000] {processor.py:799} INFO - Processing file /usr/local/lib/python3.10/dist-packages/airflow/example_dags/subdags/subdag.py for tasks to queue
[2023-10-28T08:23:27.040+0000] {logging_mixin.py:149} INFO - [2023-10-28T08:23:27.040+0000] {dagbag.py:541} INFO - Filling up the DagBag from /usr/local/lib/python3.10/dist-packages/airflow/example_dags/subdags/subdag.py
[2023-10-28T08:23:27.044+0000] {processor.py:811} WARNING - No viable dags retrieved from /usr/local/lib/python3.10/dist-packages/airflow/example_dags/subdags/subdag.py
[2023-10-28T08:23:27.094+0000] {processor.py:178} INFO - Processing /usr/local/lib/python3.10/dist-packages/airflow/example_dags/subdags/subdag.py took 0.067 seconds
[2023-10-28T08:23:57.789+0000] {processor.py:156} INFO - Started process (PID=1507215) to work on /usr/local/lib/python3.10/dist-packages/airflow/example_dags/subdags/subdag.py
[2023-10-28T08:23:57.824+0000] {processor.py:799} INFO - Processing file /usr/local/lib/python3.10/dist-packages/airflow/example_dags/subdags/subdag.py for tasks to queue
[2023-10-28T08:23:57.826+0000] {logging_mixin.py:149} INFO - [2023-10-28T08:23:57.826+0000] {dagbag.py:541} INFO - Filling up the DagBag from /usr/local/lib/python3.10/dist-packages/airflow/example_dags/subdags/subdag.py
[2023-10-28T08:23:57.831+0000] {processor.py:811} WARNING - No viable dags retrieved from /usr/local/lib/python3.10/dist-packages/airflow/example_dags/subdags/subdag.py
[2023-10-28T08:23:57.876+0000] {processor.py:178} INFO - Processing /usr/local/lib/python3.10/dist-packages/airflow/example_dags/subdags/subdag.py took 0.094 seconds
[2023-10-28T08:24:28.725+0000] {processor.py:156} INFO - Started process (PID=1507851) to work on /usr/local/lib/python3.10/dist-packages/airflow/example_dags/subdags/subdag.py
[2023-10-28T08:24:28.761+0000] {processor.py:799} INFO - Processing file /usr/local/lib/python3.10/dist-packages/airflow/example_dags/subdags/subdag.py for tasks to queue
[2023-10-28T08:24:28.763+0000] {logging_mixin.py:149} INFO - [2023-10-28T08:24:28.763+0000] {dagbag.py:541} INFO - Filling up the DagBag from /usr/local/lib/python3.10/dist-packages/airflow/example_dags/subdags/subdag.py
[2023-10-28T08:24:28.767+0000] {processor.py:811} WARNING - No viable dags retrieved from /usr/local/lib/python3.10/dist-packages/airflow/example_dags/subdags/subdag.py
[2023-10-28T08:24:28.818+0000] {processor.py:178} INFO - Processing /usr/local/lib/python3.10/dist-packages/airflow/example_dags/subdags/subdag.py took 0.102 seconds
[2023-10-28T08:24:59.215+0000] {processor.py:156} INFO - Started process (PID=1508234) to work on /usr/local/lib/python3.10/dist-packages/airflow/example_dags/subdags/subdag.py
[2023-10-28T08:24:59.262+0000] {processor.py:799} INFO - Processing file /usr/local/lib/python3.10/dist-packages/airflow/example_dags/subdags/subdag.py for tasks to queue
[2023-10-28T08:24:59.264+0000] {logging_mixin.py:149} INFO - [2023-10-28T08:24:59.263+0000] {dagbag.py:541} INFO - Filling up the DagBag from /usr/local/lib/python3.10/dist-packages/airflow/example_dags/subdags/subdag.py
[2023-10-28T08:24:59.267+0000] {processor.py:811} WARNING - No viable dags retrieved from /usr/local/lib/python3.10/dist-packages/airflow/example_dags/subdags/subdag.py
[2023-10-28T08:24:59.313+0000] {processor.py:178} INFO - Processing /usr/local/lib/python3.10/dist-packages/airflow/example_dags/subdags/subdag.py took 0.106 seconds
[2023-10-28T08:25:29.797+0000] {processor.py:156} INFO - Started process (PID=1509092) to work on /usr/local/lib/python3.10/dist-packages/airflow/example_dags/subdags/subdag.py
[2023-10-28T08:25:29.840+0000] {processor.py:799} INFO - Processing file /usr/local/lib/python3.10/dist-packages/airflow/example_dags/subdags/subdag.py for tasks to queue
[2023-10-28T08:25:29.842+0000] {logging_mixin.py:149} INFO - [2023-10-28T08:25:29.842+0000] {dagbag.py:541} INFO - Filling up the DagBag from /usr/local/lib/python3.10/dist-packages/airflow/example_dags/subdags/subdag.py
[2023-10-28T08:25:29.846+0000] {processor.py:811} WARNING - No viable dags retrieved from /usr/local/lib/python3.10/dist-packages/airflow/example_dags/subdags/subdag.py
[2023-10-28T08:25:29.892+0000] {processor.py:178} INFO - Processing /usr/local/lib/python3.10/dist-packages/airflow/example_dags/subdags/subdag.py took 0.102 seconds
[2023-10-28T08:26:00.325+0000] {processor.py:156} INFO - Started process (PID=1509450) to work on /usr/local/lib/python3.10/dist-packages/airflow/example_dags/subdags/subdag.py
[2023-10-28T08:26:00.366+0000] {processor.py:799} INFO - Processing file /usr/local/lib/python3.10/dist-packages/airflow/example_dags/subdags/subdag.py for tasks to queue
[2023-10-28T08:26:00.368+0000] {logging_mixin.py:149} INFO - [2023-10-28T08:26:00.368+0000] {dagbag.py:541} INFO - Filling up the DagBag from /usr/local/lib/python3.10/dist-packages/airflow/example_dags/subdags/subdag.py
[2023-10-28T08:26:00.373+0000] {processor.py:811} WARNING - No viable dags retrieved from /usr/local/lib/python3.10/dist-packages/airflow/example_dags/subdags/subdag.py
[2023-10-28T08:26:00.419+0000] {processor.py:178} INFO - Processing /usr/local/lib/python3.10/dist-packages/airflow/example_dags/subdags/subdag.py took 0.102 seconds
[2023-10-28T08:26:30.884+0000] {processor.py:156} INFO - Started process (PID=1509828) to work on /usr/local/lib/python3.10/dist-packages/airflow/example_dags/subdags/subdag.py
[2023-10-28T08:26:30.925+0000] {processor.py:799} INFO - Processing file /usr/local/lib/python3.10/dist-packages/airflow/example_dags/subdags/subdag.py for tasks to queue
[2023-10-28T08:26:30.927+0000] {logging_mixin.py:149} INFO - [2023-10-28T08:26:30.926+0000] {dagbag.py:541} INFO - Filling up the DagBag from /usr/local/lib/python3.10/dist-packages/airflow/example_dags/subdags/subdag.py
[2023-10-28T08:26:30.930+0000] {processor.py:811} WARNING - No viable dags retrieved from /usr/local/lib/python3.10/dist-packages/airflow/example_dags/subdags/subdag.py
[2023-10-28T08:26:30.979+0000] {processor.py:178} INFO - Processing /usr/local/lib/python3.10/dist-packages/airflow/example_dags/subdags/subdag.py took 0.102 seconds
[2023-10-28T08:27:01.172+0000] {processor.py:156} INFO - Started process (PID=1510306) to work on /usr/local/lib/python3.10/dist-packages/airflow/example_dags/subdags/subdag.py
[2023-10-28T08:27:01.174+0000] {processor.py:799} INFO - Processing file /usr/local/lib/python3.10/dist-packages/airflow/example_dags/subdags/subdag.py for tasks to queue
[2023-10-28T08:27:01.176+0000] {logging_mixin.py:149} INFO - [2023-10-28T08:27:01.176+0000] {dagbag.py:541} INFO - Filling up the DagBag from /usr/local/lib/python3.10/dist-packages/airflow/example_dags/subdags/subdag.py
[2023-10-28T08:27:01.180+0000] {processor.py:811} WARNING - No viable dags retrieved from /usr/local/lib/python3.10/dist-packages/airflow/example_dags/subdags/subdag.py
[2023-10-28T08:27:01.232+0000] {processor.py:178} INFO - Processing /usr/local/lib/python3.10/dist-packages/airflow/example_dags/subdags/subdag.py took 0.068 seconds
[2023-10-28T08:27:31.433+0000] {processor.py:156} INFO - Started process (PID=1510761) to work on /usr/local/lib/python3.10/dist-packages/airflow/example_dags/subdags/subdag.py
[2023-10-28T08:27:31.468+0000] {processor.py:799} INFO - Processing file /usr/local/lib/python3.10/dist-packages/airflow/example_dags/subdags/subdag.py for tasks to queue
[2023-10-28T08:27:31.470+0000] {logging_mixin.py:149} INFO - [2023-10-28T08:27:31.470+0000] {dagbag.py:541} INFO - Filling up the DagBag from /usr/local/lib/python3.10/dist-packages/airflow/example_dags/subdags/subdag.py
[2023-10-28T08:27:31.474+0000] {processor.py:811} WARNING - No viable dags retrieved from /usr/local/lib/python3.10/dist-packages/airflow/example_dags/subdags/subdag.py
[2023-10-28T08:27:31.528+0000] {processor.py:178} INFO - Processing /usr/local/lib/python3.10/dist-packages/airflow/example_dags/subdags/subdag.py took 0.102 seconds
[2023-10-28T08:28:01.782+0000] {processor.py:156} INFO - Started process (PID=1511124) to work on /usr/local/lib/python3.10/dist-packages/airflow/example_dags/subdags/subdag.py
[2023-10-28T08:28:01.816+0000] {processor.py:799} INFO - Processing file /usr/local/lib/python3.10/dist-packages/airflow/example_dags/subdags/subdag.py for tasks to queue
[2023-10-28T08:28:01.818+0000] {logging_mixin.py:149} INFO - [2023-10-28T08:28:01.818+0000] {dagbag.py:541} INFO - Filling up the DagBag from /usr/local/lib/python3.10/dist-packages/airflow/example_dags/subdags/subdag.py
[2023-10-28T08:28:01.822+0000] {processor.py:811} WARNING - No viable dags retrieved from /usr/local/lib/python3.10/dist-packages/airflow/example_dags/subdags/subdag.py
[2023-10-28T08:28:01.874+0000] {processor.py:178} INFO - Processing /usr/local/lib/python3.10/dist-packages/airflow/example_dags/subdags/subdag.py took 0.100 seconds
[2023-10-28T08:28:32.490+0000] {processor.py:156} INFO - Started process (PID=1511502) to work on /usr/local/lib/python3.10/dist-packages/airflow/example_dags/subdags/subdag.py
[2023-10-28T08:28:32.532+0000] {processor.py:799} INFO - Processing file /usr/local/lib/python3.10/dist-packages/airflow/example_dags/subdags/subdag.py for tasks to queue
[2023-10-28T08:28:32.534+0000] {logging_mixin.py:149} INFO - [2023-10-28T08:28:32.533+0000] {dagbag.py:541} INFO - Filling up the DagBag from /usr/local/lib/python3.10/dist-packages/airflow/example_dags/subdags/subdag.py
[2023-10-28T08:28:32.538+0000] {processor.py:811} WARNING - No viable dags retrieved from /usr/local/lib/python3.10/dist-packages/airflow/example_dags/subdags/subdag.py
[2023-10-28T08:28:32.594+0000] {processor.py:178} INFO - Processing /usr/local/lib/python3.10/dist-packages/airflow/example_dags/subdags/subdag.py took 0.113 seconds
[2023-10-28T08:29:03.193+0000] {processor.py:156} INFO - Started process (PID=1511885) to work on /usr/local/lib/python3.10/dist-packages/airflow/example_dags/subdags/subdag.py
[2023-10-28T08:29:03.195+0000] {processor.py:799} INFO - Processing file /usr/local/lib/python3.10/dist-packages/airflow/example_dags/subdags/subdag.py for tasks to queue
[2023-10-28T08:29:03.197+0000] {logging_mixin.py:149} INFO - [2023-10-28T08:29:03.196+0000] {dagbag.py:541} INFO - Filling up the DagBag from /usr/local/lib/python3.10/dist-packages/airflow/example_dags/subdags/subdag.py
[2023-10-28T08:29:03.200+0000] {processor.py:811} WARNING - No viable dags retrieved from /usr/local/lib/python3.10/dist-packages/airflow/example_dags/subdags/subdag.py
[2023-10-28T08:29:03.252+0000] {processor.py:178} INFO - Processing /usr/local/lib/python3.10/dist-packages/airflow/example_dags/subdags/subdag.py took 0.067 seconds
[2023-10-28T08:29:33.326+0000] {processor.py:156} INFO - Started process (PID=1512254) to work on /usr/local/lib/python3.10/dist-packages/airflow/example_dags/subdags/subdag.py
[2023-10-28T08:29:33.361+0000] {processor.py:799} INFO - Processing file /usr/local/lib/python3.10/dist-packages/airflow/example_dags/subdags/subdag.py for tasks to queue
[2023-10-28T08:29:33.363+0000] {logging_mixin.py:149} INFO - [2023-10-28T08:29:33.362+0000] {dagbag.py:541} INFO - Filling up the DagBag from /usr/local/lib/python3.10/dist-packages/airflow/example_dags/subdags/subdag.py
[2023-10-28T08:29:33.367+0000] {processor.py:811} WARNING - No viable dags retrieved from /usr/local/lib/python3.10/dist-packages/airflow/example_dags/subdags/subdag.py
[2023-10-28T08:29:33.422+0000] {processor.py:178} INFO - Processing /usr/local/lib/python3.10/dist-packages/airflow/example_dags/subdags/subdag.py took 0.105 seconds
[2023-10-28T08:30:03.854+0000] {processor.py:156} INFO - Started process (PID=1512636) to work on /usr/local/lib/python3.10/dist-packages/airflow/example_dags/subdags/subdag.py
[2023-10-28T08:30:03.892+0000] {processor.py:799} INFO - Processing file /usr/local/lib/python3.10/dist-packages/airflow/example_dags/subdags/subdag.py for tasks to queue
[2023-10-28T08:30:03.894+0000] {logging_mixin.py:149} INFO - [2023-10-28T08:30:03.894+0000] {dagbag.py:541} INFO - Filling up the DagBag from /usr/local/lib/python3.10/dist-packages/airflow/example_dags/subdags/subdag.py
[2023-10-28T08:30:03.898+0000] {processor.py:811} WARNING - No viable dags retrieved from /usr/local/lib/python3.10/dist-packages/airflow/example_dags/subdags/subdag.py
[2023-10-28T08:30:03.950+0000] {processor.py:178} INFO - Processing /usr/local/lib/python3.10/dist-packages/airflow/example_dags/subdags/subdag.py took 0.103 seconds
[2023-10-28T08:30:34.055+0000] {processor.py:156} INFO - Started process (PID=1513220) to work on /usr/local/lib/python3.10/dist-packages/airflow/example_dags/subdags/subdag.py
[2023-10-28T08:30:34.101+0000] {processor.py:799} INFO - Processing file /usr/local/lib/python3.10/dist-packages/airflow/example_dags/subdags/subdag.py for tasks to queue
[2023-10-28T08:30:34.103+0000] {logging_mixin.py:149} INFO - [2023-10-28T08:30:34.102+0000] {dagbag.py:541} INFO - Filling up the DagBag from /usr/local/lib/python3.10/dist-packages/airflow/example_dags/subdags/subdag.py
[2023-10-28T08:30:34.107+0000] {processor.py:811} WARNING - No viable dags retrieved from /usr/local/lib/python3.10/dist-packages/airflow/example_dags/subdags/subdag.py
[2023-10-28T08:30:34.153+0000] {processor.py:178} INFO - Processing /usr/local/lib/python3.10/dist-packages/airflow/example_dags/subdags/subdag.py took 0.106 seconds
[2023-10-28T08:31:04.704+0000] {processor.py:156} INFO - Started process (PID=1513634) to work on /usr/local/lib/python3.10/dist-packages/airflow/example_dags/subdags/subdag.py
[2023-10-28T08:31:04.744+0000] {processor.py:799} INFO - Processing file /usr/local/lib/python3.10/dist-packages/airflow/example_dags/subdags/subdag.py for tasks to queue
[2023-10-28T08:31:04.746+0000] {logging_mixin.py:149} INFO - [2023-10-28T08:31:04.746+0000] {dagbag.py:541} INFO - Filling up the DagBag from /usr/local/lib/python3.10/dist-packages/airflow/example_dags/subdags/subdag.py
[2023-10-28T08:31:04.750+0000] {processor.py:811} WARNING - No viable dags retrieved from /usr/local/lib/python3.10/dist-packages/airflow/example_dags/subdags/subdag.py
[2023-10-28T08:31:04.797+0000] {processor.py:178} INFO - Processing /usr/local/lib/python3.10/dist-packages/airflow/example_dags/subdags/subdag.py took 0.101 seconds
[2023-10-28T08:31:35.591+0000] {processor.py:156} INFO - Started process (PID=1514223) to work on /usr/local/lib/python3.10/dist-packages/airflow/example_dags/subdags/subdag.py
[2023-10-28T08:31:35.633+0000] {processor.py:799} INFO - Processing file /usr/local/lib/python3.10/dist-packages/airflow/example_dags/subdags/subdag.py for tasks to queue
[2023-10-28T08:31:35.635+0000] {logging_mixin.py:149} INFO - [2023-10-28T08:31:35.634+0000] {dagbag.py:541} INFO - Filling up the DagBag from /usr/local/lib/python3.10/dist-packages/airflow/example_dags/subdags/subdag.py
[2023-10-28T08:31:35.639+0000] {processor.py:811} WARNING - No viable dags retrieved from /usr/local/lib/python3.10/dist-packages/airflow/example_dags/subdags/subdag.py
[2023-10-28T08:31:35.686+0000] {processor.py:178} INFO - Processing /usr/local/lib/python3.10/dist-packages/airflow/example_dags/subdags/subdag.py took 0.103 seconds
[2023-10-28T08:32:06.373+0000] {processor.py:156} INFO - Started process (PID=1514859) to work on /usr/local/lib/python3.10/dist-packages/airflow/example_dags/subdags/subdag.py
[2023-10-28T08:32:06.409+0000] {processor.py:799} INFO - Processing file /usr/local/lib/python3.10/dist-packages/airflow/example_dags/subdags/subdag.py for tasks to queue
[2023-10-28T08:32:06.411+0000] {logging_mixin.py:149} INFO - [2023-10-28T08:32:06.410+0000] {dagbag.py:541} INFO - Filling up the DagBag from /usr/local/lib/python3.10/dist-packages/airflow/example_dags/subdags/subdag.py
[2023-10-28T08:32:06.414+0000] {processor.py:811} WARNING - No viable dags retrieved from /usr/local/lib/python3.10/dist-packages/airflow/example_dags/subdags/subdag.py
[2023-10-28T08:32:06.467+0000] {processor.py:178} INFO - Processing /usr/local/lib/python3.10/dist-packages/airflow/example_dags/subdags/subdag.py took 0.103 seconds
[2023-10-28T08:32:37.529+0000] {processor.py:156} INFO - Started process (PID=1515414) to work on /usr/local/lib/python3.10/dist-packages/airflow/example_dags/subdags/subdag.py
[2023-10-28T08:32:37.569+0000] {processor.py:799} INFO - Processing file /usr/local/lib/python3.10/dist-packages/airflow/example_dags/subdags/subdag.py for tasks to queue
[2023-10-28T08:32:37.571+0000] {logging_mixin.py:149} INFO - [2023-10-28T08:32:37.571+0000] {dagbag.py:541} INFO - Filling up the DagBag from /usr/local/lib/python3.10/dist-packages/airflow/example_dags/subdags/subdag.py
[2023-10-28T08:32:37.576+0000] {processor.py:811} WARNING - No viable dags retrieved from /usr/local/lib/python3.10/dist-packages/airflow/example_dags/subdags/subdag.py
[2023-10-28T08:32:37.623+0000] {processor.py:178} INFO - Processing /usr/local/lib/python3.10/dist-packages/airflow/example_dags/subdags/subdag.py took 0.103 seconds
[2023-10-28T08:33:07.707+0000] {processor.py:156} INFO - Started process (PID=1515999) to work on /usr/local/lib/python3.10/dist-packages/airflow/example_dags/subdags/subdag.py
[2023-10-28T08:33:07.709+0000] {processor.py:799} INFO - Processing file /usr/local/lib/python3.10/dist-packages/airflow/example_dags/subdags/subdag.py for tasks to queue
[2023-10-28T08:33:07.711+0000] {logging_mixin.py:149} INFO - [2023-10-28T08:33:07.710+0000] {dagbag.py:541} INFO - Filling up the DagBag from /usr/local/lib/python3.10/dist-packages/airflow/example_dags/subdags/subdag.py
[2023-10-28T08:33:07.715+0000] {processor.py:811} WARNING - No viable dags retrieved from /usr/local/lib/python3.10/dist-packages/airflow/example_dags/subdags/subdag.py
[2023-10-28T08:33:07.766+0000] {processor.py:178} INFO - Processing /usr/local/lib/python3.10/dist-packages/airflow/example_dags/subdags/subdag.py took 0.066 seconds
[2023-10-28T08:33:38.336+0000] {processor.py:156} INFO - Started process (PID=1516356) to work on /usr/local/lib/python3.10/dist-packages/airflow/example_dags/subdags/subdag.py
[2023-10-28T08:33:38.338+0000] {processor.py:799} INFO - Processing file /usr/local/lib/python3.10/dist-packages/airflow/example_dags/subdags/subdag.py for tasks to queue
[2023-10-28T08:33:38.340+0000] {logging_mixin.py:149} INFO - [2023-10-28T08:33:38.340+0000] {dagbag.py:541} INFO - Filling up the DagBag from /usr/local/lib/python3.10/dist-packages/airflow/example_dags/subdags/subdag.py
[2023-10-28T08:33:38.344+0000] {processor.py:811} WARNING - No viable dags retrieved from /usr/local/lib/python3.10/dist-packages/airflow/example_dags/subdags/subdag.py
[2023-10-28T08:33:38.391+0000] {processor.py:178} INFO - Processing /usr/local/lib/python3.10/dist-packages/airflow/example_dags/subdags/subdag.py took 0.062 seconds
[2023-10-28T08:34:08.917+0000] {processor.py:156} INFO - Started process (PID=1516755) to work on /usr/local/lib/python3.10/dist-packages/airflow/example_dags/subdags/subdag.py
[2023-10-28T08:34:08.957+0000] {processor.py:799} INFO - Processing file /usr/local/lib/python3.10/dist-packages/airflow/example_dags/subdags/subdag.py for tasks to queue
[2023-10-28T08:34:08.959+0000] {logging_mixin.py:149} INFO - [2023-10-28T08:34:08.958+0000] {dagbag.py:541} INFO - Filling up the DagBag from /usr/local/lib/python3.10/dist-packages/airflow/example_dags/subdags/subdag.py
[2023-10-28T08:34:08.962+0000] {processor.py:811} WARNING - No viable dags retrieved from /usr/local/lib/python3.10/dist-packages/airflow/example_dags/subdags/subdag.py
[2023-10-28T08:34:09.008+0000] {processor.py:178} INFO - Processing /usr/local/lib/python3.10/dist-packages/airflow/example_dags/subdags/subdag.py took 0.100 seconds
[2023-10-28T08:34:39.638+0000] {processor.py:156} INFO - Started process (PID=1517113) to work on /usr/local/lib/python3.10/dist-packages/airflow/example_dags/subdags/subdag.py
[2023-10-28T08:34:39.680+0000] {processor.py:799} INFO - Processing file /usr/local/lib/python3.10/dist-packages/airflow/example_dags/subdags/subdag.py for tasks to queue
[2023-10-28T08:34:39.682+0000] {logging_mixin.py:149} INFO - [2023-10-28T08:34:39.681+0000] {dagbag.py:541} INFO - Filling up the DagBag from /usr/local/lib/python3.10/dist-packages/airflow/example_dags/subdags/subdag.py
[2023-10-28T08:34:39.685+0000] {processor.py:811} WARNING - No viable dags retrieved from /usr/local/lib/python3.10/dist-packages/airflow/example_dags/subdags/subdag.py
[2023-10-28T08:34:39.733+0000] {processor.py:178} INFO - Processing /usr/local/lib/python3.10/dist-packages/airflow/example_dags/subdags/subdag.py took 0.102 seconds
[2023-10-28T08:35:10.621+0000] {processor.py:156} INFO - Started process (PID=1517516) to work on /usr/local/lib/python3.10/dist-packages/airflow/example_dags/subdags/subdag.py
[2023-10-28T08:35:10.657+0000] {processor.py:799} INFO - Processing file /usr/local/lib/python3.10/dist-packages/airflow/example_dags/subdags/subdag.py for tasks to queue
[2023-10-28T08:35:10.659+0000] {logging_mixin.py:149} INFO - [2023-10-28T08:35:10.658+0000] {dagbag.py:541} INFO - Filling up the DagBag from /usr/local/lib/python3.10/dist-packages/airflow/example_dags/subdags/subdag.py
[2023-10-28T08:35:10.663+0000] {processor.py:811} WARNING - No viable dags retrieved from /usr/local/lib/python3.10/dist-packages/airflow/example_dags/subdags/subdag.py
[2023-10-28T08:35:10.709+0000] {processor.py:178} INFO - Processing /usr/local/lib/python3.10/dist-packages/airflow/example_dags/subdags/subdag.py took 0.097 seconds
[2023-10-28T08:35:41.147+0000] {processor.py:156} INFO - Started process (PID=1518104) to work on /usr/local/lib/python3.10/dist-packages/airflow/example_dags/subdags/subdag.py
[2023-10-28T08:35:41.169+0000] {processor.py:799} INFO - Processing file /usr/local/lib/python3.10/dist-packages/airflow/example_dags/subdags/subdag.py for tasks to queue
[2023-10-28T08:35:41.171+0000] {logging_mixin.py:149} INFO - [2023-10-28T08:35:41.170+0000] {dagbag.py:541} INFO - Filling up the DagBag from /usr/local/lib/python3.10/dist-packages/airflow/example_dags/subdags/subdag.py
[2023-10-28T08:35:41.174+0000] {processor.py:811} WARNING - No viable dags retrieved from /usr/local/lib/python3.10/dist-packages/airflow/example_dags/subdags/subdag.py
[2023-10-28T08:35:41.221+0000] {processor.py:178} INFO - Processing /usr/local/lib/python3.10/dist-packages/airflow/example_dags/subdags/subdag.py took 0.081 seconds
[2023-10-28T08:36:11.744+0000] {processor.py:156} INFO - Started process (PID=1518508) to work on /usr/local/lib/python3.10/dist-packages/airflow/example_dags/subdags/subdag.py
[2023-10-28T08:36:11.746+0000] {processor.py:799} INFO - Processing file /usr/local/lib/python3.10/dist-packages/airflow/example_dags/subdags/subdag.py for tasks to queue
[2023-10-28T08:36:11.748+0000] {logging_mixin.py:149} INFO - [2023-10-28T08:36:11.748+0000] {dagbag.py:541} INFO - Filling up the DagBag from /usr/local/lib/python3.10/dist-packages/airflow/example_dags/subdags/subdag.py
[2023-10-28T08:36:11.752+0000] {processor.py:811} WARNING - No viable dags retrieved from /usr/local/lib/python3.10/dist-packages/airflow/example_dags/subdags/subdag.py
[2023-10-28T08:36:11.801+0000] {processor.py:178} INFO - Processing /usr/local/lib/python3.10/dist-packages/airflow/example_dags/subdags/subdag.py took 0.065 seconds
[2023-10-28T08:36:42.750+0000] {processor.py:156} INFO - Started process (PID=1518863) to work on /usr/local/lib/python3.10/dist-packages/airflow/example_dags/subdags/subdag.py
[2023-10-28T08:36:42.785+0000] {processor.py:799} INFO - Processing file /usr/local/lib/python3.10/dist-packages/airflow/example_dags/subdags/subdag.py for tasks to queue
[2023-10-28T08:36:42.787+0000] {logging_mixin.py:149} INFO - [2023-10-28T08:36:42.786+0000] {dagbag.py:541} INFO - Filling up the DagBag from /usr/local/lib/python3.10/dist-packages/airflow/example_dags/subdags/subdag.py
[2023-10-28T08:36:42.791+0000] {processor.py:811} WARNING - No viable dags retrieved from /usr/local/lib/python3.10/dist-packages/airflow/example_dags/subdags/subdag.py
[2023-10-28T08:36:42.839+0000] {processor.py:178} INFO - Processing /usr/local/lib/python3.10/dist-packages/airflow/example_dags/subdags/subdag.py took 0.096 seconds
[2023-10-28T08:37:13.563+0000] {processor.py:156} INFO - Started process (PID=1519365) to work on /usr/local/lib/python3.10/dist-packages/airflow/example_dags/subdags/subdag.py
[2023-10-28T08:37:13.565+0000] {processor.py:799} INFO - Processing file /usr/local/lib/python3.10/dist-packages/airflow/example_dags/subdags/subdag.py for tasks to queue
[2023-10-28T08:37:13.567+0000] {logging_mixin.py:149} INFO - [2023-10-28T08:37:13.567+0000] {dagbag.py:541} INFO - Filling up the DagBag from /usr/local/lib/python3.10/dist-packages/airflow/example_dags/subdags/subdag.py
[2023-10-28T08:37:13.571+0000] {processor.py:811} WARNING - No viable dags retrieved from /usr/local/lib/python3.10/dist-packages/airflow/example_dags/subdags/subdag.py
[2023-10-28T08:37:13.619+0000] {processor.py:178} INFO - Processing /usr/local/lib/python3.10/dist-packages/airflow/example_dags/subdags/subdag.py took 0.064 seconds
[2023-10-28T08:37:43.748+0000] {processor.py:156} INFO - Started process (PID=1519720) to work on /usr/local/lib/python3.10/dist-packages/airflow/example_dags/subdags/subdag.py
[2023-10-28T08:37:43.789+0000] {processor.py:799} INFO - Processing file /usr/local/lib/python3.10/dist-packages/airflow/example_dags/subdags/subdag.py for tasks to queue
[2023-10-28T08:37:43.791+0000] {logging_mixin.py:149} INFO - [2023-10-28T08:37:43.790+0000] {dagbag.py:541} INFO - Filling up the DagBag from /usr/local/lib/python3.10/dist-packages/airflow/example_dags/subdags/subdag.py
[2023-10-28T08:37:43.795+0000] {processor.py:811} WARNING - No viable dags retrieved from /usr/local/lib/python3.10/dist-packages/airflow/example_dags/subdags/subdag.py
[2023-10-28T08:37:43.841+0000] {processor.py:178} INFO - Processing /usr/local/lib/python3.10/dist-packages/airflow/example_dags/subdags/subdag.py took 0.101 seconds
[2023-10-28T08:38:14.199+0000] {processor.py:156} INFO - Started process (PID=1520165) to work on /usr/local/lib/python3.10/dist-packages/airflow/example_dags/subdags/subdag.py
[2023-10-28T08:38:14.201+0000] {processor.py:799} INFO - Processing file /usr/local/lib/python3.10/dist-packages/airflow/example_dags/subdags/subdag.py for tasks to queue
[2023-10-28T08:38:14.203+0000] {logging_mixin.py:149} INFO - [2023-10-28T08:38:14.203+0000] {dagbag.py:541} INFO - Filling up the DagBag from /usr/local/lib/python3.10/dist-packages/airflow/example_dags/subdags/subdag.py
[2023-10-28T08:38:14.207+0000] {processor.py:811} WARNING - No viable dags retrieved from /usr/local/lib/python3.10/dist-packages/airflow/example_dags/subdags/subdag.py
[2023-10-28T08:38:14.258+0000] {processor.py:178} INFO - Processing /usr/local/lib/python3.10/dist-packages/airflow/example_dags/subdags/subdag.py took 0.067 seconds
[2023-10-28T08:38:44.435+0000] {processor.py:156} INFO - Started process (PID=1520711) to work on /usr/local/lib/python3.10/dist-packages/airflow/example_dags/subdags/subdag.py
[2023-10-28T08:38:44.476+0000] {processor.py:799} INFO - Processing file /usr/local/lib/python3.10/dist-packages/airflow/example_dags/subdags/subdag.py for tasks to queue
[2023-10-28T08:38:44.478+0000] {logging_mixin.py:149} INFO - [2023-10-28T08:38:44.478+0000] {dagbag.py:541} INFO - Filling up the DagBag from /usr/local/lib/python3.10/dist-packages/airflow/example_dags/subdags/subdag.py
[2023-10-28T08:38:44.482+0000] {processor.py:811} WARNING - No viable dags retrieved from /usr/local/lib/python3.10/dist-packages/airflow/example_dags/subdags/subdag.py
[2023-10-28T08:38:44.533+0000] {processor.py:178} INFO - Processing /usr/local/lib/python3.10/dist-packages/airflow/example_dags/subdags/subdag.py took 0.105 seconds
[2023-10-28T08:39:14.839+0000] {processor.py:156} INFO - Started process (PID=1521250) to work on /usr/local/lib/python3.10/dist-packages/airflow/example_dags/subdags/subdag.py
[2023-10-28T08:39:14.876+0000] {processor.py:799} INFO - Processing file /usr/local/lib/python3.10/dist-packages/airflow/example_dags/subdags/subdag.py for tasks to queue
[2023-10-28T08:39:14.878+0000] {logging_mixin.py:149} INFO - [2023-10-28T08:39:14.878+0000] {dagbag.py:541} INFO - Filling up the DagBag from /usr/local/lib/python3.10/dist-packages/airflow/example_dags/subdags/subdag.py
[2023-10-28T08:39:14.882+0000] {processor.py:811} WARNING - No viable dags retrieved from /usr/local/lib/python3.10/dist-packages/airflow/example_dags/subdags/subdag.py
[2023-10-28T08:39:14.928+0000] {processor.py:178} INFO - Processing /usr/local/lib/python3.10/dist-packages/airflow/example_dags/subdags/subdag.py took 0.097 seconds
[2023-10-28T08:39:45.254+0000] {processor.py:156} INFO - Started process (PID=1521653) to work on /usr/local/lib/python3.10/dist-packages/airflow/example_dags/subdags/subdag.py
[2023-10-28T08:39:45.256+0000] {processor.py:799} INFO - Processing file /usr/local/lib/python3.10/dist-packages/airflow/example_dags/subdags/subdag.py for tasks to queue
[2023-10-28T08:39:45.258+0000] {logging_mixin.py:149} INFO - [2023-10-28T08:39:45.257+0000] {dagbag.py:541} INFO - Filling up the DagBag from /usr/local/lib/python3.10/dist-packages/airflow/example_dags/subdags/subdag.py
[2023-10-28T08:39:45.262+0000] {processor.py:811} WARNING - No viable dags retrieved from /usr/local/lib/python3.10/dist-packages/airflow/example_dags/subdags/subdag.py
[2023-10-28T08:39:45.309+0000] {processor.py:178} INFO - Processing /usr/local/lib/python3.10/dist-packages/airflow/example_dags/subdags/subdag.py took 0.062 seconds
