[2023-11-23T17:50:32.574+0000] {taskinstance.py:1125} INFO - Dependencies all met for dep_context=non-requeueable deps ti=<TaskInstance: dag_SFCrimes_data_download.download_data_task scheduled__2023-11-23T05:00:00+00:00 [queued]>
[2023-11-23T17:50:32.603+0000] {taskinstance.py:1125} INFO - Dependencies all met for dep_context=requeueable deps ti=<TaskInstance: dag_SFCrimes_data_download.download_data_task scheduled__2023-11-23T05:00:00+00:00 [queued]>
[2023-11-23T17:50:32.603+0000] {taskinstance.py:1331} INFO - Starting attempt 1 of 2
[2023-11-23T17:50:32.665+0000] {taskinstance.py:1350} INFO - Executing <Task(PythonOperator): download_data_task> on 2023-11-23 05:00:00+00:00
[2023-11-23T17:50:32.673+0000] {standard_task_runner.py:57} INFO - Started process 453535 to run task
[2023-11-23T17:50:32.679+0000] {standard_task_runner.py:84} INFO - Running: ['airflow', 'tasks', 'run', 'dag_SFCrimes_data_download', 'download_data_task', 'scheduled__2023-11-23T05:00:00+00:00', '--job-id', '648', '--raw', '--subdir', 'DAGS_FOLDER/curated/dag_sf_crimes_raw.py', '--cfg-path', '/tmp/tmpv2md0ug9']
[2023-11-23T17:50:32.683+0000] {standard_task_runner.py:85} INFO - Job 648: Subtask download_data_task
[2023-11-23T17:50:32.853+0000] {task_command.py:410} INFO - Running <TaskInstance: dag_SFCrimes_data_download.download_data_task scheduled__2023-11-23T05:00:00+00:00 [running]> on host jarvis
[2023-11-23T17:50:33.420+0000] {taskinstance.py:1568} INFO - Exporting env vars: AIRFLOW_CTX_DAG_OWNER='airflow' AIRFLOW_CTX_DAG_ID='dag_SFCrimes_data_download' AIRFLOW_CTX_TASK_ID='download_data_task' AIRFLOW_CTX_EXECUTION_DATE='2023-11-23T05:00:00+00:00' AIRFLOW_CTX_TRY_NUMBER='1' AIRFLOW_CTX_DAG_RUN_ID='scheduled__2023-11-23T05:00:00+00:00'
[2023-11-23T17:50:34.264+0000] {socrata.py:63} WARNING - Requests made without an app_token will be subject to strict throttling limits.
[2023-11-23T17:50:35.624+0000] {python.py:183} INFO - Done. Returned value was: None
[2023-11-23T17:50:35.662+0000] {taskinstance.py:1368} INFO - Marking task as SUCCESS. dag_id=dag_SFCrimes_data_download, task_id=download_data_task, execution_date=20231123T050000, start_date=20231123T175032, end_date=20231123T175035
[2023-11-23T17:50:35.751+0000] {local_task_job_runner.py:232} INFO - Task exited with return code 0
[2023-11-23T17:50:35.820+0000] {taskinstance.py:2674} INFO - 1 downstream tasks scheduled from follow-on schedule check
[2023-11-24T06:02:39.098+0000] {taskinstance.py:1125} INFO - Dependencies all met for dep_context=non-requeueable deps ti=<TaskInstance: dag_SFCrimes_data_download.download_data_task scheduled__2023-11-23T05:00:00+00:00 [queued]>
[2023-11-24T06:02:39.129+0000] {taskinstance.py:1125} INFO - Dependencies all met for dep_context=requeueable deps ti=<TaskInstance: dag_SFCrimes_data_download.download_data_task scheduled__2023-11-23T05:00:00+00:00 [queued]>
[2023-11-24T06:02:39.130+0000] {taskinstance.py:1331} INFO - Starting attempt 1 of 2
[2023-11-24T06:02:39.211+0000] {taskinstance.py:1350} INFO - Executing <Task(PythonOperator): download_data_task> on 2023-11-23 05:00:00+00:00
[2023-11-24T06:02:39.219+0000] {standard_task_runner.py:57} INFO - Started process 5153 to run task
[2023-11-24T06:02:39.227+0000] {standard_task_runner.py:84} INFO - Running: ['airflow', 'tasks', 'run', 'dag_SFCrimes_data_download', 'download_data_task', 'scheduled__2023-11-23T05:00:00+00:00', '--job-id', '2', '--raw', '--subdir', 'DAGS_FOLDER/curated/dag_sf_crimes_raw.py', '--cfg-path', '/tmp/tmpxeimmpvb']
[2023-11-24T06:02:39.232+0000] {standard_task_runner.py:85} INFO - Job 2: Subtask download_data_task
[2023-11-24T06:02:39.391+0000] {task_command.py:410} INFO - Running <TaskInstance: dag_SFCrimes_data_download.download_data_task scheduled__2023-11-23T05:00:00+00:00 [running]> on host jarvis
[2023-11-24T06:02:39.915+0000] {taskinstance.py:1568} INFO - Exporting env vars: AIRFLOW_CTX_DAG_OWNER='airflow' AIRFLOW_CTX_DAG_ID='dag_SFCrimes_data_download' AIRFLOW_CTX_TASK_ID='download_data_task' AIRFLOW_CTX_EXECUTION_DATE='2023-11-23T05:00:00+00:00' AIRFLOW_CTX_TRY_NUMBER='1' AIRFLOW_CTX_DAG_RUN_ID='scheduled__2023-11-23T05:00:00+00:00'
[2023-11-24T06:02:41.327+0000] {socrata.py:63} WARNING - Requests made without an app_token will be subject to strict throttling limits.
[2023-11-24T06:02:42.534+0000] {taskinstance.py:1847} ERROR - Task failed with exception
Traceback (most recent call last):
  File "/usr/local/lib/python3.10/dist-packages/airflow/operators/python.py", line 181, in execute
    return_value = self.execute_callable()
  File "/usr/local/lib/python3.10/dist-packages/airflow/operators/python.py", line 198, in execute_callable
    return self.python_callable(*self.op_args, **self.op_kwargs)
  File "/home/mani-dev/airflow/dags/curated/dag_sf_crimes_raw.py", line 30, in download_data
    dest_file = Variable.get("SFcrimes_RawFiles")+'/SFcrimes_'+tail+'.csv'
  File "/usr/local/lib/python3.10/dist-packages/airflow/models/variable.py", line 142, in get
    raise KeyError(f"Variable {key} does not exist")
KeyError: 'Variable SFcrimes_RawFiles does not exist'
[2023-11-24T06:02:42.568+0000] {taskinstance.py:1368} INFO - Marking task as UP_FOR_RETRY. dag_id=dag_SFCrimes_data_download, task_id=download_data_task, execution_date=20231123T050000, start_date=20231124T060239, end_date=20231124T060242
[2023-11-24T06:02:42.660+0000] {standard_task_runner.py:104} ERROR - Failed to execute job 2 for task download_data_task ('Variable SFcrimes_RawFiles does not exist'; 5153)
[2023-11-24T06:02:42.701+0000] {local_task_job_runner.py:232} INFO - Task exited with return code 1
[2023-11-24T06:02:42.781+0000] {taskinstance.py:2674} INFO - 0 downstream tasks scheduled from follow-on schedule check
