[2023-11-03T06:49:34.922+0000] {processor.py:156} INFO - Started process (PID=89420) to work on /usr/local/lib/python3.10/dist-packages/airflow/example_dags/example_task_group_decorator.py
[2023-11-03T06:49:34.923+0000] {processor.py:799} INFO - Processing file /usr/local/lib/python3.10/dist-packages/airflow/example_dags/example_task_group_decorator.py for tasks to queue
[2023-11-03T06:49:34.925+0000] {logging_mixin.py:149} INFO - [2023-11-03T06:49:34.925+0000] {dagbag.py:541} INFO - Filling up the DagBag from /usr/local/lib/python3.10/dist-packages/airflow/example_dags/example_task_group_decorator.py
[2023-11-03T06:49:34.964+0000] {processor.py:809} INFO - DAG(s) dict_keys(['example_task_group_decorator']) retrieved from /usr/local/lib/python3.10/dist-packages/airflow/example_dags/example_task_group_decorator.py
[2023-11-03T06:49:35.069+0000] {logging_mixin.py:149} INFO - [2023-11-03T06:49:35.068+0000] {dag.py:2726} INFO - Sync 1 DAGs
[2023-11-03T06:49:35.363+0000] {logging_mixin.py:149} INFO - [2023-11-03T06:49:35.363+0000] {dag.py:3486} INFO - Setting next_dagrun for example_task_group_decorator to 2023-11-02T06:49:35.362792+00:00, run_after=2023-11-03T06:49:35.362792+00:00
[2023-11-03T06:49:35.457+0000] {processor.py:178} INFO - Processing /usr/local/lib/python3.10/dist-packages/airflow/example_dags/example_task_group_decorator.py took 0.542 seconds
[2023-11-03T06:50:05.848+0000] {processor.py:156} INFO - Started process (PID=89919) to work on /usr/local/lib/python3.10/dist-packages/airflow/example_dags/example_task_group_decorator.py
[2023-11-03T06:50:05.883+0000] {processor.py:799} INFO - Processing file /usr/local/lib/python3.10/dist-packages/airflow/example_dags/example_task_group_decorator.py for tasks to queue
[2023-11-03T06:50:05.885+0000] {logging_mixin.py:149} INFO - [2023-11-03T06:50:05.884+0000] {dagbag.py:541} INFO - Filling up the DagBag from /usr/local/lib/python3.10/dist-packages/airflow/example_dags/example_task_group_decorator.py
[2023-11-03T06:50:05.925+0000] {processor.py:809} INFO - DAG(s) dict_keys(['example_task_group_decorator']) retrieved from /usr/local/lib/python3.10/dist-packages/airflow/example_dags/example_task_group_decorator.py
[2023-11-03T06:50:06.011+0000] {logging_mixin.py:149} INFO - [2023-11-03T06:50:06.011+0000] {dag.py:2726} INFO - Sync 1 DAGs
[2023-11-03T06:50:06.086+0000] {logging_mixin.py:149} INFO - [2023-11-03T06:50:06.086+0000] {dag.py:3486} INFO - Setting next_dagrun for example_task_group_decorator to 2023-11-02T06:50:06.085641+00:00, run_after=2023-11-03T06:50:06.085641+00:00
[2023-11-03T06:50:06.153+0000] {processor.py:178} INFO - Processing /usr/local/lib/python3.10/dist-packages/airflow/example_dags/example_task_group_decorator.py took 0.312 seconds
[2023-11-03T06:50:36.242+0000] {processor.py:156} INFO - Started process (PID=90259) to work on /usr/local/lib/python3.10/dist-packages/airflow/example_dags/example_task_group_decorator.py
[2023-11-03T06:50:36.284+0000] {processor.py:799} INFO - Processing file /usr/local/lib/python3.10/dist-packages/airflow/example_dags/example_task_group_decorator.py for tasks to queue
[2023-11-03T06:50:36.286+0000] {logging_mixin.py:149} INFO - [2023-11-03T06:50:36.286+0000] {dagbag.py:541} INFO - Filling up the DagBag from /usr/local/lib/python3.10/dist-packages/airflow/example_dags/example_task_group_decorator.py
[2023-11-03T06:50:36.332+0000] {processor.py:809} INFO - DAG(s) dict_keys(['example_task_group_decorator']) retrieved from /usr/local/lib/python3.10/dist-packages/airflow/example_dags/example_task_group_decorator.py
[2023-11-03T06:50:36.428+0000] {logging_mixin.py:149} INFO - [2023-11-03T06:50:36.428+0000] {dag.py:2726} INFO - Sync 1 DAGs
[2023-11-03T06:50:36.498+0000] {logging_mixin.py:149} INFO - [2023-11-03T06:50:36.498+0000] {dag.py:3486} INFO - Setting next_dagrun for example_task_group_decorator to 2023-11-02T06:50:36.497636+00:00, run_after=2023-11-03T06:50:36.497636+00:00
[2023-11-03T06:50:36.559+0000] {processor.py:178} INFO - Processing /usr/local/lib/python3.10/dist-packages/airflow/example_dags/example_task_group_decorator.py took 0.324 seconds
[2023-11-03T06:51:06.669+0000] {processor.py:156} INFO - Started process (PID=90627) to work on /usr/local/lib/python3.10/dist-packages/airflow/example_dags/example_task_group_decorator.py
[2023-11-03T06:51:06.670+0000] {processor.py:799} INFO - Processing file /usr/local/lib/python3.10/dist-packages/airflow/example_dags/example_task_group_decorator.py for tasks to queue
[2023-11-03T06:51:06.672+0000] {logging_mixin.py:149} INFO - [2023-11-03T06:51:06.672+0000] {dagbag.py:541} INFO - Filling up the DagBag from /usr/local/lib/python3.10/dist-packages/airflow/example_dags/example_task_group_decorator.py
[2023-11-03T06:51:06.725+0000] {processor.py:809} INFO - DAG(s) dict_keys(['example_task_group_decorator']) retrieved from /usr/local/lib/python3.10/dist-packages/airflow/example_dags/example_task_group_decorator.py
[2023-11-03T06:51:06.836+0000] {logging_mixin.py:149} INFO - [2023-11-03T06:51:06.836+0000] {dag.py:2726} INFO - Sync 1 DAGs
[2023-11-03T06:51:06.929+0000] {logging_mixin.py:149} INFO - [2023-11-03T06:51:06.929+0000] {dag.py:3486} INFO - Setting next_dagrun for example_task_group_decorator to 2023-11-02T06:51:06.928577+00:00, run_after=2023-11-03T06:51:06.928577+00:00
[2023-11-03T06:51:06.997+0000] {processor.py:178} INFO - Processing /usr/local/lib/python3.10/dist-packages/airflow/example_dags/example_task_group_decorator.py took 0.335 seconds
