[2023-11-03T06:49:43.999+0000] {processor.py:156} INFO - Started process (PID=89757) to work on /usr/local/lib/python3.10/dist-packages/airflow/example_dags/example_branch_datetime_operator.py
[2023-11-03T06:49:44.001+0000] {processor.py:799} INFO - Processing file /usr/local/lib/python3.10/dist-packages/airflow/example_dags/example_branch_datetime_operator.py for tasks to queue
[2023-11-03T06:49:44.003+0000] {logging_mixin.py:149} INFO - [2023-11-03T06:49:44.002+0000] {dagbag.py:541} INFO - Filling up the DagBag from /usr/local/lib/python3.10/dist-packages/airflow/example_dags/example_branch_datetime_operator.py
[2023-11-03T06:49:44.249+0000] {processor.py:809} INFO - DAG(s) dict_keys(['example_branch_datetime_operator_2', 'example_branch_datetime_operator', 'example_branch_datetime_operator_3']) retrieved from /usr/local/lib/python3.10/dist-packages/airflow/example_dags/example_branch_datetime_operator.py
[2023-11-03T06:49:44.359+0000] {logging_mixin.py:149} INFO - [2023-11-03T06:49:44.358+0000] {dag.py:2726} INFO - Sync 3 DAGs
[2023-11-03T06:49:44.434+0000] {logging_mixin.py:149} INFO - [2023-11-03T06:49:44.434+0000] {dag.py:3486} INFO - Setting next_dagrun for example_branch_datetime_operator to 2023-11-02T00:00:00+00:00, run_after=2023-11-03T00:00:00+00:00
[2023-11-03T06:49:44.449+0000] {logging_mixin.py:149} INFO - [2023-11-03T06:49:44.449+0000] {dag.py:3486} INFO - Setting next_dagrun for example_branch_datetime_operator_2 to 2023-11-02T00:00:00+00:00, run_after=2023-11-03T00:00:00+00:00
[2023-11-03T06:49:44.458+0000] {logging_mixin.py:149} INFO - [2023-11-03T06:49:44.457+0000] {dag.py:3486} INFO - Setting next_dagrun for example_branch_datetime_operator_3 to 2023-11-02T00:00:00+00:00, run_after=2023-11-03T00:00:00+00:00
[2023-11-03T06:49:44.544+0000] {processor.py:178} INFO - Processing /usr/local/lib/python3.10/dist-packages/airflow/example_dags/example_branch_datetime_operator.py took 0.552 seconds
[2023-11-03T06:50:14.877+0000] {processor.py:156} INFO - Started process (PID=90132) to work on /usr/local/lib/python3.10/dist-packages/airflow/example_dags/example_branch_datetime_operator.py
[2023-11-03T06:50:14.913+0000] {processor.py:799} INFO - Processing file /usr/local/lib/python3.10/dist-packages/airflow/example_dags/example_branch_datetime_operator.py for tasks to queue
[2023-11-03T06:50:14.915+0000] {logging_mixin.py:149} INFO - [2023-11-03T06:50:14.915+0000] {dagbag.py:541} INFO - Filling up the DagBag from /usr/local/lib/python3.10/dist-packages/airflow/example_dags/example_branch_datetime_operator.py
[2023-11-03T06:50:14.941+0000] {processor.py:809} INFO - DAG(s) dict_keys(['example_branch_datetime_operator', 'example_branch_datetime_operator_3', 'example_branch_datetime_operator_2']) retrieved from /usr/local/lib/python3.10/dist-packages/airflow/example_dags/example_branch_datetime_operator.py
[2023-11-03T06:50:15.044+0000] {logging_mixin.py:149} INFO - [2023-11-03T06:50:15.043+0000] {dag.py:2726} INFO - Sync 3 DAGs
[2023-11-03T06:50:15.121+0000] {logging_mixin.py:149} INFO - [2023-11-03T06:50:15.121+0000] {dag.py:3486} INFO - Setting next_dagrun for example_branch_datetime_operator to 2023-11-02T00:00:00+00:00, run_after=2023-11-03T00:00:00+00:00
[2023-11-03T06:50:15.137+0000] {logging_mixin.py:149} INFO - [2023-11-03T06:50:15.136+0000] {dag.py:3486} INFO - Setting next_dagrun for example_branch_datetime_operator_2 to 2023-11-02T00:00:00+00:00, run_after=2023-11-03T00:00:00+00:00
[2023-11-03T06:50:15.145+0000] {logging_mixin.py:149} INFO - [2023-11-03T06:50:15.145+0000] {dag.py:3486} INFO - Setting next_dagrun for example_branch_datetime_operator_3 to 2023-11-02T00:00:00+00:00, run_after=2023-11-03T00:00:00+00:00
[2023-11-03T06:50:15.260+0000] {processor.py:178} INFO - Processing /usr/local/lib/python3.10/dist-packages/airflow/example_dags/example_branch_datetime_operator.py took 0.391 seconds
[2023-11-03T06:50:45.521+0000] {processor.py:156} INFO - Started process (PID=90474) to work on /usr/local/lib/python3.10/dist-packages/airflow/example_dags/example_branch_datetime_operator.py
[2023-11-03T06:50:45.523+0000] {processor.py:799} INFO - Processing file /usr/local/lib/python3.10/dist-packages/airflow/example_dags/example_branch_datetime_operator.py for tasks to queue
[2023-11-03T06:50:45.525+0000] {logging_mixin.py:149} INFO - [2023-11-03T06:50:45.524+0000] {dagbag.py:541} INFO - Filling up the DagBag from /usr/local/lib/python3.10/dist-packages/airflow/example_dags/example_branch_datetime_operator.py
[2023-11-03T06:50:45.551+0000] {processor.py:809} INFO - DAG(s) dict_keys(['example_branch_datetime_operator_3', 'example_branch_datetime_operator_2', 'example_branch_datetime_operator']) retrieved from /usr/local/lib/python3.10/dist-packages/airflow/example_dags/example_branch_datetime_operator.py
[2023-11-03T06:50:45.658+0000] {logging_mixin.py:149} INFO - [2023-11-03T06:50:45.658+0000] {dag.py:2726} INFO - Sync 3 DAGs
[2023-11-03T06:50:45.735+0000] {logging_mixin.py:149} INFO - [2023-11-03T06:50:45.734+0000] {dag.py:3486} INFO - Setting next_dagrun for example_branch_datetime_operator to 2023-11-02T00:00:00+00:00, run_after=2023-11-03T00:00:00+00:00
[2023-11-03T06:50:45.750+0000] {logging_mixin.py:149} INFO - [2023-11-03T06:50:45.750+0000] {dag.py:3486} INFO - Setting next_dagrun for example_branch_datetime_operator_2 to 2023-11-02T00:00:00+00:00, run_after=2023-11-03T00:00:00+00:00
[2023-11-03T06:50:45.759+0000] {logging_mixin.py:149} INFO - [2023-11-03T06:50:45.758+0000] {dag.py:3486} INFO - Setting next_dagrun for example_branch_datetime_operator_3 to 2023-11-02T00:00:00+00:00, run_after=2023-11-03T00:00:00+00:00
[2023-11-03T06:50:45.851+0000] {processor.py:178} INFO - Processing /usr/local/lib/python3.10/dist-packages/airflow/example_dags/example_branch_datetime_operator.py took 0.336 seconds
[2023-11-03T06:51:16.470+0000] {processor.py:156} INFO - Started process (PID=90844) to work on /usr/local/lib/python3.10/dist-packages/airflow/example_dags/example_branch_datetime_operator.py
[2023-11-03T06:51:16.495+0000] {processor.py:799} INFO - Processing file /usr/local/lib/python3.10/dist-packages/airflow/example_dags/example_branch_datetime_operator.py for tasks to queue
[2023-11-03T06:51:16.497+0000] {logging_mixin.py:149} INFO - [2023-11-03T06:51:16.496+0000] {dagbag.py:541} INFO - Filling up the DagBag from /usr/local/lib/python3.10/dist-packages/airflow/example_dags/example_branch_datetime_operator.py
[2023-11-03T06:51:16.523+0000] {processor.py:809} INFO - DAG(s) dict_keys(['example_branch_datetime_operator', 'example_branch_datetime_operator_3', 'example_branch_datetime_operator_2']) retrieved from /usr/local/lib/python3.10/dist-packages/airflow/example_dags/example_branch_datetime_operator.py
[2023-11-03T06:51:16.637+0000] {logging_mixin.py:149} INFO - [2023-11-03T06:51:16.637+0000] {dag.py:2726} INFO - Sync 3 DAGs
[2023-11-03T06:51:16.732+0000] {logging_mixin.py:149} INFO - [2023-11-03T06:51:16.731+0000] {dag.py:3486} INFO - Setting next_dagrun for example_branch_datetime_operator to 2023-11-02T00:00:00+00:00, run_after=2023-11-03T00:00:00+00:00
[2023-11-03T06:51:16.749+0000] {logging_mixin.py:149} INFO - [2023-11-03T06:51:16.749+0000] {dag.py:3486} INFO - Setting next_dagrun for example_branch_datetime_operator_2 to 2023-11-02T00:00:00+00:00, run_after=2023-11-03T00:00:00+00:00
[2023-11-03T06:51:16.760+0000] {logging_mixin.py:149} INFO - [2023-11-03T06:51:16.760+0000] {dag.py:3486} INFO - Setting next_dagrun for example_branch_datetime_operator_3 to 2023-11-02T00:00:00+00:00, run_after=2023-11-03T00:00:00+00:00
[2023-11-03T06:51:16.821+0000] {processor.py:178} INFO - Processing /usr/local/lib/python3.10/dist-packages/airflow/example_dags/example_branch_datetime_operator.py took 0.359 seconds
