[2023-11-03T06:49:42.094+0000] {processor.py:156} INFO - Started process (PID=89728) to work on /usr/local/lib/python3.10/dist-packages/airflow/example_dags/example_branch_operator_decorator.py
[2023-11-03T06:49:42.096+0000] {processor.py:799} INFO - Processing file /usr/local/lib/python3.10/dist-packages/airflow/example_dags/example_branch_operator_decorator.py for tasks to queue
[2023-11-03T06:49:42.098+0000] {logging_mixin.py:149} INFO - [2023-11-03T06:49:42.097+0000] {dagbag.py:541} INFO - Filling up the DagBag from /usr/local/lib/python3.10/dist-packages/airflow/example_dags/example_branch_operator_decorator.py
[2023-11-03T06:49:42.123+0000] {processor.py:809} INFO - DAG(s) dict_keys(['example_branch_python_operator_decorator']) retrieved from /usr/local/lib/python3.10/dist-packages/airflow/example_dags/example_branch_operator_decorator.py
[2023-11-03T06:49:42.431+0000] {logging_mixin.py:149} INFO - [2023-11-03T06:49:42.431+0000] {dag.py:2726} INFO - Sync 1 DAGs
[2023-11-03T06:49:42.516+0000] {logging_mixin.py:149} INFO - [2023-11-03T06:49:42.516+0000] {dag.py:3486} INFO - Setting next_dagrun for example_branch_python_operator_decorator to 2023-11-02T00:00:00+00:00, run_after=2023-11-03T00:00:00+00:00
[2023-11-03T06:49:42.624+0000] {processor.py:178} INFO - Processing /usr/local/lib/python3.10/dist-packages/airflow/example_dags/example_branch_operator_decorator.py took 0.537 seconds
[2023-11-03T06:50:12.788+0000] {processor.py:156} INFO - Started process (PID=90096) to work on /usr/local/lib/python3.10/dist-packages/airflow/example_dags/example_branch_operator_decorator.py
[2023-11-03T06:50:12.825+0000] {processor.py:799} INFO - Processing file /usr/local/lib/python3.10/dist-packages/airflow/example_dags/example_branch_operator_decorator.py for tasks to queue
[2023-11-03T06:50:12.827+0000] {logging_mixin.py:149} INFO - [2023-11-03T06:50:12.826+0000] {dagbag.py:541} INFO - Filling up the DagBag from /usr/local/lib/python3.10/dist-packages/airflow/example_dags/example_branch_operator_decorator.py
[2023-11-03T06:50:12.855+0000] {processor.py:809} INFO - DAG(s) dict_keys(['example_branch_python_operator_decorator']) retrieved from /usr/local/lib/python3.10/dist-packages/airflow/example_dags/example_branch_operator_decorator.py
[2023-11-03T06:50:12.944+0000] {logging_mixin.py:149} INFO - [2023-11-03T06:50:12.943+0000] {dag.py:2726} INFO - Sync 1 DAGs
[2023-11-03T06:50:13.021+0000] {logging_mixin.py:149} INFO - [2023-11-03T06:50:13.020+0000] {dag.py:3486} INFO - Setting next_dagrun for example_branch_python_operator_decorator to 2023-11-02T00:00:00+00:00, run_after=2023-11-03T00:00:00+00:00
[2023-11-03T06:50:13.121+0000] {processor.py:178} INFO - Processing /usr/local/lib/python3.10/dist-packages/airflow/example_dags/example_branch_operator_decorator.py took 0.341 seconds
[2023-11-03T06:50:43.273+0000] {processor.py:156} INFO - Started process (PID=90438) to work on /usr/local/lib/python3.10/dist-packages/airflow/example_dags/example_branch_operator_decorator.py
[2023-11-03T06:50:43.310+0000] {processor.py:799} INFO - Processing file /usr/local/lib/python3.10/dist-packages/airflow/example_dags/example_branch_operator_decorator.py for tasks to queue
[2023-11-03T06:50:43.312+0000] {logging_mixin.py:149} INFO - [2023-11-03T06:50:43.311+0000] {dagbag.py:541} INFO - Filling up the DagBag from /usr/local/lib/python3.10/dist-packages/airflow/example_dags/example_branch_operator_decorator.py
[2023-11-03T06:50:43.337+0000] {processor.py:809} INFO - DAG(s) dict_keys(['example_branch_python_operator_decorator']) retrieved from /usr/local/lib/python3.10/dist-packages/airflow/example_dags/example_branch_operator_decorator.py
[2023-11-03T06:50:43.432+0000] {logging_mixin.py:149} INFO - [2023-11-03T06:50:43.431+0000] {dag.py:2726} INFO - Sync 1 DAGs
[2023-11-03T06:50:43.510+0000] {logging_mixin.py:149} INFO - [2023-11-03T06:50:43.510+0000] {dag.py:3486} INFO - Setting next_dagrun for example_branch_python_operator_decorator to 2023-11-02T00:00:00+00:00, run_after=2023-11-03T00:00:00+00:00
[2023-11-03T06:50:43.610+0000] {processor.py:178} INFO - Processing /usr/local/lib/python3.10/dist-packages/airflow/example_dags/example_branch_operator_decorator.py took 0.344 seconds
[2023-11-03T06:51:14.110+0000] {processor.py:156} INFO - Started process (PID=90808) to work on /usr/local/lib/python3.10/dist-packages/airflow/example_dags/example_branch_operator_decorator.py
[2023-11-03T06:51:14.112+0000] {processor.py:799} INFO - Processing file /usr/local/lib/python3.10/dist-packages/airflow/example_dags/example_branch_operator_decorator.py for tasks to queue
[2023-11-03T06:51:14.114+0000] {logging_mixin.py:149} INFO - [2023-11-03T06:51:14.113+0000] {dagbag.py:541} INFO - Filling up the DagBag from /usr/local/lib/python3.10/dist-packages/airflow/example_dags/example_branch_operator_decorator.py
[2023-11-03T06:51:14.138+0000] {processor.py:809} INFO - DAG(s) dict_keys(['example_branch_python_operator_decorator']) retrieved from /usr/local/lib/python3.10/dist-packages/airflow/example_dags/example_branch_operator_decorator.py
[2023-11-03T06:51:14.229+0000] {logging_mixin.py:149} INFO - [2023-11-03T06:51:14.228+0000] {dag.py:2726} INFO - Sync 1 DAGs
[2023-11-03T06:51:14.313+0000] {logging_mixin.py:149} INFO - [2023-11-03T06:51:14.312+0000] {dag.py:3486} INFO - Setting next_dagrun for example_branch_python_operator_decorator to 2023-11-02T00:00:00+00:00, run_after=2023-11-03T00:00:00+00:00
[2023-11-03T06:51:14.414+0000] {processor.py:178} INFO - Processing /usr/local/lib/python3.10/dist-packages/airflow/example_dags/example_branch_operator_decorator.py took 0.310 seconds
