[2023-11-03T06:49:44.605+0000] {processor.py:156} INFO - Started process (PID=89772) to work on /usr/local/lib/python3.10/dist-packages/airflow/example_dags/example_branch_operator.py
[2023-11-03T06:49:44.607+0000] {processor.py:799} INFO - Processing file /usr/local/lib/python3.10/dist-packages/airflow/example_dags/example_branch_operator.py for tasks to queue
[2023-11-03T06:49:44.609+0000] {logging_mixin.py:149} INFO - [2023-11-03T06:49:44.608+0000] {dagbag.py:541} INFO - Filling up the DagBag from /usr/local/lib/python3.10/dist-packages/airflow/example_dags/example_branch_operator.py
[2023-11-03T06:49:44.846+0000] {processor.py:809} INFO - DAG(s) dict_keys(['example_branch_operator']) retrieved from /usr/local/lib/python3.10/dist-packages/airflow/example_dags/example_branch_operator.py
[2023-11-03T06:49:44.919+0000] {logging_mixin.py:149} INFO - [2023-11-03T06:49:44.919+0000] {dag.py:2726} INFO - Sync 1 DAGs
[2023-11-03T06:49:44.993+0000] {logging_mixin.py:149} INFO - [2023-11-03T06:49:44.992+0000] {dag.py:3486} INFO - Setting next_dagrun for example_branch_operator to 2023-11-02T00:00:00+00:00, run_after=2023-11-03T00:00:00+00:00
[2023-11-03T06:49:45.088+0000] {processor.py:178} INFO - Processing /usr/local/lib/python3.10/dist-packages/airflow/example_dags/example_branch_operator.py took 0.489 seconds
[2023-11-03T06:50:15.331+0000] {processor.py:156} INFO - Started process (PID=90141) to work on /usr/local/lib/python3.10/dist-packages/airflow/example_dags/example_branch_operator.py
[2023-11-03T06:50:15.356+0000] {processor.py:799} INFO - Processing file /usr/local/lib/python3.10/dist-packages/airflow/example_dags/example_branch_operator.py for tasks to queue
[2023-11-03T06:50:15.358+0000] {logging_mixin.py:149} INFO - [2023-11-03T06:50:15.357+0000] {dagbag.py:541} INFO - Filling up the DagBag from /usr/local/lib/python3.10/dist-packages/airflow/example_dags/example_branch_operator.py
[2023-11-03T06:50:15.379+0000] {processor.py:809} INFO - DAG(s) dict_keys(['example_branch_operator']) retrieved from /usr/local/lib/python3.10/dist-packages/airflow/example_dags/example_branch_operator.py
[2023-11-03T06:50:15.463+0000] {logging_mixin.py:149} INFO - [2023-11-03T06:50:15.462+0000] {dag.py:2726} INFO - Sync 1 DAGs
[2023-11-03T06:50:15.539+0000] {logging_mixin.py:149} INFO - [2023-11-03T06:50:15.538+0000] {dag.py:3486} INFO - Setting next_dagrun for example_branch_operator to 2023-11-02T00:00:00+00:00, run_after=2023-11-03T00:00:00+00:00
[2023-11-03T06:50:15.625+0000] {processor.py:178} INFO - Processing /usr/local/lib/python3.10/dist-packages/airflow/example_dags/example_branch_operator.py took 0.301 seconds
[2023-11-03T06:50:45.925+0000] {processor.py:156} INFO - Started process (PID=90483) to work on /usr/local/lib/python3.10/dist-packages/airflow/example_dags/example_branch_operator.py
[2023-11-03T06:50:45.927+0000] {processor.py:799} INFO - Processing file /usr/local/lib/python3.10/dist-packages/airflow/example_dags/example_branch_operator.py for tasks to queue
[2023-11-03T06:50:45.929+0000] {logging_mixin.py:149} INFO - [2023-11-03T06:50:45.928+0000] {dagbag.py:541} INFO - Filling up the DagBag from /usr/local/lib/python3.10/dist-packages/airflow/example_dags/example_branch_operator.py
[2023-11-03T06:50:45.951+0000] {processor.py:809} INFO - DAG(s) dict_keys(['example_branch_operator']) retrieved from /usr/local/lib/python3.10/dist-packages/airflow/example_dags/example_branch_operator.py
[2023-11-03T06:50:46.048+0000] {logging_mixin.py:149} INFO - [2023-11-03T06:50:46.047+0000] {dag.py:2726} INFO - Sync 1 DAGs
[2023-11-03T06:50:46.129+0000] {logging_mixin.py:149} INFO - [2023-11-03T06:50:46.129+0000] {dag.py:3486} INFO - Setting next_dagrun for example_branch_operator to 2023-11-02T00:00:00+00:00, run_after=2023-11-03T00:00:00+00:00
[2023-11-03T06:50:46.190+0000] {processor.py:178} INFO - Processing /usr/local/lib/python3.10/dist-packages/airflow/example_dags/example_branch_operator.py took 0.272 seconds
[2023-11-03T06:51:16.884+0000] {processor.py:156} INFO - Started process (PID=90856) to work on /usr/local/lib/python3.10/dist-packages/airflow/example_dags/example_branch_operator.py
[2023-11-03T06:51:16.887+0000] {processor.py:799} INFO - Processing file /usr/local/lib/python3.10/dist-packages/airflow/example_dags/example_branch_operator.py for tasks to queue
[2023-11-03T06:51:16.889+0000] {logging_mixin.py:149} INFO - [2023-11-03T06:51:16.888+0000] {dagbag.py:541} INFO - Filling up the DagBag from /usr/local/lib/python3.10/dist-packages/airflow/example_dags/example_branch_operator.py
[2023-11-03T06:51:16.913+0000] {processor.py:809} INFO - DAG(s) dict_keys(['example_branch_operator']) retrieved from /usr/local/lib/python3.10/dist-packages/airflow/example_dags/example_branch_operator.py
[2023-11-03T06:51:16.996+0000] {logging_mixin.py:149} INFO - [2023-11-03T06:51:16.996+0000] {dag.py:2726} INFO - Sync 1 DAGs
[2023-11-03T06:51:17.083+0000] {logging_mixin.py:149} INFO - [2023-11-03T06:51:17.082+0000] {dag.py:3486} INFO - Setting next_dagrun for example_branch_operator to 2023-11-02T00:00:00+00:00, run_after=2023-11-03T00:00:00+00:00
[2023-11-03T06:51:17.150+0000] {processor.py:178} INFO - Processing /usr/local/lib/python3.10/dist-packages/airflow/example_dags/example_branch_operator.py took 0.274 seconds
