[2023-11-03T06:49:40.931+0000] {processor.py:156} INFO - Started process (PID=89582) to work on /usr/local/lib/python3.10/dist-packages/airflow/example_dags/example_latest_only_with_trigger.py
[2023-11-03T06:49:40.933+0000] {processor.py:799} INFO - Processing file /usr/local/lib/python3.10/dist-packages/airflow/example_dags/example_latest_only_with_trigger.py for tasks to queue
[2023-11-03T06:49:40.935+0000] {logging_mixin.py:149} INFO - [2023-11-03T06:49:40.935+0000] {dagbag.py:541} INFO - Filling up the DagBag from /usr/local/lib/python3.10/dist-packages/airflow/example_dags/example_latest_only_with_trigger.py
[2023-11-03T06:49:40.955+0000] {processor.py:809} INFO - DAG(s) dict_keys(['latest_only_with_trigger']) retrieved from /usr/local/lib/python3.10/dist-packages/airflow/example_dags/example_latest_only_with_trigger.py
[2023-11-03T06:49:41.250+0000] {logging_mixin.py:149} INFO - [2023-11-03T06:49:41.249+0000] {dag.py:2726} INFO - Sync 1 DAGs
[2023-11-03T06:49:41.332+0000] {logging_mixin.py:149} INFO - [2023-11-03T06:49:41.332+0000] {dag.py:3486} INFO - Setting next_dagrun for latest_only_with_trigger to 2023-11-03T02:49:41.331731+00:00, run_after=2023-11-03T06:49:41.331731+00:00
[2023-11-03T06:49:41.445+0000] {processor.py:178} INFO - Processing /usr/local/lib/python3.10/dist-packages/airflow/example_dags/example_latest_only_with_trigger.py took 0.523 seconds
[2023-11-03T06:50:11.632+0000] {processor.py:156} INFO - Started process (PID=90078) to work on /usr/local/lib/python3.10/dist-packages/airflow/example_dags/example_latest_only_with_trigger.py
[2023-11-03T06:50:11.668+0000] {processor.py:799} INFO - Processing file /usr/local/lib/python3.10/dist-packages/airflow/example_dags/example_latest_only_with_trigger.py for tasks to queue
[2023-11-03T06:50:11.669+0000] {logging_mixin.py:149} INFO - [2023-11-03T06:50:11.669+0000] {dagbag.py:541} INFO - Filling up the DagBag from /usr/local/lib/python3.10/dist-packages/airflow/example_dags/example_latest_only_with_trigger.py
[2023-11-03T06:50:11.684+0000] {processor.py:809} INFO - DAG(s) dict_keys(['latest_only_with_trigger']) retrieved from /usr/local/lib/python3.10/dist-packages/airflow/example_dags/example_latest_only_with_trigger.py
[2023-11-03T06:50:11.769+0000] {logging_mixin.py:149} INFO - [2023-11-03T06:50:11.769+0000] {dag.py:2726} INFO - Sync 1 DAGs
[2023-11-03T06:50:11.846+0000] {logging_mixin.py:149} INFO - [2023-11-03T06:50:11.846+0000] {dag.py:3486} INFO - Setting next_dagrun for latest_only_with_trigger to 2023-11-03T02:50:11.845455+00:00, run_after=2023-11-03T06:50:11.845455+00:00
[2023-11-03T06:50:11.947+0000] {processor.py:178} INFO - Processing /usr/local/lib/python3.10/dist-packages/airflow/example_dags/example_latest_only_with_trigger.py took 0.322 seconds
[2023-11-03T06:50:42.627+0000] {processor.py:156} INFO - Started process (PID=90418) to work on /usr/local/lib/python3.10/dist-packages/airflow/example_dags/example_latest_only_with_trigger.py
[2023-11-03T06:50:42.629+0000] {processor.py:799} INFO - Processing file /usr/local/lib/python3.10/dist-packages/airflow/example_dags/example_latest_only_with_trigger.py for tasks to queue
[2023-11-03T06:50:42.631+0000] {logging_mixin.py:149} INFO - [2023-11-03T06:50:42.630+0000] {dagbag.py:541} INFO - Filling up the DagBag from /usr/local/lib/python3.10/dist-packages/airflow/example_dags/example_latest_only_with_trigger.py
[2023-11-03T06:50:42.644+0000] {processor.py:809} INFO - DAG(s) dict_keys(['latest_only_with_trigger']) retrieved from /usr/local/lib/python3.10/dist-packages/airflow/example_dags/example_latest_only_with_trigger.py
[2023-11-03T06:50:42.725+0000] {logging_mixin.py:149} INFO - [2023-11-03T06:50:42.724+0000] {dag.py:2726} INFO - Sync 1 DAGs
[2023-11-03T06:50:42.796+0000] {logging_mixin.py:149} INFO - [2023-11-03T06:50:42.795+0000] {dag.py:3486} INFO - Setting next_dagrun for latest_only_with_trigger to 2023-11-03T02:50:42.794976+00:00, run_after=2023-11-03T06:50:42.794976+00:00
[2023-11-03T06:50:42.857+0000] {processor.py:178} INFO - Processing /usr/local/lib/python3.10/dist-packages/airflow/example_dags/example_latest_only_with_trigger.py took 0.237 seconds
[2023-11-03T06:51:13.458+0000] {processor.py:156} INFO - Started process (PID=90787) to work on /usr/local/lib/python3.10/dist-packages/airflow/example_dags/example_latest_only_with_trigger.py
[2023-11-03T06:51:13.460+0000] {processor.py:799} INFO - Processing file /usr/local/lib/python3.10/dist-packages/airflow/example_dags/example_latest_only_with_trigger.py for tasks to queue
[2023-11-03T06:51:13.462+0000] {logging_mixin.py:149} INFO - [2023-11-03T06:51:13.462+0000] {dagbag.py:541} INFO - Filling up the DagBag from /usr/local/lib/python3.10/dist-packages/airflow/example_dags/example_latest_only_with_trigger.py
[2023-11-03T06:51:13.478+0000] {processor.py:809} INFO - DAG(s) dict_keys(['latest_only_with_trigger']) retrieved from /usr/local/lib/python3.10/dist-packages/airflow/example_dags/example_latest_only_with_trigger.py
[2023-11-03T06:51:13.582+0000] {logging_mixin.py:149} INFO - [2023-11-03T06:51:13.582+0000] {dag.py:2726} INFO - Sync 1 DAGs
[2023-11-03T06:51:13.666+0000] {logging_mixin.py:149} INFO - [2023-11-03T06:51:13.665+0000] {dag.py:3486} INFO - Setting next_dagrun for latest_only_with_trigger to 2023-11-03T02:51:13.665336+00:00, run_after=2023-11-03T06:51:13.665336+00:00
[2023-11-03T06:51:13.776+0000] {processor.py:178} INFO - Processing /usr/local/lib/python3.10/dist-packages/airflow/example_dags/example_latest_only_with_trigger.py took 0.330 seconds
