[2023-11-03T06:49:43.867+0000] {processor.py:156} INFO - Started process (PID=89752) to work on /usr/local/lib/python3.10/dist-packages/airflow/example_dags/example_branch_day_of_week_operator.py
[2023-11-03T06:49:43.869+0000] {processor.py:799} INFO - Processing file /usr/local/lib/python3.10/dist-packages/airflow/example_dags/example_branch_day_of_week_operator.py for tasks to queue
[2023-11-03T06:49:43.871+0000] {logging_mixin.py:149} INFO - [2023-11-03T06:49:43.870+0000] {dagbag.py:541} INFO - Filling up the DagBag from /usr/local/lib/python3.10/dist-packages/airflow/example_dags/example_branch_day_of_week_operator.py
[2023-11-03T06:49:43.888+0000] {processor.py:809} INFO - DAG(s) dict_keys(['example_weekday_branch_operator']) retrieved from /usr/local/lib/python3.10/dist-packages/airflow/example_dags/example_branch_day_of_week_operator.py
[2023-11-03T06:49:44.199+0000] {logging_mixin.py:149} INFO - [2023-11-03T06:49:44.198+0000] {dag.py:2726} INFO - Sync 1 DAGs
[2023-11-03T06:49:44.286+0000] {logging_mixin.py:149} INFO - [2023-11-03T06:49:44.286+0000] {dag.py:3486} INFO - Setting next_dagrun for example_weekday_branch_operator to 2023-11-02T00:00:00+00:00, run_after=2023-11-03T00:00:00+00:00
[2023-11-03T06:49:44.382+0000] {processor.py:178} INFO - Processing /usr/local/lib/python3.10/dist-packages/airflow/example_dags/example_branch_day_of_week_operator.py took 0.521 seconds
[2023-11-03T06:50:14.484+0000] {processor.py:156} INFO - Started process (PID=90126) to work on /usr/local/lib/python3.10/dist-packages/airflow/example_dags/example_branch_day_of_week_operator.py
[2023-11-03T06:50:14.519+0000] {processor.py:799} INFO - Processing file /usr/local/lib/python3.10/dist-packages/airflow/example_dags/example_branch_day_of_week_operator.py for tasks to queue
[2023-11-03T06:50:14.522+0000] {logging_mixin.py:149} INFO - [2023-11-03T06:50:14.521+0000] {dagbag.py:541} INFO - Filling up the DagBag from /usr/local/lib/python3.10/dist-packages/airflow/example_dags/example_branch_day_of_week_operator.py
[2023-11-03T06:50:14.541+0000] {processor.py:809} INFO - DAG(s) dict_keys(['example_weekday_branch_operator']) retrieved from /usr/local/lib/python3.10/dist-packages/airflow/example_dags/example_branch_day_of_week_operator.py
[2023-11-03T06:50:14.630+0000] {logging_mixin.py:149} INFO - [2023-11-03T06:50:14.630+0000] {dag.py:2726} INFO - Sync 1 DAGs
[2023-11-03T06:50:14.710+0000] {logging_mixin.py:149} INFO - [2023-11-03T06:50:14.709+0000] {dag.py:3486} INFO - Setting next_dagrun for example_weekday_branch_operator to 2023-11-02T00:00:00+00:00, run_after=2023-11-03T00:00:00+00:00
[2023-11-03T06:50:14.815+0000] {processor.py:178} INFO - Processing /usr/local/lib/python3.10/dist-packages/airflow/example_dags/example_branch_day_of_week_operator.py took 0.338 seconds
[2023-11-03T06:50:45.158+0000] {processor.py:156} INFO - Started process (PID=90465) to work on /usr/local/lib/python3.10/dist-packages/airflow/example_dags/example_branch_day_of_week_operator.py
[2023-11-03T06:50:45.179+0000] {processor.py:799} INFO - Processing file /usr/local/lib/python3.10/dist-packages/airflow/example_dags/example_branch_day_of_week_operator.py for tasks to queue
[2023-11-03T06:50:45.181+0000] {logging_mixin.py:149} INFO - [2023-11-03T06:50:45.181+0000] {dagbag.py:541} INFO - Filling up the DagBag from /usr/local/lib/python3.10/dist-packages/airflow/example_dags/example_branch_day_of_week_operator.py
[2023-11-03T06:50:45.200+0000] {processor.py:809} INFO - DAG(s) dict_keys(['example_weekday_branch_operator']) retrieved from /usr/local/lib/python3.10/dist-packages/airflow/example_dags/example_branch_day_of_week_operator.py
[2023-11-03T06:50:45.284+0000] {logging_mixin.py:149} INFO - [2023-11-03T06:50:45.284+0000] {dag.py:2726} INFO - Sync 1 DAGs
[2023-11-03T06:50:45.362+0000] {logging_mixin.py:149} INFO - [2023-11-03T06:50:45.362+0000] {dag.py:3486} INFO - Setting next_dagrun for example_weekday_branch_operator to 2023-11-02T00:00:00+00:00, run_after=2023-11-03T00:00:00+00:00
[2023-11-03T06:50:45.466+0000] {processor.py:178} INFO - Processing /usr/local/lib/python3.10/dist-packages/airflow/example_dags/example_branch_day_of_week_operator.py took 0.315 seconds
[2023-11-03T06:51:16.124+0000] {processor.py:156} INFO - Started process (PID=90837) to work on /usr/local/lib/python3.10/dist-packages/airflow/example_dags/example_branch_day_of_week_operator.py
[2023-11-03T06:51:16.143+0000] {processor.py:799} INFO - Processing file /usr/local/lib/python3.10/dist-packages/airflow/example_dags/example_branch_day_of_week_operator.py for tasks to queue
[2023-11-03T06:51:16.145+0000] {logging_mixin.py:149} INFO - [2023-11-03T06:51:16.144+0000] {dagbag.py:541} INFO - Filling up the DagBag from /usr/local/lib/python3.10/dist-packages/airflow/example_dags/example_branch_day_of_week_operator.py
[2023-11-03T06:51:16.165+0000] {processor.py:809} INFO - DAG(s) dict_keys(['example_weekday_branch_operator']) retrieved from /usr/local/lib/python3.10/dist-packages/airflow/example_dags/example_branch_day_of_week_operator.py
[2023-11-03T06:51:16.261+0000] {logging_mixin.py:149} INFO - [2023-11-03T06:51:16.261+0000] {dag.py:2726} INFO - Sync 1 DAGs
[2023-11-03T06:51:16.345+0000] {logging_mixin.py:149} INFO - [2023-11-03T06:51:16.344+0000] {dag.py:3486} INFO - Setting next_dagrun for example_weekday_branch_operator to 2023-11-02T00:00:00+00:00, run_after=2023-11-03T00:00:00+00:00
[2023-11-03T06:51:16.410+0000] {processor.py:178} INFO - Processing /usr/local/lib/python3.10/dist-packages/airflow/example_dags/example_branch_day_of_week_operator.py took 0.297 seconds
