[2023-11-03T06:49:40.658+0000] {processor.py:156} INFO - Started process (PID=89566) to work on /usr/local/lib/python3.10/dist-packages/airflow/example_dags/example_nested_branch_dag.py
[2023-11-03T06:49:40.662+0000] {processor.py:799} INFO - Processing file /usr/local/lib/python3.10/dist-packages/airflow/example_dags/example_nested_branch_dag.py for tasks to queue
[2023-11-03T06:49:40.664+0000] {logging_mixin.py:149} INFO - [2023-11-03T06:49:40.664+0000] {dagbag.py:541} INFO - Filling up the DagBag from /usr/local/lib/python3.10/dist-packages/airflow/example_dags/example_nested_branch_dag.py
[2023-11-03T06:49:40.688+0000] {processor.py:809} INFO - DAG(s) dict_keys(['example_nested_branch_dag']) retrieved from /usr/local/lib/python3.10/dist-packages/airflow/example_dags/example_nested_branch_dag.py
[2023-11-03T06:49:40.995+0000] {logging_mixin.py:149} INFO - [2023-11-03T06:49:40.994+0000] {dag.py:2726} INFO - Sync 1 DAGs
[2023-11-03T06:49:41.077+0000] {logging_mixin.py:149} INFO - [2023-11-03T06:49:41.077+0000] {dag.py:3486} INFO - Setting next_dagrun for example_nested_branch_dag to 2023-11-02T00:00:00+00:00, run_after=2023-11-03T00:00:00+00:00
[2023-11-03T06:49:41.195+0000] {processor.py:178} INFO - Processing /usr/local/lib/python3.10/dist-packages/airflow/example_dags/example_nested_branch_dag.py took 0.545 seconds
[2023-11-03T06:50:11.282+0000] {processor.py:156} INFO - Started process (PID=90072) to work on /usr/local/lib/python3.10/dist-packages/airflow/example_dags/example_nested_branch_dag.py
[2023-11-03T06:50:11.290+0000] {processor.py:799} INFO - Processing file /usr/local/lib/python3.10/dist-packages/airflow/example_dags/example_nested_branch_dag.py for tasks to queue
[2023-11-03T06:50:11.292+0000] {logging_mixin.py:149} INFO - [2023-11-03T06:50:11.292+0000] {dagbag.py:541} INFO - Filling up the DagBag from /usr/local/lib/python3.10/dist-packages/airflow/example_dags/example_nested_branch_dag.py
[2023-11-03T06:50:11.315+0000] {processor.py:809} INFO - DAG(s) dict_keys(['example_nested_branch_dag']) retrieved from /usr/local/lib/python3.10/dist-packages/airflow/example_dags/example_nested_branch_dag.py
[2023-11-03T06:50:11.395+0000] {logging_mixin.py:149} INFO - [2023-11-03T06:50:11.394+0000] {dag.py:2726} INFO - Sync 1 DAGs
[2023-11-03T06:50:11.471+0000] {logging_mixin.py:149} INFO - [2023-11-03T06:50:11.471+0000] {dag.py:3486} INFO - Setting next_dagrun for example_nested_branch_dag to 2023-11-02T00:00:00+00:00, run_after=2023-11-03T00:00:00+00:00
[2023-11-03T06:50:11.573+0000] {processor.py:178} INFO - Processing /usr/local/lib/python3.10/dist-packages/airflow/example_dags/example_nested_branch_dag.py took 0.299 seconds
[2023-11-03T06:50:42.549+0000] {processor.py:156} INFO - Started process (PID=90411) to work on /usr/local/lib/python3.10/dist-packages/airflow/example_dags/example_nested_branch_dag.py
[2023-11-03T06:50:42.552+0000] {processor.py:799} INFO - Processing file /usr/local/lib/python3.10/dist-packages/airflow/example_dags/example_nested_branch_dag.py for tasks to queue
[2023-11-03T06:50:42.554+0000] {logging_mixin.py:149} INFO - [2023-11-03T06:50:42.553+0000] {dagbag.py:541} INFO - Filling up the DagBag from /usr/local/lib/python3.10/dist-packages/airflow/example_dags/example_nested_branch_dag.py
[2023-11-03T06:50:42.578+0000] {processor.py:809} INFO - DAG(s) dict_keys(['example_nested_branch_dag']) retrieved from /usr/local/lib/python3.10/dist-packages/airflow/example_dags/example_nested_branch_dag.py
[2023-11-03T06:50:42.658+0000] {logging_mixin.py:149} INFO - [2023-11-03T06:50:42.657+0000] {dag.py:2726} INFO - Sync 1 DAGs
[2023-11-03T06:50:42.738+0000] {logging_mixin.py:149} INFO - [2023-11-03T06:50:42.737+0000] {dag.py:3486} INFO - Setting next_dagrun for example_nested_branch_dag to 2023-11-02T00:00:00+00:00, run_after=2023-11-03T00:00:00+00:00
[2023-11-03T06:50:42.833+0000] {processor.py:178} INFO - Processing /usr/local/lib/python3.10/dist-packages/airflow/example_dags/example_nested_branch_dag.py took 0.292 seconds
[2023-11-03T06:51:13.339+0000] {processor.py:156} INFO - Started process (PID=90781) to work on /usr/local/lib/python3.10/dist-packages/airflow/example_dags/example_nested_branch_dag.py
[2023-11-03T06:51:13.341+0000] {processor.py:799} INFO - Processing file /usr/local/lib/python3.10/dist-packages/airflow/example_dags/example_nested_branch_dag.py for tasks to queue
[2023-11-03T06:51:13.343+0000] {logging_mixin.py:149} INFO - [2023-11-03T06:51:13.342+0000] {dagbag.py:541} INFO - Filling up the DagBag from /usr/local/lib/python3.10/dist-packages/airflow/example_dags/example_nested_branch_dag.py
[2023-11-03T06:51:13.379+0000] {processor.py:809} INFO - DAG(s) dict_keys(['example_nested_branch_dag']) retrieved from /usr/local/lib/python3.10/dist-packages/airflow/example_dags/example_nested_branch_dag.py
[2023-11-03T06:51:13.476+0000] {logging_mixin.py:149} INFO - [2023-11-03T06:51:13.475+0000] {dag.py:2726} INFO - Sync 1 DAGs
[2023-11-03T06:51:13.562+0000] {logging_mixin.py:149} INFO - [2023-11-03T06:51:13.561+0000] {dag.py:3486} INFO - Setting next_dagrun for example_nested_branch_dag to 2023-11-02T00:00:00+00:00, run_after=2023-11-03T00:00:00+00:00
[2023-11-03T06:51:13.642+0000] {processor.py:178} INFO - Processing /usr/local/lib/python3.10/dist-packages/airflow/example_dags/example_nested_branch_dag.py took 0.310 seconds
