[2023-11-03T06:49:40.692+0000] {processor.py:156} INFO - Started process (PID=89569) to work on /usr/local/lib/python3.10/dist-packages/airflow/example_dags/example_local_kubernetes_executor.py
[2023-11-03T06:49:40.694+0000] {processor.py:799} INFO - Processing file /usr/local/lib/python3.10/dist-packages/airflow/example_dags/example_local_kubernetes_executor.py for tasks to queue
[2023-11-03T06:49:40.696+0000] {logging_mixin.py:149} INFO - [2023-11-03T06:49:40.695+0000] {dagbag.py:541} INFO - Filling up the DagBag from /usr/local/lib/python3.10/dist-packages/airflow/example_dags/example_local_kubernetes_executor.py
[2023-11-03T06:49:40.702+0000] {logging_mixin.py:149} INFO - [2023-11-03T06:49:40.701+0000] {example_local_kubernetes_executor.py:39} WARNING - Could not import DAGs in example_local_kubernetes_executor.py
Traceback (most recent call last):
  File "/usr/local/lib/python3.10/dist-packages/airflow/example_dags/example_local_kubernetes_executor.py", line 37, in <module>
    from kubernetes.client import models as k8s
ModuleNotFoundError: No module named 'kubernetes'
[2023-11-03T06:49:40.703+0000] {logging_mixin.py:149} INFO - [2023-11-03T06:49:40.703+0000] {example_local_kubernetes_executor.py:40} WARNING - Install Kubernetes dependencies with: pip install apache-airflow[cncf.kubernetes]
[2023-11-03T06:49:40.704+0000] {processor.py:811} WARNING - No viable dags retrieved from /usr/local/lib/python3.10/dist-packages/airflow/example_dags/example_local_kubernetes_executor.py
[2023-11-03T06:49:40.752+0000] {processor.py:178} INFO - Processing /usr/local/lib/python3.10/dist-packages/airflow/example_dags/example_local_kubernetes_executor.py took 0.067 seconds
[2023-11-03T06:50:11.129+0000] {processor.py:156} INFO - Started process (PID=90060) to work on /usr/local/lib/python3.10/dist-packages/airflow/example_dags/example_local_kubernetes_executor.py
[2023-11-03T06:50:11.169+0000] {processor.py:799} INFO - Processing file /usr/local/lib/python3.10/dist-packages/airflow/example_dags/example_local_kubernetes_executor.py for tasks to queue
[2023-11-03T06:50:11.171+0000] {logging_mixin.py:149} INFO - [2023-11-03T06:50:11.170+0000] {dagbag.py:541} INFO - Filling up the DagBag from /usr/local/lib/python3.10/dist-packages/airflow/example_dags/example_local_kubernetes_executor.py
[2023-11-03T06:50:11.177+0000] {logging_mixin.py:149} INFO - [2023-11-03T06:50:11.175+0000] {example_local_kubernetes_executor.py:39} WARNING - Could not import DAGs in example_local_kubernetes_executor.py
Traceback (most recent call last):
  File "/usr/local/lib/python3.10/dist-packages/airflow/example_dags/example_local_kubernetes_executor.py", line 37, in <module>
    from kubernetes.client import models as k8s
ModuleNotFoundError: No module named 'kubernetes'
[2023-11-03T06:50:11.177+0000] {logging_mixin.py:149} INFO - [2023-11-03T06:50:11.177+0000] {example_local_kubernetes_executor.py:40} WARNING - Install Kubernetes dependencies with: pip install apache-airflow[cncf.kubernetes]
[2023-11-03T06:50:11.178+0000] {processor.py:811} WARNING - No viable dags retrieved from /usr/local/lib/python3.10/dist-packages/airflow/example_dags/example_local_kubernetes_executor.py
[2023-11-03T06:50:11.223+0000] {processor.py:178} INFO - Processing /usr/local/lib/python3.10/dist-packages/airflow/example_dags/example_local_kubernetes_executor.py took 0.100 seconds
[2023-11-03T06:50:42.362+0000] {processor.py:156} INFO - Started process (PID=90400) to work on /usr/local/lib/python3.10/dist-packages/airflow/example_dags/example_local_kubernetes_executor.py
[2023-11-03T06:50:42.399+0000] {processor.py:799} INFO - Processing file /usr/local/lib/python3.10/dist-packages/airflow/example_dags/example_local_kubernetes_executor.py for tasks to queue
[2023-11-03T06:50:42.401+0000] {logging_mixin.py:149} INFO - [2023-11-03T06:50:42.401+0000] {dagbag.py:541} INFO - Filling up the DagBag from /usr/local/lib/python3.10/dist-packages/airflow/example_dags/example_local_kubernetes_executor.py
[2023-11-03T06:50:42.408+0000] {logging_mixin.py:149} INFO - [2023-11-03T06:50:42.406+0000] {example_local_kubernetes_executor.py:39} WARNING - Could not import DAGs in example_local_kubernetes_executor.py
Traceback (most recent call last):
  File "/usr/local/lib/python3.10/dist-packages/airflow/example_dags/example_local_kubernetes_executor.py", line 37, in <module>
    from kubernetes.client import models as k8s
ModuleNotFoundError: No module named 'kubernetes'
[2023-11-03T06:50:42.408+0000] {logging_mixin.py:149} INFO - [2023-11-03T06:50:42.408+0000] {example_local_kubernetes_executor.py:40} WARNING - Install Kubernetes dependencies with: pip install apache-airflow[cncf.kubernetes]
[2023-11-03T06:50:42.409+0000] {processor.py:811} WARNING - No viable dags retrieved from /usr/local/lib/python3.10/dist-packages/airflow/example_dags/example_local_kubernetes_executor.py
[2023-11-03T06:50:42.456+0000] {processor.py:178} INFO - Processing /usr/local/lib/python3.10/dist-packages/airflow/example_dags/example_local_kubernetes_executor.py took 0.101 seconds
[2023-11-03T06:51:13.074+0000] {processor.py:156} INFO - Started process (PID=90768) to work on /usr/local/lib/python3.10/dist-packages/airflow/example_dags/example_local_kubernetes_executor.py
[2023-11-03T06:51:13.076+0000] {processor.py:799} INFO - Processing file /usr/local/lib/python3.10/dist-packages/airflow/example_dags/example_local_kubernetes_executor.py for tasks to queue
[2023-11-03T06:51:13.078+0000] {logging_mixin.py:149} INFO - [2023-11-03T06:51:13.077+0000] {dagbag.py:541} INFO - Filling up the DagBag from /usr/local/lib/python3.10/dist-packages/airflow/example_dags/example_local_kubernetes_executor.py
[2023-11-03T06:51:13.085+0000] {logging_mixin.py:149} INFO - [2023-11-03T06:51:13.084+0000] {example_local_kubernetes_executor.py:39} WARNING - Could not import DAGs in example_local_kubernetes_executor.py
Traceback (most recent call last):
  File "/usr/local/lib/python3.10/dist-packages/airflow/example_dags/example_local_kubernetes_executor.py", line 37, in <module>
    from kubernetes.client import models as k8s
ModuleNotFoundError: No module named 'kubernetes'
[2023-11-03T06:51:13.086+0000] {logging_mixin.py:149} INFO - [2023-11-03T06:51:13.086+0000] {example_local_kubernetes_executor.py:40} WARNING - Install Kubernetes dependencies with: pip install apache-airflow[cncf.kubernetes]
[2023-11-03T06:51:13.087+0000] {processor.py:811} WARNING - No viable dags retrieved from /usr/local/lib/python3.10/dist-packages/airflow/example_dags/example_local_kubernetes_executor.py
[2023-11-03T06:51:13.136+0000] {processor.py:178} INFO - Processing /usr/local/lib/python3.10/dist-packages/airflow/example_dags/example_local_kubernetes_executor.py took 0.070 seconds
