[2023-11-03T06:49:35.707+0000] {processor.py:156} INFO - Started process (PID=89438) to work on /usr/local/lib/python3.10/dist-packages/airflow/example_dags/example_trigger_target_dag.py
[2023-11-03T06:49:35.708+0000] {processor.py:799} INFO - Processing file /usr/local/lib/python3.10/dist-packages/airflow/example_dags/example_trigger_target_dag.py for tasks to queue
[2023-11-03T06:49:35.710+0000] {logging_mixin.py:149} INFO - [2023-11-03T06:49:35.710+0000] {dagbag.py:541} INFO - Filling up the DagBag from /usr/local/lib/python3.10/dist-packages/airflow/example_dags/example_trigger_target_dag.py
[2023-11-03T06:49:35.727+0000] {processor.py:809} INFO - DAG(s) dict_keys(['example_trigger_target_dag']) retrieved from /usr/local/lib/python3.10/dist-packages/airflow/example_dags/example_trigger_target_dag.py
[2023-11-03T06:49:35.808+0000] {logging_mixin.py:149} INFO - [2023-11-03T06:49:35.808+0000] {dag.py:2726} INFO - Sync 1 DAGs
[2023-11-03T06:49:36.090+0000] {logging_mixin.py:149} INFO - [2023-11-03T06:49:36.090+0000] {dag.py:3486} INFO - Setting next_dagrun for example_trigger_target_dag to None, run_after=None
[2023-11-03T06:49:36.154+0000] {processor.py:178} INFO - Processing /usr/local/lib/python3.10/dist-packages/airflow/example_dags/example_trigger_target_dag.py took 0.454 seconds
[2023-11-03T06:50:06.572+0000] {processor.py:156} INFO - Started process (PID=89937) to work on /usr/local/lib/python3.10/dist-packages/airflow/example_dags/example_trigger_target_dag.py
[2023-11-03T06:50:06.609+0000] {processor.py:799} INFO - Processing file /usr/local/lib/python3.10/dist-packages/airflow/example_dags/example_trigger_target_dag.py for tasks to queue
[2023-11-03T06:50:06.611+0000] {logging_mixin.py:149} INFO - [2023-11-03T06:50:06.610+0000] {dagbag.py:541} INFO - Filling up the DagBag from /usr/local/lib/python3.10/dist-packages/airflow/example_dags/example_trigger_target_dag.py
[2023-11-03T06:50:06.624+0000] {processor.py:809} INFO - DAG(s) dict_keys(['example_trigger_target_dag']) retrieved from /usr/local/lib/python3.10/dist-packages/airflow/example_dags/example_trigger_target_dag.py
[2023-11-03T06:50:06.708+0000] {logging_mixin.py:149} INFO - [2023-11-03T06:50:06.708+0000] {dag.py:2726} INFO - Sync 1 DAGs
[2023-11-03T06:50:06.787+0000] {logging_mixin.py:149} INFO - [2023-11-03T06:50:06.786+0000] {dag.py:3486} INFO - Setting next_dagrun for example_trigger_target_dag to None, run_after=None
[2023-11-03T06:50:06.893+0000] {processor.py:178} INFO - Processing /usr/local/lib/python3.10/dist-packages/airflow/example_dags/example_trigger_target_dag.py took 0.328 seconds
[2023-11-03T06:50:37.639+0000] {processor.py:156} INFO - Started process (PID=90280) to work on /usr/local/lib/python3.10/dist-packages/airflow/example_dags/example_trigger_target_dag.py
[2023-11-03T06:50:37.678+0000] {processor.py:799} INFO - Processing file /usr/local/lib/python3.10/dist-packages/airflow/example_dags/example_trigger_target_dag.py for tasks to queue
[2023-11-03T06:50:37.680+0000] {logging_mixin.py:149} INFO - [2023-11-03T06:50:37.680+0000] {dagbag.py:541} INFO - Filling up the DagBag from /usr/local/lib/python3.10/dist-packages/airflow/example_dags/example_trigger_target_dag.py
[2023-11-03T06:50:37.694+0000] {processor.py:809} INFO - DAG(s) dict_keys(['example_trigger_target_dag']) retrieved from /usr/local/lib/python3.10/dist-packages/airflow/example_dags/example_trigger_target_dag.py
[2023-11-03T06:50:37.775+0000] {logging_mixin.py:149} INFO - [2023-11-03T06:50:37.775+0000] {dag.py:2726} INFO - Sync 1 DAGs
[2023-11-03T06:50:37.850+0000] {logging_mixin.py:149} INFO - [2023-11-03T06:50:37.849+0000] {dag.py:3486} INFO - Setting next_dagrun for example_trigger_target_dag to None, run_after=None
[2023-11-03T06:50:37.951+0000] {processor.py:178} INFO - Processing /usr/local/lib/python3.10/dist-packages/airflow/example_dags/example_trigger_target_dag.py took 0.320 seconds
[2023-11-03T06:51:08.122+0000] {processor.py:156} INFO - Started process (PID=90647) to work on /usr/local/lib/python3.10/dist-packages/airflow/example_dags/example_trigger_target_dag.py
[2023-11-03T06:51:08.124+0000] {processor.py:799} INFO - Processing file /usr/local/lib/python3.10/dist-packages/airflow/example_dags/example_trigger_target_dag.py for tasks to queue
[2023-11-03T06:51:08.126+0000] {logging_mixin.py:149} INFO - [2023-11-03T06:51:08.125+0000] {dagbag.py:541} INFO - Filling up the DagBag from /usr/local/lib/python3.10/dist-packages/airflow/example_dags/example_trigger_target_dag.py
[2023-11-03T06:51:08.140+0000] {processor.py:809} INFO - DAG(s) dict_keys(['example_trigger_target_dag']) retrieved from /usr/local/lib/python3.10/dist-packages/airflow/example_dags/example_trigger_target_dag.py
[2023-11-03T06:51:08.220+0000] {logging_mixin.py:149} INFO - [2023-11-03T06:51:08.220+0000] {dag.py:2726} INFO - Sync 1 DAGs
[2023-11-03T06:51:08.299+0000] {logging_mixin.py:149} INFO - [2023-11-03T06:51:08.299+0000] {dag.py:3486} INFO - Setting next_dagrun for example_trigger_target_dag to None, run_after=None
[2023-11-03T06:51:08.409+0000] {processor.py:178} INFO - Processing /usr/local/lib/python3.10/dist-packages/airflow/example_dags/example_trigger_target_dag.py took 0.295 seconds
