[2023-11-03T06:49:41.267+0000] {processor.py:156} INFO - Started process (PID=89604) to work on /usr/local/lib/python3.10/dist-packages/airflow/example_dags/example_branch_python_dop_operator_3.py
[2023-11-03T06:49:41.268+0000] {processor.py:799} INFO - Processing file /usr/local/lib/python3.10/dist-packages/airflow/example_dags/example_branch_python_dop_operator_3.py for tasks to queue
[2023-11-03T06:49:41.270+0000] {logging_mixin.py:149} INFO - [2023-11-03T06:49:41.270+0000] {dagbag.py:541} INFO - Filling up the DagBag from /usr/local/lib/python3.10/dist-packages/airflow/example_dags/example_branch_python_dop_operator_3.py
[2023-11-03T06:49:41.292+0000] {processor.py:809} INFO - DAG(s) dict_keys(['example_branch_dop_operator_v3']) retrieved from /usr/local/lib/python3.10/dist-packages/airflow/example_dags/example_branch_python_dop_operator_3.py
[2023-11-03T06:49:41.595+0000] {logging_mixin.py:149} INFO - [2023-11-03T06:49:41.595+0000] {dag.py:2726} INFO - Sync 1 DAGs
[2023-11-03T06:49:41.717+0000] {logging_mixin.py:149} INFO - [2023-11-03T06:49:41.716+0000] {dag.py:3486} INFO - Setting next_dagrun for example_branch_dop_operator_v3 to 2023-11-03T06:48:00+00:00, run_after=2023-11-03T06:49:00+00:00
[2023-11-03T06:49:41.824+0000] {processor.py:178} INFO - Processing /usr/local/lib/python3.10/dist-packages/airflow/example_dags/example_branch_python_dop_operator_3.py took 0.563 seconds
[2023-11-03T06:50:12.003+0000] {processor.py:156} INFO - Started process (PID=90084) to work on /usr/local/lib/python3.10/dist-packages/airflow/example_dags/example_branch_python_dop_operator_3.py
[2023-11-03T06:50:12.044+0000] {processor.py:799} INFO - Processing file /usr/local/lib/python3.10/dist-packages/airflow/example_dags/example_branch_python_dop_operator_3.py for tasks to queue
[2023-11-03T06:50:12.046+0000] {logging_mixin.py:149} INFO - [2023-11-03T06:50:12.045+0000] {dagbag.py:541} INFO - Filling up the DagBag from /usr/local/lib/python3.10/dist-packages/airflow/example_dags/example_branch_python_dop_operator_3.py
[2023-11-03T06:50:12.068+0000] {processor.py:809} INFO - DAG(s) dict_keys(['example_branch_dop_operator_v3']) retrieved from /usr/local/lib/python3.10/dist-packages/airflow/example_dags/example_branch_python_dop_operator_3.py
[2023-11-03T06:50:12.148+0000] {logging_mixin.py:149} INFO - [2023-11-03T06:50:12.147+0000] {dag.py:2726} INFO - Sync 1 DAGs
[2023-11-03T06:50:12.240+0000] {logging_mixin.py:149} INFO - [2023-11-03T06:50:12.239+0000] {dag.py:3486} INFO - Setting next_dagrun for example_branch_dop_operator_v3 to 2023-11-03T06:49:00+00:00, run_after=2023-11-03T06:50:00+00:00
[2023-11-03T06:50:12.339+0000] {processor.py:178} INFO - Processing /usr/local/lib/python3.10/dist-packages/airflow/example_dags/example_branch_python_dop_operator_3.py took 0.342 seconds
[2023-11-03T06:50:42.889+0000] {processor.py:156} INFO - Started process (PID=90426) to work on /usr/local/lib/python3.10/dist-packages/airflow/example_dags/example_branch_python_dop_operator_3.py
[2023-11-03T06:50:42.949+0000] {processor.py:799} INFO - Processing file /usr/local/lib/python3.10/dist-packages/airflow/example_dags/example_branch_python_dop_operator_3.py for tasks to queue
[2023-11-03T06:50:42.950+0000] {logging_mixin.py:149} INFO - [2023-11-03T06:50:42.950+0000] {dagbag.py:541} INFO - Filling up the DagBag from /usr/local/lib/python3.10/dist-packages/airflow/example_dags/example_branch_python_dop_operator_3.py
[2023-11-03T06:50:42.970+0000] {processor.py:809} INFO - DAG(s) dict_keys(['example_branch_dop_operator_v3']) retrieved from /usr/local/lib/python3.10/dist-packages/airflow/example_dags/example_branch_python_dop_operator_3.py
[2023-11-03T06:50:43.048+0000] {logging_mixin.py:149} INFO - [2023-11-03T06:50:43.047+0000] {dag.py:2726} INFO - Sync 1 DAGs
[2023-11-03T06:50:43.145+0000] {logging_mixin.py:149} INFO - [2023-11-03T06:50:43.145+0000] {dag.py:3486} INFO - Setting next_dagrun for example_branch_dop_operator_v3 to 2023-11-03T06:49:00+00:00, run_after=2023-11-03T06:50:00+00:00
[2023-11-03T06:50:43.216+0000] {processor.py:178} INFO - Processing /usr/local/lib/python3.10/dist-packages/airflow/example_dags/example_branch_python_dop_operator_3.py took 0.333 seconds
[2023-11-03T06:51:13.704+0000] {processor.py:156} INFO - Started process (PID=90796) to work on /usr/local/lib/python3.10/dist-packages/airflow/example_dags/example_branch_python_dop_operator_3.py
[2023-11-03T06:51:13.706+0000] {processor.py:799} INFO - Processing file /usr/local/lib/python3.10/dist-packages/airflow/example_dags/example_branch_python_dop_operator_3.py for tasks to queue
[2023-11-03T06:51:13.708+0000] {logging_mixin.py:149} INFO - [2023-11-03T06:51:13.707+0000] {dagbag.py:541} INFO - Filling up the DagBag from /usr/local/lib/python3.10/dist-packages/airflow/example_dags/example_branch_python_dop_operator_3.py
[2023-11-03T06:51:13.728+0000] {processor.py:809} INFO - DAG(s) dict_keys(['example_branch_dop_operator_v3']) retrieved from /usr/local/lib/python3.10/dist-packages/airflow/example_dags/example_branch_python_dop_operator_3.py
[2023-11-03T06:51:13.824+0000] {logging_mixin.py:149} INFO - [2023-11-03T06:51:13.823+0000] {dag.py:2726} INFO - Sync 1 DAGs
[2023-11-03T06:51:13.932+0000] {logging_mixin.py:149} INFO - [2023-11-03T06:51:13.932+0000] {dag.py:3486} INFO - Setting next_dagrun for example_branch_dop_operator_v3 to 2023-11-03T06:50:00+00:00, run_after=2023-11-03T06:51:00+00:00
[2023-11-03T06:51:14.042+0000] {processor.py:178} INFO - Processing /usr/local/lib/python3.10/dist-packages/airflow/example_dags/example_branch_python_dop_operator_3.py took 0.344 seconds
