[2023-11-03T06:49:37.894+0000] {processor.py:156} INFO - Started process (PID=89494) to work on /usr/local/lib/python3.10/dist-packages/airflow/example_dags/example_params_trigger_ui.py
[2023-11-03T06:49:37.896+0000] {processor.py:799} INFO - Processing file /usr/local/lib/python3.10/dist-packages/airflow/example_dags/example_params_trigger_ui.py for tasks to queue
[2023-11-03T06:49:37.897+0000] {logging_mixin.py:149} INFO - [2023-11-03T06:49:37.897+0000] {dagbag.py:541} INFO - Filling up the DagBag from /usr/local/lib/python3.10/dist-packages/airflow/example_dags/example_params_trigger_ui.py
[2023-11-03T06:49:37.954+0000] {processor.py:809} INFO - DAG(s) dict_keys(['example_params_trigger_ui']) retrieved from /usr/local/lib/python3.10/dist-packages/airflow/example_dags/example_params_trigger_ui.py
[2023-11-03T06:49:38.419+0000] {logging_mixin.py:149} INFO - [2023-11-03T06:49:38.419+0000] {dag.py:2726} INFO - Sync 1 DAGs
[2023-11-03T06:49:38.485+0000] {logging_mixin.py:149} INFO - [2023-11-03T06:49:38.485+0000] {dag.py:3486} INFO - Setting next_dagrun for example_params_trigger_ui to None, run_after=None
[2023-11-03T06:49:38.578+0000] {processor.py:178} INFO - Processing /usr/local/lib/python3.10/dist-packages/airflow/example_dags/example_params_trigger_ui.py took 0.690 seconds
[2023-11-03T06:50:09.068+0000] {processor.py:156} INFO - Started process (PID=90009) to work on /usr/local/lib/python3.10/dist-packages/airflow/example_dags/example_params_trigger_ui.py
[2023-11-03T06:50:09.123+0000] {processor.py:799} INFO - Processing file /usr/local/lib/python3.10/dist-packages/airflow/example_dags/example_params_trigger_ui.py for tasks to queue
[2023-11-03T06:50:09.125+0000] {logging_mixin.py:149} INFO - [2023-11-03T06:50:09.124+0000] {dagbag.py:541} INFO - Filling up the DagBag from /usr/local/lib/python3.10/dist-packages/airflow/example_dags/example_params_trigger_ui.py
[2023-11-03T06:50:09.179+0000] {processor.py:809} INFO - DAG(s) dict_keys(['example_params_trigger_ui']) retrieved from /usr/local/lib/python3.10/dist-packages/airflow/example_dags/example_params_trigger_ui.py
[2023-11-03T06:50:09.406+0000] {logging_mixin.py:149} INFO - [2023-11-03T06:50:09.406+0000] {dag.py:2726} INFO - Sync 1 DAGs
[2023-11-03T06:50:09.479+0000] {logging_mixin.py:149} INFO - [2023-11-03T06:50:09.479+0000] {dag.py:3486} INFO - Setting next_dagrun for example_params_trigger_ui to None, run_after=None
[2023-11-03T06:50:09.542+0000] {processor.py:178} INFO - Processing /usr/local/lib/python3.10/dist-packages/airflow/example_dags/example_params_trigger_ui.py took 0.482 seconds
[2023-11-03T06:50:40.349+0000] {processor.py:156} INFO - Started process (PID=90351) to work on /usr/local/lib/python3.10/dist-packages/airflow/example_dags/example_params_trigger_ui.py
[2023-11-03T06:50:40.383+0000] {processor.py:799} INFO - Processing file /usr/local/lib/python3.10/dist-packages/airflow/example_dags/example_params_trigger_ui.py for tasks to queue
[2023-11-03T06:50:40.385+0000] {logging_mixin.py:149} INFO - [2023-11-03T06:50:40.384+0000] {dagbag.py:541} INFO - Filling up the DagBag from /usr/local/lib/python3.10/dist-packages/airflow/example_dags/example_params_trigger_ui.py
[2023-11-03T06:50:40.437+0000] {processor.py:809} INFO - DAG(s) dict_keys(['example_params_trigger_ui']) retrieved from /usr/local/lib/python3.10/dist-packages/airflow/example_dags/example_params_trigger_ui.py
[2023-11-03T06:50:40.669+0000] {logging_mixin.py:149} INFO - [2023-11-03T06:50:40.668+0000] {dag.py:2726} INFO - Sync 1 DAGs
[2023-11-03T06:50:40.742+0000] {logging_mixin.py:149} INFO - [2023-11-03T06:50:40.742+0000] {dag.py:3486} INFO - Setting next_dagrun for example_params_trigger_ui to None, run_after=None
[2023-11-03T06:50:40.850+0000] {processor.py:178} INFO - Processing /usr/local/lib/python3.10/dist-packages/airflow/example_dags/example_params_trigger_ui.py took 0.510 seconds
[2023-11-03T06:51:11.424+0000] {processor.py:156} INFO - Started process (PID=90723) to work on /usr/local/lib/python3.10/dist-packages/airflow/example_dags/example_params_trigger_ui.py
[2023-11-03T06:51:11.428+0000] {processor.py:799} INFO - Processing file /usr/local/lib/python3.10/dist-packages/airflow/example_dags/example_params_trigger_ui.py for tasks to queue
[2023-11-03T06:51:11.430+0000] {logging_mixin.py:149} INFO - [2023-11-03T06:51:11.429+0000] {dagbag.py:541} INFO - Filling up the DagBag from /usr/local/lib/python3.10/dist-packages/airflow/example_dags/example_params_trigger_ui.py
[2023-11-03T06:51:11.490+0000] {processor.py:809} INFO - DAG(s) dict_keys(['example_params_trigger_ui']) retrieved from /usr/local/lib/python3.10/dist-packages/airflow/example_dags/example_params_trigger_ui.py
[2023-11-03T06:51:11.752+0000] {logging_mixin.py:149} INFO - [2023-11-03T06:51:11.752+0000] {dag.py:2726} INFO - Sync 1 DAGs
[2023-11-03T06:51:11.837+0000] {logging_mixin.py:149} INFO - [2023-11-03T06:51:11.837+0000] {dag.py:3486} INFO - Setting next_dagrun for example_params_trigger_ui to None, run_after=None
[2023-11-03T06:51:11.912+0000] {processor.py:178} INFO - Processing /usr/local/lib/python3.10/dist-packages/airflow/example_dags/example_params_trigger_ui.py took 0.497 seconds
