[2023-11-03T06:49:37.530+0000] {processor.py:156} INFO - Started process (PID=89488) to work on /usr/local/lib/python3.10/dist-packages/airflow/example_dags/example_short_circuit_decorator.py
[2023-11-03T06:49:37.532+0000] {processor.py:799} INFO - Processing file /usr/local/lib/python3.10/dist-packages/airflow/example_dags/example_short_circuit_decorator.py for tasks to queue
[2023-11-03T06:49:37.534+0000] {logging_mixin.py:149} INFO - [2023-11-03T06:49:37.534+0000] {dagbag.py:541} INFO - Filling up the DagBag from /usr/local/lib/python3.10/dist-packages/airflow/example_dags/example_short_circuit_decorator.py
[2023-11-03T06:49:37.555+0000] {processor.py:809} INFO - DAG(s) dict_keys(['example_short_circuit_decorator']) retrieved from /usr/local/lib/python3.10/dist-packages/airflow/example_dags/example_short_circuit_decorator.py
[2023-11-03T06:49:37.636+0000] {logging_mixin.py:149} INFO - [2023-11-03T06:49:37.636+0000] {dag.py:2726} INFO - Sync 1 DAGs
[2023-11-03T06:49:37.919+0000] {logging_mixin.py:149} INFO - [2023-11-03T06:49:37.918+0000] {dag.py:3486} INFO - Setting next_dagrun for example_short_circuit_decorator to 2023-11-02T06:49:37.918061+00:00, run_after=2023-11-03T06:49:37.918061+00:00
[2023-11-03T06:49:37.980+0000] {processor.py:178} INFO - Processing /usr/local/lib/python3.10/dist-packages/airflow/example_dags/example_short_circuit_decorator.py took 0.456 seconds
[2023-11-03T06:50:08.797+0000] {processor.py:156} INFO - Started process (PID=90000) to work on /usr/local/lib/python3.10/dist-packages/airflow/example_dags/example_short_circuit_decorator.py
[2023-11-03T06:50:08.799+0000] {processor.py:799} INFO - Processing file /usr/local/lib/python3.10/dist-packages/airflow/example_dags/example_short_circuit_decorator.py for tasks to queue
[2023-11-03T06:50:08.801+0000] {logging_mixin.py:149} INFO - [2023-11-03T06:50:08.801+0000] {dagbag.py:541} INFO - Filling up the DagBag from /usr/local/lib/python3.10/dist-packages/airflow/example_dags/example_short_circuit_decorator.py
[2023-11-03T06:50:08.824+0000] {processor.py:809} INFO - DAG(s) dict_keys(['example_short_circuit_decorator']) retrieved from /usr/local/lib/python3.10/dist-packages/airflow/example_dags/example_short_circuit_decorator.py
[2023-11-03T06:50:08.902+0000] {logging_mixin.py:149} INFO - [2023-11-03T06:50:08.902+0000] {dag.py:2726} INFO - Sync 1 DAGs
[2023-11-03T06:50:08.978+0000] {logging_mixin.py:149} INFO - [2023-11-03T06:50:08.978+0000] {dag.py:3486} INFO - Setting next_dagrun for example_short_circuit_decorator to 2023-11-02T06:50:08.977809+00:00, run_after=2023-11-03T06:50:08.977809+00:00
[2023-11-03T06:50:09.040+0000] {processor.py:178} INFO - Processing /usr/local/lib/python3.10/dist-packages/airflow/example_dags/example_short_circuit_decorator.py took 0.251 seconds
[2023-11-03T06:50:39.984+0000] {processor.py:156} INFO - Started process (PID=90342) to work on /usr/local/lib/python3.10/dist-packages/airflow/example_dags/example_short_circuit_decorator.py
[2023-11-03T06:50:40.011+0000] {processor.py:799} INFO - Processing file /usr/local/lib/python3.10/dist-packages/airflow/example_dags/example_short_circuit_decorator.py for tasks to queue
[2023-11-03T06:50:40.013+0000] {logging_mixin.py:149} INFO - [2023-11-03T06:50:40.013+0000] {dagbag.py:541} INFO - Filling up the DagBag from /usr/local/lib/python3.10/dist-packages/airflow/example_dags/example_short_circuit_decorator.py
[2023-11-03T06:50:40.035+0000] {processor.py:809} INFO - DAG(s) dict_keys(['example_short_circuit_decorator']) retrieved from /usr/local/lib/python3.10/dist-packages/airflow/example_dags/example_short_circuit_decorator.py
[2023-11-03T06:50:40.123+0000] {logging_mixin.py:149} INFO - [2023-11-03T06:50:40.122+0000] {dag.py:2726} INFO - Sync 1 DAGs
[2023-11-03T06:50:40.200+0000] {logging_mixin.py:149} INFO - [2023-11-03T06:50:40.200+0000] {dag.py:3486} INFO - Setting next_dagrun for example_short_circuit_decorator to 2023-11-02T06:50:40.199739+00:00, run_after=2023-11-03T06:50:40.199739+00:00
[2023-11-03T06:50:40.293+0000] {processor.py:178} INFO - Processing /usr/local/lib/python3.10/dist-packages/airflow/example_dags/example_short_circuit_decorator.py took 0.316 seconds
[2023-11-03T06:51:10.401+0000] {processor.py:156} INFO - Started process (PID=90714) to work on /usr/local/lib/python3.10/dist-packages/airflow/example_dags/example_short_circuit_decorator.py
[2023-11-03T06:51:10.403+0000] {processor.py:799} INFO - Processing file /usr/local/lib/python3.10/dist-packages/airflow/example_dags/example_short_circuit_decorator.py for tasks to queue
[2023-11-03T06:51:10.405+0000] {logging_mixin.py:149} INFO - [2023-11-03T06:51:10.404+0000] {dagbag.py:541} INFO - Filling up the DagBag from /usr/local/lib/python3.10/dist-packages/airflow/example_dags/example_short_circuit_decorator.py
[2023-11-03T06:51:10.427+0000] {processor.py:809} INFO - DAG(s) dict_keys(['example_short_circuit_decorator']) retrieved from /usr/local/lib/python3.10/dist-packages/airflow/example_dags/example_short_circuit_decorator.py
[2023-11-03T06:51:10.511+0000] {logging_mixin.py:149} INFO - [2023-11-03T06:51:10.510+0000] {dag.py:2726} INFO - Sync 1 DAGs
[2023-11-03T06:51:10.588+0000] {logging_mixin.py:149} INFO - [2023-11-03T06:51:10.587+0000] {dag.py:3486} INFO - Setting next_dagrun for example_short_circuit_decorator to 2023-11-02T06:51:10.587143+00:00, run_after=2023-11-03T06:51:10.587143+00:00
[2023-11-03T06:51:10.693+0000] {processor.py:178} INFO - Processing /usr/local/lib/python3.10/dist-packages/airflow/example_dags/example_short_circuit_decorator.py took 0.298 seconds
