[2023-11-03T06:49:40.181+0000] {processor.py:156} INFO - Started process (PID=89557) to work on /usr/local/lib/python3.10/dist-packages/airflow/example_dags/example_external_task_marker_dag.py
[2023-11-03T06:49:40.183+0000] {processor.py:799} INFO - Processing file /usr/local/lib/python3.10/dist-packages/airflow/example_dags/example_external_task_marker_dag.py for tasks to queue
[2023-11-03T06:49:40.185+0000] {logging_mixin.py:149} INFO - [2023-11-03T06:49:40.184+0000] {dagbag.py:541} INFO - Filling up the DagBag from /usr/local/lib/python3.10/dist-packages/airflow/example_dags/example_external_task_marker_dag.py
[2023-11-03T06:49:40.198+0000] {processor.py:809} INFO - DAG(s) dict_keys(['example_external_task_marker_child', 'example_external_task_marker_parent']) retrieved from /usr/local/lib/python3.10/dist-packages/airflow/example_dags/example_external_task_marker_dag.py
[2023-11-03T06:49:40.492+0000] {logging_mixin.py:149} INFO - [2023-11-03T06:49:40.491+0000] {dag.py:2726} INFO - Sync 2 DAGs
[2023-11-03T06:49:40.559+0000] {logging_mixin.py:149} INFO - [2023-11-03T06:49:40.559+0000] {dag.py:3486} INFO - Setting next_dagrun for example_external_task_marker_child to None, run_after=None
[2023-11-03T06:49:40.571+0000] {logging_mixin.py:149} INFO - [2023-11-03T06:49:40.570+0000] {dag.py:3486} INFO - Setting next_dagrun for example_external_task_marker_parent to None, run_after=None
[2023-11-03T06:49:40.625+0000] {processor.py:178} INFO - Processing /usr/local/lib/python3.10/dist-packages/airflow/example_dags/example_external_task_marker_dag.py took 0.451 seconds
[2023-11-03T06:50:10.773+0000] {processor.py:156} INFO - Started process (PID=90051) to work on /usr/local/lib/python3.10/dist-packages/airflow/example_dags/example_external_task_marker_dag.py
[2023-11-03T06:50:10.801+0000] {processor.py:799} INFO - Processing file /usr/local/lib/python3.10/dist-packages/airflow/example_dags/example_external_task_marker_dag.py for tasks to queue
[2023-11-03T06:50:10.804+0000] {logging_mixin.py:149} INFO - [2023-11-03T06:50:10.803+0000] {dagbag.py:541} INFO - Filling up the DagBag from /usr/local/lib/python3.10/dist-packages/airflow/example_dags/example_external_task_marker_dag.py
[2023-11-03T06:50:10.820+0000] {processor.py:809} INFO - DAG(s) dict_keys(['example_external_task_marker_parent', 'example_external_task_marker_child']) retrieved from /usr/local/lib/python3.10/dist-packages/airflow/example_dags/example_external_task_marker_dag.py
[2023-11-03T06:50:10.907+0000] {logging_mixin.py:149} INFO - [2023-11-03T06:50:10.907+0000] {dag.py:2726} INFO - Sync 2 DAGs
[2023-11-03T06:50:10.981+0000] {logging_mixin.py:149} INFO - [2023-11-03T06:50:10.980+0000] {dag.py:3486} INFO - Setting next_dagrun for example_external_task_marker_child to None, run_after=None
[2023-11-03T06:50:10.991+0000] {logging_mixin.py:149} INFO - [2023-11-03T06:50:10.991+0000] {dag.py:3486} INFO - Setting next_dagrun for example_external_task_marker_parent to None, run_after=None
[2023-11-03T06:50:11.072+0000] {processor.py:178} INFO - Processing /usr/local/lib/python3.10/dist-packages/airflow/example_dags/example_external_task_marker_dag.py took 0.306 seconds
[2023-11-03T06:50:42.206+0000] {processor.py:156} INFO - Started process (PID=90394) to work on /usr/local/lib/python3.10/dist-packages/airflow/example_dags/example_external_task_marker_dag.py
[2023-11-03T06:50:42.243+0000] {processor.py:799} INFO - Processing file /usr/local/lib/python3.10/dist-packages/airflow/example_dags/example_external_task_marker_dag.py for tasks to queue
[2023-11-03T06:50:42.245+0000] {logging_mixin.py:149} INFO - [2023-11-03T06:50:42.245+0000] {dagbag.py:541} INFO - Filling up the DagBag from /usr/local/lib/python3.10/dist-packages/airflow/example_dags/example_external_task_marker_dag.py
[2023-11-03T06:50:42.258+0000] {processor.py:809} INFO - DAG(s) dict_keys(['example_external_task_marker_child', 'example_external_task_marker_parent']) retrieved from /usr/local/lib/python3.10/dist-packages/airflow/example_dags/example_external_task_marker_dag.py
[2023-11-03T06:50:42.343+0000] {logging_mixin.py:149} INFO - [2023-11-03T06:50:42.343+0000] {dag.py:2726} INFO - Sync 2 DAGs
[2023-11-03T06:50:42.415+0000] {logging_mixin.py:149} INFO - [2023-11-03T06:50:42.415+0000] {dag.py:3486} INFO - Setting next_dagrun for example_external_task_marker_child to None, run_after=None
[2023-11-03T06:50:42.428+0000] {logging_mixin.py:149} INFO - [2023-11-03T06:50:42.427+0000] {dag.py:3486} INFO - Setting next_dagrun for example_external_task_marker_parent to None, run_after=None
[2023-11-03T06:50:42.487+0000] {processor.py:178} INFO - Processing /usr/local/lib/python3.10/dist-packages/airflow/example_dags/example_external_task_marker_dag.py took 0.288 seconds
[2023-11-03T06:51:13.055+0000] {processor.py:156} INFO - Started process (PID=90765) to work on /usr/local/lib/python3.10/dist-packages/airflow/example_dags/example_external_task_marker_dag.py
[2023-11-03T06:51:13.057+0000] {processor.py:799} INFO - Processing file /usr/local/lib/python3.10/dist-packages/airflow/example_dags/example_external_task_marker_dag.py for tasks to queue
[2023-11-03T06:51:13.059+0000] {logging_mixin.py:149} INFO - [2023-11-03T06:51:13.059+0000] {dagbag.py:541} INFO - Filling up the DagBag from /usr/local/lib/python3.10/dist-packages/airflow/example_dags/example_external_task_marker_dag.py
[2023-11-03T06:51:13.075+0000] {processor.py:809} INFO - DAG(s) dict_keys(['example_external_task_marker_child', 'example_external_task_marker_parent']) retrieved from /usr/local/lib/python3.10/dist-packages/airflow/example_dags/example_external_task_marker_dag.py
[2023-11-03T06:51:13.185+0000] {logging_mixin.py:149} INFO - [2023-11-03T06:51:13.184+0000] {dag.py:2726} INFO - Sync 2 DAGs
[2023-11-03T06:51:13.269+0000] {logging_mixin.py:149} INFO - [2023-11-03T06:51:13.268+0000] {dag.py:3486} INFO - Setting next_dagrun for example_external_task_marker_child to None, run_after=None
[2023-11-03T06:51:13.282+0000] {logging_mixin.py:149} INFO - [2023-11-03T06:51:13.281+0000] {dag.py:3486} INFO - Setting next_dagrun for example_external_task_marker_parent to None, run_after=None
[2023-11-03T06:51:13.391+0000] {processor.py:178} INFO - Processing /usr/local/lib/python3.10/dist-packages/airflow/example_dags/example_external_task_marker_dag.py took 0.343 seconds
