[2023-11-03T06:49:42.741+0000] {processor.py:156} INFO - Started process (PID=89734) to work on /usr/local/lib/python3.10/dist-packages/airflow/example_dags/example_dag_decorator.py
[2023-11-03T06:49:42.743+0000] {processor.py:799} INFO - Processing file /usr/local/lib/python3.10/dist-packages/airflow/example_dags/example_dag_decorator.py for tasks to queue
[2023-11-03T06:49:42.745+0000] {logging_mixin.py:149} INFO - [2023-11-03T06:49:42.744+0000] {dagbag.py:541} INFO - Filling up the DagBag from /usr/local/lib/python3.10/dist-packages/airflow/example_dags/example_dag_decorator.py
[2023-11-03T06:49:42.762+0000] {logging_mixin.py:149} INFO - [2023-11-03T06:49:42.761+0000] {taskmixin.py:211} WARNING - Dependency <Task(_PythonDecoratedOperator): prepare_email>, send_email already registered for DAG: example_dag_decorator
[2023-11-03T06:49:42.762+0000] {logging_mixin.py:149} INFO - [2023-11-03T06:49:42.762+0000] {taskmixin.py:211} WARNING - Dependency <Task(EmailOperator): send_email>, prepare_email already registered for DAG: example_dag_decorator
[2023-11-03T06:49:43.002+0000] {processor.py:809} INFO - DAG(s) dict_keys(['example_dag_decorator']) retrieved from /usr/local/lib/python3.10/dist-packages/airflow/example_dags/example_dag_decorator.py
[2023-11-03T06:49:43.171+0000] {logging_mixin.py:149} INFO - [2023-11-03T06:49:43.170+0000] {dag.py:2726} INFO - Sync 1 DAGs
[2023-11-03T06:49:43.238+0000] {logging_mixin.py:149} INFO - [2023-11-03T06:49:43.237+0000] {dag.py:3486} INFO - Setting next_dagrun for example_dag_decorator to None, run_after=None
[2023-11-03T06:49:43.336+0000] {processor.py:178} INFO - Processing /usr/local/lib/python3.10/dist-packages/airflow/example_dags/example_dag_decorator.py took 0.602 seconds
[2023-11-03T06:50:13.706+0000] {processor.py:156} INFO - Started process (PID=90108) to work on /usr/local/lib/python3.10/dist-packages/airflow/example_dags/example_dag_decorator.py
[2023-11-03T06:50:13.749+0000] {processor.py:799} INFO - Processing file /usr/local/lib/python3.10/dist-packages/airflow/example_dags/example_dag_decorator.py for tasks to queue
[2023-11-03T06:50:13.751+0000] {logging_mixin.py:149} INFO - [2023-11-03T06:50:13.750+0000] {dagbag.py:541} INFO - Filling up the DagBag from /usr/local/lib/python3.10/dist-packages/airflow/example_dags/example_dag_decorator.py
[2023-11-03T06:50:13.766+0000] {logging_mixin.py:149} INFO - [2023-11-03T06:50:13.765+0000] {taskmixin.py:211} WARNING - Dependency <Task(_PythonDecoratedOperator): prepare_email>, send_email already registered for DAG: example_dag_decorator
[2023-11-03T06:50:13.766+0000] {logging_mixin.py:149} INFO - [2023-11-03T06:50:13.766+0000] {taskmixin.py:211} WARNING - Dependency <Task(EmailOperator): send_email>, prepare_email already registered for DAG: example_dag_decorator
[2023-11-03T06:50:13.787+0000] {processor.py:809} INFO - DAG(s) dict_keys(['example_dag_decorator']) retrieved from /usr/local/lib/python3.10/dist-packages/airflow/example_dags/example_dag_decorator.py
[2023-11-03T06:50:13.970+0000] {logging_mixin.py:149} INFO - [2023-11-03T06:50:13.970+0000] {dag.py:2726} INFO - Sync 1 DAGs
[2023-11-03T06:50:14.035+0000] {logging_mixin.py:149} INFO - [2023-11-03T06:50:14.035+0000] {dag.py:3486} INFO - Setting next_dagrun for example_dag_decorator to None, run_after=None
[2023-11-03T06:50:14.103+0000] {processor.py:178} INFO - Processing /usr/local/lib/python3.10/dist-packages/airflow/example_dags/example_dag_decorator.py took 0.405 seconds
[2023-11-03T06:50:44.326+0000] {processor.py:156} INFO - Started process (PID=90447) to work on /usr/local/lib/python3.10/dist-packages/airflow/example_dags/example_dag_decorator.py
[2023-11-03T06:50:44.355+0000] {processor.py:799} INFO - Processing file /usr/local/lib/python3.10/dist-packages/airflow/example_dags/example_dag_decorator.py for tasks to queue
[2023-11-03T06:50:44.357+0000] {logging_mixin.py:149} INFO - [2023-11-03T06:50:44.356+0000] {dagbag.py:541} INFO - Filling up the DagBag from /usr/local/lib/python3.10/dist-packages/airflow/example_dags/example_dag_decorator.py
[2023-11-03T06:50:44.373+0000] {logging_mixin.py:149} INFO - [2023-11-03T06:50:44.372+0000] {taskmixin.py:211} WARNING - Dependency <Task(_PythonDecoratedOperator): prepare_email>, send_email already registered for DAG: example_dag_decorator
[2023-11-03T06:50:44.374+0000] {logging_mixin.py:149} INFO - [2023-11-03T06:50:44.374+0000] {taskmixin.py:211} WARNING - Dependency <Task(EmailOperator): send_email>, prepare_email already registered for DAG: example_dag_decorator
[2023-11-03T06:50:44.396+0000] {processor.py:809} INFO - DAG(s) dict_keys(['example_dag_decorator']) retrieved from /usr/local/lib/python3.10/dist-packages/airflow/example_dags/example_dag_decorator.py
[2023-11-03T06:50:44.588+0000] {logging_mixin.py:149} INFO - [2023-11-03T06:50:44.587+0000] {dag.py:2726} INFO - Sync 1 DAGs
[2023-11-03T06:50:44.672+0000] {logging_mixin.py:149} INFO - [2023-11-03T06:50:44.671+0000] {dag.py:3486} INFO - Setting next_dagrun for example_dag_decorator to None, run_after=None
[2023-11-03T06:50:44.747+0000] {processor.py:178} INFO - Processing /usr/local/lib/python3.10/dist-packages/airflow/example_dags/example_dag_decorator.py took 0.428 seconds
[2023-11-03T06:51:15.250+0000] {processor.py:156} INFO - Started process (PID=90819) to work on /usr/local/lib/python3.10/dist-packages/airflow/example_dags/example_dag_decorator.py
[2023-11-03T06:51:15.263+0000] {processor.py:799} INFO - Processing file /usr/local/lib/python3.10/dist-packages/airflow/example_dags/example_dag_decorator.py for tasks to queue
[2023-11-03T06:51:15.265+0000] {logging_mixin.py:149} INFO - [2023-11-03T06:51:15.264+0000] {dagbag.py:541} INFO - Filling up the DagBag from /usr/local/lib/python3.10/dist-packages/airflow/example_dags/example_dag_decorator.py
[2023-11-03T06:51:15.280+0000] {logging_mixin.py:149} INFO - [2023-11-03T06:51:15.279+0000] {taskmixin.py:211} WARNING - Dependency <Task(_PythonDecoratedOperator): prepare_email>, send_email already registered for DAG: example_dag_decorator
[2023-11-03T06:51:15.280+0000] {logging_mixin.py:149} INFO - [2023-11-03T06:51:15.280+0000] {taskmixin.py:211} WARNING - Dependency <Task(EmailOperator): send_email>, prepare_email already registered for DAG: example_dag_decorator
[2023-11-03T06:51:15.301+0000] {processor.py:809} INFO - DAG(s) dict_keys(['example_dag_decorator']) retrieved from /usr/local/lib/python3.10/dist-packages/airflow/example_dags/example_dag_decorator.py
[2023-11-03T06:51:15.506+0000] {logging_mixin.py:149} INFO - [2023-11-03T06:51:15.506+0000] {dag.py:2726} INFO - Sync 1 DAGs
[2023-11-03T06:51:15.584+0000] {logging_mixin.py:149} INFO - [2023-11-03T06:51:15.583+0000] {dag.py:3486} INFO - Setting next_dagrun for example_dag_decorator to None, run_after=None
[2023-11-03T06:51:15.691+0000] {processor.py:178} INFO - Processing /usr/local/lib/python3.10/dist-packages/airflow/example_dags/example_dag_decorator.py took 0.447 seconds
