[2023-11-03T06:49:35.516+0000] {processor.py:156} INFO - Started process (PID=89432) to work on /usr/local/lib/python3.10/dist-packages/airflow/example_dags/example_task_group.py
[2023-11-03T06:49:35.517+0000] {processor.py:799} INFO - Processing file /usr/local/lib/python3.10/dist-packages/airflow/example_dags/example_task_group.py for tasks to queue
[2023-11-03T06:49:35.519+0000] {logging_mixin.py:149} INFO - [2023-11-03T06:49:35.519+0000] {dagbag.py:541} INFO - Filling up the DagBag from /usr/local/lib/python3.10/dist-packages/airflow/example_dags/example_task_group.py
[2023-11-03T06:49:35.541+0000] {processor.py:809} INFO - DAG(s) dict_keys(['example_task_group']) retrieved from /usr/local/lib/python3.10/dist-packages/airflow/example_dags/example_task_group.py
[2023-11-03T06:49:35.628+0000] {logging_mixin.py:149} INFO - [2023-11-03T06:49:35.628+0000] {dag.py:2726} INFO - Sync 1 DAGs
[2023-11-03T06:49:35.919+0000] {logging_mixin.py:149} INFO - [2023-11-03T06:49:35.919+0000] {dag.py:3486} INFO - Setting next_dagrun for example_task_group to 2023-11-02T06:49:35.918779+00:00, run_after=2023-11-03T06:49:35.918779+00:00
[2023-11-03T06:49:36.009+0000] {processor.py:178} INFO - Processing /usr/local/lib/python3.10/dist-packages/airflow/example_dags/example_task_group.py took 0.501 seconds
[2023-11-03T06:50:06.212+0000] {processor.py:156} INFO - Started process (PID=89931) to work on /usr/local/lib/python3.10/dist-packages/airflow/example_dags/example_task_group.py
[2023-11-03T06:50:06.240+0000] {processor.py:799} INFO - Processing file /usr/local/lib/python3.10/dist-packages/airflow/example_dags/example_task_group.py for tasks to queue
[2023-11-03T06:50:06.242+0000] {logging_mixin.py:149} INFO - [2023-11-03T06:50:06.241+0000] {dagbag.py:541} INFO - Filling up the DagBag from /usr/local/lib/python3.10/dist-packages/airflow/example_dags/example_task_group.py
[2023-11-03T06:50:06.260+0000] {processor.py:809} INFO - DAG(s) dict_keys(['example_task_group']) retrieved from /usr/local/lib/python3.10/dist-packages/airflow/example_dags/example_task_group.py
[2023-11-03T06:50:06.342+0000] {logging_mixin.py:149} INFO - [2023-11-03T06:50:06.342+0000] {dag.py:2726} INFO - Sync 1 DAGs
[2023-11-03T06:50:06.416+0000] {logging_mixin.py:149} INFO - [2023-11-03T06:50:06.416+0000] {dag.py:3486} INFO - Setting next_dagrun for example_task_group to 2023-11-02T06:50:06.415728+00:00, run_after=2023-11-03T06:50:06.415728+00:00
[2023-11-03T06:50:06.513+0000] {processor.py:178} INFO - Processing /usr/local/lib/python3.10/dist-packages/airflow/example_dags/example_task_group.py took 0.308 seconds
[2023-11-03T06:50:36.603+0000] {processor.py:156} INFO - Started process (PID=90271) to work on /usr/local/lib/python3.10/dist-packages/airflow/example_dags/example_task_group.py
[2023-11-03T06:50:36.605+0000] {processor.py:799} INFO - Processing file /usr/local/lib/python3.10/dist-packages/airflow/example_dags/example_task_group.py for tasks to queue
[2023-11-03T06:50:36.607+0000] {logging_mixin.py:149} INFO - [2023-11-03T06:50:36.607+0000] {dagbag.py:541} INFO - Filling up the DagBag from /usr/local/lib/python3.10/dist-packages/airflow/example_dags/example_task_group.py
[2023-11-03T06:50:36.626+0000] {processor.py:809} INFO - DAG(s) dict_keys(['example_task_group']) retrieved from /usr/local/lib/python3.10/dist-packages/airflow/example_dags/example_task_group.py
[2023-11-03T06:50:36.710+0000] {logging_mixin.py:149} INFO - [2023-11-03T06:50:36.709+0000] {dag.py:2726} INFO - Sync 1 DAGs
[2023-11-03T06:50:36.782+0000] {logging_mixin.py:149} INFO - [2023-11-03T06:50:36.782+0000] {dag.py:3486} INFO - Setting next_dagrun for example_task_group to 2023-11-02T06:50:36.781527+00:00, run_after=2023-11-03T06:50:36.781527+00:00
[2023-11-03T06:50:36.846+0000] {processor.py:178} INFO - Processing /usr/local/lib/python3.10/dist-packages/airflow/example_dags/example_task_group.py took 0.250 seconds
[2023-11-03T06:51:07.058+0000] {processor.py:156} INFO - Started process (PID=90641) to work on /usr/local/lib/python3.10/dist-packages/airflow/example_dags/example_task_group.py
[2023-11-03T06:51:07.060+0000] {processor.py:799} INFO - Processing file /usr/local/lib/python3.10/dist-packages/airflow/example_dags/example_task_group.py for tasks to queue
[2023-11-03T06:51:07.062+0000] {logging_mixin.py:149} INFO - [2023-11-03T06:51:07.061+0000] {dagbag.py:541} INFO - Filling up the DagBag from /usr/local/lib/python3.10/dist-packages/airflow/example_dags/example_task_group.py
[2023-11-03T06:51:07.081+0000] {processor.py:809} INFO - DAG(s) dict_keys(['example_task_group']) retrieved from /usr/local/lib/python3.10/dist-packages/airflow/example_dags/example_task_group.py
[2023-11-03T06:51:07.157+0000] {logging_mixin.py:149} INFO - [2023-11-03T06:51:07.156+0000] {dag.py:2726} INFO - Sync 1 DAGs
[2023-11-03T06:51:07.230+0000] {logging_mixin.py:149} INFO - [2023-11-03T06:51:07.230+0000] {dag.py:3486} INFO - Setting next_dagrun for example_task_group to 2023-11-02T06:51:07.229639+00:00, run_after=2023-11-03T06:51:07.229639+00:00
[2023-11-03T06:51:07.326+0000] {processor.py:178} INFO - Processing /usr/local/lib/python3.10/dist-packages/airflow/example_dags/example_task_group.py took 0.275 seconds
