[2023-11-03T06:49:36.667+0000] {processor.py:156} INFO - Started process (PID=89456) to work on /usr/local/lib/python3.10/dist-packages/airflow/example_dags/example_short_circuit_operator.py
[2023-11-03T06:49:36.669+0000] {processor.py:799} INFO - Processing file /usr/local/lib/python3.10/dist-packages/airflow/example_dags/example_short_circuit_operator.py for tasks to queue
[2023-11-03T06:49:36.671+0000] {logging_mixin.py:149} INFO - [2023-11-03T06:49:36.670+0000] {dagbag.py:541} INFO - Filling up the DagBag from /usr/local/lib/python3.10/dist-packages/airflow/example_dags/example_short_circuit_operator.py
[2023-11-03T06:49:36.689+0000] {processor.py:809} INFO - DAG(s) dict_keys(['example_short_circuit_operator']) retrieved from /usr/local/lib/python3.10/dist-packages/airflow/example_dags/example_short_circuit_operator.py
[2023-11-03T06:49:36.772+0000] {logging_mixin.py:149} INFO - [2023-11-03T06:49:36.772+0000] {dag.py:2726} INFO - Sync 1 DAGs
[2023-11-03T06:49:37.077+0000] {logging_mixin.py:149} INFO - [2023-11-03T06:49:37.077+0000] {dag.py:3486} INFO - Setting next_dagrun for example_short_circuit_operator to 2023-11-02T06:49:37.076974+00:00, run_after=2023-11-03T06:49:37.076974+00:00
[2023-11-03T06:49:37.172+0000] {processor.py:178} INFO - Processing /usr/local/lib/python3.10/dist-packages/airflow/example_dags/example_short_circuit_operator.py took 0.512 seconds
[2023-11-03T06:50:07.264+0000] {processor.py:156} INFO - Started process (PID=89953) to work on /usr/local/lib/python3.10/dist-packages/airflow/example_dags/example_short_circuit_operator.py
[2023-11-03T06:50:07.296+0000] {processor.py:799} INFO - Processing file /usr/local/lib/python3.10/dist-packages/airflow/example_dags/example_short_circuit_operator.py for tasks to queue
[2023-11-03T06:50:07.298+0000] {logging_mixin.py:149} INFO - [2023-11-03T06:50:07.298+0000] {dagbag.py:541} INFO - Filling up the DagBag from /usr/local/lib/python3.10/dist-packages/airflow/example_dags/example_short_circuit_operator.py
[2023-11-03T06:50:07.316+0000] {processor.py:809} INFO - DAG(s) dict_keys(['example_short_circuit_operator']) retrieved from /usr/local/lib/python3.10/dist-packages/airflow/example_dags/example_short_circuit_operator.py
[2023-11-03T06:50:07.396+0000] {logging_mixin.py:149} INFO - [2023-11-03T06:50:07.395+0000] {dag.py:2726} INFO - Sync 1 DAGs
[2023-11-03T06:50:07.474+0000] {logging_mixin.py:149} INFO - [2023-11-03T06:50:07.473+0000] {dag.py:3486} INFO - Setting next_dagrun for example_short_circuit_operator to 2023-11-02T06:50:07.473052+00:00, run_after=2023-11-03T06:50:07.473052+00:00
[2023-11-03T06:50:07.571+0000] {processor.py:178} INFO - Processing /usr/local/lib/python3.10/dist-packages/airflow/example_dags/example_short_circuit_operator.py took 0.313 seconds
[2023-11-03T06:50:38.433+0000] {processor.py:156} INFO - Started process (PID=90298) to work on /usr/local/lib/python3.10/dist-packages/airflow/example_dags/example_short_circuit_operator.py
[2023-11-03T06:50:38.472+0000] {processor.py:799} INFO - Processing file /usr/local/lib/python3.10/dist-packages/airflow/example_dags/example_short_circuit_operator.py for tasks to queue
[2023-11-03T06:50:38.474+0000] {logging_mixin.py:149} INFO - [2023-11-03T06:50:38.473+0000] {dagbag.py:541} INFO - Filling up the DagBag from /usr/local/lib/python3.10/dist-packages/airflow/example_dags/example_short_circuit_operator.py
[2023-11-03T06:50:38.495+0000] {processor.py:809} INFO - DAG(s) dict_keys(['example_short_circuit_operator']) retrieved from /usr/local/lib/python3.10/dist-packages/airflow/example_dags/example_short_circuit_operator.py
[2023-11-03T06:50:38.585+0000] {logging_mixin.py:149} INFO - [2023-11-03T06:50:38.584+0000] {dag.py:2726} INFO - Sync 1 DAGs
[2023-11-03T06:50:38.656+0000] {logging_mixin.py:149} INFO - [2023-11-03T06:50:38.655+0000] {dag.py:3486} INFO - Setting next_dagrun for example_short_circuit_operator to 2023-11-02T06:50:38.655130+00:00, run_after=2023-11-03T06:50:38.655130+00:00
[2023-11-03T06:50:38.750+0000] {processor.py:178} INFO - Processing /usr/local/lib/python3.10/dist-packages/airflow/example_dags/example_short_circuit_operator.py took 0.323 seconds
[2023-11-03T06:51:08.859+0000] {processor.py:156} INFO - Started process (PID=90668) to work on /usr/local/lib/python3.10/dist-packages/airflow/example_dags/example_short_circuit_operator.py
[2023-11-03T06:51:08.861+0000] {processor.py:799} INFO - Processing file /usr/local/lib/python3.10/dist-packages/airflow/example_dags/example_short_circuit_operator.py for tasks to queue
[2023-11-03T06:51:08.865+0000] {logging_mixin.py:149} INFO - [2023-11-03T06:51:08.864+0000] {dagbag.py:541} INFO - Filling up the DagBag from /usr/local/lib/python3.10/dist-packages/airflow/example_dags/example_short_circuit_operator.py
[2023-11-03T06:51:08.888+0000] {processor.py:809} INFO - DAG(s) dict_keys(['example_short_circuit_operator']) retrieved from /usr/local/lib/python3.10/dist-packages/airflow/example_dags/example_short_circuit_operator.py
[2023-11-03T06:51:08.981+0000] {logging_mixin.py:149} INFO - [2023-11-03T06:51:08.980+0000] {dag.py:2726} INFO - Sync 1 DAGs
[2023-11-03T06:51:09.065+0000] {logging_mixin.py:149} INFO - [2023-11-03T06:51:09.065+0000] {dag.py:3486} INFO - Setting next_dagrun for example_short_circuit_operator to 2023-11-02T06:51:09.064742+00:00, run_after=2023-11-03T06:51:09.064742+00:00
[2023-11-03T06:51:09.194+0000] {processor.py:178} INFO - Processing /usr/local/lib/python3.10/dist-packages/airflow/example_dags/example_short_circuit_operator.py took 0.343 seconds
