[2023-11-03T06:49:39.668+0000] {processor.py:156} INFO - Started process (PID=89546) to work on /usr/local/lib/python3.10/dist-packages/airflow/example_dags/example_sensor_decorator.py
[2023-11-03T06:49:39.669+0000] {processor.py:799} INFO - Processing file /usr/local/lib/python3.10/dist-packages/airflow/example_dags/example_sensor_decorator.py for tasks to queue
[2023-11-03T06:49:39.671+0000] {logging_mixin.py:149} INFO - [2023-11-03T06:49:39.671+0000] {dagbag.py:541} INFO - Filling up the DagBag from /usr/local/lib/python3.10/dist-packages/airflow/example_dags/example_sensor_decorator.py
[2023-11-03T06:49:39.684+0000] {processor.py:809} INFO - DAG(s) dict_keys(['example_sensor_decorator']) retrieved from /usr/local/lib/python3.10/dist-packages/airflow/example_dags/example_sensor_decorator.py
[2023-11-03T06:49:39.986+0000] {logging_mixin.py:149} INFO - [2023-11-03T06:49:39.985+0000] {dag.py:2726} INFO - Sync 1 DAGs
[2023-11-03T06:49:40.052+0000] {logging_mixin.py:149} INFO - [2023-11-03T06:49:40.052+0000] {dag.py:3486} INFO - Setting next_dagrun for example_sensor_decorator to None, run_after=None
[2023-11-03T06:49:40.114+0000] {processor.py:178} INFO - Processing /usr/local/lib/python3.10/dist-packages/airflow/example_dags/example_sensor_decorator.py took 0.453 seconds
[2023-11-03T06:50:10.271+0000] {processor.py:156} INFO - Started process (PID=90036) to work on /usr/local/lib/python3.10/dist-packages/airflow/example_dags/example_sensor_decorator.py
[2023-11-03T06:50:10.274+0000] {processor.py:799} INFO - Processing file /usr/local/lib/python3.10/dist-packages/airflow/example_dags/example_sensor_decorator.py for tasks to queue
[2023-11-03T06:50:10.276+0000] {logging_mixin.py:149} INFO - [2023-11-03T06:50:10.275+0000] {dagbag.py:541} INFO - Filling up the DagBag from /usr/local/lib/python3.10/dist-packages/airflow/example_dags/example_sensor_decorator.py
[2023-11-03T06:50:10.290+0000] {processor.py:809} INFO - DAG(s) dict_keys(['example_sensor_decorator']) retrieved from /usr/local/lib/python3.10/dist-packages/airflow/example_dags/example_sensor_decorator.py
[2023-11-03T06:50:10.369+0000] {logging_mixin.py:149} INFO - [2023-11-03T06:50:10.369+0000] {dag.py:2726} INFO - Sync 1 DAGs
[2023-11-03T06:50:10.447+0000] {logging_mixin.py:149} INFO - [2023-11-03T06:50:10.447+0000] {dag.py:3486} INFO - Setting next_dagrun for example_sensor_decorator to None, run_after=None
[2023-11-03T06:50:10.547+0000] {processor.py:178} INFO - Processing /usr/local/lib/python3.10/dist-packages/airflow/example_dags/example_sensor_decorator.py took 0.283 seconds
[2023-11-03T06:50:41.681+0000] {processor.py:156} INFO - Started process (PID=90378) to work on /usr/local/lib/python3.10/dist-packages/airflow/example_dags/example_sensor_decorator.py
[2023-11-03T06:50:41.712+0000] {processor.py:799} INFO - Processing file /usr/local/lib/python3.10/dist-packages/airflow/example_dags/example_sensor_decorator.py for tasks to queue
[2023-11-03T06:50:41.713+0000] {logging_mixin.py:149} INFO - [2023-11-03T06:50:41.713+0000] {dagbag.py:541} INFO - Filling up the DagBag from /usr/local/lib/python3.10/dist-packages/airflow/example_dags/example_sensor_decorator.py
[2023-11-03T06:50:41.726+0000] {processor.py:809} INFO - DAG(s) dict_keys(['example_sensor_decorator']) retrieved from /usr/local/lib/python3.10/dist-packages/airflow/example_dags/example_sensor_decorator.py
[2023-11-03T06:50:41.806+0000] {logging_mixin.py:149} INFO - [2023-11-03T06:50:41.805+0000] {dag.py:2726} INFO - Sync 1 DAGs
[2023-11-03T06:50:41.884+0000] {logging_mixin.py:149} INFO - [2023-11-03T06:50:41.883+0000] {dag.py:3486} INFO - Setting next_dagrun for example_sensor_decorator to None, run_after=None
[2023-11-03T06:50:41.984+0000] {processor.py:178} INFO - Processing /usr/local/lib/python3.10/dist-packages/airflow/example_dags/example_sensor_decorator.py took 0.309 seconds
[2023-11-03T06:51:12.366+0000] {processor.py:156} INFO - Started process (PID=90751) to work on /usr/local/lib/python3.10/dist-packages/airflow/example_dags/example_sensor_decorator.py
[2023-11-03T06:51:12.368+0000] {processor.py:799} INFO - Processing file /usr/local/lib/python3.10/dist-packages/airflow/example_dags/example_sensor_decorator.py for tasks to queue
[2023-11-03T06:51:12.370+0000] {logging_mixin.py:149} INFO - [2023-11-03T06:51:12.370+0000] {dagbag.py:541} INFO - Filling up the DagBag from /usr/local/lib/python3.10/dist-packages/airflow/example_dags/example_sensor_decorator.py
[2023-11-03T06:51:12.386+0000] {processor.py:809} INFO - DAG(s) dict_keys(['example_sensor_decorator']) retrieved from /usr/local/lib/python3.10/dist-packages/airflow/example_dags/example_sensor_decorator.py
[2023-11-03T06:51:12.462+0000] {logging_mixin.py:149} INFO - [2023-11-03T06:51:12.461+0000] {dag.py:2726} INFO - Sync 1 DAGs
[2023-11-03T06:51:12.542+0000] {logging_mixin.py:149} INFO - [2023-11-03T06:51:12.542+0000] {dag.py:3486} INFO - Setting next_dagrun for example_sensor_decorator to None, run_after=None
[2023-11-03T06:51:12.661+0000] {processor.py:178} INFO - Processing /usr/local/lib/python3.10/dist-packages/airflow/example_dags/example_sensor_decorator.py took 0.301 seconds
