[2023-11-03T06:49:39.119+0000] {processor.py:156} INFO - Started process (PID=89534) to work on /usr/local/lib/python3.10/dist-packages/airflow/example_dags/example_python_operator.py
[2023-11-03T06:49:39.121+0000] {processor.py:799} INFO - Processing file /usr/local/lib/python3.10/dist-packages/airflow/example_dags/example_python_operator.py for tasks to queue
[2023-11-03T06:49:39.123+0000] {logging_mixin.py:149} INFO - [2023-11-03T06:49:39.122+0000] {dagbag.py:541} INFO - Filling up the DagBag from /usr/local/lib/python3.10/dist-packages/airflow/example_dags/example_python_operator.py
[2023-11-03T06:49:39.139+0000] {logging_mixin.py:149} INFO - [2023-11-03T06:49:39.138+0000] {taskmixin.py:211} WARNING - Dependency <Task(_PythonDecoratedOperator): print_the_context>, log_sql_query already registered for DAG: example_python_operator
[2023-11-03T06:49:39.140+0000] {logging_mixin.py:149} INFO - [2023-11-03T06:49:39.139+0000] {taskmixin.py:211} WARNING - Dependency <Task(_PythonDecoratedOperator): log_sql_query>, print_the_context already registered for DAG: example_python_operator
[2023-11-03T06:49:39.142+0000] {logging_mixin.py:149} INFO - [2023-11-03T06:49:39.141+0000] {taskmixin.py:211} WARNING - Dependency <Task(_PythonDecoratedOperator): print_the_context>, log_sql_query already registered for DAG: example_python_operator
[2023-11-03T06:49:39.142+0000] {logging_mixin.py:149} INFO - [2023-11-03T06:49:39.142+0000] {taskmixin.py:211} WARNING - Dependency <Task(_PythonDecoratedOperator): log_sql_query>, print_the_context already registered for DAG: example_python_operator
[2023-11-03T06:49:39.145+0000] {logging_mixin.py:149} INFO - [2023-11-03T06:49:39.145+0000] {taskmixin.py:211} WARNING - Dependency <Task(_PythonDecoratedOperator): print_the_context>, log_sql_query already registered for DAG: example_python_operator
[2023-11-03T06:49:39.146+0000] {logging_mixin.py:149} INFO - [2023-11-03T06:49:39.146+0000] {taskmixin.py:211} WARNING - Dependency <Task(_PythonDecoratedOperator): log_sql_query>, print_the_context already registered for DAG: example_python_operator
[2023-11-03T06:49:39.149+0000] {logging_mixin.py:149} INFO - [2023-11-03T06:49:39.149+0000] {taskmixin.py:211} WARNING - Dependency <Task(_PythonDecoratedOperator): print_the_context>, log_sql_query already registered for DAG: example_python_operator
[2023-11-03T06:49:39.150+0000] {logging_mixin.py:149} INFO - [2023-11-03T06:49:39.150+0000] {taskmixin.py:211} WARNING - Dependency <Task(_PythonDecoratedOperator): log_sql_query>, print_the_context already registered for DAG: example_python_operator
[2023-11-03T06:49:39.152+0000] {logging_mixin.py:149} INFO - [2023-11-03T06:49:39.152+0000] {example_python_operator.py:90} WARNING - The virtalenv_python example task requires virtualenv, please install it.
[2023-11-03T06:49:39.154+0000] {processor.py:809} INFO - DAG(s) dict_keys(['example_python_operator']) retrieved from /usr/local/lib/python3.10/dist-packages/airflow/example_dags/example_python_operator.py
[2023-11-03T06:49:39.455+0000] {logging_mixin.py:149} INFO - [2023-11-03T06:49:39.454+0000] {dag.py:2726} INFO - Sync 1 DAGs
[2023-11-03T06:49:39.525+0000] {logging_mixin.py:149} INFO - [2023-11-03T06:49:39.524+0000] {dag.py:3486} INFO - Setting next_dagrun for example_python_operator to None, run_after=None
[2023-11-03T06:49:39.606+0000] {processor.py:178} INFO - Processing /usr/local/lib/python3.10/dist-packages/airflow/example_dags/example_python_operator.py took 0.494 seconds
[2023-11-03T06:50:09.854+0000] {processor.py:156} INFO - Started process (PID=90027) to work on /usr/local/lib/python3.10/dist-packages/airflow/example_dags/example_python_operator.py
[2023-11-03T06:50:09.896+0000] {processor.py:799} INFO - Processing file /usr/local/lib/python3.10/dist-packages/airflow/example_dags/example_python_operator.py for tasks to queue
[2023-11-03T06:50:09.898+0000] {logging_mixin.py:149} INFO - [2023-11-03T06:50:09.897+0000] {dagbag.py:541} INFO - Filling up the DagBag from /usr/local/lib/python3.10/dist-packages/airflow/example_dags/example_python_operator.py
[2023-11-03T06:50:09.915+0000] {logging_mixin.py:149} INFO - [2023-11-03T06:50:09.915+0000] {taskmixin.py:211} WARNING - Dependency <Task(_PythonDecoratedOperator): print_the_context>, log_sql_query already registered for DAG: example_python_operator
[2023-11-03T06:50:09.916+0000] {logging_mixin.py:149} INFO - [2023-11-03T06:50:09.916+0000] {taskmixin.py:211} WARNING - Dependency <Task(_PythonDecoratedOperator): log_sql_query>, print_the_context already registered for DAG: example_python_operator
[2023-11-03T06:50:09.919+0000] {logging_mixin.py:149} INFO - [2023-11-03T06:50:09.918+0000] {taskmixin.py:211} WARNING - Dependency <Task(_PythonDecoratedOperator): print_the_context>, log_sql_query already registered for DAG: example_python_operator
[2023-11-03T06:50:09.920+0000] {logging_mixin.py:149} INFO - [2023-11-03T06:50:09.919+0000] {taskmixin.py:211} WARNING - Dependency <Task(_PythonDecoratedOperator): log_sql_query>, print_the_context already registered for DAG: example_python_operator
[2023-11-03T06:50:09.922+0000] {logging_mixin.py:149} INFO - [2023-11-03T06:50:09.921+0000] {taskmixin.py:211} WARNING - Dependency <Task(_PythonDecoratedOperator): print_the_context>, log_sql_query already registered for DAG: example_python_operator
[2023-11-03T06:50:09.923+0000] {logging_mixin.py:149} INFO - [2023-11-03T06:50:09.922+0000] {taskmixin.py:211} WARNING - Dependency <Task(_PythonDecoratedOperator): log_sql_query>, print_the_context already registered for DAG: example_python_operator
[2023-11-03T06:50:09.925+0000] {logging_mixin.py:149} INFO - [2023-11-03T06:50:09.925+0000] {taskmixin.py:211} WARNING - Dependency <Task(_PythonDecoratedOperator): print_the_context>, log_sql_query already registered for DAG: example_python_operator
[2023-11-03T06:50:09.926+0000] {logging_mixin.py:149} INFO - [2023-11-03T06:50:09.926+0000] {taskmixin.py:211} WARNING - Dependency <Task(_PythonDecoratedOperator): log_sql_query>, print_the_context already registered for DAG: example_python_operator
[2023-11-03T06:50:09.927+0000] {logging_mixin.py:149} INFO - [2023-11-03T06:50:09.927+0000] {example_python_operator.py:90} WARNING - The virtalenv_python example task requires virtualenv, please install it.
[2023-11-03T06:50:09.929+0000] {processor.py:809} INFO - DAG(s) dict_keys(['example_python_operator']) retrieved from /usr/local/lib/python3.10/dist-packages/airflow/example_dags/example_python_operator.py
[2023-11-03T06:50:10.014+0000] {logging_mixin.py:149} INFO - [2023-11-03T06:50:10.013+0000] {dag.py:2726} INFO - Sync 1 DAGs
[2023-11-03T06:50:10.086+0000] {logging_mixin.py:149} INFO - [2023-11-03T06:50:10.085+0000] {dag.py:3486} INFO - Setting next_dagrun for example_python_operator to None, run_after=None
[2023-11-03T06:50:10.190+0000] {processor.py:178} INFO - Processing /usr/local/lib/python3.10/dist-packages/airflow/example_dags/example_python_operator.py took 0.344 seconds
[2023-11-03T06:50:41.279+0000] {processor.py:156} INFO - Started process (PID=90369) to work on /usr/local/lib/python3.10/dist-packages/airflow/example_dags/example_python_operator.py
[2023-11-03T06:50:41.315+0000] {processor.py:799} INFO - Processing file /usr/local/lib/python3.10/dist-packages/airflow/example_dags/example_python_operator.py for tasks to queue
[2023-11-03T06:50:41.317+0000] {logging_mixin.py:149} INFO - [2023-11-03T06:50:41.316+0000] {dagbag.py:541} INFO - Filling up the DagBag from /usr/local/lib/python3.10/dist-packages/airflow/example_dags/example_python_operator.py
[2023-11-03T06:50:41.333+0000] {logging_mixin.py:149} INFO - [2023-11-03T06:50:41.333+0000] {taskmixin.py:211} WARNING - Dependency <Task(_PythonDecoratedOperator): print_the_context>, log_sql_query already registered for DAG: example_python_operator
[2023-11-03T06:50:41.334+0000] {logging_mixin.py:149} INFO - [2023-11-03T06:50:41.334+0000] {taskmixin.py:211} WARNING - Dependency <Task(_PythonDecoratedOperator): log_sql_query>, print_the_context already registered for DAG: example_python_operator
[2023-11-03T06:50:41.336+0000] {logging_mixin.py:149} INFO - [2023-11-03T06:50:41.336+0000] {taskmixin.py:211} WARNING - Dependency <Task(_PythonDecoratedOperator): print_the_context>, log_sql_query already registered for DAG: example_python_operator
[2023-11-03T06:50:41.337+0000] {logging_mixin.py:149} INFO - [2023-11-03T06:50:41.337+0000] {taskmixin.py:211} WARNING - Dependency <Task(_PythonDecoratedOperator): log_sql_query>, print_the_context already registered for DAG: example_python_operator
[2023-11-03T06:50:41.339+0000] {logging_mixin.py:149} INFO - [2023-11-03T06:50:41.339+0000] {taskmixin.py:211} WARNING - Dependency <Task(_PythonDecoratedOperator): print_the_context>, log_sql_query already registered for DAG: example_python_operator
[2023-11-03T06:50:41.340+0000] {logging_mixin.py:149} INFO - [2023-11-03T06:50:41.340+0000] {taskmixin.py:211} WARNING - Dependency <Task(_PythonDecoratedOperator): log_sql_query>, print_the_context already registered for DAG: example_python_operator
[2023-11-03T06:50:41.342+0000] {logging_mixin.py:149} INFO - [2023-11-03T06:50:41.342+0000] {taskmixin.py:211} WARNING - Dependency <Task(_PythonDecoratedOperator): print_the_context>, log_sql_query already registered for DAG: example_python_operator
[2023-11-03T06:50:41.343+0000] {logging_mixin.py:149} INFO - [2023-11-03T06:50:41.343+0000] {taskmixin.py:211} WARNING - Dependency <Task(_PythonDecoratedOperator): log_sql_query>, print_the_context already registered for DAG: example_python_operator
[2023-11-03T06:50:41.344+0000] {logging_mixin.py:149} INFO - [2023-11-03T06:50:41.344+0000] {example_python_operator.py:90} WARNING - The virtalenv_python example task requires virtualenv, please install it.
[2023-11-03T06:50:41.345+0000] {processor.py:809} INFO - DAG(s) dict_keys(['example_python_operator']) retrieved from /usr/local/lib/python3.10/dist-packages/airflow/example_dags/example_python_operator.py
[2023-11-03T06:50:41.428+0000] {logging_mixin.py:149} INFO - [2023-11-03T06:50:41.428+0000] {dag.py:2726} INFO - Sync 1 DAGs
[2023-11-03T06:50:41.498+0000] {logging_mixin.py:149} INFO - [2023-11-03T06:50:41.498+0000] {dag.py:3486} INFO - Setting next_dagrun for example_python_operator to None, run_after=None
[2023-11-03T06:50:41.604+0000] {processor.py:178} INFO - Processing /usr/local/lib/python3.10/dist-packages/airflow/example_dags/example_python_operator.py took 0.332 seconds
[2023-11-03T06:51:11.986+0000] {processor.py:156} INFO - Started process (PID=90739) to work on /usr/local/lib/python3.10/dist-packages/airflow/example_dags/example_python_operator.py
[2023-11-03T06:51:11.988+0000] {processor.py:799} INFO - Processing file /usr/local/lib/python3.10/dist-packages/airflow/example_dags/example_python_operator.py for tasks to queue
[2023-11-03T06:51:11.990+0000] {logging_mixin.py:149} INFO - [2023-11-03T06:51:11.990+0000] {dagbag.py:541} INFO - Filling up the DagBag from /usr/local/lib/python3.10/dist-packages/airflow/example_dags/example_python_operator.py
[2023-11-03T06:51:12.010+0000] {logging_mixin.py:149} INFO - [2023-11-03T06:51:12.009+0000] {taskmixin.py:211} WARNING - Dependency <Task(_PythonDecoratedOperator): print_the_context>, log_sql_query already registered for DAG: example_python_operator
[2023-11-03T06:51:12.011+0000] {logging_mixin.py:149} INFO - [2023-11-03T06:51:12.010+0000] {taskmixin.py:211} WARNING - Dependency <Task(_PythonDecoratedOperator): log_sql_query>, print_the_context already registered for DAG: example_python_operator
[2023-11-03T06:51:12.014+0000] {logging_mixin.py:149} INFO - [2023-11-03T06:51:12.013+0000] {taskmixin.py:211} WARNING - Dependency <Task(_PythonDecoratedOperator): print_the_context>, log_sql_query already registered for DAG: example_python_operator
[2023-11-03T06:51:12.015+0000] {logging_mixin.py:149} INFO - [2023-11-03T06:51:12.014+0000] {taskmixin.py:211} WARNING - Dependency <Task(_PythonDecoratedOperator): log_sql_query>, print_the_context already registered for DAG: example_python_operator
[2023-11-03T06:51:12.017+0000] {logging_mixin.py:149} INFO - [2023-11-03T06:51:12.017+0000] {taskmixin.py:211} WARNING - Dependency <Task(_PythonDecoratedOperator): print_the_context>, log_sql_query already registered for DAG: example_python_operator
[2023-11-03T06:51:12.018+0000] {logging_mixin.py:149} INFO - [2023-11-03T06:51:12.018+0000] {taskmixin.py:211} WARNING - Dependency <Task(_PythonDecoratedOperator): log_sql_query>, print_the_context already registered for DAG: example_python_operator
[2023-11-03T06:51:12.036+0000] {logging_mixin.py:149} INFO - [2023-11-03T06:51:12.035+0000] {taskmixin.py:211} WARNING - Dependency <Task(_PythonDecoratedOperator): print_the_context>, log_sql_query already registered for DAG: example_python_operator
[2023-11-03T06:51:12.037+0000] {logging_mixin.py:149} INFO - [2023-11-03T06:51:12.036+0000] {taskmixin.py:211} WARNING - Dependency <Task(_PythonDecoratedOperator): log_sql_query>, print_the_context already registered for DAG: example_python_operator
[2023-11-03T06:51:12.038+0000] {logging_mixin.py:149} INFO - [2023-11-03T06:51:12.038+0000] {example_python_operator.py:90} WARNING - The virtalenv_python example task requires virtualenv, please install it.
[2023-11-03T06:51:12.040+0000] {processor.py:809} INFO - DAG(s) dict_keys(['example_python_operator']) retrieved from /usr/local/lib/python3.10/dist-packages/airflow/example_dags/example_python_operator.py
[2023-11-03T06:51:12.129+0000] {logging_mixin.py:149} INFO - [2023-11-03T06:51:12.128+0000] {dag.py:2726} INFO - Sync 1 DAGs
[2023-11-03T06:51:12.217+0000] {logging_mixin.py:149} INFO - [2023-11-03T06:51:12.216+0000] {dag.py:3486} INFO - Setting next_dagrun for example_python_operator to None, run_after=None
[2023-11-03T06:51:12.303+0000] {processor.py:178} INFO - Processing /usr/local/lib/python3.10/dist-packages/airflow/example_dags/example_python_operator.py took 0.324 seconds
