[2023-11-03T06:49:38.098+0000] {processor.py:156} INFO - Started process (PID=89500) to work on /usr/local/lib/python3.10/dist-packages/airflow/example_dags/example_sensors.py
[2023-11-03T06:49:38.099+0000] {processor.py:799} INFO - Processing file /usr/local/lib/python3.10/dist-packages/airflow/example_dags/example_sensors.py for tasks to queue
[2023-11-03T06:49:38.101+0000] {logging_mixin.py:149} INFO - [2023-11-03T06:49:38.101+0000] {dagbag.py:541} INFO - Filling up the DagBag from /usr/local/lib/python3.10/dist-packages/airflow/example_dags/example_sensors.py
[2023-11-03T06:49:38.124+0000] {processor.py:809} INFO - DAG(s) dict_keys(['example_sensors']) retrieved from /usr/local/lib/python3.10/dist-packages/airflow/example_dags/example_sensors.py
[2023-11-03T06:49:38.463+0000] {logging_mixin.py:149} INFO - [2023-11-03T06:49:38.463+0000] {dag.py:2726} INFO - Sync 1 DAGs
[2023-11-03T06:49:38.531+0000] {logging_mixin.py:149} INFO - [2023-11-03T06:49:38.530+0000] {dag.py:3486} INFO - Setting next_dagrun for example_sensors to None, run_after=None
[2023-11-03T06:49:38.590+0000] {processor.py:178} INFO - Processing /usr/local/lib/python3.10/dist-packages/airflow/example_dags/example_sensors.py took 0.499 seconds
[2023-11-03T06:50:09.102+0000] {processor.py:156} INFO - Started process (PID=90012) to work on /usr/local/lib/python3.10/dist-packages/airflow/example_dags/example_sensors.py
[2023-11-03T06:50:09.124+0000] {processor.py:799} INFO - Processing file /usr/local/lib/python3.10/dist-packages/airflow/example_dags/example_sensors.py for tasks to queue
[2023-11-03T06:50:09.126+0000] {logging_mixin.py:149} INFO - [2023-11-03T06:50:09.125+0000] {dagbag.py:541} INFO - Filling up the DagBag from /usr/local/lib/python3.10/dist-packages/airflow/example_dags/example_sensors.py
[2023-11-03T06:50:09.150+0000] {processor.py:809} INFO - DAG(s) dict_keys(['example_sensors']) retrieved from /usr/local/lib/python3.10/dist-packages/airflow/example_dags/example_sensors.py
[2023-11-03T06:50:09.240+0000] {logging_mixin.py:149} INFO - [2023-11-03T06:50:09.240+0000] {dag.py:2726} INFO - Sync 1 DAGs
[2023-11-03T06:50:09.314+0000] {logging_mixin.py:149} INFO - [2023-11-03T06:50:09.313+0000] {dag.py:3486} INFO - Setting next_dagrun for example_sensors to None, run_after=None
[2023-11-03T06:50:09.407+0000] {processor.py:178} INFO - Processing /usr/local/lib/python3.10/dist-packages/airflow/example_dags/example_sensors.py took 0.311 seconds
[2023-11-03T06:50:40.915+0000] {processor.py:156} INFO - Started process (PID=90357) to work on /usr/local/lib/python3.10/dist-packages/airflow/example_dags/example_sensors.py
[2023-11-03T06:50:40.934+0000] {processor.py:799} INFO - Processing file /usr/local/lib/python3.10/dist-packages/airflow/example_dags/example_sensors.py for tasks to queue
[2023-11-03T06:50:40.936+0000] {logging_mixin.py:149} INFO - [2023-11-03T06:50:40.936+0000] {dagbag.py:541} INFO - Filling up the DagBag from /usr/local/lib/python3.10/dist-packages/airflow/example_dags/example_sensors.py
[2023-11-03T06:50:40.964+0000] {processor.py:809} INFO - DAG(s) dict_keys(['example_sensors']) retrieved from /usr/local/lib/python3.10/dist-packages/airflow/example_dags/example_sensors.py
[2023-11-03T06:50:41.052+0000] {logging_mixin.py:149} INFO - [2023-11-03T06:50:41.051+0000] {dag.py:2726} INFO - Sync 1 DAGs
[2023-11-03T06:50:41.122+0000] {logging_mixin.py:149} INFO - [2023-11-03T06:50:41.121+0000] {dag.py:3486} INFO - Setting next_dagrun for example_sensors to None, run_after=None
[2023-11-03T06:50:41.218+0000] {processor.py:178} INFO - Processing /usr/local/lib/python3.10/dist-packages/airflow/example_dags/example_sensors.py took 0.310 seconds
[2023-11-03T06:51:11.443+0000] {processor.py:156} INFO - Started process (PID=90726) to work on /usr/local/lib/python3.10/dist-packages/airflow/example_dags/example_sensors.py
[2023-11-03T06:51:11.445+0000] {processor.py:799} INFO - Processing file /usr/local/lib/python3.10/dist-packages/airflow/example_dags/example_sensors.py for tasks to queue
[2023-11-03T06:51:11.446+0000] {logging_mixin.py:149} INFO - [2023-11-03T06:51:11.446+0000] {dagbag.py:541} INFO - Filling up the DagBag from /usr/local/lib/python3.10/dist-packages/airflow/example_dags/example_sensors.py
[2023-11-03T06:51:11.469+0000] {processor.py:809} INFO - DAG(s) dict_keys(['example_sensors']) retrieved from /usr/local/lib/python3.10/dist-packages/airflow/example_dags/example_sensors.py
[2023-11-03T06:51:11.569+0000] {logging_mixin.py:149} INFO - [2023-11-03T06:51:11.568+0000] {dag.py:2726} INFO - Sync 1 DAGs
[2023-11-03T06:51:11.657+0000] {logging_mixin.py:149} INFO - [2023-11-03T06:51:11.656+0000] {dag.py:3486} INFO - Setting next_dagrun for example_sensors to None, run_after=None
[2023-11-03T06:51:11.761+0000] {processor.py:178} INFO - Processing /usr/local/lib/python3.10/dist-packages/airflow/example_dags/example_sensors.py took 0.325 seconds
