[2023-11-03T06:49:41.888+0000] {processor.py:156} INFO - Started process (PID=89673) to work on /usr/local/lib/python3.10/dist-packages/airflow/example_dags/example_datasets.py
[2023-11-03T06:49:41.890+0000] {processor.py:799} INFO - Processing file /usr/local/lib/python3.10/dist-packages/airflow/example_dags/example_datasets.py for tasks to queue
[2023-11-03T06:49:41.892+0000] {logging_mixin.py:149} INFO - [2023-11-03T06:49:41.892+0000] {dagbag.py:541} INFO - Filling up the DagBag from /usr/local/lib/python3.10/dist-packages/airflow/example_dags/example_datasets.py
[2023-11-03T06:49:41.922+0000] {processor.py:809} INFO - DAG(s) dict_keys(['dataset_consumes_unknown_never_scheduled', 'dataset_produces_2', 'dataset_consumes_1_never_scheduled', 'dataset_consumes_1', 'dataset_consumes_1_and_2', 'dataset_produces_1']) retrieved from /usr/local/lib/python3.10/dist-packages/airflow/example_dags/example_datasets.py
[2023-11-03T06:49:42.458+0000] {logging_mixin.py:149} INFO - [2023-11-03T06:49:42.458+0000] {dag.py:2726} INFO - Sync 6 DAGs
[2023-11-03T06:49:42.540+0000] {logging_mixin.py:149} INFO - [2023-11-03T06:49:42.539+0000] {dag.py:3486} INFO - Setting next_dagrun for dataset_consumes_1 to None, run_after=None
[2023-11-03T06:49:42.550+0000] {logging_mixin.py:149} INFO - [2023-11-03T06:49:42.550+0000] {dag.py:3486} INFO - Setting next_dagrun for dataset_consumes_1_and_2 to None, run_after=None
[2023-11-03T06:49:42.555+0000] {logging_mixin.py:149} INFO - [2023-11-03T06:49:42.554+0000] {dag.py:3486} INFO - Setting next_dagrun for dataset_consumes_1_never_scheduled to None, run_after=None
[2023-11-03T06:49:42.559+0000] {logging_mixin.py:149} INFO - [2023-11-03T06:49:42.559+0000] {dag.py:3486} INFO - Setting next_dagrun for dataset_consumes_unknown_never_scheduled to None, run_after=None
[2023-11-03T06:49:42.568+0000] {logging_mixin.py:149} INFO - [2023-11-03T06:49:42.568+0000] {dag.py:3486} INFO - Setting next_dagrun for dataset_produces_1 to 2023-11-02T00:00:00+00:00, run_after=2023-11-03T00:00:00+00:00
[2023-11-03T06:49:42.573+0000] {logging_mixin.py:149} INFO - [2023-11-03T06:49:42.572+0000] {dag.py:3486} INFO - Setting next_dagrun for dataset_produces_2 to None, run_after=None
[2023-11-03T06:49:42.748+0000] {processor.py:178} INFO - Processing /usr/local/lib/python3.10/dist-packages/airflow/example_dags/example_datasets.py took 0.867 seconds
[2023-11-03T06:50:13.176+0000] {processor.py:156} INFO - Started process (PID=90102) to work on /usr/local/lib/python3.10/dist-packages/airflow/example_dags/example_datasets.py
[2023-11-03T06:50:13.212+0000] {processor.py:799} INFO - Processing file /usr/local/lib/python3.10/dist-packages/airflow/example_dags/example_datasets.py for tasks to queue
[2023-11-03T06:50:13.214+0000] {logging_mixin.py:149} INFO - [2023-11-03T06:50:13.213+0000] {dagbag.py:541} INFO - Filling up the DagBag from /usr/local/lib/python3.10/dist-packages/airflow/example_dags/example_datasets.py
[2023-11-03T06:50:13.237+0000] {processor.py:809} INFO - DAG(s) dict_keys(['dataset_consumes_unknown_never_scheduled', 'dataset_produces_2', 'dataset_produces_1', 'dataset_consumes_1', 'dataset_consumes_1_never_scheduled', 'dataset_consumes_1_and_2']) retrieved from /usr/local/lib/python3.10/dist-packages/airflow/example_dags/example_datasets.py
[2023-11-03T06:50:13.369+0000] {logging_mixin.py:149} INFO - [2023-11-03T06:50:13.369+0000] {dag.py:2726} INFO - Sync 6 DAGs
[2023-11-03T06:50:13.446+0000] {logging_mixin.py:149} INFO - [2023-11-03T06:50:13.445+0000] {dag.py:3486} INFO - Setting next_dagrun for dataset_consumes_1 to None, run_after=None
[2023-11-03T06:50:13.457+0000] {logging_mixin.py:149} INFO - [2023-11-03T06:50:13.457+0000] {dag.py:3486} INFO - Setting next_dagrun for dataset_consumes_1_and_2 to None, run_after=None
[2023-11-03T06:50:13.462+0000] {logging_mixin.py:149} INFO - [2023-11-03T06:50:13.461+0000] {dag.py:3486} INFO - Setting next_dagrun for dataset_consumes_1_never_scheduled to None, run_after=None
[2023-11-03T06:50:13.466+0000] {logging_mixin.py:149} INFO - [2023-11-03T06:50:13.466+0000] {dag.py:3486} INFO - Setting next_dagrun for dataset_consumes_unknown_never_scheduled to None, run_after=None
[2023-11-03T06:50:13.476+0000] {logging_mixin.py:149} INFO - [2023-11-03T06:50:13.475+0000] {dag.py:3486} INFO - Setting next_dagrun for dataset_produces_1 to 2023-11-02T00:00:00+00:00, run_after=2023-11-03T00:00:00+00:00
[2023-11-03T06:50:13.480+0000] {logging_mixin.py:149} INFO - [2023-11-03T06:50:13.480+0000] {dag.py:3486} INFO - Setting next_dagrun for dataset_produces_2 to None, run_after=None
[2023-11-03T06:50:13.641+0000] {processor.py:178} INFO - Processing /usr/local/lib/python3.10/dist-packages/airflow/example_dags/example_datasets.py took 0.471 seconds
[2023-11-03T06:50:44.311+0000] {processor.py:156} INFO - Started process (PID=90444) to work on /usr/local/lib/python3.10/dist-packages/airflow/example_dags/example_datasets.py
[2023-11-03T06:50:44.355+0000] {processor.py:799} INFO - Processing file /usr/local/lib/python3.10/dist-packages/airflow/example_dags/example_datasets.py for tasks to queue
[2023-11-03T06:50:44.357+0000] {logging_mixin.py:149} INFO - [2023-11-03T06:50:44.356+0000] {dagbag.py:541} INFO - Filling up the DagBag from /usr/local/lib/python3.10/dist-packages/airflow/example_dags/example_datasets.py
[2023-11-03T06:50:44.381+0000] {processor.py:809} INFO - DAG(s) dict_keys(['dataset_consumes_1', 'dataset_consumes_unknown_never_scheduled', 'dataset_consumes_1_never_scheduled', 'dataset_produces_1', 'dataset_produces_2', 'dataset_consumes_1_and_2']) retrieved from /usr/local/lib/python3.10/dist-packages/airflow/example_dags/example_datasets.py
[2023-11-03T06:50:44.515+0000] {logging_mixin.py:149} INFO - [2023-11-03T06:50:44.514+0000] {dag.py:2726} INFO - Sync 6 DAGs
[2023-11-03T06:50:44.595+0000] {logging_mixin.py:149} INFO - [2023-11-03T06:50:44.594+0000] {dag.py:3486} INFO - Setting next_dagrun for dataset_consumes_1 to None, run_after=None
[2023-11-03T06:50:44.606+0000] {logging_mixin.py:149} INFO - [2023-11-03T06:50:44.606+0000] {dag.py:3486} INFO - Setting next_dagrun for dataset_consumes_1_and_2 to None, run_after=None
[2023-11-03T06:50:44.611+0000] {logging_mixin.py:149} INFO - [2023-11-03T06:50:44.611+0000] {dag.py:3486} INFO - Setting next_dagrun for dataset_consumes_1_never_scheduled to None, run_after=None
[2023-11-03T06:50:44.616+0000] {logging_mixin.py:149} INFO - [2023-11-03T06:50:44.616+0000] {dag.py:3486} INFO - Setting next_dagrun for dataset_consumes_unknown_never_scheduled to None, run_after=None
[2023-11-03T06:50:44.625+0000] {logging_mixin.py:149} INFO - [2023-11-03T06:50:44.625+0000] {dag.py:3486} INFO - Setting next_dagrun for dataset_produces_1 to 2023-11-02T00:00:00+00:00, run_after=2023-11-03T00:00:00+00:00
[2023-11-03T06:50:44.629+0000] {logging_mixin.py:149} INFO - [2023-11-03T06:50:44.629+0000] {dag.py:3486} INFO - Setting next_dagrun for dataset_produces_2 to None, run_after=None
[2023-11-03T06:50:44.753+0000] {processor.py:178} INFO - Processing /usr/local/lib/python3.10/dist-packages/airflow/example_dags/example_datasets.py took 0.449 seconds
[2023-11-03T06:51:15.238+0000] {processor.py:156} INFO - Started process (PID=90816) to work on /usr/local/lib/python3.10/dist-packages/airflow/example_dags/example_datasets.py
[2023-11-03T06:51:15.240+0000] {processor.py:799} INFO - Processing file /usr/local/lib/python3.10/dist-packages/airflow/example_dags/example_datasets.py for tasks to queue
[2023-11-03T06:51:15.242+0000] {logging_mixin.py:149} INFO - [2023-11-03T06:51:15.241+0000] {dagbag.py:541} INFO - Filling up the DagBag from /usr/local/lib/python3.10/dist-packages/airflow/example_dags/example_datasets.py
[2023-11-03T06:51:15.268+0000] {processor.py:809} INFO - DAG(s) dict_keys(['dataset_consumes_1', 'dataset_consumes_1_and_2', 'dataset_consumes_unknown_never_scheduled', 'dataset_produces_1', 'dataset_produces_2', 'dataset_consumes_1_never_scheduled']) retrieved from /usr/local/lib/python3.10/dist-packages/airflow/example_dags/example_datasets.py
[2023-11-03T06:51:15.425+0000] {logging_mixin.py:149} INFO - [2023-11-03T06:51:15.424+0000] {dag.py:2726} INFO - Sync 6 DAGs
[2023-11-03T06:51:15.515+0000] {logging_mixin.py:149} INFO - [2023-11-03T06:51:15.514+0000] {dag.py:3486} INFO - Setting next_dagrun for dataset_consumes_1 to None, run_after=None
[2023-11-03T06:51:15.529+0000] {logging_mixin.py:149} INFO - [2023-11-03T06:51:15.529+0000] {dag.py:3486} INFO - Setting next_dagrun for dataset_consumes_1_and_2 to None, run_after=None
[2023-11-03T06:51:15.535+0000] {logging_mixin.py:149} INFO - [2023-11-03T06:51:15.535+0000] {dag.py:3486} INFO - Setting next_dagrun for dataset_consumes_1_never_scheduled to None, run_after=None
[2023-11-03T06:51:15.540+0000] {logging_mixin.py:149} INFO - [2023-11-03T06:51:15.539+0000] {dag.py:3486} INFO - Setting next_dagrun for dataset_consumes_unknown_never_scheduled to None, run_after=None
[2023-11-03T06:51:15.551+0000] {logging_mixin.py:149} INFO - [2023-11-03T06:51:15.550+0000] {dag.py:3486} INFO - Setting next_dagrun for dataset_produces_1 to 2023-11-02T00:00:00+00:00, run_after=2023-11-03T00:00:00+00:00
[2023-11-03T06:51:15.556+0000] {logging_mixin.py:149} INFO - [2023-11-03T06:51:15.555+0000] {dag.py:3486} INFO - Setting next_dagrun for dataset_produces_2 to None, run_after=None
[2023-11-03T06:51:15.701+0000] {processor.py:178} INFO - Processing /usr/local/lib/python3.10/dist-packages/airflow/example_dags/example_datasets.py took 0.470 seconds
