[2023-11-03T06:49:44.440+0000] {processor.py:156} INFO - Started process (PID=89767) to work on /usr/local/lib/python3.10/dist-packages/airflow/example_dags/example_branch_labels.py
[2023-11-03T06:49:44.441+0000] {processor.py:799} INFO - Processing file /usr/local/lib/python3.10/dist-packages/airflow/example_dags/example_branch_labels.py for tasks to queue
[2023-11-03T06:49:44.443+0000] {logging_mixin.py:149} INFO - [2023-11-03T06:49:44.443+0000] {dagbag.py:541} INFO - Filling up the DagBag from /usr/local/lib/python3.10/dist-packages/airflow/example_dags/example_branch_labels.py
[2023-11-03T06:49:44.675+0000] {processor.py:809} INFO - DAG(s) dict_keys(['example_branch_labels']) retrieved from /usr/local/lib/python3.10/dist-packages/airflow/example_dags/example_branch_labels.py
[2023-11-03T06:49:44.746+0000] {logging_mixin.py:149} INFO - [2023-11-03T06:49:44.746+0000] {dag.py:2726} INFO - Sync 1 DAGs
[2023-11-03T06:49:44.816+0000] {logging_mixin.py:149} INFO - [2023-11-03T06:49:44.815+0000] {dag.py:3486} INFO - Setting next_dagrun for example_branch_labels to 2023-11-02T00:00:00+00:00, run_after=2023-11-03T00:00:00+00:00
[2023-11-03T06:49:44.903+0000] {processor.py:178} INFO - Processing /usr/local/lib/python3.10/dist-packages/airflow/example_dags/example_branch_labels.py took 0.470 seconds
[2023-11-03T06:50:15.318+0000] {processor.py:156} INFO - Started process (PID=90138) to work on /usr/local/lib/python3.10/dist-packages/airflow/example_dags/example_branch_labels.py
[2023-11-03T06:50:15.356+0000] {processor.py:799} INFO - Processing file /usr/local/lib/python3.10/dist-packages/airflow/example_dags/example_branch_labels.py for tasks to queue
[2023-11-03T06:50:15.357+0000] {logging_mixin.py:149} INFO - [2023-11-03T06:50:15.357+0000] {dagbag.py:541} INFO - Filling up the DagBag from /usr/local/lib/python3.10/dist-packages/airflow/example_dags/example_branch_labels.py
[2023-11-03T06:50:15.374+0000] {processor.py:809} INFO - DAG(s) dict_keys(['example_branch_labels']) retrieved from /usr/local/lib/python3.10/dist-packages/airflow/example_dags/example_branch_labels.py
[2023-11-03T06:50:15.453+0000] {logging_mixin.py:149} INFO - [2023-11-03T06:50:15.453+0000] {dag.py:2726} INFO - Sync 1 DAGs
[2023-11-03T06:50:15.530+0000] {logging_mixin.py:149} INFO - [2023-11-03T06:50:15.529+0000] {dag.py:3486} INFO - Setting next_dagrun for example_branch_labels to 2023-11-02T00:00:00+00:00, run_after=2023-11-03T00:00:00+00:00
[2023-11-03T06:50:15.624+0000] {processor.py:178} INFO - Processing /usr/local/lib/python3.10/dist-packages/airflow/example_dags/example_branch_labels.py took 0.313 seconds
[2023-11-03T06:50:45.913+0000] {processor.py:156} INFO - Started process (PID=90480) to work on /usr/local/lib/python3.10/dist-packages/airflow/example_dags/example_branch_labels.py
[2023-11-03T06:50:45.915+0000] {processor.py:799} INFO - Processing file /usr/local/lib/python3.10/dist-packages/airflow/example_dags/example_branch_labels.py for tasks to queue
[2023-11-03T06:50:45.917+0000] {logging_mixin.py:149} INFO - [2023-11-03T06:50:45.916+0000] {dagbag.py:541} INFO - Filling up the DagBag from /usr/local/lib/python3.10/dist-packages/airflow/example_dags/example_branch_labels.py
[2023-11-03T06:50:45.934+0000] {processor.py:809} INFO - DAG(s) dict_keys(['example_branch_labels']) retrieved from /usr/local/lib/python3.10/dist-packages/airflow/example_dags/example_branch_labels.py
[2023-11-03T06:50:46.017+0000] {logging_mixin.py:149} INFO - [2023-11-03T06:50:46.017+0000] {dag.py:2726} INFO - Sync 1 DAGs
[2023-11-03T06:50:46.102+0000] {logging_mixin.py:149} INFO - [2023-11-03T06:50:46.101+0000] {dag.py:3486} INFO - Setting next_dagrun for example_branch_labels to 2023-11-02T00:00:00+00:00, run_after=2023-11-03T00:00:00+00:00
[2023-11-03T06:50:46.164+0000] {processor.py:178} INFO - Processing /usr/local/lib/python3.10/dist-packages/airflow/example_dags/example_branch_labels.py took 0.259 seconds
[2023-11-03T06:51:16.588+0000] {processor.py:156} INFO - Started process (PID=90850) to work on /usr/local/lib/python3.10/dist-packages/airflow/example_dags/example_branch_labels.py
[2023-11-03T06:51:16.631+0000] {processor.py:799} INFO - Processing file /usr/local/lib/python3.10/dist-packages/airflow/example_dags/example_branch_labels.py for tasks to queue
[2023-11-03T06:51:16.633+0000] {logging_mixin.py:149} INFO - [2023-11-03T06:51:16.632+0000] {dagbag.py:541} INFO - Filling up the DagBag from /usr/local/lib/python3.10/dist-packages/airflow/example_dags/example_branch_labels.py
[2023-11-03T06:51:16.650+0000] {processor.py:809} INFO - DAG(s) dict_keys(['example_branch_labels']) retrieved from /usr/local/lib/python3.10/dist-packages/airflow/example_dags/example_branch_labels.py
[2023-11-03T06:51:16.740+0000] {logging_mixin.py:149} INFO - [2023-11-03T06:51:16.739+0000] {dag.py:2726} INFO - Sync 1 DAGs
[2023-11-03T06:51:16.830+0000] {logging_mixin.py:149} INFO - [2023-11-03T06:51:16.830+0000] {dag.py:3486} INFO - Setting next_dagrun for example_branch_labels to 2023-11-02T00:00:00+00:00, run_after=2023-11-03T00:00:00+00:00
[2023-11-03T06:51:16.900+0000] {processor.py:178} INFO - Processing /usr/local/lib/python3.10/dist-packages/airflow/example_dags/example_branch_labels.py took 0.319 seconds
