[2023-11-03T06:49:33.310+0000] {processor.py:156} INFO - Started process (PID=89383) to work on /usr/local/lib/python3.10/dist-packages/airflow/example_dags/example_xcom.py
[2023-11-03T06:49:33.312+0000] {processor.py:799} INFO - Processing file /usr/local/lib/python3.10/dist-packages/airflow/example_dags/example_xcom.py for tasks to queue
[2023-11-03T06:49:33.314+0000] {logging_mixin.py:149} INFO - [2023-11-03T06:49:33.313+0000] {dagbag.py:541} INFO - Filling up the DagBag from /usr/local/lib/python3.10/dist-packages/airflow/example_dags/example_xcom.py
[2023-11-03T06:49:33.342+0000] {processor.py:809} INFO - DAG(s) dict_keys(['example_xcom']) retrieved from /usr/local/lib/python3.10/dist-packages/airflow/example_dags/example_xcom.py
[2023-11-03T06:49:33.494+0000] {logging_mixin.py:149} INFO - [2023-11-03T06:49:33.494+0000] {dag.py:2726} INFO - Sync 1 DAGs
[2023-11-03T06:49:33.789+0000] {logging_mixin.py:149} INFO - [2023-11-03T06:49:33.788+0000] {dag.py:3486} INFO - Setting next_dagrun for example_xcom to 2021-01-01T00:00:00+00:00, run_after=2021-01-01T00:00:00+00:00
[2023-11-03T06:49:33.894+0000] {processor.py:178} INFO - Processing /usr/local/lib/python3.10/dist-packages/airflow/example_dags/example_xcom.py took 0.590 seconds
[2023-11-03T06:50:03.953+0000] {processor.py:156} INFO - Started process (PID=89880) to work on /usr/local/lib/python3.10/dist-packages/airflow/example_dags/example_xcom.py
[2023-11-03T06:50:03.987+0000] {processor.py:799} INFO - Processing file /usr/local/lib/python3.10/dist-packages/airflow/example_dags/example_xcom.py for tasks to queue
[2023-11-03T06:50:03.989+0000] {logging_mixin.py:149} INFO - [2023-11-03T06:50:03.989+0000] {dagbag.py:541} INFO - Filling up the DagBag from /usr/local/lib/python3.10/dist-packages/airflow/example_dags/example_xcom.py
[2023-11-03T06:50:04.006+0000] {processor.py:809} INFO - DAG(s) dict_keys(['example_xcom']) retrieved from /usr/local/lib/python3.10/dist-packages/airflow/example_dags/example_xcom.py
[2023-11-03T06:50:04.091+0000] {logging_mixin.py:149} INFO - [2023-11-03T06:50:04.090+0000] {dag.py:2726} INFO - Sync 1 DAGs
[2023-11-03T06:50:04.165+0000] {logging_mixin.py:149} INFO - [2023-11-03T06:50:04.165+0000] {dag.py:3486} INFO - Setting next_dagrun for example_xcom to 2021-01-01T00:00:00+00:00, run_after=2021-01-01T00:00:00+00:00
[2023-11-03T06:50:04.265+0000] {processor.py:178} INFO - Processing /usr/local/lib/python3.10/dist-packages/airflow/example_dags/example_xcom.py took 0.319 seconds
[2023-11-03T06:50:34.866+0000] {processor.py:156} INFO - Started process (PID=90220) to work on /usr/local/lib/python3.10/dist-packages/airflow/example_dags/example_xcom.py
[2023-11-03T06:50:34.888+0000] {processor.py:799} INFO - Processing file /usr/local/lib/python3.10/dist-packages/airflow/example_dags/example_xcom.py for tasks to queue
[2023-11-03T06:50:34.890+0000] {logging_mixin.py:149} INFO - [2023-11-03T06:50:34.889+0000] {dagbag.py:541} INFO - Filling up the DagBag from /usr/local/lib/python3.10/dist-packages/airflow/example_dags/example_xcom.py
[2023-11-03T06:50:34.908+0000] {processor.py:809} INFO - DAG(s) dict_keys(['example_xcom']) retrieved from /usr/local/lib/python3.10/dist-packages/airflow/example_dags/example_xcom.py
[2023-11-03T06:50:34.985+0000] {logging_mixin.py:149} INFO - [2023-11-03T06:50:34.984+0000] {dag.py:2726} INFO - Sync 1 DAGs
[2023-11-03T06:50:35.055+0000] {logging_mixin.py:149} INFO - [2023-11-03T06:50:35.054+0000] {dag.py:3486} INFO - Setting next_dagrun for example_xcom to 2021-01-01T00:00:00+00:00, run_after=2021-01-01T00:00:00+00:00
[2023-11-03T06:50:35.122+0000] {processor.py:178} INFO - Processing /usr/local/lib/python3.10/dist-packages/airflow/example_dags/example_xcom.py took 0.264 seconds
[2023-11-03T06:51:05.644+0000] {processor.py:156} INFO - Started process (PID=90589) to work on /usr/local/lib/python3.10/dist-packages/airflow/example_dags/example_xcom.py
[2023-11-03T06:51:05.683+0000] {processor.py:799} INFO - Processing file /usr/local/lib/python3.10/dist-packages/airflow/example_dags/example_xcom.py for tasks to queue
[2023-11-03T06:51:05.685+0000] {logging_mixin.py:149} INFO - [2023-11-03T06:51:05.685+0000] {dagbag.py:541} INFO - Filling up the DagBag from /usr/local/lib/python3.10/dist-packages/airflow/example_dags/example_xcom.py
[2023-11-03T06:51:05.705+0000] {processor.py:809} INFO - DAG(s) dict_keys(['example_xcom']) retrieved from /usr/local/lib/python3.10/dist-packages/airflow/example_dags/example_xcom.py
[2023-11-03T06:51:05.785+0000] {logging_mixin.py:149} INFO - [2023-11-03T06:51:05.784+0000] {dag.py:2726} INFO - Sync 1 DAGs
[2023-11-03T06:51:05.866+0000] {logging_mixin.py:149} INFO - [2023-11-03T06:51:05.866+0000] {dag.py:3486} INFO - Setting next_dagrun for example_xcom to 2021-01-01T00:00:00+00:00, run_after=2021-01-01T00:00:00+00:00
[2023-11-03T06:51:05.997+0000] {processor.py:178} INFO - Processing /usr/local/lib/python3.10/dist-packages/airflow/example_dags/example_xcom.py took 0.360 seconds
