[2023-11-03T06:49:41.513+0000] {processor.py:156} INFO - Started process (PID=89610) to work on /usr/local/lib/python3.10/dist-packages/airflow/example_dags/example_dynamic_task_mapping.py
[2023-11-03T06:49:41.516+0000] {processor.py:799} INFO - Processing file /usr/local/lib/python3.10/dist-packages/airflow/example_dags/example_dynamic_task_mapping.py for tasks to queue
[2023-11-03T06:49:41.518+0000] {logging_mixin.py:149} INFO - [2023-11-03T06:49:41.517+0000] {dagbag.py:541} INFO - Filling up the DagBag from /usr/local/lib/python3.10/dist-packages/airflow/example_dags/example_dynamic_task_mapping.py
[2023-11-03T06:49:41.777+0000] {processor.py:809} INFO - DAG(s) dict_keys(['example_dynamic_task_mapping']) retrieved from /usr/local/lib/python3.10/dist-packages/airflow/example_dags/example_dynamic_task_mapping.py
[2023-11-03T06:49:41.853+0000] {logging_mixin.py:149} INFO - [2023-11-03T06:49:41.853+0000] {dag.py:2726} INFO - Sync 1 DAGs
[2023-11-03T06:49:41.937+0000] {logging_mixin.py:149} INFO - [2023-11-03T06:49:41.937+0000] {dag.py:3486} INFO - Setting next_dagrun for example_dynamic_task_mapping to 2022-03-04T00:00:00+00:00, run_after=2022-03-05T00:00:00+00:00
[2023-11-03T06:49:42.034+0000] {processor.py:178} INFO - Processing /usr/local/lib/python3.10/dist-packages/airflow/example_dags/example_dynamic_task_mapping.py took 0.529 seconds
[2023-11-03T06:50:12.400+0000] {processor.py:156} INFO - Started process (PID=90090) to work on /usr/local/lib/python3.10/dist-packages/airflow/example_dags/example_dynamic_task_mapping.py
[2023-11-03T06:50:12.442+0000] {processor.py:799} INFO - Processing file /usr/local/lib/python3.10/dist-packages/airflow/example_dags/example_dynamic_task_mapping.py for tasks to queue
[2023-11-03T06:50:12.445+0000] {logging_mixin.py:149} INFO - [2023-11-03T06:50:12.444+0000] {dagbag.py:541} INFO - Filling up the DagBag from /usr/local/lib/python3.10/dist-packages/airflow/example_dags/example_dynamic_task_mapping.py
[2023-11-03T06:50:12.462+0000] {processor.py:809} INFO - DAG(s) dict_keys(['example_dynamic_task_mapping']) retrieved from /usr/local/lib/python3.10/dist-packages/airflow/example_dags/example_dynamic_task_mapping.py
[2023-11-03T06:50:12.544+0000] {logging_mixin.py:149} INFO - [2023-11-03T06:50:12.544+0000] {dag.py:2726} INFO - Sync 1 DAGs
[2023-11-03T06:50:12.621+0000] {logging_mixin.py:149} INFO - [2023-11-03T06:50:12.620+0000] {dag.py:3486} INFO - Setting next_dagrun for example_dynamic_task_mapping to 2022-03-04T00:00:00+00:00, run_after=2022-03-05T00:00:00+00:00
[2023-11-03T06:50:12.723+0000] {processor.py:178} INFO - Processing /usr/local/lib/python3.10/dist-packages/airflow/example_dags/example_dynamic_task_mapping.py took 0.330 seconds
[2023-11-03T06:50:42.921+0000] {processor.py:156} INFO - Started process (PID=90429) to work on /usr/local/lib/python3.10/dist-packages/airflow/example_dags/example_dynamic_task_mapping.py
[2023-11-03T06:50:42.949+0000] {processor.py:799} INFO - Processing file /usr/local/lib/python3.10/dist-packages/airflow/example_dags/example_dynamic_task_mapping.py for tasks to queue
[2023-11-03T06:50:42.951+0000] {logging_mixin.py:149} INFO - [2023-11-03T06:50:42.950+0000] {dagbag.py:541} INFO - Filling up the DagBag from /usr/local/lib/python3.10/dist-packages/airflow/example_dags/example_dynamic_task_mapping.py
[2023-11-03T06:50:42.967+0000] {processor.py:809} INFO - DAG(s) dict_keys(['example_dynamic_task_mapping']) retrieved from /usr/local/lib/python3.10/dist-packages/airflow/example_dags/example_dynamic_task_mapping.py
[2023-11-03T06:50:43.041+0000] {logging_mixin.py:149} INFO - [2023-11-03T06:50:43.041+0000] {dag.py:2726} INFO - Sync 1 DAGs
[2023-11-03T06:50:43.117+0000] {logging_mixin.py:149} INFO - [2023-11-03T06:50:43.116+0000] {dag.py:3486} INFO - Setting next_dagrun for example_dynamic_task_mapping to 2022-03-04T00:00:00+00:00, run_after=2022-03-05T00:00:00+00:00
[2023-11-03T06:50:43.214+0000] {processor.py:178} INFO - Processing /usr/local/lib/python3.10/dist-packages/airflow/example_dags/example_dynamic_task_mapping.py took 0.300 seconds
[2023-11-03T06:51:13.845+0000] {processor.py:156} INFO - Started process (PID=90802) to work on /usr/local/lib/python3.10/dist-packages/airflow/example_dags/example_dynamic_task_mapping.py
[2023-11-03T06:51:13.847+0000] {processor.py:799} INFO - Processing file /usr/local/lib/python3.10/dist-packages/airflow/example_dags/example_dynamic_task_mapping.py for tasks to queue
[2023-11-03T06:51:13.849+0000] {logging_mixin.py:149} INFO - [2023-11-03T06:51:13.848+0000] {dagbag.py:541} INFO - Filling up the DagBag from /usr/local/lib/python3.10/dist-packages/airflow/example_dags/example_dynamic_task_mapping.py
[2023-11-03T06:51:13.867+0000] {processor.py:809} INFO - DAG(s) dict_keys(['example_dynamic_task_mapping']) retrieved from /usr/local/lib/python3.10/dist-packages/airflow/example_dags/example_dynamic_task_mapping.py
[2023-11-03T06:51:13.950+0000] {logging_mixin.py:149} INFO - [2023-11-03T06:51:13.949+0000] {dag.py:2726} INFO - Sync 1 DAGs
[2023-11-03T06:51:14.034+0000] {logging_mixin.py:149} INFO - [2023-11-03T06:51:14.034+0000] {dag.py:3486} INFO - Setting next_dagrun for example_dynamic_task_mapping to 2022-03-04T00:00:00+00:00, run_after=2022-03-05T00:00:00+00:00
[2023-11-03T06:51:14.165+0000] {processor.py:178} INFO - Processing /usr/local/lib/python3.10/dist-packages/airflow/example_dags/example_dynamic_task_mapping.py took 0.328 seconds
