[2023-11-03T06:49:37.337+0000] {processor.py:156} INFO - Started process (PID=89474) to work on /usr/local/lib/python3.10/dist-packages/airflow/example_dags/example_skip_dag.py
[2023-11-03T06:49:37.339+0000] {processor.py:799} INFO - Processing file /usr/local/lib/python3.10/dist-packages/airflow/example_dags/example_skip_dag.py for tasks to queue
[2023-11-03T06:49:37.341+0000] {logging_mixin.py:149} INFO - [2023-11-03T06:49:37.340+0000] {dagbag.py:541} INFO - Filling up the DagBag from /usr/local/lib/python3.10/dist-packages/airflow/example_dags/example_skip_dag.py
[2023-11-03T06:49:37.359+0000] {processor.py:809} INFO - DAG(s) dict_keys(['example_skip_dag']) retrieved from /usr/local/lib/python3.10/dist-packages/airflow/example_dags/example_skip_dag.py
[2023-11-03T06:49:37.441+0000] {logging_mixin.py:149} INFO - [2023-11-03T06:49:37.440+0000] {dag.py:2726} INFO - Sync 1 DAGs
[2023-11-03T06:49:37.729+0000] {logging_mixin.py:149} INFO - [2023-11-03T06:49:37.729+0000] {dag.py:3486} INFO - Setting next_dagrun for example_skip_dag to 2023-11-02T06:49:37.728997+00:00, run_after=2023-11-03T06:49:37.728997+00:00
[2023-11-03T06:49:37.830+0000] {processor.py:178} INFO - Processing /usr/local/lib/python3.10/dist-packages/airflow/example_dags/example_skip_dag.py took 0.501 seconds
[2023-11-03T06:50:08.775+0000] {processor.py:156} INFO - Started process (PID=89996) to work on /usr/local/lib/python3.10/dist-packages/airflow/example_dags/example_skip_dag.py
[2023-11-03T06:50:08.778+0000] {processor.py:799} INFO - Processing file /usr/local/lib/python3.10/dist-packages/airflow/example_dags/example_skip_dag.py for tasks to queue
[2023-11-03T06:50:08.780+0000] {logging_mixin.py:149} INFO - [2023-11-03T06:50:08.780+0000] {dagbag.py:541} INFO - Filling up the DagBag from /usr/local/lib/python3.10/dist-packages/airflow/example_dags/example_skip_dag.py
[2023-11-03T06:50:08.796+0000] {processor.py:809} INFO - DAG(s) dict_keys(['example_skip_dag']) retrieved from /usr/local/lib/python3.10/dist-packages/airflow/example_dags/example_skip_dag.py
[2023-11-03T06:50:08.876+0000] {logging_mixin.py:149} INFO - [2023-11-03T06:50:08.876+0000] {dag.py:2726} INFO - Sync 1 DAGs
[2023-11-03T06:50:08.950+0000] {logging_mixin.py:149} INFO - [2023-11-03T06:50:08.950+0000] {dag.py:3486} INFO - Setting next_dagrun for example_skip_dag to 2023-11-02T06:50:08.949768+00:00, run_after=2023-11-03T06:50:08.949768+00:00
[2023-11-03T06:50:09.012+0000] {processor.py:178} INFO - Processing /usr/local/lib/python3.10/dist-packages/airflow/example_dags/example_skip_dag.py took 0.244 seconds
[2023-11-03T06:50:39.967+0000] {processor.py:156} INFO - Started process (PID=90339) to work on /usr/local/lib/python3.10/dist-packages/airflow/example_dags/example_skip_dag.py
[2023-11-03T06:50:40.011+0000] {processor.py:799} INFO - Processing file /usr/local/lib/python3.10/dist-packages/airflow/example_dags/example_skip_dag.py for tasks to queue
[2023-11-03T06:50:40.013+0000] {logging_mixin.py:149} INFO - [2023-11-03T06:50:40.013+0000] {dagbag.py:541} INFO - Filling up the DagBag from /usr/local/lib/python3.10/dist-packages/airflow/example_dags/example_skip_dag.py
[2023-11-03T06:50:40.028+0000] {processor.py:809} INFO - DAG(s) dict_keys(['example_skip_dag']) retrieved from /usr/local/lib/python3.10/dist-packages/airflow/example_dags/example_skip_dag.py
[2023-11-03T06:50:40.111+0000] {logging_mixin.py:149} INFO - [2023-11-03T06:50:40.110+0000] {dag.py:2726} INFO - Sync 1 DAGs
[2023-11-03T06:50:40.189+0000] {logging_mixin.py:149} INFO - [2023-11-03T06:50:40.189+0000] {dag.py:3486} INFO - Setting next_dagrun for example_skip_dag to 2023-11-02T06:50:40.188585+00:00, run_after=2023-11-03T06:50:40.188585+00:00
[2023-11-03T06:50:40.291+0000] {processor.py:178} INFO - Processing /usr/local/lib/python3.10/dist-packages/airflow/example_dags/example_skip_dag.py took 0.333 seconds
[2023-11-03T06:51:10.388+0000] {processor.py:156} INFO - Started process (PID=90711) to work on /usr/local/lib/python3.10/dist-packages/airflow/example_dags/example_skip_dag.py
[2023-11-03T06:51:10.389+0000] {processor.py:799} INFO - Processing file /usr/local/lib/python3.10/dist-packages/airflow/example_dags/example_skip_dag.py for tasks to queue
[2023-11-03T06:51:10.392+0000] {logging_mixin.py:149} INFO - [2023-11-03T06:51:10.391+0000] {dagbag.py:541} INFO - Filling up the DagBag from /usr/local/lib/python3.10/dist-packages/airflow/example_dags/example_skip_dag.py
[2023-11-03T06:51:10.412+0000] {processor.py:809} INFO - DAG(s) dict_keys(['example_skip_dag']) retrieved from /usr/local/lib/python3.10/dist-packages/airflow/example_dags/example_skip_dag.py
[2023-11-03T06:51:10.499+0000] {logging_mixin.py:149} INFO - [2023-11-03T06:51:10.499+0000] {dag.py:2726} INFO - Sync 1 DAGs
[2023-11-03T06:51:10.588+0000] {logging_mixin.py:149} INFO - [2023-11-03T06:51:10.587+0000] {dag.py:3486} INFO - Setting next_dagrun for example_skip_dag to 2023-11-02T06:51:10.587187+00:00, run_after=2023-11-03T06:51:10.587187+00:00
[2023-11-03T06:51:10.691+0000] {processor.py:178} INFO - Processing /usr/local/lib/python3.10/dist-packages/airflow/example_dags/example_skip_dag.py took 0.310 seconds
