[2023-11-03T06:49:33.078+0000] {processor.py:156} INFO - Started process (PID=89371) to work on /usr/local/lib/python3.10/dist-packages/airflow/example_dags/plugins/listener_plugin.py
[2023-11-03T06:49:33.079+0000] {processor.py:799} INFO - Processing file /usr/local/lib/python3.10/dist-packages/airflow/example_dags/plugins/listener_plugin.py for tasks to queue
[2023-11-03T06:49:33.081+0000] {logging_mixin.py:149} INFO - [2023-11-03T06:49:33.081+0000] {dagbag.py:541} INFO - Filling up the DagBag from /usr/local/lib/python3.10/dist-packages/airflow/example_dags/plugins/listener_plugin.py
[2023-11-03T06:49:33.086+0000] {processor.py:811} WARNING - No viable dags retrieved from /usr/local/lib/python3.10/dist-packages/airflow/example_dags/plugins/listener_plugin.py
[2023-11-03T06:49:33.134+0000] {processor.py:178} INFO - Processing /usr/local/lib/python3.10/dist-packages/airflow/example_dags/plugins/listener_plugin.py took 0.063 seconds
[2023-11-03T06:50:03.629+0000] {processor.py:156} INFO - Started process (PID=89868) to work on /usr/local/lib/python3.10/dist-packages/airflow/example_dags/plugins/listener_plugin.py
[2023-11-03T06:50:03.662+0000] {processor.py:799} INFO - Processing file /usr/local/lib/python3.10/dist-packages/airflow/example_dags/plugins/listener_plugin.py for tasks to queue
[2023-11-03T06:50:03.665+0000] {logging_mixin.py:149} INFO - [2023-11-03T06:50:03.665+0000] {dagbag.py:541} INFO - Filling up the DagBag from /usr/local/lib/python3.10/dist-packages/airflow/example_dags/plugins/listener_plugin.py
[2023-11-03T06:50:03.670+0000] {processor.py:811} WARNING - No viable dags retrieved from /usr/local/lib/python3.10/dist-packages/airflow/example_dags/plugins/listener_plugin.py
[2023-11-03T06:50:03.718+0000] {processor.py:178} INFO - Processing /usr/local/lib/python3.10/dist-packages/airflow/example_dags/plugins/listener_plugin.py took 0.095 seconds
[2023-11-03T06:50:33.813+0000] {processor.py:156} INFO - Started process (PID=90208) to work on /usr/local/lib/python3.10/dist-packages/airflow/example_dags/plugins/listener_plugin.py
[2023-11-03T06:50:33.836+0000] {processor.py:799} INFO - Processing file /usr/local/lib/python3.10/dist-packages/airflow/example_dags/plugins/listener_plugin.py for tasks to queue
[2023-11-03T06:50:33.837+0000] {logging_mixin.py:149} INFO - [2023-11-03T06:50:33.837+0000] {dagbag.py:541} INFO - Filling up the DagBag from /usr/local/lib/python3.10/dist-packages/airflow/example_dags/plugins/listener_plugin.py
[2023-11-03T06:50:33.843+0000] {processor.py:811} WARNING - No viable dags retrieved from /usr/local/lib/python3.10/dist-packages/airflow/example_dags/plugins/listener_plugin.py
[2023-11-03T06:50:33.889+0000] {processor.py:178} INFO - Processing /usr/local/lib/python3.10/dist-packages/airflow/example_dags/plugins/listener_plugin.py took 0.083 seconds
[2023-11-03T06:51:04.586+0000] {processor.py:156} INFO - Started process (PID=90580) to work on /usr/local/lib/python3.10/dist-packages/airflow/example_dags/plugins/listener_plugin.py
[2023-11-03T06:51:04.588+0000] {processor.py:799} INFO - Processing file /usr/local/lib/python3.10/dist-packages/airflow/example_dags/plugins/listener_plugin.py for tasks to queue
[2023-11-03T06:51:04.589+0000] {logging_mixin.py:149} INFO - [2023-11-03T06:51:04.589+0000] {dagbag.py:541} INFO - Filling up the DagBag from /usr/local/lib/python3.10/dist-packages/airflow/example_dags/plugins/listener_plugin.py
[2023-11-03T06:51:04.594+0000] {processor.py:811} WARNING - No viable dags retrieved from /usr/local/lib/python3.10/dist-packages/airflow/example_dags/plugins/listener_plugin.py
[2023-11-03T06:51:04.643+0000] {processor.py:178} INFO - Processing /usr/local/lib/python3.10/dist-packages/airflow/example_dags/plugins/listener_plugin.py took 0.063 seconds
