[2023-11-23T18:07:58.396+0000] {processor.py:156} INFO - Started process (PID=456091) to work on /home/mani-dev/airflow/dags/utils/load_url.py
[2023-11-23T18:07:58.398+0000] {processor.py:799} INFO - Processing file /home/mani-dev/airflow/dags/utils/load_url.py for tasks to queue
[2023-11-23T18:07:58.400+0000] {logging_mixin.py:149} INFO - [2023-11-23T18:07:58.400+0000] {dagbag.py:541} INFO - Filling up the DagBag from /home/mani-dev/airflow/dags/utils/load_url.py
[2023-11-23T18:07:58.404+0000] {processor.py:811} WARNING - No viable dags retrieved from /home/mani-dev/airflow/dags/utils/load_url.py
[2023-11-23T18:07:58.455+0000] {processor.py:178} INFO - Processing /home/mani-dev/airflow/dags/utils/load_url.py took 0.066 seconds
[2023-11-23T18:08:28.604+0000] {processor.py:156} INFO - Started process (PID=456177) to work on /home/mani-dev/airflow/dags/utils/load_url.py
[2023-11-23T18:08:28.606+0000] {processor.py:799} INFO - Processing file /home/mani-dev/airflow/dags/utils/load_url.py for tasks to queue
[2023-11-23T18:08:28.608+0000] {logging_mixin.py:149} INFO - [2023-11-23T18:08:28.608+0000] {dagbag.py:541} INFO - Filling up the DagBag from /home/mani-dev/airflow/dags/utils/load_url.py
[2023-11-23T18:08:28.612+0000] {processor.py:811} WARNING - No viable dags retrieved from /home/mani-dev/airflow/dags/utils/load_url.py
[2023-11-23T18:08:28.662+0000] {processor.py:178} INFO - Processing /home/mani-dev/airflow/dags/utils/load_url.py took 0.066 seconds
[2023-11-23T18:08:59.176+0000] {processor.py:156} INFO - Started process (PID=456214) to work on /home/mani-dev/airflow/dags/utils/load_url.py
[2023-11-23T18:08:59.216+0000] {processor.py:799} INFO - Processing file /home/mani-dev/airflow/dags/utils/load_url.py for tasks to queue
[2023-11-23T18:08:59.218+0000] {logging_mixin.py:149} INFO - [2023-11-23T18:08:59.218+0000] {dagbag.py:541} INFO - Filling up the DagBag from /home/mani-dev/airflow/dags/utils/load_url.py
[2023-11-23T18:08:59.223+0000] {processor.py:811} WARNING - No viable dags retrieved from /home/mani-dev/airflow/dags/utils/load_url.py
[2023-11-23T18:08:59.278+0000] {processor.py:178} INFO - Processing /home/mani-dev/airflow/dags/utils/load_url.py took 0.110 seconds
[2023-11-23T18:09:29.720+0000] {processor.py:156} INFO - Started process (PID=456323) to work on /home/mani-dev/airflow/dags/utils/load_url.py
[2023-11-23T18:09:29.722+0000] {processor.py:799} INFO - Processing file /home/mani-dev/airflow/dags/utils/load_url.py for tasks to queue
[2023-11-23T18:09:29.724+0000] {logging_mixin.py:149} INFO - [2023-11-23T18:09:29.723+0000] {dagbag.py:541} INFO - Filling up the DagBag from /home/mani-dev/airflow/dags/utils/load_url.py
[2023-11-23T18:09:29.729+0000] {processor.py:811} WARNING - No viable dags retrieved from /home/mani-dev/airflow/dags/utils/load_url.py
[2023-11-23T18:09:29.779+0000] {processor.py:178} INFO - Processing /home/mani-dev/airflow/dags/utils/load_url.py took 0.068 seconds
[2023-11-23T18:10:00.296+0000] {processor.py:156} INFO - Started process (PID=456362) to work on /home/mani-dev/airflow/dags/utils/load_url.py
[2023-11-23T18:10:00.334+0000] {processor.py:799} INFO - Processing file /home/mani-dev/airflow/dags/utils/load_url.py for tasks to queue
[2023-11-23T18:10:00.336+0000] {logging_mixin.py:149} INFO - [2023-11-23T18:10:00.336+0000] {dagbag.py:541} INFO - Filling up the DagBag from /home/mani-dev/airflow/dags/utils/load_url.py
[2023-11-23T18:10:00.342+0000] {processor.py:811} WARNING - No viable dags retrieved from /home/mani-dev/airflow/dags/utils/load_url.py
[2023-11-23T18:10:00.402+0000] {processor.py:178} INFO - Processing /home/mani-dev/airflow/dags/utils/load_url.py took 0.114 seconds
[2023-11-23T18:10:31.185+0000] {processor.py:156} INFO - Started process (PID=456437) to work on /home/mani-dev/airflow/dags/utils/load_url.py
[2023-11-23T18:10:31.187+0000] {processor.py:799} INFO - Processing file /home/mani-dev/airflow/dags/utils/load_url.py for tasks to queue
[2023-11-23T18:10:31.190+0000] {logging_mixin.py:149} INFO - [2023-11-23T18:10:31.189+0000] {dagbag.py:541} INFO - Filling up the DagBag from /home/mani-dev/airflow/dags/utils/load_url.py
[2023-11-23T18:10:31.194+0000] {processor.py:811} WARNING - No viable dags retrieved from /home/mani-dev/airflow/dags/utils/load_url.py
[2023-11-23T18:10:31.245+0000] {processor.py:178} INFO - Processing /home/mani-dev/airflow/dags/utils/load_url.py took 0.068 seconds
[2023-11-23T18:10:33.749+0000] {processor.py:156} INFO - Started process (PID=456439) to work on /home/mani-dev/airflow/dags/utils/load_url.py
[2023-11-23T18:10:33.790+0000] {processor.py:799} INFO - Processing file /home/mani-dev/airflow/dags/utils/load_url.py for tasks to queue
[2023-11-23T18:10:33.792+0000] {logging_mixin.py:149} INFO - [2023-11-23T18:10:33.792+0000] {dagbag.py:541} INFO - Filling up the DagBag from /home/mani-dev/airflow/dags/utils/load_url.py
[2023-11-23T18:10:33.797+0000] {processor.py:811} WARNING - No viable dags retrieved from /home/mani-dev/airflow/dags/utils/load_url.py
[2023-11-23T18:10:33.855+0000] {processor.py:178} INFO - Processing /home/mani-dev/airflow/dags/utils/load_url.py took 0.112 seconds
[2023-11-23T18:11:01.852+0000] {processor.py:156} INFO - Started process (PID=456495) to work on /home/mani-dev/airflow/dags/utils/load_url.py
[2023-11-23T18:11:01.854+0000] {processor.py:799} INFO - Processing file /home/mani-dev/airflow/dags/utils/load_url.py for tasks to queue
[2023-11-23T18:11:01.856+0000] {logging_mixin.py:149} INFO - [2023-11-23T18:11:01.856+0000] {dagbag.py:541} INFO - Filling up the DagBag from /home/mani-dev/airflow/dags/utils/load_url.py
[2023-11-23T18:11:01.861+0000] {processor.py:811} WARNING - No viable dags retrieved from /home/mani-dev/airflow/dags/utils/load_url.py
[2023-11-23T18:11:01.909+0000] {processor.py:178} INFO - Processing /home/mani-dev/airflow/dags/utils/load_url.py took 0.066 seconds
[2023-11-23T18:11:04.481+0000] {processor.py:156} INFO - Started process (PID=456509) to work on /home/mani-dev/airflow/dags/utils/load_url.py
[2023-11-23T18:11:04.483+0000] {processor.py:799} INFO - Processing file /home/mani-dev/airflow/dags/utils/load_url.py for tasks to queue
[2023-11-23T18:11:04.485+0000] {logging_mixin.py:149} INFO - [2023-11-23T18:11:04.484+0000] {dagbag.py:541} INFO - Filling up the DagBag from /home/mani-dev/airflow/dags/utils/load_url.py
[2023-11-23T18:11:04.489+0000] {processor.py:811} WARNING - No viable dags retrieved from /home/mani-dev/airflow/dags/utils/load_url.py
[2023-11-23T18:11:04.543+0000] {processor.py:178} INFO - Processing /home/mani-dev/airflow/dags/utils/load_url.py took 0.070 seconds
[2023-11-23T18:11:32.612+0000] {processor.py:156} INFO - Started process (PID=456553) to work on /home/mani-dev/airflow/dags/utils/load_url.py
[2023-11-23T18:11:32.650+0000] {processor.py:799} INFO - Processing file /home/mani-dev/airflow/dags/utils/load_url.py for tasks to queue
[2023-11-23T18:11:32.652+0000] {logging_mixin.py:149} INFO - [2023-11-23T18:11:32.651+0000] {dagbag.py:541} INFO - Filling up the DagBag from /home/mani-dev/airflow/dags/utils/load_url.py
[2023-11-23T18:11:32.656+0000] {processor.py:811} WARNING - No viable dags retrieved from /home/mani-dev/airflow/dags/utils/load_url.py
[2023-11-23T18:11:32.706+0000] {processor.py:178} INFO - Processing /home/mani-dev/airflow/dags/utils/load_url.py took 0.103 seconds
[2023-11-23T18:11:35.276+0000] {processor.py:156} INFO - Started process (PID=456555) to work on /home/mani-dev/airflow/dags/utils/load_url.py
[2023-11-23T18:11:35.310+0000] {processor.py:799} INFO - Processing file /home/mani-dev/airflow/dags/utils/load_url.py for tasks to queue
[2023-11-23T18:11:35.313+0000] {logging_mixin.py:149} INFO - [2023-11-23T18:11:35.312+0000] {dagbag.py:541} INFO - Filling up the DagBag from /home/mani-dev/airflow/dags/utils/load_url.py
[2023-11-23T18:11:35.317+0000] {processor.py:811} WARNING - No viable dags retrieved from /home/mani-dev/airflow/dags/utils/load_url.py
[2023-11-23T18:11:35.371+0000] {processor.py:178} INFO - Processing /home/mani-dev/airflow/dags/utils/load_url.py took 0.102 seconds
[2023-11-23T18:12:03.362+0000] {processor.py:156} INFO - Started process (PID=456627) to work on /home/mani-dev/airflow/dags/utils/load_url.py
[2023-11-23T18:12:03.391+0000] {processor.py:799} INFO - Processing file /home/mani-dev/airflow/dags/utils/load_url.py for tasks to queue
[2023-11-23T18:12:03.393+0000] {logging_mixin.py:149} INFO - [2023-11-23T18:12:03.392+0000] {dagbag.py:541} INFO - Filling up the DagBag from /home/mani-dev/airflow/dags/utils/load_url.py
[2023-11-23T18:12:03.397+0000] {processor.py:811} WARNING - No viable dags retrieved from /home/mani-dev/airflow/dags/utils/load_url.py
[2023-11-23T18:12:03.448+0000] {processor.py:178} INFO - Processing /home/mani-dev/airflow/dags/utils/load_url.py took 0.093 seconds
[2023-11-23T18:12:06.100+0000] {processor.py:156} INFO - Started process (PID=456630) to work on /home/mani-dev/airflow/dags/utils/load_url.py
[2023-11-23T18:12:06.103+0000] {processor.py:799} INFO - Processing file /home/mani-dev/airflow/dags/utils/load_url.py for tasks to queue
[2023-11-23T18:12:06.105+0000] {logging_mixin.py:149} INFO - [2023-11-23T18:12:06.105+0000] {dagbag.py:541} INFO - Filling up the DagBag from /home/mani-dev/airflow/dags/utils/load_url.py
[2023-11-23T18:12:06.110+0000] {processor.py:811} WARNING - No viable dags retrieved from /home/mani-dev/airflow/dags/utils/load_url.py
[2023-11-23T18:12:06.180+0000] {processor.py:178} INFO - Processing /home/mani-dev/airflow/dags/utils/load_url.py took 0.087 seconds
[2023-11-23T18:12:34.091+0000] {processor.py:156} INFO - Started process (PID=456720) to work on /home/mani-dev/airflow/dags/utils/load_url.py
[2023-11-23T18:12:34.093+0000] {processor.py:799} INFO - Processing file /home/mani-dev/airflow/dags/utils/load_url.py for tasks to queue
[2023-11-23T18:12:34.095+0000] {logging_mixin.py:149} INFO - [2023-11-23T18:12:34.094+0000] {dagbag.py:541} INFO - Filling up the DagBag from /home/mani-dev/airflow/dags/utils/load_url.py
[2023-11-23T18:12:34.099+0000] {processor.py:811} WARNING - No viable dags retrieved from /home/mani-dev/airflow/dags/utils/load_url.py
[2023-11-23T18:12:34.148+0000] {processor.py:178} INFO - Processing /home/mani-dev/airflow/dags/utils/load_url.py took 0.065 seconds
[2023-11-23T18:12:36.910+0000] {processor.py:156} INFO - Started process (PID=456726) to work on /home/mani-dev/airflow/dags/utils/load_url.py
[2023-11-23T18:12:36.913+0000] {processor.py:799} INFO - Processing file /home/mani-dev/airflow/dags/utils/load_url.py for tasks to queue
[2023-11-23T18:12:36.915+0000] {logging_mixin.py:149} INFO - [2023-11-23T18:12:36.914+0000] {dagbag.py:541} INFO - Filling up the DagBag from /home/mani-dev/airflow/dags/utils/load_url.py
[2023-11-23T18:12:36.919+0000] {processor.py:811} WARNING - No viable dags retrieved from /home/mani-dev/airflow/dags/utils/load_url.py
[2023-11-23T18:12:36.966+0000] {processor.py:178} INFO - Processing /home/mani-dev/airflow/dags/utils/load_url.py took 0.064 seconds
[2023-11-23T18:13:04.915+0000] {processor.py:156} INFO - Started process (PID=456814) to work on /home/mani-dev/airflow/dags/utils/load_url.py
[2023-11-23T18:13:04.917+0000] {processor.py:799} INFO - Processing file /home/mani-dev/airflow/dags/utils/load_url.py for tasks to queue
[2023-11-23T18:13:04.919+0000] {logging_mixin.py:149} INFO - [2023-11-23T18:13:04.918+0000] {dagbag.py:541} INFO - Filling up the DagBag from /home/mani-dev/airflow/dags/utils/load_url.py
[2023-11-23T18:13:04.923+0000] {processor.py:811} WARNING - No viable dags retrieved from /home/mani-dev/airflow/dags/utils/load_url.py
[2023-11-23T18:13:04.969+0000] {processor.py:178} INFO - Processing /home/mani-dev/airflow/dags/utils/load_url.py took 0.061 seconds
[2023-11-23T18:13:07.703+0000] {processor.py:156} INFO - Started process (PID=456819) to work on /home/mani-dev/airflow/dags/utils/load_url.py
[2023-11-23T18:13:07.704+0000] {processor.py:799} INFO - Processing file /home/mani-dev/airflow/dags/utils/load_url.py for tasks to queue
[2023-11-23T18:13:07.707+0000] {logging_mixin.py:149} INFO - [2023-11-23T18:13:07.706+0000] {dagbag.py:541} INFO - Filling up the DagBag from /home/mani-dev/airflow/dags/utils/load_url.py
[2023-11-23T18:13:07.711+0000] {processor.py:811} WARNING - No viable dags retrieved from /home/mani-dev/airflow/dags/utils/load_url.py
[2023-11-23T18:13:07.762+0000] {processor.py:178} INFO - Processing /home/mani-dev/airflow/dags/utils/load_url.py took 0.067 seconds
[2023-11-23T18:13:31.100+0000] {processor.py:156} INFO - Started process (PID=456875) to work on /home/mani-dev/airflow/dags/utils/load_url.py
[2023-11-23T18:13:31.133+0000] {processor.py:799} INFO - Processing file /home/mani-dev/airflow/dags/utils/load_url.py for tasks to queue
[2023-11-23T18:13:31.135+0000] {logging_mixin.py:149} INFO - [2023-11-23T18:13:31.134+0000] {dagbag.py:541} INFO - Filling up the DagBag from /home/mani-dev/airflow/dags/utils/load_url.py
[2023-11-23T18:13:31.139+0000] {processor.py:811} WARNING - No viable dags retrieved from /home/mani-dev/airflow/dags/utils/load_url.py
[2023-11-23T18:13:31.188+0000] {processor.py:178} INFO - Processing /home/mani-dev/airflow/dags/utils/load_url.py took 0.095 seconds
[2023-11-23T18:13:31.609+0000] {processor.py:156} INFO - Started process (PID=456888) to work on /home/mani-dev/airflow/dags/utils/load_url.py
[2023-11-23T18:13:31.611+0000] {processor.py:799} INFO - Processing file /home/mani-dev/airflow/dags/utils/load_url.py for tasks to queue
[2023-11-23T18:13:31.613+0000] {logging_mixin.py:149} INFO - [2023-11-23T18:13:31.613+0000] {dagbag.py:541} INFO - Filling up the DagBag from /home/mani-dev/airflow/dags/utils/load_url.py
[2023-11-23T18:13:31.617+0000] {processor.py:811} WARNING - No viable dags retrieved from /home/mani-dev/airflow/dags/utils/load_url.py
[2023-11-23T18:13:31.665+0000] {processor.py:178} INFO - Processing /home/mani-dev/airflow/dags/utils/load_url.py took 0.065 seconds
[2023-11-23T18:14:00.409+0000] {processor.py:156} INFO - Started process (PID=456945) to work on /home/mani-dev/airflow/dags/utils/load_url.py
[2023-11-23T18:14:00.446+0000] {processor.py:799} INFO - Processing file /home/mani-dev/airflow/dags/utils/load_url.py for tasks to queue
[2023-11-23T18:14:00.448+0000] {logging_mixin.py:149} INFO - [2023-11-23T18:14:00.447+0000] {dagbag.py:541} INFO - Filling up the DagBag from /home/mani-dev/airflow/dags/utils/load_url.py
[2023-11-23T18:14:00.454+0000] {processor.py:811} WARNING - No viable dags retrieved from /home/mani-dev/airflow/dags/utils/load_url.py
[2023-11-23T18:14:00.503+0000] {processor.py:178} INFO - Processing /home/mani-dev/airflow/dags/utils/load_url.py took 0.102 seconds
[2023-11-23T18:14:00.847+0000] {processor.py:156} INFO - Started process (PID=456947) to work on /home/mani-dev/airflow/dags/utils/load_url.py
[2023-11-23T18:14:00.849+0000] {processor.py:799} INFO - Processing file /home/mani-dev/airflow/dags/utils/load_url.py for tasks to queue
[2023-11-23T18:14:00.851+0000] {logging_mixin.py:149} INFO - [2023-11-23T18:14:00.851+0000] {dagbag.py:541} INFO - Filling up the DagBag from /home/mani-dev/airflow/dags/utils/load_url.py
[2023-11-23T18:14:00.857+0000] {processor.py:811} WARNING - No viable dags retrieved from /home/mani-dev/airflow/dags/utils/load_url.py
[2023-11-23T18:14:00.910+0000] {processor.py:178} INFO - Processing /home/mani-dev/airflow/dags/utils/load_url.py took 0.071 seconds
[2023-11-23T18:14:01.455+0000] {processor.py:156} INFO - Started process (PID=456953) to work on /home/mani-dev/airflow/dags/utils/load_url.py
[2023-11-23T18:14:01.457+0000] {processor.py:799} INFO - Processing file /home/mani-dev/airflow/dags/utils/load_url.py for tasks to queue
[2023-11-23T18:14:01.460+0000] {logging_mixin.py:149} INFO - [2023-11-23T18:14:01.459+0000] {dagbag.py:541} INFO - Filling up the DagBag from /home/mani-dev/airflow/dags/utils/load_url.py
[2023-11-23T18:14:01.464+0000] {processor.py:811} WARNING - No viable dags retrieved from /home/mani-dev/airflow/dags/utils/load_url.py
[2023-11-23T18:14:01.522+0000] {processor.py:178} INFO - Processing /home/mani-dev/airflow/dags/utils/load_url.py took 0.075 seconds
[2023-11-23T18:14:31.661+0000] {processor.py:156} INFO - Started process (PID=457060) to work on /home/mani-dev/airflow/dags/utils/load_url.py
[2023-11-23T18:14:31.662+0000] {processor.py:799} INFO - Processing file /home/mani-dev/airflow/dags/utils/load_url.py for tasks to queue
[2023-11-23T18:14:31.665+0000] {logging_mixin.py:149} INFO - [2023-11-23T18:14:31.664+0000] {dagbag.py:541} INFO - Filling up the DagBag from /home/mani-dev/airflow/dags/utils/load_url.py
[2023-11-23T18:14:31.669+0000] {processor.py:811} WARNING - No viable dags retrieved from /home/mani-dev/airflow/dags/utils/load_url.py
[2023-11-23T18:14:31.716+0000] {processor.py:178} INFO - Processing /home/mani-dev/airflow/dags/utils/load_url.py took 0.062 seconds
[2023-11-23T18:14:32.227+0000] {processor.py:156} INFO - Started process (PID=457066) to work on /home/mani-dev/airflow/dags/utils/load_url.py
[2023-11-23T18:14:32.229+0000] {processor.py:799} INFO - Processing file /home/mani-dev/airflow/dags/utils/load_url.py for tasks to queue
[2023-11-23T18:14:32.231+0000] {logging_mixin.py:149} INFO - [2023-11-23T18:14:32.230+0000] {dagbag.py:541} INFO - Filling up the DagBag from /home/mani-dev/airflow/dags/utils/load_url.py
[2023-11-23T18:14:32.235+0000] {processor.py:811} WARNING - No viable dags retrieved from /home/mani-dev/airflow/dags/utils/load_url.py
[2023-11-23T18:14:32.284+0000] {processor.py:178} INFO - Processing /home/mani-dev/airflow/dags/utils/load_url.py took 0.066 seconds
[2023-11-23T18:15:02.420+0000] {processor.py:156} INFO - Started process (PID=457148) to work on /home/mani-dev/airflow/dags/utils/load_url.py
[2023-11-23T18:15:02.462+0000] {processor.py:799} INFO - Processing file /home/mani-dev/airflow/dags/utils/load_url.py for tasks to queue
[2023-11-23T18:15:02.463+0000] {logging_mixin.py:149} INFO - [2023-11-23T18:15:02.463+0000] {dagbag.py:541} INFO - Filling up the DagBag from /home/mani-dev/airflow/dags/utils/load_url.py
[2023-11-23T18:15:02.468+0000] {processor.py:811} WARNING - No viable dags retrieved from /home/mani-dev/airflow/dags/utils/load_url.py
[2023-11-23T18:15:02.520+0000] {processor.py:178} INFO - Processing /home/mani-dev/airflow/dags/utils/load_url.py took 0.106 seconds
[2023-11-23T18:15:03.024+0000] {processor.py:156} INFO - Started process (PID=457163) to work on /home/mani-dev/airflow/dags/utils/load_url.py
[2023-11-23T18:15:03.027+0000] {processor.py:799} INFO - Processing file /home/mani-dev/airflow/dags/utils/load_url.py for tasks to queue
[2023-11-23T18:15:03.029+0000] {logging_mixin.py:149} INFO - [2023-11-23T18:15:03.028+0000] {dagbag.py:541} INFO - Filling up the DagBag from /home/mani-dev/airflow/dags/utils/load_url.py
[2023-11-23T18:15:03.033+0000] {processor.py:811} WARNING - No viable dags retrieved from /home/mani-dev/airflow/dags/utils/load_url.py
[2023-11-23T18:15:03.080+0000] {processor.py:178} INFO - Processing /home/mani-dev/airflow/dags/utils/load_url.py took 0.064 seconds
[2023-11-23T18:15:33.304+0000] {processor.py:156} INFO - Started process (PID=457215) to work on /home/mani-dev/airflow/dags/utils/load_url.py
[2023-11-23T18:15:33.339+0000] {processor.py:799} INFO - Processing file /home/mani-dev/airflow/dags/utils/load_url.py for tasks to queue
[2023-11-23T18:15:33.341+0000] {logging_mixin.py:149} INFO - [2023-11-23T18:15:33.341+0000] {dagbag.py:541} INFO - Filling up the DagBag from /home/mani-dev/airflow/dags/utils/load_url.py
[2023-11-23T18:15:33.346+0000] {processor.py:811} WARNING - No viable dags retrieved from /home/mani-dev/airflow/dags/utils/load_url.py
[2023-11-23T18:15:33.398+0000] {processor.py:178} INFO - Processing /home/mani-dev/airflow/dags/utils/load_url.py took 0.103 seconds
[2023-11-23T18:15:33.780+0000] {processor.py:156} INFO - Started process (PID=457221) to work on /home/mani-dev/airflow/dags/utils/load_url.py
[2023-11-23T18:15:33.782+0000] {processor.py:799} INFO - Processing file /home/mani-dev/airflow/dags/utils/load_url.py for tasks to queue
[2023-11-23T18:15:33.784+0000] {logging_mixin.py:149} INFO - [2023-11-23T18:15:33.783+0000] {dagbag.py:541} INFO - Filling up the DagBag from /home/mani-dev/airflow/dags/utils/load_url.py
[2023-11-23T18:15:33.789+0000] {processor.py:811} WARNING - No viable dags retrieved from /home/mani-dev/airflow/dags/utils/load_url.py
[2023-11-23T18:15:33.838+0000] {processor.py:178} INFO - Processing /home/mani-dev/airflow/dags/utils/load_url.py took 0.068 seconds
[2023-11-23T18:16:04.126+0000] {processor.py:156} INFO - Started process (PID=457287) to work on /home/mani-dev/airflow/dags/utils/load_url.py
[2023-11-23T18:16:04.167+0000] {processor.py:799} INFO - Processing file /home/mani-dev/airflow/dags/utils/load_url.py for tasks to queue
[2023-11-23T18:16:04.169+0000] {logging_mixin.py:149} INFO - [2023-11-23T18:16:04.169+0000] {dagbag.py:541} INFO - Filling up the DagBag from /home/mani-dev/airflow/dags/utils/load_url.py
[2023-11-23T18:16:04.174+0000] {processor.py:811} WARNING - No viable dags retrieved from /home/mani-dev/airflow/dags/utils/load_url.py
[2023-11-23T18:16:04.224+0000] {processor.py:178} INFO - Processing /home/mani-dev/airflow/dags/utils/load_url.py took 0.106 seconds
[2023-11-23T18:16:04.673+0000] {processor.py:156} INFO - Started process (PID=457296) to work on /home/mani-dev/airflow/dags/utils/load_url.py
[2023-11-23T18:16:04.675+0000] {processor.py:799} INFO - Processing file /home/mani-dev/airflow/dags/utils/load_url.py for tasks to queue
[2023-11-23T18:16:04.677+0000] {logging_mixin.py:149} INFO - [2023-11-23T18:16:04.676+0000] {dagbag.py:541} INFO - Filling up the DagBag from /home/mani-dev/airflow/dags/utils/load_url.py
[2023-11-23T18:16:04.681+0000] {processor.py:811} WARNING - No viable dags retrieved from /home/mani-dev/airflow/dags/utils/load_url.py
[2023-11-23T18:16:04.729+0000] {processor.py:178} INFO - Processing /home/mani-dev/airflow/dags/utils/load_url.py took 0.063 seconds
[2023-11-23T18:16:34.902+0000] {processor.py:156} INFO - Started process (PID=457332) to work on /home/mani-dev/airflow/dags/utils/load_url.py
[2023-11-23T18:16:34.905+0000] {processor.py:799} INFO - Processing file /home/mani-dev/airflow/dags/utils/load_url.py for tasks to queue
[2023-11-23T18:16:34.908+0000] {logging_mixin.py:149} INFO - [2023-11-23T18:16:34.907+0000] {dagbag.py:541} INFO - Filling up the DagBag from /home/mani-dev/airflow/dags/utils/load_url.py
[2023-11-23T18:16:34.912+0000] {processor.py:811} WARNING - No viable dags retrieved from /home/mani-dev/airflow/dags/utils/load_url.py
[2023-11-23T18:16:34.965+0000] {processor.py:178} INFO - Processing /home/mani-dev/airflow/dags/utils/load_url.py took 0.072 seconds
[2023-11-23T18:16:35.481+0000] {processor.py:156} INFO - Started process (PID=457338) to work on /home/mani-dev/airflow/dags/utils/load_url.py
[2023-11-23T18:16:35.483+0000] {processor.py:799} INFO - Processing file /home/mani-dev/airflow/dags/utils/load_url.py for tasks to queue
[2023-11-23T18:16:35.485+0000] {logging_mixin.py:149} INFO - [2023-11-23T18:16:35.485+0000] {dagbag.py:541} INFO - Filling up the DagBag from /home/mani-dev/airflow/dags/utils/load_url.py
[2023-11-23T18:16:35.489+0000] {processor.py:811} WARNING - No viable dags retrieved from /home/mani-dev/airflow/dags/utils/load_url.py
[2023-11-23T18:16:35.536+0000] {processor.py:178} INFO - Processing /home/mani-dev/airflow/dags/utils/load_url.py took 0.063 seconds
[2023-11-23T18:17:05.665+0000] {processor.py:156} INFO - Started process (PID=457409) to work on /home/mani-dev/airflow/dags/utils/load_url.py
[2023-11-23T18:17:05.704+0000] {processor.py:799} INFO - Processing file /home/mani-dev/airflow/dags/utils/load_url.py for tasks to queue
[2023-11-23T18:17:05.706+0000] {logging_mixin.py:149} INFO - [2023-11-23T18:17:05.705+0000] {dagbag.py:541} INFO - Filling up the DagBag from /home/mani-dev/airflow/dags/utils/load_url.py
[2023-11-23T18:17:05.710+0000] {processor.py:811} WARNING - No viable dags retrieved from /home/mani-dev/airflow/dags/utils/load_url.py
[2023-11-23T18:17:05.759+0000] {processor.py:178} INFO - Processing /home/mani-dev/airflow/dags/utils/load_url.py took 0.101 seconds
[2023-11-23T18:17:05.956+0000] {processor.py:156} INFO - Started process (PID=457415) to work on /home/mani-dev/airflow/dags/utils/load_url.py
[2023-11-23T18:17:05.959+0000] {processor.py:799} INFO - Processing file /home/mani-dev/airflow/dags/utils/load_url.py for tasks to queue
[2023-11-23T18:17:05.961+0000] {logging_mixin.py:149} INFO - [2023-11-23T18:17:05.960+0000] {dagbag.py:541} INFO - Filling up the DagBag from /home/mani-dev/airflow/dags/utils/load_url.py
[2023-11-23T18:17:05.965+0000] {processor.py:811} WARNING - No viable dags retrieved from /home/mani-dev/airflow/dags/utils/load_url.py
[2023-11-23T18:17:06.015+0000] {processor.py:178} INFO - Processing /home/mani-dev/airflow/dags/utils/load_url.py took 0.066 seconds
[2023-11-23T18:17:36.501+0000] {processor.py:156} INFO - Started process (PID=457468) to work on /home/mani-dev/airflow/dags/utils/load_url.py
[2023-11-23T18:17:36.539+0000] {processor.py:799} INFO - Processing file /home/mani-dev/airflow/dags/utils/load_url.py for tasks to queue
[2023-11-23T18:17:36.541+0000] {logging_mixin.py:149} INFO - [2023-11-23T18:17:36.540+0000] {dagbag.py:541} INFO - Filling up the DagBag from /home/mani-dev/airflow/dags/utils/load_url.py
[2023-11-23T18:17:36.545+0000] {processor.py:811} WARNING - No viable dags retrieved from /home/mani-dev/airflow/dags/utils/load_url.py
[2023-11-23T18:17:36.597+0000] {processor.py:178} INFO - Processing /home/mani-dev/airflow/dags/utils/load_url.py took 0.103 seconds
[2023-11-23T18:17:36.709+0000] {processor.py:156} INFO - Started process (PID=457474) to work on /home/mani-dev/airflow/dags/utils/load_url.py
[2023-11-23T18:17:36.711+0000] {processor.py:799} INFO - Processing file /home/mani-dev/airflow/dags/utils/load_url.py for tasks to queue
[2023-11-23T18:17:36.713+0000] {logging_mixin.py:149} INFO - [2023-11-23T18:17:36.712+0000] {dagbag.py:541} INFO - Filling up the DagBag from /home/mani-dev/airflow/dags/utils/load_url.py
[2023-11-23T18:17:36.717+0000] {processor.py:811} WARNING - No viable dags retrieved from /home/mani-dev/airflow/dags/utils/load_url.py
[2023-11-23T18:17:36.766+0000] {processor.py:178} INFO - Processing /home/mani-dev/airflow/dags/utils/load_url.py took 0.065 seconds
[2023-11-23T18:18:07.289+0000] {processor.py:156} INFO - Started process (PID=457540) to work on /home/mani-dev/airflow/dags/utils/load_url.py
[2023-11-23T18:18:07.341+0000] {processor.py:799} INFO - Processing file /home/mani-dev/airflow/dags/utils/load_url.py for tasks to queue
[2023-11-23T18:18:07.343+0000] {logging_mixin.py:149} INFO - [2023-11-23T18:18:07.343+0000] {dagbag.py:541} INFO - Filling up the DagBag from /home/mani-dev/airflow/dags/utils/load_url.py
[2023-11-23T18:18:07.348+0000] {processor.py:811} WARNING - No viable dags retrieved from /home/mani-dev/airflow/dags/utils/load_url.py
[2023-11-23T18:18:07.401+0000] {processor.py:178} INFO - Processing /home/mani-dev/airflow/dags/utils/load_url.py took 0.120 seconds
[2023-11-23T18:18:07.476+0000] {processor.py:156} INFO - Started process (PID=457546) to work on /home/mani-dev/airflow/dags/utils/load_url.py
[2023-11-23T18:18:07.478+0000] {processor.py:799} INFO - Processing file /home/mani-dev/airflow/dags/utils/load_url.py for tasks to queue
[2023-11-23T18:18:07.480+0000] {logging_mixin.py:149} INFO - [2023-11-23T18:18:07.479+0000] {dagbag.py:541} INFO - Filling up the DagBag from /home/mani-dev/airflow/dags/utils/load_url.py
[2023-11-23T18:18:07.484+0000] {processor.py:811} WARNING - No viable dags retrieved from /home/mani-dev/airflow/dags/utils/load_url.py
[2023-11-23T18:18:07.532+0000] {processor.py:178} INFO - Processing /home/mani-dev/airflow/dags/utils/load_url.py took 0.065 seconds
[2023-11-23T18:18:38.197+0000] {processor.py:156} INFO - Started process (PID=457586) to work on /home/mani-dev/airflow/dags/utils/load_url.py
[2023-11-23T18:18:38.205+0000] {processor.py:156} INFO - Started process (PID=457589) to work on /home/mani-dev/airflow/dags/utils/load_url.py
[2023-11-23T18:18:38.239+0000] {processor.py:799} INFO - Processing file /home/mani-dev/airflow/dags/utils/load_url.py for tasks to queue
[2023-11-23T18:18:38.239+0000] {processor.py:799} INFO - Processing file /home/mani-dev/airflow/dags/utils/load_url.py for tasks to queue
[2023-11-23T18:18:38.241+0000] {logging_mixin.py:149} INFO - [2023-11-23T18:18:38.241+0000] {dagbag.py:541} INFO - Filling up the DagBag from /home/mani-dev/airflow/dags/utils/load_url.py
[2023-11-23T18:18:38.241+0000] {logging_mixin.py:149} INFO - [2023-11-23T18:18:38.241+0000] {dagbag.py:541} INFO - Filling up the DagBag from /home/mani-dev/airflow/dags/utils/load_url.py
[2023-11-23T18:18:38.245+0000] {processor.py:811} WARNING - No viable dags retrieved from /home/mani-dev/airflow/dags/utils/load_url.py
[2023-11-23T18:18:38.245+0000] {processor.py:811} WARNING - No viable dags retrieved from /home/mani-dev/airflow/dags/utils/load_url.py
[2023-11-23T18:18:38.293+0000] {processor.py:178} INFO - Processing /home/mani-dev/airflow/dags/utils/load_url.py took 0.095 seconds
[2023-11-23T18:18:38.293+0000] {processor.py:178} INFO - Processing /home/mani-dev/airflow/dags/utils/load_url.py took 0.103 seconds
[2023-11-23T18:19:08.989+0000] {processor.py:156} INFO - Started process (PID=457658) to work on /home/mani-dev/airflow/dags/utils/load_url.py
[2023-11-23T18:19:09.021+0000] {processor.py:156} INFO - Started process (PID=457659) to work on /home/mani-dev/airflow/dags/utils/load_url.py
[2023-11-23T18:19:09.022+0000] {processor.py:799} INFO - Processing file /home/mani-dev/airflow/dags/utils/load_url.py for tasks to queue
[2023-11-23T18:19:09.023+0000] {processor.py:799} INFO - Processing file /home/mani-dev/airflow/dags/utils/load_url.py for tasks to queue
[2023-11-23T18:19:09.024+0000] {logging_mixin.py:149} INFO - [2023-11-23T18:19:09.023+0000] {dagbag.py:541} INFO - Filling up the DagBag from /home/mani-dev/airflow/dags/utils/load_url.py
[2023-11-23T18:19:09.025+0000] {logging_mixin.py:149} INFO - [2023-11-23T18:19:09.024+0000] {dagbag.py:541} INFO - Filling up the DagBag from /home/mani-dev/airflow/dags/utils/load_url.py
[2023-11-23T18:19:09.028+0000] {processor.py:811} WARNING - No viable dags retrieved from /home/mani-dev/airflow/dags/utils/load_url.py
[2023-11-23T18:19:09.029+0000] {processor.py:811} WARNING - No viable dags retrieved from /home/mani-dev/airflow/dags/utils/load_url.py
[2023-11-23T18:19:09.074+0000] {processor.py:178} INFO - Processing /home/mani-dev/airflow/dags/utils/load_url.py took 0.059 seconds
[2023-11-23T18:19:09.075+0000] {processor.py:178} INFO - Processing /home/mani-dev/airflow/dags/utils/load_url.py took 0.092 seconds
[2023-11-23T18:19:39.781+0000] {processor.py:156} INFO - Started process (PID=457742) to work on /home/mani-dev/airflow/dags/utils/load_url.py
[2023-11-23T18:19:39.822+0000] {processor.py:799} INFO - Processing file /home/mani-dev/airflow/dags/utils/load_url.py for tasks to queue
[2023-11-23T18:19:39.824+0000] {logging_mixin.py:149} INFO - [2023-11-23T18:19:39.823+0000] {dagbag.py:541} INFO - Filling up the DagBag from /home/mani-dev/airflow/dags/utils/load_url.py
[2023-11-23T18:19:39.828+0000] {processor.py:811} WARNING - No viable dags retrieved from /home/mani-dev/airflow/dags/utils/load_url.py
[2023-11-23T18:19:39.848+0000] {processor.py:156} INFO - Started process (PID=457745) to work on /home/mani-dev/airflow/dags/utils/load_url.py
[2023-11-23T18:19:39.850+0000] {processor.py:799} INFO - Processing file /home/mani-dev/airflow/dags/utils/load_url.py for tasks to queue
[2023-11-23T18:19:39.851+0000] {logging_mixin.py:149} INFO - [2023-11-23T18:19:39.851+0000] {dagbag.py:541} INFO - Filling up the DagBag from /home/mani-dev/airflow/dags/utils/load_url.py
[2023-11-23T18:19:39.855+0000] {processor.py:811} WARNING - No viable dags retrieved from /home/mani-dev/airflow/dags/utils/load_url.py
[2023-11-23T18:19:39.878+0000] {processor.py:178} INFO - Processing /home/mani-dev/airflow/dags/utils/load_url.py took 0.103 seconds
[2023-11-23T18:19:39.907+0000] {processor.py:178} INFO - Processing /home/mani-dev/airflow/dags/utils/load_url.py took 0.066 seconds
[2023-11-23T18:20:10.585+0000] {processor.py:156} INFO - Started process (PID=457811) to work on /home/mani-dev/airflow/dags/utils/load_url.py
[2023-11-23T18:20:10.623+0000] {processor.py:799} INFO - Processing file /home/mani-dev/airflow/dags/utils/load_url.py for tasks to queue
[2023-11-23T18:20:10.626+0000] {logging_mixin.py:149} INFO - [2023-11-23T18:20:10.625+0000] {dagbag.py:541} INFO - Filling up the DagBag from /home/mani-dev/airflow/dags/utils/load_url.py
[2023-11-23T18:20:10.631+0000] {processor.py:811} WARNING - No viable dags retrieved from /home/mani-dev/airflow/dags/utils/load_url.py
[2023-11-23T18:20:10.664+0000] {processor.py:156} INFO - Started process (PID=457815) to work on /home/mani-dev/airflow/dags/utils/load_url.py
[2023-11-23T18:20:10.666+0000] {processor.py:799} INFO - Processing file /home/mani-dev/airflow/dags/utils/load_url.py for tasks to queue
[2023-11-23T18:20:10.668+0000] {logging_mixin.py:149} INFO - [2023-11-23T18:20:10.668+0000] {dagbag.py:541} INFO - Filling up the DagBag from /home/mani-dev/airflow/dags/utils/load_url.py
[2023-11-23T18:20:10.673+0000] {processor.py:811} WARNING - No viable dags retrieved from /home/mani-dev/airflow/dags/utils/load_url.py
[2023-11-23T18:20:10.685+0000] {processor.py:178} INFO - Processing /home/mani-dev/airflow/dags/utils/load_url.py took 0.108 seconds
[2023-11-23T18:20:10.721+0000] {processor.py:178} INFO - Processing /home/mani-dev/airflow/dags/utils/load_url.py took 0.065 seconds
[2023-11-23T18:20:20.891+0000] {processor.py:156} INFO - Started process (PID=457840) to work on /home/mani-dev/airflow/dags/utils/load_url.py
[2023-11-23T18:20:20.891+0000] {processor.py:156} INFO - Started process (PID=457839) to work on /home/mani-dev/airflow/dags/utils/load_url.py
[2023-11-23T18:20:20.894+0000] {processor.py:799} INFO - Processing file /home/mani-dev/airflow/dags/utils/load_url.py for tasks to queue
[2023-11-23T18:20:20.894+0000] {processor.py:799} INFO - Processing file /home/mani-dev/airflow/dags/utils/load_url.py for tasks to queue
[2023-11-23T18:20:20.896+0000] {logging_mixin.py:149} INFO - [2023-11-23T18:20:20.895+0000] {dagbag.py:541} INFO - Filling up the DagBag from /home/mani-dev/airflow/dags/utils/load_url.py
[2023-11-23T18:20:20.896+0000] {logging_mixin.py:149} INFO - [2023-11-23T18:20:20.895+0000] {dagbag.py:541} INFO - Filling up the DagBag from /home/mani-dev/airflow/dags/utils/load_url.py
[2023-11-23T18:20:20.902+0000] {processor.py:811} WARNING - No viable dags retrieved from /home/mani-dev/airflow/dags/utils/load_url.py
[2023-11-23T18:20:20.902+0000] {processor.py:811} WARNING - No viable dags retrieved from /home/mani-dev/airflow/dags/utils/load_url.py
[2023-11-23T18:20:20.950+0000] {processor.py:178} INFO - Processing /home/mani-dev/airflow/dags/utils/load_url.py took 0.066 seconds
[2023-11-23T18:20:20.960+0000] {processor.py:178} INFO - Processing /home/mani-dev/airflow/dags/utils/load_url.py took 0.076 seconds
[2023-11-23T18:20:22.020+0000] {processor.py:156} INFO - Started process (PID=457850) to work on /home/mani-dev/airflow/dags/utils/load_url.py
[2023-11-23T18:20:22.023+0000] {processor.py:799} INFO - Processing file /home/mani-dev/airflow/dags/utils/load_url.py for tasks to queue
[2023-11-23T18:20:22.024+0000] {processor.py:156} INFO - Started process (PID=457853) to work on /home/mani-dev/airflow/dags/utils/load_url.py
[2023-11-23T18:20:22.025+0000] {logging_mixin.py:149} INFO - [2023-11-23T18:20:22.024+0000] {dagbag.py:541} INFO - Filling up the DagBag from /home/mani-dev/airflow/dags/utils/load_url.py
[2023-11-23T18:20:22.026+0000] {processor.py:799} INFO - Processing file /home/mani-dev/airflow/dags/utils/load_url.py for tasks to queue
[2023-11-23T18:20:22.028+0000] {logging_mixin.py:149} INFO - [2023-11-23T18:20:22.027+0000] {dagbag.py:541} INFO - Filling up the DagBag from /home/mani-dev/airflow/dags/utils/load_url.py
[2023-11-23T18:20:22.030+0000] {processor.py:811} WARNING - No viable dags retrieved from /home/mani-dev/airflow/dags/utils/load_url.py
[2023-11-23T18:20:22.031+0000] {processor.py:811} WARNING - No viable dags retrieved from /home/mani-dev/airflow/dags/utils/load_url.py
[2023-11-23T18:20:22.076+0000] {processor.py:178} INFO - Processing /home/mani-dev/airflow/dags/utils/load_url.py took 0.063 seconds
[2023-11-23T18:20:22.079+0000] {processor.py:178} INFO - Processing /home/mani-dev/airflow/dags/utils/load_url.py took 0.062 seconds
[2023-11-23T18:20:52.788+0000] {processor.py:156} INFO - Started process (PID=457935) to work on /home/mani-dev/airflow/dags/utils/load_url.py
[2023-11-23T18:20:52.790+0000] {processor.py:799} INFO - Processing file /home/mani-dev/airflow/dags/utils/load_url.py for tasks to queue
[2023-11-23T18:20:52.792+0000] {logging_mixin.py:149} INFO - [2023-11-23T18:20:52.792+0000] {dagbag.py:541} INFO - Filling up the DagBag from /home/mani-dev/airflow/dags/utils/load_url.py
[2023-11-23T18:20:52.796+0000] {processor.py:811} WARNING - No viable dags retrieved from /home/mani-dev/airflow/dags/utils/load_url.py
[2023-11-23T18:20:52.813+0000] {processor.py:156} INFO - Started process (PID=457936) to work on /home/mani-dev/airflow/dags/utils/load_url.py
[2023-11-23T18:20:52.815+0000] {processor.py:799} INFO - Processing file /home/mani-dev/airflow/dags/utils/load_url.py for tasks to queue
[2023-11-23T18:20:52.817+0000] {logging_mixin.py:149} INFO - [2023-11-23T18:20:52.816+0000] {dagbag.py:541} INFO - Filling up the DagBag from /home/mani-dev/airflow/dags/utils/load_url.py
[2023-11-23T18:20:52.821+0000] {processor.py:811} WARNING - No viable dags retrieved from /home/mani-dev/airflow/dags/utils/load_url.py
[2023-11-23T18:20:52.848+0000] {processor.py:178} INFO - Processing /home/mani-dev/airflow/dags/utils/load_url.py took 0.068 seconds
[2023-11-23T18:20:52.874+0000] {processor.py:178} INFO - Processing /home/mani-dev/airflow/dags/utils/load_url.py took 0.069 seconds
[2023-11-23T18:21:23.305+0000] {processor.py:156} INFO - Started process (PID=458006) to work on /home/mani-dev/airflow/dags/utils/load_url.py
[2023-11-23T18:21:23.345+0000] {processor.py:799} INFO - Processing file /home/mani-dev/airflow/dags/utils/load_url.py for tasks to queue
[2023-11-23T18:21:23.347+0000] {logging_mixin.py:149} INFO - [2023-11-23T18:21:23.347+0000] {dagbag.py:541} INFO - Filling up the DagBag from /home/mani-dev/airflow/dags/utils/load_url.py
[2023-11-23T18:21:23.351+0000] {processor.py:811} WARNING - No viable dags retrieved from /home/mani-dev/airflow/dags/utils/load_url.py
[2023-11-23T18:21:23.405+0000] {processor.py:178} INFO - Processing /home/mani-dev/airflow/dags/utils/load_url.py took 0.108 seconds
[2023-11-23T18:21:23.598+0000] {processor.py:156} INFO - Started process (PID=458012) to work on /home/mani-dev/airflow/dags/utils/load_url.py
[2023-11-23T18:21:23.600+0000] {processor.py:799} INFO - Processing file /home/mani-dev/airflow/dags/utils/load_url.py for tasks to queue
[2023-11-23T18:21:23.602+0000] {logging_mixin.py:149} INFO - [2023-11-23T18:21:23.601+0000] {dagbag.py:541} INFO - Filling up the DagBag from /home/mani-dev/airflow/dags/utils/load_url.py
[2023-11-23T18:21:23.606+0000] {processor.py:811} WARNING - No viable dags retrieved from /home/mani-dev/airflow/dags/utils/load_url.py
[2023-11-23T18:21:23.655+0000] {processor.py:178} INFO - Processing /home/mani-dev/airflow/dags/utils/load_url.py took 0.066 seconds
[2023-11-23T18:21:54.106+0000] {processor.py:156} INFO - Started process (PID=458074) to work on /home/mani-dev/airflow/dags/utils/load_url.py
[2023-11-23T18:21:54.111+0000] {processor.py:799} INFO - Processing file /home/mani-dev/airflow/dags/utils/load_url.py for tasks to queue
[2023-11-23T18:21:54.114+0000] {logging_mixin.py:149} INFO - [2023-11-23T18:21:54.113+0000] {dagbag.py:541} INFO - Filling up the DagBag from /home/mani-dev/airflow/dags/utils/load_url.py
[2023-11-23T18:21:54.117+0000] {processor.py:811} WARNING - No viable dags retrieved from /home/mani-dev/airflow/dags/utils/load_url.py
[2023-11-23T18:21:54.175+0000] {processor.py:178} INFO - Processing /home/mani-dev/airflow/dags/utils/load_url.py took 0.076 seconds
[2023-11-23T18:21:54.446+0000] {processor.py:156} INFO - Started process (PID=458080) to work on /home/mani-dev/airflow/dags/utils/load_url.py
[2023-11-23T18:21:54.448+0000] {processor.py:799} INFO - Processing file /home/mani-dev/airflow/dags/utils/load_url.py for tasks to queue
[2023-11-23T18:21:54.450+0000] {logging_mixin.py:149} INFO - [2023-11-23T18:21:54.449+0000] {dagbag.py:541} INFO - Filling up the DagBag from /home/mani-dev/airflow/dags/utils/load_url.py
[2023-11-23T18:21:54.454+0000] {processor.py:811} WARNING - No viable dags retrieved from /home/mani-dev/airflow/dags/utils/load_url.py
[2023-11-23T18:21:54.502+0000] {processor.py:178} INFO - Processing /home/mani-dev/airflow/dags/utils/load_url.py took 0.064 seconds
[2023-11-23T18:22:24.909+0000] {processor.py:156} INFO - Started process (PID=458182) to work on /home/mani-dev/airflow/dags/utils/load_url.py
[2023-11-23T18:22:24.945+0000] {processor.py:156} INFO - Started process (PID=458183) to work on /home/mani-dev/airflow/dags/utils/load_url.py
[2023-11-23T18:22:24.950+0000] {processor.py:799} INFO - Processing file /home/mani-dev/airflow/dags/utils/load_url.py for tasks to queue
[2023-11-23T18:22:24.950+0000] {processor.py:799} INFO - Processing file /home/mani-dev/airflow/dags/utils/load_url.py for tasks to queue
[2023-11-23T18:22:24.952+0000] {logging_mixin.py:149} INFO - [2023-11-23T18:22:24.951+0000] {dagbag.py:541} INFO - Filling up the DagBag from /home/mani-dev/airflow/dags/utils/load_url.py
[2023-11-23T18:22:24.952+0000] {logging_mixin.py:149} INFO - [2023-11-23T18:22:24.951+0000] {dagbag.py:541} INFO - Filling up the DagBag from /home/mani-dev/airflow/dags/utils/load_url.py
[2023-11-23T18:22:24.956+0000] {processor.py:811} WARNING - No viable dags retrieved from /home/mani-dev/airflow/dags/utils/load_url.py
[2023-11-23T18:22:24.956+0000] {processor.py:811} WARNING - No viable dags retrieved from /home/mani-dev/airflow/dags/utils/load_url.py
[2023-11-23T18:22:25.006+0000] {processor.py:178} INFO - Processing /home/mani-dev/airflow/dags/utils/load_url.py took 0.067 seconds
[2023-11-23T18:22:25.007+0000] {processor.py:178} INFO - Processing /home/mani-dev/airflow/dags/utils/load_url.py took 0.106 seconds
[2023-11-23T18:22:55.673+0000] {processor.py:156} INFO - Started process (PID=458225) to work on /home/mani-dev/airflow/dags/utils/load_url.py
[2023-11-23T18:22:55.695+0000] {processor.py:799} INFO - Processing file /home/mani-dev/airflow/dags/utils/load_url.py for tasks to queue
[2023-11-23T18:22:55.697+0000] {logging_mixin.py:149} INFO - [2023-11-23T18:22:55.697+0000] {dagbag.py:541} INFO - Filling up the DagBag from /home/mani-dev/airflow/dags/utils/load_url.py
[2023-11-23T18:22:55.701+0000] {processor.py:811} WARNING - No viable dags retrieved from /home/mani-dev/airflow/dags/utils/load_url.py
[2023-11-23T18:22:55.740+0000] {processor.py:156} INFO - Started process (PID=458227) to work on /home/mani-dev/airflow/dags/utils/load_url.py
[2023-11-23T18:22:55.742+0000] {processor.py:799} INFO - Processing file /home/mani-dev/airflow/dags/utils/load_url.py for tasks to queue
[2023-11-23T18:22:55.744+0000] {logging_mixin.py:149} INFO - [2023-11-23T18:22:55.744+0000] {dagbag.py:541} INFO - Filling up the DagBag from /home/mani-dev/airflow/dags/utils/load_url.py
[2023-11-23T18:22:55.748+0000] {processor.py:811} WARNING - No viable dags retrieved from /home/mani-dev/airflow/dags/utils/load_url.py
[2023-11-23T18:22:55.751+0000] {processor.py:178} INFO - Processing /home/mani-dev/airflow/dags/utils/load_url.py took 0.086 seconds
[2023-11-23T18:22:55.798+0000] {processor.py:178} INFO - Processing /home/mani-dev/airflow/dags/utils/load_url.py took 0.064 seconds
[2023-11-23T18:23:26.526+0000] {processor.py:156} INFO - Started process (PID=458296) to work on /home/mani-dev/airflow/dags/utils/load_url.py
[2023-11-23T18:23:26.537+0000] {processor.py:156} INFO - Started process (PID=458299) to work on /home/mani-dev/airflow/dags/utils/load_url.py
[2023-11-23T18:23:26.564+0000] {processor.py:799} INFO - Processing file /home/mani-dev/airflow/dags/utils/load_url.py for tasks to queue
[2023-11-23T18:23:26.564+0000] {processor.py:799} INFO - Processing file /home/mani-dev/airflow/dags/utils/load_url.py for tasks to queue
[2023-11-23T18:23:26.566+0000] {logging_mixin.py:149} INFO - [2023-11-23T18:23:26.565+0000] {dagbag.py:541} INFO - Filling up the DagBag from /home/mani-dev/airflow/dags/utils/load_url.py
[2023-11-23T18:23:26.569+0000] {logging_mixin.py:149} INFO - [2023-11-23T18:23:26.568+0000] {dagbag.py:541} INFO - Filling up the DagBag from /home/mani-dev/airflow/dags/utils/load_url.py
[2023-11-23T18:23:26.572+0000] {processor.py:811} WARNING - No viable dags retrieved from /home/mani-dev/airflow/dags/utils/load_url.py
[2023-11-23T18:23:26.573+0000] {processor.py:811} WARNING - No viable dags retrieved from /home/mani-dev/airflow/dags/utils/load_url.py
[2023-11-23T18:23:26.615+0000] {processor.py:178} INFO - Processing /home/mani-dev/airflow/dags/utils/load_url.py took 0.086 seconds
[2023-11-23T18:23:26.620+0000] {processor.py:178} INFO - Processing /home/mani-dev/airflow/dags/utils/load_url.py took 0.102 seconds
[2023-11-23T18:23:57.350+0000] {processor.py:156} INFO - Started process (PID=458339) to work on /home/mani-dev/airflow/dags/utils/load_url.py
[2023-11-23T18:23:57.366+0000] {processor.py:156} INFO - Started process (PID=458340) to work on /home/mani-dev/airflow/dags/utils/load_url.py
[2023-11-23T18:23:57.391+0000] {processor.py:799} INFO - Processing file /home/mani-dev/airflow/dags/utils/load_url.py for tasks to queue
[2023-11-23T18:23:57.391+0000] {processor.py:799} INFO - Processing file /home/mani-dev/airflow/dags/utils/load_url.py for tasks to queue
[2023-11-23T18:23:57.393+0000] {logging_mixin.py:149} INFO - [2023-11-23T18:23:57.393+0000] {dagbag.py:541} INFO - Filling up the DagBag from /home/mani-dev/airflow/dags/utils/load_url.py
[2023-11-23T18:23:57.394+0000] {logging_mixin.py:149} INFO - [2023-11-23T18:23:57.393+0000] {dagbag.py:541} INFO - Filling up the DagBag from /home/mani-dev/airflow/dags/utils/load_url.py
[2023-11-23T18:23:57.397+0000] {processor.py:811} WARNING - No viable dags retrieved from /home/mani-dev/airflow/dags/utils/load_url.py
[2023-11-23T18:23:57.398+0000] {processor.py:811} WARNING - No viable dags retrieved from /home/mani-dev/airflow/dags/utils/load_url.py
[2023-11-23T18:23:57.444+0000] {processor.py:178} INFO - Processing /home/mani-dev/airflow/dags/utils/load_url.py took 0.102 seconds
[2023-11-23T18:23:57.444+0000] {processor.py:178} INFO - Processing /home/mani-dev/airflow/dags/utils/load_url.py took 0.085 seconds
[2023-11-23T18:24:27.877+0000] {processor.py:156} INFO - Started process (PID=458407) to work on /home/mani-dev/airflow/dags/utils/load_url.py
[2023-11-23T18:24:27.915+0000] {processor.py:799} INFO - Processing file /home/mani-dev/airflow/dags/utils/load_url.py for tasks to queue
[2023-11-23T18:24:27.918+0000] {logging_mixin.py:149} INFO - [2023-11-23T18:24:27.917+0000] {dagbag.py:541} INFO - Filling up the DagBag from /home/mani-dev/airflow/dags/utils/load_url.py
[2023-11-23T18:24:27.922+0000] {processor.py:811} WARNING - No viable dags retrieved from /home/mani-dev/airflow/dags/utils/load_url.py
[2023-11-23T18:24:27.975+0000] {processor.py:178} INFO - Processing /home/mani-dev/airflow/dags/utils/load_url.py took 0.106 seconds
[2023-11-23T18:24:28.262+0000] {processor.py:156} INFO - Started process (PID=458416) to work on /home/mani-dev/airflow/dags/utils/load_url.py
[2023-11-23T18:24:28.264+0000] {processor.py:799} INFO - Processing file /home/mani-dev/airflow/dags/utils/load_url.py for tasks to queue
[2023-11-23T18:24:28.266+0000] {logging_mixin.py:149} INFO - [2023-11-23T18:24:28.266+0000] {dagbag.py:541} INFO - Filling up the DagBag from /home/mani-dev/airflow/dags/utils/load_url.py
[2023-11-23T18:24:28.270+0000] {processor.py:811} WARNING - No viable dags retrieved from /home/mani-dev/airflow/dags/utils/load_url.py
[2023-11-23T18:24:28.319+0000] {processor.py:178} INFO - Processing /home/mani-dev/airflow/dags/utils/load_url.py took 0.065 seconds
[2023-11-23T18:24:58.622+0000] {processor.py:156} INFO - Started process (PID=458452) to work on /home/mani-dev/airflow/dags/utils/load_url.py
[2023-11-23T18:24:58.661+0000] {processor.py:799} INFO - Processing file /home/mani-dev/airflow/dags/utils/load_url.py for tasks to queue
[2023-11-23T18:24:58.663+0000] {logging_mixin.py:149} INFO - [2023-11-23T18:24:58.662+0000] {dagbag.py:541} INFO - Filling up the DagBag from /home/mani-dev/airflow/dags/utils/load_url.py
[2023-11-23T18:24:58.667+0000] {processor.py:811} WARNING - No viable dags retrieved from /home/mani-dev/airflow/dags/utils/load_url.py
[2023-11-23T18:24:58.725+0000] {processor.py:178} INFO - Processing /home/mani-dev/airflow/dags/utils/load_url.py took 0.111 seconds
[2023-11-23T18:24:59.088+0000] {processor.py:156} INFO - Started process (PID=458458) to work on /home/mani-dev/airflow/dags/utils/load_url.py
[2023-11-23T18:24:59.090+0000] {processor.py:799} INFO - Processing file /home/mani-dev/airflow/dags/utils/load_url.py for tasks to queue
[2023-11-23T18:24:59.092+0000] {logging_mixin.py:149} INFO - [2023-11-23T18:24:59.092+0000] {dagbag.py:541} INFO - Filling up the DagBag from /home/mani-dev/airflow/dags/utils/load_url.py
[2023-11-23T18:24:59.096+0000] {processor.py:811} WARNING - No viable dags retrieved from /home/mani-dev/airflow/dags/utils/load_url.py
[2023-11-23T18:24:59.150+0000] {processor.py:178} INFO - Processing /home/mani-dev/airflow/dags/utils/load_url.py took 0.070 seconds
[2023-11-23T18:25:29.175+0000] {processor.py:156} INFO - Started process (PID=458524) to work on /home/mani-dev/airflow/dags/utils/load_url.py
[2023-11-23T18:25:29.211+0000] {processor.py:799} INFO - Processing file /home/mani-dev/airflow/dags/utils/load_url.py for tasks to queue
[2023-11-23T18:25:29.214+0000] {logging_mixin.py:149} INFO - [2023-11-23T18:25:29.213+0000] {dagbag.py:541} INFO - Filling up the DagBag from /home/mani-dev/airflow/dags/utils/load_url.py
[2023-11-23T18:25:29.218+0000] {processor.py:811} WARNING - No viable dags retrieved from /home/mani-dev/airflow/dags/utils/load_url.py
[2023-11-23T18:25:29.280+0000] {processor.py:178} INFO - Processing /home/mani-dev/airflow/dags/utils/load_url.py took 0.113 seconds
[2023-11-23T18:25:29.957+0000] {processor.py:156} INFO - Started process (PID=458530) to work on /home/mani-dev/airflow/dags/utils/load_url.py
[2023-11-23T18:25:29.959+0000] {processor.py:799} INFO - Processing file /home/mani-dev/airflow/dags/utils/load_url.py for tasks to queue
[2023-11-23T18:25:29.961+0000] {logging_mixin.py:149} INFO - [2023-11-23T18:25:29.961+0000] {dagbag.py:541} INFO - Filling up the DagBag from /home/mani-dev/airflow/dags/utils/load_url.py
[2023-11-23T18:25:29.966+0000] {processor.py:811} WARNING - No viable dags retrieved from /home/mani-dev/airflow/dags/utils/load_url.py
[2023-11-23T18:25:30.010+0000] {processor.py:178} INFO - Processing /home/mani-dev/airflow/dags/utils/load_url.py took 0.061 seconds
[2023-11-23T18:26:00.028+0000] {processor.py:156} INFO - Started process (PID=458569) to work on /home/mani-dev/airflow/dags/utils/load_url.py
[2023-11-23T18:26:00.066+0000] {processor.py:799} INFO - Processing file /home/mani-dev/airflow/dags/utils/load_url.py for tasks to queue
[2023-11-23T18:26:00.068+0000] {logging_mixin.py:149} INFO - [2023-11-23T18:26:00.067+0000] {dagbag.py:541} INFO - Filling up the DagBag from /home/mani-dev/airflow/dags/utils/load_url.py
[2023-11-23T18:26:00.072+0000] {processor.py:811} WARNING - No viable dags retrieved from /home/mani-dev/airflow/dags/utils/load_url.py
[2023-11-23T18:26:00.123+0000] {processor.py:178} INFO - Processing /home/mani-dev/airflow/dags/utils/load_url.py took 0.103 seconds
[2023-11-23T18:26:00.812+0000] {processor.py:156} INFO - Started process (PID=458575) to work on /home/mani-dev/airflow/dags/utils/load_url.py
[2023-11-23T18:26:00.814+0000] {processor.py:799} INFO - Processing file /home/mani-dev/airflow/dags/utils/load_url.py for tasks to queue
[2023-11-23T18:26:00.816+0000] {logging_mixin.py:149} INFO - [2023-11-23T18:26:00.816+0000] {dagbag.py:541} INFO - Filling up the DagBag from /home/mani-dev/airflow/dags/utils/load_url.py
[2023-11-23T18:26:00.820+0000] {processor.py:811} WARNING - No viable dags retrieved from /home/mani-dev/airflow/dags/utils/load_url.py
[2023-11-23T18:26:00.871+0000] {processor.py:178} INFO - Processing /home/mani-dev/airflow/dags/utils/load_url.py took 0.065 seconds
[2023-11-23T18:26:30.821+0000] {processor.py:156} INFO - Started process (PID=458640) to work on /home/mani-dev/airflow/dags/utils/load_url.py
[2023-11-23T18:26:30.857+0000] {processor.py:799} INFO - Processing file /home/mani-dev/airflow/dags/utils/load_url.py for tasks to queue
[2023-11-23T18:26:30.859+0000] {logging_mixin.py:149} INFO - [2023-11-23T18:26:30.859+0000] {dagbag.py:541} INFO - Filling up the DagBag from /home/mani-dev/airflow/dags/utils/load_url.py
[2023-11-23T18:26:30.864+0000] {processor.py:811} WARNING - No viable dags retrieved from /home/mani-dev/airflow/dags/utils/load_url.py
[2023-11-23T18:26:30.920+0000] {processor.py:178} INFO - Processing /home/mani-dev/airflow/dags/utils/load_url.py took 0.107 seconds
[2023-11-23T18:26:31.280+0000] {processor.py:156} INFO - Started process (PID=458646) to work on /home/mani-dev/airflow/dags/utils/load_url.py
[2023-11-23T18:26:31.282+0000] {processor.py:799} INFO - Processing file /home/mani-dev/airflow/dags/utils/load_url.py for tasks to queue
[2023-11-23T18:26:31.285+0000] {logging_mixin.py:149} INFO - [2023-11-23T18:26:31.284+0000] {dagbag.py:541} INFO - Filling up the DagBag from /home/mani-dev/airflow/dags/utils/load_url.py
[2023-11-23T18:26:31.289+0000] {processor.py:811} WARNING - No viable dags retrieved from /home/mani-dev/airflow/dags/utils/load_url.py
[2023-11-23T18:26:31.339+0000] {processor.py:178} INFO - Processing /home/mani-dev/airflow/dags/utils/load_url.py took 0.067 seconds
[2023-11-23T18:27:01.647+0000] {processor.py:156} INFO - Started process (PID=458696) to work on /home/mani-dev/airflow/dags/utils/load_url.py
[2023-11-23T18:27:01.682+0000] {processor.py:799} INFO - Processing file /home/mani-dev/airflow/dags/utils/load_url.py for tasks to queue
[2023-11-23T18:27:01.684+0000] {logging_mixin.py:149} INFO - [2023-11-23T18:27:01.683+0000] {dagbag.py:541} INFO - Filling up the DagBag from /home/mani-dev/airflow/dags/utils/load_url.py
[2023-11-23T18:27:01.688+0000] {processor.py:811} WARNING - No viable dags retrieved from /home/mani-dev/airflow/dags/utils/load_url.py
[2023-11-23T18:27:01.737+0000] {processor.py:178} INFO - Processing /home/mani-dev/airflow/dags/utils/load_url.py took 0.097 seconds
[2023-11-23T18:27:02.093+0000] {processor.py:156} INFO - Started process (PID=458708) to work on /home/mani-dev/airflow/dags/utils/load_url.py
[2023-11-23T18:27:02.095+0000] {processor.py:799} INFO - Processing file /home/mani-dev/airflow/dags/utils/load_url.py for tasks to queue
[2023-11-23T18:27:02.097+0000] {logging_mixin.py:149} INFO - [2023-11-23T18:27:02.096+0000] {dagbag.py:541} INFO - Filling up the DagBag from /home/mani-dev/airflow/dags/utils/load_url.py
[2023-11-23T18:27:02.101+0000] {processor.py:811} WARNING - No viable dags retrieved from /home/mani-dev/airflow/dags/utils/load_url.py
[2023-11-23T18:27:02.151+0000] {processor.py:178} INFO - Processing /home/mani-dev/airflow/dags/utils/load_url.py took 0.066 seconds
[2023-11-23T18:27:32.500+0000] {processor.py:156} INFO - Started process (PID=458772) to work on /home/mani-dev/airflow/dags/utils/load_url.py
[2023-11-23T18:27:32.534+0000] {processor.py:799} INFO - Processing file /home/mani-dev/airflow/dags/utils/load_url.py for tasks to queue
[2023-11-23T18:27:32.536+0000] {logging_mixin.py:149} INFO - [2023-11-23T18:27:32.536+0000] {dagbag.py:541} INFO - Filling up the DagBag from /home/mani-dev/airflow/dags/utils/load_url.py
[2023-11-23T18:27:32.541+0000] {processor.py:811} WARNING - No viable dags retrieved from /home/mani-dev/airflow/dags/utils/load_url.py
[2023-11-23T18:27:32.587+0000] {processor.py:178} INFO - Processing /home/mani-dev/airflow/dags/utils/load_url.py took 0.093 seconds
[2023-11-23T18:27:32.946+0000] {processor.py:156} INFO - Started process (PID=458778) to work on /home/mani-dev/airflow/dags/utils/load_url.py
[2023-11-23T18:27:32.948+0000] {processor.py:799} INFO - Processing file /home/mani-dev/airflow/dags/utils/load_url.py for tasks to queue
[2023-11-23T18:27:32.950+0000] {logging_mixin.py:149} INFO - [2023-11-23T18:27:32.950+0000] {dagbag.py:541} INFO - Filling up the DagBag from /home/mani-dev/airflow/dags/utils/load_url.py
[2023-11-23T18:27:32.954+0000] {processor.py:811} WARNING - No viable dags retrieved from /home/mani-dev/airflow/dags/utils/load_url.py
[2023-11-23T18:27:33.004+0000] {processor.py:178} INFO - Processing /home/mani-dev/airflow/dags/utils/load_url.py took 0.066 seconds
[2023-11-23T18:28:03.294+0000] {processor.py:156} INFO - Started process (PID=458837) to work on /home/mani-dev/airflow/dags/utils/load_url.py
[2023-11-23T18:28:03.329+0000] {processor.py:799} INFO - Processing file /home/mani-dev/airflow/dags/utils/load_url.py for tasks to queue
[2023-11-23T18:28:03.331+0000] {logging_mixin.py:149} INFO - [2023-11-23T18:28:03.331+0000] {dagbag.py:541} INFO - Filling up the DagBag from /home/mani-dev/airflow/dags/utils/load_url.py
[2023-11-23T18:28:03.335+0000] {processor.py:811} WARNING - No viable dags retrieved from /home/mani-dev/airflow/dags/utils/load_url.py
[2023-11-23T18:28:03.384+0000] {processor.py:178} INFO - Processing /home/mani-dev/airflow/dags/utils/load_url.py took 0.097 seconds
[2023-11-23T18:28:03.747+0000] {processor.py:156} INFO - Started process (PID=458852) to work on /home/mani-dev/airflow/dags/utils/load_url.py
[2023-11-23T18:28:03.749+0000] {processor.py:799} INFO - Processing file /home/mani-dev/airflow/dags/utils/load_url.py for tasks to queue
[2023-11-23T18:28:03.751+0000] {logging_mixin.py:149} INFO - [2023-11-23T18:28:03.750+0000] {dagbag.py:541} INFO - Filling up the DagBag from /home/mani-dev/airflow/dags/utils/load_url.py
[2023-11-23T18:28:03.755+0000] {processor.py:811} WARNING - No viable dags retrieved from /home/mani-dev/airflow/dags/utils/load_url.py
[2023-11-23T18:28:03.805+0000] {processor.py:178} INFO - Processing /home/mani-dev/airflow/dags/utils/load_url.py took 0.066 seconds
[2023-11-23T18:28:34.118+0000] {processor.py:156} INFO - Started process (PID=458890) to work on /home/mani-dev/airflow/dags/utils/load_url.py
[2023-11-23T18:28:34.147+0000] {processor.py:799} INFO - Processing file /home/mani-dev/airflow/dags/utils/load_url.py for tasks to queue
[2023-11-23T18:28:34.148+0000] {logging_mixin.py:149} INFO - [2023-11-23T18:28:34.148+0000] {dagbag.py:541} INFO - Filling up the DagBag from /home/mani-dev/airflow/dags/utils/load_url.py
[2023-11-23T18:28:34.153+0000] {processor.py:811} WARNING - No viable dags retrieved from /home/mani-dev/airflow/dags/utils/load_url.py
[2023-11-23T18:28:34.201+0000] {processor.py:178} INFO - Processing /home/mani-dev/airflow/dags/utils/load_url.py took 0.091 seconds
[2023-11-23T18:28:34.232+0000] {processor.py:156} INFO - Started process (PID=458896) to work on /home/mani-dev/airflow/dags/utils/load_url.py
[2023-11-23T18:28:34.234+0000] {processor.py:799} INFO - Processing file /home/mani-dev/airflow/dags/utils/load_url.py for tasks to queue
[2023-11-23T18:28:34.236+0000] {logging_mixin.py:149} INFO - [2023-11-23T18:28:34.236+0000] {dagbag.py:541} INFO - Filling up the DagBag from /home/mani-dev/airflow/dags/utils/load_url.py
[2023-11-23T18:28:34.240+0000] {processor.py:811} WARNING - No viable dags retrieved from /home/mani-dev/airflow/dags/utils/load_url.py
[2023-11-23T18:28:34.289+0000] {processor.py:178} INFO - Processing /home/mani-dev/airflow/dags/utils/load_url.py took 0.064 seconds
[2023-11-23T18:29:04.728+0000] {processor.py:156} INFO - Started process (PID=458961) to work on /home/mani-dev/airflow/dags/utils/load_url.py
[2023-11-23T18:29:04.767+0000] {processor.py:799} INFO - Processing file /home/mani-dev/airflow/dags/utils/load_url.py for tasks to queue
[2023-11-23T18:29:04.769+0000] {logging_mixin.py:149} INFO - [2023-11-23T18:29:04.768+0000] {dagbag.py:541} INFO - Filling up the DagBag from /home/mani-dev/airflow/dags/utils/load_url.py
[2023-11-23T18:29:04.773+0000] {processor.py:811} WARNING - No viable dags retrieved from /home/mani-dev/airflow/dags/utils/load_url.py
[2023-11-23T18:29:04.828+0000] {processor.py:178} INFO - Processing /home/mani-dev/airflow/dags/utils/load_url.py took 0.108 seconds
[2023-11-23T18:29:04.906+0000] {processor.py:156} INFO - Started process (PID=458963) to work on /home/mani-dev/airflow/dags/utils/load_url.py
[2023-11-23T18:29:04.908+0000] {processor.py:799} INFO - Processing file /home/mani-dev/airflow/dags/utils/load_url.py for tasks to queue
[2023-11-23T18:29:04.910+0000] {logging_mixin.py:149} INFO - [2023-11-23T18:29:04.909+0000] {dagbag.py:541} INFO - Filling up the DagBag from /home/mani-dev/airflow/dags/utils/load_url.py
[2023-11-23T18:29:04.914+0000] {processor.py:811} WARNING - No viable dags retrieved from /home/mani-dev/airflow/dags/utils/load_url.py
[2023-11-23T18:29:04.960+0000] {processor.py:178} INFO - Processing /home/mani-dev/airflow/dags/utils/load_url.py took 0.061 seconds
[2023-11-23T18:29:35.250+0000] {processor.py:156} INFO - Started process (PID=459036) to work on /home/mani-dev/airflow/dags/utils/load_url.py
[2023-11-23T18:29:35.253+0000] {processor.py:799} INFO - Processing file /home/mani-dev/airflow/dags/utils/load_url.py for tasks to queue
[2023-11-23T18:29:35.255+0000] {logging_mixin.py:149} INFO - [2023-11-23T18:29:35.255+0000] {dagbag.py:541} INFO - Filling up the DagBag from /home/mani-dev/airflow/dags/utils/load_url.py
[2023-11-23T18:29:35.262+0000] {processor.py:811} WARNING - No viable dags retrieved from /home/mani-dev/airflow/dags/utils/load_url.py
[2023-11-23T18:29:35.329+0000] {processor.py:178} INFO - Processing /home/mani-dev/airflow/dags/utils/load_url.py took 0.086 seconds
[2023-11-23T18:29:35.445+0000] {processor.py:156} INFO - Started process (PID=459042) to work on /home/mani-dev/airflow/dags/utils/load_url.py
[2023-11-23T18:29:35.447+0000] {processor.py:799} INFO - Processing file /home/mani-dev/airflow/dags/utils/load_url.py for tasks to queue
[2023-11-23T18:29:35.451+0000] {logging_mixin.py:149} INFO - [2023-11-23T18:29:35.451+0000] {dagbag.py:541} INFO - Filling up the DagBag from /home/mani-dev/airflow/dags/utils/load_url.py
[2023-11-23T18:29:35.463+0000] {processor.py:811} WARNING - No viable dags retrieved from /home/mani-dev/airflow/dags/utils/load_url.py
[2023-11-23T18:29:35.527+0000] {processor.py:178} INFO - Processing /home/mani-dev/airflow/dags/utils/load_url.py took 0.092 seconds
[2023-11-23T18:30:05.800+0000] {processor.py:156} INFO - Started process (PID=459110) to work on /home/mani-dev/airflow/dags/utils/load_url.py
[2023-11-23T18:30:05.834+0000] {processor.py:799} INFO - Processing file /home/mani-dev/airflow/dags/utils/load_url.py for tasks to queue
[2023-11-23T18:30:05.837+0000] {logging_mixin.py:149} INFO - [2023-11-23T18:30:05.836+0000] {dagbag.py:541} INFO - Filling up the DagBag from /home/mani-dev/airflow/dags/utils/load_url.py
[2023-11-23T18:30:05.841+0000] {processor.py:811} WARNING - No viable dags retrieved from /home/mani-dev/airflow/dags/utils/load_url.py
[2023-11-23T18:30:05.899+0000] {processor.py:178} INFO - Processing /home/mani-dev/airflow/dags/utils/load_url.py took 0.108 seconds
[2023-11-23T18:30:36.416+0000] {processor.py:156} INFO - Started process (PID=459149) to work on /home/mani-dev/airflow/dags/utils/load_url.py
[2023-11-23T18:30:36.454+0000] {processor.py:799} INFO - Processing file /home/mani-dev/airflow/dags/utils/load_url.py for tasks to queue
[2023-11-23T18:30:36.456+0000] {logging_mixin.py:149} INFO - [2023-11-23T18:30:36.455+0000] {dagbag.py:541} INFO - Filling up the DagBag from /home/mani-dev/airflow/dags/utils/load_url.py
[2023-11-23T18:30:36.460+0000] {processor.py:811} WARNING - No viable dags retrieved from /home/mani-dev/airflow/dags/utils/load_url.py
[2023-11-23T18:30:36.515+0000] {processor.py:178} INFO - Processing /home/mani-dev/airflow/dags/utils/load_url.py took 0.108 seconds
[2023-11-23T18:31:07.035+0000] {processor.py:156} INFO - Started process (PID=459214) to work on /home/mani-dev/airflow/dags/utils/load_url.py
[2023-11-23T18:31:07.070+0000] {processor.py:799} INFO - Processing file /home/mani-dev/airflow/dags/utils/load_url.py for tasks to queue
[2023-11-23T18:31:07.072+0000] {logging_mixin.py:149} INFO - [2023-11-23T18:31:07.071+0000] {dagbag.py:541} INFO - Filling up the DagBag from /home/mani-dev/airflow/dags/utils/load_url.py
[2023-11-23T18:31:07.076+0000] {processor.py:811} WARNING - No viable dags retrieved from /home/mani-dev/airflow/dags/utils/load_url.py
[2023-11-23T18:31:07.128+0000] {processor.py:178} INFO - Processing /home/mani-dev/airflow/dags/utils/load_url.py took 0.101 seconds
[2023-11-23T18:31:37.931+0000] {processor.py:156} INFO - Started process (PID=459267) to work on /home/mani-dev/airflow/dags/utils/load_url.py
[2023-11-23T18:31:37.966+0000] {processor.py:799} INFO - Processing file /home/mani-dev/airflow/dags/utils/load_url.py for tasks to queue
[2023-11-23T18:31:37.968+0000] {logging_mixin.py:149} INFO - [2023-11-23T18:31:37.968+0000] {dagbag.py:541} INFO - Filling up the DagBag from /home/mani-dev/airflow/dags/utils/load_url.py
[2023-11-23T18:31:37.972+0000] {processor.py:811} WARNING - No viable dags retrieved from /home/mani-dev/airflow/dags/utils/load_url.py
[2023-11-23T18:31:38.024+0000] {processor.py:178} INFO - Processing /home/mani-dev/airflow/dags/utils/load_url.py took 0.101 seconds
[2023-11-23T18:32:08.759+0000] {processor.py:156} INFO - Started process (PID=459350) to work on /home/mani-dev/airflow/dags/utils/load_url.py
[2023-11-23T18:32:08.794+0000] {processor.py:799} INFO - Processing file /home/mani-dev/airflow/dags/utils/load_url.py for tasks to queue
[2023-11-23T18:32:08.796+0000] {logging_mixin.py:149} INFO - [2023-11-23T18:32:08.795+0000] {dagbag.py:541} INFO - Filling up the DagBag from /home/mani-dev/airflow/dags/utils/load_url.py
[2023-11-23T18:32:08.799+0000] {processor.py:811} WARNING - No viable dags retrieved from /home/mani-dev/airflow/dags/utils/load_url.py
[2023-11-23T18:32:08.849+0000] {processor.py:178} INFO - Processing /home/mani-dev/airflow/dags/utils/load_url.py took 0.098 seconds
[2023-11-23T18:32:39.516+0000] {processor.py:156} INFO - Started process (PID=459493) to work on /home/mani-dev/airflow/dags/utils/load_url.py
[2023-11-23T18:32:39.556+0000] {processor.py:799} INFO - Processing file /home/mani-dev/airflow/dags/utils/load_url.py for tasks to queue
[2023-11-23T18:32:39.558+0000] {logging_mixin.py:149} INFO - [2023-11-23T18:32:39.557+0000] {dagbag.py:541} INFO - Filling up the DagBag from /home/mani-dev/airflow/dags/utils/load_url.py
[2023-11-23T18:32:39.562+0000] {processor.py:811} WARNING - No viable dags retrieved from /home/mani-dev/airflow/dags/utils/load_url.py
[2023-11-23T18:32:39.625+0000] {processor.py:178} INFO - Processing /home/mani-dev/airflow/dags/utils/load_url.py took 0.116 seconds
[2023-11-23T18:33:10.487+0000] {processor.py:156} INFO - Started process (PID=459559) to work on /home/mani-dev/airflow/dags/utils/load_url.py
[2023-11-23T18:33:10.525+0000] {processor.py:799} INFO - Processing file /home/mani-dev/airflow/dags/utils/load_url.py for tasks to queue
[2023-11-23T18:33:10.527+0000] {logging_mixin.py:149} INFO - [2023-11-23T18:33:10.527+0000] {dagbag.py:541} INFO - Filling up the DagBag from /home/mani-dev/airflow/dags/utils/load_url.py
[2023-11-23T18:33:10.531+0000] {processor.py:811} WARNING - No viable dags retrieved from /home/mani-dev/airflow/dags/utils/load_url.py
[2023-11-23T18:33:10.590+0000] {processor.py:178} INFO - Processing /home/mani-dev/airflow/dags/utils/load_url.py took 0.110 seconds
[2023-11-23T18:33:41.407+0000] {processor.py:156} INFO - Started process (PID=459600) to work on /home/mani-dev/airflow/dags/utils/load_url.py
[2023-11-23T18:33:41.446+0000] {processor.py:799} INFO - Processing file /home/mani-dev/airflow/dags/utils/load_url.py for tasks to queue
[2023-11-23T18:33:41.448+0000] {logging_mixin.py:149} INFO - [2023-11-23T18:33:41.447+0000] {dagbag.py:541} INFO - Filling up the DagBag from /home/mani-dev/airflow/dags/utils/load_url.py
[2023-11-23T18:33:41.452+0000] {processor.py:811} WARNING - No viable dags retrieved from /home/mani-dev/airflow/dags/utils/load_url.py
[2023-11-23T18:33:41.508+0000] {processor.py:178} INFO - Processing /home/mani-dev/airflow/dags/utils/load_url.py took 0.109 seconds
