[2023-12-03T09:19:29.245+0000] {taskinstance.py:1125} INFO - Dependencies all met for dep_context=non-requeueable deps ti=<TaskInstance: dag_SFCrimes_data_bqload.load_to_bq_task manual__2023-12-03T08:29:13.603873+00:00 [queued]>
[2023-12-03T09:19:29.288+0000] {taskinstance.py:1125} INFO - Dependencies all met for dep_context=requeueable deps ti=<TaskInstance: dag_SFCrimes_data_bqload.load_to_bq_task manual__2023-12-03T08:29:13.603873+00:00 [queued]>
[2023-12-03T09:19:29.289+0000] {taskinstance.py:1331} INFO - Starting attempt 2 of 2
[2023-12-03T09:19:29.354+0000] {taskinstance.py:1350} INFO - Executing <Task(PythonOperator): load_to_bq_task> on 2023-12-03 08:29:13.603873+00:00
[2023-12-03T09:19:29.368+0000] {standard_task_runner.py:57} INFO - Started process 588540 to run task
[2023-12-03T09:19:29.387+0000] {standard_task_runner.py:84} INFO - Running: ['airflow', 'tasks', 'run', 'dag_SFCrimes_data_bqload', 'load_to_bq_task', 'manual__2023-12-03T08:29:13.603873+00:00', '--job-id', '83', '--raw', '--subdir', 'DAGS_FOLDER/dag_sf_crimes_bqload.py', '--cfg-path', '/tmp/tmpwasjygpk']
[2023-12-03T09:19:29.392+0000] {standard_task_runner.py:85} INFO - Job 83: Subtask load_to_bq_task
[2023-12-03T09:19:29.739+0000] {task_command.py:410} INFO - Running <TaskInstance: dag_SFCrimes_data_bqload.load_to_bq_task manual__2023-12-03T08:29:13.603873+00:00 [running]> on host jarvis
[2023-12-03T09:19:30.415+0000] {taskinstance.py:1568} INFO - Exporting env vars: AIRFLOW_CTX_DAG_OWNER='airflow' AIRFLOW_CTX_DAG_ID='dag_SFCrimes_data_bqload' AIRFLOW_CTX_TASK_ID='load_to_bq_task' AIRFLOW_CTX_EXECUTION_DATE='2023-12-03T08:29:13.603873+00:00' AIRFLOW_CTX_TRY_NUMBER='2' AIRFLOW_CTX_DAG_RUN_ID='manual__2023-12-03T08:29:13.603873+00:00'
[2023-12-03T09:19:32.111+0000] {taskinstance.py:1847} ERROR - Task failed with exception
Traceback (most recent call last):
  File "/usr/local/lib/python3.10/dist-packages/airflow/operators/python.py", line 181, in execute
    return_value = self.execute_callable()
  File "/usr/local/lib/python3.10/dist-packages/airflow/operators/python.py", line 198, in execute_callable
    return self.python_callable(*self.op_args, **self.op_kwargs)
  File "/home/mani-dev/airflow/dags/dag_sf_crimes_bqload.py", line 16, in load_bq_raw
    tail = now.strftime("%Y%m%d")
NameError: name 'now' is not defined
[2023-12-03T09:19:32.152+0000] {taskinstance.py:1368} INFO - Marking task as FAILED. dag_id=dag_SFCrimes_data_bqload, task_id=load_to_bq_task, execution_date=20231203T082913, start_date=20231203T091929, end_date=20231203T091932
[2023-12-03T09:19:32.242+0000] {standard_task_runner.py:104} ERROR - Failed to execute job 83 for task load_to_bq_task (name 'now' is not defined; 588540)
[2023-12-03T09:19:32.300+0000] {local_task_job_runner.py:232} INFO - Task exited with return code 1
[2023-12-03T09:19:32.420+0000] {taskinstance.py:2674} INFO - 0 downstream tasks scheduled from follow-on schedule check
