[2023-11-23T05:50:25.969+0000] {taskinstance.py:1125} INFO - Dependencies all met for dep_context=non-requeueable deps ti=<TaskInstance: dag_sf_crimes.download_data_task manual__2023-11-23T05:50:24.394233+00:00 [queued]>
[2023-11-23T05:50:25.998+0000] {taskinstance.py:1125} INFO - Dependencies all met for dep_context=requeueable deps ti=<TaskInstance: dag_sf_crimes.download_data_task manual__2023-11-23T05:50:24.394233+00:00 [queued]>
[2023-11-23T05:50:25.999+0000] {taskinstance.py:1331} INFO - Starting attempt 1 of 2
[2023-11-23T05:50:26.068+0000] {taskinstance.py:1350} INFO - Executing <Task(PythonOperator): download_data_task> on 2023-11-23 05:50:24.394233+00:00
[2023-11-23T05:50:26.076+0000] {standard_task_runner.py:57} INFO - Started process 371951 to run task
[2023-11-23T05:50:26.082+0000] {standard_task_runner.py:84} INFO - Running: ['airflow', 'tasks', 'run', 'dag_sf_crimes', 'download_data_task', 'manual__2023-11-23T05:50:24.394233+00:00', '--job-id', '628', '--raw', '--subdir', 'DAGS_FOLDER/curated/dag_sf_crimes_raw.py', '--cfg-path', '/tmp/tmpum25_fj5']
[2023-11-23T05:50:26.086+0000] {standard_task_runner.py:85} INFO - Job 628: Subtask download_data_task
[2023-11-23T05:50:26.239+0000] {task_command.py:410} INFO - Running <TaskInstance: dag_sf_crimes.download_data_task manual__2023-11-23T05:50:24.394233+00:00 [running]> on host jarvis
[2023-11-23T05:50:26.750+0000] {taskinstance.py:1568} INFO - Exporting env vars: AIRFLOW_CTX_DAG_OWNER='airflow' AIRFLOW_CTX_DAG_ID='dag_sf_crimes' AIRFLOW_CTX_TASK_ID='download_data_task' AIRFLOW_CTX_EXECUTION_DATE='2023-11-23T05:50:24.394233+00:00' AIRFLOW_CTX_TRY_NUMBER='1' AIRFLOW_CTX_DAG_RUN_ID='manual__2023-11-23T05:50:24.394233+00:00'
[2023-11-23T05:50:26.753+0000] {taskinstance.py:1847} ERROR - Task failed with exception
Traceback (most recent call last):
  File "/usr/local/lib/python3.10/dist-packages/airflow/operators/python.py", line 181, in execute
    return_value = self.execute_callable()
  File "/usr/local/lib/python3.10/dist-packages/airflow/operators/python.py", line 198, in execute_callable
    return self.python_callable(*self.op_args, **self.op_kwargs)
  File "/home/mani-dev/airflow/dags/curated/dag_sf_crimes_raw.py", line 11, in download_data
    import pandas as pd
ModuleNotFoundError: No module named 'pandas'
[2023-11-23T05:50:26.784+0000] {taskinstance.py:1368} INFO - Marking task as UP_FOR_RETRY. dag_id=dag_sf_crimes, task_id=download_data_task, execution_date=20231123T055024, start_date=20231123T055025, end_date=20231123T055026
[2023-11-23T05:50:26.858+0000] {standard_task_runner.py:104} ERROR - Failed to execute job 628 for task download_data_task (No module named 'pandas'; 371951)
[2023-11-23T05:50:26.898+0000] {local_task_job_runner.py:232} INFO - Task exited with return code 1
[2023-11-23T05:50:26.979+0000] {taskinstance.py:2674} INFO - 0 downstream tasks scheduled from follow-on schedule check
