[2023-12-04T21:05:38.345+0000] {taskinstance.py:1125} INFO - Dependencies all met for dep_context=non-requeueable deps ti=<TaskInstance: dag_SFCrimes_DimFact.tbl_curated_crime manual__2023-12-04T21:05:33.867572+00:00 [queued]>
[2023-12-04T21:05:38.379+0000] {taskinstance.py:1125} INFO - Dependencies all met for dep_context=requeueable deps ti=<TaskInstance: dag_SFCrimes_DimFact.tbl_curated_crime manual__2023-12-04T21:05:33.867572+00:00 [queued]>
[2023-12-04T21:05:38.380+0000] {taskinstance.py:1331} INFO - Starting attempt 1 of 2
[2023-12-04T21:05:38.457+0000] {taskinstance.py:1350} INFO - Executing <Task(BashOperator): tbl_curated_crime> on 2023-12-04 21:05:33.867572+00:00
[2023-12-04T21:05:38.467+0000] {standard_task_runner.py:57} INFO - Started process 968658 to run task
[2023-12-04T21:05:38.473+0000] {standard_task_runner.py:84} INFO - Running: ['airflow', 'tasks', 'run', 'dag_SFCrimes_DimFact', 'tbl_curated_crime', 'manual__2023-12-04T21:05:33.867572+00:00', '--job-id', '122', '--raw', '--subdir', 'DAGS_FOLDER/dag_sf_crimes_DimFact.py', '--cfg-path', '/tmp/tmpsedzvgxg']
[2023-12-04T21:05:38.477+0000] {standard_task_runner.py:85} INFO - Job 122: Subtask tbl_curated_crime
[2023-12-04T21:05:38.628+0000] {task_command.py:410} INFO - Running <TaskInstance: dag_SFCrimes_DimFact.tbl_curated_crime manual__2023-12-04T21:05:33.867572+00:00 [running]> on host jarvis
[2023-12-04T21:05:39.160+0000] {taskinstance.py:1568} INFO - Exporting env vars: AIRFLOW_CTX_DAG_OWNER='airflow' AIRFLOW_CTX_DAG_ID='dag_SFCrimes_DimFact' AIRFLOW_CTX_TASK_ID='tbl_curated_crime' AIRFLOW_CTX_EXECUTION_DATE='2023-12-04T21:05:33.867572+00:00' AIRFLOW_CTX_TRY_NUMBER='1' AIRFLOW_CTX_DAG_RUN_ID='manual__2023-12-04T21:05:33.867572+00:00'
[2023-12-04T21:05:39.162+0000] {subprocess.py:63} INFO - Tmp dir root location: 
 /tmp
[2023-12-04T21:05:39.163+0000] {subprocess.py:75} INFO - Running command: ['/usr/bin/bash', '-c', '/home/mani-dev/.local/bin/dbt run --select "tag:tbl_curated_crime" --profiles-dir /home/mani-dev/airflow/dags/dbt/dataengineering/profiles --project-dir /home/mani-dev/airflow/dags/dbt/dataengineering']
[2023-12-04T21:05:39.184+0000] {subprocess.py:86} INFO - Output:
[2023-12-04T21:05:49.225+0000] {subprocess.py:93} INFO - [0m21:05:49  Running with dbt=1.7.2
[2023-12-04T21:05:51.793+0000] {subprocess.py:93} INFO - [0m21:05:51  [[33mWARNING[0m]: Deprecated functionality
[2023-12-04T21:05:51.793+0000] {subprocess.py:93} INFO - The `source-paths` config has been renamed to `model-paths`. Please update your
[2023-12-04T21:05:51.794+0000] {subprocess.py:93} INFO - `dbt_project.yml` configuration to reflect this change.
[2023-12-04T21:05:51.799+0000] {subprocess.py:93} INFO - [0m21:05:51  [[33mWARNING[0m]: Deprecated functionality
[2023-12-04T21:05:51.800+0000] {subprocess.py:93} INFO - The `data-paths` config has been renamed to `seed-paths`. Please update your
[2023-12-04T21:05:51.801+0000] {subprocess.py:93} INFO - `dbt_project.yml` configuration to reflect this change.
[2023-12-04T21:05:52.808+0000] {subprocess.py:93} INFO - [0m21:05:52  Registered adapter: bigquery=1.7.2
[2023-12-04T21:05:53.021+0000] {subprocess.py:93} INFO - [0m21:05:53  [[33mWARNING[0m]: Configuration paths exist in your dbt_project.yml file which do not apply to any resources.
[2023-12-04T21:05:53.022+0000] {subprocess.py:93} INFO - There are 5 unused configuration paths:
[2023-12-04T21:05:53.022+0000] {subprocess.py:93} INFO - - models.bigquery.core.semantic
[2023-12-04T21:05:53.023+0000] {subprocess.py:93} INFO - - models.bigquery.core.raw
[2023-12-04T21:05:53.023+0000] {subprocess.py:93} INFO - - models.bigquery.core.curated
[2023-12-04T21:05:53.024+0000] {subprocess.py:93} INFO - - models.bigquery.ephemeral
[2023-12-04T21:05:53.024+0000] {subprocess.py:93} INFO - - models.bigquery
[2023-12-04T21:05:53.129+0000] {subprocess.py:93} INFO - [0m21:05:53  Found 1 model, 1 source, 0 exposures, 0 metrics, 447 macros, 0 groups, 0 semantic models
[2023-12-04T21:05:53.136+0000] {subprocess.py:93} INFO - [0m21:05:53
[2023-12-04T21:06:01.118+0000] {subprocess.py:93} INFO - [0m21:06:01  Concurrency: 4 threads (target='bq')
[2023-12-04T21:06:01.120+0000] {subprocess.py:93} INFO - [0m21:06:01
[2023-12-04T21:06:01.136+0000] {subprocess.py:93} INFO - [0m21:06:01  1 of 1 START sql incremental model SFCrimeData.tbl_curated_crime ............... [RUN]
[2023-12-04T21:06:08.967+0000] {subprocess.py:93} INFO - [0m21:06:08  1 of 1 OK created sql incremental model SFCrimeData.tbl_curated_crime .......... [[32mMERGE (164.0 rows, 447.0 KiB processed)[0m in 7.83s]
[2023-12-04T21:06:08.982+0000] {subprocess.py:93} INFO - [0m21:06:08
[2023-12-04T21:06:08.984+0000] {subprocess.py:93} INFO - [0m21:06:08  Finished running 1 incremental model in 0 hours 0 minutes and 15.84 seconds (15.84s).
[2023-12-04T21:06:09.028+0000] {subprocess.py:93} INFO - [0m21:06:09
[2023-12-04T21:06:09.030+0000] {subprocess.py:93} INFO - [0m21:06:09  [32mCompleted successfully[0m
[2023-12-04T21:06:09.032+0000] {subprocess.py:93} INFO - [0m21:06:09
[2023-12-04T21:06:09.034+0000] {subprocess.py:93} INFO - [0m21:06:09  Done. PASS=1 WARN=0 ERROR=0 SKIP=0 TOTAL=1
[2023-12-04T21:06:10.819+0000] {subprocess.py:97} INFO - Command exited with return code 0
[2023-12-04T21:06:10.948+0000] {taskinstance.py:1368} INFO - Marking task as SUCCESS. dag_id=dag_SFCrimes_DimFact, task_id=tbl_curated_crime, execution_date=20231204T210533, start_date=20231204T210538, end_date=20231204T210610
[2023-12-04T21:06:11.076+0000] {local_task_job_runner.py:232} INFO - Task exited with return code 0
[2023-12-04T21:06:11.129+0000] {taskinstance.py:2674} INFO - 0 downstream tasks scheduled from follow-on schedule check
