[2023-10-28T07:57:03.415+0000] {processor.py:156} INFO - Started process (PID=1491411) to work on /usr/local/lib/python3.10/dist-packages/airflow/example_dags/plugins/workday.py
[2023-10-28T07:57:03.417+0000] {processor.py:799} INFO - Processing file /usr/local/lib/python3.10/dist-packages/airflow/example_dags/plugins/workday.py for tasks to queue
[2023-10-28T07:57:03.419+0000] {logging_mixin.py:149} INFO - [2023-10-28T07:57:03.419+0000] {dagbag.py:541} INFO - Filling up the DagBag from /usr/local/lib/python3.10/dist-packages/airflow/example_dags/plugins/workday.py
[2023-10-28T07:57:03.425+0000] {logging_mixin.py:149} INFO - [2023-10-28T07:57:03.425+0000] {workday.py:36} WARNING - Could not import pandas. Holidays will not be considered.
[2023-10-28T07:57:03.426+0000] {processor.py:811} WARNING - No viable dags retrieved from /usr/local/lib/python3.10/dist-packages/airflow/example_dags/plugins/workday.py
[2023-10-28T07:57:03.451+0000] {processor.py:178} INFO - Processing /usr/local/lib/python3.10/dist-packages/airflow/example_dags/plugins/workday.py took 0.042 seconds
[2023-10-28T07:58:18.851+0000] {processor.py:156} INFO - Started process (PID=1491843) to work on /usr/local/lib/python3.10/dist-packages/airflow/example_dags/plugins/workday.py
[2023-10-28T07:58:18.889+0000] {processor.py:799} INFO - Processing file /usr/local/lib/python3.10/dist-packages/airflow/example_dags/plugins/workday.py for tasks to queue
[2023-10-28T07:58:18.891+0000] {logging_mixin.py:149} INFO - [2023-10-28T07:58:18.890+0000] {dagbag.py:541} INFO - Filling up the DagBag from /usr/local/lib/python3.10/dist-packages/airflow/example_dags/plugins/workday.py
[2023-10-28T07:58:18.897+0000] {logging_mixin.py:149} INFO - [2023-10-28T07:58:18.897+0000] {workday.py:36} WARNING - Could not import pandas. Holidays will not be considered.
[2023-10-28T07:58:18.898+0000] {processor.py:811} WARNING - No viable dags retrieved from /usr/local/lib/python3.10/dist-packages/airflow/example_dags/plugins/workday.py
[2023-10-28T07:58:18.925+0000] {processor.py:178} INFO - Processing /usr/local/lib/python3.10/dist-packages/airflow/example_dags/plugins/workday.py took 0.080 seconds
[2023-10-28T07:58:58.586+0000] {processor.py:156} INFO - Started process (PID=1492160) to work on /usr/local/lib/python3.10/dist-packages/airflow/example_dags/plugins/workday.py
[2023-10-28T07:58:58.622+0000] {processor.py:799} INFO - Processing file /usr/local/lib/python3.10/dist-packages/airflow/example_dags/plugins/workday.py for tasks to queue
[2023-10-28T07:58:58.625+0000] {logging_mixin.py:149} INFO - [2023-10-28T07:58:58.624+0000] {dagbag.py:541} INFO - Filling up the DagBag from /usr/local/lib/python3.10/dist-packages/airflow/example_dags/plugins/workday.py
[2023-10-28T07:58:58.631+0000] {logging_mixin.py:149} INFO - [2023-10-28T07:58:58.631+0000] {workday.py:36} WARNING - Could not import pandas. Holidays will not be considered.
[2023-10-28T07:58:58.632+0000] {processor.py:811} WARNING - No viable dags retrieved from /usr/local/lib/python3.10/dist-packages/airflow/example_dags/plugins/workday.py
[2023-10-28T07:58:58.659+0000] {processor.py:178} INFO - Processing /usr/local/lib/python3.10/dist-packages/airflow/example_dags/plugins/workday.py took 0.081 seconds
[2023-10-28T07:59:55.119+0000] {processor.py:156} INFO - Started process (PID=1492525) to work on /usr/local/lib/python3.10/dist-packages/airflow/example_dags/plugins/workday.py
[2023-10-28T07:59:55.156+0000] {processor.py:799} INFO - Processing file /usr/local/lib/python3.10/dist-packages/airflow/example_dags/plugins/workday.py for tasks to queue
[2023-10-28T07:59:55.159+0000] {logging_mixin.py:149} INFO - [2023-10-28T07:59:55.158+0000] {dagbag.py:541} INFO - Filling up the DagBag from /usr/local/lib/python3.10/dist-packages/airflow/example_dags/plugins/workday.py
[2023-10-28T07:59:55.165+0000] {logging_mixin.py:149} INFO - [2023-10-28T07:59:55.164+0000] {workday.py:36} WARNING - Could not import pandas. Holidays will not be considered.
[2023-10-28T07:59:55.166+0000] {processor.py:811} WARNING - No viable dags retrieved from /usr/local/lib/python3.10/dist-packages/airflow/example_dags/plugins/workday.py
[2023-10-28T07:59:55.193+0000] {processor.py:178} INFO - Processing /usr/local/lib/python3.10/dist-packages/airflow/example_dags/plugins/workday.py took 0.082 seconds
[2023-10-28T08:15:18.161+0000] {processor.py:156} INFO - Started process (PID=1497650) to work on /usr/local/lib/python3.10/dist-packages/airflow/example_dags/plugins/workday.py
[2023-10-28T08:15:18.196+0000] {processor.py:799} INFO - Processing file /usr/local/lib/python3.10/dist-packages/airflow/example_dags/plugins/workday.py for tasks to queue
[2023-10-28T08:15:18.198+0000] {logging_mixin.py:149} INFO - [2023-10-28T08:15:18.197+0000] {dagbag.py:541} INFO - Filling up the DagBag from /usr/local/lib/python3.10/dist-packages/airflow/example_dags/plugins/workday.py
[2023-10-28T08:15:18.202+0000] {logging_mixin.py:149} INFO - [2023-10-28T08:15:18.202+0000] {workday.py:36} WARNING - Could not import pandas. Holidays will not be considered.
[2023-10-28T08:15:18.203+0000] {processor.py:811} WARNING - No viable dags retrieved from /usr/local/lib/python3.10/dist-packages/airflow/example_dags/plugins/workday.py
[2023-10-28T08:15:18.253+0000] {processor.py:178} INFO - Processing /usr/local/lib/python3.10/dist-packages/airflow/example_dags/plugins/workday.py took 0.098 seconds
[2023-10-28T08:15:49.140+0000] {processor.py:156} INFO - Started process (PID=1498539) to work on /usr/local/lib/python3.10/dist-packages/airflow/example_dags/plugins/workday.py
[2023-10-28T08:15:49.180+0000] {processor.py:799} INFO - Processing file /usr/local/lib/python3.10/dist-packages/airflow/example_dags/plugins/workday.py for tasks to queue
[2023-10-28T08:15:49.183+0000] {logging_mixin.py:149} INFO - [2023-10-28T08:15:49.182+0000] {dagbag.py:541} INFO - Filling up the DagBag from /usr/local/lib/python3.10/dist-packages/airflow/example_dags/plugins/workday.py
[2023-10-28T08:15:49.189+0000] {logging_mixin.py:149} INFO - [2023-10-28T08:15:49.188+0000] {workday.py:36} WARNING - Could not import pandas. Holidays will not be considered.
[2023-10-28T08:15:49.190+0000] {processor.py:811} WARNING - No viable dags retrieved from /usr/local/lib/python3.10/dist-packages/airflow/example_dags/plugins/workday.py
[2023-10-28T08:15:49.247+0000] {processor.py:178} INFO - Processing /usr/local/lib/python3.10/dist-packages/airflow/example_dags/plugins/workday.py took 0.114 seconds
[2023-10-28T08:16:19.303+0000] {processor.py:156} INFO - Started process (PID=1499784) to work on /usr/local/lib/python3.10/dist-packages/airflow/example_dags/plugins/workday.py
[2023-10-28T08:16:19.344+0000] {processor.py:799} INFO - Processing file /usr/local/lib/python3.10/dist-packages/airflow/example_dags/plugins/workday.py for tasks to queue
[2023-10-28T08:16:19.346+0000] {logging_mixin.py:149} INFO - [2023-10-28T08:16:19.346+0000] {dagbag.py:541} INFO - Filling up the DagBag from /usr/local/lib/python3.10/dist-packages/airflow/example_dags/plugins/workday.py
[2023-10-28T08:16:19.352+0000] {logging_mixin.py:149} INFO - [2023-10-28T08:16:19.351+0000] {workday.py:36} WARNING - Could not import pandas. Holidays will not be considered.
[2023-10-28T08:16:19.353+0000] {processor.py:811} WARNING - No viable dags retrieved from /usr/local/lib/python3.10/dist-packages/airflow/example_dags/plugins/workday.py
[2023-10-28T08:16:19.402+0000] {processor.py:178} INFO - Processing /usr/local/lib/python3.10/dist-packages/airflow/example_dags/plugins/workday.py took 0.106 seconds
[2023-10-28T08:16:49.772+0000] {processor.py:156} INFO - Started process (PID=1500483) to work on /usr/local/lib/python3.10/dist-packages/airflow/example_dags/plugins/workday.py
[2023-10-28T08:16:49.775+0000] {processor.py:799} INFO - Processing file /usr/local/lib/python3.10/dist-packages/airflow/example_dags/plugins/workday.py for tasks to queue
[2023-10-28T08:16:49.777+0000] {logging_mixin.py:149} INFO - [2023-10-28T08:16:49.777+0000] {dagbag.py:541} INFO - Filling up the DagBag from /usr/local/lib/python3.10/dist-packages/airflow/example_dags/plugins/workday.py
[2023-10-28T08:16:49.782+0000] {logging_mixin.py:149} INFO - [2023-10-28T08:16:49.782+0000] {workday.py:36} WARNING - Could not import pandas. Holidays will not be considered.
[2023-10-28T08:16:49.783+0000] {processor.py:811} WARNING - No viable dags retrieved from /usr/local/lib/python3.10/dist-packages/airflow/example_dags/plugins/workday.py
[2023-10-28T08:16:49.835+0000] {processor.py:178} INFO - Processing /usr/local/lib/python3.10/dist-packages/airflow/example_dags/plugins/workday.py took 0.070 seconds
[2023-10-28T08:17:20.547+0000] {processor.py:156} INFO - Started process (PID=1501008) to work on /usr/local/lib/python3.10/dist-packages/airflow/example_dags/plugins/workday.py
[2023-10-28T08:17:20.585+0000] {processor.py:799} INFO - Processing file /usr/local/lib/python3.10/dist-packages/airflow/example_dags/plugins/workday.py for tasks to queue
[2023-10-28T08:17:20.587+0000] {logging_mixin.py:149} INFO - [2023-10-28T08:17:20.586+0000] {dagbag.py:541} INFO - Filling up the DagBag from /usr/local/lib/python3.10/dist-packages/airflow/example_dags/plugins/workday.py
[2023-10-28T08:17:20.592+0000] {logging_mixin.py:149} INFO - [2023-10-28T08:17:20.592+0000] {workday.py:36} WARNING - Could not import pandas. Holidays will not be considered.
[2023-10-28T08:17:20.593+0000] {processor.py:811} WARNING - No viable dags retrieved from /usr/local/lib/python3.10/dist-packages/airflow/example_dags/plugins/workday.py
[2023-10-28T08:17:20.644+0000] {processor.py:178} INFO - Processing /usr/local/lib/python3.10/dist-packages/airflow/example_dags/plugins/workday.py took 0.104 seconds
[2023-10-28T08:17:50.727+0000] {processor.py:156} INFO - Started process (PID=1501366) to work on /usr/local/lib/python3.10/dist-packages/airflow/example_dags/plugins/workday.py
[2023-10-28T08:17:50.764+0000] {processor.py:799} INFO - Processing file /usr/local/lib/python3.10/dist-packages/airflow/example_dags/plugins/workday.py for tasks to queue
[2023-10-28T08:17:50.766+0000] {logging_mixin.py:149} INFO - [2023-10-28T08:17:50.765+0000] {dagbag.py:541} INFO - Filling up the DagBag from /usr/local/lib/python3.10/dist-packages/airflow/example_dags/plugins/workday.py
[2023-10-28T08:17:50.772+0000] {logging_mixin.py:149} INFO - [2023-10-28T08:17:50.771+0000] {workday.py:36} WARNING - Could not import pandas. Holidays will not be considered.
[2023-10-28T08:17:50.773+0000] {processor.py:811} WARNING - No viable dags retrieved from /usr/local/lib/python3.10/dist-packages/airflow/example_dags/plugins/workday.py
[2023-10-28T08:17:50.819+0000] {processor.py:178} INFO - Processing /usr/local/lib/python3.10/dist-packages/airflow/example_dags/plugins/workday.py took 0.100 seconds
[2023-10-28T08:18:21.144+0000] {processor.py:156} INFO - Started process (PID=1501741) to work on /usr/local/lib/python3.10/dist-packages/airflow/example_dags/plugins/workday.py
[2023-10-28T08:18:21.165+0000] {processor.py:799} INFO - Processing file /usr/local/lib/python3.10/dist-packages/airflow/example_dags/plugins/workday.py for tasks to queue
[2023-10-28T08:18:21.167+0000] {logging_mixin.py:149} INFO - [2023-10-28T08:18:21.167+0000] {dagbag.py:541} INFO - Filling up the DagBag from /usr/local/lib/python3.10/dist-packages/airflow/example_dags/plugins/workday.py
[2023-10-28T08:18:21.173+0000] {logging_mixin.py:149} INFO - [2023-10-28T08:18:21.173+0000] {workday.py:36} WARNING - Could not import pandas. Holidays will not be considered.
[2023-10-28T08:18:21.175+0000] {processor.py:811} WARNING - No viable dags retrieved from /usr/local/lib/python3.10/dist-packages/airflow/example_dags/plugins/workday.py
[2023-10-28T08:18:21.220+0000] {processor.py:178} INFO - Processing /usr/local/lib/python3.10/dist-packages/airflow/example_dags/plugins/workday.py took 0.083 seconds
[2023-10-28T08:18:51.942+0000] {processor.py:156} INFO - Started process (PID=1502098) to work on /usr/local/lib/python3.10/dist-packages/airflow/example_dags/plugins/workday.py
[2023-10-28T08:18:51.978+0000] {processor.py:799} INFO - Processing file /usr/local/lib/python3.10/dist-packages/airflow/example_dags/plugins/workday.py for tasks to queue
[2023-10-28T08:18:51.981+0000] {logging_mixin.py:149} INFO - [2023-10-28T08:18:51.980+0000] {dagbag.py:541} INFO - Filling up the DagBag from /usr/local/lib/python3.10/dist-packages/airflow/example_dags/plugins/workday.py
[2023-10-28T08:18:51.987+0000] {logging_mixin.py:149} INFO - [2023-10-28T08:18:51.986+0000] {workday.py:36} WARNING - Could not import pandas. Holidays will not be considered.
[2023-10-28T08:18:51.988+0000] {processor.py:811} WARNING - No viable dags retrieved from /usr/local/lib/python3.10/dist-packages/airflow/example_dags/plugins/workday.py
[2023-10-28T08:18:52.036+0000] {processor.py:178} INFO - Processing /usr/local/lib/python3.10/dist-packages/airflow/example_dags/plugins/workday.py took 0.102 seconds
[2023-10-28T08:19:22.646+0000] {processor.py:156} INFO - Started process (PID=1502494) to work on /usr/local/lib/python3.10/dist-packages/airflow/example_dags/plugins/workday.py
[2023-10-28T08:19:22.681+0000] {processor.py:799} INFO - Processing file /usr/local/lib/python3.10/dist-packages/airflow/example_dags/plugins/workday.py for tasks to queue
[2023-10-28T08:19:22.683+0000] {logging_mixin.py:149} INFO - [2023-10-28T08:19:22.682+0000] {dagbag.py:541} INFO - Filling up the DagBag from /usr/local/lib/python3.10/dist-packages/airflow/example_dags/plugins/workday.py
[2023-10-28T08:19:22.688+0000] {logging_mixin.py:149} INFO - [2023-10-28T08:19:22.688+0000] {workday.py:36} WARNING - Could not import pandas. Holidays will not be considered.
[2023-10-28T08:19:22.689+0000] {processor.py:811} WARNING - No viable dags retrieved from /usr/local/lib/python3.10/dist-packages/airflow/example_dags/plugins/workday.py
[2023-10-28T08:19:22.739+0000] {processor.py:178} INFO - Processing /usr/local/lib/python3.10/dist-packages/airflow/example_dags/plugins/workday.py took 0.100 seconds
[2023-10-28T08:19:52.809+0000] {processor.py:156} INFO - Started process (PID=1502848) to work on /usr/local/lib/python3.10/dist-packages/airflow/example_dags/plugins/workday.py
[2023-10-28T08:19:52.849+0000] {processor.py:799} INFO - Processing file /usr/local/lib/python3.10/dist-packages/airflow/example_dags/plugins/workday.py for tasks to queue
[2023-10-28T08:19:52.851+0000] {logging_mixin.py:149} INFO - [2023-10-28T08:19:52.850+0000] {dagbag.py:541} INFO - Filling up the DagBag from /usr/local/lib/python3.10/dist-packages/airflow/example_dags/plugins/workday.py
[2023-10-28T08:19:52.856+0000] {logging_mixin.py:149} INFO - [2023-10-28T08:19:52.856+0000] {workday.py:36} WARNING - Could not import pandas. Holidays will not be considered.
[2023-10-28T08:19:52.857+0000] {processor.py:811} WARNING - No viable dags retrieved from /usr/local/lib/python3.10/dist-packages/airflow/example_dags/plugins/workday.py
[2023-10-28T08:19:52.911+0000] {processor.py:178} INFO - Processing /usr/local/lib/python3.10/dist-packages/airflow/example_dags/plugins/workday.py took 0.109 seconds
[2023-10-28T08:20:23.489+0000] {processor.py:156} INFO - Started process (PID=1503363) to work on /usr/local/lib/python3.10/dist-packages/airflow/example_dags/plugins/workday.py
[2023-10-28T08:20:23.526+0000] {processor.py:799} INFO - Processing file /usr/local/lib/python3.10/dist-packages/airflow/example_dags/plugins/workday.py for tasks to queue
[2023-10-28T08:20:23.528+0000] {logging_mixin.py:149} INFO - [2023-10-28T08:20:23.528+0000] {dagbag.py:541} INFO - Filling up the DagBag from /usr/local/lib/python3.10/dist-packages/airflow/example_dags/plugins/workday.py
[2023-10-28T08:20:23.534+0000] {logging_mixin.py:149} INFO - [2023-10-28T08:20:23.534+0000] {workday.py:36} WARNING - Could not import pandas. Holidays will not be considered.
[2023-10-28T08:20:23.536+0000] {processor.py:811} WARNING - No viable dags retrieved from /usr/local/lib/python3.10/dist-packages/airflow/example_dags/plugins/workday.py
[2023-10-28T08:20:23.588+0000] {processor.py:178} INFO - Processing /usr/local/lib/python3.10/dist-packages/airflow/example_dags/plugins/workday.py took 0.106 seconds
[2023-10-28T08:20:54.250+0000] {processor.py:156} INFO - Started process (PID=1503719) to work on /usr/local/lib/python3.10/dist-packages/airflow/example_dags/plugins/workday.py
[2023-10-28T08:20:54.265+0000] {processor.py:799} INFO - Processing file /usr/local/lib/python3.10/dist-packages/airflow/example_dags/plugins/workday.py for tasks to queue
[2023-10-28T08:20:54.267+0000] {logging_mixin.py:149} INFO - [2023-10-28T08:20:54.267+0000] {dagbag.py:541} INFO - Filling up the DagBag from /usr/local/lib/python3.10/dist-packages/airflow/example_dags/plugins/workday.py
[2023-10-28T08:20:54.273+0000] {logging_mixin.py:149} INFO - [2023-10-28T08:20:54.272+0000] {workday.py:36} WARNING - Could not import pandas. Holidays will not be considered.
[2023-10-28T08:20:54.274+0000] {processor.py:811} WARNING - No viable dags retrieved from /usr/local/lib/python3.10/dist-packages/airflow/example_dags/plugins/workday.py
[2023-10-28T08:20:54.321+0000] {processor.py:178} INFO - Processing /usr/local/lib/python3.10/dist-packages/airflow/example_dags/plugins/workday.py took 0.078 seconds
[2023-10-28T08:21:24.900+0000] {processor.py:156} INFO - Started process (PID=1504324) to work on /usr/local/lib/python3.10/dist-packages/airflow/example_dags/plugins/workday.py
[2023-10-28T08:21:24.902+0000] {processor.py:799} INFO - Processing file /usr/local/lib/python3.10/dist-packages/airflow/example_dags/plugins/workday.py for tasks to queue
[2023-10-28T08:21:24.904+0000] {logging_mixin.py:149} INFO - [2023-10-28T08:21:24.903+0000] {dagbag.py:541} INFO - Filling up the DagBag from /usr/local/lib/python3.10/dist-packages/airflow/example_dags/plugins/workday.py
[2023-10-28T08:21:24.910+0000] {logging_mixin.py:149} INFO - [2023-10-28T08:21:24.909+0000] {workday.py:36} WARNING - Could not import pandas. Holidays will not be considered.
[2023-10-28T08:21:24.911+0000] {processor.py:811} WARNING - No viable dags retrieved from /usr/local/lib/python3.10/dist-packages/airflow/example_dags/plugins/workday.py
[2023-10-28T08:21:24.958+0000] {processor.py:178} INFO - Processing /usr/local/lib/python3.10/dist-packages/airflow/example_dags/plugins/workday.py took 0.066 seconds
[2023-10-28T08:21:55.876+0000] {processor.py:156} INFO - Started process (PID=1505173) to work on /usr/local/lib/python3.10/dist-packages/airflow/example_dags/plugins/workday.py
[2023-10-28T08:21:55.920+0000] {processor.py:799} INFO - Processing file /usr/local/lib/python3.10/dist-packages/airflow/example_dags/plugins/workday.py for tasks to queue
[2023-10-28T08:21:55.922+0000] {logging_mixin.py:149} INFO - [2023-10-28T08:21:55.922+0000] {dagbag.py:541} INFO - Filling up the DagBag from /usr/local/lib/python3.10/dist-packages/airflow/example_dags/plugins/workday.py
[2023-10-28T08:21:55.928+0000] {logging_mixin.py:149} INFO - [2023-10-28T08:21:55.927+0000] {workday.py:36} WARNING - Could not import pandas. Holidays will not be considered.
[2023-10-28T08:21:55.929+0000] {processor.py:811} WARNING - No viable dags retrieved from /usr/local/lib/python3.10/dist-packages/airflow/example_dags/plugins/workday.py
[2023-10-28T08:21:55.978+0000] {processor.py:178} INFO - Processing /usr/local/lib/python3.10/dist-packages/airflow/example_dags/plugins/workday.py took 0.109 seconds
[2023-10-28T08:22:26.129+0000] {processor.py:156} INFO - Started process (PID=1505642) to work on /usr/local/lib/python3.10/dist-packages/airflow/example_dags/plugins/workday.py
[2023-10-28T08:22:26.164+0000] {processor.py:799} INFO - Processing file /usr/local/lib/python3.10/dist-packages/airflow/example_dags/plugins/workday.py for tasks to queue
[2023-10-28T08:22:26.166+0000] {logging_mixin.py:149} INFO - [2023-10-28T08:22:26.166+0000] {dagbag.py:541} INFO - Filling up the DagBag from /usr/local/lib/python3.10/dist-packages/airflow/example_dags/plugins/workday.py
[2023-10-28T08:22:26.172+0000] {logging_mixin.py:149} INFO - [2023-10-28T08:22:26.172+0000] {workday.py:36} WARNING - Could not import pandas. Holidays will not be considered.
[2023-10-28T08:22:26.173+0000] {processor.py:811} WARNING - No viable dags retrieved from /usr/local/lib/python3.10/dist-packages/airflow/example_dags/plugins/workday.py
[2023-10-28T08:22:26.222+0000] {processor.py:178} INFO - Processing /usr/local/lib/python3.10/dist-packages/airflow/example_dags/plugins/workday.py took 0.101 seconds
[2023-10-28T08:22:56.685+0000] {processor.py:156} INFO - Started process (PID=1506217) to work on /usr/local/lib/python3.10/dist-packages/airflow/example_dags/plugins/workday.py
[2023-10-28T08:22:56.688+0000] {processor.py:799} INFO - Processing file /usr/local/lib/python3.10/dist-packages/airflow/example_dags/plugins/workday.py for tasks to queue
[2023-10-28T08:22:56.690+0000] {logging_mixin.py:149} INFO - [2023-10-28T08:22:56.690+0000] {dagbag.py:541} INFO - Filling up the DagBag from /usr/local/lib/python3.10/dist-packages/airflow/example_dags/plugins/workday.py
[2023-10-28T08:22:56.696+0000] {logging_mixin.py:149} INFO - [2023-10-28T08:22:56.695+0000] {workday.py:36} WARNING - Could not import pandas. Holidays will not be considered.
[2023-10-28T08:22:56.697+0000] {processor.py:811} WARNING - No viable dags retrieved from /usr/local/lib/python3.10/dist-packages/airflow/example_dags/plugins/workday.py
[2023-10-28T08:22:56.743+0000] {processor.py:178} INFO - Processing /usr/local/lib/python3.10/dist-packages/airflow/example_dags/plugins/workday.py took 0.065 seconds
[2023-10-28T08:23:27.269+0000] {processor.py:156} INFO - Started process (PID=1506683) to work on /usr/local/lib/python3.10/dist-packages/airflow/example_dags/plugins/workday.py
[2023-10-28T08:23:27.271+0000] {processor.py:799} INFO - Processing file /usr/local/lib/python3.10/dist-packages/airflow/example_dags/plugins/workday.py for tasks to queue
[2023-10-28T08:23:27.273+0000] {logging_mixin.py:149} INFO - [2023-10-28T08:23:27.273+0000] {dagbag.py:541} INFO - Filling up the DagBag from /usr/local/lib/python3.10/dist-packages/airflow/example_dags/plugins/workday.py
[2023-10-28T08:23:27.279+0000] {logging_mixin.py:149} INFO - [2023-10-28T08:23:27.278+0000] {workday.py:36} WARNING - Could not import pandas. Holidays will not be considered.
[2023-10-28T08:23:27.280+0000] {processor.py:811} WARNING - No viable dags retrieved from /usr/local/lib/python3.10/dist-packages/airflow/example_dags/plugins/workday.py
[2023-10-28T08:23:27.333+0000] {processor.py:178} INFO - Processing /usr/local/lib/python3.10/dist-packages/airflow/example_dags/plugins/workday.py took 0.071 seconds
[2023-10-28T08:23:58.094+0000] {processor.py:156} INFO - Started process (PID=1507233) to work on /usr/local/lib/python3.10/dist-packages/airflow/example_dags/plugins/workday.py
[2023-10-28T08:23:58.133+0000] {processor.py:799} INFO - Processing file /usr/local/lib/python3.10/dist-packages/airflow/example_dags/plugins/workday.py for tasks to queue
[2023-10-28T08:23:58.135+0000] {logging_mixin.py:149} INFO - [2023-10-28T08:23:58.135+0000] {dagbag.py:541} INFO - Filling up the DagBag from /usr/local/lib/python3.10/dist-packages/airflow/example_dags/plugins/workday.py
[2023-10-28T08:23:58.141+0000] {logging_mixin.py:149} INFO - [2023-10-28T08:23:58.141+0000] {workday.py:36} WARNING - Could not import pandas. Holidays will not be considered.
[2023-10-28T08:23:58.143+0000] {processor.py:811} WARNING - No viable dags retrieved from /usr/local/lib/python3.10/dist-packages/airflow/example_dags/plugins/workday.py
[2023-10-28T08:23:58.200+0000] {processor.py:178} INFO - Processing /usr/local/lib/python3.10/dist-packages/airflow/example_dags/plugins/workday.py took 0.114 seconds
[2023-10-28T08:24:29.025+0000] {processor.py:156} INFO - Started process (PID=1507869) to work on /usr/local/lib/python3.10/dist-packages/airflow/example_dags/plugins/workday.py
[2023-10-28T08:24:29.068+0000] {processor.py:799} INFO - Processing file /usr/local/lib/python3.10/dist-packages/airflow/example_dags/plugins/workday.py for tasks to queue
[2023-10-28T08:24:29.070+0000] {logging_mixin.py:149} INFO - [2023-10-28T08:24:29.070+0000] {dagbag.py:541} INFO - Filling up the DagBag from /usr/local/lib/python3.10/dist-packages/airflow/example_dags/plugins/workday.py
[2023-10-28T08:24:29.076+0000] {logging_mixin.py:149} INFO - [2023-10-28T08:24:29.076+0000] {workday.py:36} WARNING - Could not import pandas. Holidays will not be considered.
[2023-10-28T08:24:29.077+0000] {processor.py:811} WARNING - No viable dags retrieved from /usr/local/lib/python3.10/dist-packages/airflow/example_dags/plugins/workday.py
[2023-10-28T08:24:29.135+0000] {processor.py:178} INFO - Processing /usr/local/lib/python3.10/dist-packages/airflow/example_dags/plugins/workday.py took 0.118 seconds
[2023-10-28T08:24:59.533+0000] {processor.py:156} INFO - Started process (PID=1508252) to work on /usr/local/lib/python3.10/dist-packages/airflow/example_dags/plugins/workday.py
[2023-10-28T08:24:59.537+0000] {processor.py:799} INFO - Processing file /usr/local/lib/python3.10/dist-packages/airflow/example_dags/plugins/workday.py for tasks to queue
[2023-10-28T08:24:59.539+0000] {logging_mixin.py:149} INFO - [2023-10-28T08:24:59.538+0000] {dagbag.py:541} INFO - Filling up the DagBag from /usr/local/lib/python3.10/dist-packages/airflow/example_dags/plugins/workday.py
[2023-10-28T08:24:59.545+0000] {logging_mixin.py:149} INFO - [2023-10-28T08:24:59.544+0000] {workday.py:36} WARNING - Could not import pandas. Holidays will not be considered.
[2023-10-28T08:24:59.546+0000] {processor.py:811} WARNING - No viable dags retrieved from /usr/local/lib/python3.10/dist-packages/airflow/example_dags/plugins/workday.py
[2023-10-28T08:24:59.594+0000] {processor.py:178} INFO - Processing /usr/local/lib/python3.10/dist-packages/airflow/example_dags/plugins/workday.py took 0.069 seconds
[2023-10-28T08:25:30.106+0000] {processor.py:156} INFO - Started process (PID=1509110) to work on /usr/local/lib/python3.10/dist-packages/airflow/example_dags/plugins/workday.py
[2023-10-28T08:25:30.145+0000] {processor.py:799} INFO - Processing file /usr/local/lib/python3.10/dist-packages/airflow/example_dags/plugins/workday.py for tasks to queue
[2023-10-28T08:25:30.147+0000] {logging_mixin.py:149} INFO - [2023-10-28T08:25:30.147+0000] {dagbag.py:541} INFO - Filling up the DagBag from /usr/local/lib/python3.10/dist-packages/airflow/example_dags/plugins/workday.py
[2023-10-28T08:25:30.153+0000] {logging_mixin.py:149} INFO - [2023-10-28T08:25:30.153+0000] {workday.py:36} WARNING - Could not import pandas. Holidays will not be considered.
[2023-10-28T08:25:30.154+0000] {processor.py:811} WARNING - No viable dags retrieved from /usr/local/lib/python3.10/dist-packages/airflow/example_dags/plugins/workday.py
[2023-10-28T08:25:30.211+0000] {processor.py:178} INFO - Processing /usr/local/lib/python3.10/dist-packages/airflow/example_dags/plugins/workday.py took 0.112 seconds
[2023-10-28T08:26:00.493+0000] {processor.py:156} INFO - Started process (PID=1509465) to work on /usr/local/lib/python3.10/dist-packages/airflow/example_dags/plugins/workday.py
[2023-10-28T08:26:00.514+0000] {processor.py:799} INFO - Processing file /usr/local/lib/python3.10/dist-packages/airflow/example_dags/plugins/workday.py for tasks to queue
[2023-10-28T08:26:00.516+0000] {logging_mixin.py:149} INFO - [2023-10-28T08:26:00.516+0000] {dagbag.py:541} INFO - Filling up the DagBag from /usr/local/lib/python3.10/dist-packages/airflow/example_dags/plugins/workday.py
[2023-10-28T08:26:00.522+0000] {logging_mixin.py:149} INFO - [2023-10-28T08:26:00.521+0000] {workday.py:36} WARNING - Could not import pandas. Holidays will not be considered.
[2023-10-28T08:26:00.523+0000] {processor.py:811} WARNING - No viable dags retrieved from /usr/local/lib/python3.10/dist-packages/airflow/example_dags/plugins/workday.py
[2023-10-28T08:26:00.571+0000] {processor.py:178} INFO - Processing /usr/local/lib/python3.10/dist-packages/airflow/example_dags/plugins/workday.py took 0.085 seconds
[2023-10-28T08:26:31.182+0000] {processor.py:156} INFO - Started process (PID=1509847) to work on /usr/local/lib/python3.10/dist-packages/airflow/example_dags/plugins/workday.py
[2023-10-28T08:26:31.240+0000] {processor.py:799} INFO - Processing file /usr/local/lib/python3.10/dist-packages/airflow/example_dags/plugins/workday.py for tasks to queue
[2023-10-28T08:26:31.242+0000] {logging_mixin.py:149} INFO - [2023-10-28T08:26:31.242+0000] {dagbag.py:541} INFO - Filling up the DagBag from /usr/local/lib/python3.10/dist-packages/airflow/example_dags/plugins/workday.py
[2023-10-28T08:26:31.248+0000] {logging_mixin.py:149} INFO - [2023-10-28T08:26:31.248+0000] {workday.py:36} WARNING - Could not import pandas. Holidays will not be considered.
[2023-10-28T08:26:31.249+0000] {processor.py:811} WARNING - No viable dags retrieved from /usr/local/lib/python3.10/dist-packages/airflow/example_dags/plugins/workday.py
[2023-10-28T08:26:31.308+0000] {processor.py:178} INFO - Processing /usr/local/lib/python3.10/dist-packages/airflow/example_dags/plugins/workday.py took 0.134 seconds
[2023-10-28T08:27:01.401+0000] {processor.py:156} INFO - Started process (PID=1510333) to work on /usr/local/lib/python3.10/dist-packages/airflow/example_dags/plugins/workday.py
[2023-10-28T08:27:01.403+0000] {processor.py:799} INFO - Processing file /usr/local/lib/python3.10/dist-packages/airflow/example_dags/plugins/workday.py for tasks to queue
[2023-10-28T08:27:01.405+0000] {logging_mixin.py:149} INFO - [2023-10-28T08:27:01.404+0000] {dagbag.py:541} INFO - Filling up the DagBag from /usr/local/lib/python3.10/dist-packages/airflow/example_dags/plugins/workday.py
[2023-10-28T08:27:01.410+0000] {logging_mixin.py:149} INFO - [2023-10-28T08:27:01.410+0000] {workday.py:36} WARNING - Could not import pandas. Holidays will not be considered.
[2023-10-28T08:27:01.411+0000] {processor.py:811} WARNING - No viable dags retrieved from /usr/local/lib/python3.10/dist-packages/airflow/example_dags/plugins/workday.py
[2023-10-28T08:27:01.462+0000] {processor.py:178} INFO - Processing /usr/local/lib/python3.10/dist-packages/airflow/example_dags/plugins/workday.py took 0.068 seconds
[2023-10-28T08:27:31.742+0000] {processor.py:156} INFO - Started process (PID=1510779) to work on /usr/local/lib/python3.10/dist-packages/airflow/example_dags/plugins/workday.py
[2023-10-28T08:27:31.777+0000] {processor.py:799} INFO - Processing file /usr/local/lib/python3.10/dist-packages/airflow/example_dags/plugins/workday.py for tasks to queue
[2023-10-28T08:27:31.779+0000] {logging_mixin.py:149} INFO - [2023-10-28T08:27:31.778+0000] {dagbag.py:541} INFO - Filling up the DagBag from /usr/local/lib/python3.10/dist-packages/airflow/example_dags/plugins/workday.py
[2023-10-28T08:27:31.784+0000] {logging_mixin.py:149} INFO - [2023-10-28T08:27:31.784+0000] {workday.py:36} WARNING - Could not import pandas. Holidays will not be considered.
[2023-10-28T08:27:31.785+0000] {processor.py:811} WARNING - No viable dags retrieved from /usr/local/lib/python3.10/dist-packages/airflow/example_dags/plugins/workday.py
[2023-10-28T08:27:31.845+0000] {processor.py:178} INFO - Processing /usr/local/lib/python3.10/dist-packages/airflow/example_dags/plugins/workday.py took 0.111 seconds
[2023-10-28T08:28:01.935+0000] {processor.py:156} INFO - Started process (PID=1511145) to work on /usr/local/lib/python3.10/dist-packages/airflow/example_dags/plugins/workday.py
[2023-10-28T08:28:01.972+0000] {processor.py:799} INFO - Processing file /usr/local/lib/python3.10/dist-packages/airflow/example_dags/plugins/workday.py for tasks to queue
[2023-10-28T08:28:01.974+0000] {logging_mixin.py:149} INFO - [2023-10-28T08:28:01.973+0000] {dagbag.py:541} INFO - Filling up the DagBag from /usr/local/lib/python3.10/dist-packages/airflow/example_dags/plugins/workday.py
[2023-10-28T08:28:01.980+0000] {logging_mixin.py:149} INFO - [2023-10-28T08:28:01.979+0000] {workday.py:36} WARNING - Could not import pandas. Holidays will not be considered.
[2023-10-28T08:28:01.981+0000] {processor.py:811} WARNING - No viable dags retrieved from /usr/local/lib/python3.10/dist-packages/airflow/example_dags/plugins/workday.py
[2023-10-28T08:28:02.034+0000] {processor.py:178} INFO - Processing /usr/local/lib/python3.10/dist-packages/airflow/example_dags/plugins/workday.py took 0.109 seconds
[2023-10-28T08:28:32.801+0000] {processor.py:156} INFO - Started process (PID=1511520) to work on /usr/local/lib/python3.10/dist-packages/airflow/example_dags/plugins/workday.py
[2023-10-28T08:28:32.841+0000] {processor.py:799} INFO - Processing file /usr/local/lib/python3.10/dist-packages/airflow/example_dags/plugins/workday.py for tasks to queue
[2023-10-28T08:28:32.843+0000] {logging_mixin.py:149} INFO - [2023-10-28T08:28:32.843+0000] {dagbag.py:541} INFO - Filling up the DagBag from /usr/local/lib/python3.10/dist-packages/airflow/example_dags/plugins/workday.py
[2023-10-28T08:28:32.849+0000] {logging_mixin.py:149} INFO - [2023-10-28T08:28:32.849+0000] {workday.py:36} WARNING - Could not import pandas. Holidays will not be considered.
[2023-10-28T08:28:32.850+0000] {processor.py:811} WARNING - No viable dags retrieved from /usr/local/lib/python3.10/dist-packages/airflow/example_dags/plugins/workday.py
[2023-10-28T08:28:32.903+0000] {processor.py:178} INFO - Processing /usr/local/lib/python3.10/dist-packages/airflow/example_dags/plugins/workday.py took 0.109 seconds
[2023-10-28T08:29:03.421+0000] {processor.py:156} INFO - Started process (PID=1511903) to work on /usr/local/lib/python3.10/dist-packages/airflow/example_dags/plugins/workday.py
[2023-10-28T08:29:03.423+0000] {processor.py:799} INFO - Processing file /usr/local/lib/python3.10/dist-packages/airflow/example_dags/plugins/workday.py for tasks to queue
[2023-10-28T08:29:03.425+0000] {logging_mixin.py:149} INFO - [2023-10-28T08:29:03.425+0000] {dagbag.py:541} INFO - Filling up the DagBag from /usr/local/lib/python3.10/dist-packages/airflow/example_dags/plugins/workday.py
[2023-10-28T08:29:03.431+0000] {logging_mixin.py:149} INFO - [2023-10-28T08:29:03.430+0000] {workday.py:36} WARNING - Could not import pandas. Holidays will not be considered.
[2023-10-28T08:29:03.432+0000] {processor.py:811} WARNING - No viable dags retrieved from /usr/local/lib/python3.10/dist-packages/airflow/example_dags/plugins/workday.py
[2023-10-28T08:29:03.484+0000] {processor.py:178} INFO - Processing /usr/local/lib/python3.10/dist-packages/airflow/example_dags/plugins/workday.py took 0.070 seconds
[2023-10-28T08:29:33.642+0000] {processor.py:156} INFO - Started process (PID=1512273) to work on /usr/local/lib/python3.10/dist-packages/airflow/example_dags/plugins/workday.py
[2023-10-28T08:29:33.680+0000] {processor.py:799} INFO - Processing file /usr/local/lib/python3.10/dist-packages/airflow/example_dags/plugins/workday.py for tasks to queue
[2023-10-28T08:29:33.682+0000] {logging_mixin.py:149} INFO - [2023-10-28T08:29:33.681+0000] {dagbag.py:541} INFO - Filling up the DagBag from /usr/local/lib/python3.10/dist-packages/airflow/example_dags/plugins/workday.py
[2023-10-28T08:29:33.687+0000] {logging_mixin.py:149} INFO - [2023-10-28T08:29:33.687+0000] {workday.py:36} WARNING - Could not import pandas. Holidays will not be considered.
[2023-10-28T08:29:33.688+0000] {processor.py:811} WARNING - No viable dags retrieved from /usr/local/lib/python3.10/dist-packages/airflow/example_dags/plugins/workday.py
[2023-10-28T08:29:33.735+0000] {processor.py:178} INFO - Processing /usr/local/lib/python3.10/dist-packages/airflow/example_dags/plugins/workday.py took 0.101 seconds
[2023-10-28T08:30:04.165+0000] {processor.py:156} INFO - Started process (PID=1512654) to work on /usr/local/lib/python3.10/dist-packages/airflow/example_dags/plugins/workday.py
[2023-10-28T08:30:04.200+0000] {processor.py:799} INFO - Processing file /usr/local/lib/python3.10/dist-packages/airflow/example_dags/plugins/workday.py for tasks to queue
[2023-10-28T08:30:04.202+0000] {logging_mixin.py:149} INFO - [2023-10-28T08:30:04.202+0000] {dagbag.py:541} INFO - Filling up the DagBag from /usr/local/lib/python3.10/dist-packages/airflow/example_dags/plugins/workday.py
[2023-10-28T08:30:04.208+0000] {logging_mixin.py:149} INFO - [2023-10-28T08:30:04.207+0000] {workday.py:36} WARNING - Could not import pandas. Holidays will not be considered.
[2023-10-28T08:30:04.209+0000] {processor.py:811} WARNING - No viable dags retrieved from /usr/local/lib/python3.10/dist-packages/airflow/example_dags/plugins/workday.py
[2023-10-28T08:30:04.259+0000] {processor.py:178} INFO - Processing /usr/local/lib/python3.10/dist-packages/airflow/example_dags/plugins/workday.py took 0.101 seconds
[2023-10-28T08:30:34.371+0000] {processor.py:156} INFO - Started process (PID=1513247) to work on /usr/local/lib/python3.10/dist-packages/airflow/example_dags/plugins/workday.py
[2023-10-28T08:30:34.413+0000] {processor.py:799} INFO - Processing file /usr/local/lib/python3.10/dist-packages/airflow/example_dags/plugins/workday.py for tasks to queue
[2023-10-28T08:30:34.415+0000] {logging_mixin.py:149} INFO - [2023-10-28T08:30:34.414+0000] {dagbag.py:541} INFO - Filling up the DagBag from /usr/local/lib/python3.10/dist-packages/airflow/example_dags/plugins/workday.py
[2023-10-28T08:30:34.421+0000] {logging_mixin.py:149} INFO - [2023-10-28T08:30:34.420+0000] {workday.py:36} WARNING - Could not import pandas. Holidays will not be considered.
[2023-10-28T08:30:34.422+0000] {processor.py:811} WARNING - No viable dags retrieved from /usr/local/lib/python3.10/dist-packages/airflow/example_dags/plugins/workday.py
[2023-10-28T08:30:34.477+0000] {processor.py:178} INFO - Processing /usr/local/lib/python3.10/dist-packages/airflow/example_dags/plugins/workday.py took 0.113 seconds
[2023-10-28T08:31:04.998+0000] {processor.py:156} INFO - Started process (PID=1513653) to work on /usr/local/lib/python3.10/dist-packages/airflow/example_dags/plugins/workday.py
[2023-10-28T08:31:05.033+0000] {processor.py:799} INFO - Processing file /usr/local/lib/python3.10/dist-packages/airflow/example_dags/plugins/workday.py for tasks to queue
[2023-10-28T08:31:05.035+0000] {logging_mixin.py:149} INFO - [2023-10-28T08:31:05.034+0000] {dagbag.py:541} INFO - Filling up the DagBag from /usr/local/lib/python3.10/dist-packages/airflow/example_dags/plugins/workday.py
[2023-10-28T08:31:05.040+0000] {logging_mixin.py:149} INFO - [2023-10-28T08:31:05.040+0000] {workday.py:36} WARNING - Could not import pandas. Holidays will not be considered.
[2023-10-28T08:31:05.041+0000] {processor.py:811} WARNING - No viable dags retrieved from /usr/local/lib/python3.10/dist-packages/airflow/example_dags/plugins/workday.py
[2023-10-28T08:31:05.087+0000] {processor.py:178} INFO - Processing /usr/local/lib/python3.10/dist-packages/airflow/example_dags/plugins/workday.py took 0.097 seconds
[2023-10-28T08:31:35.890+0000] {processor.py:156} INFO - Started process (PID=1514242) to work on /usr/local/lib/python3.10/dist-packages/airflow/example_dags/plugins/workday.py
[2023-10-28T08:31:35.925+0000] {processor.py:799} INFO - Processing file /usr/local/lib/python3.10/dist-packages/airflow/example_dags/plugins/workday.py for tasks to queue
[2023-10-28T08:31:35.927+0000] {logging_mixin.py:149} INFO - [2023-10-28T08:31:35.926+0000] {dagbag.py:541} INFO - Filling up the DagBag from /usr/local/lib/python3.10/dist-packages/airflow/example_dags/plugins/workday.py
[2023-10-28T08:31:35.933+0000] {logging_mixin.py:149} INFO - [2023-10-28T08:31:35.932+0000] {workday.py:36} WARNING - Could not import pandas. Holidays will not be considered.
[2023-10-28T08:31:35.934+0000] {processor.py:811} WARNING - No viable dags retrieved from /usr/local/lib/python3.10/dist-packages/airflow/example_dags/plugins/workday.py
[2023-10-28T08:31:35.982+0000] {processor.py:178} INFO - Processing /usr/local/lib/python3.10/dist-packages/airflow/example_dags/plugins/workday.py took 0.099 seconds
[2023-10-28T08:32:06.542+0000] {processor.py:156} INFO - Started process (PID=1514874) to work on /usr/local/lib/python3.10/dist-packages/airflow/example_dags/plugins/workday.py
[2023-10-28T08:32:06.560+0000] {processor.py:799} INFO - Processing file /usr/local/lib/python3.10/dist-packages/airflow/example_dags/plugins/workday.py for tasks to queue
[2023-10-28T08:32:06.562+0000] {logging_mixin.py:149} INFO - [2023-10-28T08:32:06.562+0000] {dagbag.py:541} INFO - Filling up the DagBag from /usr/local/lib/python3.10/dist-packages/airflow/example_dags/plugins/workday.py
[2023-10-28T08:32:06.568+0000] {logging_mixin.py:149} INFO - [2023-10-28T08:32:06.567+0000] {workday.py:36} WARNING - Could not import pandas. Holidays will not be considered.
[2023-10-28T08:32:06.569+0000] {processor.py:811} WARNING - No viable dags retrieved from /usr/local/lib/python3.10/dist-packages/airflow/example_dags/plugins/workday.py
[2023-10-28T08:32:06.618+0000] {processor.py:178} INFO - Processing /usr/local/lib/python3.10/dist-packages/airflow/example_dags/plugins/workday.py took 0.083 seconds
[2023-10-28T08:32:37.850+0000] {processor.py:156} INFO - Started process (PID=1515432) to work on /usr/local/lib/python3.10/dist-packages/airflow/example_dags/plugins/workday.py
[2023-10-28T08:32:37.885+0000] {processor.py:799} INFO - Processing file /usr/local/lib/python3.10/dist-packages/airflow/example_dags/plugins/workday.py for tasks to queue
[2023-10-28T08:32:37.887+0000] {logging_mixin.py:149} INFO - [2023-10-28T08:32:37.886+0000] {dagbag.py:541} INFO - Filling up the DagBag from /usr/local/lib/python3.10/dist-packages/airflow/example_dags/plugins/workday.py
[2023-10-28T08:32:37.893+0000] {logging_mixin.py:149} INFO - [2023-10-28T08:32:37.892+0000] {workday.py:36} WARNING - Could not import pandas. Holidays will not be considered.
[2023-10-28T08:32:37.894+0000] {processor.py:811} WARNING - No viable dags retrieved from /usr/local/lib/python3.10/dist-packages/airflow/example_dags/plugins/workday.py
[2023-10-28T08:32:37.947+0000] {processor.py:178} INFO - Processing /usr/local/lib/python3.10/dist-packages/airflow/example_dags/plugins/workday.py took 0.104 seconds
[2023-10-28T08:33:08.880+0000] {processor.py:156} INFO - Started process (PID=1516018) to work on /usr/local/lib/python3.10/dist-packages/airflow/example_dags/plugins/workday.py
[2023-10-28T08:33:08.882+0000] {processor.py:799} INFO - Processing file /usr/local/lib/python3.10/dist-packages/airflow/example_dags/plugins/workday.py for tasks to queue
[2023-10-28T08:33:08.884+0000] {logging_mixin.py:149} INFO - [2023-10-28T08:33:08.883+0000] {dagbag.py:541} INFO - Filling up the DagBag from /usr/local/lib/python3.10/dist-packages/airflow/example_dags/plugins/workday.py
[2023-10-28T08:33:08.890+0000] {logging_mixin.py:149} INFO - [2023-10-28T08:33:08.890+0000] {workday.py:36} WARNING - Could not import pandas. Holidays will not be considered.
[2023-10-28T08:33:08.891+0000] {processor.py:811} WARNING - No viable dags retrieved from /usr/local/lib/python3.10/dist-packages/airflow/example_dags/plugins/workday.py
[2023-10-28T08:33:08.948+0000] {processor.py:178} INFO - Processing /usr/local/lib/python3.10/dist-packages/airflow/example_dags/plugins/workday.py took 0.077 seconds
[2023-10-28T08:33:39.501+0000] {processor.py:156} INFO - Started process (PID=1516376) to work on /usr/local/lib/python3.10/dist-packages/airflow/example_dags/plugins/workday.py
[2023-10-28T08:33:39.504+0000] {processor.py:799} INFO - Processing file /usr/local/lib/python3.10/dist-packages/airflow/example_dags/plugins/workday.py for tasks to queue
[2023-10-28T08:33:39.506+0000] {logging_mixin.py:149} INFO - [2023-10-28T08:33:39.505+0000] {dagbag.py:541} INFO - Filling up the DagBag from /usr/local/lib/python3.10/dist-packages/airflow/example_dags/plugins/workday.py
[2023-10-28T08:33:39.512+0000] {logging_mixin.py:149} INFO - [2023-10-28T08:33:39.512+0000] {workday.py:36} WARNING - Could not import pandas. Holidays will not be considered.
[2023-10-28T08:33:39.513+0000] {processor.py:811} WARNING - No viable dags retrieved from /usr/local/lib/python3.10/dist-packages/airflow/example_dags/plugins/workday.py
[2023-10-28T08:33:39.563+0000] {processor.py:178} INFO - Processing /usr/local/lib/python3.10/dist-packages/airflow/example_dags/plugins/workday.py took 0.070 seconds
[2023-10-28T08:34:10.094+0000] {processor.py:156} INFO - Started process (PID=1516774) to work on /usr/local/lib/python3.10/dist-packages/airflow/example_dags/plugins/workday.py
[2023-10-28T08:34:10.130+0000] {processor.py:799} INFO - Processing file /usr/local/lib/python3.10/dist-packages/airflow/example_dags/plugins/workday.py for tasks to queue
[2023-10-28T08:34:10.132+0000] {logging_mixin.py:149} INFO - [2023-10-28T08:34:10.131+0000] {dagbag.py:541} INFO - Filling up the DagBag from /usr/local/lib/python3.10/dist-packages/airflow/example_dags/plugins/workday.py
[2023-10-28T08:34:10.138+0000] {logging_mixin.py:149} INFO - [2023-10-28T08:34:10.137+0000] {workday.py:36} WARNING - Could not import pandas. Holidays will not be considered.
[2023-10-28T08:34:10.139+0000] {processor.py:811} WARNING - No viable dags retrieved from /usr/local/lib/python3.10/dist-packages/airflow/example_dags/plugins/workday.py
[2023-10-28T08:34:10.190+0000] {processor.py:178} INFO - Processing /usr/local/lib/python3.10/dist-packages/airflow/example_dags/plugins/workday.py took 0.103 seconds
[2023-10-28T08:34:40.825+0000] {processor.py:156} INFO - Started process (PID=1517132) to work on /usr/local/lib/python3.10/dist-packages/airflow/example_dags/plugins/workday.py
[2023-10-28T08:34:40.862+0000] {processor.py:799} INFO - Processing file /usr/local/lib/python3.10/dist-packages/airflow/example_dags/plugins/workday.py for tasks to queue
[2023-10-28T08:34:40.864+0000] {logging_mixin.py:149} INFO - [2023-10-28T08:34:40.863+0000] {dagbag.py:541} INFO - Filling up the DagBag from /usr/local/lib/python3.10/dist-packages/airflow/example_dags/plugins/workday.py
[2023-10-28T08:34:40.870+0000] {logging_mixin.py:149} INFO - [2023-10-28T08:34:40.870+0000] {workday.py:36} WARNING - Could not import pandas. Holidays will not be considered.
[2023-10-28T08:34:40.872+0000] {processor.py:811} WARNING - No viable dags retrieved from /usr/local/lib/python3.10/dist-packages/airflow/example_dags/plugins/workday.py
[2023-10-28T08:34:40.931+0000] {processor.py:178} INFO - Processing /usr/local/lib/python3.10/dist-packages/airflow/example_dags/plugins/workday.py took 0.113 seconds
[2023-10-28T08:35:11.804+0000] {processor.py:156} INFO - Started process (PID=1517536) to work on /usr/local/lib/python3.10/dist-packages/airflow/example_dags/plugins/workday.py
[2023-10-28T08:35:11.843+0000] {processor.py:799} INFO - Processing file /usr/local/lib/python3.10/dist-packages/airflow/example_dags/plugins/workday.py for tasks to queue
[2023-10-28T08:35:11.845+0000] {logging_mixin.py:149} INFO - [2023-10-28T08:35:11.845+0000] {dagbag.py:541} INFO - Filling up the DagBag from /usr/local/lib/python3.10/dist-packages/airflow/example_dags/plugins/workday.py
[2023-10-28T08:35:11.851+0000] {logging_mixin.py:149} INFO - [2023-10-28T08:35:11.851+0000] {workday.py:36} WARNING - Could not import pandas. Holidays will not be considered.
[2023-10-28T08:35:11.852+0000] {processor.py:811} WARNING - No viable dags retrieved from /usr/local/lib/python3.10/dist-packages/airflow/example_dags/plugins/workday.py
[2023-10-28T08:35:11.906+0000] {processor.py:178} INFO - Processing /usr/local/lib/python3.10/dist-packages/airflow/example_dags/plugins/workday.py took 0.110 seconds
[2023-10-28T08:35:42.315+0000] {processor.py:156} INFO - Started process (PID=1518123) to work on /usr/local/lib/python3.10/dist-packages/airflow/example_dags/plugins/workday.py
[2023-10-28T08:35:42.317+0000] {processor.py:799} INFO - Processing file /usr/local/lib/python3.10/dist-packages/airflow/example_dags/plugins/workday.py for tasks to queue
[2023-10-28T08:35:42.319+0000] {logging_mixin.py:149} INFO - [2023-10-28T08:35:42.319+0000] {dagbag.py:541} INFO - Filling up the DagBag from /usr/local/lib/python3.10/dist-packages/airflow/example_dags/plugins/workday.py
[2023-10-28T08:35:42.325+0000] {logging_mixin.py:149} INFO - [2023-10-28T08:35:42.325+0000] {workday.py:36} WARNING - Could not import pandas. Holidays will not be considered.
[2023-10-28T08:35:42.326+0000] {processor.py:811} WARNING - No viable dags retrieved from /usr/local/lib/python3.10/dist-packages/airflow/example_dags/plugins/workday.py
[2023-10-28T08:35:42.375+0000] {processor.py:178} INFO - Processing /usr/local/lib/python3.10/dist-packages/airflow/example_dags/plugins/workday.py took 0.068 seconds
[2023-10-28T08:36:12.898+0000] {processor.py:156} INFO - Started process (PID=1518527) to work on /usr/local/lib/python3.10/dist-packages/airflow/example_dags/plugins/workday.py
[2023-10-28T08:36:12.899+0000] {processor.py:799} INFO - Processing file /usr/local/lib/python3.10/dist-packages/airflow/example_dags/plugins/workday.py for tasks to queue
[2023-10-28T08:36:12.902+0000] {logging_mixin.py:149} INFO - [2023-10-28T08:36:12.901+0000] {dagbag.py:541} INFO - Filling up the DagBag from /usr/local/lib/python3.10/dist-packages/airflow/example_dags/plugins/workday.py
[2023-10-28T08:36:12.907+0000] {logging_mixin.py:149} INFO - [2023-10-28T08:36:12.907+0000] {workday.py:36} WARNING - Could not import pandas. Holidays will not be considered.
[2023-10-28T08:36:12.909+0000] {processor.py:811} WARNING - No viable dags retrieved from /usr/local/lib/python3.10/dist-packages/airflow/example_dags/plugins/workday.py
[2023-10-28T08:36:12.961+0000] {processor.py:178} INFO - Processing /usr/local/lib/python3.10/dist-packages/airflow/example_dags/plugins/workday.py took 0.072 seconds
[2023-10-28T08:36:43.057+0000] {processor.py:156} INFO - Started process (PID=1518883) to work on /usr/local/lib/python3.10/dist-packages/airflow/example_dags/plugins/workday.py
[2023-10-28T08:36:43.096+0000] {processor.py:799} INFO - Processing file /usr/local/lib/python3.10/dist-packages/airflow/example_dags/plugins/workday.py for tasks to queue
[2023-10-28T08:36:43.098+0000] {logging_mixin.py:149} INFO - [2023-10-28T08:36:43.098+0000] {dagbag.py:541} INFO - Filling up the DagBag from /usr/local/lib/python3.10/dist-packages/airflow/example_dags/plugins/workday.py
[2023-10-28T08:36:43.104+0000] {logging_mixin.py:149} INFO - [2023-10-28T08:36:43.104+0000] {workday.py:36} WARNING - Could not import pandas. Holidays will not be considered.
[2023-10-28T08:36:43.105+0000] {processor.py:811} WARNING - No viable dags retrieved from /usr/local/lib/python3.10/dist-packages/airflow/example_dags/plugins/workday.py
[2023-10-28T08:36:43.165+0000] {processor.py:178} INFO - Processing /usr/local/lib/python3.10/dist-packages/airflow/example_dags/plugins/workday.py took 0.116 seconds
[2023-10-28T08:37:13.793+0000] {processor.py:156} INFO - Started process (PID=1519383) to work on /usr/local/lib/python3.10/dist-packages/airflow/example_dags/plugins/workday.py
[2023-10-28T08:37:13.795+0000] {processor.py:799} INFO - Processing file /usr/local/lib/python3.10/dist-packages/airflow/example_dags/plugins/workday.py for tasks to queue
[2023-10-28T08:37:13.797+0000] {logging_mixin.py:149} INFO - [2023-10-28T08:37:13.796+0000] {dagbag.py:541} INFO - Filling up the DagBag from /usr/local/lib/python3.10/dist-packages/airflow/example_dags/plugins/workday.py
[2023-10-28T08:37:13.802+0000] {logging_mixin.py:149} INFO - [2023-10-28T08:37:13.802+0000] {workday.py:36} WARNING - Could not import pandas. Holidays will not be considered.
[2023-10-28T08:37:13.803+0000] {processor.py:811} WARNING - No viable dags retrieved from /usr/local/lib/python3.10/dist-packages/airflow/example_dags/plugins/workday.py
[2023-10-28T08:37:13.856+0000] {processor.py:178} INFO - Processing /usr/local/lib/python3.10/dist-packages/airflow/example_dags/plugins/workday.py took 0.070 seconds
[2023-10-28T08:37:44.060+0000] {processor.py:156} INFO - Started process (PID=1519738) to work on /usr/local/lib/python3.10/dist-packages/airflow/example_dags/plugins/workday.py
[2023-10-28T08:37:44.097+0000] {processor.py:799} INFO - Processing file /usr/local/lib/python3.10/dist-packages/airflow/example_dags/plugins/workday.py for tasks to queue
[2023-10-28T08:37:44.099+0000] {logging_mixin.py:149} INFO - [2023-10-28T08:37:44.098+0000] {dagbag.py:541} INFO - Filling up the DagBag from /usr/local/lib/python3.10/dist-packages/airflow/example_dags/plugins/workday.py
[2023-10-28T08:37:44.104+0000] {logging_mixin.py:149} INFO - [2023-10-28T08:37:44.104+0000] {workday.py:36} WARNING - Could not import pandas. Holidays will not be considered.
[2023-10-28T08:37:44.106+0000] {processor.py:811} WARNING - No viable dags retrieved from /usr/local/lib/python3.10/dist-packages/airflow/example_dags/plugins/workday.py
[2023-10-28T08:37:44.160+0000] {processor.py:178} INFO - Processing /usr/local/lib/python3.10/dist-packages/airflow/example_dags/plugins/workday.py took 0.108 seconds
[2023-10-28T08:38:14.345+0000] {processor.py:156} INFO - Started process (PID=1520181) to work on /usr/local/lib/python3.10/dist-packages/airflow/example_dags/plugins/workday.py
[2023-10-28T08:38:14.347+0000] {processor.py:799} INFO - Processing file /usr/local/lib/python3.10/dist-packages/airflow/example_dags/plugins/workday.py for tasks to queue
[2023-10-28T08:38:14.349+0000] {logging_mixin.py:149} INFO - [2023-10-28T08:38:14.348+0000] {dagbag.py:541} INFO - Filling up the DagBag from /usr/local/lib/python3.10/dist-packages/airflow/example_dags/plugins/workday.py
[2023-10-28T08:38:14.354+0000] {logging_mixin.py:149} INFO - [2023-10-28T08:38:14.354+0000] {workday.py:36} WARNING - Could not import pandas. Holidays will not be considered.
[2023-10-28T08:38:14.355+0000] {processor.py:811} WARNING - No viable dags retrieved from /usr/local/lib/python3.10/dist-packages/airflow/example_dags/plugins/workday.py
[2023-10-28T08:38:14.406+0000] {processor.py:178} INFO - Processing /usr/local/lib/python3.10/dist-packages/airflow/example_dags/plugins/workday.py took 0.068 seconds
[2023-10-28T08:38:44.718+0000] {processor.py:156} INFO - Started process (PID=1520741) to work on /usr/local/lib/python3.10/dist-packages/airflow/example_dags/plugins/workday.py
[2023-10-28T08:38:44.756+0000] {processor.py:799} INFO - Processing file /usr/local/lib/python3.10/dist-packages/airflow/example_dags/plugins/workday.py for tasks to queue
[2023-10-28T08:38:44.758+0000] {logging_mixin.py:149} INFO - [2023-10-28T08:38:44.758+0000] {dagbag.py:541} INFO - Filling up the DagBag from /usr/local/lib/python3.10/dist-packages/airflow/example_dags/plugins/workday.py
[2023-10-28T08:38:44.764+0000] {logging_mixin.py:149} INFO - [2023-10-28T08:38:44.764+0000] {workday.py:36} WARNING - Could not import pandas. Holidays will not be considered.
[2023-10-28T08:38:44.765+0000] {processor.py:811} WARNING - No viable dags retrieved from /usr/local/lib/python3.10/dist-packages/airflow/example_dags/plugins/workday.py
[2023-10-28T08:38:44.823+0000] {processor.py:178} INFO - Processing /usr/local/lib/python3.10/dist-packages/airflow/example_dags/plugins/workday.py took 0.112 seconds
[2023-10-28T08:39:15.101+0000] {processor.py:156} INFO - Started process (PID=1521268) to work on /usr/local/lib/python3.10/dist-packages/airflow/example_dags/plugins/workday.py
[2023-10-28T08:39:15.102+0000] {processor.py:799} INFO - Processing file /usr/local/lib/python3.10/dist-packages/airflow/example_dags/plugins/workday.py for tasks to queue
[2023-10-28T08:39:15.104+0000] {logging_mixin.py:149} INFO - [2023-10-28T08:39:15.104+0000] {dagbag.py:541} INFO - Filling up the DagBag from /usr/local/lib/python3.10/dist-packages/airflow/example_dags/plugins/workday.py
[2023-10-28T08:39:15.110+0000] {logging_mixin.py:149} INFO - [2023-10-28T08:39:15.110+0000] {workday.py:36} WARNING - Could not import pandas. Holidays will not be considered.
[2023-10-28T08:39:15.111+0000] {processor.py:811} WARNING - No viable dags retrieved from /usr/local/lib/python3.10/dist-packages/airflow/example_dags/plugins/workday.py
[2023-10-28T08:39:15.158+0000] {processor.py:178} INFO - Processing /usr/local/lib/python3.10/dist-packages/airflow/example_dags/plugins/workday.py took 0.066 seconds
[2023-10-28T08:39:45.513+0000] {processor.py:156} INFO - Started process (PID=1521671) to work on /usr/local/lib/python3.10/dist-packages/airflow/example_dags/plugins/workday.py
[2023-10-28T08:39:45.555+0000] {processor.py:799} INFO - Processing file /usr/local/lib/python3.10/dist-packages/airflow/example_dags/plugins/workday.py for tasks to queue
[2023-10-28T08:39:45.557+0000] {logging_mixin.py:149} INFO - [2023-10-28T08:39:45.556+0000] {dagbag.py:541} INFO - Filling up the DagBag from /usr/local/lib/python3.10/dist-packages/airflow/example_dags/plugins/workday.py
[2023-10-28T08:39:45.563+0000] {logging_mixin.py:149} INFO - [2023-10-28T08:39:45.562+0000] {workday.py:36} WARNING - Could not import pandas. Holidays will not be considered.
[2023-10-28T08:39:45.564+0000] {processor.py:811} WARNING - No viable dags retrieved from /usr/local/lib/python3.10/dist-packages/airflow/example_dags/plugins/workday.py
[2023-10-28T08:39:45.617+0000] {processor.py:178} INFO - Processing /usr/local/lib/python3.10/dist-packages/airflow/example_dags/plugins/workday.py took 0.111 seconds
