[2023-11-23T05:37:39.725+0000] {taskinstance.py:1125} INFO - Dependencies all met for dep_context=non-requeueable deps ti=<TaskInstance: dag_sf_crimes.execute_python_task scheduled__2023-11-22T17:00:00+00:00 [queued]>
[2023-11-23T05:37:39.756+0000] {taskinstance.py:1125} INFO - Dependencies all met for dep_context=requeueable deps ti=<TaskInstance: dag_sf_crimes.execute_python_task scheduled__2023-11-22T17:00:00+00:00 [queued]>
[2023-11-23T05:37:39.757+0000] {taskinstance.py:1331} INFO - Starting attempt 1 of 2
[2023-11-23T05:37:39.802+0000] {taskinstance.py:1350} INFO - Executing <Task(PythonOperator): execute_python_task> on 2023-11-22 17:00:00+00:00
[2023-11-23T05:37:39.811+0000] {standard_task_runner.py:57} INFO - Started process 369798 to run task
[2023-11-23T05:37:39.817+0000] {standard_task_runner.py:84} INFO - Running: ['airflow', 'tasks', 'run', 'dag_sf_crimes', 'execute_python_task', 'scheduled__2023-11-22T17:00:00+00:00', '--job-id', '621', '--raw', '--subdir', 'DAGS_FOLDER/curated/dag_sf_crimes_raw.py', '--cfg-path', '/tmp/tmph2rojjci']
[2023-11-23T05:37:39.822+0000] {standard_task_runner.py:85} INFO - Job 621: Subtask execute_python_task
[2023-11-23T05:37:39.979+0000] {task_command.py:410} INFO - Running <TaskInstance: dag_sf_crimes.execute_python_task scheduled__2023-11-22T17:00:00+00:00 [running]> on host jarvis
[2023-11-23T05:37:40.479+0000] {taskinstance.py:1568} INFO - Exporting env vars: AIRFLOW_CTX_DAG_OWNER='airflow' AIRFLOW_CTX_DAG_ID='dag_sf_crimes' AIRFLOW_CTX_TASK_ID='execute_python_task' AIRFLOW_CTX_EXECUTION_DATE='2023-11-22T17:00:00+00:00' AIRFLOW_CTX_TRY_NUMBER='1' AIRFLOW_CTX_DAG_RUN_ID='scheduled__2023-11-22T17:00:00+00:00'
[2023-11-23T05:37:40.480+0000] {logging_mixin.py:149} INFO - Executing my Python function!
[2023-11-23T05:37:40.481+0000] {python.py:183} INFO - Done. Returned value was: None
[2023-11-23T05:37:40.517+0000] {taskinstance.py:1368} INFO - Marking task as SUCCESS. dag_id=dag_sf_crimes, task_id=execute_python_task, execution_date=20231122T170000, start_date=20231123T053739, end_date=20231123T053740
[2023-11-23T05:37:40.599+0000] {local_task_job_runner.py:232} INFO - Task exited with return code 0
[2023-11-23T05:37:40.667+0000] {taskinstance.py:2674} INFO - 1 downstream tasks scheduled from follow-on schedule check
[2023-11-23T05:39:11.959+0000] {taskinstance.py:1125} INFO - Dependencies all met for dep_context=non-requeueable deps ti=<TaskInstance: dag_sf_crimes.execute_python_task scheduled__2023-11-22T17:00:00+00:00 [queued]>
[2023-11-23T05:39:12.020+0000] {taskinstance.py:1125} INFO - Dependencies all met for dep_context=requeueable deps ti=<TaskInstance: dag_sf_crimes.execute_python_task scheduled__2023-11-22T17:00:00+00:00 [queued]>
[2023-11-23T05:39:12.021+0000] {taskinstance.py:1331} INFO - Starting attempt 1 of 2
[2023-11-23T05:39:12.111+0000] {taskinstance.py:1350} INFO - Executing <Task(PythonOperator): execute_python_task> on 2023-11-22 17:00:00+00:00
[2023-11-23T05:39:12.121+0000] {standard_task_runner.py:57} INFO - Started process 370198 to run task
[2023-11-23T05:39:12.127+0000] {standard_task_runner.py:84} INFO - Running: ['airflow', 'tasks', 'run', 'dag_sf_crimes', 'execute_python_task', 'scheduled__2023-11-22T17:00:00+00:00', '--job-id', '625', '--raw', '--subdir', 'DAGS_FOLDER/curated/dag_sf_crimes_raw.py', '--cfg-path', '/tmp/tmp0rmti486']
[2023-11-23T05:39:12.130+0000] {standard_task_runner.py:85} INFO - Job 625: Subtask execute_python_task
[2023-11-23T05:39:12.284+0000] {task_command.py:410} INFO - Running <TaskInstance: dag_sf_crimes.execute_python_task scheduled__2023-11-22T17:00:00+00:00 [running]> on host jarvis
[2023-11-23T05:39:12.781+0000] {taskinstance.py:1568} INFO - Exporting env vars: AIRFLOW_CTX_DAG_OWNER='airflow' AIRFLOW_CTX_DAG_ID='dag_sf_crimes' AIRFLOW_CTX_TASK_ID='execute_python_task' AIRFLOW_CTX_EXECUTION_DATE='2023-11-22T17:00:00+00:00' AIRFLOW_CTX_TRY_NUMBER='1' AIRFLOW_CTX_DAG_RUN_ID='scheduled__2023-11-22T17:00:00+00:00'
[2023-11-23T05:39:12.782+0000] {logging_mixin.py:149} INFO - Executing my Python function!
[2023-11-23T05:39:12.783+0000] {python.py:183} INFO - Done. Returned value was: None
[2023-11-23T05:39:12.819+0000] {taskinstance.py:1368} INFO - Marking task as SUCCESS. dag_id=dag_sf_crimes, task_id=execute_python_task, execution_date=20231122T170000, start_date=20231123T053911, end_date=20231123T053912
[2023-11-23T05:39:12.902+0000] {local_task_job_runner.py:232} INFO - Task exited with return code 0
[2023-11-23T05:39:12.972+0000] {taskinstance.py:2674} INFO - 1 downstream tasks scheduled from follow-on schedule check
